io_uring_cmd-bdev_xnvme: (g=0): rw=randread, bs=(R) 512B-512B, (W) 512B-512B, (T) 512B-512B, ioengine=spdk_bdev, iodepth=1
fio-3.32-75-gc470
Starting 1 thread
{
  "fio version" : "fio-3.32-75-gc470",
  "timestamp" : 1667166906,
  "timestamp_ms" : 1667166906455,
  "time" : "Sun Oct 30 16:55:06 2022",
  "jobs" : [
    {
      "jobname" : "io_uring_cmd-bdev_xnvme",
      "groupid" : 0,
      "error" : 0,
      "eta" : 0,
      "elapsed" : 11,
      "job options" : {
        "name" : "io_uring_cmd-bdev_xnvme",
        "rw" : "randread",
        "size" : "12G",
        "iodepth" : "1",
        "bs" : "512",
        "direct" : "0",
        "thread" : "1",
        "time_based" : "1",
        "runtime" : "7",
        "ramp_time" : "3",
        "norandommap" : "1",
        "allow_file_create" : "0",
        "ioengine" : "spdk_bdev",
        "spdk_conf" : "/tmp/spdk_bdev_xnvme_io_uring_cmd.conf",
        "filename" : "Nvme0n1",
        "cpus_allowed" : "1"
      },
      "read" : {
        "io_bytes" : 361466880,
        "io_kbytes" : 352995,
        "bw_bytes" : 51638125,
        "bw" : 50427,
        "iops" : 100855.714286,
        "runtime" : 7000,
        "total_ios" : 705990,
        "short_ios" : 0,
        "drop_ios" : 0,
        "slat_ns" : {
          "min" : 186,
          "max" : 2334,
          "mean" : 233.782786,
          "stddev" : 19.877131,
          "N" : 705990
        },
        "clat_ns" : {
          "min" : 8340,
          "max" : 18594,
          "mean" : 9537.594734,
          "stddev" : 164.018397,
          "N" : 705990,
          "percentile" : {
            "1.000000" : 9152,
            "5.000000" : 9280,
            "10.000000" : 9280,
            "20.000000" : 9408,
            "30.000000" : 9408,
            "40.000000" : 9536,
            "50.000000" : 9536,
            "60.000000" : 9536,
            "70.000000" : 9664,
            "80.000000" : 9664,
            "90.000000" : 9792,
            "95.000000" : 9792,
            "99.000000" : 9920,
            "99.500000" : 9920,
            "99.900000" : 10048,
            "99.950000" : 10560,
            "99.990000" : 11200
          }
        },
        "lat_ns" : {
          "min" : 9285,
          "max" : 18814,
          "mean" : 9771.377520,
          "stddev" : 164.901849,
          "N" : 705990
        },
        "bw_min" : 50152,
        "bw_max" : 50725,
        "bw_agg" : 100.000000,
        "bw_mean" : 50443.571429,
        "bw_dev" : 182.175196,
        "bw_samples" : 14,
        "iops_min" : 100304,
        "iops_max" : 101450,
        "iops_mean" : 100887.142857,
        "iops_stddev" : 364.350393,
        "iops_samples" : 14
      },
      "write" : {
        "io_bytes" : 0,
        "io_kbytes" : 0,
        "bw_bytes" : 0,
        "bw" : 0,
        "iops" : 0.000000,
        "runtime" : 0,
        "total_ios" : 0,
        "short_ios" : 0,
        "drop_ios" : 0,
        "slat_ns" : {
          "min" : 0,
          "max" : 0,
          "mean" : 0.000000,
          "stddev" : 0.000000,
          "N" : 0
        },
        "clat_ns" : {
          "min" : 0,
          "max" : 0,
          "mean" : 0.000000,
          "stddev" : 0.000000,
          "N" : 0
        },
        "lat_ns" : {
          "min" : 0,
          "max" : 0,
          "mean" : 0.000000,
          "stddev" : 0.000000,
          "N" : 0
        },
        "bw_min" : 0,
        "bw_max" : 0,
        "bw_agg" : 0.000000,
        "bw_mean" : 0.000000,
        "bw_dev" : 0.000000,
        "bw_samples" : 0,
        "iops_min" : 0,
        "iops_max" : 0,
        "iops_mean" : 0.000000,
        "iops_stddev" : 0.000000,
        "iops_samples" : 0
      },
      "trim" : {
        "io_bytes" : 0,
        "io_kbytes" : 0,
        "bw_bytes" : 0,
        "bw" : 0,
        "iops" : 0.000000,
        "runtime" : 0,
        "total_ios" : 0,
        "short_ios" : 0,
        "drop_ios" : 0,
        "slat_ns" : {
          "min" : 0,
          "max" : 0,
          "mean" : 0.000000,
          "stddev" : 0.000000,
          "N" : 0
        },
        "clat_ns" : {
          "min" : 0,
          "max" : 0,
          "mean" : 0.000000,
          "stddev" : 0.000000,
          "N" : 0
        },
        "lat_ns" : {
          "min" : 0,
          "max" : 0,
          "mean" : 0.000000,
          "stddev" : 0.000000,
          "N" : 0
        },
        "bw_min" : 0,
        "bw_max" : 0,
        "bw_agg" : 0.000000,
        "bw_mean" : 0.000000,
        "bw_dev" : 0.000000,
        "bw_samples" : 0,
        "iops_min" : 0,
        "iops_max" : 0,
        "iops_mean" : 0.000000,
        "iops_stddev" : 0.000000,
        "iops_samples" : 0
      },
      "sync" : {
        "total_ios" : 0,
        "lat_ns" : {
          "min" : 0,
          "max" : 0,
          "mean" : 0.000000,
          "stddev" : 0.000000,
          "N" : 0
        }
      },
      "job_runtime" : 7000,
      "usr_cpu" : 99.985714,
      "sys_cpu" : 0.000000,
      "ctx" : 11,
      "majf" : 0,
      "minf" : 0,
      "iodepth_level" : {
        "1" : 100.000000,
        "2" : 0.000000,
        "4" : 0.000000,
        "8" : 0.000000,
        "16" : 0.000000,
        "32" : 0.000000,
        ">=64" : 0.000000
      },
      "iodepth_submit" : {
        "0" : 0.000000,
        "4" : 100.000000,
        "8" : 0.000000,
        "16" : 0.000000,
        "32" : 0.000000,
        "64" : 0.000000,
        ">=64" : 0.000000
      },
      "iodepth_complete" : {
        "0" : 0.000000,
        "4" : 100.000000,
        "8" : 0.000000,
        "16" : 0.000000,
        "32" : 0.000000,
        "64" : 0.000000,
        ">=64" : 0.000000
      },
      "latency_ns" : {
        "2" : 0.000000,
        "4" : 0.000000,
        "10" : 0.000000,
        "20" : 0.000000,
        "50" : 0.000000,
        "100" : 0.000000,
        "250" : 0.000000,
        "500" : 0.000000,
        "750" : 0.000000,
        "1000" : 0.000000
      },
      "latency_us" : {
        "2" : 0.000000,
        "4" : 0.000000,
        "10" : 99.838241,
        "20" : 0.161759,
        "50" : 0.000000,
        "100" : 0.000000,
        "250" : 0.000000,
        "500" : 0.000000,
        "750" : 0.000000,
        "1000" : 0.000000
      },
      "latency_ms" : {
        "2" : 0.000000,
        "4" : 0.000000,
        "10" : 0.000000,
        "20" : 0.000000,
        "50" : 0.000000,
        "100" : 0.000000,
        "250" : 0.000000,
        "500" : 0.000000,
        "750" : 0.000000,
        "1000" : 0.000000,
        "2000" : 0.000000,
        ">=2000" : 0.000000
      },
      "latency_depth" : 1,
      "latency_target" : 0,
      "latency_percentile" : 100.000000,
      "latency_window" : 0
    }
  ]
}

io_uring_cmd-bdev_xnvme: (groupid=0, jobs=1): err= 0: pid=39367: Sun Oct 30 16:55:06 2022
  read: IOPS=101k, BW=49.2MiB/s (51.6MB/s)(345MiB/7000msec)
    slat (nsec): min=186, max=2334, avg=233.78, stdev=19.88
    clat (nsec): min=8340, max=18594, avg=9537.59, stdev=164.02
     lat (nsec): min=9285, max=18814, avg=9771.38, stdev=164.90
    clat percentiles (nsec):
     |  1.00th=[ 9152],  5.00th=[ 9280], 10.00th=[ 9280], 20.00th=[ 9408],
     | 30.00th=[ 9408], 40.00th=[ 9536], 50.00th=[ 9536], 60.00th=[ 9536],
     | 70.00th=[ 9664], 80.00th=[ 9664], 90.00th=[ 9792], 95.00th=[ 9792],
     | 99.00th=[ 9920], 99.50th=[ 9920], 99.90th=[10048], 99.95th=[10560],
     | 99.99th=[11200]
   bw (  KiB/s): min=50152, max=50725, per=100.00%, avg=50443.57, stdev=182.18, samples=14
   iops        : min=100304, max=101450, avg=100887.14, stdev=364.35, samples=14
  lat (usec)   : 10=99.84%, 20=0.16%
  cpu          : usr=99.99%, sys=0.00%, ctx=11, majf=0, minf=0
  IO depths    : 1=100.0%, 2=0.0%, 4=0.0%, 8=0.0%, 16=0.0%, 32=0.0%, >=64=0.0%
     submit    : 0=0.0%, 4=100.0%, 8=0.0%, 16=0.0%, 32=0.0%, 64=0.0%, >=64=0.0%
     complete  : 0=0.0%, 4=100.0%, 8=0.0%, 16=0.0%, 32=0.0%, 64=0.0%, >=64=0.0%
     issued rwts: total=705990,0,0,0 short=0,0,0,0 dropped=0,0,0,0
     latency   : target=0, window=0, percentile=100.00%, depth=1

Run status group 0 (all jobs):
   READ: bw=49.2MiB/s (51.6MB/s), 49.2MiB/s-49.2MiB/s (51.6MB/s-51.6MB/s), io=345MiB (361MB), run=7000-7000msec
