io_uring_cmd-xnvme: (g=0): rw=randread, bs=(R) 512B-512B, (W) 512B-512B, (T) 512B-512B, ioengine=xnvme, iodepth=1
fio-3.32-dirty
Starting 1 thread
{
  "fio version" : "fio-3.32-dirty",
  "timestamp" : 1666794132,
  "timestamp_ms" : 1666794132345,
  "time" : "Wed Oct 26 16:22:12 2022",
  "jobs" : [
    {
      "jobname" : "io_uring_cmd-xnvme",
      "groupid" : 0,
      "error" : 0,
      "eta" : 0,
      "elapsed" : 11,
      "job options" : {
        "name" : "io_uring_cmd-xnvme",
        "rw" : "randread",
        "size" : "12G",
        "iodepth" : "1",
        "bs" : "512",
        "direct" : "0",
        "thread" : "1",
        "time_based" : "1",
        "runtime" : "7",
        "ramp_time" : "3",
        "norandommap" : "1",
        "allow_file_create" : "0",
        "ioengine" : "external:/usr/local/lib/x86_64-linux-gnu/libxnvme-fio-engine.so",
        "xnvme_be" : "linux",
        "xnvme_async" : "io_uring_cmd",
        "xnvme_sync" : "nvme",
        "xnvme_admin" : "nvme",
        "xnvme_dev_nsid" : "1",
        "filename" : "/dev/ng0n1",
        "cpus_allowed" : "1"
      },
      "read" : {
        "io_bytes" : 397138944,
        "io_kbytes" : 387831,
        "bw_bytes" : 56726031,
        "bw" : 55396,
        "iops" : 110793.029567,
        "runtime" : 7001,
        "total_ios" : 775662,
        "short_ios" : 0,
        "drop_ios" : 0,
        "slat_ns" : {
          "min" : 1372,
          "max" : 8667,
          "mean" : 1480.571777,
          "stddev" : 56.550046,
          "N" : 775662
        },
        "clat_ns" : {
          "min" : 3296,
          "max" : 101340,
          "mean" : 7258.285960,
          "stddev" : 989.577751,
          "N" : 775662,
          "percentile" : {
            "1.000000" : 6752,
            "5.000000" : 7008,
            "10.000000" : 7008,
            "20.000000" : 7072,
            "30.000000" : 7072,
            "40.000000" : 7136,
            "50.000000" : 7136,
            "60.000000" : 7200,
            "70.000000" : 7200,
            "80.000000" : 7264,
            "90.000000" : 7328,
            "95.000000" : 7456,
            "99.000000" : 10688,
            "99.500000" : 13632,
            "99.900000" : 15680,
            "99.950000" : 15936,
            "99.990000" : 58624
          }
        },
        "lat_ns" : {
          "min" : 7234,
          "max" : 102812,
          "mean" : 8738.857737,
          "stddev" : 992.142862,
          "N" : 775662
        },
        "bw_min" : 55233,
        "bw_max" : 55570,
        "bw_agg" : 100.000000,
        "bw_mean" : 55406.500000,
        "bw_dev" : 112.537002,
        "bw_samples" : 14,
        "iops_min" : 110466,
        "iops_max" : 111140,
        "iops_mean" : 110813.000000,
        "iops_stddev" : 225.074005,
        "iops_samples" : 14
      },
      "write" : {
        "io_bytes" : 0,
        "io_kbytes" : 0,
        "bw_bytes" : 0,
        "bw" : 0,
        "iops" : 0.000000,
        "runtime" : 0,
        "total_ios" : 0,
        "short_ios" : 0,
        "drop_ios" : 0,
        "slat_ns" : {
          "min" : 0,
          "max" : 0,
          "mean" : 0.000000,
          "stddev" : 0.000000,
          "N" : 0
        },
        "clat_ns" : {
          "min" : 0,
          "max" : 0,
          "mean" : 0.000000,
          "stddev" : 0.000000,
          "N" : 0
        },
        "lat_ns" : {
          "min" : 0,
          "max" : 0,
          "mean" : 0.000000,
          "stddev" : 0.000000,
          "N" : 0
        },
        "bw_min" : 0,
        "bw_max" : 0,
        "bw_agg" : 0.000000,
        "bw_mean" : 0.000000,
        "bw_dev" : 0.000000,
        "bw_samples" : 0,
        "iops_min" : 0,
        "iops_max" : 0,
        "iops_mean" : 0.000000,
        "iops_stddev" : 0.000000,
        "iops_samples" : 0
      },
      "trim" : {
        "io_bytes" : 0,
        "io_kbytes" : 0,
        "bw_bytes" : 0,
        "bw" : 0,
        "iops" : 0.000000,
        "runtime" : 0,
        "total_ios" : 0,
        "short_ios" : 0,
        "drop_ios" : 0,
        "slat_ns" : {
          "min" : 0,
          "max" : 0,
          "mean" : 0.000000,
          "stddev" : 0.000000,
          "N" : 0
        },
        "clat_ns" : {
          "min" : 0,
          "max" : 0,
          "mean" : 0.000000,
          "stddev" : 0.000000,
          "N" : 0
        },
        "lat_ns" : {
          "min" : 0,
          "max" : 0,
          "mean" : 0.000000,
          "stddev" : 0.000000,
          "N" : 0
        },
        "bw_min" : 0,
        "bw_max" : 0,
        "bw_agg" : 0.000000,
        "bw_mean" : 0.000000,
        "bw_dev" : 0.000000,
        "bw_samples" : 0,
        "iops_min" : 0,
        "iops_max" : 0,
        "iops_mean" : 0.000000,
        "iops_stddev" : 0.000000,
        "iops_samples" : 0
      },
      "sync" : {
        "total_ios" : 0,
        "lat_ns" : {
          "min" : 0,
          "max" : 0,
          "mean" : 0.000000,
          "stddev" : 0.000000,
          "N" : 0
        }
      },
      "job_runtime" : 7000,
      "usr_cpu" : 10.914286,
      "sys_cpu" : 32.842857,
      "ctx" : 775667,
      "majf" : 0,
      "minf" : 1,
      "iodepth_level" : {
        "1" : 100.000000,
        "2" : 0.000000,
        "4" : 0.000000,
        "8" : 0.000000,
        "16" : 0.000000,
        "32" : 0.000000,
        ">=64" : 0.000000
      },
      "iodepth_submit" : {
        "0" : 0.000000,
        "4" : 100.000000,
        "8" : 0.000000,
        "16" : 0.000000,
        "32" : 0.000000,
        "64" : 0.000000,
        ">=64" : 0.000000
      },
      "iodepth_complete" : {
        "0" : 0.000000,
        "4" : 100.000000,
        "8" : 0.000000,
        "16" : 0.000000,
        "32" : 0.000000,
        "64" : 0.000000,
        ">=64" : 0.000000
      },
      "latency_ns" : {
        "2" : 0.000000,
        "4" : 0.000000,
        "10" : 0.000000,
        "20" : 0.000000,
        "50" : 0.000000,
        "100" : 0.000000,
        "250" : 0.000000,
        "500" : 0.000000,
        "750" : 0.000000,
        "1000" : 0.000000
      },
      "latency_us" : {
        "2" : 0.000000,
        "4" : 0.010000,
        "10" : 98.591139,
        "20" : 1.391328,
        "50" : 0.010000,
        "100" : 0.014310,
        "250" : 0.010000,
        "500" : 0.000000,
        "750" : 0.000000,
        "1000" : 0.000000
      },
      "latency_ms" : {
        "2" : 0.000000,
        "4" : 0.000000,
        "10" : 0.000000,
        "20" : 0.000000,
        "50" : 0.000000,
        "100" : 0.000000,
        "250" : 0.000000,
        "500" : 0.000000,
        "750" : 0.000000,
        "1000" : 0.000000,
        "2000" : 0.000000,
        ">=2000" : 0.000000
      },
      "latency_depth" : 1,
      "latency_target" : 0,
      "latency_percentile" : 100.000000,
      "latency_window" : 0
    }
  ]
}

io_uring_cmd-xnvme: (groupid=0, jobs=1): err= 0: pid=15531: Wed Oct 26 16:22:12 2022
  read: IOPS=111k, BW=54.1MiB/s (56.7MB/s)(379MiB/7001msec)
    slat (nsec): min=1372, max=8667, avg=1480.57, stdev=56.55
    clat (nsec): min=3296, max=101340, avg=7258.29, stdev=989.58
     lat (nsec): min=7234, max=102812, avg=8738.86, stdev=992.14
    clat percentiles (nsec):
     |  1.00th=[ 6752],  5.00th=[ 7008], 10.00th=[ 7008], 20.00th=[ 7072],
     | 30.00th=[ 7072], 40.00th=[ 7136], 50.00th=[ 7136], 60.00th=[ 7200],
     | 70.00th=[ 7200], 80.00th=[ 7264], 90.00th=[ 7328], 95.00th=[ 7456],
     | 99.00th=[10688], 99.50th=[13632], 99.90th=[15680], 99.95th=[15936],
     | 99.99th=[58624]
   bw (  KiB/s): min=55233, max=55570, per=100.00%, avg=55406.50, stdev=112.54, samples=14
   iops        : min=110466, max=111140, avg=110813.00, stdev=225.07, samples=14
  lat (usec)   : 4=0.01%, 10=98.59%, 20=1.39%, 50=0.01%, 100=0.01%
  lat (usec)   : 250=0.01%
  cpu          : usr=10.91%, sys=32.84%, ctx=775667, majf=0, minf=1
  IO depths    : 1=100.0%, 2=0.0%, 4=0.0%, 8=0.0%, 16=0.0%, 32=0.0%, >=64=0.0%
     submit    : 0=0.0%, 4=100.0%, 8=0.0%, 16=0.0%, 32=0.0%, 64=0.0%, >=64=0.0%
     complete  : 0=0.0%, 4=100.0%, 8=0.0%, 16=0.0%, 32=0.0%, 64=0.0%, >=64=0.0%
     issued rwts: total=775662,0,0,0 short=0,0,0,0 dropped=0,0,0,0
     latency   : target=0, window=0, percentile=100.00%, depth=1

Run status group 0 (all jobs):
   READ: bw=54.1MiB/s (56.7MB/s), 54.1MiB/s-54.1MiB/s (56.7MB/s-56.7MB/s), io=379MiB (397MB), run=7001-7001msec
