libaio-reference: (g=0): rw=randread, bs=(R) 512B-512B, (W) 512B-512B, (T) 512B-512B, ioengine=libaio, iodepth=1
fio-3.32-dirty
Starting 1 thread
{
  "fio version" : "fio-3.32-dirty",
  "timestamp" : 1666794219,
  "timestamp_ms" : 1666794219758,
  "time" : "Wed Oct 26 16:23:39 2022",
  "jobs" : [
    {
      "jobname" : "libaio-reference",
      "groupid" : 0,
      "error" : 0,
      "eta" : 0,
      "elapsed" : 11,
      "job options" : {
        "name" : "libaio-reference",
        "rw" : "randread",
        "size" : "12G",
        "iodepth" : "1",
        "bs" : "512",
        "direct" : "1",
        "thread" : "1",
        "time_based" : "1",
        "runtime" : "7",
        "ramp_time" : "3",
        "norandommap" : "1",
        "allow_file_create" : "0",
        "ioengine" : "libaio",
        "filename" : "/dev/nvme0n1",
        "cpus_allowed" : "1"
      },
      "read" : {
        "io_bytes" : 394649600,
        "io_kbytes" : 385400,
        "bw_bytes" : 56370461,
        "bw" : 55049,
        "iops" : 110098.414512,
        "runtime" : 7001,
        "total_ios" : 770799,
        "short_ios" : 0,
        "drop_ios" : 0,
        "slat_ns" : {
          "min" : 1593,
          "max" : 13726,
          "mean" : 1702.890335,
          "stddev" : 68.298937,
          "N" : 770800
        },
        "clat_ns" : {
          "min" : 601,
          "max" : 77846,
          "mean" : 7099.936559,
          "stddev" : 1015.533283,
          "N" : 770799,
          "percentile" : {
            "1.000000" : 6624,
            "5.000000" : 6816,
            "10.000000" : 6880,
            "20.000000" : 6880,
            "30.000000" : 6944,
            "40.000000" : 6944,
            "50.000000" : 7008,
            "60.000000" : 7072,
            "70.000000" : 7072,
            "80.000000" : 7072,
            "90.000000" : 7200,
            "95.000000" : 7264,
            "99.000000" : 10304,
            "99.500000" : 13632,
            "99.900000" : 15552,
            "99.950000" : 15680,
            "99.990000" : 60160
          }
        },
        "lat_ns" : {
          "min" : 7294,
          "max" : 79590,
          "mean" : 8802.826985,
          "stddev" : 1019.352599,
          "N" : 770799
        },
        "bw_min" : 54893,
        "bw_max" : 55208,
        "bw_agg" : 100.000000,
        "bw_mean" : 55063.928571,
        "bw_dev" : 93.528658,
        "bw_samples" : 14,
        "iops_min" : 109786,
        "iops_max" : 110416,
        "iops_mean" : 110127.928571,
        "iops_stddev" : 186.990113,
        "iops_samples" : 14
      },
      "write" : {
        "io_bytes" : 0,
        "io_kbytes" : 0,
        "bw_bytes" : 0,
        "bw" : 0,
        "iops" : 0.000000,
        "runtime" : 0,
        "total_ios" : 0,
        "short_ios" : 0,
        "drop_ios" : 0,
        "slat_ns" : {
          "min" : 0,
          "max" : 0,
          "mean" : 0.000000,
          "stddev" : 0.000000,
          "N" : 0
        },
        "clat_ns" : {
          "min" : 0,
          "max" : 0,
          "mean" : 0.000000,
          "stddev" : 0.000000,
          "N" : 0
        },
        "lat_ns" : {
          "min" : 0,
          "max" : 0,
          "mean" : 0.000000,
          "stddev" : 0.000000,
          "N" : 0
        },
        "bw_min" : 0,
        "bw_max" : 0,
        "bw_agg" : 0.000000,
        "bw_mean" : 0.000000,
        "bw_dev" : 0.000000,
        "bw_samples" : 0,
        "iops_min" : 0,
        "iops_max" : 0,
        "iops_mean" : 0.000000,
        "iops_stddev" : 0.000000,
        "iops_samples" : 0
      },
      "trim" : {
        "io_bytes" : 0,
        "io_kbytes" : 0,
        "bw_bytes" : 0,
        "bw" : 0,
        "iops" : 0.000000,
        "runtime" : 0,
        "total_ios" : 0,
        "short_ios" : 0,
        "drop_ios" : 0,
        "slat_ns" : {
          "min" : 0,
          "max" : 0,
          "mean" : 0.000000,
          "stddev" : 0.000000,
          "N" : 0
        },
        "clat_ns" : {
          "min" : 0,
          "max" : 0,
          "mean" : 0.000000,
          "stddev" : 0.000000,
          "N" : 0
        },
        "lat_ns" : {
          "min" : 0,
          "max" : 0,
          "mean" : 0.000000,
          "stddev" : 0.000000,
          "N" : 0
        },
        "bw_min" : 0,
        "bw_max" : 0,
        "bw_agg" : 0.000000,
        "bw_mean" : 0.000000,
        "bw_dev" : 0.000000,
        "bw_samples" : 0,
        "iops_min" : 0,
        "iops_max" : 0,
        "iops_mean" : 0.000000,
        "iops_stddev" : 0.000000,
        "iops_samples" : 0
      },
      "sync" : {
        "total_ios" : 0,
        "lat_ns" : {
          "min" : 0,
          "max" : 0,
          "mean" : 0.000000,
          "stddev" : 0.000000,
          "N" : 0
        }
      },
      "job_runtime" : 7000,
      "usr_cpu" : 16.742857,
      "sys_cpu" : 25.842857,
      "ctx" : 770802,
      "majf" : 0,
      "minf" : 0,
      "iodepth_level" : {
        "1" : 100.000000,
        "2" : 0.000000,
        "4" : 0.000000,
        "8" : 0.000000,
        "16" : 0.000000,
        "32" : 0.000000,
        ">=64" : 0.000000
      },
      "iodepth_submit" : {
        "0" : 0.000000,
        "4" : 100.000000,
        "8" : 0.000000,
        "16" : 0.000000,
        "32" : 0.000000,
        "64" : 0.000000,
        ">=64" : 0.000000
      },
      "iodepth_complete" : {
        "0" : 0.000000,
        "4" : 100.000000,
        "8" : 0.000000,
        "16" : 0.000000,
        "32" : 0.000000,
        "64" : 0.000000,
        ">=64" : 0.000000
      },
      "latency_ns" : {
        "2" : 0.000000,
        "4" : 0.000000,
        "10" : 0.000000,
        "20" : 0.000000,
        "50" : 0.000000,
        "100" : 0.000000,
        "250" : 0.000000,
        "500" : 0.000000,
        "750" : 0.010000,
        "1000" : 0.000000
      },
      "latency_us" : {
        "2" : 0.000000,
        "4" : 0.010000,
        "10" : 98.749350,
        "20" : 1.231060,
        "50" : 0.010000,
        "100" : 0.015698,
        "250" : 0.000000,
        "500" : 0.000000,
        "750" : 0.000000,
        "1000" : 0.000000
      },
      "latency_ms" : {
        "2" : 0.000000,
        "4" : 0.000000,
        "10" : 0.000000,
        "20" : 0.000000,
        "50" : 0.000000,
        "100" : 0.000000,
        "250" : 0.000000,
        "500" : 0.000000,
        "750" : 0.000000,
        "1000" : 0.000000,
        "2000" : 0.000000,
        ">=2000" : 0.000000
      },
      "latency_depth" : 1,
      "latency_target" : 0,
      "latency_percentile" : 100.000000,
      "latency_window" : 0
    }
  ],
  "disk_util" : [
    {
      "name" : "nvme0n1",
      "read_ios" : 1104465,
      "write_ios" : 0,
      "read_merges" : 0,
      "write_merges" : 0,
      "read_ticks" : 5519,
      "write_ticks" : 0,
      "in_queue" : 5519,
      "util" : 99.069123
    }
  ]
}

libaio-reference: (groupid=0, jobs=1): err= 0: pid=15849: Wed Oct 26 16:23:39 2022
  read: IOPS=110k, BW=53.8MiB/s (56.4MB/s)(376MiB/7001msec)
    slat (nsec): min=1593, max=13726, avg=1702.89, stdev=68.30
    clat (nsec): min=601, max=77846, avg=7099.94, stdev=1015.53
     lat (nsec): min=7294, max=79590, avg=8802.83, stdev=1019.35
    clat percentiles (nsec):
     |  1.00th=[ 6624],  5.00th=[ 6816], 10.00th=[ 6880], 20.00th=[ 6880],
     | 30.00th=[ 6944], 40.00th=[ 6944], 50.00th=[ 7008], 60.00th=[ 7072],
     | 70.00th=[ 7072], 80.00th=[ 7072], 90.00th=[ 7200], 95.00th=[ 7264],
     | 99.00th=[10304], 99.50th=[13632], 99.90th=[15552], 99.95th=[15680],
     | 99.99th=[60160]
   bw (  KiB/s): min=54893, max=55208, per=100.00%, avg=55063.93, stdev=93.53, samples=14
   iops        : min=109786, max=110416, avg=110127.93, stdev=186.99, samples=14
  lat (nsec)   : 750=0.01%
  lat (usec)   : 4=0.01%, 10=98.75%, 20=1.23%, 50=0.01%, 100=0.02%
  cpu          : usr=16.74%, sys=25.84%, ctx=770802, majf=0, minf=0
  IO depths    : 1=100.0%, 2=0.0%, 4=0.0%, 8=0.0%, 16=0.0%, 32=0.0%, >=64=0.0%
     submit    : 0=0.0%, 4=100.0%, 8=0.0%, 16=0.0%, 32=0.0%, 64=0.0%, >=64=0.0%
     complete  : 0=0.0%, 4=100.0%, 8=0.0%, 16=0.0%, 32=0.0%, 64=0.0%, >=64=0.0%
     issued rwts: total=770799,0,0,0 short=0,0,0,0 dropped=0,0,0,0
     latency   : target=0, window=0, percentile=100.00%, depth=1

Run status group 0 (all jobs):
   READ: bw=53.8MiB/s (56.4MB/s), 53.8MiB/s-53.8MiB/s (56.4MB/s-56.4MB/s), io=376MiB (395MB), run=7001-7001msec

Disk stats (read/write):
  nvme0n1: ios=1104465/0, merge=0/0, ticks=5519/0, in_queue=5519, util=99.07%
