io_uring_cmd-bdev_xnvme: (g=0): rw=randread, bs=(R) 512B-512B, (W) 512B-512B, (T) 512B-512B, ioengine=spdk_bdev, iodepth=1
fio-3.32-dirty
Starting 1 thread
{
  "fio version" : "fio-3.32-dirty",
  "timestamp" : 1666794147,
  "timestamp_ms" : 1666794147300,
  "time" : "Wed Oct 26 16:22:27 2022",
  "jobs" : [
    {
      "jobname" : "io_uring_cmd-bdev_xnvme",
      "groupid" : 0,
      "error" : 0,
      "eta" : 0,
      "elapsed" : 11,
      "job options" : {
        "name" : "io_uring_cmd-bdev_xnvme",
        "rw" : "randread",
        "size" : "12G",
        "iodepth" : "1",
        "bs" : "512",
        "direct" : "0",
        "thread" : "1",
        "time_based" : "1",
        "runtime" : "7",
        "ramp_time" : "3",
        "norandommap" : "1",
        "allow_file_create" : "0",
        "ioengine" : "spdk_bdev",
        "spdk_conf" : "/tmp/spdk_bdev_xnvme_io_uring_cmd.conf",
        "filename" : "Nvme0n1",
        "cpus_allowed" : "1"
      },
      "read" : {
        "io_bytes" : 422944256,
        "io_kbytes" : 413031,
        "bw_bytes" : 60411977,
        "bw" : 58996,
        "iops" : 117992.143979,
        "runtime" : 7001,
        "total_ios" : 826063,
        "short_ios" : 0,
        "drop_ios" : 0,
        "slat_ns" : {
          "min" : 701,
          "max" : 15449,
          "mean" : 919.790532,
          "stddev" : 69.771196,
          "N" : 826063
        },
        "clat_ns" : {
          "min" : 742,
          "max" : 115507,
          "mean" : 7339.728733,
          "stddev" : 1168.442969,
          "N" : 826063,
          "percentile" : {
            "1.000000" : 6752,
            "5.000000" : 6880,
            "10.000000" : 6944,
            "20.000000" : 7008,
            "30.000000" : 7072,
            "40.000000" : 7136,
            "50.000000" : 7200,
            "60.000000" : 7264,
            "70.000000" : 7328,
            "80.000000" : 7392,
            "90.000000" : 7520,
            "95.000000" : 7584,
            "99.000000" : 12352,
            "99.500000" : 16064,
            "99.900000" : 16512,
            "99.950000" : 17024,
            "99.990000" : 60160
          }
        },
        "lat_ns" : {
          "min" : 7404,
          "max" : 116418,
          "mean" : 8259.519264,
          "stddev" : 1172.152606,
          "N" : 826063
        },
        "bw_min" : 58927,
        "bw_max" : 59207,
        "bw_agg" : 100.000000,
        "bw_mean" : 59011.071429,
        "bw_dev" : 74.765751,
        "bw_samples" : 14,
        "iops_min" : 117854,
        "iops_max" : 118414,
        "iops_mean" : 118022.142857,
        "iops_stddev" : 149.531503,
        "iops_samples" : 14
      },
      "write" : {
        "io_bytes" : 0,
        "io_kbytes" : 0,
        "bw_bytes" : 0,
        "bw" : 0,
        "iops" : 0.000000,
        "runtime" : 0,
        "total_ios" : 0,
        "short_ios" : 0,
        "drop_ios" : 0,
        "slat_ns" : {
          "min" : 0,
          "max" : 0,
          "mean" : 0.000000,
          "stddev" : 0.000000,
          "N" : 0
        },
        "clat_ns" : {
          "min" : 0,
          "max" : 0,
          "mean" : 0.000000,
          "stddev" : 0.000000,
          "N" : 0
        },
        "lat_ns" : {
          "min" : 0,
          "max" : 0,
          "mean" : 0.000000,
          "stddev" : 0.000000,
          "N" : 0
        },
        "bw_min" : 0,
        "bw_max" : 0,
        "bw_agg" : 0.000000,
        "bw_mean" : 0.000000,
        "bw_dev" : 0.000000,
        "bw_samples" : 0,
        "iops_min" : 0,
        "iops_max" : 0,
        "iops_mean" : 0.000000,
        "iops_stddev" : 0.000000,
        "iops_samples" : 0
      },
      "trim" : {
        "io_bytes" : 0,
        "io_kbytes" : 0,
        "bw_bytes" : 0,
        "bw" : 0,
        "iops" : 0.000000,
        "runtime" : 0,
        "total_ios" : 0,
        "short_ios" : 0,
        "drop_ios" : 0,
        "slat_ns" : {
          "min" : 0,
          "max" : 0,
          "mean" : 0.000000,
          "stddev" : 0.000000,
          "N" : 0
        },
        "clat_ns" : {
          "min" : 0,
          "max" : 0,
          "mean" : 0.000000,
          "stddev" : 0.000000,
          "N" : 0
        },
        "lat_ns" : {
          "min" : 0,
          "max" : 0,
          "mean" : 0.000000,
          "stddev" : 0.000000,
          "N" : 0
        },
        "bw_min" : 0,
        "bw_max" : 0,
        "bw_agg" : 0.000000,
        "bw_mean" : 0.000000,
        "bw_dev" : 0.000000,
        "bw_samples" : 0,
        "iops_min" : 0,
        "iops_max" : 0,
        "iops_mean" : 0.000000,
        "iops_stddev" : 0.000000,
        "iops_samples" : 0
      },
      "sync" : {
        "total_ios" : 0,
        "lat_ns" : {
          "min" : 0,
          "max" : 0,
          "mean" : 0.000000,
          "stddev" : 0.000000,
          "N" : 0
        }
      },
      "job_runtime" : 7000,
      "usr_cpu" : 99.985714,
      "sys_cpu" : 0.000000,
      "ctx" : 10,
      "majf" : 0,
      "minf" : 0,
      "iodepth_level" : {
        "1" : 100.000000,
        "2" : 0.000000,
        "4" : 0.000000,
        "8" : 0.000000,
        "16" : 0.000000,
        "32" : 0.000000,
        ">=64" : 0.000000
      },
      "iodepth_submit" : {
        "0" : 0.000000,
        "4" : 100.000000,
        "8" : 0.000000,
        "16" : 0.000000,
        "32" : 0.000000,
        "64" : 0.000000,
        ">=64" : 0.000000
      },
      "iodepth_complete" : {
        "0" : 0.000000,
        "4" : 100.000000,
        "8" : 0.000000,
        "16" : 0.000000,
        "32" : 0.000000,
        "64" : 0.000000,
        ">=64" : 0.000000
      },
      "latency_ns" : {
        "2" : 0.000000,
        "4" : 0.000000,
        "10" : 0.000000,
        "20" : 0.000000,
        "50" : 0.000000,
        "100" : 0.000000,
        "250" : 0.000000,
        "500" : 0.000000,
        "750" : 0.010000,
        "1000" : 0.000000
      },
      "latency_us" : {
        "2" : 0.000000,
        "4" : 0.000000,
        "10" : 98.190574,
        "20" : 1.785699,
        "50" : 0.010000,
        "100" : 0.015011,
        "250" : 0.010000,
        "500" : 0.000000,
        "750" : 0.000000,
        "1000" : 0.000000
      },
      "latency_ms" : {
        "2" : 0.000000,
        "4" : 0.000000,
        "10" : 0.000000,
        "20" : 0.000000,
        "50" : 0.000000,
        "100" : 0.000000,
        "250" : 0.000000,
        "500" : 0.000000,
        "750" : 0.000000,
        "1000" : 0.000000,
        "2000" : 0.000000,
        ">=2000" : 0.000000
      },
      "latency_depth" : 1,
      "latency_target" : 0,
      "latency_percentile" : 100.000000,
      "latency_window" : 0
    }
  ]
}

io_uring_cmd-bdev_xnvme: (groupid=0, jobs=1): err= 0: pid=15591: Wed Oct 26 16:22:27 2022
  read: IOPS=118k, BW=57.6MiB/s (60.4MB/s)(403MiB/7001msec)
    slat (nsec): min=701, max=15449, avg=919.79, stdev=69.77
    clat (nsec): min=742, max=115507, avg=7339.73, stdev=1168.44
     lat (usec): min=7, max=116, avg= 8.26, stdev= 1.17
    clat percentiles (nsec):
     |  1.00th=[ 6752],  5.00th=[ 6880], 10.00th=[ 6944], 20.00th=[ 7008],
     | 30.00th=[ 7072], 40.00th=[ 7136], 50.00th=[ 7200], 60.00th=[ 7264],
     | 70.00th=[ 7328], 80.00th=[ 7392], 90.00th=[ 7520], 95.00th=[ 7584],
     | 99.00th=[12352], 99.50th=[16064], 99.90th=[16512], 99.95th=[17024],
     | 99.99th=[60160]
   bw (  KiB/s): min=58927, max=59207, per=100.00%, avg=59011.07, stdev=74.77, samples=14
   iops        : min=117854, max=118414, avg=118022.14, stdev=149.53, samples=14
  lat (nsec)   : 750=0.01%
  lat (usec)   : 10=98.19%, 20=1.79%, 50=0.01%, 100=0.02%, 250=0.01%
  cpu          : usr=99.99%, sys=0.00%, ctx=10, majf=0, minf=0
  IO depths    : 1=100.0%, 2=0.0%, 4=0.0%, 8=0.0%, 16=0.0%, 32=0.0%, >=64=0.0%
     submit    : 0=0.0%, 4=100.0%, 8=0.0%, 16=0.0%, 32=0.0%, 64=0.0%, >=64=0.0%
     complete  : 0=0.0%, 4=100.0%, 8=0.0%, 16=0.0%, 32=0.0%, 64=0.0%, >=64=0.0%
     issued rwts: total=826063,0,0,0 short=0,0,0,0 dropped=0,0,0,0
     latency   : target=0, window=0, percentile=100.00%, depth=1

Run status group 0 (all jobs):
   READ: bw=57.6MiB/s (60.4MB/s), 57.6MiB/s-57.6MiB/s (60.4MB/s-60.4MB/s), io=403MiB (423MB), run=7001-7001msec
