io_uring-xnvme: (g=0): rw=randread, bs=(R) 512B-512B, (W) 512B-512B, (T) 512B-512B, ioengine=xnvme, iodepth=1
fio-3.32-dirty
Starting 1 thread
{
  "fio version" : "fio-3.32-dirty",
  "timestamp" : 1666751225,
  "timestamp_ms" : 1666751225436,
  "time" : "Wed Oct 26 04:27:05 2022",
  "jobs" : [
    {
      "jobname" : "io_uring-xnvme",
      "groupid" : 0,
      "error" : 0,
      "eta" : 0,
      "elapsed" : 11,
      "job options" : {
        "name" : "io_uring-xnvme",
        "rw" : "randread",
        "size" : "12G",
        "iodepth" : "1",
        "bs" : "512",
        "direct" : "1",
        "thread" : "1",
        "time_based" : "1",
        "runtime" : "7",
        "ramp_time" : "3",
        "norandommap" : "1",
        "allow_file_create" : "0",
        "ioengine" : "external:/usr/local/lib/x86_64-linux-gnu/libxnvme-fio-engine.so",
        "xnvme_be" : "linux",
        "xnvme_async" : "io_uring",
        "xnvme_sync" : "nvme",
        "xnvme_admin" : "nvme",
        "xnvme_dev_nsid" : "1",
        "filename" : "/dev/nvme0n1",
        "cpus_allowed" : "1"
      },
      "read" : {
        "io_bytes" : 275073536,
        "io_kbytes" : 268626,
        "bw_bytes" : 39290606,
        "bw" : 38369,
        "iops" : 76739.465791,
        "runtime" : 7001,
        "total_ios" : 537253,
        "short_ios" : 0,
        "drop_ios" : 0,
        "slat_ns" : {
          "min" : 2655,
          "max" : 33883,
          "mean" : 2914.394468,
          "stddev" : 191.365400,
          "N" : 537253
        },
        "clat_ns" : {
          "min" : 301,
          "max" : 98825,
          "mean" : 9502.469501,
          "stddev" : 1206.508405,
          "N" : 537253,
          "percentile" : {
            "1.000000" : 9024,
            "5.000000" : 9152,
            "10.000000" : 9152,
            "20.000000" : 9280,
            "30.000000" : 9280,
            "40.000000" : 9280,
            "50.000000" : 9408,
            "60.000000" : 9408,
            "70.000000" : 9408,
            "80.000000" : 9408,
            "90.000000" : 9536,
            "95.000000" : 9664,
            "99.000000" : 15168,
            "99.500000" : 15680,
            "99.900000" : 19840,
            "99.950000" : 25472,
            "99.990000" : 57600
          }
        },
        "lat_ns" : {
          "min" : 9358,
          "max" : 101720,
          "mean" : 12416.863969,
          "stddev" : 1220.253756,
          "N" : 537253
        },
        "bw_min" : 38246,
        "bw_max" : 38615,
        "bw_agg" : 100.000000,
        "bw_mean" : 38379.428571,
        "bw_dev" : 100.427329,
        "bw_samples" : 14,
        "iops_min" : 76492,
        "iops_max" : 77230,
        "iops_mean" : 76758.857143,
        "iops_stddev" : 200.854657,
        "iops_samples" : 14
      },
      "write" : {
        "io_bytes" : 0,
        "io_kbytes" : 0,
        "bw_bytes" : 0,
        "bw" : 0,
        "iops" : 0.000000,
        "runtime" : 0,
        "total_ios" : 0,
        "short_ios" : 0,
        "drop_ios" : 0,
        "slat_ns" : {
          "min" : 0,
          "max" : 0,
          "mean" : 0.000000,
          "stddev" : 0.000000,
          "N" : 0
        },
        "clat_ns" : {
          "min" : 0,
          "max" : 0,
          "mean" : 0.000000,
          "stddev" : 0.000000,
          "N" : 0
        },
        "lat_ns" : {
          "min" : 0,
          "max" : 0,
          "mean" : 0.000000,
          "stddev" : 0.000000,
          "N" : 0
        },
        "bw_min" : 0,
        "bw_max" : 0,
        "bw_agg" : 0.000000,
        "bw_mean" : 0.000000,
        "bw_dev" : 0.000000,
        "bw_samples" : 0,
        "iops_min" : 0,
        "iops_max" : 0,
        "iops_mean" : 0.000000,
        "iops_stddev" : 0.000000,
        "iops_samples" : 0
      },
      "trim" : {
        "io_bytes" : 0,
        "io_kbytes" : 0,
        "bw_bytes" : 0,
        "bw" : 0,
        "iops" : 0.000000,
        "runtime" : 0,
        "total_ios" : 0,
        "short_ios" : 0,
        "drop_ios" : 0,
        "slat_ns" : {
          "min" : 0,
          "max" : 0,
          "mean" : 0.000000,
          "stddev" : 0.000000,
          "N" : 0
        },
        "clat_ns" : {
          "min" : 0,
          "max" : 0,
          "mean" : 0.000000,
          "stddev" : 0.000000,
          "N" : 0
        },
        "lat_ns" : {
          "min" : 0,
          "max" : 0,
          "mean" : 0.000000,
          "stddev" : 0.000000,
          "N" : 0
        },
        "bw_min" : 0,
        "bw_max" : 0,
        "bw_agg" : 0.000000,
        "bw_mean" : 0.000000,
        "bw_dev" : 0.000000,
        "bw_samples" : 0,
        "iops_min" : 0,
        "iops_max" : 0,
        "iops_mean" : 0.000000,
        "iops_stddev" : 0.000000,
        "iops_samples" : 0
      },
      "sync" : {
        "total_ios" : 0,
        "lat_ns" : {
          "min" : 0,
          "max" : 0,
          "mean" : 0.000000,
          "stddev" : 0.000000,
          "N" : 0
        }
      },
      "job_runtime" : 7000,
      "usr_cpu" : 15.200000,
      "sys_cpu" : 46.171429,
      "ctx" : 537127,
      "majf" : 0,
      "minf" : 0,
      "iodepth_level" : {
        "1" : 100.000000,
        "2" : 0.000000,
        "4" : 0.000000,
        "8" : 0.000000,
        "16" : 0.000000,
        "32" : 0.000000,
        ">=64" : 0.000000
      },
      "iodepth_submit" : {
        "0" : 0.000000,
        "4" : 100.000000,
        "8" : 0.000000,
        "16" : 0.000000,
        "32" : 0.000000,
        "64" : 0.000000,
        ">=64" : 0.000000
      },
      "iodepth_complete" : {
        "0" : 0.000000,
        "4" : 100.000000,
        "8" : 0.000000,
        "16" : 0.000000,
        "32" : 0.000000,
        "64" : 0.000000,
        ">=64" : 0.000000
      },
      "latency_ns" : {
        "2" : 0.000000,
        "4" : 0.000000,
        "10" : 0.000000,
        "20" : 0.000000,
        "50" : 0.000000,
        "100" : 0.000000,
        "250" : 0.000000,
        "500" : 0.011726,
        "750" : 0.000000,
        "1000" : 0.000000
      },
      "latency_us" : {
        "2" : 0.000000,
        "4" : 0.000000,
        "10" : 96.830916,
        "20" : 3.088675,
        "50" : 0.051372,
        "100" : 0.017310,
        "250" : 0.000000,
        "500" : 0.000000,
        "750" : 0.000000,
        "1000" : 0.000000
      },
      "latency_ms" : {
        "2" : 0.000000,
        "4" : 0.000000,
        "10" : 0.000000,
        "20" : 0.000000,
        "50" : 0.000000,
        "100" : 0.000000,
        "250" : 0.000000,
        "500" : 0.000000,
        "750" : 0.000000,
        "1000" : 0.000000,
        "2000" : 0.000000,
        ">=2000" : 0.000000
      },
      "latency_depth" : 1,
      "latency_target" : 0,
      "latency_percentile" : 100.000000,
      "latency_window" : 0
    }
  ]
}

io_uring-xnvme: (groupid=0, jobs=1): err= 0: pid=139549: Wed Oct 26 04:27:05 2022
  read: IOPS=76.7k, BW=37.5MiB/s (39.3MB/s)(262MiB/7001msec)
    slat (nsec): min=2655, max=33883, avg=2914.39, stdev=191.37
    clat (nsec): min=301, max=98825, avg=9502.47, stdev=1206.51
     lat (usec): min=9, max=101, avg=12.42, stdev= 1.22
    clat percentiles (nsec):
     |  1.00th=[ 9024],  5.00th=[ 9152], 10.00th=[ 9152], 20.00th=[ 9280],
     | 30.00th=[ 9280], 40.00th=[ 9280], 50.00th=[ 9408], 60.00th=[ 9408],
     | 70.00th=[ 9408], 80.00th=[ 9408], 90.00th=[ 9536], 95.00th=[ 9664],
     | 99.00th=[15168], 99.50th=[15680], 99.90th=[19840], 99.95th=[25472],
     | 99.99th=[57600]
   bw (  KiB/s): min=38246, max=38615, per=100.00%, avg=38379.43, stdev=100.43, samples=14
   iops        : min=76492, max=77230, avg=76758.86, stdev=200.85, samples=14
  lat (nsec)   : 500=0.01%
  lat (usec)   : 10=96.83%, 20=3.09%, 50=0.05%, 100=0.02%
  cpu          : usr=15.20%, sys=46.17%, ctx=537127, majf=0, minf=0
  IO depths    : 1=100.0%, 2=0.0%, 4=0.0%, 8=0.0%, 16=0.0%, 32=0.0%, >=64=0.0%
     submit    : 0=0.0%, 4=100.0%, 8=0.0%, 16=0.0%, 32=0.0%, 64=0.0%, >=64=0.0%
     complete  : 0=0.0%, 4=100.0%, 8=0.0%, 16=0.0%, 32=0.0%, 64=0.0%, >=64=0.0%
     issued rwts: total=537253,0,0,0 short=0,0,0,0 dropped=0,0,0,0
     latency   : target=0, window=0, percentile=100.00%, depth=1

Run status group 0 (all jobs):
   READ: bw=37.5MiB/s (39.3MB/s), 37.5MiB/s-37.5MiB/s (39.3MB/s-39.3MB/s), io=262MiB (275MB), run=7001-7001msec
