libaio-reference: (g=0): rw=randread, bs=(R) 512B-512B, (W) 512B-512B, (T) 512B-512B, ioengine=libaio, iodepth=2
fio-3.32-dirty
Starting 1 thread
{
  "fio version" : "fio-3.32-dirty",
  "timestamp" : 1666751712,
  "timestamp_ms" : 1666751712628,
  "time" : "Wed Oct 26 04:35:12 2022",
  "jobs" : [
    {
      "jobname" : "libaio-reference",
      "groupid" : 0,
      "error" : 0,
      "eta" : 0,
      "elapsed" : 11,
      "job options" : {
        "name" : "libaio-reference",
        "rw" : "randread",
        "size" : "12G",
        "iodepth" : "2",
        "bs" : "512",
        "direct" : "1",
        "thread" : "1",
        "time_based" : "1",
        "runtime" : "7",
        "ramp_time" : "3",
        "norandommap" : "1",
        "allow_file_create" : "0",
        "ioengine" : "libaio",
        "filename" : "/dev/nvme0n1",
        "cpus_allowed" : "1"
      },
      "read" : {
        "io_bytes" : 779892224,
        "io_kbytes" : 761613,
        "bw_bytes" : 111397260,
        "bw" : 108786,
        "iops" : 217572.489644,
        "runtime" : 7001,
        "total_ios" : 1523225,
        "short_ios" : 0,
        "drop_ios" : 0,
        "slat_ns" : {
          "min" : 1392,
          "max" : 26299,
          "mean" : 1533.941948,
          "stddev" : 145.787725,
          "N" : 1523226
        },
        "clat_ns" : {
          "min" : 401,
          "max" : 140834,
          "mean" : 7415.475688,
          "stddev" : 1799.292095,
          "N" : 1523226,
          "percentile" : {
            "1.000000" : 6880,
            "5.000000" : 6944,
            "10.000000" : 6944,
            "20.000000" : 7008,
            "30.000000" : 7072,
            "40.000000" : 7072,
            "50.000000" : 7136,
            "60.000000" : 7200,
            "70.000000" : 7264,
            "80.000000" : 7328,
            "90.000000" : 7392,
            "95.000000" : 7648,
            "99.000000" : 15808,
            "99.500000" : 19328,
            "99.900000" : 21120,
            "99.950000" : 25472,
            "99.990000" : 64768
          }
        },
        "lat_ns" : {
          "min" : 5911,
          "max" : 142467,
          "mean" : 8949.417635,
          "stddev" : 1803.451576,
          "N" : 1523226
        },
        "bw_min" : 108527,
        "bw_max" : 109183,
        "bw_agg" : 100.000000,
        "bw_mean" : 108831.785714,
        "bw_dev" : 172.703471,
        "bw_samples" : 14,
        "iops_min" : 217054,
        "iops_max" : 218366,
        "iops_mean" : 217663.714286,
        "iops_stddev" : 345.357881,
        "iops_samples" : 14
      },
      "write" : {
        "io_bytes" : 0,
        "io_kbytes" : 0,
        "bw_bytes" : 0,
        "bw" : 0,
        "iops" : 0.000000,
        "runtime" : 0,
        "total_ios" : 0,
        "short_ios" : 0,
        "drop_ios" : 0,
        "slat_ns" : {
          "min" : 0,
          "max" : 0,
          "mean" : 0.000000,
          "stddev" : 0.000000,
          "N" : 0
        },
        "clat_ns" : {
          "min" : 0,
          "max" : 0,
          "mean" : 0.000000,
          "stddev" : 0.000000,
          "N" : 0
        },
        "lat_ns" : {
          "min" : 0,
          "max" : 0,
          "mean" : 0.000000,
          "stddev" : 0.000000,
          "N" : 0
        },
        "bw_min" : 0,
        "bw_max" : 0,
        "bw_agg" : 0.000000,
        "bw_mean" : 0.000000,
        "bw_dev" : 0.000000,
        "bw_samples" : 0,
        "iops_min" : 0,
        "iops_max" : 0,
        "iops_mean" : 0.000000,
        "iops_stddev" : 0.000000,
        "iops_samples" : 0
      },
      "trim" : {
        "io_bytes" : 0,
        "io_kbytes" : 0,
        "bw_bytes" : 0,
        "bw" : 0,
        "iops" : 0.000000,
        "runtime" : 0,
        "total_ios" : 0,
        "short_ios" : 0,
        "drop_ios" : 0,
        "slat_ns" : {
          "min" : 0,
          "max" : 0,
          "mean" : 0.000000,
          "stddev" : 0.000000,
          "N" : 0
        },
        "clat_ns" : {
          "min" : 0,
          "max" : 0,
          "mean" : 0.000000,
          "stddev" : 0.000000,
          "N" : 0
        },
        "lat_ns" : {
          "min" : 0,
          "max" : 0,
          "mean" : 0.000000,
          "stddev" : 0.000000,
          "N" : 0
        },
        "bw_min" : 0,
        "bw_max" : 0,
        "bw_agg" : 0.000000,
        "bw_mean" : 0.000000,
        "bw_dev" : 0.000000,
        "bw_samples" : 0,
        "iops_min" : 0,
        "iops_max" : 0,
        "iops_mean" : 0.000000,
        "iops_stddev" : 0.000000,
        "iops_samples" : 0
      },
      "sync" : {
        "total_ios" : 0,
        "lat_ns" : {
          "min" : 0,
          "max" : 0,
          "mean" : 0.000000,
          "stddev" : 0.000000,
          "N" : 0
        }
      },
      "job_runtime" : 7000,
      "usr_cpu" : 23.371429,
      "sys_cpu" : 54.428571,
      "ctx" : 761236,
      "majf" : 0,
      "minf" : 0,
      "iodepth_level" : {
        "1" : 0.000000,
        "2" : 100.000000,
        "4" : 0.000000,
        "8" : 0.000000,
        "16" : 0.000000,
        "32" : 0.000000,
        ">=64" : 0.000000
      },
      "iodepth_submit" : {
        "0" : 0.000000,
        "4" : 100.000000,
        "8" : 0.000000,
        "16" : 0.000000,
        "32" : 0.000000,
        "64" : 0.000000,
        ">=64" : 0.000000
      },
      "iodepth_complete" : {
        "0" : 0.000000,
        "4" : 100.000000,
        "8" : 0.000000,
        "16" : 0.000000,
        "32" : 0.000000,
        "64" : 0.000000,
        ">=64" : 0.000000
      },
      "latency_ns" : {
        "2" : 0.000000,
        "4" : 0.000000,
        "10" : 0.000000,
        "20" : 0.000000,
        "50" : 0.000000,
        "100" : 0.000000,
        "250" : 0.000000,
        "500" : 0.010000,
        "750" : 0.000000,
        "1000" : 0.000000
      },
      "latency_us" : {
        "2" : 0.000000,
        "4" : 0.010000,
        "10" : 97.033400,
        "20" : 2.567119,
        "50" : 0.367510,
        "100" : 0.019761,
        "250" : 0.010000,
        "500" : 0.000000,
        "750" : 0.000000,
        "1000" : 0.000000
      },
      "latency_ms" : {
        "2" : 0.000000,
        "4" : 0.000000,
        "10" : 0.000000,
        "20" : 0.000000,
        "50" : 0.000000,
        "100" : 0.000000,
        "250" : 0.000000,
        "500" : 0.000000,
        "750" : 0.000000,
        "1000" : 0.000000,
        "2000" : 0.000000,
        ">=2000" : 0.000000
      },
      "latency_depth" : 2,
      "latency_target" : 0,
      "latency_percentile" : 100.000000,
      "latency_window" : 0
    }
  ],
  "disk_util" : [
    {
      "name" : "nvme0n1",
      "read_ios" : 2179709,
      "write_ios" : 0,
      "read_merges" : 0,
      "write_merges" : 0,
      "read_ticks" : 10715,
      "write_ticks" : 0,
      "in_queue" : 10715,
      "util" : 99.088748
    }
  ]
}

libaio-reference: (groupid=0, jobs=1): err= 0: pid=141045: Wed Oct 26 04:35:12 2022
  read: IOPS=218k, BW=106MiB/s (111MB/s)(744MiB/7001msec)
    slat (nsec): min=1392, max=26299, avg=1533.94, stdev=145.79
    clat (nsec): min=401, max=140834, avg=7415.48, stdev=1799.29
     lat (usec): min=5, max=142, avg= 8.95, stdev= 1.80
    clat percentiles (nsec):
     |  1.00th=[ 6880],  5.00th=[ 6944], 10.00th=[ 6944], 20.00th=[ 7008],
     | 30.00th=[ 7072], 40.00th=[ 7072], 50.00th=[ 7136], 60.00th=[ 7200],
     | 70.00th=[ 7264], 80.00th=[ 7328], 90.00th=[ 7392], 95.00th=[ 7648],
     | 99.00th=[15808], 99.50th=[19328], 99.90th=[21120], 99.95th=[25472],
     | 99.99th=[64768]
   bw (  KiB/s): min=108527, max=109183, per=100.00%, avg=108831.79, stdev=172.70, samples=14
   iops        : min=217054, max=218366, avg=217663.71, stdev=345.36, samples=14
  lat (nsec)   : 500=0.01%
  lat (usec)   : 4=0.01%, 10=97.03%, 20=2.57%, 50=0.37%, 100=0.02%
  lat (usec)   : 250=0.01%
  cpu          : usr=23.37%, sys=54.43%, ctx=761236, majf=0, minf=0
  IO depths    : 1=0.0%, 2=100.0%, 4=0.0%, 8=0.0%, 16=0.0%, 32=0.0%, >=64=0.0%
     submit    : 0=0.0%, 4=100.0%, 8=0.0%, 16=0.0%, 32=0.0%, 64=0.0%, >=64=0.0%
     complete  : 0=0.0%, 4=100.0%, 8=0.0%, 16=0.0%, 32=0.0%, 64=0.0%, >=64=0.0%
     issued rwts: total=1523225,0,0,0 short=0,0,0,0 dropped=0,0,0,0
     latency   : target=0, window=0, percentile=100.00%, depth=2

Run status group 0 (all jobs):
   READ: bw=106MiB/s (111MB/s), 106MiB/s-106MiB/s (111MB/s-111MB/s), io=744MiB (780MB), run=7001-7001msec

Disk stats (read/write):
  nvme0n1: ios=2179709/0, merge=0/0, ticks=10715/0, in_queue=10715, util=99.09%
