io_uring_cmd-bdev_xnvme: (g=0): rw=randread, bs=(R) 512B-512B, (W) 512B-512B, (T) 512B-512B, ioengine=spdk_bdev, iodepth=8
fio-3.32-dirty
Starting 1 thread
{
  "fio version" : "fio-3.32-dirty",
  "timestamp" : 1666752456,
  "timestamp_ms" : 1666752456347,
  "time" : "Wed Oct 26 04:47:36 2022",
  "jobs" : [
    {
      "jobname" : "io_uring_cmd-bdev_xnvme",
      "groupid" : 0,
      "error" : 0,
      "eta" : 0,
      "elapsed" : 11,
      "job options" : {
        "name" : "io_uring_cmd-bdev_xnvme",
        "rw" : "randread",
        "size" : "12G",
        "iodepth" : "8",
        "bs" : "512",
        "direct" : "0",
        "thread" : "1",
        "time_based" : "1",
        "runtime" : "7",
        "ramp_time" : "3",
        "norandommap" : "1",
        "allow_file_create" : "0",
        "ioengine" : "spdk_bdev",
        "spdk_conf" : "/tmp/spdk_bdev_xnvme_io_uring_cmd.conf",
        "filename" : "Nvme0n1",
        "cpus_allowed" : "1"
      },
      "read" : {
        "io_bytes" : 1845574656,
        "io_kbytes" : 1802319,
        "bw_bytes" : 263615862,
        "bw" : 257437,
        "iops" : 514873.589487,
        "runtime" : 7001,
        "total_ios" : 3604630,
        "short_ios" : 0,
        "drop_ios" : 0,
        "slat_ns" : {
          "min" : 170,
          "max" : 9297,
          "mean" : 249.728569,
          "stddev" : 28.581610,
          "N" : 3604631
        },
        "clat_ns" : {
          "min" : 4809,
          "max" : 130585,
          "mean" : 14363.971523,
          "stddev" : 5215.015737,
          "N" : 3604630,
          "percentile" : {
            "1.000000" : 7456,
            "5.000000" : 8384,
            "10.000000" : 8896,
            "20.000000" : 9792,
            "30.000000" : 10560,
            "40.000000" : 11712,
            "50.000000" : 14144,
            "60.000000" : 15424,
            "70.000000" : 16512,
            "80.000000" : 18560,
            "90.000000" : 20096,
            "95.000000" : 22144,
            "99.000000" : 31616,
            "99.500000" : 35584,
            "99.900000" : 48384,
            "99.950000" : 62720,
            "99.990000" : 78336
          }
        },
        "lat_ns" : {
          "min" : 5080,
          "max" : 130805,
          "mean" : 14613.700084,
          "stddev" : 5209.006901,
          "N" : 3604630
        },
        "bw_min" : 256603,
        "bw_max" : 259025,
        "bw_agg" : 100.000000,
        "bw_mean" : 257567.500000,
        "bw_dev" : 671.520634,
        "bw_samples" : 14,
        "iops_min" : 513206,
        "iops_max" : 518050,
        "iops_mean" : 515135.142857,
        "iops_stddev" : 1342.858940,
        "iops_samples" : 14
      },
      "write" : {
        "io_bytes" : 0,
        "io_kbytes" : 0,
        "bw_bytes" : 0,
        "bw" : 0,
        "iops" : 0.000000,
        "runtime" : 0,
        "total_ios" : 0,
        "short_ios" : 0,
        "drop_ios" : 0,
        "slat_ns" : {
          "min" : 0,
          "max" : 0,
          "mean" : 0.000000,
          "stddev" : 0.000000,
          "N" : 0
        },
        "clat_ns" : {
          "min" : 0,
          "max" : 0,
          "mean" : 0.000000,
          "stddev" : 0.000000,
          "N" : 0
        },
        "lat_ns" : {
          "min" : 0,
          "max" : 0,
          "mean" : 0.000000,
          "stddev" : 0.000000,
          "N" : 0
        },
        "bw_min" : 0,
        "bw_max" : 0,
        "bw_agg" : 0.000000,
        "bw_mean" : 0.000000,
        "bw_dev" : 0.000000,
        "bw_samples" : 0,
        "iops_min" : 0,
        "iops_max" : 0,
        "iops_mean" : 0.000000,
        "iops_stddev" : 0.000000,
        "iops_samples" : 0
      },
      "trim" : {
        "io_bytes" : 0,
        "io_kbytes" : 0,
        "bw_bytes" : 0,
        "bw" : 0,
        "iops" : 0.000000,
        "runtime" : 0,
        "total_ios" : 0,
        "short_ios" : 0,
        "drop_ios" : 0,
        "slat_ns" : {
          "min" : 0,
          "max" : 0,
          "mean" : 0.000000,
          "stddev" : 0.000000,
          "N" : 0
        },
        "clat_ns" : {
          "min" : 0,
          "max" : 0,
          "mean" : 0.000000,
          "stddev" : 0.000000,
          "N" : 0
        },
        "lat_ns" : {
          "min" : 0,
          "max" : 0,
          "mean" : 0.000000,
          "stddev" : 0.000000,
          "N" : 0
        },
        "bw_min" : 0,
        "bw_max" : 0,
        "bw_agg" : 0.000000,
        "bw_mean" : 0.000000,
        "bw_dev" : 0.000000,
        "bw_samples" : 0,
        "iops_min" : 0,
        "iops_max" : 0,
        "iops_mean" : 0.000000,
        "iops_stddev" : 0.000000,
        "iops_samples" : 0
      },
      "sync" : {
        "total_ios" : 0,
        "lat_ns" : {
          "min" : 0,
          "max" : 0,
          "mean" : 0.000000,
          "stddev" : 0.000000,
          "N" : 0
        }
      },
      "job_runtime" : 7000,
      "usr_cpu" : 99.985714,
      "sys_cpu" : 0.000000,
      "ctx" : 26,
      "majf" : 0,
      "minf" : 0,
      "iodepth_level" : {
        "1" : 0.100000,
        "2" : 9.715921,
        "4" : 43.387421,
        "8" : 46.894910,
        "16" : 0.000000,
        "32" : 0.000000,
        ">=64" : 0.000000
      },
      "iodepth_submit" : {
        "0" : 0.000000,
        "4" : 100.000000,
        "8" : 0.000000,
        "16" : 0.000000,
        "32" : 0.000000,
        "64" : 0.000000,
        ">=64" : 0.000000
      },
      "iodepth_complete" : {
        "0" : 0.000000,
        "4" : 95.677259,
        "8" : 4.322741,
        "16" : 0.000000,
        "32" : 0.000000,
        "64" : 0.000000,
        ">=64" : 0.000000
      },
      "latency_ns" : {
        "2" : 0.000000,
        "4" : 0.000000,
        "10" : 0.000000,
        "20" : 0.000000,
        "50" : 0.000000,
        "100" : 0.000000,
        "250" : 0.000000,
        "500" : 0.000000,
        "750" : 0.000000,
        "1000" : 0.000000
      },
      "latency_us" : {
        "2" : 0.000000,
        "4" : 0.000000,
        "10" : 22.285450,
        "20" : 67.773863,
        "50" : 9.846531,
        "100" : 0.092104,
        "250" : 0.010000,
        "500" : 0.000000,
        "750" : 0.000000,
        "1000" : 0.000000
      },
      "latency_ms" : {
        "2" : 0.000000,
        "4" : 0.000000,
        "10" : 0.000000,
        "20" : 0.000000,
        "50" : 0.000000,
        "100" : 0.000000,
        "250" : 0.000000,
        "500" : 0.000000,
        "750" : 0.000000,
        "1000" : 0.000000,
        "2000" : 0.000000,
        ">=2000" : 0.000000
      },
      "latency_depth" : 8,
      "latency_target" : 0,
      "latency_percentile" : 100.000000,
      "latency_window" : 0
    }
  ]
}

io_uring_cmd-bdev_xnvme: (groupid=0, jobs=1): err= 0: pid=143310: Wed Oct 26 04:47:36 2022
  read: IOPS=515k, BW=251MiB/s (264MB/s)(1760MiB/7001msec)
    slat (nsec): min=170, max=9297, avg=249.73, stdev=28.58
    clat (usec): min=4, max=130, avg=14.36, stdev= 5.22
     lat (usec): min=5, max=130, avg=14.61, stdev= 5.21
    clat percentiles (nsec):
     |  1.00th=[ 7456],  5.00th=[ 8384], 10.00th=[ 8896], 20.00th=[ 9792],
     | 30.00th=[10560], 40.00th=[11712], 50.00th=[14144], 60.00th=[15424],
     | 70.00th=[16512], 80.00th=[18560], 90.00th=[20096], 95.00th=[22144],
     | 99.00th=[31616], 99.50th=[35584], 99.90th=[48384], 99.95th=[62720],
     | 99.99th=[78336]
   bw (  KiB/s): min=256603, max=259025, per=100.00%, avg=257567.50, stdev=671.52, samples=14
   iops        : min=513206, max=518050, avg=515135.14, stdev=1342.86, samples=14
  lat (usec)   : 10=22.29%, 20=67.77%, 50=9.85%, 100=0.09%, 250=0.01%
  cpu          : usr=99.99%, sys=0.00%, ctx=26, majf=0, minf=0
  IO depths    : 1=0.1%, 2=9.7%, 4=43.4%, 8=46.9%, 16=0.0%, 32=0.0%, >=64=0.0%
     submit    : 0=0.0%, 4=100.0%, 8=0.0%, 16=0.0%, 32=0.0%, 64=0.0%, >=64=0.0%
     complete  : 0=0.0%, 4=95.7%, 8=4.3%, 16=0.0%, 32=0.0%, 64=0.0%, >=64=0.0%
     issued rwts: total=3604630,0,0,0 short=0,0,0,0 dropped=0,0,0,0
     latency   : target=0, window=0, percentile=100.00%, depth=8

Run status group 0 (all jobs):
   READ: bw=251MiB/s (264MB/s), 251MiB/s-251MiB/s (264MB/s-264MB/s), io=1760MiB (1846MB), run=7001-7001msec
