libaio-xnvme: (g=0): rw=randread, bs=(R) 512B-512B, (W) 512B-512B, (T) 512B-512B, ioengine=xnvme, iodepth=2
fio-3.32-dirty
Starting 1 thread
{
  "fio version" : "fio-3.32-dirty",
  "timestamp" : 1666751858,
  "timestamp_ms" : 1666751858044,
  "time" : "Wed Oct 26 04:37:38 2022",
  "jobs" : [
    {
      "jobname" : "libaio-xnvme",
      "groupid" : 0,
      "error" : 0,
      "eta" : 0,
      "elapsed" : 11,
      "job options" : {
        "name" : "libaio-xnvme",
        "rw" : "randread",
        "size" : "12G",
        "iodepth" : "2",
        "bs" : "512",
        "direct" : "1",
        "thread" : "1",
        "time_based" : "1",
        "runtime" : "7",
        "ramp_time" : "3",
        "norandommap" : "1",
        "allow_file_create" : "0",
        "ioengine" : "external:/usr/local/lib/x86_64-linux-gnu/libxnvme-fio-engine.so",
        "xnvme_be" : "linux",
        "xnvme_async" : "libaio",
        "xnvme_sync" : "nvme",
        "xnvme_admin" : "nvme",
        "xnvme_dev_nsid" : "1",
        "filename" : "/dev/nvme0n1",
        "cpus_allowed" : "1"
      },
      "read" : {
        "io_bytes" : 724207104,
        "io_kbytes" : 707233,
        "bw_bytes" : 103443380,
        "bw" : 101018,
        "iops" : 202037.566062,
        "runtime" : 7001,
        "total_ios" : 1414465,
        "short_ios" : 0,
        "drop_ios" : 0,
        "slat_ns" : {
          "min" : 1472,
          "max" : 29145,
          "mean" : 1659.259898,
          "stddev" : 223.201329,
          "N" : 1414466
        },
        "clat_ns" : {
          "min" : 451,
          "max" : 122610,
          "mean" : 7996.446592,
          "stddev" : 1863.055498,
          "N" : 1414466,
          "percentile" : {
            "1.000000" : 4896,
            "5.000000" : 7520,
            "10.000000" : 7584,
            "20.000000" : 7584,
            "30.000000" : 7648,
            "40.000000" : 7712,
            "50.000000" : 7840,
            "60.000000" : 7840,
            "70.000000" : 7904,
            "80.000000" : 7968,
            "90.000000" : 8032,
            "95.000000" : 8256,
            "99.000000" : 15680,
            "99.500000" : 19584,
            "99.900000" : 25472,
            "99.950000" : 26240,
            "99.990000" : 67072
          }
        },
        "lat_ns" : {
          "min" : 5992,
          "max" : 124454,
          "mean" : 9655.706490,
          "stddev" : 1864.008513,
          "N" : 1414466
        },
        "bw_min" : 100860,
        "bw_max" : 101305,
        "bw_agg" : 100.000000,
        "bw_mean" : 101042.214286,
        "bw_dev" : 134.849305,
        "bw_samples" : 14,
        "iops_min" : 201720,
        "iops_max" : 202610,
        "iops_mean" : 202084.285714,
        "iops_stddev" : 269.778094,
        "iops_samples" : 14
      },
      "write" : {
        "io_bytes" : 0,
        "io_kbytes" : 0,
        "bw_bytes" : 0,
        "bw" : 0,
        "iops" : 0.000000,
        "runtime" : 0,
        "total_ios" : 0,
        "short_ios" : 0,
        "drop_ios" : 0,
        "slat_ns" : {
          "min" : 0,
          "max" : 0,
          "mean" : 0.000000,
          "stddev" : 0.000000,
          "N" : 0
        },
        "clat_ns" : {
          "min" : 0,
          "max" : 0,
          "mean" : 0.000000,
          "stddev" : 0.000000,
          "N" : 0
        },
        "lat_ns" : {
          "min" : 0,
          "max" : 0,
          "mean" : 0.000000,
          "stddev" : 0.000000,
          "N" : 0
        },
        "bw_min" : 0,
        "bw_max" : 0,
        "bw_agg" : 0.000000,
        "bw_mean" : 0.000000,
        "bw_dev" : 0.000000,
        "bw_samples" : 0,
        "iops_min" : 0,
        "iops_max" : 0,
        "iops_mean" : 0.000000,
        "iops_stddev" : 0.000000,
        "iops_samples" : 0
      },
      "trim" : {
        "io_bytes" : 0,
        "io_kbytes" : 0,
        "bw_bytes" : 0,
        "bw" : 0,
        "iops" : 0.000000,
        "runtime" : 0,
        "total_ios" : 0,
        "short_ios" : 0,
        "drop_ios" : 0,
        "slat_ns" : {
          "min" : 0,
          "max" : 0,
          "mean" : 0.000000,
          "stddev" : 0.000000,
          "N" : 0
        },
        "clat_ns" : {
          "min" : 0,
          "max" : 0,
          "mean" : 0.000000,
          "stddev" : 0.000000,
          "N" : 0
        },
        "lat_ns" : {
          "min" : 0,
          "max" : 0,
          "mean" : 0.000000,
          "stddev" : 0.000000,
          "N" : 0
        },
        "bw_min" : 0,
        "bw_max" : 0,
        "bw_agg" : 0.000000,
        "bw_mean" : 0.000000,
        "bw_dev" : 0.000000,
        "bw_samples" : 0,
        "iops_min" : 0,
        "iops_max" : 0,
        "iops_mean" : 0.000000,
        "iops_stddev" : 0.000000,
        "iops_samples" : 0
      },
      "sync" : {
        "total_ios" : 0,
        "lat_ns" : {
          "min" : 0,
          "max" : 0,
          "mean" : 0.000000,
          "stddev" : 0.000000,
          "N" : 0
        }
      },
      "job_runtime" : 7000,
      "usr_cpu" : 22.514286,
      "sys_cpu" : 57.471429,
      "ctx" : 693903,
      "majf" : 0,
      "minf" : 1,
      "iodepth_level" : {
        "1" : 0.000000,
        "2" : 100.000000,
        "4" : 0.000000,
        "8" : 0.000000,
        "16" : 0.000000,
        "32" : 0.000000,
        ">=64" : 0.000000
      },
      "iodepth_submit" : {
        "0" : 0.000000,
        "4" : 100.000000,
        "8" : 0.000000,
        "16" : 0.000000,
        "32" : 0.000000,
        "64" : 0.000000,
        ">=64" : 0.000000
      },
      "iodepth_complete" : {
        "0" : 0.000000,
        "4" : 100.000000,
        "8" : 0.000000,
        "16" : 0.000000,
        "32" : 0.000000,
        "64" : 0.000000,
        ">=64" : 0.000000
      },
      "latency_ns" : {
        "2" : 0.000000,
        "4" : 0.000000,
        "10" : 0.000000,
        "20" : 0.000000,
        "50" : 0.000000,
        "100" : 0.000000,
        "250" : 0.000000,
        "500" : 0.010000,
        "750" : 0.010000,
        "1000" : 0.000000
      },
      "latency_us" : {
        "2" : 0.000000,
        "4" : 0.010888,
        "10" : 96.823039,
        "20" : 2.759206,
        "50" : 0.380002,
        "100" : 0.020432,
        "250" : 0.010000,
        "500" : 0.000000,
        "750" : 0.000000,
        "1000" : 0.000000
      },
      "latency_ms" : {
        "2" : 0.000000,
        "4" : 0.000000,
        "10" : 0.000000,
        "20" : 0.000000,
        "50" : 0.000000,
        "100" : 0.000000,
        "250" : 0.000000,
        "500" : 0.000000,
        "750" : 0.000000,
        "1000" : 0.000000,
        "2000" : 0.000000,
        ">=2000" : 0.000000
      },
      "latency_depth" : 2,
      "latency_target" : 0,
      "latency_percentile" : 100.000000,
      "latency_window" : 0
    }
  ]
}

libaio-xnvme: (groupid=0, jobs=1): err= 0: pid=141498: Wed Oct 26 04:37:38 2022
  read: IOPS=202k, BW=98.7MiB/s (103MB/s)(691MiB/7001msec)
    slat (nsec): min=1472, max=29145, avg=1659.26, stdev=223.20
    clat (nsec): min=451, max=122610, avg=7996.45, stdev=1863.06
     lat (usec): min=5, max=124, avg= 9.66, stdev= 1.86
    clat percentiles (nsec):
     |  1.00th=[ 4896],  5.00th=[ 7520], 10.00th=[ 7584], 20.00th=[ 7584],
     | 30.00th=[ 7648], 40.00th=[ 7712], 50.00th=[ 7840], 60.00th=[ 7840],
     | 70.00th=[ 7904], 80.00th=[ 7968], 90.00th=[ 8032], 95.00th=[ 8256],
     | 99.00th=[15680], 99.50th=[19584], 99.90th=[25472], 99.95th=[26240],
     | 99.99th=[67072]
   bw (  KiB/s): min=100860, max=101305, per=100.00%, avg=101042.21, stdev=134.85, samples=14
   iops        : min=201720, max=202610, avg=202084.29, stdev=269.78, samples=14
  lat (nsec)   : 500=0.01%, 750=0.01%
  lat (usec)   : 4=0.01%, 10=96.82%, 20=2.76%, 50=0.38%, 100=0.02%
  lat (usec)   : 250=0.01%
  cpu          : usr=22.51%, sys=57.47%, ctx=693903, majf=0, minf=1
  IO depths    : 1=0.0%, 2=100.0%, 4=0.0%, 8=0.0%, 16=0.0%, 32=0.0%, >=64=0.0%
     submit    : 0=0.0%, 4=100.0%, 8=0.0%, 16=0.0%, 32=0.0%, 64=0.0%, >=64=0.0%
     complete  : 0=0.0%, 4=100.0%, 8=0.0%, 16=0.0%, 32=0.0%, 64=0.0%, >=64=0.0%
     issued rwts: total=1414465,0,0,0 short=0,0,0,0 dropped=0,0,0,0
     latency   : target=0, window=0, percentile=100.00%, depth=2

Run status group 0 (all jobs):
   READ: bw=98.7MiB/s (103MB/s), 98.7MiB/s-98.7MiB/s (103MB/s-103MB/s), io=691MiB (724MB), run=7001-7001msec
