io_uring_cmd-reference: (g=0): rw=randread, bs=(R) 512B-512B, (W) 512B-512B, (T) 512B-512B, ioengine=io_uring_cmd, iodepth=8
fio-3.32-dirty
Starting 1 thread
{
  "fio version" : "fio-3.32-dirty",
  "timestamp" : 1666752371,
  "timestamp_ms" : 1666752371752,
  "time" : "Wed Oct 26 04:46:11 2022",
  "jobs" : [
    {
      "jobname" : "io_uring_cmd-reference",
      "groupid" : 0,
      "error" : 0,
      "eta" : 0,
      "elapsed" : 11,
      "job options" : {
        "name" : "io_uring_cmd-reference",
        "rw" : "randread",
        "size" : "12G",
        "iodepth" : "8",
        "bs" : "512",
        "direct" : "0",
        "thread" : "1",
        "time_based" : "1",
        "runtime" : "7",
        "ramp_time" : "3",
        "norandommap" : "1",
        "allow_file_create" : "0",
        "ioengine" : "io_uring_cmd",
        "filename" : "/dev/ng0n1",
        "cpus_allowed" : "1"
      },
      "read" : {
        "io_bytes" : 1196563968,
        "io_kbytes" : 1168519,
        "bw_bytes" : 170913293,
        "bw" : 166907,
        "iops" : 333813.883731,
        "runtime" : 7001,
        "total_ios" : 2337031,
        "short_ios" : 0,
        "drop_ios" : 0,
        "slat_ns" : {
          "min" : 1152,
          "max" : 24005,
          "mean" : 2220.236975,
          "stddev" : 1090.837490,
          "N" : 2337032
        },
        "clat_ns" : {
          "min" : 3196,
          "max" : 144360,
          "mean" : 21244.316029,
          "stddev" : 3839.831790,
          "N" : 2337038,
          "percentile" : {
            "1.000000" : 13888,
            "5.000000" : 18816,
            "10.000000" : 19072,
            "20.000000" : 19328,
            "30.000000" : 20352,
            "40.000000" : 20608,
            "50.000000" : 20608,
            "60.000000" : 20864,
            "70.000000" : 21632,
            "80.000000" : 21888,
            "90.000000" : 22912,
            "95.000000" : 24960,
            "99.000000" : 41728,
            "99.500000" : 44288,
            "99.900000" : 53504,
            "99.950000" : 64768,
            "99.990000" : 81408
          }
        },
        "lat_ns" : {
          "min" : 7093,
          "max" : 145563,
          "mean" : 23464.552185,
          "stddev" : 3807.683431,
          "N" : 2337038
        },
        "bw_min" : 166713,
        "bw_max" : 167275,
        "bw_agg" : 100.000000,
        "bw_mean" : 166953.357143,
        "bw_dev" : 172.887517,
        "bw_samples" : 14,
        "iops_min" : 333426,
        "iops_max" : 334550,
        "iops_mean" : 333906.928571,
        "iops_stddev" : 345.829763,
        "iops_samples" : 14
      },
      "write" : {
        "io_bytes" : 0,
        "io_kbytes" : 0,
        "bw_bytes" : 0,
        "bw" : 0,
        "iops" : 0.000000,
        "runtime" : 0,
        "total_ios" : 0,
        "short_ios" : 0,
        "drop_ios" : 0,
        "slat_ns" : {
          "min" : 0,
          "max" : 0,
          "mean" : 0.000000,
          "stddev" : 0.000000,
          "N" : 0
        },
        "clat_ns" : {
          "min" : 0,
          "max" : 0,
          "mean" : 0.000000,
          "stddev" : 0.000000,
          "N" : 0
        },
        "lat_ns" : {
          "min" : 0,
          "max" : 0,
          "mean" : 0.000000,
          "stddev" : 0.000000,
          "N" : 0
        },
        "bw_min" : 0,
        "bw_max" : 0,
        "bw_agg" : 0.000000,
        "bw_mean" : 0.000000,
        "bw_dev" : 0.000000,
        "bw_samples" : 0,
        "iops_min" : 0,
        "iops_max" : 0,
        "iops_mean" : 0.000000,
        "iops_stddev" : 0.000000,
        "iops_samples" : 0
      },
      "trim" : {
        "io_bytes" : 0,
        "io_kbytes" : 0,
        "bw_bytes" : 0,
        "bw" : 0,
        "iops" : 0.000000,
        "runtime" : 0,
        "total_ios" : 0,
        "short_ios" : 0,
        "drop_ios" : 0,
        "slat_ns" : {
          "min" : 0,
          "max" : 0,
          "mean" : 0.000000,
          "stddev" : 0.000000,
          "N" : 0
        },
        "clat_ns" : {
          "min" : 0,
          "max" : 0,
          "mean" : 0.000000,
          "stddev" : 0.000000,
          "N" : 0
        },
        "lat_ns" : {
          "min" : 0,
          "max" : 0,
          "mean" : 0.000000,
          "stddev" : 0.000000,
          "N" : 0
        },
        "bw_min" : 0,
        "bw_max" : 0,
        "bw_agg" : 0.000000,
        "bw_mean" : 0.000000,
        "bw_dev" : 0.000000,
        "bw_samples" : 0,
        "iops_min" : 0,
        "iops_max" : 0,
        "iops_mean" : 0.000000,
        "iops_stddev" : 0.000000,
        "iops_samples" : 0
      },
      "sync" : {
        "total_ios" : 0,
        "lat_ns" : {
          "min" : 0,
          "max" : 0,
          "mean" : 0.000000,
          "stddev" : 0.000000,
          "N" : 0
        }
      },
      "job_runtime" : 7000,
      "usr_cpu" : 13.800000,
      "sys_cpu" : 83.771429,
      "ctx" : 12624,
      "majf" : 0,
      "minf" : 0,
      "iodepth_level" : {
        "1" : 0.000000,
        "2" : 0.000000,
        "4" : 0.000000,
        "8" : 100.000000,
        "16" : 0.000000,
        "32" : 0.000000,
        ">=64" : 0.000000
      },
      "iodepth_submit" : {
        "0" : 0.000000,
        "4" : 100.000000,
        "8" : 0.000000,
        "16" : 0.000000,
        "32" : 0.000000,
        "64" : 0.000000,
        ">=64" : 0.000000
      },
      "iodepth_complete" : {
        "0" : 0.000000,
        "4" : 99.999957,
        "8" : 0.100000,
        "16" : 0.000000,
        "32" : 0.000000,
        "64" : 0.000000,
        ">=64" : 0.000000
      },
      "latency_ns" : {
        "2" : 0.000000,
        "4" : 0.000000,
        "10" : 0.000000,
        "20" : 0.000000,
        "50" : 0.000000,
        "100" : 0.000000,
        "250" : 0.000000,
        "500" : 0.000000,
        "750" : 0.000000,
        "1000" : 0.000000
      },
      "latency_us" : {
        "2" : 0.000000,
        "4" : 0.010000,
        "10" : 0.015575,
        "20" : 23.539739,
        "50" : 76.322522,
        "100" : 0.120965,
        "250" : 0.010000,
        "500" : 0.000000,
        "750" : 0.000000,
        "1000" : 0.000000
      },
      "latency_ms" : {
        "2" : 0.000000,
        "4" : 0.000000,
        "10" : 0.000000,
        "20" : 0.000000,
        "50" : 0.000000,
        "100" : 0.000000,
        "250" : 0.000000,
        "500" : 0.000000,
        "750" : 0.000000,
        "1000" : 0.000000,
        "2000" : 0.000000,
        ">=2000" : 0.000000
      },
      "latency_depth" : 8,
      "latency_target" : 0,
      "latency_percentile" : 100.000000,
      "latency_window" : 0
    }
  ]
}

io_uring_cmd-reference: (groupid=0, jobs=1): err= 0: pid=143058: Wed Oct 26 04:46:11 2022
  read: IOPS=334k, BW=163MiB/s (171MB/s)(1141MiB/7001msec)
    slat (nsec): min=1152, max=24005, avg=2220.24, stdev=1090.84
    clat (usec): min=3, max=144, avg=21.24, stdev= 3.84
     lat (usec): min=7, max=145, avg=23.46, stdev= 3.81
    clat percentiles (nsec):
     |  1.00th=[13888],  5.00th=[18816], 10.00th=[19072], 20.00th=[19328],
     | 30.00th=[20352], 40.00th=[20608], 50.00th=[20608], 60.00th=[20864],
     | 70.00th=[21632], 80.00th=[21888], 90.00th=[22912], 95.00th=[24960],
     | 99.00th=[41728], 99.50th=[44288], 99.90th=[53504], 99.95th=[64768],
     | 99.99th=[81408]
   bw (  KiB/s): min=166713, max=167275, per=100.00%, avg=166953.36, stdev=172.89, samples=14
   iops        : min=333426, max=334550, avg=333906.93, stdev=345.83, samples=14
  lat (usec)   : 4=0.01%, 10=0.02%, 20=23.54%, 50=76.32%, 100=0.12%
  lat (usec)   : 250=0.01%
  cpu          : usr=13.80%, sys=83.77%, ctx=12624, majf=0, minf=0
  IO depths    : 1=0.0%, 2=0.0%, 4=0.0%, 8=100.0%, 16=0.0%, 32=0.0%, >=64=0.0%
     submit    : 0=0.0%, 4=100.0%, 8=0.0%, 16=0.0%, 32=0.0%, 64=0.0%, >=64=0.0%
     complete  : 0=0.0%, 4=100.0%, 8=0.1%, 16=0.0%, 32=0.0%, 64=0.0%, >=64=0.0%
     issued rwts: total=2337031,0,0,0 short=0,0,0,0 dropped=0,0,0,0
     latency   : target=0, window=0, percentile=100.00%, depth=8

Run status group 0 (all jobs):
   READ: bw=163MiB/s (171MB/s), 163MiB/s-163MiB/s (171MB/s-171MB/s), io=1141MiB (1197MB), run=7001-7001msec
