libaio-reference: (g=0): rw=randread, bs=(R) 512B-512B, (W) 512B-512B, (T) 512B-512B, ioengine=libaio, iodepth=2
fio-3.32-dirty
Starting 1 thread
{
  "fio version" : "fio-3.32-dirty",
  "timestamp" : 1666751726,
  "timestamp_ms" : 1666751726267,
  "time" : "Wed Oct 26 04:35:26 2022",
  "jobs" : [
    {
      "jobname" : "libaio-reference",
      "groupid" : 0,
      "error" : 0,
      "eta" : 0,
      "elapsed" : 11,
      "job options" : {
        "name" : "libaio-reference",
        "rw" : "randread",
        "size" : "12G",
        "iodepth" : "2",
        "bs" : "512",
        "direct" : "1",
        "thread" : "1",
        "time_based" : "1",
        "runtime" : "7",
        "ramp_time" : "3",
        "norandommap" : "1",
        "allow_file_create" : "0",
        "ioengine" : "libaio",
        "filename" : "/dev/nvme0n1",
        "cpus_allowed" : "1"
      },
      "read" : {
        "io_bytes" : 770420224,
        "io_kbytes" : 752363,
        "bw_bytes" : 110044311,
        "bw" : 107465,
        "iops" : 214930.009999,
        "runtime" : 7001,
        "total_ios" : 1504725,
        "short_ios" : 0,
        "drop_ios" : 0,
        "slat_ns" : {
          "min" : 1412,
          "max" : 15820,
          "mean" : 1557.443289,
          "stddev" : 138.168896,
          "N" : 1504726
        },
        "clat_ns" : {
          "min" : 400,
          "max" : 123452,
          "mean" : 7487.520184,
          "stddev" : 1736.521261,
          "N" : 1504726,
          "percentile" : {
            "1.000000" : 6944,
            "5.000000" : 7008,
            "10.000000" : 7008,
            "20.000000" : 7072,
            "30.000000" : 7136,
            "40.000000" : 7200,
            "50.000000" : 7264,
            "60.000000" : 7264,
            "70.000000" : 7328,
            "80.000000" : 7392,
            "90.000000" : 7456,
            "95.000000" : 7712,
            "99.000000" : 15680,
            "99.500000" : 19328,
            "99.900000" : 20608,
            "99.950000" : 24448,
            "99.990000" : 64256
          }
        },
        "lat_ns" : {
          "min" : 5961,
          "max" : 125115,
          "mean" : 9044.963474,
          "stddev" : 1739.023859,
          "N" : 1504726
        },
        "bw_min" : 107304,
        "bw_max" : 107838,
        "bw_agg" : 100.000000,
        "bw_mean" : 107519.384615,
        "bw_dev" : 142.703970,
        "bw_samples" : 13,
        "iops_min" : 214608,
        "iops_max" : 215674,
        "iops_mean" : 215038.615385,
        "iops_stddev" : 285.036120,
        "iops_samples" : 13
      },
      "write" : {
        "io_bytes" : 0,
        "io_kbytes" : 0,
        "bw_bytes" : 0,
        "bw" : 0,
        "iops" : 0.000000,
        "runtime" : 0,
        "total_ios" : 0,
        "short_ios" : 0,
        "drop_ios" : 0,
        "slat_ns" : {
          "min" : 0,
          "max" : 0,
          "mean" : 0.000000,
          "stddev" : 0.000000,
          "N" : 0
        },
        "clat_ns" : {
          "min" : 0,
          "max" : 0,
          "mean" : 0.000000,
          "stddev" : 0.000000,
          "N" : 0
        },
        "lat_ns" : {
          "min" : 0,
          "max" : 0,
          "mean" : 0.000000,
          "stddev" : 0.000000,
          "N" : 0
        },
        "bw_min" : 0,
        "bw_max" : 0,
        "bw_agg" : 0.000000,
        "bw_mean" : 0.000000,
        "bw_dev" : 0.000000,
        "bw_samples" : 0,
        "iops_min" : 0,
        "iops_max" : 0,
        "iops_mean" : 0.000000,
        "iops_stddev" : 0.000000,
        "iops_samples" : 0
      },
      "trim" : {
        "io_bytes" : 0,
        "io_kbytes" : 0,
        "bw_bytes" : 0,
        "bw" : 0,
        "iops" : 0.000000,
        "runtime" : 0,
        "total_ios" : 0,
        "short_ios" : 0,
        "drop_ios" : 0,
        "slat_ns" : {
          "min" : 0,
          "max" : 0,
          "mean" : 0.000000,
          "stddev" : 0.000000,
          "N" : 0
        },
        "clat_ns" : {
          "min" : 0,
          "max" : 0,
          "mean" : 0.000000,
          "stddev" : 0.000000,
          "N" : 0
        },
        "lat_ns" : {
          "min" : 0,
          "max" : 0,
          "mean" : 0.000000,
          "stddev" : 0.000000,
          "N" : 0
        },
        "bw_min" : 0,
        "bw_max" : 0,
        "bw_agg" : 0.000000,
        "bw_mean" : 0.000000,
        "bw_dev" : 0.000000,
        "bw_samples" : 0,
        "iops_min" : 0,
        "iops_max" : 0,
        "iops_mean" : 0.000000,
        "iops_stddev" : 0.000000,
        "iops_samples" : 0
      },
      "sync" : {
        "total_ios" : 0,
        "lat_ns" : {
          "min" : 0,
          "max" : 0,
          "mean" : 0.000000,
          "stddev" : 0.000000,
          "N" : 0
        }
      },
      "job_runtime" : 7000,
      "usr_cpu" : 23.071429,
      "sys_cpu" : 55.214286,
      "ctx" : 751974,
      "majf" : 0,
      "minf" : 0,
      "iodepth_level" : {
        "1" : 0.000000,
        "2" : 100.000000,
        "4" : 0.000000,
        "8" : 0.000000,
        "16" : 0.000000,
        "32" : 0.000000,
        ">=64" : 0.000000
      },
      "iodepth_submit" : {
        "0" : 0.000000,
        "4" : 100.000000,
        "8" : 0.000000,
        "16" : 0.000000,
        "32" : 0.000000,
        "64" : 0.000000,
        ">=64" : 0.000000
      },
      "iodepth_complete" : {
        "0" : 0.000000,
        "4" : 100.000000,
        "8" : 0.000000,
        "16" : 0.000000,
        "32" : 0.000000,
        "64" : 0.000000,
        ">=64" : 0.000000
      },
      "latency_ns" : {
        "2" : 0.000000,
        "4" : 0.000000,
        "10" : 0.000000,
        "20" : 0.000000,
        "50" : 0.000000,
        "100" : 0.000000,
        "250" : 0.000000,
        "500" : 0.010000,
        "750" : 0.000000,
        "1000" : 0.000000
      },
      "latency_us" : {
        "2" : 0.000000,
        "4" : 0.010000,
        "10" : 96.981841,
        "20" : 2.622007,
        "50" : 0.365117,
        "100" : 0.019671,
        "250" : 0.010000,
        "500" : 0.000000,
        "750" : 0.000000,
        "1000" : 0.000000
      },
      "latency_ms" : {
        "2" : 0.000000,
        "4" : 0.000000,
        "10" : 0.000000,
        "20" : 0.000000,
        "50" : 0.000000,
        "100" : 0.000000,
        "250" : 0.000000,
        "500" : 0.000000,
        "750" : 0.000000,
        "1000" : 0.000000,
        "2000" : 0.000000,
        ">=2000" : 0.000000
      },
      "latency_depth" : 2,
      "latency_target" : 0,
      "latency_percentile" : 100.000000,
      "latency_window" : 0
    }
  ],
  "disk_util" : [
    {
      "name" : "nvme0n1",
      "read_ios" : 2102056,
      "write_ios" : 0,
      "read_merges" : 0,
      "write_merges" : 0,
      "read_ticks" : 10370,
      "write_ticks" : 0,
      "in_queue" : 10370,
      "util" : 99.085923
    }
  ]
}

libaio-reference: (groupid=0, jobs=1): err= 0: pid=141084: Wed Oct 26 04:35:26 2022
  read: IOPS=215k, BW=105MiB/s (110MB/s)(735MiB/7001msec)
    slat (nsec): min=1412, max=15820, avg=1557.44, stdev=138.17
    clat (nsec): min=400, max=123452, avg=7487.52, stdev=1736.52
     lat (usec): min=5, max=125, avg= 9.04, stdev= 1.74
    clat percentiles (nsec):
     |  1.00th=[ 6944],  5.00th=[ 7008], 10.00th=[ 7008], 20.00th=[ 7072],
     | 30.00th=[ 7136], 40.00th=[ 7200], 50.00th=[ 7264], 60.00th=[ 7264],
     | 70.00th=[ 7328], 80.00th=[ 7392], 90.00th=[ 7456], 95.00th=[ 7712],
     | 99.00th=[15680], 99.50th=[19328], 99.90th=[20608], 99.95th=[24448],
     | 99.99th=[64256]
   bw (  KiB/s): min=107304, max=107838, per=100.00%, avg=107519.38, stdev=142.70, samples=13
   iops        : min=214608, max=215674, avg=215038.62, stdev=285.04, samples=13
  lat (nsec)   : 500=0.01%
  lat (usec)   : 4=0.01%, 10=96.98%, 20=2.62%, 50=0.37%, 100=0.02%
  lat (usec)   : 250=0.01%
  cpu          : usr=23.07%, sys=55.21%, ctx=751974, majf=0, minf=0
  IO depths    : 1=0.0%, 2=100.0%, 4=0.0%, 8=0.0%, 16=0.0%, 32=0.0%, >=64=0.0%
     submit    : 0=0.0%, 4=100.0%, 8=0.0%, 16=0.0%, 32=0.0%, 64=0.0%, >=64=0.0%
     complete  : 0=0.0%, 4=100.0%, 8=0.0%, 16=0.0%, 32=0.0%, 64=0.0%, >=64=0.0%
     issued rwts: total=1504725,0,0,0 short=0,0,0,0 dropped=0,0,0,0
     latency   : target=0, window=0, percentile=100.00%, depth=2

Run status group 0 (all jobs):
   READ: bw=105MiB/s (110MB/s), 105MiB/s-105MiB/s (110MB/s-110MB/s), io=735MiB (770MB), run=7001-7001msec

Disk stats (read/write):
  nvme0n1: ios=2102056/0, merge=0/0, ticks=10370/0, in_queue=10370, util=99.09%
