io_uring-xnvme: (g=0): rw=randread, bs=(R) 512B-512B, (W) 512B-512B, (T) 512B-512B, ioengine=xnvme, iodepth=4
fio-3.32-dirty
Starting 1 thread
{
  "fio version" : "fio-3.32-dirty",
  "timestamp" : 1666752157,
  "timestamp_ms" : 1666752157934,
  "time" : "Wed Oct 26 04:42:37 2022",
  "jobs" : [
    {
      "jobname" : "io_uring-xnvme",
      "groupid" : 0,
      "error" : 0,
      "eta" : 0,
      "elapsed" : 11,
      "job options" : {
        "name" : "io_uring-xnvme",
        "rw" : "randread",
        "size" : "12G",
        "iodepth" : "4",
        "bs" : "512",
        "direct" : "1",
        "thread" : "1",
        "time_based" : "1",
        "runtime" : "7",
        "ramp_time" : "3",
        "norandommap" : "1",
        "allow_file_create" : "0",
        "ioengine" : "external:/usr/local/lib/x86_64-linux-gnu/libxnvme-fio-engine.so",
        "xnvme_be" : "linux",
        "xnvme_async" : "io_uring",
        "xnvme_sync" : "nvme",
        "xnvme_admin" : "nvme",
        "xnvme_dev_nsid" : "1",
        "filename" : "/dev/nvme0n1",
        "cpus_allowed" : "1"
      },
      "read" : {
        "io_bytes" : 1083688448,
        "io_kbytes" : 1058289,
        "bw_bytes" : 154790522,
        "bw" : 151162,
        "iops" : 302324.667905,
        "runtime" : 7001,
        "total_ios" : 2116575,
        "short_ios" : 0,
        "drop_ios" : 0,
        "slat_ns" : {
          "min" : 1362,
          "max" : 21871,
          "mean" : 2810.793388,
          "stddev" : 1238.113474,
          "N" : 2116576
        },
        "clat_ns" : {
          "min" : 110,
          "max" : 126127,
          "mean" : 10178.077711,
          "stddev" : 2575.128921,
          "N" : 2116578,
          "percentile" : {
            "1.000000" : 6880,
            "5.000000" : 7968,
            "10.000000" : 8512,
            "20.000000" : 9536,
            "30.000000" : 9664,
            "40.000000" : 9664,
            "50.000000" : 9792,
            "60.000000" : 9792,
            "70.000000" : 9920,
            "80.000000" : 10048,
            "90.000000" : 11456,
            "95.000000" : 11968,
            "99.000000" : 23424,
            "99.500000" : 24960,
            "99.900000" : 30336,
            "99.950000" : 34560,
            "99.990000" : 71168
          }
        },
        "lat_ns" : {
          "min" : 5841,
          "max" : 127520,
          "mean" : 12988.870477,
          "stddev" : 2788.918764,
          "N" : 2116578
        },
        "bw_min" : 150921,
        "bw_max" : 151477,
        "bw_agg" : 100.000000,
        "bw_mean" : 151202.642857,
        "bw_dev" : 172.050801,
        "bw_samples" : 14,
        "iops_min" : 301842,
        "iops_max" : 302954,
        "iops_mean" : 302405.500000,
        "iops_stddev" : 344.057408,
        "iops_samples" : 14
      },
      "write" : {
        "io_bytes" : 0,
        "io_kbytes" : 0,
        "bw_bytes" : 0,
        "bw" : 0,
        "iops" : 0.000000,
        "runtime" : 0,
        "total_ios" : 0,
        "short_ios" : 0,
        "drop_ios" : 0,
        "slat_ns" : {
          "min" : 0,
          "max" : 0,
          "mean" : 0.000000,
          "stddev" : 0.000000,
          "N" : 0
        },
        "clat_ns" : {
          "min" : 0,
          "max" : 0,
          "mean" : 0.000000,
          "stddev" : 0.000000,
          "N" : 0
        },
        "lat_ns" : {
          "min" : 0,
          "max" : 0,
          "mean" : 0.000000,
          "stddev" : 0.000000,
          "N" : 0
        },
        "bw_min" : 0,
        "bw_max" : 0,
        "bw_agg" : 0.000000,
        "bw_mean" : 0.000000,
        "bw_dev" : 0.000000,
        "bw_samples" : 0,
        "iops_min" : 0,
        "iops_max" : 0,
        "iops_mean" : 0.000000,
        "iops_stddev" : 0.000000,
        "iops_samples" : 0
      },
      "trim" : {
        "io_bytes" : 0,
        "io_kbytes" : 0,
        "bw_bytes" : 0,
        "bw" : 0,
        "iops" : 0.000000,
        "runtime" : 0,
        "total_ios" : 0,
        "short_ios" : 0,
        "drop_ios" : 0,
        "slat_ns" : {
          "min" : 0,
          "max" : 0,
          "mean" : 0.000000,
          "stddev" : 0.000000,
          "N" : 0
        },
        "clat_ns" : {
          "min" : 0,
          "max" : 0,
          "mean" : 0.000000,
          "stddev" : 0.000000,
          "N" : 0
        },
        "lat_ns" : {
          "min" : 0,
          "max" : 0,
          "mean" : 0.000000,
          "stddev" : 0.000000,
          "N" : 0
        },
        "bw_min" : 0,
        "bw_max" : 0,
        "bw_agg" : 0.000000,
        "bw_mean" : 0.000000,
        "bw_dev" : 0.000000,
        "bw_samples" : 0,
        "iops_min" : 0,
        "iops_max" : 0,
        "iops_mean" : 0.000000,
        "iops_stddev" : 0.000000,
        "iops_samples" : 0
      },
      "sync" : {
        "total_ios" : 0,
        "lat_ns" : {
          "min" : 0,
          "max" : 0,
          "mean" : 0.000000,
          "stddev" : 0.000000,
          "N" : 0
        }
      },
      "job_runtime" : 7000,
      "usr_cpu" : 17.585714,
      "sys_cpu" : 80.171429,
      "ctx" : 12447,
      "majf" : 0,
      "minf" : 0,
      "iodepth_level" : {
        "1" : 0.000000,
        "2" : 0.000000,
        "4" : 100.000000,
        "8" : 0.000000,
        "16" : 0.000000,
        "32" : 0.000000,
        ">=64" : 0.000000
      },
      "iodepth_submit" : {
        "0" : 0.000000,
        "4" : 100.000000,
        "8" : 0.000000,
        "16" : 0.000000,
        "32" : 0.000000,
        "64" : 0.000000,
        ">=64" : 0.000000
      },
      "iodepth_complete" : {
        "0" : 0.000000,
        "4" : 100.000000,
        "8" : 0.000000,
        "16" : 0.000000,
        "32" : 0.000000,
        "64" : 0.000000,
        ">=64" : 0.000000
      },
      "latency_ns" : {
        "2" : 0.000000,
        "4" : 0.000000,
        "10" : 0.000000,
        "20" : 0.000000,
        "50" : 0.000000,
        "100" : 0.000000,
        "250" : 0.010000,
        "500" : 0.000000,
        "750" : 0.000000,
        "1000" : 0.000000
      },
      "latency_us" : {
        "2" : 0.019702,
        "4" : 0.111123,
        "10" : 79.619905,
        "20" : 18.496203,
        "50" : 1.703979,
        "100" : 0.044884,
        "250" : 0.010000,
        "500" : 0.000000,
        "750" : 0.000000,
        "1000" : 0.000000
      },
      "latency_ms" : {
        "2" : 0.000000,
        "4" : 0.000000,
        "10" : 0.000000,
        "20" : 0.000000,
        "50" : 0.000000,
        "100" : 0.000000,
        "250" : 0.000000,
        "500" : 0.000000,
        "750" : 0.000000,
        "1000" : 0.000000,
        "2000" : 0.000000,
        ">=2000" : 0.000000
      },
      "latency_depth" : 4,
      "latency_target" : 0,
      "latency_percentile" : 100.000000,
      "latency_window" : 0
    }
  ]
}

io_uring-xnvme: (groupid=0, jobs=1): err= 0: pid=142408: Wed Oct 26 04:42:37 2022
  read: IOPS=302k, BW=148MiB/s (155MB/s)(1033MiB/7001msec)
    slat (nsec): min=1362, max=21871, avg=2810.79, stdev=1238.11
    clat (nsec): min=110, max=126127, avg=10178.08, stdev=2575.13
     lat (usec): min=5, max=127, avg=12.99, stdev= 2.79
    clat percentiles (nsec):
     |  1.00th=[ 6880],  5.00th=[ 7968], 10.00th=[ 8512], 20.00th=[ 9536],
     | 30.00th=[ 9664], 40.00th=[ 9664], 50.00th=[ 9792], 60.00th=[ 9792],
     | 70.00th=[ 9920], 80.00th=[10048], 90.00th=[11456], 95.00th=[11968],
     | 99.00th=[23424], 99.50th=[24960], 99.90th=[30336], 99.95th=[34560],
     | 99.99th=[71168]
   bw (  KiB/s): min=150921, max=151477, per=100.00%, avg=151202.64, stdev=172.05, samples=14
   iops        : min=301842, max=302954, avg=302405.50, stdev=344.06, samples=14
  lat (nsec)   : 250=0.01%
  lat (usec)   : 2=0.02%, 4=0.11%, 10=79.62%, 20=18.50%, 50=1.70%
  lat (usec)   : 100=0.04%, 250=0.01%
  cpu          : usr=17.59%, sys=80.17%, ctx=12447, majf=0, minf=0
  IO depths    : 1=0.0%, 2=0.0%, 4=100.0%, 8=0.0%, 16=0.0%, 32=0.0%, >=64=0.0%
     submit    : 0=0.0%, 4=100.0%, 8=0.0%, 16=0.0%, 32=0.0%, 64=0.0%, >=64=0.0%
     complete  : 0=0.0%, 4=100.0%, 8=0.0%, 16=0.0%, 32=0.0%, 64=0.0%, >=64=0.0%
     issued rwts: total=2116575,0,0,0 short=0,0,0,0 dropped=0,0,0,0
     latency   : target=0, window=0, percentile=100.00%, depth=4

Run status group 0 (all jobs):
   READ: bw=148MiB/s (155MB/s), 148MiB/s-148MiB/s (155MB/s-155MB/s), io=1033MiB (1084MB), run=7001-7001msec
