libaio-bdev_aio: (g=0): rw=randread, bs=(R) 512B-512B, (W) 512B-512B, (T) 512B-512B, ioengine=spdk_bdev, iodepth=4
fio-3.32-dirty
Starting 1 thread
{
  "fio version" : "fio-3.32-dirty",
  "timestamp" : 1666752257,
  "timestamp_ms" : 1666752257808,
  "time" : "Wed Oct 26 04:44:17 2022",
  "jobs" : [
    {
      "jobname" : "libaio-bdev_aio",
      "groupid" : 0,
      "error" : 0,
      "eta" : 0,
      "elapsed" : 11,
      "job options" : {
        "name" : "libaio-bdev_aio",
        "rw" : "randread",
        "size" : "12G",
        "iodepth" : "4",
        "bs" : "512",
        "direct" : "1",
        "thread" : "1",
        "time_based" : "1",
        "runtime" : "7",
        "ramp_time" : "3",
        "norandommap" : "1",
        "allow_file_create" : "0",
        "ioengine" : "spdk_bdev",
        "spdk_conf" : "/tmp/spdk_bdev_aio_foo.conf",
        "filename" : "Nvme0n1",
        "cpus_allowed" : "1"
      },
      "read" : {
        "io_bytes" : 1064985600,
        "io_kbytes" : 1040025,
        "bw_bytes" : 152119068,
        "bw" : 148553,
        "iops" : 297107.270390,
        "runtime" : 7001,
        "total_ios" : 2080048,
        "short_ios" : 0,
        "drop_ios" : 0,
        "slat_ns" : {
          "min" : 1593,
          "max" : 32571,
          "mean" : 2739.548837,
          "stddev" : 1047.822313,
          "N" : 2080049
        },
        "clat_ns" : {
          "min" : 270,
          "max" : 117951,
          "mean" : 7801.096301,
          "stddev" : 3165.549384,
          "N" : 2080050,
          "percentile" : {
            "1.000000" : 3312,
            "5.000000" : 3440,
            "10.000000" : 4576,
            "20.000000" : 4704,
            "30.000000" : 6432,
            "40.000000" : 6560,
            "50.000000" : 6944,
            "60.000000" : 8512,
            "70.000000" : 9920,
            "80.000000" : 10048,
            "90.000000" : 11200,
            "95.000000" : 11456,
            "99.000000" : 18304,
            "99.500000" : 21120,
            "99.900000" : 25472,
            "99.950000" : 32128,
            "99.990000" : 64256
          }
        },
        "lat_ns" : {
          "min" : 5830,
          "max" : 119664,
          "mean" : 10540.645231,
          "stddev" : 3389.356523,
          "N" : 2080050
        },
        "bw_min" : 148084,
        "bw_max" : 149034,
        "bw_agg" : 100.000000,
        "bw_mean" : 148592.357143,
        "bw_dev" : 285.577043,
        "bw_samples" : 14,
        "iops_min" : 296168,
        "iops_max" : 298068,
        "iops_mean" : 297184.714286,
        "iops_stddev" : 571.154085,
        "iops_samples" : 14
      },
      "write" : {
        "io_bytes" : 0,
        "io_kbytes" : 0,
        "bw_bytes" : 0,
        "bw" : 0,
        "iops" : 0.000000,
        "runtime" : 0,
        "total_ios" : 0,
        "short_ios" : 0,
        "drop_ios" : 0,
        "slat_ns" : {
          "min" : 0,
          "max" : 0,
          "mean" : 0.000000,
          "stddev" : 0.000000,
          "N" : 0
        },
        "clat_ns" : {
          "min" : 0,
          "max" : 0,
          "mean" : 0.000000,
          "stddev" : 0.000000,
          "N" : 0
        },
        "lat_ns" : {
          "min" : 0,
          "max" : 0,
          "mean" : 0.000000,
          "stddev" : 0.000000,
          "N" : 0
        },
        "bw_min" : 0,
        "bw_max" : 0,
        "bw_agg" : 0.000000,
        "bw_mean" : 0.000000,
        "bw_dev" : 0.000000,
        "bw_samples" : 0,
        "iops_min" : 0,
        "iops_max" : 0,
        "iops_mean" : 0.000000,
        "iops_stddev" : 0.000000,
        "iops_samples" : 0
      },
      "trim" : {
        "io_bytes" : 0,
        "io_kbytes" : 0,
        "bw_bytes" : 0,
        "bw" : 0,
        "iops" : 0.000000,
        "runtime" : 0,
        "total_ios" : 0,
        "short_ios" : 0,
        "drop_ios" : 0,
        "slat_ns" : {
          "min" : 0,
          "max" : 0,
          "mean" : 0.000000,
          "stddev" : 0.000000,
          "N" : 0
        },
        "clat_ns" : {
          "min" : 0,
          "max" : 0,
          "mean" : 0.000000,
          "stddev" : 0.000000,
          "N" : 0
        },
        "lat_ns" : {
          "min" : 0,
          "max" : 0,
          "mean" : 0.000000,
          "stddev" : 0.000000,
          "N" : 0
        },
        "bw_min" : 0,
        "bw_max" : 0,
        "bw_agg" : 0.000000,
        "bw_mean" : 0.000000,
        "bw_dev" : 0.000000,
        "bw_samples" : 0,
        "iops_min" : 0,
        "iops_max" : 0,
        "iops_mean" : 0.000000,
        "iops_stddev" : 0.000000,
        "iops_samples" : 0
      },
      "sync" : {
        "total_ios" : 0,
        "lat_ns" : {
          "min" : 0,
          "max" : 0,
          "mean" : 0.000000,
          "stddev" : 0.000000,
          "N" : 0
        }
      },
      "job_runtime" : 7000,
      "usr_cpu" : 41.985714,
      "sys_cpu" : 57.985714,
      "ctx" : 25,
      "majf" : 0,
      "minf" : 0,
      "iodepth_level" : {
        "1" : 0.959641,
        "2" : 61.257433,
        "4" : 37.782926,
        "8" : 0.000000,
        "16" : 0.000000,
        "32" : 0.000000,
        ">=64" : 0.000000
      },
      "iodepth_submit" : {
        "0" : 0.000000,
        "4" : 100.000000,
        "8" : 0.000000,
        "16" : 0.000000,
        "32" : 0.000000,
        "64" : 0.000000,
        ">=64" : 0.000000
      },
      "iodepth_complete" : {
        "0" : 0.000000,
        "4" : 100.000000,
        "8" : 0.000000,
        "16" : 0.000000,
        "32" : 0.000000,
        "64" : 0.000000,
        ">=64" : 0.000000
      },
      "latency_ns" : {
        "2" : 0.000000,
        "4" : 0.000000,
        "10" : 0.000000,
        "20" : 0.000000,
        "50" : 0.000000,
        "100" : 0.000000,
        "250" : 0.000000,
        "500" : 0.123459,
        "750" : 0.000000,
        "1000" : 0.000000
      },
      "latency_us" : {
        "2" : 0.015096,
        "4" : 6.310912,
        "10" : 69.856369,
        "20" : 23.058602,
        "50" : 0.596188,
        "100" : 0.038797,
        "250" : 0.010000,
        "500" : 0.000000,
        "750" : 0.000000,
        "1000" : 0.000000
      },
      "latency_ms" : {
        "2" : 0.000000,
        "4" : 0.000000,
        "10" : 0.000000,
        "20" : 0.000000,
        "50" : 0.000000,
        "100" : 0.000000,
        "250" : 0.000000,
        "500" : 0.000000,
        "750" : 0.000000,
        "1000" : 0.000000,
        "2000" : 0.000000,
        ">=2000" : 0.000000
      },
      "latency_depth" : 4,
      "latency_target" : 0,
      "latency_percentile" : 100.000000,
      "latency_window" : 0
    }
  ]
}

libaio-bdev_aio: (groupid=0, jobs=1): err= 0: pid=142712: Wed Oct 26 04:44:17 2022
  read: IOPS=297k, BW=145MiB/s (152MB/s)(1016MiB/7001msec)
    slat (nsec): min=1593, max=32571, avg=2739.55, stdev=1047.82
    clat (nsec): min=270, max=117951, avg=7801.10, stdev=3165.55
     lat (usec): min=5, max=119, avg=10.54, stdev= 3.39
    clat percentiles (nsec):
     |  1.00th=[ 3312],  5.00th=[ 3440], 10.00th=[ 4576], 20.00th=[ 4704],
     | 30.00th=[ 6432], 40.00th=[ 6560], 50.00th=[ 6944], 60.00th=[ 8512],
     | 70.00th=[ 9920], 80.00th=[10048], 90.00th=[11200], 95.00th=[11456],
     | 99.00th=[18304], 99.50th=[21120], 99.90th=[25472], 99.95th=[32128],
     | 99.99th=[64256]
   bw (  KiB/s): min=148084, max=149034, per=100.00%, avg=148592.36, stdev=285.58, samples=14
   iops        : min=296168, max=298068, avg=297184.71, stdev=571.15, samples=14
  lat (nsec)   : 500=0.12%
  lat (usec)   : 2=0.02%, 4=6.31%, 10=69.86%, 20=23.06%, 50=0.60%
  lat (usec)   : 100=0.04%, 250=0.01%
  cpu          : usr=41.99%, sys=57.99%, ctx=25, majf=0, minf=0
  IO depths    : 1=1.0%, 2=61.3%, 4=37.8%, 8=0.0%, 16=0.0%, 32=0.0%, >=64=0.0%
     submit    : 0=0.0%, 4=100.0%, 8=0.0%, 16=0.0%, 32=0.0%, 64=0.0%, >=64=0.0%
     complete  : 0=0.0%, 4=100.0%, 8=0.0%, 16=0.0%, 32=0.0%, 64=0.0%, >=64=0.0%
     issued rwts: total=2080048,0,0,0 short=0,0,0,0 dropped=0,0,0,0
     latency   : target=0, window=0, percentile=100.00%, depth=4

Run status group 0 (all jobs):
   READ: bw=145MiB/s (152MB/s), 145MiB/s-145MiB/s (152MB/s-152MB/s), io=1016MiB (1065MB), run=7001-7001msec
