libaio-bdev_xnvme: (g=0): rw=randread, bs=(R) 512B-512B, (W) 512B-512B, (T) 512B-512B, ioengine=spdk_bdev, iodepth=4
fio-3.32-dirty
Starting 1 thread
{
  "fio version" : "fio-3.32-dirty",
  "timestamp" : 1666752303,
  "timestamp_ms" : 1666752303292,
  "time" : "Wed Oct 26 04:45:03 2022",
  "jobs" : [
    {
      "jobname" : "libaio-bdev_xnvme",
      "groupid" : 0,
      "error" : 0,
      "eta" : 0,
      "elapsed" : 11,
      "job options" : {
        "name" : "libaio-bdev_xnvme",
        "rw" : "randread",
        "size" : "12G",
        "iodepth" : "4",
        "bs" : "512",
        "direct" : "1",
        "thread" : "1",
        "time_based" : "1",
        "runtime" : "7",
        "ramp_time" : "3",
        "norandommap" : "1",
        "allow_file_create" : "0",
        "ioengine" : "spdk_bdev",
        "spdk_conf" : "/tmp/spdk_bdev_xnvme_libaio.conf",
        "filename" : "Nvme0n1",
        "cpus_allowed" : "1"
      },
      "read" : {
        "io_bytes" : 1011238912,
        "io_kbytes" : 987538,
        "bw_bytes" : 144442067,
        "bw" : 141056,
        "iops" : 282112.841023,
        "runtime" : 7001,
        "total_ios" : 1975072,
        "short_ios" : 0,
        "drop_ios" : 0,
        "slat_ns" : {
          "min" : 1613,
          "max" : 61526,
          "mean" : 2852.995997,
          "stddev" : 1262.832611,
          "N" : 1975073
        },
        "clat_ns" : {
          "min" : 631,
          "max" : 118362,
          "mean" : 8518.367863,
          "stddev" : 2664.843579,
          "N" : 1975072,
          "percentile" : {
            "1.000000" : 4832,
            "5.000000" : 4960,
            "10.000000" : 5088,
            "20.000000" : 6880,
            "30.000000" : 7456,
            "40.000000" : 7584,
            "50.000000" : 7712,
            "60.000000" : 9280,
            "70.000000" : 9408,
            "80.000000" : 9536,
            "90.000000" : 10944,
            "95.000000" : 12224,
            "99.000000" : 18304,
            "99.500000" : 20864,
            "99.900000" : 24960,
            "99.950000" : 30592,
            "99.990000" : 62208
          }
        },
        "lat_ns" : {
          "min" : 6021,
          "max" : 120075,
          "mean" : 11371.363823,
          "stddev" : 3297.605000,
          "N" : 1975072
        },
        "bw_min" : 140440,
        "bw_max" : 142061,
        "bw_agg" : 100.000000,
        "bw_mean" : 141095.714286,
        "bw_dev" : 440.312377,
        "bw_samples" : 14,
        "iops_min" : 280880,
        "iops_max" : 284122,
        "iops_mean" : 282191.428571,
        "iops_stddev" : 880.624753,
        "iops_samples" : 14
      },
      "write" : {
        "io_bytes" : 0,
        "io_kbytes" : 0,
        "bw_bytes" : 0,
        "bw" : 0,
        "iops" : 0.000000,
        "runtime" : 0,
        "total_ios" : 0,
        "short_ios" : 0,
        "drop_ios" : 0,
        "slat_ns" : {
          "min" : 0,
          "max" : 0,
          "mean" : 0.000000,
          "stddev" : 0.000000,
          "N" : 0
        },
        "clat_ns" : {
          "min" : 0,
          "max" : 0,
          "mean" : 0.000000,
          "stddev" : 0.000000,
          "N" : 0
        },
        "lat_ns" : {
          "min" : 0,
          "max" : 0,
          "mean" : 0.000000,
          "stddev" : 0.000000,
          "N" : 0
        },
        "bw_min" : 0,
        "bw_max" : 0,
        "bw_agg" : 0.000000,
        "bw_mean" : 0.000000,
        "bw_dev" : 0.000000,
        "bw_samples" : 0,
        "iops_min" : 0,
        "iops_max" : 0,
        "iops_mean" : 0.000000,
        "iops_stddev" : 0.000000,
        "iops_samples" : 0
      },
      "trim" : {
        "io_bytes" : 0,
        "io_kbytes" : 0,
        "bw_bytes" : 0,
        "bw" : 0,
        "iops" : 0.000000,
        "runtime" : 0,
        "total_ios" : 0,
        "short_ios" : 0,
        "drop_ios" : 0,
        "slat_ns" : {
          "min" : 0,
          "max" : 0,
          "mean" : 0.000000,
          "stddev" : 0.000000,
          "N" : 0
        },
        "clat_ns" : {
          "min" : 0,
          "max" : 0,
          "mean" : 0.000000,
          "stddev" : 0.000000,
          "N" : 0
        },
        "lat_ns" : {
          "min" : 0,
          "max" : 0,
          "mean" : 0.000000,
          "stddev" : 0.000000,
          "N" : 0
        },
        "bw_min" : 0,
        "bw_max" : 0,
        "bw_agg" : 0.000000,
        "bw_mean" : 0.000000,
        "bw_dev" : 0.000000,
        "bw_samples" : 0,
        "iops_min" : 0,
        "iops_max" : 0,
        "iops_mean" : 0.000000,
        "iops_stddev" : 0.000000,
        "iops_samples" : 0
      },
      "sync" : {
        "total_ios" : 0,
        "lat_ns" : {
          "min" : 0,
          "max" : 0,
          "mean" : 0.000000,
          "stddev" : 0.000000,
          "N" : 0
        }
      },
      "job_runtime" : 7000,
      "usr_cpu" : 43.471429,
      "sys_cpu" : 56.500000,
      "ctx" : 20,
      "majf" : 0,
      "minf" : 0,
      "iodepth_level" : {
        "1" : 0.861437,
        "2" : 55.847635,
        "4" : 43.290928,
        "8" : 0.000000,
        "16" : 0.000000,
        "32" : 0.000000,
        ">=64" : 0.000000
      },
      "iodepth_submit" : {
        "0" : 0.000000,
        "4" : 100.000000,
        "8" : 0.000000,
        "16" : 0.000000,
        "32" : 0.000000,
        "64" : 0.000000,
        ">=64" : 0.000000
      },
      "iodepth_complete" : {
        "0" : 0.000000,
        "4" : 100.000000,
        "8" : 0.000000,
        "16" : 0.000000,
        "32" : 0.000000,
        "64" : 0.000000,
        ">=64" : 0.000000
      },
      "latency_ns" : {
        "2" : 0.000000,
        "4" : 0.000000,
        "10" : 0.000000,
        "20" : 0.000000,
        "50" : 0.000000,
        "100" : 0.000000,
        "250" : 0.000000,
        "500" : 0.000000,
        "750" : 0.052150,
        "1000" : 0.010000
      },
      "latency_us" : {
        "2" : 0.018075,
        "4" : 0.862348,
        "10" : 82.898092,
        "20" : 15.549256,
        "50" : 0.580789,
        "100" : 0.035391,
        "250" : 0.010000,
        "500" : 0.000000,
        "750" : 0.000000,
        "1000" : 0.000000
      },
      "latency_ms" : {
        "2" : 0.000000,
        "4" : 0.000000,
        "10" : 0.000000,
        "20" : 0.000000,
        "50" : 0.000000,
        "100" : 0.000000,
        "250" : 0.000000,
        "500" : 0.000000,
        "750" : 0.000000,
        "1000" : 0.000000,
        "2000" : 0.000000,
        ">=2000" : 0.000000
      },
      "latency_depth" : 4,
      "latency_target" : 0,
      "latency_percentile" : 100.000000,
      "latency_window" : 0
    }
  ]
}

libaio-bdev_xnvme: (groupid=0, jobs=1): err= 0: pid=142860: Wed Oct 26 04:45:03 2022
  read: IOPS=282k, BW=138MiB/s (144MB/s)(964MiB/7001msec)
    slat (nsec): min=1613, max=61526, avg=2853.00, stdev=1262.83
    clat (nsec): min=631, max=118362, avg=8518.37, stdev=2664.84
     lat (usec): min=6, max=120, avg=11.37, stdev= 3.30
    clat percentiles (nsec):
     |  1.00th=[ 4832],  5.00th=[ 4960], 10.00th=[ 5088], 20.00th=[ 6880],
     | 30.00th=[ 7456], 40.00th=[ 7584], 50.00th=[ 7712], 60.00th=[ 9280],
     | 70.00th=[ 9408], 80.00th=[ 9536], 90.00th=[10944], 95.00th=[12224],
     | 99.00th=[18304], 99.50th=[20864], 99.90th=[24960], 99.95th=[30592],
     | 99.99th=[62208]
   bw (  KiB/s): min=140440, max=142061, per=100.00%, avg=141095.71, stdev=440.31, samples=14
   iops        : min=280880, max=284122, avg=282191.43, stdev=880.62, samples=14
  lat (nsec)   : 750=0.05%, 1000=0.01%
  lat (usec)   : 2=0.02%, 4=0.86%, 10=82.90%, 20=15.55%, 50=0.58%
  lat (usec)   : 100=0.04%, 250=0.01%
  cpu          : usr=43.47%, sys=56.50%, ctx=20, majf=0, minf=0
  IO depths    : 1=0.9%, 2=55.8%, 4=43.3%, 8=0.0%, 16=0.0%, 32=0.0%, >=64=0.0%
     submit    : 0=0.0%, 4=100.0%, 8=0.0%, 16=0.0%, 32=0.0%, 64=0.0%, >=64=0.0%
     complete  : 0=0.0%, 4=100.0%, 8=0.0%, 16=0.0%, 32=0.0%, 64=0.0%, >=64=0.0%
     issued rwts: total=1975072,0,0,0 short=0,0,0,0 dropped=0,0,0,0
     latency   : target=0, window=0, percentile=100.00%, depth=4

Run status group 0 (all jobs):
   READ: bw=138MiB/s (144MB/s), 138MiB/s-138MiB/s (144MB/s-144MB/s), io=964MiB (1011MB), run=7001-7001msec
