io_uring_cmd-xnvme: (g=0): rw=randread, bs=(R) 512B-512B, (W) 512B-512B, (T) 512B-512B, ioengine=xnvme, iodepth=1
fio-3.32-dirty
Starting 1 thread
{
  "fio version" : "fio-3.32-dirty",
  "timestamp" : 1666751008,
  "timestamp_ms" : 1666751008324,
  "time" : "Wed Oct 26 04:23:28 2022",
  "jobs" : [
    {
      "jobname" : "io_uring_cmd-xnvme",
      "groupid" : 0,
      "error" : 0,
      "eta" : 0,
      "elapsed" : 11,
      "job options" : {
        "name" : "io_uring_cmd-xnvme",
        "rw" : "randread",
        "size" : "12G",
        "iodepth" : "1",
        "bs" : "512",
        "direct" : "0",
        "thread" : "1",
        "time_based" : "1",
        "runtime" : "7",
        "ramp_time" : "3",
        "norandommap" : "1",
        "allow_file_create" : "0",
        "ioengine" : "external:/usr/local/lib/x86_64-linux-gnu/libxnvme-fio-engine.so",
        "xnvme_be" : "linux",
        "xnvme_async" : "io_uring_cmd",
        "xnvme_sync" : "nvme",
        "xnvme_admin" : "nvme",
        "xnvme_dev_nsid" : "1",
        "filename" : "/dev/ng0n1",
        "cpus_allowed" : "1"
      },
      "read" : {
        "io_bytes" : 291316224,
        "io_kbytes" : 284488,
        "bw_bytes" : 41610659,
        "bw" : 40635,
        "iops" : 81270.675618,
        "runtime" : 7001,
        "total_ios" : 568976,
        "short_ios" : 0,
        "drop_ios" : 0,
        "slat_ns" : {
          "min" : 2325,
          "max" : 28083,
          "mean" : 2529.571946,
          "stddev" : 230.071012,
          "N" : 568977
        },
        "clat_ns" : {
          "min" : 270,
          "max" : 111159,
          "mean" : 9106.443340,
          "stddev" : 1251.821492,
          "N" : 568976,
          "percentile" : {
            "1.000000" : 8768,
            "5.000000" : 8768,
            "10.000000" : 8768,
            "20.000000" : 8896,
            "30.000000" : 8896,
            "40.000000" : 8896,
            "50.000000" : 8896,
            "60.000000" : 8896,
            "70.000000" : 9024,
            "80.000000" : 9024,
            "90.000000" : 9024,
            "95.000000" : 9280,
            "99.000000" : 15552,
            "99.500000" : 16512,
            "99.900000" : 19072,
            "99.950000" : 21632,
            "99.990000" : 55552
          }
        },
        "lat_ns" : {
          "min" : 8857,
          "max" : 113743,
          "mean" : 11636.015347,
          "stddev" : 1270.086719,
          "N" : 568976
        },
        "bw_min" : 40559,
        "bw_max" : 40758,
        "bw_agg" : 100.000000,
        "bw_mean" : 40646.000000,
        "bw_dev" : 70.886692,
        "bw_samples" : 14,
        "iops_min" : 81118,
        "iops_max" : 81516,
        "iops_mean" : 81292.000000,
        "iops_stddev" : 141.773384,
        "iops_samples" : 14
      },
      "write" : {
        "io_bytes" : 0,
        "io_kbytes" : 0,
        "bw_bytes" : 0,
        "bw" : 0,
        "iops" : 0.000000,
        "runtime" : 0,
        "total_ios" : 0,
        "short_ios" : 0,
        "drop_ios" : 0,
        "slat_ns" : {
          "min" : 0,
          "max" : 0,
          "mean" : 0.000000,
          "stddev" : 0.000000,
          "N" : 0
        },
        "clat_ns" : {
          "min" : 0,
          "max" : 0,
          "mean" : 0.000000,
          "stddev" : 0.000000,
          "N" : 0
        },
        "lat_ns" : {
          "min" : 0,
          "max" : 0,
          "mean" : 0.000000,
          "stddev" : 0.000000,
          "N" : 0
        },
        "bw_min" : 0,
        "bw_max" : 0,
        "bw_agg" : 0.000000,
        "bw_mean" : 0.000000,
        "bw_dev" : 0.000000,
        "bw_samples" : 0,
        "iops_min" : 0,
        "iops_max" : 0,
        "iops_mean" : 0.000000,
        "iops_stddev" : 0.000000,
        "iops_samples" : 0
      },
      "trim" : {
        "io_bytes" : 0,
        "io_kbytes" : 0,
        "bw_bytes" : 0,
        "bw" : 0,
        "iops" : 0.000000,
        "runtime" : 0,
        "total_ios" : 0,
        "short_ios" : 0,
        "drop_ios" : 0,
        "slat_ns" : {
          "min" : 0,
          "max" : 0,
          "mean" : 0.000000,
          "stddev" : 0.000000,
          "N" : 0
        },
        "clat_ns" : {
          "min" : 0,
          "max" : 0,
          "mean" : 0.000000,
          "stddev" : 0.000000,
          "N" : 0
        },
        "lat_ns" : {
          "min" : 0,
          "max" : 0,
          "mean" : 0.000000,
          "stddev" : 0.000000,
          "N" : 0
        },
        "bw_min" : 0,
        "bw_max" : 0,
        "bw_agg" : 0.000000,
        "bw_mean" : 0.000000,
        "bw_dev" : 0.000000,
        "bw_samples" : 0,
        "iops_min" : 0,
        "iops_max" : 0,
        "iops_mean" : 0.000000,
        "iops_stddev" : 0.000000,
        "iops_samples" : 0
      },
      "sync" : {
        "total_ios" : 0,
        "lat_ns" : {
          "min" : 0,
          "max" : 0,
          "mean" : 0.000000,
          "stddev" : 0.000000,
          "N" : 0
        }
      },
      "job_runtime" : 7000,
      "usr_cpu" : 16.200000,
      "sys_cpu" : 43.085714,
      "ctx" : 568842,
      "majf" : 0,
      "minf" : 0,
      "iodepth_level" : {
        "1" : 100.000000,
        "2" : 0.000000,
        "4" : 0.000000,
        "8" : 0.000000,
        "16" : 0.000000,
        "32" : 0.000000,
        ">=64" : 0.000000
      },
      "iodepth_submit" : {
        "0" : 0.000000,
        "4" : 100.000000,
        "8" : 0.000000,
        "16" : 0.000000,
        "32" : 0.000000,
        "64" : 0.000000,
        ">=64" : 0.000000
      },
      "iodepth_complete" : {
        "0" : 0.000000,
        "4" : 100.000000,
        "8" : 0.000000,
        "16" : 0.000000,
        "32" : 0.000000,
        "64" : 0.000000,
        ">=64" : 0.000000
      },
      "latency_ns" : {
        "2" : 0.000000,
        "4" : 0.000000,
        "10" : 0.000000,
        "20" : 0.000000,
        "50" : 0.000000,
        "100" : 0.000000,
        "250" : 0.000000,
        "500" : 0.012479,
        "750" : 0.000000,
        "1000" : 0.000000
      },
      "latency_us" : {
        "2" : 0.000000,
        "4" : 0.000000,
        "10" : 97.371067,
        "20" : 2.537365,
        "50" : 0.064678,
        "100" : 0.014236,
        "250" : 0.010000,
        "500" : 0.000000,
        "750" : 0.000000,
        "1000" : 0.000000
      },
      "latency_ms" : {
        "2" : 0.000000,
        "4" : 0.000000,
        "10" : 0.000000,
        "20" : 0.000000,
        "50" : 0.000000,
        "100" : 0.000000,
        "250" : 0.000000,
        "500" : 0.000000,
        "750" : 0.000000,
        "1000" : 0.000000,
        "2000" : 0.000000,
        ">=2000" : 0.000000
      },
      "latency_depth" : 1,
      "latency_target" : 0,
      "latency_percentile" : 100.000000,
      "latency_window" : 0
    }
  ]
}

io_uring_cmd-xnvme: (groupid=0, jobs=1): err= 0: pid=138867: Wed Oct 26 04:23:28 2022
  read: IOPS=81.3k, BW=39.7MiB/s (41.6MB/s)(278MiB/7001msec)
    slat (nsec): min=2325, max=28083, avg=2529.57, stdev=230.07
    clat (nsec): min=270, max=111159, avg=9106.44, stdev=1251.82
     lat (usec): min=8, max=113, avg=11.64, stdev= 1.27
    clat percentiles (nsec):
     |  1.00th=[ 8768],  5.00th=[ 8768], 10.00th=[ 8768], 20.00th=[ 8896],
     | 30.00th=[ 8896], 40.00th=[ 8896], 50.00th=[ 8896], 60.00th=[ 8896],
     | 70.00th=[ 9024], 80.00th=[ 9024], 90.00th=[ 9024], 95.00th=[ 9280],
     | 99.00th=[15552], 99.50th=[16512], 99.90th=[19072], 99.95th=[21632],
     | 99.99th=[55552]
   bw (  KiB/s): min=40559, max=40758, per=100.00%, avg=40646.00, stdev=70.89, samples=14
   iops        : min=81118, max=81516, avg=81292.00, stdev=141.77, samples=14
  lat (nsec)   : 500=0.01%
  lat (usec)   : 10=97.37%, 20=2.54%, 50=0.06%, 100=0.01%, 250=0.01%
  cpu          : usr=16.20%, sys=43.09%, ctx=568842, majf=0, minf=0
  IO depths    : 1=100.0%, 2=0.0%, 4=0.0%, 8=0.0%, 16=0.0%, 32=0.0%, >=64=0.0%
     submit    : 0=0.0%, 4=100.0%, 8=0.0%, 16=0.0%, 32=0.0%, 64=0.0%, >=64=0.0%
     complete  : 0=0.0%, 4=100.0%, 8=0.0%, 16=0.0%, 32=0.0%, 64=0.0%, >=64=0.0%
     issued rwts: total=568976,0,0,0 short=0,0,0,0 dropped=0,0,0,0
     latency   : target=0, window=0, percentile=100.00%, depth=1

Run status group 0 (all jobs):
   READ: bw=39.7MiB/s (41.6MB/s), 39.7MiB/s-39.7MiB/s (41.6MB/s-41.6MB/s), io=278MiB (291MB), run=7001-7001msec
