libaio-xnvme: (g=0): rw=randread, bs=(R) 512B-512B, (W) 512B-512B, (T) 512B-512B, ioengine=xnvme, iodepth=2
fio-3.32-dirty
Starting 1 thread
{
  "fio version" : "fio-3.32-dirty",
  "timestamp" : 1666751844,
  "timestamp_ms" : 1666751844361,
  "time" : "Wed Oct 26 04:37:24 2022",
  "jobs" : [
    {
      "jobname" : "libaio-xnvme",
      "groupid" : 0,
      "error" : 0,
      "eta" : 0,
      "elapsed" : 11,
      "job options" : {
        "name" : "libaio-xnvme",
        "rw" : "randread",
        "size" : "12G",
        "iodepth" : "2",
        "bs" : "512",
        "direct" : "1",
        "thread" : "1",
        "time_based" : "1",
        "runtime" : "7",
        "ramp_time" : "3",
        "norandommap" : "1",
        "allow_file_create" : "0",
        "ioengine" : "external:/usr/local/lib/x86_64-linux-gnu/libxnvme-fio-engine.so",
        "xnvme_be" : "linux",
        "xnvme_async" : "libaio",
        "xnvme_sync" : "nvme",
        "xnvme_admin" : "nvme",
        "xnvme_dev_nsid" : "1",
        "filename" : "/dev/nvme0n1",
        "cpus_allowed" : "1"
      },
      "read" : {
        "io_bytes" : 727684608,
        "io_kbytes" : 710629,
        "bw_bytes" : 103940095,
        "bw" : 101503,
        "iops" : 203007.713184,
        "runtime" : 7001,
        "total_ios" : 1421257,
        "short_ios" : 0,
        "drop_ios" : 0,
        "slat_ns" : {
          "min" : 1472,
          "max" : 38092,
          "mean" : 1673.767642,
          "stddev" : 256.286057,
          "N" : 1421258
        },
        "clat_ns" : {
          "min" : 471,
          "max" : 160200,
          "mean" : 7924.788124,
          "stddev" : 1919.052306,
          "N" : 1421258,
          "percentile" : {
            "1.000000" : 4704,
            "5.000000" : 7328,
            "10.000000" : 7520,
            "20.000000" : 7584,
            "30.000000" : 7648,
            "40.000000" : 7712,
            "50.000000" : 7776,
            "60.000000" : 7840,
            "70.000000" : 7904,
            "80.000000" : 7968,
            "90.000000" : 8032,
            "95.000000" : 8160,
            "99.000000" : 15552,
            "99.500000" : 19584,
            "99.900000" : 25216,
            "99.950000" : 25472,
            "99.990000" : 68096
          }
        },
        "lat_ns" : {
          "min" : 5992,
          "max" : 162054,
          "mean" : 9598.555765,
          "stddev" : 1912.374899,
          "N" : 1421258
        },
        "bw_min" : 101229,
        "bw_max" : 101973,
        "bw_agg" : 100.000000,
        "bw_mean" : 101532.571429,
        "bw_dev" : 208.463136,
        "bw_samples" : 14,
        "iops_min" : 202458,
        "iops_max" : 203946,
        "iops_mean" : 203065.214286,
        "iops_stddev" : 416.847542,
        "iops_samples" : 14
      },
      "write" : {
        "io_bytes" : 0,
        "io_kbytes" : 0,
        "bw_bytes" : 0,
        "bw" : 0,
        "iops" : 0.000000,
        "runtime" : 0,
        "total_ios" : 0,
        "short_ios" : 0,
        "drop_ios" : 0,
        "slat_ns" : {
          "min" : 0,
          "max" : 0,
          "mean" : 0.000000,
          "stddev" : 0.000000,
          "N" : 0
        },
        "clat_ns" : {
          "min" : 0,
          "max" : 0,
          "mean" : 0.000000,
          "stddev" : 0.000000,
          "N" : 0
        },
        "lat_ns" : {
          "min" : 0,
          "max" : 0,
          "mean" : 0.000000,
          "stddev" : 0.000000,
          "N" : 0
        },
        "bw_min" : 0,
        "bw_max" : 0,
        "bw_agg" : 0.000000,
        "bw_mean" : 0.000000,
        "bw_dev" : 0.000000,
        "bw_samples" : 0,
        "iops_min" : 0,
        "iops_max" : 0,
        "iops_mean" : 0.000000,
        "iops_stddev" : 0.000000,
        "iops_samples" : 0
      },
      "trim" : {
        "io_bytes" : 0,
        "io_kbytes" : 0,
        "bw_bytes" : 0,
        "bw" : 0,
        "iops" : 0.000000,
        "runtime" : 0,
        "total_ios" : 0,
        "short_ios" : 0,
        "drop_ios" : 0,
        "slat_ns" : {
          "min" : 0,
          "max" : 0,
          "mean" : 0.000000,
          "stddev" : 0.000000,
          "N" : 0
        },
        "clat_ns" : {
          "min" : 0,
          "max" : 0,
          "mean" : 0.000000,
          "stddev" : 0.000000,
          "N" : 0
        },
        "lat_ns" : {
          "min" : 0,
          "max" : 0,
          "mean" : 0.000000,
          "stddev" : 0.000000,
          "N" : 0
        },
        "bw_min" : 0,
        "bw_max" : 0,
        "bw_agg" : 0.000000,
        "bw_mean" : 0.000000,
        "bw_dev" : 0.000000,
        "bw_samples" : 0,
        "iops_min" : 0,
        "iops_max" : 0,
        "iops_mean" : 0.000000,
        "iops_stddev" : 0.000000,
        "iops_samples" : 0
      },
      "sync" : {
        "total_ios" : 0,
        "lat_ns" : {
          "min" : 0,
          "max" : 0,
          "mean" : 0.000000,
          "stddev" : 0.000000,
          "N" : 0
        }
      },
      "job_runtime" : 7000,
      "usr_cpu" : 22.600000,
      "sys_cpu" : 57.742857,
      "ctx" : 681640,
      "majf" : 0,
      "minf" : 0,
      "iodepth_level" : {
        "1" : 0.000000,
        "2" : 100.000000,
        "4" : 0.000000,
        "8" : 0.000000,
        "16" : 0.000000,
        "32" : 0.000000,
        ">=64" : 0.000000
      },
      "iodepth_submit" : {
        "0" : 0.000000,
        "4" : 100.000000,
        "8" : 0.000000,
        "16" : 0.000000,
        "32" : 0.000000,
        "64" : 0.000000,
        ">=64" : 0.000000
      },
      "iodepth_complete" : {
        "0" : 0.000000,
        "4" : 100.000000,
        "8" : 0.000000,
        "16" : 0.000000,
        "32" : 0.000000,
        "64" : 0.000000,
        ">=64" : 0.000000
      },
      "latency_ns" : {
        "2" : 0.000000,
        "4" : 0.000000,
        "10" : 0.000000,
        "20" : 0.000000,
        "50" : 0.000000,
        "100" : 0.000000,
        "250" : 0.000000,
        "500" : 0.010000,
        "750" : 0.010000,
        "1000" : 0.000000
      },
      "latency_us" : {
        "2" : 0.000000,
        "4" : 0.010000,
        "10" : 96.858907,
        "20" : 2.760233,
        "50" : 0.346454,
        "100" : 0.023078,
        "250" : 0.010000,
        "500" : 0.000000,
        "750" : 0.000000,
        "1000" : 0.000000
      },
      "latency_ms" : {
        "2" : 0.000000,
        "4" : 0.000000,
        "10" : 0.000000,
        "20" : 0.000000,
        "50" : 0.000000,
        "100" : 0.000000,
        "250" : 0.000000,
        "500" : 0.000000,
        "750" : 0.000000,
        "1000" : 0.000000,
        "2000" : 0.000000,
        ">=2000" : 0.000000
      },
      "latency_depth" : 2,
      "latency_target" : 0,
      "latency_percentile" : 100.000000,
      "latency_window" : 0
    }
  ]
}

libaio-xnvme: (groupid=0, jobs=1): err= 0: pid=141458: Wed Oct 26 04:37:24 2022
  read: IOPS=203k, BW=99.1MiB/s (104MB/s)(694MiB/7001msec)
    slat (nsec): min=1472, max=38092, avg=1673.77, stdev=256.29
    clat (nsec): min=471, max=160200, avg=7924.79, stdev=1919.05
     lat (usec): min=5, max=162, avg= 9.60, stdev= 1.91
    clat percentiles (nsec):
     |  1.00th=[ 4704],  5.00th=[ 7328], 10.00th=[ 7520], 20.00th=[ 7584],
     | 30.00th=[ 7648], 40.00th=[ 7712], 50.00th=[ 7776], 60.00th=[ 7840],
     | 70.00th=[ 7904], 80.00th=[ 7968], 90.00th=[ 8032], 95.00th=[ 8160],
     | 99.00th=[15552], 99.50th=[19584], 99.90th=[25216], 99.95th=[25472],
     | 99.99th=[68096]
   bw (  KiB/s): min=101229, max=101973, per=100.00%, avg=101532.57, stdev=208.46, samples=14
   iops        : min=202458, max=203946, avg=203065.21, stdev=416.85, samples=14
  lat (nsec)   : 500=0.01%, 750=0.01%
  lat (usec)   : 4=0.01%, 10=96.86%, 20=2.76%, 50=0.35%, 100=0.02%
  lat (usec)   : 250=0.01%
  cpu          : usr=22.60%, sys=57.74%, ctx=681640, majf=0, minf=0
  IO depths    : 1=0.0%, 2=100.0%, 4=0.0%, 8=0.0%, 16=0.0%, 32=0.0%, >=64=0.0%
     submit    : 0=0.0%, 4=100.0%, 8=0.0%, 16=0.0%, 32=0.0%, 64=0.0%, >=64=0.0%
     complete  : 0=0.0%, 4=100.0%, 8=0.0%, 16=0.0%, 32=0.0%, 64=0.0%, >=64=0.0%
     issued rwts: total=1421257,0,0,0 short=0,0,0,0 dropped=0,0,0,0
     latency   : target=0, window=0, percentile=100.00%, depth=2

Run status group 0 (all jobs):
   READ: bw=99.1MiB/s (104MB/s), 99.1MiB/s-99.1MiB/s (104MB/s-104MB/s), io=694MiB (728MB), run=7001-7001msec
