libaio-bdev_aio: (g=0): rw=randread, bs=(R) 512B-512B, (W) 512B-512B, (T) 512B-512B, ioengine=spdk_bdev, iodepth=2
fio-3.32-dirty
Starting 1 thread
{
  "fio version" : "fio-3.32-dirty",
  "timestamp" : 1666751785,
  "timestamp_ms" : 1666751785122,
  "time" : "Wed Oct 26 04:36:25 2022",
  "jobs" : [
    {
      "jobname" : "libaio-bdev_aio",
      "groupid" : 0,
      "error" : 0,
      "eta" : 0,
      "elapsed" : 11,
      "job options" : {
        "name" : "libaio-bdev_aio",
        "rw" : "randread",
        "size" : "12G",
        "iodepth" : "2",
        "bs" : "512",
        "direct" : "1",
        "thread" : "1",
        "time_based" : "1",
        "runtime" : "7",
        "ramp_time" : "3",
        "norandommap" : "1",
        "allow_file_create" : "0",
        "ioengine" : "spdk_bdev",
        "spdk_conf" : "/tmp/spdk_bdev_aio_foo.conf",
        "filename" : "Nvme0n1",
        "cpus_allowed" : "1"
      },
      "read" : {
        "io_bytes" : 922618368,
        "io_kbytes" : 900994,
        "bw_bytes" : 131783797,
        "bw" : 128695,
        "iops" : 257389.944294,
        "runtime" : 7001,
        "total_ios" : 1801987,
        "short_ios" : 0,
        "drop_ios" : 0,
        "slat_ns" : {
          "min" : 1583,
          "max" : 29826,
          "mean" : 2299.051626,
          "stddev" : 743.697493,
          "N" : 1801988
        },
        "clat_ns" : {
          "min" : 230,
          "max" : 138339,
          "mean" : 5203.031010,
          "stddev" : 1872.544552,
          "N" : 1801987,
          "percentile" : {
            "1.000000" : 4128,
            "5.000000" : 4192,
            "10.000000" : 4192,
            "20.000000" : 4256,
            "30.000000" : 4320,
            "40.000000" : 4448,
            "50.000000" : 5408,
            "60.000000" : 5472,
            "70.000000" : 5600,
            "80.000000" : 5664,
            "90.000000" : 5856,
            "95.000000" : 5984,
            "99.000000" : 13376,
            "99.500000" : 18048,
            "99.900000" : 20864,
            "99.950000" : 21120,
            "99.990000" : 61184
          }
        },
        "lat_ns" : {
          "min" : 5740,
          "max" : 140022,
          "mean" : 7502.082299,
          "stddev" : 1785.297905,
          "N" : 1801987
        },
        "bw_min" : 128549,
        "bw_max" : 129325,
        "bw_agg" : 100.000000,
        "bw_mean" : 128728.785714,
        "bw_dev" : 240.665161,
        "bw_samples" : 14,
        "iops_min" : 257098,
        "iops_max" : 258650,
        "iops_mean" : 257457.714286,
        "iops_stddev" : 481.220792,
        "iops_samples" : 14
      },
      "write" : {
        "io_bytes" : 0,
        "io_kbytes" : 0,
        "bw_bytes" : 0,
        "bw" : 0,
        "iops" : 0.000000,
        "runtime" : 0,
        "total_ios" : 0,
        "short_ios" : 0,
        "drop_ios" : 0,
        "slat_ns" : {
          "min" : 0,
          "max" : 0,
          "mean" : 0.000000,
          "stddev" : 0.000000,
          "N" : 0
        },
        "clat_ns" : {
          "min" : 0,
          "max" : 0,
          "mean" : 0.000000,
          "stddev" : 0.000000,
          "N" : 0
        },
        "lat_ns" : {
          "min" : 0,
          "max" : 0,
          "mean" : 0.000000,
          "stddev" : 0.000000,
          "N" : 0
        },
        "bw_min" : 0,
        "bw_max" : 0,
        "bw_agg" : 0.000000,
        "bw_mean" : 0.000000,
        "bw_dev" : 0.000000,
        "bw_samples" : 0,
        "iops_min" : 0,
        "iops_max" : 0,
        "iops_mean" : 0.000000,
        "iops_stddev" : 0.000000,
        "iops_samples" : 0
      },
      "trim" : {
        "io_bytes" : 0,
        "io_kbytes" : 0,
        "bw_bytes" : 0,
        "bw" : 0,
        "iops" : 0.000000,
        "runtime" : 0,
        "total_ios" : 0,
        "short_ios" : 0,
        "drop_ios" : 0,
        "slat_ns" : {
          "min" : 0,
          "max" : 0,
          "mean" : 0.000000,
          "stddev" : 0.000000,
          "N" : 0
        },
        "clat_ns" : {
          "min" : 0,
          "max" : 0,
          "mean" : 0.000000,
          "stddev" : 0.000000,
          "N" : 0
        },
        "lat_ns" : {
          "min" : 0,
          "max" : 0,
          "mean" : 0.000000,
          "stddev" : 0.000000,
          "N" : 0
        },
        "bw_min" : 0,
        "bw_max" : 0,
        "bw_agg" : 0.000000,
        "bw_mean" : 0.000000,
        "bw_dev" : 0.000000,
        "bw_samples" : 0,
        "iops_min" : 0,
        "iops_max" : 0,
        "iops_mean" : 0.000000,
        "iops_stddev" : 0.000000,
        "iops_samples" : 0
      },
      "sync" : {
        "total_ios" : 0,
        "lat_ns" : {
          "min" : 0,
          "max" : 0,
          "mean" : 0.000000,
          "stddev" : 0.000000,
          "N" : 0
        }
      },
      "job_runtime" : 7000,
      "usr_cpu" : 59.585714,
      "sys_cpu" : 40.385714,
      "ctx" : 23,
      "majf" : 0,
      "minf" : 0,
      "iodepth_level" : {
        "1" : 1.640911,
        "2" : 98.359089,
        "4" : 0.000000,
        "8" : 0.000000,
        "16" : 0.000000,
        "32" : 0.000000,
        ">=64" : 0.000000
      },
      "iodepth_submit" : {
        "0" : 0.000000,
        "4" : 100.000000,
        "8" : 0.000000,
        "16" : 0.000000,
        "32" : 0.000000,
        "64" : 0.000000,
        ">=64" : 0.000000
      },
      "iodepth_complete" : {
        "0" : 0.000000,
        "4" : 100.000000,
        "8" : 0.000000,
        "16" : 0.000000,
        "32" : 0.000000,
        "64" : 0.000000,
        ">=64" : 0.000000
      },
      "latency_ns" : {
        "2" : 0.000000,
        "4" : 0.000000,
        "10" : 0.000000,
        "20" : 0.000000,
        "50" : 0.000000,
        "100" : 0.000000,
        "250" : 0.010000,
        "500" : 0.011876,
        "750" : 0.000000,
        "1000" : 0.000000
      },
      "latency_us" : {
        "2" : 0.010000,
        "4" : 0.010000,
        "10" : 97.912249,
        "20" : 1.800734,
        "50" : 0.250335,
        "100" : 0.017148,
        "250" : 0.010000,
        "500" : 0.000000,
        "750" : 0.000000,
        "1000" : 0.000000
      },
      "latency_ms" : {
        "2" : 0.000000,
        "4" : 0.000000,
        "10" : 0.000000,
        "20" : 0.000000,
        "50" : 0.000000,
        "100" : 0.000000,
        "250" : 0.000000,
        "500" : 0.000000,
        "750" : 0.000000,
        "1000" : 0.000000,
        "2000" : 0.000000,
        ">=2000" : 0.000000
      },
      "latency_depth" : 2,
      "latency_target" : 0,
      "latency_percentile" : 100.000000,
      "latency_window" : 0
    }
  ]
}

libaio-bdev_aio: (groupid=0, jobs=1): err= 0: pid=141271: Wed Oct 26 04:36:25 2022
  read: IOPS=257k, BW=126MiB/s (132MB/s)(880MiB/7001msec)
    slat (nsec): min=1583, max=29826, avg=2299.05, stdev=743.70
    clat (nsec): min=230, max=138339, avg=5203.03, stdev=1872.54
     lat (usec): min=5, max=140, avg= 7.50, stdev= 1.79
    clat percentiles (nsec):
     |  1.00th=[ 4128],  5.00th=[ 4192], 10.00th=[ 4192], 20.00th=[ 4256],
     | 30.00th=[ 4320], 40.00th=[ 4448], 50.00th=[ 5408], 60.00th=[ 5472],
     | 70.00th=[ 5600], 80.00th=[ 5664], 90.00th=[ 5856], 95.00th=[ 5984],
     | 99.00th=[13376], 99.50th=[18048], 99.90th=[20864], 99.95th=[21120],
     | 99.99th=[61184]
   bw (  KiB/s): min=128549, max=129325, per=100.00%, avg=128728.79, stdev=240.67, samples=14
   iops        : min=257098, max=258650, avg=257457.71, stdev=481.22, samples=14
  lat (nsec)   : 250=0.01%, 500=0.01%
  lat (usec)   : 2=0.01%, 4=0.01%, 10=97.91%, 20=1.80%, 50=0.25%
  lat (usec)   : 100=0.02%, 250=0.01%
  cpu          : usr=59.59%, sys=40.39%, ctx=23, majf=0, minf=0
  IO depths    : 1=1.6%, 2=98.4%, 4=0.0%, 8=0.0%, 16=0.0%, 32=0.0%, >=64=0.0%
     submit    : 0=0.0%, 4=100.0%, 8=0.0%, 16=0.0%, 32=0.0%, 64=0.0%, >=64=0.0%
     complete  : 0=0.0%, 4=100.0%, 8=0.0%, 16=0.0%, 32=0.0%, 64=0.0%, >=64=0.0%
     issued rwts: total=1801987,0,0,0 short=0,0,0,0 dropped=0,0,0,0
     latency   : target=0, window=0, percentile=100.00%, depth=2

Run status group 0 (all jobs):
   READ: bw=126MiB/s (132MB/s), 126MiB/s-126MiB/s (132MB/s-132MB/s), io=880MiB (923MB), run=7001-7001msec
