io_uring-xnvme: (g=0): rw=randread, bs=(R) 512B-512B, (W) 512B-512B, (T) 512B-512B, ioengine=xnvme, iodepth=8
fio-3.32-dirty
Starting 1 thread
{
  "fio version" : "fio-3.32-dirty",
  "timestamp" : 1666752616,
  "timestamp_ms" : 1666752616765,
  "time" : "Wed Oct 26 04:50:16 2022",
  "jobs" : [
    {
      "jobname" : "io_uring-xnvme",
      "groupid" : 0,
      "error" : 0,
      "eta" : 0,
      "elapsed" : 11,
      "job options" : {
        "name" : "io_uring-xnvme",
        "rw" : "randread",
        "size" : "12G",
        "iodepth" : "8",
        "bs" : "512",
        "direct" : "1",
        "thread" : "1",
        "time_based" : "1",
        "runtime" : "7",
        "ramp_time" : "3",
        "norandommap" : "1",
        "allow_file_create" : "0",
        "ioengine" : "external:/usr/local/lib/x86_64-linux-gnu/libxnvme-fio-engine.so",
        "xnvme_be" : "linux",
        "xnvme_async" : "io_uring",
        "xnvme_sync" : "nvme",
        "xnvme_admin" : "nvme",
        "xnvme_dev_nsid" : "1",
        "filename" : "/dev/nvme0n1",
        "cpus_allowed" : "1"
      },
      "read" : {
        "io_bytes" : 1090587136,
        "io_kbytes" : 1065026,
        "bw_bytes" : 155775908,
        "bw" : 152124,
        "iops" : 304248.678760,
        "runtime" : 7001,
        "total_ios" : 2130045,
        "short_ios" : 0,
        "drop_ios" : 0,
        "slat_ns" : {
          "min" : 1382,
          "max" : 75892,
          "mean" : 2807.293279,
          "stddev" : 1237.975793,
          "N" : 2130046
        },
        "clat_ns" : {
          "min" : 110,
          "max" : 140474,
          "mean" : 23243.132478,
          "stddev" : 4091.818656,
          "N" : 2130052,
          "percentile" : {
            "1.000000" : 15424,
            "5.000000" : 19328,
            "10.000000" : 19584,
            "20.000000" : 21120,
            "30.000000" : 21632,
            "40.000000" : 22656,
            "50.000000" : 22912,
            "60.000000" : 23168,
            "70.000000" : 23936,
            "80.000000" : 24704,
            "90.000000" : 25984,
            "95.000000" : 27264,
            "99.000000" : 43264,
            "99.500000" : 45824,
            "99.900000" : 56576,
            "99.950000" : 66048,
            "99.990000" : 81408
          }
        },
        "lat_ns" : {
          "min" : 6923,
          "max" : 141916,
          "mean" : 26050.426103,
          "stddev" : 4239.486761,
          "N" : 2130052
        },
        "bw_min" : 151886,
        "bw_max" : 152476,
        "bw_agg" : 100.000000,
        "bw_mean" : 152167.357143,
        "bw_dev" : 193.514304,
        "bw_samples" : 14,
        "iops_min" : 303772,
        "iops_max" : 304952,
        "iops_mean" : 304334.714286,
        "iops_stddev" : 386.864800,
        "iops_samples" : 14
      },
      "write" : {
        "io_bytes" : 0,
        "io_kbytes" : 0,
        "bw_bytes" : 0,
        "bw" : 0,
        "iops" : 0.000000,
        "runtime" : 0,
        "total_ios" : 0,
        "short_ios" : 0,
        "drop_ios" : 0,
        "slat_ns" : {
          "min" : 0,
          "max" : 0,
          "mean" : 0.000000,
          "stddev" : 0.000000,
          "N" : 0
        },
        "clat_ns" : {
          "min" : 0,
          "max" : 0,
          "mean" : 0.000000,
          "stddev" : 0.000000,
          "N" : 0
        },
        "lat_ns" : {
          "min" : 0,
          "max" : 0,
          "mean" : 0.000000,
          "stddev" : 0.000000,
          "N" : 0
        },
        "bw_min" : 0,
        "bw_max" : 0,
        "bw_agg" : 0.000000,
        "bw_mean" : 0.000000,
        "bw_dev" : 0.000000,
        "bw_samples" : 0,
        "iops_min" : 0,
        "iops_max" : 0,
        "iops_mean" : 0.000000,
        "iops_stddev" : 0.000000,
        "iops_samples" : 0
      },
      "trim" : {
        "io_bytes" : 0,
        "io_kbytes" : 0,
        "bw_bytes" : 0,
        "bw" : 0,
        "iops" : 0.000000,
        "runtime" : 0,
        "total_ios" : 0,
        "short_ios" : 0,
        "drop_ios" : 0,
        "slat_ns" : {
          "min" : 0,
          "max" : 0,
          "mean" : 0.000000,
          "stddev" : 0.000000,
          "N" : 0
        },
        "clat_ns" : {
          "min" : 0,
          "max" : 0,
          "mean" : 0.000000,
          "stddev" : 0.000000,
          "N" : 0
        },
        "lat_ns" : {
          "min" : 0,
          "max" : 0,
          "mean" : 0.000000,
          "stddev" : 0.000000,
          "N" : 0
        },
        "bw_min" : 0,
        "bw_max" : 0,
        "bw_agg" : 0.000000,
        "bw_mean" : 0.000000,
        "bw_dev" : 0.000000,
        "bw_samples" : 0,
        "iops_min" : 0,
        "iops_max" : 0,
        "iops_mean" : 0.000000,
        "iops_stddev" : 0.000000,
        "iops_samples" : 0
      },
      "sync" : {
        "total_ios" : 0,
        "lat_ns" : {
          "min" : 0,
          "max" : 0,
          "mean" : 0.000000,
          "stddev" : 0.000000,
          "N" : 0
        }
      },
      "job_runtime" : 7000,
      "usr_cpu" : 17.885714,
      "sys_cpu" : 80.342857,
      "ctx" : 11485,
      "majf" : 0,
      "minf" : 0,
      "iodepth_level" : {
        "1" : 0.000000,
        "2" : 0.000000,
        "4" : 0.000000,
        "8" : 100.000000,
        "16" : 0.000000,
        "32" : 0.000000,
        ">=64" : 0.000000
      },
      "iodepth_submit" : {
        "0" : 0.000000,
        "4" : 100.000000,
        "8" : 0.000000,
        "16" : 0.000000,
        "32" : 0.000000,
        "64" : 0.000000,
        ">=64" : 0.000000
      },
      "iodepth_complete" : {
        "0" : 0.000000,
        "4" : 99.999977,
        "8" : 0.100000,
        "16" : 0.000000,
        "32" : 0.000000,
        "64" : 0.000000,
        ">=64" : 0.000000
      },
      "latency_ns" : {
        "2" : 0.000000,
        "4" : 0.000000,
        "10" : 0.000000,
        "20" : 0.000000,
        "50" : 0.000000,
        "100" : 0.000000,
        "250" : 0.010000,
        "500" : 0.000000,
        "750" : 0.000000,
        "1000" : 0.000000
      },
      "latency_us" : {
        "2" : 0.010000,
        "4" : 0.010000,
        "10" : 0.044882,
        "20" : 15.144750,
        "50" : 84.647883,
        "100" : 0.147649,
        "250" : 0.010000,
        "500" : 0.000000,
        "750" : 0.000000,
        "1000" : 0.000000
      },
      "latency_ms" : {
        "2" : 0.000000,
        "4" : 0.000000,
        "10" : 0.000000,
        "20" : 0.000000,
        "50" : 0.000000,
        "100" : 0.000000,
        "250" : 0.000000,
        "500" : 0.000000,
        "750" : 0.000000,
        "1000" : 0.000000,
        "2000" : 0.000000,
        ">=2000" : 0.000000
      },
      "latency_depth" : 8,
      "latency_target" : 0,
      "latency_percentile" : 100.000000,
      "latency_window" : 0
    }
  ]
}

io_uring-xnvme: (groupid=0, jobs=1): err= 0: pid=143812: Wed Oct 26 04:50:16 2022
  read: IOPS=304k, BW=149MiB/s (156MB/s)(1040MiB/7001msec)
    slat (nsec): min=1382, max=75892, avg=2807.29, stdev=1237.98
    clat (nsec): min=110, max=140474, avg=23243.13, stdev=4091.82
     lat (usec): min=6, max=141, avg=26.05, stdev= 4.24
    clat percentiles (nsec):
     |  1.00th=[15424],  5.00th=[19328], 10.00th=[19584], 20.00th=[21120],
     | 30.00th=[21632], 40.00th=[22656], 50.00th=[22912], 60.00th=[23168],
     | 70.00th=[23936], 80.00th=[24704], 90.00th=[25984], 95.00th=[27264],
     | 99.00th=[43264], 99.50th=[45824], 99.90th=[56576], 99.95th=[66048],
     | 99.99th=[81408]
   bw (  KiB/s): min=151886, max=152476, per=100.00%, avg=152167.36, stdev=193.51, samples=14
   iops        : min=303772, max=304952, avg=304334.71, stdev=386.86, samples=14
  lat (nsec)   : 250=0.01%
  lat (usec)   : 2=0.01%, 4=0.01%, 10=0.04%, 20=15.14%, 50=84.65%
  lat (usec)   : 100=0.15%, 250=0.01%
  cpu          : usr=17.89%, sys=80.34%, ctx=11485, majf=0, minf=0
  IO depths    : 1=0.0%, 2=0.0%, 4=0.0%, 8=100.0%, 16=0.0%, 32=0.0%, >=64=0.0%
     submit    : 0=0.0%, 4=100.0%, 8=0.0%, 16=0.0%, 32=0.0%, 64=0.0%, >=64=0.0%
     complete  : 0=0.0%, 4=100.0%, 8=0.1%, 16=0.0%, 32=0.0%, 64=0.0%, >=64=0.0%
     issued rwts: total=2130045,0,0,0 short=0,0,0,0 dropped=0,0,0,0
     latency   : target=0, window=0, percentile=100.00%, depth=8

Run status group 0 (all jobs):
   READ: bw=149MiB/s (156MB/s), 149MiB/s-149MiB/s (156MB/s-156MB/s), io=1040MiB (1091MB), run=7001-7001msec
