io_uring_cmd-bdev_xnvme: (g=0): rw=randread, bs=(R) 512B-512B, (W) 512B-512B, (T) 512B-512B, ioengine=spdk_bdev, iodepth=8
fio-3.32-dirty
Starting 1 thread
{
  "fio version" : "fio-3.32-dirty",
  "timestamp" : 1666752471,
  "timestamp_ms" : 1666752471482,
  "time" : "Wed Oct 26 04:47:51 2022",
  "jobs" : [
    {
      "jobname" : "io_uring_cmd-bdev_xnvme",
      "groupid" : 0,
      "error" : 0,
      "eta" : 0,
      "elapsed" : 11,
      "job options" : {
        "name" : "io_uring_cmd-bdev_xnvme",
        "rw" : "randread",
        "size" : "12G",
        "iodepth" : "8",
        "bs" : "512",
        "direct" : "0",
        "thread" : "1",
        "time_based" : "1",
        "runtime" : "7",
        "ramp_time" : "3",
        "norandommap" : "1",
        "allow_file_create" : "0",
        "ioengine" : "spdk_bdev",
        "spdk_conf" : "/tmp/spdk_bdev_xnvme_io_uring_cmd.conf",
        "filename" : "Nvme0n1",
        "cpus_allowed" : "1"
      },
      "read" : {
        "io_bytes" : 2261216256,
        "io_kbytes" : 2208219,
        "bw_bytes" : 322984753,
        "bw" : 315414,
        "iops" : 630828.595915,
        "runtime" : 7001,
        "total_ios" : 4416431,
        "short_ios" : 0,
        "drop_ios" : 0,
        "slat_ns" : {
          "min" : 190,
          "max" : 24937,
          "mean" : 265.485439,
          "stddev" : 66.086546,
          "N" : 4416431
        },
        "clat_ns" : {
          "min" : 921,
          "max" : 131396,
          "mean" : 12004.528837,
          "stddev" : 4455.386441,
          "N" : 4416438,
          "percentile" : {
            "1.000000" : 6816,
            "5.000000" : 7904,
            "10.000000" : 8512,
            "20.000000" : 9536,
            "30.000000" : 10176,
            "40.000000" : 10688,
            "50.000000" : 11072,
            "60.000000" : 11712,
            "70.000000" : 12480,
            "80.000000" : 13248,
            "90.000000" : 14784,
            "95.000000" : 19840,
            "99.000000" : 31104,
            "99.500000" : 34560,
            "99.900000" : 49920,
            "99.950000" : 67072,
            "99.990000" : 79360
          }
        },
        "lat_ns" : {
          "min" : 5580,
          "max" : 131617,
          "mean" : 12270.014258,
          "stddev" : 4453.681752,
          "N" : 4416438
        },
        "bw_min" : 314606,
        "bw_max" : 317057,
        "bw_agg" : 100.000000,
        "bw_mean" : 315565.928571,
        "bw_dev" : 753.328967,
        "bw_samples" : 14,
        "iops_min" : 629212,
        "iops_max" : 634114,
        "iops_mean" : 631131.928571,
        "iops_stddev" : 1506.587610,
        "iops_samples" : 14
      },
      "write" : {
        "io_bytes" : 0,
        "io_kbytes" : 0,
        "bw_bytes" : 0,
        "bw" : 0,
        "iops" : 0.000000,
        "runtime" : 0,
        "total_ios" : 0,
        "short_ios" : 0,
        "drop_ios" : 0,
        "slat_ns" : {
          "min" : 0,
          "max" : 0,
          "mean" : 0.000000,
          "stddev" : 0.000000,
          "N" : 0
        },
        "clat_ns" : {
          "min" : 0,
          "max" : 0,
          "mean" : 0.000000,
          "stddev" : 0.000000,
          "N" : 0
        },
        "lat_ns" : {
          "min" : 0,
          "max" : 0,
          "mean" : 0.000000,
          "stddev" : 0.000000,
          "N" : 0
        },
        "bw_min" : 0,
        "bw_max" : 0,
        "bw_agg" : 0.000000,
        "bw_mean" : 0.000000,
        "bw_dev" : 0.000000,
        "bw_samples" : 0,
        "iops_min" : 0,
        "iops_max" : 0,
        "iops_mean" : 0.000000,
        "iops_stddev" : 0.000000,
        "iops_samples" : 0
      },
      "trim" : {
        "io_bytes" : 0,
        "io_kbytes" : 0,
        "bw_bytes" : 0,
        "bw" : 0,
        "iops" : 0.000000,
        "runtime" : 0,
        "total_ios" : 0,
        "short_ios" : 0,
        "drop_ios" : 0,
        "slat_ns" : {
          "min" : 0,
          "max" : 0,
          "mean" : 0.000000,
          "stddev" : 0.000000,
          "N" : 0
        },
        "clat_ns" : {
          "min" : 0,
          "max" : 0,
          "mean" : 0.000000,
          "stddev" : 0.000000,
          "N" : 0
        },
        "lat_ns" : {
          "min" : 0,
          "max" : 0,
          "mean" : 0.000000,
          "stddev" : 0.000000,
          "N" : 0
        },
        "bw_min" : 0,
        "bw_max" : 0,
        "bw_agg" : 0.000000,
        "bw_mean" : 0.000000,
        "bw_dev" : 0.000000,
        "bw_samples" : 0,
        "iops_min" : 0,
        "iops_max" : 0,
        "iops_mean" : 0.000000,
        "iops_stddev" : 0.000000,
        "iops_samples" : 0
      },
      "sync" : {
        "total_ios" : 0,
        "lat_ns" : {
          "min" : 0,
          "max" : 0,
          "mean" : 0.000000,
          "stddev" : 0.000000,
          "N" : 0
        }
      },
      "job_runtime" : 7000,
      "usr_cpu" : 99.985714,
      "sys_cpu" : 0.000000,
      "ctx" : 23,
      "majf" : 0,
      "minf" : 0,
      "iodepth_level" : {
        "1" : 0.100000,
        "2" : 0.100000,
        "4" : 25.115280,
        "8" : 74.875663,
        "16" : 0.000000,
        "32" : 0.000000,
        ">=64" : 0.000000
      },
      "iodepth_submit" : {
        "0" : 0.000000,
        "4" : 100.000000,
        "8" : 0.000000,
        "16" : 0.000000,
        "32" : 0.000000,
        "64" : 0.000000,
        ">=64" : 0.000000
      },
      "iodepth_complete" : {
        "0" : 0.000000,
        "4" : 99.991752,
        "8" : 0.100000,
        "16" : 0.000000,
        "32" : 0.000000,
        "64" : 0.000000,
        ">=64" : 0.000000
      },
      "latency_ns" : {
        "2" : 0.000000,
        "4" : 0.000000,
        "10" : 0.000000,
        "20" : 0.000000,
        "50" : 0.000000,
        "100" : 0.000000,
        "250" : 0.000000,
        "500" : 0.000000,
        "750" : 0.000000,
        "1000" : 0.010000
      },
      "latency_us" : {
        "2" : 0.010000,
        "4" : 0.010000,
        "10" : 28.039406,
        "20" : 66.984359,
        "50" : 4.876879,
        "100" : 0.097998,
        "250" : 0.010000,
        "500" : 0.000000,
        "750" : 0.000000,
        "1000" : 0.000000
      },
      "latency_ms" : {
        "2" : 0.000000,
        "4" : 0.000000,
        "10" : 0.000000,
        "20" : 0.000000,
        "50" : 0.000000,
        "100" : 0.000000,
        "250" : 0.000000,
        "500" : 0.000000,
        "750" : 0.000000,
        "1000" : 0.000000,
        "2000" : 0.000000,
        ">=2000" : 0.000000
      },
      "latency_depth" : 8,
      "latency_target" : 0,
      "latency_percentile" : 100.000000,
      "latency_window" : 0
    }
  ]
}

io_uring_cmd-bdev_xnvme: (groupid=0, jobs=1): err= 0: pid=143360: Wed Oct 26 04:47:51 2022
  read: IOPS=631k, BW=308MiB/s (323MB/s)(2156MiB/7001msec)
    slat (nsec): min=190, max=24937, avg=265.49, stdev=66.09
    clat (nsec): min=921, max=131396, avg=12004.53, stdev=4455.39
     lat (usec): min=5, max=131, avg=12.27, stdev= 4.45
    clat percentiles (nsec):
     |  1.00th=[ 6816],  5.00th=[ 7904], 10.00th=[ 8512], 20.00th=[ 9536],
     | 30.00th=[10176], 40.00th=[10688], 50.00th=[11072], 60.00th=[11712],
     | 70.00th=[12480], 80.00th=[13248], 90.00th=[14784], 95.00th=[19840],
     | 99.00th=[31104], 99.50th=[34560], 99.90th=[49920], 99.95th=[67072],
     | 99.99th=[79360]
   bw (  KiB/s): min=314606, max=317057, per=100.00%, avg=315565.93, stdev=753.33, samples=14
   iops        : min=629212, max=634114, avg=631131.93, stdev=1506.59, samples=14
  lat (nsec)   : 1000=0.01%
  lat (usec)   : 2=0.01%, 4=0.01%, 10=28.04%, 20=66.98%, 50=4.88%
  lat (usec)   : 100=0.10%, 250=0.01%
  cpu          : usr=99.99%, sys=0.00%, ctx=23, majf=0, minf=0
  IO depths    : 1=0.1%, 2=0.1%, 4=25.1%, 8=74.9%, 16=0.0%, 32=0.0%, >=64=0.0%
     submit    : 0=0.0%, 4=100.0%, 8=0.0%, 16=0.0%, 32=0.0%, 64=0.0%, >=64=0.0%
     complete  : 0=0.0%, 4=100.0%, 8=0.1%, 16=0.0%, 32=0.0%, 64=0.0%, >=64=0.0%
     issued rwts: total=4416431,0,0,0 short=0,0,0,0 dropped=0,0,0,0
     latency   : target=0, window=0, percentile=100.00%, depth=8

Run status group 0 (all jobs):
   READ: bw=308MiB/s (323MB/s), 308MiB/s-308MiB/s (323MB/s-323MB/s), io=2156MiB (2261MB), run=7001-7001msec
