io_uring-bdev_xnvme: (g=0): rw=randread, bs=(R) 512B-512B, (W) 512B-512B, (T) 512B-512B, ioengine=spdk_bdev, iodepth=2
fio-3.32-dirty
Starting 1 thread
{
  "fio version" : "fio-3.32-dirty",
  "timestamp" : 1666751627,
  "timestamp_ms" : 1666751627772,
  "time" : "Wed Oct 26 04:33:47 2022",
  "jobs" : [
    {
      "jobname" : "io_uring-bdev_xnvme",
      "groupid" : 0,
      "error" : 0,
      "eta" : 0,
      "elapsed" : 11,
      "job options" : {
        "name" : "io_uring-bdev_xnvme",
        "rw" : "randread",
        "size" : "12G",
        "iodepth" : "2",
        "bs" : "512",
        "direct" : "1",
        "thread" : "1",
        "time_based" : "1",
        "runtime" : "7",
        "ramp_time" : "3",
        "norandommap" : "1",
        "allow_file_create" : "0",
        "ioengine" : "spdk_bdev",
        "spdk_conf" : "/tmp/spdk_bdev_xnvme_io_uring.conf",
        "filename" : "Nvme0n1",
        "cpus_allowed" : "1"
      },
      "read" : {
        "io_bytes" : 954444288,
        "io_kbytes" : 932074,
        "bw_bytes" : 136329708,
        "bw" : 133134,
        "iops" : 266268.675903,
        "runtime" : 7001,
        "total_ios" : 1864147,
        "short_ios" : 0,
        "drop_ios" : 0,
        "slat_ns" : {
          "min" : 1552,
          "max" : 23744,
          "mean" : 2227.662047,
          "stddev" : 687.257728,
          "N" : 1864148
        },
        "clat_ns" : {
          "min" : 241,
          "max" : 115497,
          "mean" : 5044.965217,
          "stddev" : 1900.368884,
          "N" : 1864148,
          "percentile" : {
            "1.000000" : 4048,
            "5.000000" : 4080,
            "10.000000" : 4128,
            "20.000000" : 4128,
            "30.000000" : 4192,
            "40.000000" : 4256,
            "50.000000" : 5216,
            "60.000000" : 5280,
            "70.000000" : 5344,
            "80.000000" : 5408,
            "90.000000" : 5472,
            "95.000000" : 5664,
            "99.000000" : 14272,
            "99.500000" : 18304,
            "99.900000" : 22400,
            "99.950000" : 22912,
            "99.990000" : 60672
          }
        },
        "lat_ns" : {
          "min" : 5591,
          "max" : 117120,
          "mean" : 7272.627264,
          "stddev" : 1826.947438,
          "N" : 1864148
        },
        "bw_min" : 133014,
        "bw_max" : 133288,
        "bw_agg" : 100.000000,
        "bw_mean" : 133165.500000,
        "bw_dev" : 95.984574,
        "bw_samples" : 14,
        "iops_min" : 266028,
        "iops_max" : 266576,
        "iops_mean" : 266331.000000,
        "iops_stddev" : 191.778318,
        "iops_samples" : 14
      },
      "write" : {
        "io_bytes" : 0,
        "io_kbytes" : 0,
        "bw_bytes" : 0,
        "bw" : 0,
        "iops" : 0.000000,
        "runtime" : 0,
        "total_ios" : 0,
        "short_ios" : 0,
        "drop_ios" : 0,
        "slat_ns" : {
          "min" : 0,
          "max" : 0,
          "mean" : 0.000000,
          "stddev" : 0.000000,
          "N" : 0
        },
        "clat_ns" : {
          "min" : 0,
          "max" : 0,
          "mean" : 0.000000,
          "stddev" : 0.000000,
          "N" : 0
        },
        "lat_ns" : {
          "min" : 0,
          "max" : 0,
          "mean" : 0.000000,
          "stddev" : 0.000000,
          "N" : 0
        },
        "bw_min" : 0,
        "bw_max" : 0,
        "bw_agg" : 0.000000,
        "bw_mean" : 0.000000,
        "bw_dev" : 0.000000,
        "bw_samples" : 0,
        "iops_min" : 0,
        "iops_max" : 0,
        "iops_mean" : 0.000000,
        "iops_stddev" : 0.000000,
        "iops_samples" : 0
      },
      "trim" : {
        "io_bytes" : 0,
        "io_kbytes" : 0,
        "bw_bytes" : 0,
        "bw" : 0,
        "iops" : 0.000000,
        "runtime" : 0,
        "total_ios" : 0,
        "short_ios" : 0,
        "drop_ios" : 0,
        "slat_ns" : {
          "min" : 0,
          "max" : 0,
          "mean" : 0.000000,
          "stddev" : 0.000000,
          "N" : 0
        },
        "clat_ns" : {
          "min" : 0,
          "max" : 0,
          "mean" : 0.000000,
          "stddev" : 0.000000,
          "N" : 0
        },
        "lat_ns" : {
          "min" : 0,
          "max" : 0,
          "mean" : 0.000000,
          "stddev" : 0.000000,
          "N" : 0
        },
        "bw_min" : 0,
        "bw_max" : 0,
        "bw_agg" : 0.000000,
        "bw_mean" : 0.000000,
        "bw_dev" : 0.000000,
        "bw_samples" : 0,
        "iops_min" : 0,
        "iops_max" : 0,
        "iops_mean" : 0.000000,
        "iops_stddev" : 0.000000,
        "iops_samples" : 0
      },
      "sync" : {
        "total_ios" : 0,
        "lat_ns" : {
          "min" : 0,
          "max" : 0,
          "mean" : 0.000000,
          "stddev" : 0.000000,
          "N" : 0
        }
      },
      "job_runtime" : 7000,
      "usr_cpu" : 33.700000,
      "sys_cpu" : 66.271429,
      "ctx" : 25,
      "majf" : 0,
      "minf" : 0,
      "iodepth_level" : {
        "1" : 0.000000,
        "2" : 100.000000,
        "4" : 0.000000,
        "8" : 0.000000,
        "16" : 0.000000,
        "32" : 0.000000,
        ">=64" : 0.000000
      },
      "iodepth_submit" : {
        "0" : 0.000000,
        "4" : 100.000000,
        "8" : 0.000000,
        "16" : 0.000000,
        "32" : 0.000000,
        "64" : 0.000000,
        ">=64" : 0.000000
      },
      "iodepth_complete" : {
        "0" : 0.000000,
        "4" : 100.000000,
        "8" : 0.000000,
        "16" : 0.000000,
        "32" : 0.000000,
        "64" : 0.000000,
        ">=64" : 0.000000
      },
      "latency_ns" : {
        "2" : 0.000000,
        "4" : 0.000000,
        "10" : 0.000000,
        "20" : 0.000000,
        "50" : 0.000000,
        "100" : 0.000000,
        "250" : 0.010000,
        "500" : 0.010000,
        "750" : 0.000000,
        "1000" : 0.000000
      },
      "latency_us" : {
        "2" : 0.000000,
        "4" : 0.022799,
        "10" : 97.619233,
        "20" : 1.967710,
        "50" : 0.368265,
        "100" : 0.019741,
        "250" : 0.010000,
        "500" : 0.000000,
        "750" : 0.000000,
        "1000" : 0.000000
      },
      "latency_ms" : {
        "2" : 0.000000,
        "4" : 0.000000,
        "10" : 0.000000,
        "20" : 0.000000,
        "50" : 0.000000,
        "100" : 0.000000,
        "250" : 0.000000,
        "500" : 0.000000,
        "750" : 0.000000,
        "1000" : 0.000000,
        "2000" : 0.000000,
        ">=2000" : 0.000000
      },
      "latency_depth" : 2,
      "latency_target" : 0,
      "latency_percentile" : 100.000000,
      "latency_window" : 0
    }
  ]
}

io_uring-bdev_xnvme: (groupid=0, jobs=1): err= 0: pid=140785: Wed Oct 26 04:33:47 2022
  read: IOPS=266k, BW=130MiB/s (136MB/s)(910MiB/7001msec)
    slat (nsec): min=1552, max=23744, avg=2227.66, stdev=687.26
    clat (nsec): min=241, max=115497, avg=5044.97, stdev=1900.37
     lat (usec): min=5, max=117, avg= 7.27, stdev= 1.83
    clat percentiles (nsec):
     |  1.00th=[ 4048],  5.00th=[ 4080], 10.00th=[ 4128], 20.00th=[ 4128],
     | 30.00th=[ 4192], 40.00th=[ 4256], 50.00th=[ 5216], 60.00th=[ 5280],
     | 70.00th=[ 5344], 80.00th=[ 5408], 90.00th=[ 5472], 95.00th=[ 5664],
     | 99.00th=[14272], 99.50th=[18304], 99.90th=[22400], 99.95th=[22912],
     | 99.99th=[60672]
   bw (  KiB/s): min=133014, max=133288, per=100.00%, avg=133165.50, stdev=95.98, samples=14
   iops        : min=266028, max=266576, avg=266331.00, stdev=191.78, samples=14
  lat (nsec)   : 250=0.01%, 500=0.01%
  lat (usec)   : 4=0.02%, 10=97.62%, 20=1.97%, 50=0.37%, 100=0.02%
  lat (usec)   : 250=0.01%
  cpu          : usr=33.70%, sys=66.27%, ctx=25, majf=0, minf=0
  IO depths    : 1=0.0%, 2=100.0%, 4=0.0%, 8=0.0%, 16=0.0%, 32=0.0%, >=64=0.0%
     submit    : 0=0.0%, 4=100.0%, 8=0.0%, 16=0.0%, 32=0.0%, 64=0.0%, >=64=0.0%
     complete  : 0=0.0%, 4=100.0%, 8=0.0%, 16=0.0%, 32=0.0%, 64=0.0%, >=64=0.0%
     issued rwts: total=1864147,0,0,0 short=0,0,0,0 dropped=0,0,0,0
     latency   : target=0, window=0, percentile=100.00%, depth=2

Run status group 0 (all jobs):
   READ: bw=130MiB/s (136MB/s), 130MiB/s-130MiB/s (136MB/s-136MB/s), io=910MiB (954MB), run=7001-7001msec
