libaio-reference: (g=0): rw=randread, bs=(R) 512B-512B, (W) 512B-512B, (T) 512B-512B, ioengine=libaio, iodepth=8
fio-3.32-dirty
Starting 1 thread
{
  "fio version" : "fio-3.32-dirty",
  "timestamp" : 1666752657,
  "timestamp_ms" : 1666752657713,
  "time" : "Wed Oct 26 04:50:57 2022",
  "jobs" : [
    {
      "jobname" : "libaio-reference",
      "groupid" : 0,
      "error" : 0,
      "eta" : 0,
      "elapsed" : 11,
      "job options" : {
        "name" : "libaio-reference",
        "rw" : "randread",
        "size" : "12G",
        "iodepth" : "8",
        "bs" : "512",
        "direct" : "1",
        "thread" : "1",
        "time_based" : "1",
        "runtime" : "7",
        "ramp_time" : "3",
        "norandommap" : "1",
        "allow_file_create" : "0",
        "ioengine" : "libaio",
        "filename" : "/dev/nvme0n1",
        "cpus_allowed" : "1"
      },
      "read" : {
        "io_bytes" : 1046272512,
        "io_kbytes" : 1021750,
        "bw_bytes" : 149446152,
        "bw" : 145943,
        "iops" : 291885.873447,
        "runtime" : 7001,
        "total_ios" : 2043493,
        "short_ios" : 0,
        "drop_ios" : 0,
        "slat_ns" : {
          "min" : 1402,
          "max" : 113964,
          "mean" : 2707.785157,
          "stddev" : 1337.154939,
          "N" : 2043494
        },
        "clat_ns" : {
          "min" : 2595,
          "max" : 138590,
          "mean" : 24451.180669,
          "stddev" : 3177.840339,
          "N" : 2043500,
          "percentile" : {
            "1.000000" : 17536,
            "5.000000" : 22400,
            "10.000000" : 22656,
            "20.000000" : 22656,
            "30.000000" : 22912,
            "40.000000" : 23680,
            "50.000000" : 24192,
            "60.000000" : 24448,
            "70.000000" : 25216,
            "80.000000" : 25472,
            "90.000000" : 25728,
            "95.000000" : 29312,
            "99.000000" : 37632,
            "99.500000" : 42240,
            "99.900000" : 54528,
            "99.950000" : 67072,
            "99.990000" : 79360
          }
        },
        "lat_ns" : {
          "min" : 10450,
          "max" : 143930,
          "mean" : 27158.965725,
          "stddev" : 3022.018116,
          "N" : 2043500
        },
        "bw_min" : 145819,
        "bw_max" : 146239,
        "bw_agg" : 100.000000,
        "bw_mean" : 146001.692308,
        "bw_dev" : 141.640028,
        "bw_samples" : 13,
        "iops_min" : 291638,
        "iops_max" : 292478,
        "iops_mean" : 292003.461538,
        "iops_stddev" : 283.176216,
        "iops_samples" : 13
      },
      "write" : {
        "io_bytes" : 0,
        "io_kbytes" : 0,
        "bw_bytes" : 0,
        "bw" : 0,
        "iops" : 0.000000,
        "runtime" : 0,
        "total_ios" : 0,
        "short_ios" : 0,
        "drop_ios" : 0,
        "slat_ns" : {
          "min" : 0,
          "max" : 0,
          "mean" : 0.000000,
          "stddev" : 0.000000,
          "N" : 0
        },
        "clat_ns" : {
          "min" : 0,
          "max" : 0,
          "mean" : 0.000000,
          "stddev" : 0.000000,
          "N" : 0
        },
        "lat_ns" : {
          "min" : 0,
          "max" : 0,
          "mean" : 0.000000,
          "stddev" : 0.000000,
          "N" : 0
        },
        "bw_min" : 0,
        "bw_max" : 0,
        "bw_agg" : 0.000000,
        "bw_mean" : 0.000000,
        "bw_dev" : 0.000000,
        "bw_samples" : 0,
        "iops_min" : 0,
        "iops_max" : 0,
        "iops_mean" : 0.000000,
        "iops_stddev" : 0.000000,
        "iops_samples" : 0
      },
      "trim" : {
        "io_bytes" : 0,
        "io_kbytes" : 0,
        "bw_bytes" : 0,
        "bw" : 0,
        "iops" : 0.000000,
        "runtime" : 0,
        "total_ios" : 0,
        "short_ios" : 0,
        "drop_ios" : 0,
        "slat_ns" : {
          "min" : 0,
          "max" : 0,
          "mean" : 0.000000,
          "stddev" : 0.000000,
          "N" : 0
        },
        "clat_ns" : {
          "min" : 0,
          "max" : 0,
          "mean" : 0.000000,
          "stddev" : 0.000000,
          "N" : 0
        },
        "lat_ns" : {
          "min" : 0,
          "max" : 0,
          "mean" : 0.000000,
          "stddev" : 0.000000,
          "N" : 0
        },
        "bw_min" : 0,
        "bw_max" : 0,
        "bw_agg" : 0.000000,
        "bw_mean" : 0.000000,
        "bw_dev" : 0.000000,
        "bw_samples" : 0,
        "iops_min" : 0,
        "iops_max" : 0,
        "iops_mean" : 0.000000,
        "iops_stddev" : 0.000000,
        "iops_samples" : 0
      },
      "sync" : {
        "total_ios" : 0,
        "lat_ns" : {
          "min" : 0,
          "max" : 0,
          "mean" : 0.000000,
          "stddev" : 0.000000,
          "N" : 0
        }
      },
      "job_runtime" : 7000,
      "usr_cpu" : 35.971429,
      "sys_cpu" : 62.771429,
      "ctx" : 10182,
      "majf" : 0,
      "minf" : 0,
      "iodepth_level" : {
        "1" : 0.000000,
        "2" : 0.000000,
        "4" : 0.000000,
        "8" : 100.000000,
        "16" : 0.000000,
        "32" : 0.000000,
        ">=64" : 0.000000
      },
      "iodepth_submit" : {
        "0" : 0.000000,
        "4" : 100.000000,
        "8" : 0.000000,
        "16" : 0.000000,
        "32" : 0.000000,
        "64" : 0.000000,
        ">=64" : 0.000000
      },
      "iodepth_complete" : {
        "0" : 0.000000,
        "4" : 99.999951,
        "8" : 0.100000,
        "16" : 0.000000,
        "32" : 0.000000,
        "64" : 0.000000,
        ">=64" : 0.000000
      },
      "latency_ns" : {
        "2" : 0.000000,
        "4" : 0.000000,
        "10" : 0.000000,
        "20" : 0.000000,
        "50" : 0.000000,
        "100" : 0.000000,
        "250" : 0.000000,
        "500" : 0.000000,
        "750" : 0.000000,
        "1000" : 0.000000
      },
      "latency_us" : {
        "2" : 0.000000,
        "4" : 0.010000,
        "10" : 0.010000,
        "20" : 2.033870,
        "50" : 97.828033,
        "100" : 0.127282,
        "250" : 0.010000,
        "500" : 0.000000,
        "750" : 0.000000,
        "1000" : 0.000000
      },
      "latency_ms" : {
        "2" : 0.000000,
        "4" : 0.000000,
        "10" : 0.000000,
        "20" : 0.000000,
        "50" : 0.000000,
        "100" : 0.000000,
        "250" : 0.000000,
        "500" : 0.000000,
        "750" : 0.000000,
        "1000" : 0.000000,
        "2000" : 0.000000,
        ">=2000" : 0.000000
      },
      "latency_depth" : 8,
      "latency_target" : 0,
      "latency_percentile" : 100.000000,
      "latency_window" : 0
    }
  ],
  "disk_util" : [
    {
      "name" : "nvme0n1",
      "read_ios" : 2858731,
      "write_ios" : 0,
      "read_merges" : 0,
      "write_merges" : 0,
      "read_ticks" : 15931,
      "write_ticks" : 0,
      "in_queue" : 15931,
      "util" : 99.035239
    }
  ]
}

libaio-reference: (groupid=0, jobs=1): err= 0: pid=143932: Wed Oct 26 04:50:57 2022
  read: IOPS=292k, BW=143MiB/s (149MB/s)(998MiB/7001msec)
    slat (nsec): min=1402, max=113964, avg=2707.79, stdev=1337.15
    clat (usec): min=2, max=138, avg=24.45, stdev= 3.18
     lat (usec): min=10, max=143, avg=27.16, stdev= 3.02
    clat percentiles (nsec):
     |  1.00th=[17536],  5.00th=[22400], 10.00th=[22656], 20.00th=[22656],
     | 30.00th=[22912], 40.00th=[23680], 50.00th=[24192], 60.00th=[24448],
     | 70.00th=[25216], 80.00th=[25472], 90.00th=[25728], 95.00th=[29312],
     | 99.00th=[37632], 99.50th=[42240], 99.90th=[54528], 99.95th=[67072],
     | 99.99th=[79360]
   bw (  KiB/s): min=145819, max=146239, per=100.00%, avg=146001.69, stdev=141.64, samples=13
   iops        : min=291638, max=292478, avg=292003.46, stdev=283.18, samples=13
  lat (usec)   : 4=0.01%, 10=0.01%, 20=2.03%, 50=97.83%, 100=0.13%
  lat (usec)   : 250=0.01%
  cpu          : usr=35.97%, sys=62.77%, ctx=10182, majf=0, minf=0
  IO depths    : 1=0.0%, 2=0.0%, 4=0.0%, 8=100.0%, 16=0.0%, 32=0.0%, >=64=0.0%
     submit    : 0=0.0%, 4=100.0%, 8=0.0%, 16=0.0%, 32=0.0%, 64=0.0%, >=64=0.0%
     complete  : 0=0.0%, 4=100.0%, 8=0.1%, 16=0.0%, 32=0.0%, 64=0.0%, >=64=0.0%
     issued rwts: total=2043493,0,0,0 short=0,0,0,0 dropped=0,0,0,0
     latency   : target=0, window=0, percentile=100.00%, depth=8

Run status group 0 (all jobs):
   READ: bw=143MiB/s (149MB/s), 143MiB/s-143MiB/s (149MB/s-149MB/s), io=998MiB (1046MB), run=7001-7001msec

Disk stats (read/write):
  nvme0n1: ios=2858731/0, merge=0/0, ticks=15931/0, in_queue=15931, util=99.04%
