io_uring_cmd-bdev_xnvme: (g=0): rw=randread, bs=(R) 512B-512B, (W) 512B-512B, (T) 512B-512B, ioengine=spdk_bdev, iodepth=2
fio-3.32-dirty
Starting 1 thread
{
  "fio version" : "fio-3.32-dirty",
  "timestamp" : 1666751525,
  "timestamp_ms" : 1666751525027,
  "time" : "Wed Oct 26 04:32:05 2022",
  "jobs" : [
    {
      "jobname" : "io_uring_cmd-bdev_xnvme",
      "groupid" : 0,
      "error" : 0,
      "eta" : 0,
      "elapsed" : 11,
      "job options" : {
        "name" : "io_uring_cmd-bdev_xnvme",
        "rw" : "randread",
        "size" : "12G",
        "iodepth" : "2",
        "bs" : "512",
        "direct" : "0",
        "thread" : "1",
        "time_based" : "1",
        "runtime" : "7",
        "ramp_time" : "3",
        "norandommap" : "1",
        "allow_file_create" : "0",
        "ioengine" : "spdk_bdev",
        "spdk_conf" : "/tmp/spdk_bdev_xnvme_io_uring_cmd.conf",
        "filename" : "Nvme0n1",
        "cpus_allowed" : "1"
      },
      "read" : {
        "io_bytes" : 834501120,
        "io_kbytes" : 814942,
        "bw_bytes" : 119197417,
        "bw" : 116403,
        "iops" : 232807.313241,
        "runtime" : 7001,
        "total_ios" : 1629884,
        "short_ios" : 0,
        "drop_ios" : 0,
        "slat_ns" : {
          "min" : 230,
          "max" : 27211,
          "mean" : 278.884964,
          "stddev" : 29.538508,
          "N" : 1629884
        },
        "clat_ns" : {
          "min" : 872,
          "max" : 121678,
          "mean" : 8094.376448,
          "stddev" : 2042.240059,
          "N" : 1629885,
          "percentile" : {
            "1.000000" : 6368,
            "5.000000" : 6432,
            "10.000000" : 6560,
            "20.000000" : 7264,
            "30.000000" : 7392,
            "40.000000" : 7520,
            "50.000000" : 7648,
            "60.000000" : 7904,
            "70.000000" : 8768,
            "80.000000" : 8896,
            "90.000000" : 8896,
            "95.000000" : 9024,
            "99.000000" : 18816,
            "99.500000" : 20096,
            "99.900000" : 22400,
            "99.950000" : 28544,
            "99.990000" : 62720
          }
        },
        "lat_ns" : {
          "min" : 5881,
          "max" : 121959,
          "mean" : 8373.261407,
          "stddev" : 2043.377005,
          "N" : 1629885
        },
        "bw_min" : 116102,
        "bw_max" : 116981,
        "bw_agg" : 100.000000,
        "bw_mean" : 116429.500000,
        "bw_dev" : 245.284372,
        "bw_samples" : 14,
        "iops_min" : 232204,
        "iops_max" : 233962,
        "iops_mean" : 232859.357143,
        "iops_stddev" : 490.490744,
        "iops_samples" : 14
      },
      "write" : {
        "io_bytes" : 0,
        "io_kbytes" : 0,
        "bw_bytes" : 0,
        "bw" : 0,
        "iops" : 0.000000,
        "runtime" : 0,
        "total_ios" : 0,
        "short_ios" : 0,
        "drop_ios" : 0,
        "slat_ns" : {
          "min" : 0,
          "max" : 0,
          "mean" : 0.000000,
          "stddev" : 0.000000,
          "N" : 0
        },
        "clat_ns" : {
          "min" : 0,
          "max" : 0,
          "mean" : 0.000000,
          "stddev" : 0.000000,
          "N" : 0
        },
        "lat_ns" : {
          "min" : 0,
          "max" : 0,
          "mean" : 0.000000,
          "stddev" : 0.000000,
          "N" : 0
        },
        "bw_min" : 0,
        "bw_max" : 0,
        "bw_agg" : 0.000000,
        "bw_mean" : 0.000000,
        "bw_dev" : 0.000000,
        "bw_samples" : 0,
        "iops_min" : 0,
        "iops_max" : 0,
        "iops_mean" : 0.000000,
        "iops_stddev" : 0.000000,
        "iops_samples" : 0
      },
      "trim" : {
        "io_bytes" : 0,
        "io_kbytes" : 0,
        "bw_bytes" : 0,
        "bw" : 0,
        "iops" : 0.000000,
        "runtime" : 0,
        "total_ios" : 0,
        "short_ios" : 0,
        "drop_ios" : 0,
        "slat_ns" : {
          "min" : 0,
          "max" : 0,
          "mean" : 0.000000,
          "stddev" : 0.000000,
          "N" : 0
        },
        "clat_ns" : {
          "min" : 0,
          "max" : 0,
          "mean" : 0.000000,
          "stddev" : 0.000000,
          "N" : 0
        },
        "lat_ns" : {
          "min" : 0,
          "max" : 0,
          "mean" : 0.000000,
          "stddev" : 0.000000,
          "N" : 0
        },
        "bw_min" : 0,
        "bw_max" : 0,
        "bw_agg" : 0.000000,
        "bw_mean" : 0.000000,
        "bw_dev" : 0.000000,
        "bw_samples" : 0,
        "iops_min" : 0,
        "iops_max" : 0,
        "iops_mean" : 0.000000,
        "iops_stddev" : 0.000000,
        "iops_samples" : 0
      },
      "sync" : {
        "total_ios" : 0,
        "lat_ns" : {
          "min" : 0,
          "max" : 0,
          "mean" : 0.000000,
          "stddev" : 0.000000,
          "N" : 0
        }
      },
      "job_runtime" : 7000,
      "usr_cpu" : 99.985714,
      "sys_cpu" : 0.000000,
      "ctx" : 23,
      "majf" : 0,
      "minf" : 0,
      "iodepth_level" : {
        "1" : 0.100000,
        "2" : 99.990551,
        "4" : 0.000000,
        "8" : 0.000000,
        "16" : 0.000000,
        "32" : 0.000000,
        ">=64" : 0.000000
      },
      "iodepth_submit" : {
        "0" : 0.000000,
        "4" : 100.000000,
        "8" : 0.000000,
        "16" : 0.000000,
        "32" : 0.000000,
        "64" : 0.000000,
        ">=64" : 0.000000
      },
      "iodepth_complete" : {
        "0" : 0.000000,
        "4" : 100.000000,
        "8" : 0.000000,
        "16" : 0.000000,
        "32" : 0.000000,
        "64" : 0.000000,
        ">=64" : 0.000000
      },
      "latency_ns" : {
        "2" : 0.000000,
        "4" : 0.000000,
        "10" : 0.000000,
        "20" : 0.000000,
        "50" : 0.000000,
        "100" : 0.000000,
        "250" : 0.000000,
        "500" : 0.000000,
        "750" : 0.000000,
        "1000" : 0.010000
      },
      "latency_us" : {
        "2" : 0.000000,
        "4" : 0.000000,
        "10" : 96.857322,
        "20" : 2.646017,
        "50" : 0.471567,
        "100" : 0.024726,
        "250" : 0.010000,
        "500" : 0.000000,
        "750" : 0.000000,
        "1000" : 0.000000
      },
      "latency_ms" : {
        "2" : 0.000000,
        "4" : 0.000000,
        "10" : 0.000000,
        "20" : 0.000000,
        "50" : 0.000000,
        "100" : 0.000000,
        "250" : 0.000000,
        "500" : 0.000000,
        "750" : 0.000000,
        "1000" : 0.000000,
        "2000" : 0.000000,
        ">=2000" : 0.000000
      },
      "latency_depth" : 2,
      "latency_target" : 0,
      "latency_percentile" : 100.000000,
      "latency_window" : 0
    }
  ]
}

io_uring_cmd-bdev_xnvme: (groupid=0, jobs=1): err= 0: pid=140474: Wed Oct 26 04:32:05 2022
  read: IOPS=233k, BW=114MiB/s (119MB/s)(796MiB/7001msec)
    slat (nsec): min=230, max=27211, avg=278.88, stdev=29.54
    clat (nsec): min=872, max=121678, avg=8094.38, stdev=2042.24
     lat (usec): min=5, max=121, avg= 8.37, stdev= 2.04
    clat percentiles (nsec):
     |  1.00th=[ 6368],  5.00th=[ 6432], 10.00th=[ 6560], 20.00th=[ 7264],
     | 30.00th=[ 7392], 40.00th=[ 7520], 50.00th=[ 7648], 60.00th=[ 7904],
     | 70.00th=[ 8768], 80.00th=[ 8896], 90.00th=[ 8896], 95.00th=[ 9024],
     | 99.00th=[18816], 99.50th=[20096], 99.90th=[22400], 99.95th=[28544],
     | 99.99th=[62720]
   bw (  KiB/s): min=116102, max=116981, per=100.00%, avg=116429.50, stdev=245.28, samples=14
   iops        : min=232204, max=233962, avg=232859.36, stdev=490.49, samples=14
  lat (nsec)   : 1000=0.01%
  lat (usec)   : 10=96.86%, 20=2.65%, 50=0.47%, 100=0.02%, 250=0.01%
  cpu          : usr=99.99%, sys=0.00%, ctx=23, majf=0, minf=0
  IO depths    : 1=0.1%, 2=100.0%, 4=0.0%, 8=0.0%, 16=0.0%, 32=0.0%, >=64=0.0%
     submit    : 0=0.0%, 4=100.0%, 8=0.0%, 16=0.0%, 32=0.0%, 64=0.0%, >=64=0.0%
     complete  : 0=0.0%, 4=100.0%, 8=0.0%, 16=0.0%, 32=0.0%, 64=0.0%, >=64=0.0%
     issued rwts: total=1629884,0,0,0 short=0,0,0,0 dropped=0,0,0,0
     latency   : target=0, window=0, percentile=100.00%, depth=2

Run status group 0 (all jobs):
   READ: bw=114MiB/s (119MB/s), 114MiB/s-114MiB/s (119MB/s-119MB/s), io=796MiB (835MB), run=7001-7001msec
