submitter=0, tid=12463, file=/dev/ng0n1, node=-1
submitter=1, tid=12464, file=/dev/ng1n1, node=-1
submitter=2, tid=12465, file=/dev/ng2n1, node=-1
submitter=3, tid=12466, file=/dev/ng3n1, node=-1
submitter=4, tid=12467, file=/dev/ng4n1, node=-1
polled=1, fixedbufs=1/0, register_files=1, buffered=1, QD=128
Engine=io_uring, sq_ring=128, cq_ring=128
submitter=5, tid=12468, file=/dev/ng5n1, node=-1
submitter=6, tid=12469, file=/dev/ng6n1, node=-1
IOPS=2.03M, BW=988MiB/s, IOS/call=31/31
IOPS=2.02M, BW=988MiB/s, IOS/call=31/31
IOPS=2.02M, BW=986MiB/s, IOS/call=31/31
IOPS=2.02M, BW=986MiB/s, IOS/call=31/31
IOPS=2.02M, BW=987MiB/s, IOS/call=31/31
IOPS=2.02M, BW=987MiB/s, IOS/call=31/31
IOPS=2.02M, BW=985MiB/s, IOS/call=31/31
IOPS=2.02M, BW=985MiB/s, IOS/call=31/31
IOPS=2.02M, BW=984MiB/s, IOS/call=31/31
Exiting on timeout
Maximum IOPS=2.03M
