io_uring-bdev_uring: (g=0): rw=randread, bs=(R) 512B-512B, (W) 512B-512B, (T) 512B-512B, ioengine=spdk_bdev, iodepth=1
fio-3.32-75-gc470
Starting 1 thread
{
  "fio version" : "fio-3.32-75-gc470",
  "timestamp" : 1666802048,
  "timestamp_ms" : 1666802048449,
  "time" : "Wed Oct 26 18:34:08 2022",
  "jobs" : [
    {
      "jobname" : "io_uring-bdev_uring",
      "groupid" : 0,
      "error" : 0,
      "eta" : 0,
      "elapsed" : 11,
      "job options" : {
        "name" : "io_uring-bdev_uring",
        "rw" : "randread",
        "size" : "12G",
        "iodepth" : "1",
        "bs" : "512",
        "direct" : "1",
        "thread" : "1",
        "time_based" : "1",
        "runtime" : "7",
        "ramp_time" : "3",
        "norandommap" : "1",
        "allow_file_create" : "0",
        "ioengine" : "spdk_bdev",
        "spdk_conf" : "/tmp/spdk_bdev_uring_foo.conf",
        "filename" : "Nvme0n1",
        "cpus_allowed" : "1"
      },
      "read" : {
        "io_bytes" : 350642688,
        "io_kbytes" : 342424,
        "bw_bytes" : 50091812,
        "bw" : 48917,
        "iops" : 97835.571429,
        "runtime" : 7000,
        "total_ios" : 684849,
        "short_ios" : 0,
        "drop_ios" : 0,
        "slat_ns" : {
          "min" : 160,
          "max" : 10169,
          "mean" : 176.860921,
          "stddev" : 36.725861,
          "N" : 684849
        },
        "clat_ns" : {
          "min" : 8286,
          "max" : 99416,
          "mean" : 9801.228561,
          "stddev" : 1144.810067,
          "N" : 684849,
          "percentile" : {
            "1.000000" : 9024,
            "5.000000" : 9152,
            "10.000000" : 9408,
            "20.000000" : 9536,
            "30.000000" : 9536,
            "40.000000" : 9664,
            "50.000000" : 9664,
            "60.000000" : 9792,
            "70.000000" : 9792,
            "80.000000" : 9920,
            "90.000000" : 9920,
            "95.000000" : 10048,
            "99.000000" : 16320,
            "99.500000" : 16768,
            "99.900000" : 18304,
            "99.950000" : 20096,
            "99.990000" : 59648
          }
        },
        "lat_ns" : {
          "min" : 8456,
          "max" : 99596,
          "mean" : 9978.089482,
          "stddev" : 1145.645649,
          "N" : 684849
        },
        "bw_min" : 48804,
        "bw_max" : 49018,
        "bw_agg" : 100.000000,
        "bw_mean" : 48920.071429,
        "bw_dev" : 66.841333,
        "bw_samples" : 14,
        "iops_min" : 97608,
        "iops_max" : 98036,
        "iops_mean" : 97840.214286,
        "iops_stddev" : 133.736928,
        "iops_samples" : 14
      },
      "write" : {
        "io_bytes" : 0,
        "io_kbytes" : 0,
        "bw_bytes" : 0,
        "bw" : 0,
        "iops" : 0.000000,
        "runtime" : 0,
        "total_ios" : 0,
        "short_ios" : 0,
        "drop_ios" : 0,
        "slat_ns" : {
          "min" : 0,
          "max" : 0,
          "mean" : 0.000000,
          "stddev" : 0.000000,
          "N" : 0
        },
        "clat_ns" : {
          "min" : 0,
          "max" : 0,
          "mean" : 0.000000,
          "stddev" : 0.000000,
          "N" : 0
        },
        "lat_ns" : {
          "min" : 0,
          "max" : 0,
          "mean" : 0.000000,
          "stddev" : 0.000000,
          "N" : 0
        },
        "bw_min" : 0,
        "bw_max" : 0,
        "bw_agg" : 0.000000,
        "bw_mean" : 0.000000,
        "bw_dev" : 0.000000,
        "bw_samples" : 0,
        "iops_min" : 0,
        "iops_max" : 0,
        "iops_mean" : 0.000000,
        "iops_stddev" : 0.000000,
        "iops_samples" : 0
      },
      "trim" : {
        "io_bytes" : 0,
        "io_kbytes" : 0,
        "bw_bytes" : 0,
        "bw" : 0,
        "iops" : 0.000000,
        "runtime" : 0,
        "total_ios" : 0,
        "short_ios" : 0,
        "drop_ios" : 0,
        "slat_ns" : {
          "min" : 0,
          "max" : 0,
          "mean" : 0.000000,
          "stddev" : 0.000000,
          "N" : 0
        },
        "clat_ns" : {
          "min" : 0,
          "max" : 0,
          "mean" : 0.000000,
          "stddev" : 0.000000,
          "N" : 0
        },
        "lat_ns" : {
          "min" : 0,
          "max" : 0,
          "mean" : 0.000000,
          "stddev" : 0.000000,
          "N" : 0
        },
        "bw_min" : 0,
        "bw_max" : 0,
        "bw_agg" : 0.000000,
        "bw_mean" : 0.000000,
        "bw_dev" : 0.000000,
        "bw_samples" : 0,
        "iops_min" : 0,
        "iops_max" : 0,
        "iops_mean" : 0.000000,
        "iops_stddev" : 0.000000,
        "iops_samples" : 0
      },
      "sync" : {
        "total_ios" : 0,
        "lat_ns" : {
          "min" : 0,
          "max" : 0,
          "mean" : 0.000000,
          "stddev" : 0.000000,
          "N" : 0
        }
      },
      "job_runtime" : 7000,
      "usr_cpu" : 48.442857,
      "sys_cpu" : 51.528571,
      "ctx" : 166,
      "majf" : 0,
      "minf" : 0,
      "iodepth_level" : {
        "1" : 100.000000,
        "2" : 0.000000,
        "4" : 0.000000,
        "8" : 0.000000,
        "16" : 0.000000,
        "32" : 0.000000,
        ">=64" : 0.000000
      },
      "iodepth_submit" : {
        "0" : 0.000000,
        "4" : 100.000000,
        "8" : 0.000000,
        "16" : 0.000000,
        "32" : 0.000000,
        "64" : 0.000000,
        ">=64" : 0.000000
      },
      "iodepth_complete" : {
        "0" : 0.000000,
        "4" : 100.000000,
        "8" : 0.000000,
        "16" : 0.000000,
        "32" : 0.000000,
        "64" : 0.000000,
        ">=64" : 0.000000
      },
      "latency_ns" : {
        "2" : 0.000000,
        "4" : 0.000000,
        "10" : 0.000000,
        "20" : 0.000000,
        "50" : 0.000000,
        "100" : 0.000000,
        "250" : 0.000000,
        "500" : 0.000000,
        "750" : 0.000000,
        "1000" : 0.000000
      },
      "latency_us" : {
        "2" : 0.000000,
        "4" : 0.000000,
        "10" : 92.925010,
        "20" : 7.024176,
        "50" : 0.035774,
        "100" : 0.015040,
        "250" : 0.000000,
        "500" : 0.000000,
        "750" : 0.000000,
        "1000" : 0.000000
      },
      "latency_ms" : {
        "2" : 0.000000,
        "4" : 0.000000,
        "10" : 0.000000,
        "20" : 0.000000,
        "50" : 0.000000,
        "100" : 0.000000,
        "250" : 0.000000,
        "500" : 0.000000,
        "750" : 0.000000,
        "1000" : 0.000000,
        "2000" : 0.000000,
        ">=2000" : 0.000000
      },
      "latency_depth" : 1,
      "latency_target" : 0,
      "latency_percentile" : 100.000000,
      "latency_window" : 0
    }
  ]
}

io_uring-bdev_uring: (groupid=0, jobs=1): err= 0: pid=45386: Wed Oct 26 18:34:08 2022
  read: IOPS=97.8k, BW=47.8MiB/s (50.1MB/s)(334MiB/7000msec)
    slat (nsec): min=160, max=10169, avg=176.86, stdev=36.73
    clat (nsec): min=8286, max=99416, avg=9801.23, stdev=1144.81
     lat (nsec): min=8456, max=99596, avg=9978.09, stdev=1145.65
    clat percentiles (nsec):
     |  1.00th=[ 9024],  5.00th=[ 9152], 10.00th=[ 9408], 20.00th=[ 9536],
     | 30.00th=[ 9536], 40.00th=[ 9664], 50.00th=[ 9664], 60.00th=[ 9792],
     | 70.00th=[ 9792], 80.00th=[ 9920], 90.00th=[ 9920], 95.00th=[10048],
     | 99.00th=[16320], 99.50th=[16768], 99.90th=[18304], 99.95th=[20096],
     | 99.99th=[59648]
   bw (  KiB/s): min=48804, max=49018, per=100.00%, avg=48920.07, stdev=66.84, samples=14
   iops        : min=97608, max=98036, avg=97840.21, stdev=133.74, samples=14
  lat (usec)   : 10=92.93%, 20=7.02%, 50=0.04%, 100=0.02%
  cpu          : usr=48.44%, sys=51.53%, ctx=166, majf=0, minf=0
  IO depths    : 1=100.0%, 2=0.0%, 4=0.0%, 8=0.0%, 16=0.0%, 32=0.0%, >=64=0.0%
     submit    : 0=0.0%, 4=100.0%, 8=0.0%, 16=0.0%, 32=0.0%, 64=0.0%, >=64=0.0%
     complete  : 0=0.0%, 4=100.0%, 8=0.0%, 16=0.0%, 32=0.0%, 64=0.0%, >=64=0.0%
     issued rwts: total=684849,0,0,0 short=0,0,0,0 dropped=0,0,0,0
     latency   : target=0, window=0, percentile=100.00%, depth=1

Run status group 0 (all jobs):
   READ: bw=47.8MiB/s (50.1MB/s), 47.8MiB/s-47.8MiB/s (50.1MB/s-50.1MB/s), io=334MiB (351MB), run=7000-7000msec
