io_uring_cmd-reference: (g=0): rw=randread, bs=(R) 512B-512B, (W) 512B-512B, (T) 512B-512B, ioengine=io_uring_cmd, iodepth=128
fio-3.32-75-gc470
Starting 1 thread
{
  "fio version" : "fio-3.32-75-gc470",
  "timestamp" : 1666802148,
  "timestamp_ms" : 1666802148058,
  "time" : "Wed Oct 26 18:35:48 2022",
  "jobs" : [
    {
      "jobname" : "io_uring_cmd-reference",
      "groupid" : 0,
      "error" : 0,
      "eta" : 0,
      "elapsed" : 11,
      "job options" : {
        "name" : "io_uring_cmd-reference",
        "rw" : "randread",
        "size" : "12G",
        "iodepth" : "128",
        "bs" : "512",
        "direct" : "0",
        "thread" : "1",
        "time_based" : "1",
        "runtime" : "7",
        "ramp_time" : "3",
        "norandommap" : "1",
        "allow_file_create" : "0",
        "ioengine" : "io_uring_cmd",
        "filename" : "/dev/ng0n1",
        "cpus_allowed" : "1"
      },
      "read" : {
        "io_bytes" : 832311296,
        "io_kbytes" : 812804,
        "bw_bytes" : 118884630,
        "bw" : 116098,
        "iops" : 232178.260249,
        "runtime" : 7001,
        "total_ios" : 1625480,
        "short_ios" : 0,
        "drop_ios" : 0,
        "slat_ns" : {
          "min" : 962,
          "max" : 52378,
          "mean" : 3532.143526,
          "stddev" : 2296.550867,
          "N" : 1625481
        },
        "clat_ns" : {
          "min" : 10109,
          "max" : 725200,
          "mean" : 547264.723393,
          "stddev" : 27312.413649,
          "N" : 1625607,
          "percentile" : {
            "1.000000" : 460800,
            "5.000000" : 485376,
            "10.000000" : 501760,
            "20.000000" : 536576,
            "30.000000" : 544768,
            "40.000000" : 552960,
            "50.000000" : 552960,
            "60.000000" : 561152,
            "70.000000" : 561152,
            "80.000000" : 569344,
            "90.000000" : 569344,
            "95.000000" : 577536,
            "99.000000" : 585728,
            "99.500000" : 593920,
            "99.900000" : 618496,
            "99.950000" : 643072,
            "99.990000" : 675840
          }
        },
        "lat_ns" : {
          "min" : 15148,
          "max" : 737513,
          "mean" : 550796.863895,
          "stddev" : 27389.903134,
          "N" : 1625607
        },
        "bw_min" : 115283,
        "bw_max" : 116487,
        "bw_agg" : 100.000000,
        "bw_mean" : 116115.642857,
        "bw_dev" : 359.091076,
        "bw_samples" : 14,
        "iops_min" : 230566,
        "iops_max" : 232974,
        "iops_mean" : 232231.357143,
        "iops_stddev" : 718.224264,
        "iops_samples" : 14
      },
      "write" : {
        "io_bytes" : 0,
        "io_kbytes" : 0,
        "bw_bytes" : 0,
        "bw" : 0,
        "iops" : 0.000000,
        "runtime" : 0,
        "total_ios" : 0,
        "short_ios" : 0,
        "drop_ios" : 0,
        "slat_ns" : {
          "min" : 0,
          "max" : 0,
          "mean" : 0.000000,
          "stddev" : 0.000000,
          "N" : 0
        },
        "clat_ns" : {
          "min" : 0,
          "max" : 0,
          "mean" : 0.000000,
          "stddev" : 0.000000,
          "N" : 0
        },
        "lat_ns" : {
          "min" : 0,
          "max" : 0,
          "mean" : 0.000000,
          "stddev" : 0.000000,
          "N" : 0
        },
        "bw_min" : 0,
        "bw_max" : 0,
        "bw_agg" : 0.000000,
        "bw_mean" : 0.000000,
        "bw_dev" : 0.000000,
        "bw_samples" : 0,
        "iops_min" : 0,
        "iops_max" : 0,
        "iops_mean" : 0.000000,
        "iops_stddev" : 0.000000,
        "iops_samples" : 0
      },
      "trim" : {
        "io_bytes" : 0,
        "io_kbytes" : 0,
        "bw_bytes" : 0,
        "bw" : 0,
        "iops" : 0.000000,
        "runtime" : 0,
        "total_ios" : 0,
        "short_ios" : 0,
        "drop_ios" : 0,
        "slat_ns" : {
          "min" : 0,
          "max" : 0,
          "mean" : 0.000000,
          "stddev" : 0.000000,
          "N" : 0
        },
        "clat_ns" : {
          "min" : 0,
          "max" : 0,
          "mean" : 0.000000,
          "stddev" : 0.000000,
          "N" : 0
        },
        "lat_ns" : {
          "min" : 0,
          "max" : 0,
          "mean" : 0.000000,
          "stddev" : 0.000000,
          "N" : 0
        },
        "bw_min" : 0,
        "bw_max" : 0,
        "bw_agg" : 0.000000,
        "bw_mean" : 0.000000,
        "bw_dev" : 0.000000,
        "bw_samples" : 0,
        "iops_min" : 0,
        "iops_max" : 0,
        "iops_mean" : 0.000000,
        "iops_stddev" : 0.000000,
        "iops_samples" : 0
      },
      "sync" : {
        "total_ios" : 0,
        "lat_ns" : {
          "min" : 0,
          "max" : 0,
          "mean" : 0.000000,
          "stddev" : 0.000000,
          "N" : 0
        }
      },
      "job_runtime" : 7000,
      "usr_cpu" : 11.085714,
      "sys_cpu" : 88.885714,
      "ctx" : 633,
      "majf" : 0,
      "minf" : 0,
      "iodepth_level" : {
        "1" : 0.000000,
        "2" : 0.000000,
        "4" : 0.000000,
        "8" : 0.000000,
        "16" : 0.000000,
        "32" : 0.000000,
        ">=64" : 100.000000
      },
      "iodepth_submit" : {
        "0" : 0.000000,
        "4" : 100.000000,
        "8" : 0.000000,
        "16" : 0.000000,
        "32" : 0.000000,
        "64" : 0.000000,
        ">=64" : 0.000000
      },
      "iodepth_complete" : {
        "0" : 0.000000,
        "4" : 99.999938,
        "8" : 0.000000,
        "16" : 0.000000,
        "32" : 0.000000,
        "64" : 0.000000,
        ">=64" : 0.100000
      },
      "latency_ns" : {
        "2" : 0.000000,
        "4" : 0.000000,
        "10" : 0.000000,
        "20" : 0.000000,
        "50" : 0.000000,
        "100" : 0.000000,
        "250" : 0.000000,
        "500" : 0.000000,
        "750" : 0.000000,
        "1000" : 0.000000
      },
      "latency_us" : {
        "2" : 0.000000,
        "4" : 0.000000,
        "10" : 0.000000,
        "20" : 0.010000,
        "50" : 0.010000,
        "100" : 0.010000,
        "250" : 0.010000,
        "500" : 9.455792,
        "750" : 90.548515,
        "1000" : 0.000000
      },
      "latency_ms" : {
        "2" : 0.000000,
        "4" : 0.000000,
        "10" : 0.000000,
        "20" : 0.000000,
        "50" : 0.000000,
        "100" : 0.000000,
        "250" : 0.000000,
        "500" : 0.000000,
        "750" : 0.000000,
        "1000" : 0.000000,
        "2000" : 0.000000,
        ">=2000" : 0.000000
      },
      "latency_depth" : 128,
      "latency_target" : 0,
      "latency_percentile" : 100.000000,
      "latency_window" : 0
    }
  ]
}

io_uring_cmd-reference: (groupid=0, jobs=1): err= 0: pid=45748: Wed Oct 26 18:35:48 2022
  read: IOPS=232k, BW=113MiB/s (119MB/s)(794MiB/7001msec)
    slat (nsec): min=962, max=52378, avg=3532.14, stdev=2296.55
    clat (usec): min=10, max=725, avg=547.26, stdev=27.31
     lat (usec): min=15, max=737, avg=550.80, stdev=27.39
    clat percentiles (usec):
     |  1.00th=[  461],  5.00th=[  486], 10.00th=[  502], 20.00th=[  537],
     | 30.00th=[  545], 40.00th=[  553], 50.00th=[  553], 60.00th=[  562],
     | 70.00th=[  562], 80.00th=[  570], 90.00th=[  570], 95.00th=[  578],
     | 99.00th=[  586], 99.50th=[  594], 99.90th=[  619], 99.95th=[  644],
     | 99.99th=[  676]
   bw (  KiB/s): min=115283, max=116487, per=100.00%, avg=116115.64, stdev=359.09, samples=14
   iops        : min=230566, max=232974, avg=232231.36, stdev=718.22, samples=14
  lat (usec)   : 20=0.01%, 50=0.01%, 100=0.01%, 250=0.01%, 500=9.46%
  lat (usec)   : 750=90.55%
  cpu          : usr=11.09%, sys=88.89%, ctx=633, majf=0, minf=0
  IO depths    : 1=0.0%, 2=0.0%, 4=0.0%, 8=0.0%, 16=0.0%, 32=0.0%, >=64=100.0%
     submit    : 0=0.0%, 4=100.0%, 8=0.0%, 16=0.0%, 32=0.0%, 64=0.0%, >=64=0.0%
     complete  : 0=0.0%, 4=100.0%, 8=0.0%, 16=0.0%, 32=0.0%, 64=0.0%, >=64=0.1%
     issued rwts: total=1625480,0,0,0 short=0,0,0,0 dropped=0,0,0,0
     latency   : target=0, window=0, percentile=100.00%, depth=128

Run status group 0 (all jobs):
   READ: bw=113MiB/s (119MB/s), 113MiB/s-113MiB/s (119MB/s-119MB/s), io=794MiB (832MB), run=7001-7001msec
