libaio-bdev_aio: (g=0): rw=randread, bs=(R) 512B-512B, (W) 512B-512B, (T) 512B-512B, ioengine=spdk_bdev, iodepth=1
fio-3.32-75-gc470
Starting 1 thread
{
  "fio version" : "fio-3.32-75-gc470",
  "timestamp" : 1666802105,
  "timestamp_ms" : 1666802105729,
  "time" : "Wed Oct 26 18:35:05 2022",
  "jobs" : [
    {
      "jobname" : "libaio-bdev_aio",
      "groupid" : 0,
      "error" : 0,
      "eta" : 0,
      "elapsed" : 11,
      "job options" : {
        "name" : "libaio-bdev_aio",
        "rw" : "randread",
        "size" : "12G",
        "iodepth" : "1",
        "bs" : "512",
        "direct" : "1",
        "thread" : "1",
        "time_based" : "1",
        "runtime" : "7",
        "ramp_time" : "3",
        "norandommap" : "1",
        "allow_file_create" : "0",
        "ioengine" : "spdk_bdev",
        "spdk_conf" : "/tmp/spdk_bdev_aio_foo.conf",
        "filename" : "Nvme0n1",
        "cpus_allowed" : "1"
      },
      "read" : {
        "io_bytes" : 358441984,
        "io_kbytes" : 350041,
        "bw_bytes" : 51198683,
        "bw" : 49998,
        "iops" : 99997.428939,
        "runtime" : 7001,
        "total_ios" : 700082,
        "short_ios" : 0,
        "drop_ios" : 0,
        "slat_ns" : {
          "min" : 2024,
          "max" : 36078,
          "mean" : 2530.348499,
          "stddev" : 200.981159,
          "N" : 700082
        },
        "clat_ns" : {
          "min" : 250,
          "max" : 113463,
          "mean" : 7221.971740,
          "stddev" : 1154.535423,
          "N" : 700082,
          "percentile" : {
            "1.000000" : 6624,
            "5.000000" : 6816,
            "10.000000" : 6880,
            "20.000000" : 6944,
            "30.000000" : 7008,
            "40.000000" : 7072,
            "50.000000" : 7136,
            "60.000000" : 7136,
            "70.000000" : 7200,
            "80.000000" : 7264,
            "90.000000" : 7328,
            "95.000000" : 7456,
            "99.000000" : 13888,
            "99.500000" : 14528,
            "99.900000" : 15936,
            "99.950000" : 16512,
            "99.990000" : 58112
          }
        },
        "lat_ns" : {
          "min" : 8316,
          "max" : 116108,
          "mean" : 9752.320240,
          "stddev" : 1173.093532,
          "N" : 700082
        },
        "bw_min" : 49867,
        "bw_max" : 50096,
        "bw_agg" : 100.000000,
        "bw_mean" : 50008.571429,
        "bw_dev" : 72.576447,
        "bw_samples" : 14,
        "iops_min" : 99734,
        "iops_max" : 100192,
        "iops_mean" : 100017.142857,
        "iops_stddev" : 145.152894,
        "iops_samples" : 14
      },
      "write" : {
        "io_bytes" : 0,
        "io_kbytes" : 0,
        "bw_bytes" : 0,
        "bw" : 0,
        "iops" : 0.000000,
        "runtime" : 0,
        "total_ios" : 0,
        "short_ios" : 0,
        "drop_ios" : 0,
        "slat_ns" : {
          "min" : 0,
          "max" : 0,
          "mean" : 0.000000,
          "stddev" : 0.000000,
          "N" : 0
        },
        "clat_ns" : {
          "min" : 0,
          "max" : 0,
          "mean" : 0.000000,
          "stddev" : 0.000000,
          "N" : 0
        },
        "lat_ns" : {
          "min" : 0,
          "max" : 0,
          "mean" : 0.000000,
          "stddev" : 0.000000,
          "N" : 0
        },
        "bw_min" : 0,
        "bw_max" : 0,
        "bw_agg" : 0.000000,
        "bw_mean" : 0.000000,
        "bw_dev" : 0.000000,
        "bw_samples" : 0,
        "iops_min" : 0,
        "iops_max" : 0,
        "iops_mean" : 0.000000,
        "iops_stddev" : 0.000000,
        "iops_samples" : 0
      },
      "trim" : {
        "io_bytes" : 0,
        "io_kbytes" : 0,
        "bw_bytes" : 0,
        "bw" : 0,
        "iops" : 0.000000,
        "runtime" : 0,
        "total_ios" : 0,
        "short_ios" : 0,
        "drop_ios" : 0,
        "slat_ns" : {
          "min" : 0,
          "max" : 0,
          "mean" : 0.000000,
          "stddev" : 0.000000,
          "N" : 0
        },
        "clat_ns" : {
          "min" : 0,
          "max" : 0,
          "mean" : 0.000000,
          "stddev" : 0.000000,
          "N" : 0
        },
        "lat_ns" : {
          "min" : 0,
          "max" : 0,
          "mean" : 0.000000,
          "stddev" : 0.000000,
          "N" : 0
        },
        "bw_min" : 0,
        "bw_max" : 0,
        "bw_agg" : 0.000000,
        "bw_mean" : 0.000000,
        "bw_dev" : 0.000000,
        "bw_samples" : 0,
        "iops_min" : 0,
        "iops_max" : 0,
        "iops_mean" : 0.000000,
        "iops_stddev" : 0.000000,
        "iops_samples" : 0
      },
      "sync" : {
        "total_ios" : 0,
        "lat_ns" : {
          "min" : 0,
          "max" : 0,
          "mean" : 0.000000,
          "stddev" : 0.000000,
          "N" : 0
        }
      },
      "job_runtime" : 7000,
      "usr_cpu" : 47.928571,
      "sys_cpu" : 52.042857,
      "ctx" : 175,
      "majf" : 0,
      "minf" : 0,
      "iodepth_level" : {
        "1" : 100.000000,
        "2" : 0.000000,
        "4" : 0.000000,
        "8" : 0.000000,
        "16" : 0.000000,
        "32" : 0.000000,
        ">=64" : 0.000000
      },
      "iodepth_submit" : {
        "0" : 0.000000,
        "4" : 100.000000,
        "8" : 0.000000,
        "16" : 0.000000,
        "32" : 0.000000,
        "64" : 0.000000,
        ">=64" : 0.000000
      },
      "iodepth_complete" : {
        "0" : 0.000000,
        "4" : 100.000000,
        "8" : 0.000000,
        "16" : 0.000000,
        "32" : 0.000000,
        "64" : 0.000000,
        ">=64" : 0.000000
      },
      "latency_ns" : {
        "2" : 0.000000,
        "4" : 0.000000,
        "10" : 0.000000,
        "20" : 0.000000,
        "50" : 0.000000,
        "100" : 0.000000,
        "250" : 0.000000,
        "500" : 0.010000,
        "750" : 0.000000,
        "1000" : 0.000000
      },
      "latency_us" : {
        "2" : 0.000000,
        "4" : 0.010000,
        "10" : 98.422613,
        "20" : 1.545533,
        "50" : 0.011284,
        "100" : 0.014713,
        "250" : 0.010000,
        "500" : 0.000000,
        "750" : 0.000000,
        "1000" : 0.000000
      },
      "latency_ms" : {
        "2" : 0.000000,
        "4" : 0.000000,
        "10" : 0.000000,
        "20" : 0.000000,
        "50" : 0.000000,
        "100" : 0.000000,
        "250" : 0.000000,
        "500" : 0.000000,
        "750" : 0.000000,
        "1000" : 0.000000,
        "2000" : 0.000000,
        ">=2000" : 0.000000
      },
      "latency_depth" : 1,
      "latency_target" : 0,
      "latency_percentile" : 100.000000,
      "latency_window" : 0
    }
  ]
}

libaio-bdev_aio: (groupid=0, jobs=1): err= 0: pid=45596: Wed Oct 26 18:35:05 2022
  read: IOPS=100.0k, BW=48.8MiB/s (51.2MB/s)(342MiB/7001msec)
    slat (nsec): min=2024, max=36078, avg=2530.35, stdev=200.98
    clat (nsec): min=250, max=113463, avg=7221.97, stdev=1154.54
     lat (usec): min=8, max=116, avg= 9.75, stdev= 1.17
    clat percentiles (nsec):
     |  1.00th=[ 6624],  5.00th=[ 6816], 10.00th=[ 6880], 20.00th=[ 6944],
     | 30.00th=[ 7008], 40.00th=[ 7072], 50.00th=[ 7136], 60.00th=[ 7136],
     | 70.00th=[ 7200], 80.00th=[ 7264], 90.00th=[ 7328], 95.00th=[ 7456],
     | 99.00th=[13888], 99.50th=[14528], 99.90th=[15936], 99.95th=[16512],
     | 99.99th=[58112]
   bw (  KiB/s): min=49867, max=50096, per=100.00%, avg=50008.57, stdev=72.58, samples=14
   iops        : min=99734, max=100192, avg=100017.14, stdev=145.15, samples=14
  lat (nsec)   : 500=0.01%
  lat (usec)   : 4=0.01%, 10=98.42%, 20=1.55%, 50=0.01%, 100=0.01%
  lat (usec)   : 250=0.01%
  cpu          : usr=47.93%, sys=52.04%, ctx=175, majf=0, minf=0
  IO depths    : 1=100.0%, 2=0.0%, 4=0.0%, 8=0.0%, 16=0.0%, 32=0.0%, >=64=0.0%
     submit    : 0=0.0%, 4=100.0%, 8=0.0%, 16=0.0%, 32=0.0%, 64=0.0%, >=64=0.0%
     complete  : 0=0.0%, 4=100.0%, 8=0.0%, 16=0.0%, 32=0.0%, 64=0.0%, >=64=0.0%
     issued rwts: total=700082,0,0,0 short=0,0,0,0 dropped=0,0,0,0
     latency   : target=0, window=0, percentile=100.00%, depth=1

Run status group 0 (all jobs):
   READ: bw=48.8MiB/s (51.2MB/s), 48.8MiB/s-48.8MiB/s (51.2MB/s-51.2MB/s), io=342MiB (358MB), run=7001-7001msec
