io_uring-reference: (g=0): rw=randread, bs=(R) 512B-512B, (W) 512B-512B, (T) 512B-512B, ioengine=io_uring, iodepth=1
fio-3.32-dirty
Starting 1 thread
{
  "fio version" : "fio-3.32-dirty",
  "timestamp" : 1666751094,
  "timestamp_ms" : 1666751094444,
  "time" : "Wed Oct 26 04:24:54 2022",
  "jobs" : [
    {
      "jobname" : "io_uring-reference",
      "groupid" : 0,
      "error" : 0,
      "eta" : 0,
      "elapsed" : 11,
      "job options" : {
        "name" : "io_uring-reference",
        "rw" : "randread",
        "size" : "12G",
        "iodepth" : "1",
        "bs" : "512",
        "direct" : "1",
        "thread" : "1",
        "time_based" : "1",
        "runtime" : "7",
        "ramp_time" : "3",
        "norandommap" : "1",
        "allow_file_create" : "0",
        "ioengine" : "io_uring",
        "filename" : "/dev/nvme0n1",
        "cpus_allowed" : "1"
      },
      "read" : {
        "io_bytes" : 286309376,
        "io_kbytes" : 279599,
        "bw_bytes" : 40895497,
        "bw" : 39937,
        "iops" : 79874.017997,
        "runtime" : 7001,
        "total_ios" : 559198,
        "short_ios" : 0,
        "drop_ios" : 0,
        "slat_ns" : {
          "min" : 2494,
          "max" : 45485,
          "mean" : 2642.445052,
          "stddev" : 228.167226,
          "N" : 559198
        },
        "clat_ns" : {
          "min" : 190,
          "max" : 81473,
          "mean" : 9223.417267,
          "stddev" : 1276.987473,
          "N" : 559198,
          "percentile" : {
            "1.000000" : 8768,
            "5.000000" : 8896,
            "10.000000" : 8896,
            "20.000000" : 9024,
            "30.000000" : 9024,
            "40.000000" : 9024,
            "50.000000" : 9024,
            "60.000000" : 9024,
            "70.000000" : 9152,
            "80.000000" : 9152,
            "90.000000" : 9152,
            "95.000000" : 9408,
            "99.000000" : 15424,
            "99.500000" : 16192,
            "99.900000" : 19584,
            "99.950000" : 23168,
            "99.990000" : 56576
          }
        },
        "lat_ns" : {
          "min" : 8957,
          "max" : 84108,
          "mean" : 11865.862319,
          "stddev" : 1296.542780,
          "N" : 559198
        },
        "bw_min" : 39762,
        "bw_max" : 40171,
        "bw_agg" : 100.000000,
        "bw_mean" : 39954.785714,
        "bw_dev" : 110.705554,
        "bw_samples" : 14,
        "iops_min" : 79524,
        "iops_max" : 80342,
        "iops_mean" : 79909.642857,
        "iops_stddev" : 221.379454,
        "iops_samples" : 14
      },
      "write" : {
        "io_bytes" : 0,
        "io_kbytes" : 0,
        "bw_bytes" : 0,
        "bw" : 0,
        "iops" : 0.000000,
        "runtime" : 0,
        "total_ios" : 0,
        "short_ios" : 0,
        "drop_ios" : 0,
        "slat_ns" : {
          "min" : 0,
          "max" : 0,
          "mean" : 0.000000,
          "stddev" : 0.000000,
          "N" : 0
        },
        "clat_ns" : {
          "min" : 0,
          "max" : 0,
          "mean" : 0.000000,
          "stddev" : 0.000000,
          "N" : 0
        },
        "lat_ns" : {
          "min" : 0,
          "max" : 0,
          "mean" : 0.000000,
          "stddev" : 0.000000,
          "N" : 0
        },
        "bw_min" : 0,
        "bw_max" : 0,
        "bw_agg" : 0.000000,
        "bw_mean" : 0.000000,
        "bw_dev" : 0.000000,
        "bw_samples" : 0,
        "iops_min" : 0,
        "iops_max" : 0,
        "iops_mean" : 0.000000,
        "iops_stddev" : 0.000000,
        "iops_samples" : 0
      },
      "trim" : {
        "io_bytes" : 0,
        "io_kbytes" : 0,
        "bw_bytes" : 0,
        "bw" : 0,
        "iops" : 0.000000,
        "runtime" : 0,
        "total_ios" : 0,
        "short_ios" : 0,
        "drop_ios" : 0,
        "slat_ns" : {
          "min" : 0,
          "max" : 0,
          "mean" : 0.000000,
          "stddev" : 0.000000,
          "N" : 0
        },
        "clat_ns" : {
          "min" : 0,
          "max" : 0,
          "mean" : 0.000000,
          "stddev" : 0.000000,
          "N" : 0
        },
        "lat_ns" : {
          "min" : 0,
          "max" : 0,
          "mean" : 0.000000,
          "stddev" : 0.000000,
          "N" : 0
        },
        "bw_min" : 0,
        "bw_max" : 0,
        "bw_agg" : 0.000000,
        "bw_mean" : 0.000000,
        "bw_dev" : 0.000000,
        "bw_samples" : 0,
        "iops_min" : 0,
        "iops_max" : 0,
        "iops_mean" : 0.000000,
        "iops_stddev" : 0.000000,
        "iops_samples" : 0
      },
      "sync" : {
        "total_ios" : 0,
        "lat_ns" : {
          "min" : 0,
          "max" : 0,
          "mean" : 0.000000,
          "stddev" : 0.000000,
          "N" : 0
        }
      },
      "job_runtime" : 7000,
      "usr_cpu" : 14.328571,
      "sys_cpu" : 46.328571,
      "ctx" : 559054,
      "majf" : 0,
      "minf" : 0,
      "iodepth_level" : {
        "1" : 100.000000,
        "2" : 0.000000,
        "4" : 0.000000,
        "8" : 0.000000,
        "16" : 0.000000,
        "32" : 0.000000,
        ">=64" : 0.000000
      },
      "iodepth_submit" : {
        "0" : 0.000000,
        "4" : 100.000000,
        "8" : 0.000000,
        "16" : 0.000000,
        "32" : 0.000000,
        "64" : 0.000000,
        ">=64" : 0.000000
      },
      "iodepth_complete" : {
        "0" : 0.000000,
        "4" : 100.000000,
        "8" : 0.000000,
        "16" : 0.000000,
        "32" : 0.000000,
        "64" : 0.000000,
        ">=64" : 0.000000
      },
      "latency_ns" : {
        "2" : 0.000000,
        "4" : 0.000000,
        "10" : 0.000000,
        "20" : 0.000000,
        "50" : 0.000000,
        "100" : 0.000000,
        "250" : 0.010000,
        "500" : 0.010000,
        "750" : 0.000000,
        "1000" : 0.000000
      },
      "latency_us" : {
        "2" : 0.000000,
        "4" : 0.000000,
        "10" : 97.150741,
        "20" : 2.758057,
        "50" : 0.062590,
        "100" : 0.018062,
        "250" : 0.000000,
        "500" : 0.000000,
        "750" : 0.000000,
        "1000" : 0.000000
      },
      "latency_ms" : {
        "2" : 0.000000,
        "4" : 0.000000,
        "10" : 0.000000,
        "20" : 0.000000,
        "50" : 0.000000,
        "100" : 0.000000,
        "250" : 0.000000,
        "500" : 0.000000,
        "750" : 0.000000,
        "1000" : 0.000000,
        "2000" : 0.000000,
        ">=2000" : 0.000000
      },
      "latency_depth" : 1,
      "latency_target" : 0,
      "latency_percentile" : 100.000000,
      "latency_window" : 0
    }
  ],
  "disk_util" : [
    {
      "name" : "nvme0n1",
      "read_ios" : 801785,
      "write_ios" : 0,
      "read_merges" : 0,
      "write_merges" : 0,
      "read_ticks" : 5027,
      "write_ticks" : 0,
      "in_queue" : 5027,
      "util" : 99.098564
    }
  ]
}

io_uring-reference: (groupid=0, jobs=1): err= 0: pid=139136: Wed Oct 26 04:24:54 2022
  read: IOPS=79.9k, BW=39.0MiB/s (40.9MB/s)(273MiB/7001msec)
    slat (nsec): min=2494, max=45485, avg=2642.45, stdev=228.17
    clat (nsec): min=190, max=81473, avg=9223.42, stdev=1276.99
     lat (nsec): min=8957, max=84108, avg=11865.86, stdev=1296.54
    clat percentiles (nsec):
     |  1.00th=[ 8768],  5.00th=[ 8896], 10.00th=[ 8896], 20.00th=[ 9024],
     | 30.00th=[ 9024], 40.00th=[ 9024], 50.00th=[ 9024], 60.00th=[ 9024],
     | 70.00th=[ 9152], 80.00th=[ 9152], 90.00th=[ 9152], 95.00th=[ 9408],
     | 99.00th=[15424], 99.50th=[16192], 99.90th=[19584], 99.95th=[23168],
     | 99.99th=[56576]
   bw (  KiB/s): min=39762, max=40171, per=100.00%, avg=39954.79, stdev=110.71, samples=14
   iops        : min=79524, max=80342, avg=79909.64, stdev=221.38, samples=14
  lat (nsec)   : 250=0.01%, 500=0.01%
  lat (usec)   : 10=97.15%, 20=2.76%, 50=0.06%, 100=0.02%
  cpu          : usr=14.33%, sys=46.33%, ctx=559054, majf=0, minf=0
  IO depths    : 1=100.0%, 2=0.0%, 4=0.0%, 8=0.0%, 16=0.0%, 32=0.0%, >=64=0.0%
     submit    : 0=0.0%, 4=100.0%, 8=0.0%, 16=0.0%, 32=0.0%, 64=0.0%, >=64=0.0%
     complete  : 0=0.0%, 4=100.0%, 8=0.0%, 16=0.0%, 32=0.0%, 64=0.0%, >=64=0.0%
     issued rwts: total=559198,0,0,0 short=0,0,0,0 dropped=0,0,0,0
     latency   : target=0, window=0, percentile=100.00%, depth=1

Run status group 0 (all jobs):
   READ: bw=39.0MiB/s (40.9MB/s), 39.0MiB/s-39.0MiB/s (40.9MB/s-40.9MB/s), io=273MiB (286MB), run=7001-7001msec

Disk stats (read/write):
  nvme0n1: ios=801785/0, merge=0/0, ticks=5027/0, in_queue=5027, util=99.10%
