io_uring-bdev_xnvme: (g=0): rw=randread, bs=(R) 512B-512B, (W) 512B-512B, (T) 512B-512B, ioengine=spdk_bdev, iodepth=2
fio-3.32-dirty
Starting 1 thread
{
  "fio version" : "fio-3.32-dirty",
  "timestamp" : 1666751657,
  "timestamp_ms" : 1666751657907,
  "time" : "Wed Oct 26 04:34:17 2022",
  "jobs" : [
    {
      "jobname" : "io_uring-bdev_xnvme",
      "groupid" : 0,
      "error" : 0,
      "eta" : 0,
      "elapsed" : 11,
      "job options" : {
        "name" : "io_uring-bdev_xnvme",
        "rw" : "randread",
        "size" : "12G",
        "iodepth" : "2",
        "bs" : "512",
        "direct" : "1",
        "thread" : "1",
        "time_based" : "1",
        "runtime" : "7",
        "ramp_time" : "3",
        "norandommap" : "1",
        "allow_file_create" : "0",
        "ioengine" : "spdk_bdev",
        "spdk_conf" : "/tmp/spdk_bdev_xnvme_io_uring.conf",
        "filename" : "Nvme0n1",
        "cpus_allowed" : "1"
      },
      "read" : {
        "io_bytes" : 949441536,
        "io_kbytes" : 927189,
        "bw_bytes" : 135615131,
        "bw" : 132436,
        "iops" : 264873.018140,
        "runtime" : 7001,
        "total_ios" : 1854376,
        "short_ios" : 0,
        "drop_ios" : 0,
        "slat_ns" : {
          "min" : 1552,
          "max" : 24926,
          "mean" : 2245.204077,
          "stddev" : 687.051828,
          "N" : 1854377
        },
        "clat_ns" : {
          "min" : 230,
          "max" : 103073,
          "mean" : 5066.601525,
          "stddev" : 1903.677678,
          "N" : 1854377,
          "percentile" : {
            "1.000000" : 4080,
            "5.000000" : 4128,
            "10.000000" : 4128,
            "20.000000" : 4192,
            "30.000000" : 4192,
            "40.000000" : 4256,
            "50.000000" : 5216,
            "60.000000" : 5280,
            "70.000000" : 5408,
            "80.000000" : 5472,
            "90.000000" : 5536,
            "95.000000" : 5664,
            "99.000000" : 14400,
            "99.500000" : 18304,
            "99.900000" : 22400,
            "99.950000" : 22912,
            "99.990000" : 61184
          }
        },
        "lat_ns" : {
          "min" : 5641,
          "max" : 104686,
          "mean" : 7311.805603,
          "stddev" : 1830.883007,
          "N" : 1854377
        },
        "bw_min" : 132278,
        "bw_max" : 133014,
        "bw_agg" : 100.000000,
        "bw_mean" : 132478.384615,
        "bw_dev" : 208.302880,
        "bw_samples" : 13,
        "iops_min" : 264556,
        "iops_max" : 266028,
        "iops_mean" : 264957.000000,
        "iops_stddev" : 416.682533,
        "iops_samples" : 13
      },
      "write" : {
        "io_bytes" : 0,
        "io_kbytes" : 0,
        "bw_bytes" : 0,
        "bw" : 0,
        "iops" : 0.000000,
        "runtime" : 0,
        "total_ios" : 0,
        "short_ios" : 0,
        "drop_ios" : 0,
        "slat_ns" : {
          "min" : 0,
          "max" : 0,
          "mean" : 0.000000,
          "stddev" : 0.000000,
          "N" : 0
        },
        "clat_ns" : {
          "min" : 0,
          "max" : 0,
          "mean" : 0.000000,
          "stddev" : 0.000000,
          "N" : 0
        },
        "lat_ns" : {
          "min" : 0,
          "max" : 0,
          "mean" : 0.000000,
          "stddev" : 0.000000,
          "N" : 0
        },
        "bw_min" : 0,
        "bw_max" : 0,
        "bw_agg" : 0.000000,
        "bw_mean" : 0.000000,
        "bw_dev" : 0.000000,
        "bw_samples" : 0,
        "iops_min" : 0,
        "iops_max" : 0,
        "iops_mean" : 0.000000,
        "iops_stddev" : 0.000000,
        "iops_samples" : 0
      },
      "trim" : {
        "io_bytes" : 0,
        "io_kbytes" : 0,
        "bw_bytes" : 0,
        "bw" : 0,
        "iops" : 0.000000,
        "runtime" : 0,
        "total_ios" : 0,
        "short_ios" : 0,
        "drop_ios" : 0,
        "slat_ns" : {
          "min" : 0,
          "max" : 0,
          "mean" : 0.000000,
          "stddev" : 0.000000,
          "N" : 0
        },
        "clat_ns" : {
          "min" : 0,
          "max" : 0,
          "mean" : 0.000000,
          "stddev" : 0.000000,
          "N" : 0
        },
        "lat_ns" : {
          "min" : 0,
          "max" : 0,
          "mean" : 0.000000,
          "stddev" : 0.000000,
          "N" : 0
        },
        "bw_min" : 0,
        "bw_max" : 0,
        "bw_agg" : 0.000000,
        "bw_mean" : 0.000000,
        "bw_dev" : 0.000000,
        "bw_samples" : 0,
        "iops_min" : 0,
        "iops_max" : 0,
        "iops_mean" : 0.000000,
        "iops_stddev" : 0.000000,
        "iops_samples" : 0
      },
      "sync" : {
        "total_ios" : 0,
        "lat_ns" : {
          "min" : 0,
          "max" : 0,
          "mean" : 0.000000,
          "stddev" : 0.000000,
          "N" : 0
        }
      },
      "job_runtime" : 7000,
      "usr_cpu" : 30.785714,
      "sys_cpu" : 69.185714,
      "ctx" : 23,
      "majf" : 0,
      "minf" : 0,
      "iodepth_level" : {
        "1" : 0.000000,
        "2" : 100.000000,
        "4" : 0.000000,
        "8" : 0.000000,
        "16" : 0.000000,
        "32" : 0.000000,
        ">=64" : 0.000000
      },
      "iodepth_submit" : {
        "0" : 0.000000,
        "4" : 100.000000,
        "8" : 0.000000,
        "16" : 0.000000,
        "32" : 0.000000,
        "64" : 0.000000,
        ">=64" : 0.000000
      },
      "iodepth_complete" : {
        "0" : 0.000000,
        "4" : 100.000000,
        "8" : 0.000000,
        "16" : 0.000000,
        "32" : 0.000000,
        "64" : 0.000000,
        ">=64" : 0.000000
      },
      "latency_ns" : {
        "2" : 0.000000,
        "4" : 0.000000,
        "10" : 0.000000,
        "20" : 0.000000,
        "50" : 0.000000,
        "100" : 0.000000,
        "250" : 0.010000,
        "500" : 0.010000,
        "750" : 0.000000,
        "1000" : 0.000000
      },
      "latency_us" : {
        "2" : 0.000000,
        "4" : 0.017310,
        "10" : 97.592667,
        "20" : 1.983039,
        "50" : 0.384172,
        "100" : 0.020600,
        "250" : 0.010000,
        "500" : 0.000000,
        "750" : 0.000000,
        "1000" : 0.000000
      },
      "latency_ms" : {
        "2" : 0.000000,
        "4" : 0.000000,
        "10" : 0.000000,
        "20" : 0.000000,
        "50" : 0.000000,
        "100" : 0.000000,
        "250" : 0.000000,
        "500" : 0.000000,
        "750" : 0.000000,
        "1000" : 0.000000,
        "2000" : 0.000000,
        ">=2000" : 0.000000
      },
      "latency_depth" : 2,
      "latency_target" : 0,
      "latency_percentile" : 100.000000,
      "latency_window" : 0
    }
  ]
}

io_uring-bdev_xnvme: (groupid=0, jobs=1): err= 0: pid=140884: Wed Oct 26 04:34:17 2022
  read: IOPS=265k, BW=129MiB/s (136MB/s)(905MiB/7001msec)
    slat (nsec): min=1552, max=24926, avg=2245.20, stdev=687.05
    clat (nsec): min=230, max=103073, avg=5066.60, stdev=1903.68
     lat (usec): min=5, max=104, avg= 7.31, stdev= 1.83
    clat percentiles (nsec):
     |  1.00th=[ 4080],  5.00th=[ 4128], 10.00th=[ 4128], 20.00th=[ 4192],
     | 30.00th=[ 4192], 40.00th=[ 4256], 50.00th=[ 5216], 60.00th=[ 5280],
     | 70.00th=[ 5408], 80.00th=[ 5472], 90.00th=[ 5536], 95.00th=[ 5664],
     | 99.00th=[14400], 99.50th=[18304], 99.90th=[22400], 99.95th=[22912],
     | 99.99th=[61184]
   bw (  KiB/s): min=132278, max=133014, per=100.00%, avg=132478.38, stdev=208.30, samples=13
   iops        : min=264556, max=266028, avg=264957.00, stdev=416.68, samples=13
  lat (nsec)   : 250=0.01%, 500=0.01%
  lat (usec)   : 4=0.02%, 10=97.59%, 20=1.98%, 50=0.38%, 100=0.02%
  lat (usec)   : 250=0.01%
  cpu          : usr=30.79%, sys=69.19%, ctx=23, majf=0, minf=0
  IO depths    : 1=0.0%, 2=100.0%, 4=0.0%, 8=0.0%, 16=0.0%, 32=0.0%, >=64=0.0%
     submit    : 0=0.0%, 4=100.0%, 8=0.0%, 16=0.0%, 32=0.0%, 64=0.0%, >=64=0.0%
     complete  : 0=0.0%, 4=100.0%, 8=0.0%, 16=0.0%, 32=0.0%, 64=0.0%, >=64=0.0%
     issued rwts: total=1854376,0,0,0 short=0,0,0,0 dropped=0,0,0,0
     latency   : target=0, window=0, percentile=100.00%, depth=2

Run status group 0 (all jobs):
   READ: bw=129MiB/s (136MB/s), 129MiB/s-129MiB/s (136MB/s-136MB/s), io=905MiB (949MB), run=7001-7001msec
