io_uring_cmd-bdev_xnvme: (g=0): rw=randread, bs=(R) 512B-512B, (W) 512B-512B, (T) 512B-512B, ioengine=spdk_bdev, iodepth=8
fio-3.32-dirty
Starting 1 thread
{
  "fio version" : "fio-3.32-dirty",
  "timestamp" : 1666752441,
  "timestamp_ms" : 1666752441259,
  "time" : "Wed Oct 26 04:47:21 2022",
  "jobs" : [
    {
      "jobname" : "io_uring_cmd-bdev_xnvme",
      "groupid" : 0,
      "error" : 0,
      "eta" : 0,
      "elapsed" : 11,
      "job options" : {
        "name" : "io_uring_cmd-bdev_xnvme",
        "rw" : "randread",
        "size" : "12G",
        "iodepth" : "8",
        "bs" : "512",
        "direct" : "0",
        "thread" : "1",
        "time_based" : "1",
        "runtime" : "7",
        "ramp_time" : "3",
        "norandommap" : "1",
        "allow_file_create" : "0",
        "ioengine" : "spdk_bdev",
        "spdk_conf" : "/tmp/spdk_bdev_xnvme_io_uring_cmd.conf",
        "filename" : "Nvme0n1",
        "cpus_allowed" : "1"
      },
      "read" : {
        "io_bytes" : 2276859392,
        "io_kbytes" : 2223495,
        "bw_bytes" : 325219167,
        "bw" : 317596,
        "iops" : 635192.543922,
        "runtime" : 7001,
        "total_ios" : 4446983,
        "short_ios" : 0,
        "drop_ios" : 0,
        "slat_ns" : {
          "min" : 190,
          "max" : 30808,
          "mean" : 266.992913,
          "stddev" : 64.891956,
          "N" : 4446984
        },
        "clat_ns" : {
          "min" : 441,
          "max" : 133430,
          "mean" : 11928.421873,
          "stddev" : 4431.847865,
          "N" : 4446983,
          "percentile" : {
            "1.000000" : 7008,
            "5.000000" : 7904,
            "10.000000" : 8512,
            "20.000000" : 9536,
            "30.000000" : 10048,
            "40.000000" : 10560,
            "50.000000" : 10944,
            "60.000000" : 11584,
            "70.000000" : 12224,
            "80.000000" : 13120,
            "90.000000" : 14784,
            "95.000000" : 19840,
            "99.000000" : 31104,
            "99.500000" : 34560,
            "99.900000" : 47872,
            "99.950000" : 65280,
            "99.990000" : 79360
          }
        },
        "lat_ns" : {
          "min" : 5991,
          "max" : 133711,
          "mean" : 12195.414785,
          "stddev" : 4429.865740,
          "N" : 4446983
        },
        "bw_min" : 317209,
        "bw_max" : 318994,
        "bw_agg" : 100.000000,
        "bw_mean" : 317838.615385,
        "bw_dev" : 507.818461,
        "bw_samples" : 13,
        "iops_min" : 634418,
        "iops_max" : 637988,
        "iops_mean" : 635677.538462,
        "iops_stddev" : 1015.420079,
        "iops_samples" : 13
      },
      "write" : {
        "io_bytes" : 0,
        "io_kbytes" : 0,
        "bw_bytes" : 0,
        "bw" : 0,
        "iops" : 0.000000,
        "runtime" : 0,
        "total_ios" : 0,
        "short_ios" : 0,
        "drop_ios" : 0,
        "slat_ns" : {
          "min" : 0,
          "max" : 0,
          "mean" : 0.000000,
          "stddev" : 0.000000,
          "N" : 0
        },
        "clat_ns" : {
          "min" : 0,
          "max" : 0,
          "mean" : 0.000000,
          "stddev" : 0.000000,
          "N" : 0
        },
        "lat_ns" : {
          "min" : 0,
          "max" : 0,
          "mean" : 0.000000,
          "stddev" : 0.000000,
          "N" : 0
        },
        "bw_min" : 0,
        "bw_max" : 0,
        "bw_agg" : 0.000000,
        "bw_mean" : 0.000000,
        "bw_dev" : 0.000000,
        "bw_samples" : 0,
        "iops_min" : 0,
        "iops_max" : 0,
        "iops_mean" : 0.000000,
        "iops_stddev" : 0.000000,
        "iops_samples" : 0
      },
      "trim" : {
        "io_bytes" : 0,
        "io_kbytes" : 0,
        "bw_bytes" : 0,
        "bw" : 0,
        "iops" : 0.000000,
        "runtime" : 0,
        "total_ios" : 0,
        "short_ios" : 0,
        "drop_ios" : 0,
        "slat_ns" : {
          "min" : 0,
          "max" : 0,
          "mean" : 0.000000,
          "stddev" : 0.000000,
          "N" : 0
        },
        "clat_ns" : {
          "min" : 0,
          "max" : 0,
          "mean" : 0.000000,
          "stddev" : 0.000000,
          "N" : 0
        },
        "lat_ns" : {
          "min" : 0,
          "max" : 0,
          "mean" : 0.000000,
          "stddev" : 0.000000,
          "N" : 0
        },
        "bw_min" : 0,
        "bw_max" : 0,
        "bw_agg" : 0.000000,
        "bw_mean" : 0.000000,
        "bw_dev" : 0.000000,
        "bw_samples" : 0,
        "iops_min" : 0,
        "iops_max" : 0,
        "iops_mean" : 0.000000,
        "iops_stddev" : 0.000000,
        "iops_samples" : 0
      },
      "sync" : {
        "total_ios" : 0,
        "lat_ns" : {
          "min" : 0,
          "max" : 0,
          "mean" : 0.000000,
          "stddev" : 0.000000,
          "N" : 0
        }
      },
      "job_runtime" : 7000,
      "usr_cpu" : 99.985714,
      "sys_cpu" : 0.000000,
      "ctx" : 22,
      "majf" : 0,
      "minf" : 0,
      "iodepth_level" : {
        "1" : 0.100000,
        "2" : 0.100000,
        "4" : 24.005084,
        "8" : 75.986191,
        "16" : 0.000000,
        "32" : 0.000000,
        ">=64" : 0.000000
      },
      "iodepth_submit" : {
        "0" : 0.000000,
        "4" : 100.000000,
        "8" : 0.000000,
        "16" : 0.000000,
        "32" : 0.000000,
        "64" : 0.000000,
        ">=64" : 0.000000
      },
      "iodepth_complete" : {
        "0" : 0.000000,
        "4" : 99.992103,
        "8" : 0.100000,
        "16" : 0.000000,
        "32" : 0.000000,
        "64" : 0.000000,
        ">=64" : 0.000000
      },
      "latency_ns" : {
        "2" : 0.000000,
        "4" : 0.000000,
        "10" : 0.000000,
        "20" : 0.000000,
        "50" : 0.000000,
        "100" : 0.000000,
        "250" : 0.000000,
        "500" : 0.010000,
        "750" : 0.000000,
        "1000" : 0.000000
      },
      "latency_us" : {
        "2" : 0.010000,
        "4" : 0.010000,
        "10" : 28.089853,
        "20" : 66.951931,
        "50" : 4.864332,
        "100" : 0.091613,
        "250" : 0.010000,
        "500" : 0.000000,
        "750" : 0.000000,
        "1000" : 0.000000
      },
      "latency_ms" : {
        "2" : 0.000000,
        "4" : 0.000000,
        "10" : 0.000000,
        "20" : 0.000000,
        "50" : 0.000000,
        "100" : 0.000000,
        "250" : 0.000000,
        "500" : 0.000000,
        "750" : 0.000000,
        "1000" : 0.000000,
        "2000" : 0.000000,
        ">=2000" : 0.000000
      },
      "latency_depth" : 8,
      "latency_target" : 0,
      "latency_percentile" : 100.000000,
      "latency_window" : 0
    }
  ]
}

io_uring_cmd-bdev_xnvme: (groupid=0, jobs=1): err= 0: pid=143259: Wed Oct 26 04:47:21 2022
  read: IOPS=635k, BW=310MiB/s (325MB/s)(2171MiB/7001msec)
    slat (nsec): min=190, max=30808, avg=266.99, stdev=64.89
    clat (nsec): min=441, max=133430, avg=11928.42, stdev=4431.85
     lat (usec): min=5, max=133, avg=12.20, stdev= 4.43
    clat percentiles (nsec):
     |  1.00th=[ 7008],  5.00th=[ 7904], 10.00th=[ 8512], 20.00th=[ 9536],
     | 30.00th=[10048], 40.00th=[10560], 50.00th=[10944], 60.00th=[11584],
     | 70.00th=[12224], 80.00th=[13120], 90.00th=[14784], 95.00th=[19840],
     | 99.00th=[31104], 99.50th=[34560], 99.90th=[47872], 99.95th=[65280],
     | 99.99th=[79360]
   bw (  KiB/s): min=317209, max=318994, per=100.00%, avg=317838.62, stdev=507.82, samples=13
   iops        : min=634418, max=637988, avg=635677.54, stdev=1015.42, samples=13
  lat (nsec)   : 500=0.01%
  lat (usec)   : 2=0.01%, 4=0.01%, 10=28.09%, 20=66.95%, 50=4.86%
  lat (usec)   : 100=0.09%, 250=0.01%
  cpu          : usr=99.99%, sys=0.00%, ctx=22, majf=0, minf=0
  IO depths    : 1=0.1%, 2=0.1%, 4=24.0%, 8=76.0%, 16=0.0%, 32=0.0%, >=64=0.0%
     submit    : 0=0.0%, 4=100.0%, 8=0.0%, 16=0.0%, 32=0.0%, 64=0.0%, >=64=0.0%
     complete  : 0=0.0%, 4=100.0%, 8=0.1%, 16=0.0%, 32=0.0%, 64=0.0%, >=64=0.0%
     issued rwts: total=4446983,0,0,0 short=0,0,0,0 dropped=0,0,0,0
     latency   : target=0, window=0, percentile=100.00%, depth=8

Run status group 0 (all jobs):
   READ: bw=310MiB/s (325MB/s), 310MiB/s-310MiB/s (325MB/s-325MB/s), io=2171MiB (2277MB), run=7001-7001msec
