libaio-bdev_aio: (g=0): rw=randread, bs=(R) 512B-512B, (W) 512B-512B, (T) 512B-512B, ioengine=spdk_bdev, iodepth=2
fio-3.32-dirty
Starting 1 thread
{
  "fio version" : "fio-3.32-dirty",
  "timestamp" : 1666751754,
  "timestamp_ms" : 1666751754974,
  "time" : "Wed Oct 26 04:35:54 2022",
  "jobs" : [
    {
      "jobname" : "libaio-bdev_aio",
      "groupid" : 0,
      "error" : 0,
      "eta" : 0,
      "elapsed" : 11,
      "job options" : {
        "name" : "libaio-bdev_aio",
        "rw" : "randread",
        "size" : "12G",
        "iodepth" : "2",
        "bs" : "512",
        "direct" : "1",
        "thread" : "1",
        "time_based" : "1",
        "runtime" : "7",
        "ramp_time" : "3",
        "norandommap" : "1",
        "allow_file_create" : "0",
        "ioengine" : "spdk_bdev",
        "spdk_conf" : "/tmp/spdk_bdev_aio_foo.conf",
        "filename" : "Nvme0n1",
        "cpus_allowed" : "1"
      },
      "read" : {
        "io_bytes" : 925439488,
        "io_kbytes" : 903749,
        "bw_bytes" : 132186757,
        "bw" : 129088,
        "iops" : 258177.117555,
        "runtime" : 7001,
        "total_ios" : 1807498,
        "short_ios" : 0,
        "drop_ios" : 0,
        "slat_ns" : {
          "min" : 1603,
          "max" : 30868,
          "mean" : 2315.003258,
          "stddev" : 734.458639,
          "N" : 1807498
        },
        "clat_ns" : {
          "min" : 220,
          "max" : 153418,
          "mean" : 5163.300420,
          "stddev" : 1884.570066,
          "N" : 1807499,
          "percentile" : {
            "1.000000" : 4128,
            "5.000000" : 4128,
            "10.000000" : 4192,
            "20.000000" : 4192,
            "30.000000" : 4256,
            "40.000000" : 4384,
            "50.000000" : 5344,
            "60.000000" : 5408,
            "70.000000" : 5536,
            "80.000000" : 5600,
            "90.000000" : 5792,
            "95.000000" : 5920,
            "99.000000" : 13376,
            "99.500000" : 18048,
            "99.900000" : 20608,
            "99.950000" : 20864,
            "99.990000" : 63744
          }
        },
        "lat_ns" : {
          "min" : 5731,
          "max" : 155091,
          "mean" : 7478.303306,
          "stddev" : 1803.617973,
          "N" : 1807499
        },
        "bw_min" : 128902,
        "bw_max" : 129385,
        "bw_agg" : 100.000000,
        "bw_mean" : 129123.500000,
        "bw_dev" : 156.196006,
        "bw_samples" : 14,
        "iops_min" : 257804,
        "iops_max" : 258770,
        "iops_mean" : 258247.000000,
        "iops_stddev" : 312.392012,
        "iops_samples" : 14
      },
      "write" : {
        "io_bytes" : 0,
        "io_kbytes" : 0,
        "bw_bytes" : 0,
        "bw" : 0,
        "iops" : 0.000000,
        "runtime" : 0,
        "total_ios" : 0,
        "short_ios" : 0,
        "drop_ios" : 0,
        "slat_ns" : {
          "min" : 0,
          "max" : 0,
          "mean" : 0.000000,
          "stddev" : 0.000000,
          "N" : 0
        },
        "clat_ns" : {
          "min" : 0,
          "max" : 0,
          "mean" : 0.000000,
          "stddev" : 0.000000,
          "N" : 0
        },
        "lat_ns" : {
          "min" : 0,
          "max" : 0,
          "mean" : 0.000000,
          "stddev" : 0.000000,
          "N" : 0
        },
        "bw_min" : 0,
        "bw_max" : 0,
        "bw_agg" : 0.000000,
        "bw_mean" : 0.000000,
        "bw_dev" : 0.000000,
        "bw_samples" : 0,
        "iops_min" : 0,
        "iops_max" : 0,
        "iops_mean" : 0.000000,
        "iops_stddev" : 0.000000,
        "iops_samples" : 0
      },
      "trim" : {
        "io_bytes" : 0,
        "io_kbytes" : 0,
        "bw_bytes" : 0,
        "bw" : 0,
        "iops" : 0.000000,
        "runtime" : 0,
        "total_ios" : 0,
        "short_ios" : 0,
        "drop_ios" : 0,
        "slat_ns" : {
          "min" : 0,
          "max" : 0,
          "mean" : 0.000000,
          "stddev" : 0.000000,
          "N" : 0
        },
        "clat_ns" : {
          "min" : 0,
          "max" : 0,
          "mean" : 0.000000,
          "stddev" : 0.000000,
          "N" : 0
        },
        "lat_ns" : {
          "min" : 0,
          "max" : 0,
          "mean" : 0.000000,
          "stddev" : 0.000000,
          "N" : 0
        },
        "bw_min" : 0,
        "bw_max" : 0,
        "bw_agg" : 0.000000,
        "bw_mean" : 0.000000,
        "bw_dev" : 0.000000,
        "bw_samples" : 0,
        "iops_min" : 0,
        "iops_max" : 0,
        "iops_mean" : 0.000000,
        "iops_stddev" : 0.000000,
        "iops_samples" : 0
      },
      "sync" : {
        "total_ios" : 0,
        "lat_ns" : {
          "min" : 0,
          "max" : 0,
          "mean" : 0.000000,
          "stddev" : 0.000000,
          "N" : 0
        }
      },
      "job_runtime" : 7000,
      "usr_cpu" : 57.414286,
      "sys_cpu" : 42.557143,
      "ctx" : 23,
      "majf" : 0,
      "minf" : 0,
      "iodepth_level" : {
        "1" : 1.656212,
        "2" : 98.343788,
        "4" : 0.000000,
        "8" : 0.000000,
        "16" : 0.000000,
        "32" : 0.000000,
        ">=64" : 0.000000
      },
      "iodepth_submit" : {
        "0" : 0.000000,
        "4" : 100.000000,
        "8" : 0.000000,
        "16" : 0.000000,
        "32" : 0.000000,
        "64" : 0.000000,
        ">=64" : 0.000000
      },
      "iodepth_complete" : {
        "0" : 0.000000,
        "4" : 100.000000,
        "8" : 0.000000,
        "16" : 0.000000,
        "32" : 0.000000,
        "64" : 0.000000,
        ">=64" : 0.000000
      },
      "latency_ns" : {
        "2" : 0.000000,
        "4" : 0.000000,
        "10" : 0.000000,
        "20" : 0.000000,
        "50" : 0.000000,
        "100" : 0.000000,
        "250" : 0.010000,
        "500" : 0.012172,
        "750" : 0.010000,
        "1000" : 0.000000
      },
      "latency_us" : {
        "2" : 0.010000,
        "4" : 0.010000,
        "10" : 97.917453,
        "20" : 1.799283,
        "50" : 0.244924,
        "100" : 0.017317,
        "250" : 0.010000,
        "500" : 0.000000,
        "750" : 0.000000,
        "1000" : 0.000000
      },
      "latency_ms" : {
        "2" : 0.000000,
        "4" : 0.000000,
        "10" : 0.000000,
        "20" : 0.000000,
        "50" : 0.000000,
        "100" : 0.000000,
        "250" : 0.000000,
        "500" : 0.000000,
        "750" : 0.000000,
        "1000" : 0.000000,
        "2000" : 0.000000,
        ">=2000" : 0.000000
      },
      "latency_depth" : 2,
      "latency_target" : 0,
      "latency_percentile" : 100.000000,
      "latency_window" : 0
    }
  ]
}

libaio-bdev_aio: (groupid=0, jobs=1): err= 0: pid=141171: Wed Oct 26 04:35:54 2022
  read: IOPS=258k, BW=126MiB/s (132MB/s)(883MiB/7001msec)
    slat (nsec): min=1603, max=30868, avg=2315.00, stdev=734.46
    clat (nsec): min=220, max=153418, avg=5163.30, stdev=1884.57
     lat (usec): min=5, max=155, avg= 7.48, stdev= 1.80
    clat percentiles (nsec):
     |  1.00th=[ 4128],  5.00th=[ 4128], 10.00th=[ 4192], 20.00th=[ 4192],
     | 30.00th=[ 4256], 40.00th=[ 4384], 50.00th=[ 5344], 60.00th=[ 5408],
     | 70.00th=[ 5536], 80.00th=[ 5600], 90.00th=[ 5792], 95.00th=[ 5920],
     | 99.00th=[13376], 99.50th=[18048], 99.90th=[20608], 99.95th=[20864],
     | 99.99th=[63744]
   bw (  KiB/s): min=128902, max=129385, per=100.00%, avg=129123.50, stdev=156.20, samples=14
   iops        : min=257804, max=258770, avg=258247.00, stdev=312.39, samples=14
  lat (nsec)   : 250=0.01%, 500=0.01%, 750=0.01%
  lat (usec)   : 2=0.01%, 4=0.01%, 10=97.92%, 20=1.80%, 50=0.24%
  lat (usec)   : 100=0.02%, 250=0.01%
  cpu          : usr=57.41%, sys=42.56%, ctx=23, majf=0, minf=0
  IO depths    : 1=1.7%, 2=98.3%, 4=0.0%, 8=0.0%, 16=0.0%, 32=0.0%, >=64=0.0%
     submit    : 0=0.0%, 4=100.0%, 8=0.0%, 16=0.0%, 32=0.0%, 64=0.0%, >=64=0.0%
     complete  : 0=0.0%, 4=100.0%, 8=0.0%, 16=0.0%, 32=0.0%, 64=0.0%, >=64=0.0%
     issued rwts: total=1807498,0,0,0 short=0,0,0,0 dropped=0,0,0,0
     latency   : target=0, window=0, percentile=100.00%, depth=2

Run status group 0 (all jobs):
   READ: bw=126MiB/s (132MB/s), 126MiB/s-126MiB/s (132MB/s-132MB/s), io=883MiB (925MB), run=7001-7001msec
