libaio-bdev_aio: (g=0): rw=randread, bs=(R) 512B-512B, (W) 512B-512B, (T) 512B-512B, ioengine=spdk_bdev, iodepth=1
fio-3.32-dirty
Starting 1 thread
{
  "fio version" : "fio-3.32-dirty",
  "timestamp" : 1666751296,
  "timestamp_ms" : 1666751296479,
  "time" : "Wed Oct 26 04:28:16 2022",
  "jobs" : [
    {
      "jobname" : "libaio-bdev_aio",
      "groupid" : 0,
      "error" : 0,
      "eta" : 0,
      "elapsed" : 11,
      "job options" : {
        "name" : "libaio-bdev_aio",
        "rw" : "randread",
        "size" : "12G",
        "iodepth" : "1",
        "bs" : "512",
        "direct" : "1",
        "thread" : "1",
        "time_based" : "1",
        "runtime" : "7",
        "ramp_time" : "3",
        "norandommap" : "1",
        "allow_file_create" : "0",
        "ioengine" : "spdk_bdev",
        "spdk_conf" : "/tmp/spdk_bdev_aio_foo.conf",
        "filename" : "Nvme0n1",
        "cpus_allowed" : "1"
      },
      "read" : {
        "io_bytes" : 569852416,
        "io_kbytes" : 556496,
        "bw_bytes" : 81407488,
        "bw" : 79499,
        "iops" : 158999.000000,
        "runtime" : 7000,
        "total_ios" : 1112993,
        "short_ios" : 0,
        "drop_ios" : 0,
        "slat_ns" : {
          "min" : 1623,
          "max" : 25918,
          "mean" : 1684.411642,
          "stddev" : 128.915050,
          "N" : 1112993
        },
        "clat_ns" : {
          "min" : 210,
          "max" : 76463,
          "mean" : 4380.684294,
          "stddev" : 1145.616557,
          "N" : 1112993,
          "percentile" : {
            "1.000000" : 4128,
            "5.000000" : 4128,
            "10.000000" : 4128,
            "20.000000" : 4128,
            "30.000000" : 4192,
            "40.000000" : 4192,
            "50.000000" : 4256,
            "60.000000" : 4256,
            "70.000000" : 4256,
            "80.000000" : 4320,
            "90.000000" : 4384,
            "95.000000" : 4512,
            "99.000000" : 9792,
            "99.500000" : 11200,
            "99.900000" : 15424,
            "99.950000" : 15680,
            "99.990000" : 57600
          }
        },
        "lat_ns" : {
          "min" : 5731,
          "max" : 78166,
          "mean" : 6065.095936,
          "stddev" : 1154.036926,
          "N" : 1112993
        },
        "bw_min" : 79322,
        "bw_max" : 79715,
        "bw_agg" : 100.000000,
        "bw_mean" : 79509.214286,
        "bw_dev" : 119.767196,
        "bw_samples" : 14,
        "iops_min" : 158644,
        "iops_max" : 159430,
        "iops_mean" : 159018.571429,
        "iops_stddev" : 239.596364,
        "iops_samples" : 14
      },
      "write" : {
        "io_bytes" : 0,
        "io_kbytes" : 0,
        "bw_bytes" : 0,
        "bw" : 0,
        "iops" : 0.000000,
        "runtime" : 0,
        "total_ios" : 0,
        "short_ios" : 0,
        "drop_ios" : 0,
        "slat_ns" : {
          "min" : 0,
          "max" : 0,
          "mean" : 0.000000,
          "stddev" : 0.000000,
          "N" : 0
        },
        "clat_ns" : {
          "min" : 0,
          "max" : 0,
          "mean" : 0.000000,
          "stddev" : 0.000000,
          "N" : 0
        },
        "lat_ns" : {
          "min" : 0,
          "max" : 0,
          "mean" : 0.000000,
          "stddev" : 0.000000,
          "N" : 0
        },
        "bw_min" : 0,
        "bw_max" : 0,
        "bw_agg" : 0.000000,
        "bw_mean" : 0.000000,
        "bw_dev" : 0.000000,
        "bw_samples" : 0,
        "iops_min" : 0,
        "iops_max" : 0,
        "iops_mean" : 0.000000,
        "iops_stddev" : 0.000000,
        "iops_samples" : 0
      },
      "trim" : {
        "io_bytes" : 0,
        "io_kbytes" : 0,
        "bw_bytes" : 0,
        "bw" : 0,
        "iops" : 0.000000,
        "runtime" : 0,
        "total_ios" : 0,
        "short_ios" : 0,
        "drop_ios" : 0,
        "slat_ns" : {
          "min" : 0,
          "max" : 0,
          "mean" : 0.000000,
          "stddev" : 0.000000,
          "N" : 0
        },
        "clat_ns" : {
          "min" : 0,
          "max" : 0,
          "mean" : 0.000000,
          "stddev" : 0.000000,
          "N" : 0
        },
        "lat_ns" : {
          "min" : 0,
          "max" : 0,
          "mean" : 0.000000,
          "stddev" : 0.000000,
          "N" : 0
        },
        "bw_min" : 0,
        "bw_max" : 0,
        "bw_agg" : 0.000000,
        "bw_mean" : 0.000000,
        "bw_dev" : 0.000000,
        "bw_samples" : 0,
        "iops_min" : 0,
        "iops_max" : 0,
        "iops_mean" : 0.000000,
        "iops_stddev" : 0.000000,
        "iops_samples" : 0
      },
      "sync" : {
        "total_ios" : 0,
        "lat_ns" : {
          "min" : 0,
          "max" : 0,
          "mean" : 0.000000,
          "stddev" : 0.000000,
          "N" : 0
        }
      },
      "job_runtime" : 7000,
      "usr_cpu" : 76.442857,
      "sys_cpu" : 23.528571,
      "ctx" : 26,
      "majf" : 0,
      "minf" : 0,
      "iodepth_level" : {
        "1" : 100.000000,
        "2" : 0.000000,
        "4" : 0.000000,
        "8" : 0.000000,
        "16" : 0.000000,
        "32" : 0.000000,
        ">=64" : 0.000000
      },
      "iodepth_submit" : {
        "0" : 0.000000,
        "4" : 100.000000,
        "8" : 0.000000,
        "16" : 0.000000,
        "32" : 0.000000,
        "64" : 0.000000,
        ">=64" : 0.000000
      },
      "iodepth_complete" : {
        "0" : 0.000000,
        "4" : 100.000000,
        "8" : 0.000000,
        "16" : 0.000000,
        "32" : 0.000000,
        "64" : 0.000000,
        ">=64" : 0.000000
      },
      "latency_ns" : {
        "2" : 0.000000,
        "4" : 0.000000,
        "10" : 0.000000,
        "20" : 0.000000,
        "50" : 0.000000,
        "100" : 0.000000,
        "250" : 0.010000,
        "500" : 0.010000,
        "750" : 0.000000,
        "1000" : 0.000000
      },
      "latency_us" : {
        "2" : 0.010000,
        "4" : 0.010000,
        "10" : 99.035214,
        "20" : 0.943762,
        "50" : 0.010000,
        "100" : 0.013208,
        "250" : 0.000000,
        "500" : 0.000000,
        "750" : 0.000000,
        "1000" : 0.000000
      },
      "latency_ms" : {
        "2" : 0.000000,
        "4" : 0.000000,
        "10" : 0.000000,
        "20" : 0.000000,
        "50" : 0.000000,
        "100" : 0.000000,
        "250" : 0.000000,
        "500" : 0.000000,
        "750" : 0.000000,
        "1000" : 0.000000,
        "2000" : 0.000000,
        ">=2000" : 0.000000
      },
      "latency_depth" : 1,
      "latency_target" : 0,
      "latency_percentile" : 100.000000,
      "latency_window" : 0
    }
  ]
}

libaio-bdev_aio: (groupid=0, jobs=1): err= 0: pid=139762: Wed Oct 26 04:28:16 2022
  read: IOPS=159k, BW=77.6MiB/s (81.4MB/s)(543MiB/7000msec)
    slat (nsec): min=1623, max=25918, avg=1684.41, stdev=128.92
    clat (nsec): min=210, max=76463, avg=4380.68, stdev=1145.62
     lat (nsec): min=5731, max=78166, avg=6065.10, stdev=1154.04
    clat percentiles (nsec):
     |  1.00th=[ 4128],  5.00th=[ 4128], 10.00th=[ 4128], 20.00th=[ 4128],
     | 30.00th=[ 4192], 40.00th=[ 4192], 50.00th=[ 4256], 60.00th=[ 4256],
     | 70.00th=[ 4256], 80.00th=[ 4320], 90.00th=[ 4384], 95.00th=[ 4512],
     | 99.00th=[ 9792], 99.50th=[11200], 99.90th=[15424], 99.95th=[15680],
     | 99.99th=[57600]
   bw (  KiB/s): min=79322, max=79715, per=100.00%, avg=79509.21, stdev=119.77, samples=14
   iops        : min=158644, max=159430, avg=159018.57, stdev=239.60, samples=14
  lat (nsec)   : 250=0.01%, 500=0.01%
  lat (usec)   : 2=0.01%, 4=0.01%, 10=99.04%, 20=0.94%, 50=0.01%
  lat (usec)   : 100=0.01%
  cpu          : usr=76.44%, sys=23.53%, ctx=26, majf=0, minf=0
  IO depths    : 1=100.0%, 2=0.0%, 4=0.0%, 8=0.0%, 16=0.0%, 32=0.0%, >=64=0.0%
     submit    : 0=0.0%, 4=100.0%, 8=0.0%, 16=0.0%, 32=0.0%, 64=0.0%, >=64=0.0%
     complete  : 0=0.0%, 4=100.0%, 8=0.0%, 16=0.0%, 32=0.0%, 64=0.0%, >=64=0.0%
     issued rwts: total=1112993,0,0,0 short=0,0,0,0 dropped=0,0,0,0
     latency   : target=0, window=0, percentile=100.00%, depth=1

Run status group 0 (all jobs):
   READ: bw=77.6MiB/s (81.4MB/s), 77.6MiB/s-77.6MiB/s (81.4MB/s-81.4MB/s), io=543MiB (570MB), run=7000-7000msec
