io_uring-xnvme: (g=0): rw=randread, bs=(R) 512B-512B, (W) 512B-512B, (T) 512B-512B, ioengine=xnvme, iodepth=2
fio-3.32-dirty
Starting 1 thread
{
  "fio version" : "fio-3.32-dirty",
  "timestamp" : 1666751671,
  "timestamp_ms" : 1666751671714,
  "time" : "Wed Oct 26 04:34:31 2022",
  "jobs" : [
    {
      "jobname" : "io_uring-xnvme",
      "groupid" : 0,
      "error" : 0,
      "eta" : 0,
      "elapsed" : 11,
      "job options" : {
        "name" : "io_uring-xnvme",
        "rw" : "randread",
        "size" : "12G",
        "iodepth" : "2",
        "bs" : "512",
        "direct" : "1",
        "thread" : "1",
        "time_based" : "1",
        "runtime" : "7",
        "ramp_time" : "3",
        "norandommap" : "1",
        "allow_file_create" : "0",
        "ioengine" : "external:/usr/local/lib/x86_64-linux-gnu/libxnvme-fio-engine.so",
        "xnvme_be" : "linux",
        "xnvme_async" : "io_uring",
        "xnvme_sync" : "nvme",
        "xnvme_admin" : "nvme",
        "xnvme_dev_nsid" : "1",
        "filename" : "/dev/nvme0n1",
        "cpus_allowed" : "1"
      },
      "read" : {
        "io_bytes" : 764834304,
        "io_kbytes" : 746908,
        "bw_bytes" : 109246436,
        "bw" : 106685,
        "iops" : 213371.804028,
        "runtime" : 7001,
        "total_ios" : 1493816,
        "short_ios" : 0,
        "drop_ios" : 0,
        "slat_ns" : {
          "min" : 1382,
          "max" : 25729,
          "mean" : 1532.744973,
          "stddev" : 144.972706,
          "N" : 1493816
        },
        "clat_ns" : {
          "min" : 130,
          "max" : 117480,
          "mean" : 7572.991351,
          "stddev" : 2518.779534,
          "N" : 1493817,
          "percentile" : {
            "1.000000" : 5152,
            "5.000000" : 5152,
            "10.000000" : 5216,
            "20.000000" : 5280,
            "30.000000" : 5344,
            "40.000000" : 5472,
            "50.000000" : 9024,
            "60.000000" : 9024,
            "70.000000" : 9152,
            "80.000000" : 9280,
            "90.000000" : 9408,
            "95.000000" : 10432,
            "99.000000" : 17024,
            "99.500000" : 18048,
            "99.900000" : 19840,
            "99.950000" : 23168,
            "99.990000" : 60160
          }
        },
        "lat_ns" : {
          "min" : 6092,
          "max" : 119193,
          "mean" : 9105.736391,
          "stddev" : 2595.087936,
          "N" : 1493817
        },
        "bw_min" : 106453,
        "bw_max" : 106968,
        "bw_agg" : 100.000000,
        "bw_mean" : 106711.785714,
        "bw_dev" : 136.440000,
        "bw_samples" : 14,
        "iops_min" : 212906,
        "iops_max" : 213936,
        "iops_mean" : 213423.428571,
        "iops_stddev" : 272.960328,
        "iops_samples" : 14
      },
      "write" : {
        "io_bytes" : 0,
        "io_kbytes" : 0,
        "bw_bytes" : 0,
        "bw" : 0,
        "iops" : 0.000000,
        "runtime" : 0,
        "total_ios" : 0,
        "short_ios" : 0,
        "drop_ios" : 0,
        "slat_ns" : {
          "min" : 0,
          "max" : 0,
          "mean" : 0.000000,
          "stddev" : 0.000000,
          "N" : 0
        },
        "clat_ns" : {
          "min" : 0,
          "max" : 0,
          "mean" : 0.000000,
          "stddev" : 0.000000,
          "N" : 0
        },
        "lat_ns" : {
          "min" : 0,
          "max" : 0,
          "mean" : 0.000000,
          "stddev" : 0.000000,
          "N" : 0
        },
        "bw_min" : 0,
        "bw_max" : 0,
        "bw_agg" : 0.000000,
        "bw_mean" : 0.000000,
        "bw_dev" : 0.000000,
        "bw_samples" : 0,
        "iops_min" : 0,
        "iops_max" : 0,
        "iops_mean" : 0.000000,
        "iops_stddev" : 0.000000,
        "iops_samples" : 0
      },
      "trim" : {
        "io_bytes" : 0,
        "io_kbytes" : 0,
        "bw_bytes" : 0,
        "bw" : 0,
        "iops" : 0.000000,
        "runtime" : 0,
        "total_ios" : 0,
        "short_ios" : 0,
        "drop_ios" : 0,
        "slat_ns" : {
          "min" : 0,
          "max" : 0,
          "mean" : 0.000000,
          "stddev" : 0.000000,
          "N" : 0
        },
        "clat_ns" : {
          "min" : 0,
          "max" : 0,
          "mean" : 0.000000,
          "stddev" : 0.000000,
          "N" : 0
        },
        "lat_ns" : {
          "min" : 0,
          "max" : 0,
          "mean" : 0.000000,
          "stddev" : 0.000000,
          "N" : 0
        },
        "bw_min" : 0,
        "bw_max" : 0,
        "bw_agg" : 0.000000,
        "bw_mean" : 0.000000,
        "bw_dev" : 0.000000,
        "bw_samples" : 0,
        "iops_min" : 0,
        "iops_max" : 0,
        "iops_mean" : 0.000000,
        "iops_stddev" : 0.000000,
        "iops_samples" : 0
      },
      "sync" : {
        "total_ios" : 0,
        "lat_ns" : {
          "min" : 0,
          "max" : 0,
          "mean" : 0.000000,
          "stddev" : 0.000000,
          "N" : 0
        }
      },
      "job_runtime" : 7000,
      "usr_cpu" : 19.857143,
      "sys_cpu" : 57.628571,
      "ctx" : 747066,
      "majf" : 0,
      "minf" : 1,
      "iodepth_level" : {
        "1" : 0.000000,
        "2" : 100.000000,
        "4" : 0.000000,
        "8" : 0.000000,
        "16" : 0.000000,
        "32" : 0.000000,
        ">=64" : 0.000000
      },
      "iodepth_submit" : {
        "0" : 0.000000,
        "4" : 100.000000,
        "8" : 0.000000,
        "16" : 0.000000,
        "32" : 0.000000,
        "64" : 0.000000,
        ">=64" : 0.000000
      },
      "iodepth_complete" : {
        "0" : 0.000000,
        "4" : 100.000000,
        "8" : 0.000000,
        "16" : 0.000000,
        "32" : 0.000000,
        "64" : 0.000000,
        ">=64" : 0.000000
      },
      "latency_ns" : {
        "2" : 0.000000,
        "4" : 0.000000,
        "10" : 0.000000,
        "20" : 0.000000,
        "50" : 0.000000,
        "100" : 0.000000,
        "250" : 0.010000,
        "500" : 0.000000,
        "750" : 0.000000,
        "1000" : 0.000000
      },
      "latency_us" : {
        "2" : 0.000000,
        "4" : 0.010000,
        "10" : 94.517866,
        "20" : 5.375160,
        "50" : 0.077787,
        "100" : 0.020351,
        "250" : 0.010000,
        "500" : 0.000000,
        "750" : 0.000000,
        "1000" : 0.000000
      },
      "latency_ms" : {
        "2" : 0.000000,
        "4" : 0.000000,
        "10" : 0.000000,
        "20" : 0.000000,
        "50" : 0.000000,
        "100" : 0.000000,
        "250" : 0.000000,
        "500" : 0.000000,
        "750" : 0.000000,
        "1000" : 0.000000,
        "2000" : 0.000000,
        ">=2000" : 0.000000
      },
      "latency_depth" : 2,
      "latency_target" : 0,
      "latency_percentile" : 100.000000,
      "latency_window" : 0
    }
  ]
}

io_uring-xnvme: (groupid=0, jobs=1): err= 0: pid=140924: Wed Oct 26 04:34:31 2022
  read: IOPS=213k, BW=104MiB/s (109MB/s)(729MiB/7001msec)
    slat (nsec): min=1382, max=25729, avg=1532.74, stdev=144.97
    clat (nsec): min=130, max=117480, avg=7572.99, stdev=2518.78
     lat (usec): min=6, max=119, avg= 9.11, stdev= 2.60
    clat percentiles (nsec):
     |  1.00th=[ 5152],  5.00th=[ 5152], 10.00th=[ 5216], 20.00th=[ 5280],
     | 30.00th=[ 5344], 40.00th=[ 5472], 50.00th=[ 9024], 60.00th=[ 9024],
     | 70.00th=[ 9152], 80.00th=[ 9280], 90.00th=[ 9408], 95.00th=[10432],
     | 99.00th=[17024], 99.50th=[18048], 99.90th=[19840], 99.95th=[23168],
     | 99.99th=[60160]
   bw (  KiB/s): min=106453, max=106968, per=100.00%, avg=106711.79, stdev=136.44, samples=14
   iops        : min=212906, max=213936, avg=213423.43, stdev=272.96, samples=14
  lat (nsec)   : 250=0.01%
  lat (usec)   : 4=0.01%, 10=94.52%, 20=5.38%, 50=0.08%, 100=0.02%
  lat (usec)   : 250=0.01%
  cpu          : usr=19.86%, sys=57.63%, ctx=747066, majf=0, minf=1
  IO depths    : 1=0.0%, 2=100.0%, 4=0.0%, 8=0.0%, 16=0.0%, 32=0.0%, >=64=0.0%
     submit    : 0=0.0%, 4=100.0%, 8=0.0%, 16=0.0%, 32=0.0%, 64=0.0%, >=64=0.0%
     complete  : 0=0.0%, 4=100.0%, 8=0.0%, 16=0.0%, 32=0.0%, 64=0.0%, >=64=0.0%
     issued rwts: total=1493816,0,0,0 short=0,0,0,0 dropped=0,0,0,0
     latency   : target=0, window=0, percentile=100.00%, depth=2

Run status group 0 (all jobs):
   READ: bw=104MiB/s (109MB/s), 104MiB/s-104MiB/s (109MB/s-109MB/s), io=729MiB (765MB), run=7001-7001msec
