io_uring_cmd-xnvme: (g=0): rw=randread, bs=(R) 512B-512B, (W) 512B-512B, (T) 512B-512B, ioengine=xnvme, iodepth=4
fio-3.32-dirty
Starting 1 thread
{
  "fio version" : "fio-3.32-dirty",
  "timestamp" : 1666751926,
  "timestamp_ms" : 1666751926230,
  "time" : "Wed Oct 26 04:38:46 2022",
  "jobs" : [
    {
      "jobname" : "io_uring_cmd-xnvme",
      "groupid" : 0,
      "error" : 0,
      "eta" : 0,
      "elapsed" : 11,
      "job options" : {
        "name" : "io_uring_cmd-xnvme",
        "rw" : "randread",
        "size" : "12G",
        "iodepth" : "4",
        "bs" : "512",
        "direct" : "0",
        "thread" : "1",
        "time_based" : "1",
        "runtime" : "7",
        "ramp_time" : "3",
        "norandommap" : "1",
        "allow_file_create" : "0",
        "ioengine" : "external:/usr/local/lib/x86_64-linux-gnu/libxnvme-fio-engine.so",
        "xnvme_be" : "linux",
        "xnvme_async" : "io_uring_cmd",
        "xnvme_sync" : "nvme",
        "xnvme_admin" : "nvme",
        "xnvme_dev_nsid" : "1",
        "filename" : "/dev/ng0n1",
        "cpus_allowed" : "1"
      },
      "read" : {
        "io_bytes" : 1147879936,
        "io_kbytes" : 1120976,
        "bw_bytes" : 163959425,
        "bw" : 160116,
        "iops" : 320232.681046,
        "runtime" : 7001,
        "total_ios" : 2241949,
        "short_ios" : 0,
        "drop_ios" : 0,
        "slat_ns" : {
          "min" : 1193,
          "max" : 33182,
          "mean" : 2542.839603,
          "stddev" : 751.011231,
          "N" : 2241950
        },
        "clat_ns" : {
          "min" : 120,
          "max" : 161323,
          "mean" : 9665.963411,
          "stddev" : 2557.083231,
          "N" : 2241952,
          "percentile" : {
            "1.000000" : 6368,
            "5.000000" : 8032,
            "10.000000" : 9024,
            "20.000000" : 9024,
            "30.000000" : 9152,
            "40.000000" : 9152,
            "50.000000" : 9280,
            "60.000000" : 9280,
            "70.000000" : 9280,
            "80.000000" : 9408,
            "90.000000" : 10688,
            "95.000000" : 10944,
            "99.000000" : 22912,
            "99.500000" : 24704,
            "99.900000" : 28800,
            "99.950000" : 33536,
            "99.990000" : 71168
          }
        },
        "lat_ns" : {
          "min" : 5630,
          "max" : 162565,
          "mean" : 12208.801880,
          "stddev" : 2451.667220,
          "N" : 2241952
        },
        "bw_min" : 159647,
        "bw_max" : 160652,
        "bw_agg" : 100.000000,
        "bw_mean" : 160159.214286,
        "bw_dev" : 275.571065,
        "bw_samples" : 14,
        "iops_min" : 319294,
        "iops_max" : 321304,
        "iops_mean" : 320318.500000,
        "iops_stddev" : 551.411999,
        "iops_samples" : 14
      },
      "write" : {
        "io_bytes" : 0,
        "io_kbytes" : 0,
        "bw_bytes" : 0,
        "bw" : 0,
        "iops" : 0.000000,
        "runtime" : 0,
        "total_ios" : 0,
        "short_ios" : 0,
        "drop_ios" : 0,
        "slat_ns" : {
          "min" : 0,
          "max" : 0,
          "mean" : 0.000000,
          "stddev" : 0.000000,
          "N" : 0
        },
        "clat_ns" : {
          "min" : 0,
          "max" : 0,
          "mean" : 0.000000,
          "stddev" : 0.000000,
          "N" : 0
        },
        "lat_ns" : {
          "min" : 0,
          "max" : 0,
          "mean" : 0.000000,
          "stddev" : 0.000000,
          "N" : 0
        },
        "bw_min" : 0,
        "bw_max" : 0,
        "bw_agg" : 0.000000,
        "bw_mean" : 0.000000,
        "bw_dev" : 0.000000,
        "bw_samples" : 0,
        "iops_min" : 0,
        "iops_max" : 0,
        "iops_mean" : 0.000000,
        "iops_stddev" : 0.000000,
        "iops_samples" : 0
      },
      "trim" : {
        "io_bytes" : 0,
        "io_kbytes" : 0,
        "bw_bytes" : 0,
        "bw" : 0,
        "iops" : 0.000000,
        "runtime" : 0,
        "total_ios" : 0,
        "short_ios" : 0,
        "drop_ios" : 0,
        "slat_ns" : {
          "min" : 0,
          "max" : 0,
          "mean" : 0.000000,
          "stddev" : 0.000000,
          "N" : 0
        },
        "clat_ns" : {
          "min" : 0,
          "max" : 0,
          "mean" : 0.000000,
          "stddev" : 0.000000,
          "N" : 0
        },
        "lat_ns" : {
          "min" : 0,
          "max" : 0,
          "mean" : 0.000000,
          "stddev" : 0.000000,
          "N" : 0
        },
        "bw_min" : 0,
        "bw_max" : 0,
        "bw_agg" : 0.000000,
        "bw_mean" : 0.000000,
        "bw_dev" : 0.000000,
        "bw_samples" : 0,
        "iops_min" : 0,
        "iops_max" : 0,
        "iops_mean" : 0.000000,
        "iops_stddev" : 0.000000,
        "iops_samples" : 0
      },
      "sync" : {
        "total_ios" : 0,
        "lat_ns" : {
          "min" : 0,
          "max" : 0,
          "mean" : 0.000000,
          "stddev" : 0.000000,
          "N" : 0
        }
      },
      "job_runtime" : 7000,
      "usr_cpu" : 18.742857,
      "sys_cpu" : 78.857143,
      "ctx" : 12881,
      "majf" : 0,
      "minf" : 0,
      "iodepth_level" : {
        "1" : 0.000000,
        "2" : 0.000000,
        "4" : 100.000000,
        "8" : 0.000000,
        "16" : 0.000000,
        "32" : 0.000000,
        ">=64" : 0.000000
      },
      "iodepth_submit" : {
        "0" : 0.000000,
        "4" : 100.000000,
        "8" : 0.000000,
        "16" : 0.000000,
        "32" : 0.000000,
        "64" : 0.000000,
        ">=64" : 0.000000
      },
      "iodepth_complete" : {
        "0" : 0.000000,
        "4" : 100.000000,
        "8" : 0.000000,
        "16" : 0.000000,
        "32" : 0.000000,
        "64" : 0.000000,
        ">=64" : 0.000000
      },
      "latency_ns" : {
        "2" : 0.000000,
        "4" : 0.000000,
        "10" : 0.000000,
        "20" : 0.000000,
        "50" : 0.000000,
        "100" : 0.000000,
        "250" : 0.010000,
        "500" : 0.000000,
        "750" : 0.000000,
        "1000" : 0.000000
      },
      "latency_us" : {
        "2" : 0.010000,
        "4" : 0.304556,
        "10" : 85.096405,
        "20" : 12.938698,
        "50" : 1.610117,
        "100" : 0.036888,
        "250" : 0.010000,
        "500" : 0.000000,
        "750" : 0.000000,
        "1000" : 0.000000
      },
      "latency_ms" : {
        "2" : 0.000000,
        "4" : 0.000000,
        "10" : 0.000000,
        "20" : 0.000000,
        "50" : 0.000000,
        "100" : 0.000000,
        "250" : 0.000000,
        "500" : 0.000000,
        "750" : 0.000000,
        "1000" : 0.000000,
        "2000" : 0.000000,
        ">=2000" : 0.000000
      },
      "latency_depth" : 4,
      "latency_target" : 0,
      "latency_percentile" : 100.000000,
      "latency_window" : 0
    }
  ]
}

io_uring_cmd-xnvme: (groupid=0, jobs=1): err= 0: pid=141691: Wed Oct 26 04:38:46 2022
  read: IOPS=320k, BW=156MiB/s (164MB/s)(1095MiB/7001msec)
    slat (nsec): min=1193, max=33182, avg=2542.84, stdev=751.01
    clat (nsec): min=120, max=161323, avg=9665.96, stdev=2557.08
     lat (usec): min=5, max=162, avg=12.21, stdev= 2.45
    clat percentiles (nsec):
     |  1.00th=[ 6368],  5.00th=[ 8032], 10.00th=[ 9024], 20.00th=[ 9024],
     | 30.00th=[ 9152], 40.00th=[ 9152], 50.00th=[ 9280], 60.00th=[ 9280],
     | 70.00th=[ 9280], 80.00th=[ 9408], 90.00th=[10688], 95.00th=[10944],
     | 99.00th=[22912], 99.50th=[24704], 99.90th=[28800], 99.95th=[33536],
     | 99.99th=[71168]
   bw (  KiB/s): min=159647, max=160652, per=100.00%, avg=160159.21, stdev=275.57, samples=14
   iops        : min=319294, max=321304, avg=320318.50, stdev=551.41, samples=14
  lat (nsec)   : 250=0.01%
  lat (usec)   : 2=0.01%, 4=0.30%, 10=85.10%, 20=12.94%, 50=1.61%
  lat (usec)   : 100=0.04%, 250=0.01%
  cpu          : usr=18.74%, sys=78.86%, ctx=12881, majf=0, minf=0
  IO depths    : 1=0.0%, 2=0.0%, 4=100.0%, 8=0.0%, 16=0.0%, 32=0.0%, >=64=0.0%
     submit    : 0=0.0%, 4=100.0%, 8=0.0%, 16=0.0%, 32=0.0%, 64=0.0%, >=64=0.0%
     complete  : 0=0.0%, 4=100.0%, 8=0.0%, 16=0.0%, 32=0.0%, 64=0.0%, >=64=0.0%
     issued rwts: total=2241949,0,0,0 short=0,0,0,0 dropped=0,0,0,0
     latency   : target=0, window=0, percentile=100.00%, depth=4

Run status group 0 (all jobs):
   READ: bw=156MiB/s (164MB/s), 156MiB/s-156MiB/s (164MB/s-164MB/s), io=1095MiB (1148MB), run=7001-7001msec
