io_uring-bdev_uring: (g=0): rw=randread, bs=(R) 512B-512B, (W) 512B-512B, (T) 512B-512B, ioengine=spdk_bdev, iodepth=4
fio-3.32-dirty
Starting 1 thread
{
  "fio version" : "fio-3.32-dirty",
  "timestamp" : 1666752069,
  "timestamp_ms" : 1666752069718,
  "time" : "Wed Oct 26 04:41:09 2022",
  "jobs" : [
    {
      "jobname" : "io_uring-bdev_uring",
      "groupid" : 0,
      "error" : 0,
      "eta" : 0,
      "elapsed" : 11,
      "job options" : {
        "name" : "io_uring-bdev_uring",
        "rw" : "randread",
        "size" : "12G",
        "iodepth" : "4",
        "bs" : "512",
        "direct" : "1",
        "thread" : "1",
        "time_based" : "1",
        "runtime" : "7",
        "ramp_time" : "3",
        "norandommap" : "1",
        "allow_file_create" : "0",
        "ioengine" : "spdk_bdev",
        "spdk_conf" : "/tmp/spdk_bdev_uring_foo.conf",
        "filename" : "Nvme0n1",
        "cpus_allowed" : "1"
      },
      "read" : {
        "io_bytes" : 1013155328,
        "io_kbytes" : 989409,
        "bw_bytes" : 144715801,
        "bw" : 141324,
        "iops" : 282647.621768,
        "runtime" : 7001,
        "total_ios" : 1978816,
        "short_ios" : 0,
        "drop_ios" : 0,
        "slat_ns" : {
          "min" : 110,
          "max" : 12503,
          "mean" : 142.496506,
          "stddev" : 47.180392,
          "N" : 1978816
        },
        "clat_ns" : {
          "min" : 11873,
          "max" : 117370,
          "mean" : 13154.827341,
          "stddev" : 1841.054914,
          "N" : 1978816,
          "percentile" : {
            "1.000000" : 12224,
            "5.000000" : 12352,
            "10.000000" : 12352,
            "20.000000" : 12608,
            "30.000000" : 12608,
            "40.000000" : 12736,
            "50.000000" : 12864,
            "60.000000" : 12992,
            "70.000000" : 13120,
            "80.000000" : 13248,
            "90.000000" : 13376,
            "95.000000" : 13888,
            "99.000000" : 22912,
            "99.500000" : 23936,
            "99.900000" : 29568,
            "99.950000" : 35072,
            "99.990000" : 66048
          }
        },
        "lat_ns" : {
          "min" : 11993,
          "max" : 117570,
          "mean" : 13297.323847,
          "stddev" : 1846.116285,
          "N" : 1978816
        },
        "bw_min" : 141129,
        "bw_max" : 141560,
        "bw_agg" : 100.000000,
        "bw_mean" : 141360.928571,
        "bw_dev" : 153.096483,
        "bw_samples" : 14,
        "iops_min" : 282256,
        "iops_max" : 283120,
        "iops_mean" : 282722.000000,
        "iops_stddev" : 306.117122,
        "iops_samples" : 14
      },
      "write" : {
        "io_bytes" : 0,
        "io_kbytes" : 0,
        "bw_bytes" : 0,
        "bw" : 0,
        "iops" : 0.000000,
        "runtime" : 0,
        "total_ios" : 0,
        "short_ios" : 0,
        "drop_ios" : 0,
        "slat_ns" : {
          "min" : 0,
          "max" : 0,
          "mean" : 0.000000,
          "stddev" : 0.000000,
          "N" : 0
        },
        "clat_ns" : {
          "min" : 0,
          "max" : 0,
          "mean" : 0.000000,
          "stddev" : 0.000000,
          "N" : 0
        },
        "lat_ns" : {
          "min" : 0,
          "max" : 0,
          "mean" : 0.000000,
          "stddev" : 0.000000,
          "N" : 0
        },
        "bw_min" : 0,
        "bw_max" : 0,
        "bw_agg" : 0.000000,
        "bw_mean" : 0.000000,
        "bw_dev" : 0.000000,
        "bw_samples" : 0,
        "iops_min" : 0,
        "iops_max" : 0,
        "iops_mean" : 0.000000,
        "iops_stddev" : 0.000000,
        "iops_samples" : 0
      },
      "trim" : {
        "io_bytes" : 0,
        "io_kbytes" : 0,
        "bw_bytes" : 0,
        "bw" : 0,
        "iops" : 0.000000,
        "runtime" : 0,
        "total_ios" : 0,
        "short_ios" : 0,
        "drop_ios" : 0,
        "slat_ns" : {
          "min" : 0,
          "max" : 0,
          "mean" : 0.000000,
          "stddev" : 0.000000,
          "N" : 0
        },
        "clat_ns" : {
          "min" : 0,
          "max" : 0,
          "mean" : 0.000000,
          "stddev" : 0.000000,
          "N" : 0
        },
        "lat_ns" : {
          "min" : 0,
          "max" : 0,
          "mean" : 0.000000,
          "stddev" : 0.000000,
          "N" : 0
        },
        "bw_min" : 0,
        "bw_max" : 0,
        "bw_agg" : 0.000000,
        "bw_mean" : 0.000000,
        "bw_dev" : 0.000000,
        "bw_samples" : 0,
        "iops_min" : 0,
        "iops_max" : 0,
        "iops_mean" : 0.000000,
        "iops_stddev" : 0.000000,
        "iops_samples" : 0
      },
      "sync" : {
        "total_ios" : 0,
        "lat_ns" : {
          "min" : 0,
          "max" : 0,
          "mean" : 0.000000,
          "stddev" : 0.000000,
          "N" : 0
        }
      },
      "job_runtime" : 7000,
      "usr_cpu" : 41.242857,
      "sys_cpu" : 58.728571,
      "ctx" : 20,
      "majf" : 0,
      "minf" : 0,
      "iodepth_level" : {
        "1" : 25.000000,
        "2" : 50.000000,
        "4" : 25.000000,
        "8" : 0.000000,
        "16" : 0.000000,
        "32" : 0.000000,
        ">=64" : 0.000000
      },
      "iodepth_submit" : {
        "0" : 0.000000,
        "4" : 100.000000,
        "8" : 0.000000,
        "16" : 0.000000,
        "32" : 0.000000,
        "64" : 0.000000,
        ">=64" : 0.000000
      },
      "iodepth_complete" : {
        "0" : 0.000000,
        "4" : 100.000000,
        "8" : 0.000000,
        "16" : 0.000000,
        "32" : 0.000000,
        "64" : 0.000000,
        ">=64" : 0.000000
      },
      "latency_ns" : {
        "2" : 0.000000,
        "4" : 0.000000,
        "10" : 0.000000,
        "20" : 0.000000,
        "50" : 0.000000,
        "100" : 0.000000,
        "250" : 0.000000,
        "500" : 0.000000,
        "750" : 0.000000,
        "1000" : 0.000000
      },
      "latency_us" : {
        "2" : 0.000000,
        "4" : 0.000000,
        "10" : 0.000000,
        "20" : 98.730200,
        "50" : 1.228361,
        "100" : 0.041237,
        "250" : 0.010000,
        "500" : 0.000000,
        "750" : 0.000000,
        "1000" : 0.000000
      },
      "latency_ms" : {
        "2" : 0.000000,
        "4" : 0.000000,
        "10" : 0.000000,
        "20" : 0.000000,
        "50" : 0.000000,
        "100" : 0.000000,
        "250" : 0.000000,
        "500" : 0.000000,
        "750" : 0.000000,
        "1000" : 0.000000,
        "2000" : 0.000000,
        ">=2000" : 0.000000
      },
      "latency_depth" : 4,
      "latency_target" : 0,
      "latency_percentile" : 100.000000,
      "latency_window" : 0
    }
  ]
}

io_uring-bdev_uring: (groupid=0, jobs=1): err= 0: pid=142133: Wed Oct 26 04:41:09 2022
  read: IOPS=283k, BW=138MiB/s (145MB/s)(966MiB/7001msec)
    slat (nsec): min=110, max=12503, avg=142.50, stdev=47.18
    clat (usec): min=11, max=117, avg=13.15, stdev= 1.84
     lat (usec): min=11, max=117, avg=13.30, stdev= 1.85
    clat percentiles (nsec):
     |  1.00th=[12224],  5.00th=[12352], 10.00th=[12352], 20.00th=[12608],
     | 30.00th=[12608], 40.00th=[12736], 50.00th=[12864], 60.00th=[12992],
     | 70.00th=[13120], 80.00th=[13248], 90.00th=[13376], 95.00th=[13888],
     | 99.00th=[22912], 99.50th=[23936], 99.90th=[29568], 99.95th=[35072],
     | 99.99th=[66048]
   bw (  KiB/s): min=141129, max=141560, per=100.00%, avg=141360.93, stdev=153.10, samples=14
   iops        : min=282256, max=283120, avg=282722.00, stdev=306.12, samples=14
  lat (usec)   : 20=98.73%, 50=1.23%, 100=0.04%, 250=0.01%
  cpu          : usr=41.24%, sys=58.73%, ctx=20, majf=0, minf=0
  IO depths    : 1=25.0%, 2=50.0%, 4=25.0%, 8=0.0%, 16=0.0%, 32=0.0%, >=64=0.0%
     submit    : 0=0.0%, 4=100.0%, 8=0.0%, 16=0.0%, 32=0.0%, 64=0.0%, >=64=0.0%
     complete  : 0=0.0%, 4=100.0%, 8=0.0%, 16=0.0%, 32=0.0%, 64=0.0%, >=64=0.0%
     issued rwts: total=1978816,0,0,0 short=0,0,0,0 dropped=0,0,0,0
     latency   : target=0, window=0, percentile=100.00%, depth=4

Run status group 0 (all jobs):
   READ: bw=138MiB/s (145MB/s), 138MiB/s-138MiB/s (145MB/s-145MB/s), io=966MiB (1013MB), run=7001-7001msec
