io_uring-reference: (g=0): rw=randread, bs=(R) 512B-512B, (W) 512B-512B, (T) 512B-512B, ioengine=io_uring, iodepth=8
fio-3.32-dirty
Starting 1 thread
{
  "fio version" : "fio-3.32-dirty",
  "timestamp" : 1666752498,
  "timestamp_ms" : 1666752498888,
  "time" : "Wed Oct 26 04:48:18 2022",
  "jobs" : [
    {
      "jobname" : "io_uring-reference",
      "groupid" : 0,
      "error" : 0,
      "eta" : 0,
      "elapsed" : 11,
      "job options" : {
        "name" : "io_uring-reference",
        "rw" : "randread",
        "size" : "12G",
        "iodepth" : "8",
        "bs" : "512",
        "direct" : "1",
        "thread" : "1",
        "time_based" : "1",
        "runtime" : "7",
        "ramp_time" : "3",
        "norandommap" : "1",
        "allow_file_create" : "0",
        "ioengine" : "io_uring",
        "filename" : "/dev/nvme0n1",
        "cpus_allowed" : "1"
      },
      "read" : {
        "io_bytes" : 1118396416,
        "io_kbytes" : 1092184,
        "bw_bytes" : 159748095,
        "bw" : 156003,
        "iops" : 312006.999000,
        "runtime" : 7001,
        "total_ios" : 2184361,
        "short_ios" : 0,
        "drop_ios" : 0,
        "slat_ns" : {
          "min" : 1282,
          "max" : 29055,
          "mean" : 2484.140099,
          "stddev" : 984.021916,
          "N" : 2184361
        },
        "clat_ns" : {
          "min" : 70,
          "max" : 126137,
          "mean" : 22762.563038,
          "stddev" : 3843.773518,
          "N" : 2184368,
          "percentile" : {
            "1.000000" : 15936,
            "5.000000" : 20352,
            "10.000000" : 20608,
            "20.000000" : 20864,
            "30.000000" : 21632,
            "40.000000" : 21888,
            "50.000000" : 22144,
            "60.000000" : 22656,
            "70.000000" : 23424,
            "80.000000" : 23680,
            "90.000000" : 23936,
            "95.000000" : 26752,
            "99.000000" : 42752,
            "99.500000" : 45312,
            "99.900000" : 54528,
            "99.950000" : 66048,
            "99.990000" : 80384
          }
        },
        "lat_ns" : {
          "min" : 6782,
          "max" : 127519,
          "mean" : 25246.704148,
          "stddev" : 3767.691495,
          "N" : 2184368
        },
        "bw_min" : 155626,
        "bw_max" : 156619,
        "bw_agg" : 100.000000,
        "bw_mean" : 156072.692308,
        "bw_dev" : 295.570461,
        "bw_samples" : 13,
        "iops_min" : 311252,
        "iops_max" : 313238,
        "iops_mean" : 312145.692308,
        "iops_stddev" : 591.374160,
        "iops_samples" : 13
      },
      "write" : {
        "io_bytes" : 0,
        "io_kbytes" : 0,
        "bw_bytes" : 0,
        "bw" : 0,
        "iops" : 0.000000,
        "runtime" : 0,
        "total_ios" : 0,
        "short_ios" : 0,
        "drop_ios" : 0,
        "slat_ns" : {
          "min" : 0,
          "max" : 0,
          "mean" : 0.000000,
          "stddev" : 0.000000,
          "N" : 0
        },
        "clat_ns" : {
          "min" : 0,
          "max" : 0,
          "mean" : 0.000000,
          "stddev" : 0.000000,
          "N" : 0
        },
        "lat_ns" : {
          "min" : 0,
          "max" : 0,
          "mean" : 0.000000,
          "stddev" : 0.000000,
          "N" : 0
        },
        "bw_min" : 0,
        "bw_max" : 0,
        "bw_agg" : 0.000000,
        "bw_mean" : 0.000000,
        "bw_dev" : 0.000000,
        "bw_samples" : 0,
        "iops_min" : 0,
        "iops_max" : 0,
        "iops_mean" : 0.000000,
        "iops_stddev" : 0.000000,
        "iops_samples" : 0
      },
      "trim" : {
        "io_bytes" : 0,
        "io_kbytes" : 0,
        "bw_bytes" : 0,
        "bw" : 0,
        "iops" : 0.000000,
        "runtime" : 0,
        "total_ios" : 0,
        "short_ios" : 0,
        "drop_ios" : 0,
        "slat_ns" : {
          "min" : 0,
          "max" : 0,
          "mean" : 0.000000,
          "stddev" : 0.000000,
          "N" : 0
        },
        "clat_ns" : {
          "min" : 0,
          "max" : 0,
          "mean" : 0.000000,
          "stddev" : 0.000000,
          "N" : 0
        },
        "lat_ns" : {
          "min" : 0,
          "max" : 0,
          "mean" : 0.000000,
          "stddev" : 0.000000,
          "N" : 0
        },
        "bw_min" : 0,
        "bw_max" : 0,
        "bw_agg" : 0.000000,
        "bw_mean" : 0.000000,
        "bw_dev" : 0.000000,
        "bw_samples" : 0,
        "iops_min" : 0,
        "iops_max" : 0,
        "iops_mean" : 0.000000,
        "iops_stddev" : 0.000000,
        "iops_samples" : 0
      },
      "sync" : {
        "total_ios" : 0,
        "lat_ns" : {
          "min" : 0,
          "max" : 0,
          "mean" : 0.000000,
          "stddev" : 0.000000,
          "N" : 0
        }
      },
      "job_runtime" : 7000,
      "usr_cpu" : 14.014286,
      "sys_cpu" : 83.885714,
      "ctx" : 12410,
      "majf" : 0,
      "minf" : 0,
      "iodepth_level" : {
        "1" : 0.000000,
        "2" : 0.000000,
        "4" : 0.000000,
        "8" : 100.000000,
        "16" : 0.000000,
        "32" : 0.000000,
        ">=64" : 0.000000
      },
      "iodepth_submit" : {
        "0" : 0.000000,
        "4" : 100.000000,
        "8" : 0.000000,
        "16" : 0.000000,
        "32" : 0.000000,
        "64" : 0.000000,
        ">=64" : 0.000000
      },
      "iodepth_complete" : {
        "0" : 0.000000,
        "4" : 99.999954,
        "8" : 0.100000,
        "16" : 0.000000,
        "32" : 0.000000,
        "64" : 0.000000,
        ">=64" : 0.000000
      },
      "latency_ns" : {
        "2" : 0.000000,
        "4" : 0.000000,
        "10" : 0.000000,
        "20" : 0.000000,
        "50" : 0.000000,
        "100" : 0.010000,
        "250" : 0.010000,
        "500" : 0.000000,
        "750" : 0.000000,
        "1000" : 0.000000
      },
      "latency_us" : {
        "2" : 0.010000,
        "4" : 0.010000,
        "10" : 0.028109,
        "20" : 3.435879,
        "50" : 96.395696,
        "100" : 0.135875,
        "250" : 0.010000,
        "500" : 0.000000,
        "750" : 0.000000,
        "1000" : 0.000000
      },
      "latency_ms" : {
        "2" : 0.000000,
        "4" : 0.000000,
        "10" : 0.000000,
        "20" : 0.000000,
        "50" : 0.000000,
        "100" : 0.000000,
        "250" : 0.000000,
        "500" : 0.000000,
        "750" : 0.000000,
        "1000" : 0.000000,
        "2000" : 0.000000,
        ">=2000" : 0.000000
      },
      "latency_depth" : 8,
      "latency_target" : 0,
      "latency_percentile" : 100.000000,
      "latency_window" : 0
    }
  ],
  "disk_util" : [
    {
      "name" : "nvme0n1",
      "read_ios" : 3135878,
      "write_ios" : 0,
      "read_merges" : 0,
      "write_merges" : 0,
      "read_ticks" : 17469,
      "write_ticks" : 0,
      "in_queue" : 17469,
      "util" : 99.088748
    }
  ]
}

io_uring-reference: (groupid=0, jobs=1): err= 0: pid=143437: Wed Oct 26 04:48:18 2022
  read: IOPS=312k, BW=152MiB/s (160MB/s)(1067MiB/7001msec)
    slat (nsec): min=1282, max=29055, avg=2484.14, stdev=984.02
    clat (nsec): min=70, max=126137, avg=22762.56, stdev=3843.77
     lat (usec): min=6, max=127, avg=25.25, stdev= 3.77
    clat percentiles (nsec):
     |  1.00th=[15936],  5.00th=[20352], 10.00th=[20608], 20.00th=[20864],
     | 30.00th=[21632], 40.00th=[21888], 50.00th=[22144], 60.00th=[22656],
     | 70.00th=[23424], 80.00th=[23680], 90.00th=[23936], 95.00th=[26752],
     | 99.00th=[42752], 99.50th=[45312], 99.90th=[54528], 99.95th=[66048],
     | 99.99th=[80384]
   bw (  KiB/s): min=155626, max=156619, per=100.00%, avg=156072.69, stdev=295.57, samples=13
   iops        : min=311252, max=313238, avg=312145.69, stdev=591.37, samples=13
  lat (nsec)   : 100=0.01%, 250=0.01%
  lat (usec)   : 2=0.01%, 4=0.01%, 10=0.03%, 20=3.44%, 50=96.40%
  lat (usec)   : 100=0.14%, 250=0.01%
  cpu          : usr=14.01%, sys=83.89%, ctx=12410, majf=0, minf=0
  IO depths    : 1=0.0%, 2=0.0%, 4=0.0%, 8=100.0%, 16=0.0%, 32=0.0%, >=64=0.0%
     submit    : 0=0.0%, 4=100.0%, 8=0.0%, 16=0.0%, 32=0.0%, 64=0.0%, >=64=0.0%
     complete  : 0=0.0%, 4=100.0%, 8=0.1%, 16=0.0%, 32=0.0%, 64=0.0%, >=64=0.0%
     issued rwts: total=2184361,0,0,0 short=0,0,0,0 dropped=0,0,0,0
     latency   : target=0, window=0, percentile=100.00%, depth=8

Run status group 0 (all jobs):
   READ: bw=152MiB/s (160MB/s), 152MiB/s-152MiB/s (160MB/s-160MB/s), io=1067MiB (1118MB), run=7001-7001msec

Disk stats (read/write):
  nvme0n1: ios=3135878/0, merge=0/0, ticks=17469/0, in_queue=17469, util=99.09%
