libaio-reference: (g=0): rw=randread, bs=(R) 512B-512B, (W) 512B-512B, (T) 512B-512B, ioengine=libaio, iodepth=4
fio-3.32-dirty
Starting 1 thread
{
  "fio version" : "fio-3.32-dirty",
  "timestamp" : 1666752185,
  "timestamp_ms" : 1666752185221,
  "time" : "Wed Oct 26 04:43:05 2022",
  "jobs" : [
    {
      "jobname" : "libaio-reference",
      "groupid" : 0,
      "error" : 0,
      "eta" : 0,
      "elapsed" : 11,
      "job options" : {
        "name" : "libaio-reference",
        "rw" : "randread",
        "size" : "12G",
        "iodepth" : "4",
        "bs" : "512",
        "direct" : "1",
        "thread" : "1",
        "time_based" : "1",
        "runtime" : "7",
        "ramp_time" : "3",
        "norandommap" : "1",
        "allow_file_create" : "0",
        "ioengine" : "libaio",
        "filename" : "/dev/nvme0n1",
        "cpus_allowed" : "1"
      },
      "read" : {
        "io_bytes" : 1041431040,
        "io_kbytes" : 1017022,
        "bw_bytes" : 148754612,
        "bw" : 145268,
        "iops" : 290535.780603,
        "runtime" : 7001,
        "total_ios" : 2034041,
        "short_ios" : 0,
        "drop_ios" : 0,
        "slat_ns" : {
          "min" : 1403,
          "max" : 42539,
          "mean" : 2718.299399,
          "stddev" : 1303.395648,
          "N" : 2034042
        },
        "clat_ns" : {
          "min" : 4479,
          "max" : 124985,
          "mean" : 10812.651804,
          "stddev" : 2728.741015,
          "N" : 2034044,
          "percentile" : {
            "1.000000" : 9024,
            "5.000000" : 9024,
            "10.000000" : 9024,
            "20.000000" : 9152,
            "30.000000" : 9280,
            "40.000000" : 10304,
            "50.000000" : 10432,
            "60.000000" : 10560,
            "70.000000" : 11584,
            "80.000000" : 11712,
            "90.000000" : 11840,
            "95.000000" : 12096,
            "99.000000" : 23680,
            "99.500000" : 28800,
            "99.900000" : 35072,
            "99.950000" : 40704,
            "99.990000" : 72192
          }
        },
        "lat_ns" : {
          "min" : 8055,
          "max" : 129283,
          "mean" : 13530.950614,
          "stddev" : 2627.157009,
          "N" : 2034044
        },
        "bw_min" : 144981,
        "bw_max" : 145561,
        "bw_agg" : 100.000000,
        "bw_mean" : 145329.000000,
        "bw_dev" : 165.697593,
        "bw_samples" : 14,
        "iops_min" : 289962,
        "iops_max" : 291122,
        "iops_mean" : 290658.071429,
        "iops_stddev" : 331.438465,
        "iops_samples" : 14
      },
      "write" : {
        "io_bytes" : 0,
        "io_kbytes" : 0,
        "bw_bytes" : 0,
        "bw" : 0,
        "iops" : 0.000000,
        "runtime" : 0,
        "total_ios" : 0,
        "short_ios" : 0,
        "drop_ios" : 0,
        "slat_ns" : {
          "min" : 0,
          "max" : 0,
          "mean" : 0.000000,
          "stddev" : 0.000000,
          "N" : 0
        },
        "clat_ns" : {
          "min" : 0,
          "max" : 0,
          "mean" : 0.000000,
          "stddev" : 0.000000,
          "N" : 0
        },
        "lat_ns" : {
          "min" : 0,
          "max" : 0,
          "mean" : 0.000000,
          "stddev" : 0.000000,
          "N" : 0
        },
        "bw_min" : 0,
        "bw_max" : 0,
        "bw_agg" : 0.000000,
        "bw_mean" : 0.000000,
        "bw_dev" : 0.000000,
        "bw_samples" : 0,
        "iops_min" : 0,
        "iops_max" : 0,
        "iops_mean" : 0.000000,
        "iops_stddev" : 0.000000,
        "iops_samples" : 0
      },
      "trim" : {
        "io_bytes" : 0,
        "io_kbytes" : 0,
        "bw_bytes" : 0,
        "bw" : 0,
        "iops" : 0.000000,
        "runtime" : 0,
        "total_ios" : 0,
        "short_ios" : 0,
        "drop_ios" : 0,
        "slat_ns" : {
          "min" : 0,
          "max" : 0,
          "mean" : 0.000000,
          "stddev" : 0.000000,
          "N" : 0
        },
        "clat_ns" : {
          "min" : 0,
          "max" : 0,
          "mean" : 0.000000,
          "stddev" : 0.000000,
          "N" : 0
        },
        "lat_ns" : {
          "min" : 0,
          "max" : 0,
          "mean" : 0.000000,
          "stddev" : 0.000000,
          "N" : 0
        },
        "bw_min" : 0,
        "bw_max" : 0,
        "bw_agg" : 0.000000,
        "bw_mean" : 0.000000,
        "bw_dev" : 0.000000,
        "bw_samples" : 0,
        "iops_min" : 0,
        "iops_max" : 0,
        "iops_mean" : 0.000000,
        "iops_stddev" : 0.000000,
        "iops_samples" : 0
      },
      "sync" : {
        "total_ios" : 0,
        "lat_ns" : {
          "min" : 0,
          "max" : 0,
          "mean" : 0.000000,
          "stddev" : 0.000000,
          "N" : 0
        }
      },
      "job_runtime" : 7000,
      "usr_cpu" : 34.800000,
      "sys_cpu" : 63.071429,
      "ctx" : 12160,
      "majf" : 0,
      "minf" : 0,
      "iodepth_level" : {
        "1" : 0.000000,
        "2" : 0.000000,
        "4" : 100.000000,
        "8" : 0.000000,
        "16" : 0.000000,
        "32" : 0.000000,
        ">=64" : 0.000000
      },
      "iodepth_submit" : {
        "0" : 0.000000,
        "4" : 100.000000,
        "8" : 0.000000,
        "16" : 0.000000,
        "32" : 0.000000,
        "64" : 0.000000,
        ">=64" : 0.000000
      },
      "iodepth_complete" : {
        "0" : 0.000000,
        "4" : 100.000000,
        "8" : 0.000000,
        "16" : 0.000000,
        "32" : 0.000000,
        "64" : 0.000000,
        ">=64" : 0.000000
      },
      "latency_ns" : {
        "2" : 0.000000,
        "4" : 0.000000,
        "10" : 0.000000,
        "20" : 0.000000,
        "50" : 0.000000,
        "100" : 0.000000,
        "250" : 0.000000,
        "500" : 0.000000,
        "750" : 0.000000,
        "1000" : 0.000000
      },
      "latency_us" : {
        "2" : 0.000000,
        "4" : 0.000000,
        "10" : 32.978195,
        "20" : 65.542287,
        "50" : 1.435320,
        "100" : 0.043804,
        "250" : 0.010000,
        "500" : 0.000000,
        "750" : 0.000000,
        "1000" : 0.000000
      },
      "latency_ms" : {
        "2" : 0.000000,
        "4" : 0.000000,
        "10" : 0.000000,
        "20" : 0.000000,
        "50" : 0.000000,
        "100" : 0.000000,
        "250" : 0.000000,
        "500" : 0.000000,
        "750" : 0.000000,
        "1000" : 0.000000,
        "2000" : 0.000000,
        ">=2000" : 0.000000
      },
      "latency_depth" : 4,
      "latency_target" : 0,
      "latency_percentile" : 100.000000,
      "latency_window" : 0
    }
  ],
  "disk_util" : [
    {
      "name" : "nvme0n1",
      "read_ios" : 2916402,
      "write_ios" : 0,
      "read_merges" : 0,
      "write_merges" : 0,
      "read_ticks" : 15253,
      "write_ticks" : 0,
      "in_queue" : 15253,
      "util" : 99.088748
    }
  ]
}

libaio-reference: (groupid=0, jobs=1): err= 0: pid=142487: Wed Oct 26 04:43:05 2022
  read: IOPS=291k, BW=142MiB/s (149MB/s)(993MiB/7001msec)
    slat (nsec): min=1403, max=42539, avg=2718.30, stdev=1303.40
    clat (usec): min=4, max=124, avg=10.81, stdev= 2.73
     lat (usec): min=8, max=129, avg=13.53, stdev= 2.63
    clat percentiles (nsec):
     |  1.00th=[ 9024],  5.00th=[ 9024], 10.00th=[ 9024], 20.00th=[ 9152],
     | 30.00th=[ 9280], 40.00th=[10304], 50.00th=[10432], 60.00th=[10560],
     | 70.00th=[11584], 80.00th=[11712], 90.00th=[11840], 95.00th=[12096],
     | 99.00th=[23680], 99.50th=[28800], 99.90th=[35072], 99.95th=[40704],
     | 99.99th=[72192]
   bw (  KiB/s): min=144981, max=145561, per=100.00%, avg=145329.00, stdev=165.70, samples=14
   iops        : min=289962, max=291122, avg=290658.07, stdev=331.44, samples=14
  lat (usec)   : 10=32.98%, 20=65.54%, 50=1.44%, 100=0.04%, 250=0.01%
  cpu          : usr=34.80%, sys=63.07%, ctx=12160, majf=0, minf=0
  IO depths    : 1=0.0%, 2=0.0%, 4=100.0%, 8=0.0%, 16=0.0%, 32=0.0%, >=64=0.0%
     submit    : 0=0.0%, 4=100.0%, 8=0.0%, 16=0.0%, 32=0.0%, 64=0.0%, >=64=0.0%
     complete  : 0=0.0%, 4=100.0%, 8=0.0%, 16=0.0%, 32=0.0%, 64=0.0%, >=64=0.0%
     issued rwts: total=2034041,0,0,0 short=0,0,0,0 dropped=0,0,0,0
     latency   : target=0, window=0, percentile=100.00%, depth=4

Run status group 0 (all jobs):
   READ: bw=142MiB/s (149MB/s), 142MiB/s-142MiB/s (149MB/s-149MB/s), io=993MiB (1041MB), run=7001-7001msec

Disk stats (read/write):
  nvme0n1: ios=2916402/0, merge=0/0, ticks=15253/0, in_queue=15253, util=99.09%
