libaio-bdev_xnvme: (g=0): rw=randread, bs=(R) 512B-512B, (W) 512B-512B, (T) 512B-512B, ioengine=spdk_bdev, iodepth=1
fio-3.32-dirty
Starting 1 thread
{
  "fio version" : "fio-3.32-dirty",
  "timestamp" : 1666751326,
  "timestamp_ms" : 1666751326817,
  "time" : "Wed Oct 26 04:28:46 2022",
  "jobs" : [
    {
      "jobname" : "libaio-bdev_xnvme",
      "groupid" : 0,
      "error" : 0,
      "eta" : 0,
      "elapsed" : 11,
      "job options" : {
        "name" : "libaio-bdev_xnvme",
        "rw" : "randread",
        "size" : "12G",
        "iodepth" : "1",
        "bs" : "512",
        "direct" : "1",
        "thread" : "1",
        "time_based" : "1",
        "runtime" : "7",
        "ramp_time" : "3",
        "norandommap" : "1",
        "allow_file_create" : "0",
        "ioengine" : "spdk_bdev",
        "spdk_conf" : "/tmp/spdk_bdev_xnvme_libaio.conf",
        "filename" : "Nvme0n1",
        "cpus_allowed" : "1"
      },
      "read" : {
        "io_bytes" : 549307392,
        "io_kbytes" : 536433,
        "bw_bytes" : 78461275,
        "bw" : 76622,
        "iops" : 153244.679332,
        "runtime" : 7001,
        "total_ios" : 1072866,
        "short_ios" : 0,
        "drop_ios" : 0,
        "slat_ns" : {
          "min" : 1623,
          "max" : 14217,
          "mean" : 1678.038774,
          "stddev" : 119.906182,
          "N" : 1072866
        },
        "clat_ns" : {
          "min" : 591,
          "max" : 118713,
          "mean" : 4583.107354,
          "stddev" : 1160.723079,
          "N" : 1072866,
          "percentile" : {
            "1.000000" : 4320,
            "5.000000" : 4320,
            "10.000000" : 4320,
            "20.000000" : 4320,
            "30.000000" : 4320,
            "40.000000" : 4320,
            "50.000000" : 4384,
            "60.000000" : 4384,
            "70.000000" : 4640,
            "80.000000" : 4640,
            "90.000000" : 4704,
            "95.000000" : 4768,
            "99.000000" : 9792,
            "99.500000" : 10816,
            "99.900000" : 15552,
            "99.950000" : 15680,
            "99.990000" : 59136
          }
        },
        "lat_ns" : {
          "min" : 5881,
          "max" : 120406,
          "mean" : 6261.146127,
          "stddev" : 1168.029557,
          "N" : 1072866
        },
        "bw_min" : 76498,
        "bw_max" : 76736,
        "bw_agg" : 100.000000,
        "bw_mean" : 76644.785714,
        "bw_dev" : 66.817983,
        "bw_samples" : 14,
        "iops_min" : 152997,
        "iops_max" : 153472,
        "iops_mean" : 153289.642857,
        "iops_stddev" : 133.467142,
        "iops_samples" : 14
      },
      "write" : {
        "io_bytes" : 0,
        "io_kbytes" : 0,
        "bw_bytes" : 0,
        "bw" : 0,
        "iops" : 0.000000,
        "runtime" : 0,
        "total_ios" : 0,
        "short_ios" : 0,
        "drop_ios" : 0,
        "slat_ns" : {
          "min" : 0,
          "max" : 0,
          "mean" : 0.000000,
          "stddev" : 0.000000,
          "N" : 0
        },
        "clat_ns" : {
          "min" : 0,
          "max" : 0,
          "mean" : 0.000000,
          "stddev" : 0.000000,
          "N" : 0
        },
        "lat_ns" : {
          "min" : 0,
          "max" : 0,
          "mean" : 0.000000,
          "stddev" : 0.000000,
          "N" : 0
        },
        "bw_min" : 0,
        "bw_max" : 0,
        "bw_agg" : 0.000000,
        "bw_mean" : 0.000000,
        "bw_dev" : 0.000000,
        "bw_samples" : 0,
        "iops_min" : 0,
        "iops_max" : 0,
        "iops_mean" : 0.000000,
        "iops_stddev" : 0.000000,
        "iops_samples" : 0
      },
      "trim" : {
        "io_bytes" : 0,
        "io_kbytes" : 0,
        "bw_bytes" : 0,
        "bw" : 0,
        "iops" : 0.000000,
        "runtime" : 0,
        "total_ios" : 0,
        "short_ios" : 0,
        "drop_ios" : 0,
        "slat_ns" : {
          "min" : 0,
          "max" : 0,
          "mean" : 0.000000,
          "stddev" : 0.000000,
          "N" : 0
        },
        "clat_ns" : {
          "min" : 0,
          "max" : 0,
          "mean" : 0.000000,
          "stddev" : 0.000000,
          "N" : 0
        },
        "lat_ns" : {
          "min" : 0,
          "max" : 0,
          "mean" : 0.000000,
          "stddev" : 0.000000,
          "N" : 0
        },
        "bw_min" : 0,
        "bw_max" : 0,
        "bw_agg" : 0.000000,
        "bw_mean" : 0.000000,
        "bw_dev" : 0.000000,
        "bw_samples" : 0,
        "iops_min" : 0,
        "iops_max" : 0,
        "iops_mean" : 0.000000,
        "iops_stddev" : 0.000000,
        "iops_samples" : 0
      },
      "sync" : {
        "total_ios" : 0,
        "lat_ns" : {
          "min" : 0,
          "max" : 0,
          "mean" : 0.000000,
          "stddev" : 0.000000,
          "N" : 0
        }
      },
      "job_runtime" : 7000,
      "usr_cpu" : 36.614286,
      "sys_cpu" : 63.357143,
      "ctx" : 23,
      "majf" : 0,
      "minf" : 0,
      "iodepth_level" : {
        "1" : 100.000000,
        "2" : 0.000000,
        "4" : 0.000000,
        "8" : 0.000000,
        "16" : 0.000000,
        "32" : 0.000000,
        ">=64" : 0.000000
      },
      "iodepth_submit" : {
        "0" : 0.000000,
        "4" : 100.000000,
        "8" : 0.000000,
        "16" : 0.000000,
        "32" : 0.000000,
        "64" : 0.000000,
        ">=64" : 0.000000
      },
      "iodepth_complete" : {
        "0" : 0.000000,
        "4" : 100.000000,
        "8" : 0.000000,
        "16" : 0.000000,
        "32" : 0.000000,
        "64" : 0.000000,
        ">=64" : 0.000000
      },
      "latency_ns" : {
        "2" : 0.000000,
        "4" : 0.000000,
        "10" : 0.000000,
        "20" : 0.000000,
        "50" : 0.000000,
        "100" : 0.000000,
        "250" : 0.000000,
        "500" : 0.000000,
        "750" : 0.010000,
        "1000" : 0.000000
      },
      "latency_us" : {
        "2" : 0.010000,
        "4" : 0.010000,
        "10" : 99.073137,
        "20" : 0.903188,
        "50" : 0.010000,
        "100" : 0.015379,
        "250" : 0.010000,
        "500" : 0.000000,
        "750" : 0.000000,
        "1000" : 0.000000
      },
      "latency_ms" : {
        "2" : 0.000000,
        "4" : 0.000000,
        "10" : 0.000000,
        "20" : 0.000000,
        "50" : 0.000000,
        "100" : 0.000000,
        "250" : 0.000000,
        "500" : 0.000000,
        "750" : 0.000000,
        "1000" : 0.000000,
        "2000" : 0.000000,
        ">=2000" : 0.000000
      },
      "latency_depth" : 1,
      "latency_target" : 0,
      "latency_percentile" : 100.000000,
      "latency_window" : 0
    }
  ]
}

libaio-bdev_xnvme: (groupid=0, jobs=1): err= 0: pid=139861: Wed Oct 26 04:28:46 2022
  read: IOPS=153k, BW=74.8MiB/s (78.5MB/s)(524MiB/7001msec)
    slat (nsec): min=1623, max=14217, avg=1678.04, stdev=119.91
    clat (nsec): min=591, max=118713, avg=4583.11, stdev=1160.72
     lat (usec): min=5, max=120, avg= 6.26, stdev= 1.17
    clat percentiles (nsec):
     |  1.00th=[ 4320],  5.00th=[ 4320], 10.00th=[ 4320], 20.00th=[ 4320],
     | 30.00th=[ 4320], 40.00th=[ 4320], 50.00th=[ 4384], 60.00th=[ 4384],
     | 70.00th=[ 4640], 80.00th=[ 4640], 90.00th=[ 4704], 95.00th=[ 4768],
     | 99.00th=[ 9792], 99.50th=[10816], 99.90th=[15552], 99.95th=[15680],
     | 99.99th=[59136]
   bw (  KiB/s): min=76498, max=76736, per=100.00%, avg=76644.79, stdev=66.82, samples=14
   iops        : min=152997, max=153472, avg=153289.64, stdev=133.47, samples=14
  lat (nsec)   : 750=0.01%
  lat (usec)   : 2=0.01%, 4=0.01%, 10=99.07%, 20=0.90%, 50=0.01%
  lat (usec)   : 100=0.02%, 250=0.01%
  cpu          : usr=36.61%, sys=63.36%, ctx=23, majf=0, minf=0
  IO depths    : 1=100.0%, 2=0.0%, 4=0.0%, 8=0.0%, 16=0.0%, 32=0.0%, >=64=0.0%
     submit    : 0=0.0%, 4=100.0%, 8=0.0%, 16=0.0%, 32=0.0%, 64=0.0%, >=64=0.0%
     complete  : 0=0.0%, 4=100.0%, 8=0.0%, 16=0.0%, 32=0.0%, 64=0.0%, >=64=0.0%
     issued rwts: total=1072866,0,0,0 short=0,0,0,0 dropped=0,0,0,0
     latency   : target=0, window=0, percentile=100.00%, depth=1

Run status group 0 (all jobs):
   READ: bw=74.8MiB/s (78.5MB/s), 74.8MiB/s-74.8MiB/s (78.5MB/s-78.5MB/s), io=524MiB (549MB), run=7001-7001msec
