io_uring-xnvme: (g=0): rw=randread, bs=(R) 512B-512B, (W) 512B-512B, (T) 512B-512B, ioengine=xnvme, iodepth=8
fio-3.32-dirty
Starting 1 thread
{
  "fio version" : "fio-3.32-dirty",
  "timestamp" : 1666752644,
  "timestamp_ms" : 1666752644045,
  "time" : "Wed Oct 26 04:50:44 2022",
  "jobs" : [
    {
      "jobname" : "io_uring-xnvme",
      "groupid" : 0,
      "error" : 0,
      "eta" : 0,
      "elapsed" : 11,
      "job options" : {
        "name" : "io_uring-xnvme",
        "rw" : "randread",
        "size" : "12G",
        "iodepth" : "8",
        "bs" : "512",
        "direct" : "1",
        "thread" : "1",
        "time_based" : "1",
        "runtime" : "7",
        "ramp_time" : "3",
        "norandommap" : "1",
        "allow_file_create" : "0",
        "ioengine" : "external:/usr/local/lib/x86_64-linux-gnu/libxnvme-fio-engine.so",
        "xnvme_be" : "linux",
        "xnvme_async" : "io_uring",
        "xnvme_sync" : "nvme",
        "xnvme_admin" : "nvme",
        "xnvme_dev_nsid" : "1",
        "filename" : "/dev/nvme0n1",
        "cpus_allowed" : "1"
      },
      "read" : {
        "io_bytes" : 1097063424,
        "io_kbytes" : 1071351,
        "bw_bytes" : 156700960,
        "bw" : 153028,
        "iops" : 306055.420654,
        "runtime" : 7001,
        "total_ios" : 2142694,
        "short_ios" : 0,
        "drop_ios" : 0,
        "slat_ns" : {
          "min" : 1362,
          "max" : 43081,
          "mean" : 2770.524205,
          "stddev" : 1257.270481,
          "N" : 2142695
        },
        "clat_ns" : {
          "min" : 110,
          "max" : 142568,
          "mean" : 23118.608042,
          "stddev" : 3988.582641,
          "N" : 2142701,
          "percentile" : {
            "1.000000" : 15424,
            "5.000000" : 19328,
            "10.000000" : 20864,
            "20.000000" : 21120,
            "30.000000" : 21376,
            "40.000000" : 22400,
            "50.000000" : 22656,
            "60.000000" : 22912,
            "70.000000" : 23680,
            "80.000000" : 24192,
            "90.000000" : 25472,
            "95.000000" : 27776,
            "99.000000" : 42752,
            "99.500000" : 45824,
            "99.900000" : 58624,
            "99.950000" : 68096,
            "99.990000" : 82432
          }
        },
        "lat_ns" : {
          "min" : 6923,
          "max" : 143950,
          "mean" : 25889.131866,
          "stddev" : 4007.357932,
          "N" : 2142701
        },
        "bw_min" : 152809,
        "bw_max" : 153283,
        "bw_agg" : 100.000000,
        "bw_mean" : 153068.142857,
        "bw_dev" : 168.665740,
        "bw_samples" : 14,
        "iops_min" : 305618,
        "iops_max" : 306566,
        "iops_mean" : 306136.214286,
        "iops_stddev" : 337.609738,
        "iops_samples" : 14
      },
      "write" : {
        "io_bytes" : 0,
        "io_kbytes" : 0,
        "bw_bytes" : 0,
        "bw" : 0,
        "iops" : 0.000000,
        "runtime" : 0,
        "total_ios" : 0,
        "short_ios" : 0,
        "drop_ios" : 0,
        "slat_ns" : {
          "min" : 0,
          "max" : 0,
          "mean" : 0.000000,
          "stddev" : 0.000000,
          "N" : 0
        },
        "clat_ns" : {
          "min" : 0,
          "max" : 0,
          "mean" : 0.000000,
          "stddev" : 0.000000,
          "N" : 0
        },
        "lat_ns" : {
          "min" : 0,
          "max" : 0,
          "mean" : 0.000000,
          "stddev" : 0.000000,
          "N" : 0
        },
        "bw_min" : 0,
        "bw_max" : 0,
        "bw_agg" : 0.000000,
        "bw_mean" : 0.000000,
        "bw_dev" : 0.000000,
        "bw_samples" : 0,
        "iops_min" : 0,
        "iops_max" : 0,
        "iops_mean" : 0.000000,
        "iops_stddev" : 0.000000,
        "iops_samples" : 0
      },
      "trim" : {
        "io_bytes" : 0,
        "io_kbytes" : 0,
        "bw_bytes" : 0,
        "bw" : 0,
        "iops" : 0.000000,
        "runtime" : 0,
        "total_ios" : 0,
        "short_ios" : 0,
        "drop_ios" : 0,
        "slat_ns" : {
          "min" : 0,
          "max" : 0,
          "mean" : 0.000000,
          "stddev" : 0.000000,
          "N" : 0
        },
        "clat_ns" : {
          "min" : 0,
          "max" : 0,
          "mean" : 0.000000,
          "stddev" : 0.000000,
          "N" : 0
        },
        "lat_ns" : {
          "min" : 0,
          "max" : 0,
          "mean" : 0.000000,
          "stddev" : 0.000000,
          "N" : 0
        },
        "bw_min" : 0,
        "bw_max" : 0,
        "bw_agg" : 0.000000,
        "bw_mean" : 0.000000,
        "bw_dev" : 0.000000,
        "bw_samples" : 0,
        "iops_min" : 0,
        "iops_max" : 0,
        "iops_mean" : 0.000000,
        "iops_stddev" : 0.000000,
        "iops_samples" : 0
      },
      "sync" : {
        "total_ios" : 0,
        "lat_ns" : {
          "min" : 0,
          "max" : 0,
          "mean" : 0.000000,
          "stddev" : 0.000000,
          "N" : 0
        }
      },
      "job_runtime" : 7000,
      "usr_cpu" : 19.928571,
      "sys_cpu" : 78.200000,
      "ctx" : 12004,
      "majf" : 0,
      "minf" : 0,
      "iodepth_level" : {
        "1" : 0.000000,
        "2" : 0.000000,
        "4" : 0.000000,
        "8" : 100.000000,
        "16" : 0.000000,
        "32" : 0.000000,
        ">=64" : 0.000000
      },
      "iodepth_submit" : {
        "0" : 0.000000,
        "4" : 100.000000,
        "8" : 0.000000,
        "16" : 0.000000,
        "32" : 0.000000,
        "64" : 0.000000,
        ">=64" : 0.000000
      },
      "iodepth_complete" : {
        "0" : 0.000000,
        "4" : 99.999977,
        "8" : 0.100000,
        "16" : 0.000000,
        "32" : 0.000000,
        "64" : 0.000000,
        ">=64" : 0.000000
      },
      "latency_ns" : {
        "2" : 0.000000,
        "4" : 0.000000,
        "10" : 0.000000,
        "20" : 0.000000,
        "50" : 0.000000,
        "100" : 0.000000,
        "250" : 0.010000,
        "500" : 0.000000,
        "750" : 0.000000,
        "1000" : 0.000000
      },
      "latency_us" : {
        "2" : 0.010000,
        "4" : 0.010000,
        "10" : 0.040043,
        "20" : 8.114318,
        "50" : 91.677533,
        "100" : 0.156905,
        "250" : 0.010000,
        "500" : 0.000000,
        "750" : 0.000000,
        "1000" : 0.000000
      },
      "latency_ms" : {
        "2" : 0.000000,
        "4" : 0.000000,
        "10" : 0.000000,
        "20" : 0.000000,
        "50" : 0.000000,
        "100" : 0.000000,
        "250" : 0.000000,
        "500" : 0.000000,
        "750" : 0.000000,
        "1000" : 0.000000,
        "2000" : 0.000000,
        ">=2000" : 0.000000
      },
      "latency_depth" : 8,
      "latency_target" : 0,
      "latency_percentile" : 100.000000,
      "latency_window" : 0
    }
  ]
}

io_uring-xnvme: (groupid=0, jobs=1): err= 0: pid=143892: Wed Oct 26 04:50:44 2022
  read: IOPS=306k, BW=149MiB/s (157MB/s)(1046MiB/7001msec)
    slat (nsec): min=1362, max=43081, avg=2770.52, stdev=1257.27
    clat (nsec): min=110, max=142568, avg=23118.61, stdev=3988.58
     lat (usec): min=6, max=143, avg=25.89, stdev= 4.01
    clat percentiles (nsec):
     |  1.00th=[15424],  5.00th=[19328], 10.00th=[20864], 20.00th=[21120],
     | 30.00th=[21376], 40.00th=[22400], 50.00th=[22656], 60.00th=[22912],
     | 70.00th=[23680], 80.00th=[24192], 90.00th=[25472], 95.00th=[27776],
     | 99.00th=[42752], 99.50th=[45824], 99.90th=[58624], 99.95th=[68096],
     | 99.99th=[82432]
   bw (  KiB/s): min=152809, max=153283, per=100.00%, avg=153068.14, stdev=168.67, samples=14
   iops        : min=305618, max=306566, avg=306136.21, stdev=337.61, samples=14
  lat (nsec)   : 250=0.01%
  lat (usec)   : 2=0.01%, 4=0.01%, 10=0.04%, 20=8.11%, 50=91.68%
  lat (usec)   : 100=0.16%, 250=0.01%
  cpu          : usr=19.93%, sys=78.20%, ctx=12004, majf=0, minf=0
  IO depths    : 1=0.0%, 2=0.0%, 4=0.0%, 8=100.0%, 16=0.0%, 32=0.0%, >=64=0.0%
     submit    : 0=0.0%, 4=100.0%, 8=0.0%, 16=0.0%, 32=0.0%, 64=0.0%, >=64=0.0%
     complete  : 0=0.0%, 4=100.0%, 8=0.1%, 16=0.0%, 32=0.0%, 64=0.0%, >=64=0.0%
     issued rwts: total=2142694,0,0,0 short=0,0,0,0 dropped=0,0,0,0
     latency   : target=0, window=0, percentile=100.00%, depth=8

Run status group 0 (all jobs):
   READ: bw=149MiB/s (157MB/s), 149MiB/s-149MiB/s (157MB/s-157MB/s), io=1046MiB (1097MB), run=7001-7001msec
