io_uring-bdev_uring: (g=0): rw=randread, bs=(R) 512B-512B, (W) 512B-512B, (T) 512B-512B, ioengine=spdk_bdev, iodepth=2
fio-3.32-dirty
Starting 1 thread
{
  "fio version" : "fio-3.32-dirty",
  "timestamp" : 1666751612,
  "timestamp_ms" : 1666751612671,
  "time" : "Wed Oct 26 04:33:32 2022",
  "jobs" : [
    {
      "jobname" : "io_uring-bdev_uring",
      "groupid" : 0,
      "error" : 0,
      "eta" : 0,
      "elapsed" : 11,
      "job options" : {
        "name" : "io_uring-bdev_uring",
        "rw" : "randread",
        "size" : "12G",
        "iodepth" : "2",
        "bs" : "512",
        "direct" : "1",
        "thread" : "1",
        "time_based" : "1",
        "runtime" : "7",
        "ramp_time" : "3",
        "norandommap" : "1",
        "allow_file_create" : "0",
        "ioengine" : "spdk_bdev",
        "spdk_conf" : "/tmp/spdk_bdev_uring_foo.conf",
        "filename" : "Nvme0n1",
        "cpus_allowed" : "1"
      },
      "read" : {
        "io_bytes" : 816369664,
        "io_kbytes" : 797236,
        "bw_bytes" : 116607579,
        "bw" : 113874,
        "iops" : 227749.035852,
        "runtime" : 7001,
        "total_ios" : 1594471,
        "short_ios" : 0,
        "drop_ios" : 0,
        "slat_ns" : {
          "min" : 110,
          "max" : 23354,
          "mean" : 150.289322,
          "stddev" : 61.636434,
          "N" : 1594471
        },
        "clat_ns" : {
          "min" : 5841,
          "max" : 119644,
          "mean" : 8172.569133,
          "stddev" : 1601.463886,
          "N" : 1594471,
          "percentile" : {
            "1.000000" : 7264,
            "5.000000" : 7648,
            "10.000000" : 7712,
            "20.000000" : 7776,
            "30.000000" : 7840,
            "40.000000" : 7904,
            "50.000000" : 7968,
            "60.000000" : 8032,
            "70.000000" : 8032,
            "80.000000" : 8096,
            "90.000000" : 8256,
            "95.000000" : 8384,
            "99.000000" : 16512,
            "99.500000" : 19840,
            "99.900000" : 20864,
            "99.950000" : 21120,
            "99.990000" : 61696
          }
        },
        "lat_ns" : {
          "min" : 6092,
          "max" : 119814,
          "mean" : 8322.858455,
          "stddev" : 1603.977324,
          "N" : 1594471
        },
        "bw_min" : 113642,
        "bw_max" : 114230,
        "bw_agg" : 100.000000,
        "bw_mean" : 113906.642857,
        "bw_dev" : 147.479650,
        "bw_samples" : 14,
        "iops_min" : 227284,
        "iops_max" : 228460,
        "iops_mean" : 227813.357143,
        "iops_stddev" : 295.000810,
        "iops_samples" : 14
      },
      "write" : {
        "io_bytes" : 0,
        "io_kbytes" : 0,
        "bw_bytes" : 0,
        "bw" : 0,
        "iops" : 0.000000,
        "runtime" : 0,
        "total_ios" : 0,
        "short_ios" : 0,
        "drop_ios" : 0,
        "slat_ns" : {
          "min" : 0,
          "max" : 0,
          "mean" : 0.000000,
          "stddev" : 0.000000,
          "N" : 0
        },
        "clat_ns" : {
          "min" : 0,
          "max" : 0,
          "mean" : 0.000000,
          "stddev" : 0.000000,
          "N" : 0
        },
        "lat_ns" : {
          "min" : 0,
          "max" : 0,
          "mean" : 0.000000,
          "stddev" : 0.000000,
          "N" : 0
        },
        "bw_min" : 0,
        "bw_max" : 0,
        "bw_agg" : 0.000000,
        "bw_mean" : 0.000000,
        "bw_dev" : 0.000000,
        "bw_samples" : 0,
        "iops_min" : 0,
        "iops_max" : 0,
        "iops_mean" : 0.000000,
        "iops_stddev" : 0.000000,
        "iops_samples" : 0
      },
      "trim" : {
        "io_bytes" : 0,
        "io_kbytes" : 0,
        "bw_bytes" : 0,
        "bw" : 0,
        "iops" : 0.000000,
        "runtime" : 0,
        "total_ios" : 0,
        "short_ios" : 0,
        "drop_ios" : 0,
        "slat_ns" : {
          "min" : 0,
          "max" : 0,
          "mean" : 0.000000,
          "stddev" : 0.000000,
          "N" : 0
        },
        "clat_ns" : {
          "min" : 0,
          "max" : 0,
          "mean" : 0.000000,
          "stddev" : 0.000000,
          "N" : 0
        },
        "lat_ns" : {
          "min" : 0,
          "max" : 0,
          "mean" : 0.000000,
          "stddev" : 0.000000,
          "N" : 0
        },
        "bw_min" : 0,
        "bw_max" : 0,
        "bw_agg" : 0.000000,
        "bw_mean" : 0.000000,
        "bw_dev" : 0.000000,
        "bw_samples" : 0,
        "iops_min" : 0,
        "iops_max" : 0,
        "iops_mean" : 0.000000,
        "iops_stddev" : 0.000000,
        "iops_samples" : 0
      },
      "sync" : {
        "total_ios" : 0,
        "lat_ns" : {
          "min" : 0,
          "max" : 0,
          "mean" : 0.000000,
          "stddev" : 0.000000,
          "N" : 0
        }
      },
      "job_runtime" : 7000,
      "usr_cpu" : 32.100000,
      "sys_cpu" : 67.871429,
      "ctx" : 27,
      "majf" : 0,
      "minf" : 0,
      "iodepth_level" : {
        "1" : 49.172171,
        "2" : 50.827829,
        "4" : 0.000000,
        "8" : 0.000000,
        "16" : 0.000000,
        "32" : 0.000000,
        ">=64" : 0.000000
      },
      "iodepth_submit" : {
        "0" : 0.000000,
        "4" : 100.000000,
        "8" : 0.000000,
        "16" : 0.000000,
        "32" : 0.000000,
        "64" : 0.000000,
        ">=64" : 0.000000
      },
      "iodepth_complete" : {
        "0" : 0.000000,
        "4" : 100.000000,
        "8" : 0.000000,
        "16" : 0.000000,
        "32" : 0.000000,
        "64" : 0.000000,
        ">=64" : 0.000000
      },
      "latency_ns" : {
        "2" : 0.000000,
        "4" : 0.000000,
        "10" : 0.000000,
        "20" : 0.000000,
        "50" : 0.000000,
        "100" : 0.000000,
        "250" : 0.000000,
        "500" : 0.000000,
        "750" : 0.000000,
        "1000" : 0.000000
      },
      "latency_us" : {
        "2" : 0.000000,
        "4" : 0.000000,
        "10" : 96.864540,
        "20" : 2.690359,
        "50" : 0.421707,
        "100" : 0.023142,
        "250" : 0.010000,
        "500" : 0.000000,
        "750" : 0.000000,
        "1000" : 0.000000
      },
      "latency_ms" : {
        "2" : 0.000000,
        "4" : 0.000000,
        "10" : 0.000000,
        "20" : 0.000000,
        "50" : 0.000000,
        "100" : 0.000000,
        "250" : 0.000000,
        "500" : 0.000000,
        "750" : 0.000000,
        "1000" : 0.000000,
        "2000" : 0.000000,
        ">=2000" : 0.000000
      },
      "latency_depth" : 2,
      "latency_target" : 0,
      "latency_percentile" : 100.000000,
      "latency_window" : 0
    }
  ]
}

io_uring-bdev_uring: (groupid=0, jobs=1): err= 0: pid=140736: Wed Oct 26 04:33:32 2022
  read: IOPS=228k, BW=111MiB/s (117MB/s)(779MiB/7001msec)
    slat (nsec): min=110, max=23354, avg=150.29, stdev=61.64
    clat (usec): min=5, max=119, avg= 8.17, stdev= 1.60
     lat (usec): min=6, max=119, avg= 8.32, stdev= 1.60
    clat percentiles (nsec):
     |  1.00th=[ 7264],  5.00th=[ 7648], 10.00th=[ 7712], 20.00th=[ 7776],
     | 30.00th=[ 7840], 40.00th=[ 7904], 50.00th=[ 7968], 60.00th=[ 8032],
     | 70.00th=[ 8032], 80.00th=[ 8096], 90.00th=[ 8256], 95.00th=[ 8384],
     | 99.00th=[16512], 99.50th=[19840], 99.90th=[20864], 99.95th=[21120],
     | 99.99th=[61696]
   bw (  KiB/s): min=113642, max=114230, per=100.00%, avg=113906.64, stdev=147.48, samples=14
   iops        : min=227284, max=228460, avg=227813.36, stdev=295.00, samples=14
  lat (usec)   : 10=96.86%, 20=2.69%, 50=0.42%, 100=0.02%, 250=0.01%
  cpu          : usr=32.10%, sys=67.87%, ctx=27, majf=0, minf=0
  IO depths    : 1=49.2%, 2=50.8%, 4=0.0%, 8=0.0%, 16=0.0%, 32=0.0%, >=64=0.0%
     submit    : 0=0.0%, 4=100.0%, 8=0.0%, 16=0.0%, 32=0.0%, 64=0.0%, >=64=0.0%
     complete  : 0=0.0%, 4=100.0%, 8=0.0%, 16=0.0%, 32=0.0%, 64=0.0%, >=64=0.0%
     issued rwts: total=1594471,0,0,0 short=0,0,0,0 dropped=0,0,0,0
     latency   : target=0, window=0, percentile=100.00%, depth=2

Run status group 0 (all jobs):
   READ: bw=111MiB/s (117MB/s), 111MiB/s-111MiB/s (117MB/s-117MB/s), io=779MiB (816MB), run=7001-7001msec
