io_uring_cmd-reference: (g=0): rw=randread, bs=(R) 512B-512B, (W) 512B-512B, (T) 512B-512B, ioengine=io_uring_cmd, iodepth=4
fio-3.32-dirty
Starting 1 thread
{
  "fio version" : "fio-3.32-dirty",
  "timestamp" : 1666751898,
  "timestamp_ms" : 1666751898959,
  "time" : "Wed Oct 26 04:38:18 2022",
  "jobs" : [
    {
      "jobname" : "io_uring_cmd-reference",
      "groupid" : 0,
      "error" : 0,
      "eta" : 0,
      "elapsed" : 11,
      "job options" : {
        "name" : "io_uring_cmd-reference",
        "rw" : "randread",
        "size" : "12G",
        "iodepth" : "4",
        "bs" : "512",
        "direct" : "0",
        "thread" : "1",
        "time_based" : "1",
        "runtime" : "7",
        "ramp_time" : "3",
        "norandommap" : "1",
        "allow_file_create" : "0",
        "ioengine" : "io_uring_cmd",
        "filename" : "/dev/ng0n1",
        "cpus_allowed" : "1"
      },
      "read" : {
        "io_bytes" : 1195248640,
        "io_kbytes" : 1167235,
        "bw_bytes" : 170725416,
        "bw" : 166724,
        "iops" : 333447.507499,
        "runtime" : 7001,
        "total_ios" : 2334466,
        "short_ios" : 0,
        "drop_ios" : 0,
        "slat_ns" : {
          "min" : 1142,
          "max" : 21070,
          "mean" : 2160.286033,
          "stddev" : 1053.646322,
          "N" : 2334467
        },
        "clat_ns" : {
          "min" : 70,
          "max" : 172754,
          "mean" : 9375.272461,
          "stddev" : 2567.897705,
          "N" : 2334469,
          "percentile" : {
            "1.000000" : 6048,
            "5.000000" : 7584,
            "10.000000" : 8640,
            "20.000000" : 8768,
            "30.000000" : 8768,
            "40.000000" : 8768,
            "50.000000" : 8896,
            "60.000000" : 8896,
            "70.000000" : 8896,
            "80.000000" : 10048,
            "90.000000" : 10304,
            "95.000000" : 11584,
            "99.000000" : 21888,
            "99.500000" : 23936,
            "99.900000" : 28288,
            "99.950000" : 33536,
            "99.990000" : 72192
          }
        },
        "lat_ns" : {
          "min" : 5440,
          "max" : 173937,
          "mean" : 11535.557651,
          "stddev" : 2590.223019,
          "N" : 2334469
        },
        "bw_min" : 166368,
        "bw_max" : 167296,
        "bw_agg" : 100.000000,
        "bw_mean" : 166781.142857,
        "bw_dev" : 248.585493,
        "bw_samples" : 14,
        "iops_min" : 332737,
        "iops_max" : 334592,
        "iops_mean" : 333562.357143,
        "iops_stddev" : 497.043197,
        "iops_samples" : 14
      },
      "write" : {
        "io_bytes" : 0,
        "io_kbytes" : 0,
        "bw_bytes" : 0,
        "bw" : 0,
        "iops" : 0.000000,
        "runtime" : 0,
        "total_ios" : 0,
        "short_ios" : 0,
        "drop_ios" : 0,
        "slat_ns" : {
          "min" : 0,
          "max" : 0,
          "mean" : 0.000000,
          "stddev" : 0.000000,
          "N" : 0
        },
        "clat_ns" : {
          "min" : 0,
          "max" : 0,
          "mean" : 0.000000,
          "stddev" : 0.000000,
          "N" : 0
        },
        "lat_ns" : {
          "min" : 0,
          "max" : 0,
          "mean" : 0.000000,
          "stddev" : 0.000000,
          "N" : 0
        },
        "bw_min" : 0,
        "bw_max" : 0,
        "bw_agg" : 0.000000,
        "bw_mean" : 0.000000,
        "bw_dev" : 0.000000,
        "bw_samples" : 0,
        "iops_min" : 0,
        "iops_max" : 0,
        "iops_mean" : 0.000000,
        "iops_stddev" : 0.000000,
        "iops_samples" : 0
      },
      "trim" : {
        "io_bytes" : 0,
        "io_kbytes" : 0,
        "bw_bytes" : 0,
        "bw" : 0,
        "iops" : 0.000000,
        "runtime" : 0,
        "total_ios" : 0,
        "short_ios" : 0,
        "drop_ios" : 0,
        "slat_ns" : {
          "min" : 0,
          "max" : 0,
          "mean" : 0.000000,
          "stddev" : 0.000000,
          "N" : 0
        },
        "clat_ns" : {
          "min" : 0,
          "max" : 0,
          "mean" : 0.000000,
          "stddev" : 0.000000,
          "N" : 0
        },
        "lat_ns" : {
          "min" : 0,
          "max" : 0,
          "mean" : 0.000000,
          "stddev" : 0.000000,
          "N" : 0
        },
        "bw_min" : 0,
        "bw_max" : 0,
        "bw_agg" : 0.000000,
        "bw_mean" : 0.000000,
        "bw_dev" : 0.000000,
        "bw_samples" : 0,
        "iops_min" : 0,
        "iops_max" : 0,
        "iops_mean" : 0.000000,
        "iops_stddev" : 0.000000,
        "iops_samples" : 0
      },
      "sync" : {
        "total_ios" : 0,
        "lat_ns" : {
          "min" : 0,
          "max" : 0,
          "mean" : 0.000000,
          "stddev" : 0.000000,
          "N" : 0
        }
      },
      "job_runtime" : 7000,
      "usr_cpu" : 15.000000,
      "sys_cpu" : 82.514286,
      "ctx" : 13822,
      "majf" : 0,
      "minf" : 0,
      "iodepth_level" : {
        "1" : 0.000000,
        "2" : 0.000000,
        "4" : 100.000000,
        "8" : 0.000000,
        "16" : 0.000000,
        "32" : 0.000000,
        ">=64" : 0.000000
      },
      "iodepth_submit" : {
        "0" : 0.000000,
        "4" : 100.000000,
        "8" : 0.000000,
        "16" : 0.000000,
        "32" : 0.000000,
        "64" : 0.000000,
        ">=64" : 0.000000
      },
      "iodepth_complete" : {
        "0" : 0.000000,
        "4" : 100.000000,
        "8" : 0.000000,
        "16" : 0.000000,
        "32" : 0.000000,
        "64" : 0.000000,
        ">=64" : 0.000000
      },
      "latency_ns" : {
        "2" : 0.000000,
        "4" : 0.000000,
        "10" : 0.000000,
        "20" : 0.000000,
        "50" : 0.000000,
        "100" : 0.012894,
        "250" : 0.010000,
        "500" : 0.000000,
        "750" : 0.000000,
        "1000" : 0.000000
      },
      "latency_us" : {
        "2" : 0.010000,
        "4" : 0.289659,
        "10" : 79.779187,
        "20" : 18.447945,
        "50" : 1.422681,
        "100" : 0.036282,
        "250" : 0.010000,
        "500" : 0.000000,
        "750" : 0.000000,
        "1000" : 0.000000
      },
      "latency_ms" : {
        "2" : 0.000000,
        "4" : 0.000000,
        "10" : 0.000000,
        "20" : 0.000000,
        "50" : 0.000000,
        "100" : 0.000000,
        "250" : 0.000000,
        "500" : 0.000000,
        "750" : 0.000000,
        "1000" : 0.000000,
        "2000" : 0.000000,
        ">=2000" : 0.000000
      },
      "latency_depth" : 4,
      "latency_target" : 0,
      "latency_percentile" : 100.000000,
      "latency_window" : 0
    }
  ]
}

io_uring_cmd-reference: (groupid=0, jobs=1): err= 0: pid=141615: Wed Oct 26 04:38:18 2022
  read: IOPS=333k, BW=163MiB/s (171MB/s)(1140MiB/7001msec)
    slat (nsec): min=1142, max=21070, avg=2160.29, stdev=1053.65
    clat (nsec): min=70, max=172754, avg=9375.27, stdev=2567.90
     lat (usec): min=5, max=173, avg=11.54, stdev= 2.59
    clat percentiles (nsec):
     |  1.00th=[ 6048],  5.00th=[ 7584], 10.00th=[ 8640], 20.00th=[ 8768],
     | 30.00th=[ 8768], 40.00th=[ 8768], 50.00th=[ 8896], 60.00th=[ 8896],
     | 70.00th=[ 8896], 80.00th=[10048], 90.00th=[10304], 95.00th=[11584],
     | 99.00th=[21888], 99.50th=[23936], 99.90th=[28288], 99.95th=[33536],
     | 99.99th=[72192]
   bw (  KiB/s): min=166368, max=167296, per=100.00%, avg=166781.14, stdev=248.59, samples=14
   iops        : min=332737, max=334592, avg=333562.36, stdev=497.04, samples=14
  lat (nsec)   : 100=0.01%, 250=0.01%
  lat (usec)   : 2=0.01%, 4=0.29%, 10=79.78%, 20=18.45%, 50=1.42%
  lat (usec)   : 100=0.04%, 250=0.01%
  cpu          : usr=15.00%, sys=82.51%, ctx=13822, majf=0, minf=0
  IO depths    : 1=0.0%, 2=0.0%, 4=100.0%, 8=0.0%, 16=0.0%, 32=0.0%, >=64=0.0%
     submit    : 0=0.0%, 4=100.0%, 8=0.0%, 16=0.0%, 32=0.0%, 64=0.0%, >=64=0.0%
     complete  : 0=0.0%, 4=100.0%, 8=0.0%, 16=0.0%, 32=0.0%, 64=0.0%, >=64=0.0%
     issued rwts: total=2334466,0,0,0 short=0,0,0,0 dropped=0,0,0,0
     latency   : target=0, window=0, percentile=100.00%, depth=4

Run status group 0 (all jobs):
   READ: bw=163MiB/s (171MB/s), 163MiB/s-163MiB/s (171MB/s-171MB/s), io=1140MiB (1195MB), run=7001-7001msec
