io_uring_cmd-reference: (g=0): rw=randread, bs=(R) 512B-512B, (W) 512B-512B, (T) 512B-512B, ioengine=io_uring_cmd, iodepth=8
fio-3.32-dirty
Starting 1 thread
{
  "fio version" : "fio-3.32-dirty",
  "timestamp" : 1666752385,
  "timestamp_ms" : 1666752385359,
  "time" : "Wed Oct 26 04:46:25 2022",
  "jobs" : [
    {
      "jobname" : "io_uring_cmd-reference",
      "groupid" : 0,
      "error" : 0,
      "eta" : 0,
      "elapsed" : 11,
      "job options" : {
        "name" : "io_uring_cmd-reference",
        "rw" : "randread",
        "size" : "12G",
        "iodepth" : "8",
        "bs" : "512",
        "direct" : "0",
        "thread" : "1",
        "time_based" : "1",
        "runtime" : "7",
        "ramp_time" : "3",
        "norandommap" : "1",
        "allow_file_create" : "0",
        "ioengine" : "io_uring_cmd",
        "filename" : "/dev/ng0n1",
        "cpus_allowed" : "1"
      },
      "read" : {
        "io_bytes" : 1210347520,
        "io_kbytes" : 1181980,
        "bw_bytes" : 172882091,
        "bw" : 168830,
        "iops" : 337659.334381,
        "runtime" : 7001,
        "total_ios" : 2363953,
        "short_ios" : 0,
        "drop_ios" : 0,
        "slat_ns" : {
          "min" : 1122,
          "max" : 22653,
          "mean" : 2034.197053,
          "stddev" : 1011.133446,
          "N" : 2363953
        },
        "clat_ns" : {
          "min" : 90,
          "max" : 142347,
          "mean" : 21168.681512,
          "stddev" : 3823.819840,
          "N" : 2363960,
          "percentile" : {
            "1.000000" : 14400,
            "5.000000" : 18560,
            "10.000000" : 18816,
            "20.000000" : 19072,
            "30.000000" : 20352,
            "40.000000" : 20352,
            "50.000000" : 20608,
            "60.000000" : 21120,
            "70.000000" : 21632,
            "80.000000" : 21888,
            "90.000000" : 22912,
            "95.000000" : 24704,
            "99.000000" : 41216,
            "99.500000" : 43776,
            "99.900000" : 55040,
            "99.950000" : 66048,
            "99.990000" : 80384
          }
        },
        "lat_ns" : {
          "min" : 5551,
          "max" : 143539,
          "mean" : 23202.878542,
          "stddev" : 3787.397119,
          "N" : 2363960
        },
        "bw_min" : 168266,
        "bw_max" : 169275,
        "bw_agg" : 100.000000,
        "bw_mean" : 168882.153846,
        "bw_dev" : 336.167579,
        "bw_samples" : 13,
        "iops_min" : 336532,
        "iops_max" : 338550,
        "iops_mean" : 337764.307692,
        "iops_stddev" : 672.444221,
        "iops_samples" : 13
      },
      "write" : {
        "io_bytes" : 0,
        "io_kbytes" : 0,
        "bw_bytes" : 0,
        "bw" : 0,
        "iops" : 0.000000,
        "runtime" : 0,
        "total_ios" : 0,
        "short_ios" : 0,
        "drop_ios" : 0,
        "slat_ns" : {
          "min" : 0,
          "max" : 0,
          "mean" : 0.000000,
          "stddev" : 0.000000,
          "N" : 0
        },
        "clat_ns" : {
          "min" : 0,
          "max" : 0,
          "mean" : 0.000000,
          "stddev" : 0.000000,
          "N" : 0
        },
        "lat_ns" : {
          "min" : 0,
          "max" : 0,
          "mean" : 0.000000,
          "stddev" : 0.000000,
          "N" : 0
        },
        "bw_min" : 0,
        "bw_max" : 0,
        "bw_agg" : 0.000000,
        "bw_mean" : 0.000000,
        "bw_dev" : 0.000000,
        "bw_samples" : 0,
        "iops_min" : 0,
        "iops_max" : 0,
        "iops_mean" : 0.000000,
        "iops_stddev" : 0.000000,
        "iops_samples" : 0
      },
      "trim" : {
        "io_bytes" : 0,
        "io_kbytes" : 0,
        "bw_bytes" : 0,
        "bw" : 0,
        "iops" : 0.000000,
        "runtime" : 0,
        "total_ios" : 0,
        "short_ios" : 0,
        "drop_ios" : 0,
        "slat_ns" : {
          "min" : 0,
          "max" : 0,
          "mean" : 0.000000,
          "stddev" : 0.000000,
          "N" : 0
        },
        "clat_ns" : {
          "min" : 0,
          "max" : 0,
          "mean" : 0.000000,
          "stddev" : 0.000000,
          "N" : 0
        },
        "lat_ns" : {
          "min" : 0,
          "max" : 0,
          "mean" : 0.000000,
          "stddev" : 0.000000,
          "N" : 0
        },
        "bw_min" : 0,
        "bw_max" : 0,
        "bw_agg" : 0.000000,
        "bw_mean" : 0.000000,
        "bw_dev" : 0.000000,
        "bw_samples" : 0,
        "iops_min" : 0,
        "iops_max" : 0,
        "iops_mean" : 0.000000,
        "iops_stddev" : 0.000000,
        "iops_samples" : 0
      },
      "sync" : {
        "total_ios" : 0,
        "lat_ns" : {
          "min" : 0,
          "max" : 0,
          "mean" : 0.000000,
          "stddev" : 0.000000,
          "N" : 0
        }
      },
      "job_runtime" : 7000,
      "usr_cpu" : 13.700000,
      "sys_cpu" : 83.814286,
      "ctx" : 12774,
      "majf" : 0,
      "minf" : 0,
      "iodepth_level" : {
        "1" : 0.000000,
        "2" : 0.000000,
        "4" : 0.000000,
        "8" : 100.000000,
        "16" : 0.000000,
        "32" : 0.000000,
        ">=64" : 0.000000
      },
      "iodepth_submit" : {
        "0" : 0.000000,
        "4" : 100.000000,
        "8" : 0.000000,
        "16" : 0.000000,
        "32" : 0.000000,
        "64" : 0.000000,
        ">=64" : 0.000000
      },
      "iodepth_complete" : {
        "0" : 0.000000,
        "4" : 99.999958,
        "8" : 0.100000,
        "16" : 0.000000,
        "32" : 0.000000,
        "64" : 0.000000,
        ">=64" : 0.000000
      },
      "latency_ns" : {
        "2" : 0.000000,
        "4" : 0.000000,
        "10" : 0.000000,
        "20" : 0.000000,
        "50" : 0.000000,
        "100" : 0.010000,
        "250" : 0.000000,
        "500" : 0.000000,
        "750" : 0.000000,
        "1000" : 0.000000
      },
      "latency_us" : {
        "2" : 0.010000,
        "4" : 0.000000,
        "10" : 0.013790,
        "20" : 23.539004,
        "50" : 76.321145,
        "100" : 0.124791,
        "250" : 0.010000,
        "500" : 0.000000,
        "750" : 0.000000,
        "1000" : 0.000000
      },
      "latency_ms" : {
        "2" : 0.000000,
        "4" : 0.000000,
        "10" : 0.000000,
        "20" : 0.000000,
        "50" : 0.000000,
        "100" : 0.000000,
        "250" : 0.000000,
        "500" : 0.000000,
        "750" : 0.000000,
        "1000" : 0.000000,
        "2000" : 0.000000,
        ">=2000" : 0.000000
      },
      "latency_depth" : 8,
      "latency_target" : 0,
      "latency_percentile" : 100.000000,
      "latency_window" : 0
    }
  ]
}

io_uring_cmd-reference: (groupid=0, jobs=1): err= 0: pid=143096: Wed Oct 26 04:46:25 2022
  read: IOPS=338k, BW=165MiB/s (173MB/s)(1154MiB/7001msec)
    slat (nsec): min=1122, max=22653, avg=2034.20, stdev=1011.13
    clat (nsec): min=90, max=142347, avg=21168.68, stdev=3823.82
     lat (usec): min=5, max=143, avg=23.20, stdev= 3.79
    clat percentiles (nsec):
     |  1.00th=[14400],  5.00th=[18560], 10.00th=[18816], 20.00th=[19072],
     | 30.00th=[20352], 40.00th=[20352], 50.00th=[20608], 60.00th=[21120],
     | 70.00th=[21632], 80.00th=[21888], 90.00th=[22912], 95.00th=[24704],
     | 99.00th=[41216], 99.50th=[43776], 99.90th=[55040], 99.95th=[66048],
     | 99.99th=[80384]
   bw (  KiB/s): min=168266, max=169275, per=100.00%, avg=168882.15, stdev=336.17, samples=13
   iops        : min=336532, max=338550, avg=337764.31, stdev=672.44, samples=13
  lat (nsec)   : 100=0.01%
  lat (usec)   : 2=0.01%, 10=0.01%, 20=23.54%, 50=76.32%, 100=0.12%
  lat (usec)   : 250=0.01%
  cpu          : usr=13.70%, sys=83.81%, ctx=12774, majf=0, minf=0
  IO depths    : 1=0.0%, 2=0.0%, 4=0.0%, 8=100.0%, 16=0.0%, 32=0.0%, >=64=0.0%
     submit    : 0=0.0%, 4=100.0%, 8=0.0%, 16=0.0%, 32=0.0%, 64=0.0%, >=64=0.0%
     complete  : 0=0.0%, 4=100.0%, 8=0.1%, 16=0.0%, 32=0.0%, 64=0.0%, >=64=0.0%
     issued rwts: total=2363953,0,0,0 short=0,0,0,0 dropped=0,0,0,0
     latency   : target=0, window=0, percentile=100.00%, depth=8

Run status group 0 (all jobs):
   READ: bw=165MiB/s (173MB/s), 165MiB/s-165MiB/s (173MB/s-173MB/s), io=1154MiB (1210MB), run=7001-7001msec
