  UID USER             PROC PWD-LOCK PWD-DENY  LAST-LOGIN GECOS
    0 root              248        0        0       12:30 root
    1 daemon              0        0        1             daemon
    2 bin                 0        0        1             bin
    3 sys                 0        0        1             sys
    4 sync                0        0        1             sync
    5 games               0        0        1             games
    6 man                 0        0        1             man
    7 lp                  0        0        1             lp
    8 mail                0        0        1             mail
    9 news                0        0        1             news
   10 uucp                0        0        1             uucp
   13 proxy               0        0        1             proxy
   33 www-data            0        0        1             www-data
   34 backup              0        0        1             backup
   38 list                0        0        1             Mailing List Manager
   39 irc                 0        0        1             ircd
   41 gnats               0        0        1             Gnats Bug-Reporting System (admin)
  100 _apt                0        0        1             
  101 systemd-network     0        0        1             systemd Network Management,,,
  102 systemd-resolve     0        0        1             systemd Resolver,,,
  103 messagebus          1        0        1             
  104 systemd-timesync    1        0        1             systemd Time Synchronization,,,
  105 sshd                0        0        1             
  106 uuidd               0        0        1             
  999 systemd-coredump    0        0        1             systemd Core Dumper
 1000 odus                0        0        0 Oct26/13:37 Odus | sudO,,,
65534 nobody              0        0        1             nobody
