submitter=0, tid=11281, file=/dev/nvme0n1, node=-1
submitter=1, tid=11282, file=/dev/nvme1n1, node=-1
submitter=2, tid=11283, file=/dev/nvme2n1, node=-1
submitter=3, tid=11284, file=/dev/nvme3n1, node=-1
submitter=4, tid=11285, file=/dev/nvme4n1, node=-1
polled=1, fixedbufs=1/0, register_files=1, buffered=0, QD=128
Engine=io_uring, sq_ring=128, cq_ring=128
submitter=6, tid=11287, file=/dev/nvme6n1, node=-1
submitter=5, tid=11286, file=/dev/nvme5n1, node=-1
IOPS=1.96M, BW=958MiB/s, IOS/call=31/31
IOPS=2.02M, BW=986MiB/s, IOS/call=31/31
IOPS=2.02M, BW=988MiB/s, IOS/call=31/31
IOPS=2.02M, BW=985MiB/s, IOS/call=31/31
IOPS=2.02M, BW=988MiB/s, IOS/call=31/31
IOPS=2.02M, BW=985MiB/s, IOS/call=31/31
IOPS=2.02M, BW=986MiB/s, IOS/call=31/31
IOPS=2.02M, BW=987MiB/s, IOS/call=31/31
IOPS=2.02M, BW=985MiB/s, IOS/call=31/31
Exiting on timeout
Maximum IOPS=2.02M
