submitter=0, tid=26316, file=/dev/nvme0n1, node=-1
submitter=1, tid=26317, file=/dev/nvme1n1, node=-1
submitter=2, tid=26318, file=/dev/nvme2n1, node=-1
submitter=3, tid=26319, file=/dev/nvme3n1, node=-1
submitter=4, tid=26320, file=/dev/nvme4n1, node=-1
submitter=5, tid=26321, file=/dev/nvme5n1, node=-1
submitter=6, tid=26322, file=/dev/nvme6n1, node=-1
submitter=7, tid=26323, file=/dev/nvme7n1, node=-1
polled=1, fixedbufs=1/0, register_files=1, buffered=0, QD=128
Engine=io_uring, sq_ring=128, cq_ring=128
IOPS=1.97M, BW=961MiB/s, IOS/call=31/31
IOPS=2.02M, BW=986MiB/s, IOS/call=31/31
IOPS=2.02M, BW=986MiB/s, IOS/call=31/31
IOPS=2.02M, BW=985MiB/s, IOS/call=31/31
IOPS=2.02M, BW=986MiB/s, IOS/call=31/31
IOPS=2.02M, BW=985MiB/s, IOS/call=31/31
IOPS=2.02M, BW=984MiB/s, IOS/call=31/31
IOPS=2.02M, BW=986MiB/s, IOS/call=31/31
IOPS=2.02M, BW=986MiB/s, IOS/call=31/31
Exiting on timeout
Maximum IOPS=2.02M
