io_uring-bdev_xnvme: (g=0): rw=randread, bs=(R) 512B-512B, (W) 512B-512B, (T) 512B-512B, ioengine=spdk_bdev, iodepth=128
fio-3.32-75-gc470
Starting 1 thread
{
  "fio version" : "fio-3.32-75-gc470",
  "timestamp" : 1667183946,
  "timestamp_ms" : 1667183946457,
  "time" : "Sun Oct 30 21:39:06 2022",
  "jobs" : [
    {
      "jobname" : "io_uring-bdev_xnvme",
      "groupid" : 0,
      "error" : 0,
      "eta" : 0,
      "elapsed" : 11,
      "job options" : {
        "name" : "io_uring-bdev_xnvme",
        "rw" : "randread",
        "size" : "12G",
        "iodepth" : "128",
        "bs" : "512",
        "direct" : "1",
        "thread" : "1",
        "time_based" : "1",
        "runtime" : "7",
        "ramp_time" : "3",
        "norandommap" : "1",
        "allow_file_create" : "0",
        "ioengine" : "spdk_bdev",
        "spdk_conf" : "/tmp/spdk_bdev_xnvme_io_uring.conf",
        "filename" : "Nvme0n1",
        "cpus_allowed" : "1"
      },
      "read" : {
        "io_bytes" : 2142384640,
        "io_kbytes" : 2092172,
        "bw_bytes" : 306011232,
        "bw" : 298839,
        "iops" : 597660.048564,
        "runtime" : 7001,
        "total_ios" : 4184218,
        "short_ios" : 0,
        "drop_ios" : 0,
        "slat_ns" : {
          "min" : 695,
          "max" : 14439,
          "mean" : 1267.468612,
          "stddev" : 440.842043,
          "N" : 4184218
        },
        "clat_ns" : {
          "min" : 11756,
          "max" : 239011,
          "mean" : 212627.015931,
          "stddev" : 1517.518845,
          "N" : 4184345,
          "percentile" : {
            "1.000000" : 207872,
            "5.000000" : 209920,
            "10.000000" : 211968,
            "20.000000" : 211968,
            "30.000000" : 211968,
            "40.000000" : 211968,
            "50.000000" : 211968,
            "60.000000" : 211968,
            "70.000000" : 214016,
            "80.000000" : 214016,
            "90.000000" : 214016,
            "95.000000" : 214016,
            "99.000000" : 216064,
            "99.500000" : 216064,
            "99.900000" : 218112,
            "99.950000" : 218112,
            "99.990000" : 224256
          }
        },
        "lat_ns" : {
          "min" : 13599,
          "max" : 240501,
          "mean" : 213894.484661,
          "stddev" : 1543.641312,
          "N" : 4184345
        },
        "bw_min" : 298871,
        "bw_max" : 299106,
        "bw_agg" : 100.000000,
        "bw_mean" : 298976.071429,
        "bw_dev" : 75.632171,
        "bw_samples" : 14,
        "iops_min" : 597742,
        "iops_max" : 598212,
        "iops_mean" : 597952.285714,
        "iops_stddev" : 151.144571,
        "iops_samples" : 14
      },
      "write" : {
        "io_bytes" : 0,
        "io_kbytes" : 0,
        "bw_bytes" : 0,
        "bw" : 0,
        "iops" : 0.000000,
        "runtime" : 0,
        "total_ios" : 0,
        "short_ios" : 0,
        "drop_ios" : 0,
        "slat_ns" : {
          "min" : 0,
          "max" : 0,
          "mean" : 0.000000,
          "stddev" : 0.000000,
          "N" : 0
        },
        "clat_ns" : {
          "min" : 0,
          "max" : 0,
          "mean" : 0.000000,
          "stddev" : 0.000000,
          "N" : 0
        },
        "lat_ns" : {
          "min" : 0,
          "max" : 0,
          "mean" : 0.000000,
          "stddev" : 0.000000,
          "N" : 0
        },
        "bw_min" : 0,
        "bw_max" : 0,
        "bw_agg" : 0.000000,
        "bw_mean" : 0.000000,
        "bw_dev" : 0.000000,
        "bw_samples" : 0,
        "iops_min" : 0,
        "iops_max" : 0,
        "iops_mean" : 0.000000,
        "iops_stddev" : 0.000000,
        "iops_samples" : 0
      },
      "trim" : {
        "io_bytes" : 0,
        "io_kbytes" : 0,
        "bw_bytes" : 0,
        "bw" : 0,
        "iops" : 0.000000,
        "runtime" : 0,
        "total_ios" : 0,
        "short_ios" : 0,
        "drop_ios" : 0,
        "slat_ns" : {
          "min" : 0,
          "max" : 0,
          "mean" : 0.000000,
          "stddev" : 0.000000,
          "N" : 0
        },
        "clat_ns" : {
          "min" : 0,
          "max" : 0,
          "mean" : 0.000000,
          "stddev" : 0.000000,
          "N" : 0
        },
        "lat_ns" : {
          "min" : 0,
          "max" : 0,
          "mean" : 0.000000,
          "stddev" : 0.000000,
          "N" : 0
        },
        "bw_min" : 0,
        "bw_max" : 0,
        "bw_agg" : 0.000000,
        "bw_mean" : 0.000000,
        "bw_dev" : 0.000000,
        "bw_samples" : 0,
        "iops_min" : 0,
        "iops_max" : 0,
        "iops_mean" : 0.000000,
        "iops_stddev" : 0.000000,
        "iops_samples" : 0
      },
      "sync" : {
        "total_ios" : 0,
        "lat_ns" : {
          "min" : 0,
          "max" : 0,
          "mean" : 0.000000,
          "stddev" : 0.000000,
          "N" : 0
        }
      },
      "job_runtime" : 7000,
      "usr_cpu" : 39.871429,
      "sys_cpu" : 60.100000,
      "ctx" : 15,
      "majf" : 0,
      "minf" : 0,
      "iodepth_level" : {
        "1" : 0.000000,
        "2" : 0.000000,
        "4" : 0.000000,
        "8" : 0.000000,
        "16" : 0.000000,
        "32" : 0.000000,
        ">=64" : 100.000000
      },
      "iodepth_submit" : {
        "0" : 0.000000,
        "4" : 100.000000,
        "8" : 0.000000,
        "16" : 0.000000,
        "32" : 0.000000,
        "64" : 0.000000,
        ">=64" : 0.000000
      },
      "iodepth_complete" : {
        "0" : 0.000000,
        "4" : 99.999988,
        "8" : 0.000000,
        "16" : 0.000000,
        "32" : 0.000000,
        "64" : 0.000000,
        ">=64" : 0.100000
      },
      "latency_ns" : {
        "2" : 0.000000,
        "4" : 0.000000,
        "10" : 0.000000,
        "20" : 0.000000,
        "50" : 0.000000,
        "100" : 0.000000,
        "250" : 0.000000,
        "500" : 0.000000,
        "750" : 0.000000,
        "1000" : 0.000000
      },
      "latency_us" : {
        "2" : 0.000000,
        "4" : 0.000000,
        "10" : 0.000000,
        "20" : 0.010000,
        "50" : 0.010000,
        "100" : 0.010000,
        "250" : 100.001769,
        "500" : 0.000000,
        "750" : 0.000000,
        "1000" : 0.000000
      },
      "latency_ms" : {
        "2" : 0.000000,
        "4" : 0.000000,
        "10" : 0.000000,
        "20" : 0.000000,
        "50" : 0.000000,
        "100" : 0.000000,
        "250" : 0.000000,
        "500" : 0.000000,
        "750" : 0.000000,
        "1000" : 0.000000,
        "2000" : 0.000000,
        ">=2000" : 0.000000
      },
      "latency_depth" : 128,
      "latency_target" : 0,
      "latency_percentile" : 100.000000,
      "latency_window" : 0
    }
  ]
}

io_uring-bdev_xnvme: (groupid=0, jobs=1): err= 0: pid=57773: Sun Oct 30 21:39:06 2022
  read: IOPS=598k, BW=292MiB/s (306MB/s)(2043MiB/7001msec)
    slat (nsec): min=695, max=14439, avg=1267.47, stdev=440.84
    clat (usec): min=11, max=239, avg=212.63, stdev= 1.52
     lat (usec): min=13, max=240, avg=213.89, stdev= 1.54
    clat percentiles (usec):
     |  1.00th=[  208],  5.00th=[  210], 10.00th=[  212], 20.00th=[  212],
     | 30.00th=[  212], 40.00th=[  212], 50.00th=[  212], 60.00th=[  212],
     | 70.00th=[  215], 80.00th=[  215], 90.00th=[  215], 95.00th=[  215],
     | 99.00th=[  217], 99.50th=[  217], 99.90th=[  219], 99.95th=[  219],
     | 99.99th=[  225]
   bw (  KiB/s): min=298871, max=299106, per=100.00%, avg=298976.07, stdev=75.63, samples=14
   iops        : min=597742, max=598212, avg=597952.29, stdev=151.14, samples=14
  lat (usec)   : 20=0.01%, 50=0.01%, 100=0.01%, 250=100.00%
  cpu          : usr=39.87%, sys=60.10%, ctx=15, majf=0, minf=0
  IO depths    : 1=0.0%, 2=0.0%, 4=0.0%, 8=0.0%, 16=0.0%, 32=0.0%, >=64=100.0%
     submit    : 0=0.0%, 4=100.0%, 8=0.0%, 16=0.0%, 32=0.0%, 64=0.0%, >=64=0.0%
     complete  : 0=0.0%, 4=100.0%, 8=0.0%, 16=0.0%, 32=0.0%, 64=0.0%, >=64=0.1%
     issued rwts: total=4184218,0,0,0 short=0,0,0,0 dropped=0,0,0,0
     latency   : target=0, window=0, percentile=100.00%, depth=128

Run status group 0 (all jobs):
   READ: bw=292MiB/s (306MB/s), 292MiB/s-292MiB/s (306MB/s-306MB/s), io=2043MiB (2142MB), run=7001-7001msec
