ioctl-xnvme: (g=0): rw=randread, bs=(R) 512B-512B, (W) 512B-512B, (T) 512B-512B, ioengine=xnvme, iodepth=128
fio-3.32-75-gc470
Starting 1 thread
{
  "fio version" : "fio-3.32-75-gc470",
  "timestamp" : 1667184030,
  "timestamp_ms" : 1667184030665,
  "time" : "Sun Oct 30 21:40:30 2022",
  "jobs" : [
    {
      "jobname" : "ioctl-xnvme",
      "groupid" : 0,
      "error" : 0,
      "eta" : 0,
      "elapsed" : 11,
      "job options" : {
        "name" : "ioctl-xnvme",
        "rw" : "randread",
        "size" : "12G",
        "iodepth" : "128",
        "bs" : "512",
        "direct" : "0",
        "thread" : "1",
        "time_based" : "1",
        "runtime" : "7",
        "ramp_time" : "3",
        "norandommap" : "1",
        "allow_file_create" : "0",
        "ioengine" : "external:/usr/local/lib/x86_64-linux-gnu/libxnvme-fio-engine.so",
        "xnvme_be" : "linux",
        "xnvme_async" : "thrpool",
        "xnvme_sync" : "nvme",
        "xnvme_admin" : "nvme",
        "xnvme_dev_nsid" : "1",
        "filename" : "/dev/ng0n1",
        "cpus_allowed" : "1"
      },
      "read" : {
        "io_bytes" : 824755200,
        "io_kbytes" : 805425,
        "bw_bytes" : 117805342,
        "bw" : 115044,
        "iops" : 230070.275675,
        "runtime" : 7001,
        "total_ios" : 1610722,
        "short_ios" : 0,
        "drop_ios" : 0,
        "slat_ns" : {
          "min" : 67,
          "max" : 147201,
          "mean" : 3946.252696,
          "stddev" : 624.593217,
          "N" : 1610723
        },
        "clat_ns" : {
          "min" : 10524,
          "max" : 802286,
          "mean" : 552077.835824,
          "stddev" : 4836.619796,
          "N" : 1610849,
          "percentile" : {
            "1.000000" : 544768,
            "5.000000" : 544768,
            "10.000000" : 552960,
            "20.000000" : 552960,
            "30.000000" : 552960,
            "40.000000" : 552960,
            "50.000000" : 552960,
            "60.000000" : 552960,
            "70.000000" : 552960,
            "80.000000" : 552960,
            "90.000000" : 552960,
            "95.000000" : 552960,
            "99.000000" : 561152,
            "99.500000" : 561152,
            "99.900000" : 569344,
            "99.950000" : 602112,
            "99.990000" : 684032
          }
        },
        "lat_ns" : {
          "min" : 14574,
          "max" : 805656,
          "mean" : 556024.082035,
          "stddev" : 4827.785630,
          "N" : 1610849
        },
        "bw_min" : 114939,
        "bw_max" : 115422,
        "bw_agg" : 100.000000,
        "bw_mean" : 115090.857143,
        "bw_dev" : 152.520292,
        "bw_samples" : 14,
        "iops_min" : 229878,
        "iops_max" : 230845,
        "iops_mean" : 230182.000000,
        "iops_stddev" : 305.041485,
        "iops_samples" : 14
      },
      "write" : {
        "io_bytes" : 0,
        "io_kbytes" : 0,
        "bw_bytes" : 0,
        "bw" : 0,
        "iops" : 0.000000,
        "runtime" : 0,
        "total_ios" : 0,
        "short_ios" : 0,
        "drop_ios" : 0,
        "slat_ns" : {
          "min" : 0,
          "max" : 0,
          "mean" : 0.000000,
          "stddev" : 0.000000,
          "N" : 0
        },
        "clat_ns" : {
          "min" : 0,
          "max" : 0,
          "mean" : 0.000000,
          "stddev" : 0.000000,
          "N" : 0
        },
        "lat_ns" : {
          "min" : 0,
          "max" : 0,
          "mean" : 0.000000,
          "stddev" : 0.000000,
          "N" : 0
        },
        "bw_min" : 0,
        "bw_max" : 0,
        "bw_agg" : 0.000000,
        "bw_mean" : 0.000000,
        "bw_dev" : 0.000000,
        "bw_samples" : 0,
        "iops_min" : 0,
        "iops_max" : 0,
        "iops_mean" : 0.000000,
        "iops_stddev" : 0.000000,
        "iops_samples" : 0
      },
      "trim" : {
        "io_bytes" : 0,
        "io_kbytes" : 0,
        "bw_bytes" : 0,
        "bw" : 0,
        "iops" : 0.000000,
        "runtime" : 0,
        "total_ios" : 0,
        "short_ios" : 0,
        "drop_ios" : 0,
        "slat_ns" : {
          "min" : 0,
          "max" : 0,
          "mean" : 0.000000,
          "stddev" : 0.000000,
          "N" : 0
        },
        "clat_ns" : {
          "min" : 0,
          "max" : 0,
          "mean" : 0.000000,
          "stddev" : 0.000000,
          "N" : 0
        },
        "lat_ns" : {
          "min" : 0,
          "max" : 0,
          "mean" : 0.000000,
          "stddev" : 0.000000,
          "N" : 0
        },
        "bw_min" : 0,
        "bw_max" : 0,
        "bw_agg" : 0.000000,
        "bw_mean" : 0.000000,
        "bw_dev" : 0.000000,
        "bw_samples" : 0,
        "iops_min" : 0,
        "iops_max" : 0,
        "iops_mean" : 0.000000,
        "iops_stddev" : 0.000000,
        "iops_samples" : 0
      },
      "sync" : {
        "total_ios" : 0,
        "lat_ns" : {
          "min" : 0,
          "max" : 0,
          "mean" : 0.000000,
          "stddev" : 0.000000,
          "N" : 0
        }
      },
      "job_runtime" : 7000,
      "usr_cpu" : 8.100000,
      "sys_cpu" : 24.957143,
      "ctx" : 2294564,
      "majf" : 0,
      "minf" : 1,
      "iodepth_level" : {
        "1" : 0.000000,
        "2" : 0.000000,
        "4" : 0.000000,
        "8" : 0.000000,
        "16" : 0.000000,
        "32" : 0.000000,
        ">=64" : 100.000000
      },
      "iodepth_submit" : {
        "0" : 0.000000,
        "4" : 100.000000,
        "8" : 0.000000,
        "16" : 0.000000,
        "32" : 0.000000,
        "64" : 0.000000,
        ">=64" : 0.000000
      },
      "iodepth_complete" : {
        "0" : 0.000000,
        "4" : 99.999969,
        "8" : 0.000000,
        "16" : 0.000000,
        "32" : 0.000000,
        "64" : 0.000000,
        ">=64" : 0.100000
      },
      "latency_ns" : {
        "2" : 0.000000,
        "4" : 0.000000,
        "10" : 0.000000,
        "20" : 0.000000,
        "50" : 0.000000,
        "100" : 0.000000,
        "250" : 0.000000,
        "500" : 0.000000,
        "750" : 0.000000,
        "1000" : 0.000000
      },
      "latency_us" : {
        "2" : 0.000000,
        "4" : 0.000000,
        "10" : 0.000000,
        "20" : 0.010000,
        "50" : 0.010000,
        "100" : 0.010000,
        "250" : 0.010000,
        "500" : 0.010000,
        "750" : 99.994164,
        "1000" : 0.010000
      },
      "latency_ms" : {
        "2" : 0.000000,
        "4" : 0.000000,
        "10" : 0.000000,
        "20" : 0.000000,
        "50" : 0.000000,
        "100" : 0.000000,
        "250" : 0.000000,
        "500" : 0.000000,
        "750" : 0.000000,
        "1000" : 0.000000,
        "2000" : 0.000000,
        ">=2000" : 0.000000
      },
      "latency_depth" : 128,
      "latency_target" : 0,
      "latency_percentile" : 100.000000,
      "latency_window" : 0
    }
  ]
}

ioctl-xnvme: (groupid=0, jobs=1): err= 0: pid=58052: Sun Oct 30 21:40:30 2022
  read: IOPS=230k, BW=112MiB/s (118MB/s)(787MiB/7001msec)
    slat (nsec): min=67, max=147201, avg=3946.25, stdev=624.59
    clat (usec): min=10, max=802, avg=552.08, stdev= 4.84
     lat (usec): min=14, max=805, avg=556.02, stdev= 4.83
    clat percentiles (usec):
     |  1.00th=[  545],  5.00th=[  545], 10.00th=[  553], 20.00th=[  553],
     | 30.00th=[  553], 40.00th=[  553], 50.00th=[  553], 60.00th=[  553],
     | 70.00th=[  553], 80.00th=[  553], 90.00th=[  553], 95.00th=[  553],
     | 99.00th=[  562], 99.50th=[  562], 99.90th=[  570], 99.95th=[  603],
     | 99.99th=[  685]
   bw (  KiB/s): min=114939, max=115422, per=100.00%, avg=115090.86, stdev=152.52, samples=14
   iops        : min=229878, max=230845, avg=230182.00, stdev=305.04, samples=14
  lat (usec)   : 20=0.01%, 50=0.01%, 100=0.01%, 250=0.01%, 500=0.01%
  lat (usec)   : 750=99.99%, 1000=0.01%
  cpu          : usr=8.10%, sys=24.96%, ctx=2294564, majf=0, minf=1
  IO depths    : 1=0.0%, 2=0.0%, 4=0.0%, 8=0.0%, 16=0.0%, 32=0.0%, >=64=100.0%
     submit    : 0=0.0%, 4=100.0%, 8=0.0%, 16=0.0%, 32=0.0%, 64=0.0%, >=64=0.0%
     complete  : 0=0.0%, 4=100.0%, 8=0.0%, 16=0.0%, 32=0.0%, 64=0.0%, >=64=0.1%
     issued rwts: total=1610722,0,0,0 short=0,0,0,0 dropped=0,0,0,0
     latency   : target=0, window=0, percentile=100.00%, depth=128

Run status group 0 (all jobs):
   READ: bw=112MiB/s (118MB/s), 112MiB/s-112MiB/s (118MB/s-118MB/s), io=787MiB (825MB), run=7001-7001msec
