BASH=/usr/bin/bash
BASHOPTS=checkwinsize:cmdhist:complete_fullquote:extquote:force_fignore:globasciiranges:hostcomplete:interactive_comments:progcomp:promptvars:sourcepath
BASH_ALIASES=()
BASH_ARGC=([0]="0")
BASH_ARGV=()
BASH_CMDS=()
BASH_EXECUTION_STRING=set
BASH_LINENO=()
BASH_SOURCE=()
BASH_VERSINFO=([0]="5" [1]="1" [2]="4" [3]="1" [4]="release" [5]="x86_64-pc-linux-gnu")
BASH_VERSION='5.1.4(1)-release'
DBUS_SESSION_BUS_ADDRESS=unix:path=/run/user/0/bus
DIRSTACK=()
EUID=0
GROUPS=()
HOME=/root
HOSTNAME=fabio
HOSTTYPE=x86_64
IFS=$' \t\n'
LANG=en_US.UTF-8
LANGUAGE=en_US:en
LOGNAME=root
MACHTYPE=x86_64-pc-linux-gnu
MOTD_SHOWN=pam
OPTERR=1
OPTIND=1
OSTYPE=linux-gnu
PATH=/usr/local/sbin:/usr/local/bin:/usr/sbin:/usr/bin:/sbin:/bin
PIPESTATUS=([0]="0")
PPID=31214
PS4='+ '
PWD=/root
SHELL=/bin/bash
SHELLOPTS=braceexpand:hashall:interactive-comments
SHLVL=1
SSH_CLIENT='106.210.248.55 60833 22'
SSH_CONNECTION='106.210.248.55 60833 106.110.32.96 22'
TERM=dumb
UID=0
USER=root
XDG_RUNTIME_DIR=/run/user/0
XDG_SESSION_CLASS=user
XDG_SESSION_ID=67
XDG_SESSION_TYPE=tty
_=']'
