(cd /root/git/spdk/xnvme && \
	meson setup builddir \
	-Dwith-spdk=false \
	-Dwith-fio=false \
	-Dwith-libvfn=false \
	-Dshared_library=false && \
	meson compile -C builddir && \
	cd -)
Directory already configured.

Just run your build command (e.g. ninja) and Meson will regenerate as necessary.
If ninja fails, run "ninja reconfigure" or "meson --reconfigure"
to force Meson to regenerate.

If build failures persist, run "meson setup --wipe" to rebuild from scratch
using the same options as passed when configuring the build.
To change option values, run "meson configure" instead.
ninja: Entering directory `/root/git/spdk/xnvme/builddir'
ninja: no work to do.
/root/git/spdk/xnvmebuild
  INSTALL /opt/spdk/lib/libspdk_log.a
  INSTALL /opt/spdk/lib/pkgconfig/spdk_log.pc
  INSTALL /opt/spdk/lib/libspdk_util.a
  INSTALL /opt/spdk/lib/pkgconfig/spdk_util.pc
  INSTALL /opt/spdk/lib/libspdk_json.a
  INSTALL /opt/spdk/lib/pkgconfig/spdk_json.pc
  INSTALL /opt/spdk/lib/libspdk_jsonrpc.a
  INSTALL /opt/spdk/lib/pkgconfig/spdk_jsonrpc.pc
  INSTALL /opt/spdk/lib/libspdk_rpc.a
  INSTALL /opt/spdk/lib/pkgconfig/spdk_rpc.pc
  INSTALL /opt/spdk/lib/libspdk_trace.a
  INSTALL /opt/spdk/lib/pkgconfig/spdk_trace.pc
  INSTALL /opt/spdk/lib/libspdk_thread.a
  INSTALL /opt/spdk/lib/pkgconfig/spdk_thread.pc
  INSTALL /opt/spdk/lib/libspdk_notify.a
  INSTALL /opt/spdk/lib/pkgconfig/spdk_notify.pc
  INSTALL /opt/spdk/lib/libspdk_dma.a
  INSTALL /opt/spdk/lib/pkgconfig/spdk_dma.pc
  INSTALL /opt/spdk/lib/libspdk_bdev.a
  INSTALL /opt/spdk/lib/pkgconfig/spdk_bdev.pc
  INSTALL /opt/spdk/lib/libspdk_blob.a
  INSTALL /opt/spdk/lib/pkgconfig/spdk_blob.pc
  INSTALL /opt/spdk/lib/libspdk_blobfs.a
  INSTALL /opt/spdk/lib/pkgconfig/spdk_blobfs.pc
  INSTALL /opt/spdk/lib/libspdk_conf.a
  INSTALL /opt/spdk/lib/pkgconfig/spdk_conf.pc
  INSTALL /opt/spdk/lib/libspdk_accel.a
  INSTALL /opt/spdk/lib/pkgconfig/spdk_accel.pc
  INSTALL /opt/spdk/lib/libspdk_init.a
  INSTALL /opt/spdk/lib/pkgconfig/spdk_init.pc
  INSTALL /opt/spdk/lib/libspdk_event.a
  INSTALL /opt/spdk/lib/pkgconfig/spdk_event.pc
  INSTALL /opt/spdk/lib/libspdk_lvol.a
  INSTALL /opt/spdk/lib/pkgconfig/spdk_lvol.pc
  INSTALL /opt/spdk/lib/libspdk_sock.a
  INSTALL /opt/spdk/lib/pkgconfig/spdk_sock.pc
  INSTALL /opt/spdk/lib/libspdk_vfio_user.a
  INSTALL /opt/spdk/lib/pkgconfig/spdk_vfio_user.pc
  INSTALL /opt/spdk/lib/libspdk_nvme.a
  INSTALL /opt/spdk/lib/pkgconfig/spdk_nvme.pc
  INSTALL /opt/spdk/lib/libspdk_vmd.a
  INSTALL /opt/spdk/lib/pkgconfig/spdk_vmd.pc
  INSTALL /opt/spdk/lib/libspdk_nvmf.a
  INSTALL /opt/spdk/lib/pkgconfig/spdk_nvmf.pc
  INSTALL /opt/spdk/lib/libspdk_scsi.a
  INSTALL /opt/spdk/lib/pkgconfig/spdk_scsi.pc
  INSTALL /opt/spdk/lib/libspdk_ioat.a
  INSTALL /opt/spdk/lib/pkgconfig/spdk_ioat.pc
  INSTALL /opt/spdk/lib/libspdk_ut_mock.a
  INSTALL /opt/spdk/lib/pkgconfig/spdk_ut_mock.pc
  INSTALL /opt/spdk/lib/libspdk_iscsi.a
  INSTALL /opt/spdk/lib/pkgconfig/spdk_iscsi.pc
  INSTALL /opt/spdk/lib/libspdk_trace_parser.a
  INSTALL /opt/spdk/lib/pkgconfig/spdk_trace_parser.pc
  INSTALL /opt/spdk/lib/libspdk_nbd.a
  INSTALL /opt/spdk/lib/pkgconfig/spdk_nbd.pc
  INSTALL /opt/spdk/lib/libspdk_ftl.a
  INSTALL /opt/spdk/lib/pkgconfig/spdk_ftl.pc
  INSTALL /opt/spdk/lib/pkgconfig/spdk_dpdklibs.pc
  INSTALL /opt/spdk/lib/libspdk_env_dpdk.a
  INSTALL /opt/spdk/lib/pkgconfig/spdk_env_dpdk.pc
  INSTALL /opt/spdk/lib/libspdk_blob_bdev.a
  INSTALL /opt/spdk/lib/pkgconfig/spdk_blob_bdev.pc
  INSTALL /opt/spdk/lib/libspdk_bdev_delay.a
  INSTALL /opt/spdk/lib/pkgconfig/spdk_bdev_delay.pc
  INSTALL /opt/spdk/lib/libspdk_bdev_error.a
  INSTALL /opt/spdk/lib/pkgconfig/spdk_bdev_error.pc
  INSTALL /opt/spdk/lib/libspdk_bdev_gpt.a
  INSTALL /opt/spdk/lib/pkgconfig/spdk_bdev_gpt.pc
  INSTALL /opt/spdk/lib/libspdk_bdev_lvol.a
  INSTALL /opt/spdk/lib/pkgconfig/spdk_bdev_lvol.pc
  INSTALL /opt/spdk/lib/libspdk_bdev_malloc.a
  INSTALL /opt/spdk/lib/pkgconfig/spdk_bdev_malloc.pc
  INSTALL /opt/spdk/lib/libspdk_bdev_null.a
  INSTALL /opt/spdk/lib/pkgconfig/spdk_bdev_null.pc
  INSTALL /opt/spdk/lib/libspdk_bdev_nvme.a
  INSTALL /opt/spdk/lib/pkgconfig/spdk_bdev_nvme.pc
  INSTALL /opt/spdk/lib/libspdk_bdev_passthru.a
  INSTALL /opt/spdk/lib/pkgconfig/spdk_bdev_passthru.pc
  INSTALL /opt/spdk/lib/libspdk_bdev_raid.a
  INSTALL /opt/spdk/lib/pkgconfig/spdk_bdev_raid.pc
  INSTALL /opt/spdk/lib/libspdk_bdev_split.a
  INSTALL /opt/spdk/lib/pkgconfig/spdk_bdev_split.pc
  INSTALL /opt/spdk/lib/libspdk_bdev_zone_block.a
  INSTALL /opt/spdk/lib/pkgconfig/spdk_bdev_zone_block.pc
  INSTALL /opt/spdk/lib/libspdk_bdev_xnvme.a
  INSTALL /opt/spdk/lib/pkgconfig/spdk_bdev_xnvme.pc
  INSTALL /opt/spdk/lib/libspdk_bdev_uring.a
  INSTALL /opt/spdk/lib/pkgconfig/spdk_bdev_uring.pc
  INSTALL /opt/spdk/lib/libspdk_bdev_aio.a
  INSTALL /opt/spdk/lib/pkgconfig/spdk_bdev_aio.pc
  INSTALL /opt/spdk/lib/libspdk_bdev_ftl.a
  INSTALL /opt/spdk/lib/pkgconfig/spdk_bdev_ftl.pc
  INSTALL /opt/spdk/lib/libspdk_blobfs_bdev.a
  INSTALL /opt/spdk/lib/pkgconfig/spdk_blobfs_bdev.pc
  INSTALL /opt/spdk/lib/libspdk_accel_ioat.a
  INSTALL /opt/spdk/lib/pkgconfig/spdk_accel_ioat.pc
  INSTALL /opt/spdk/lib/libspdk_event_accel.a
  INSTALL /opt/spdk/lib/pkgconfig/spdk_event_accel.pc
  INSTALL /opt/spdk/lib/libspdk_event_vmd.a
  INSTALL /opt/spdk/lib/pkgconfig/spdk_event_vmd.pc
  INSTALL /opt/spdk/lib/libspdk_event_sock.a
  INSTALL /opt/spdk/lib/pkgconfig/spdk_event_sock.pc
  INSTALL /opt/spdk/lib/libspdk_event_bdev.a
  INSTALL /opt/spdk/lib/pkgconfig/spdk_event_bdev.pc
  INSTALL /opt/spdk/lib/libspdk_event_scheduler.a
  INSTALL /opt/spdk/lib/pkgconfig/spdk_event_scheduler.pc
  INSTALL /opt/spdk/lib/libspdk_event_scsi.a
  INSTALL /opt/spdk/lib/pkgconfig/spdk_event_scsi.pc
  INSTALL /opt/spdk/lib/libspdk_event_iscsi.a
  INSTALL /opt/spdk/lib/pkgconfig/spdk_event_iscsi.pc
  INSTALL /opt/spdk/lib/libspdk_event_nvmf.a
  INSTALL /opt/spdk/lib/pkgconfig/spdk_event_nvmf.pc
  INSTALL /opt/spdk/lib/libspdk_event_nbd.a
  INSTALL /opt/spdk/lib/pkgconfig/spdk_event_nbd.pc
  INSTALL /opt/spdk/lib/libspdk_sock_posix.a
  INSTALL /opt/spdk/lib/pkgconfig/spdk_sock_posix.pc
  INSTALL /opt/spdk/lib/libspdk_sock_uring.a
  INSTALL /opt/spdk/lib/pkgconfig/spdk_sock_uring.pc
  INSTALL /opt/spdk/lib/libspdk_scheduler_dynamic.a
  INSTALL /opt/spdk/lib/pkgconfig/spdk_scheduler_dynamic.pc
  INSTALL /opt/spdk/lib/libspdk_scheduler_dpdk_governor.a
  INSTALL /opt/spdk/lib/pkgconfig/spdk_scheduler_dpdk_governor.pc
  INSTALL /opt/spdk/lib/libspdk_scheduler_gscheduler.a
  INSTALL /opt/spdk/lib/pkgconfig/spdk_scheduler_gscheduler.pc
  INSTALL /opt/spdk/lib/libspdk_env_dpdk_rpc.a
  INSTALL /opt/spdk/lib/pkgconfig/spdk_env_dpdk_rpc.pc
  INSTALL /opt/spdk/lib/pkgconfig/spdk_bdev_modules.pc
  INSTALL /opt/spdk/lib/pkgconfig/spdk_accel_modules.pc
  INSTALL /opt/spdk/lib/pkgconfig/spdk_sock_modules.pc
  INSTALL /opt/spdk/lib/pkgconfig/spdk_syslibs.pc
  INSTALL /opt/spdk/lib/pkgconfig/spdk_scheduler_modules.pc
  INSTALL /opt/spdk/include/spdk/accel.h
  INSTALL /opt/spdk/include/spdk/assert.h
  INSTALL /opt/spdk/include/spdk/barrier.h
  INSTALL /opt/spdk/include/spdk/base64.h
  INSTALL /opt/spdk/include/spdk/bdev.h
  INSTALL /opt/spdk/include/spdk/bdev_module.h
  INSTALL /opt/spdk/include/spdk/bdev_zone.h
  INSTALL /opt/spdk/include/spdk/bit_array.h
  INSTALL /opt/spdk/include/spdk/bit_pool.h
  INSTALL /opt/spdk/include/spdk/blob_bdev.h
  INSTALL /opt/spdk/include/spdk/blobfs_bdev.h
  INSTALL /opt/spdk/include/spdk/blobfs.h
  INSTALL /opt/spdk/include/spdk/blob.h
  INSTALL /opt/spdk/include/spdk/conf.h
  INSTALL /opt/spdk/include/spdk/config.h
  INSTALL /opt/spdk/include/spdk/cpuset.h
  INSTALL /opt/spdk/include/spdk/crc16.h
  INSTALL /opt/spdk/include/spdk/crc32.h
  INSTALL /opt/spdk/include/spdk/dif.h
  INSTALL /opt/spdk/include/spdk/dma.h
  INSTALL /opt/spdk/include/spdk/endian.h
  INSTALL /opt/spdk/include/spdk/env_dpdk.h
  INSTALL /opt/spdk/include/spdk/env.h
  INSTALL /opt/spdk/include/spdk/event.h
  INSTALL /opt/spdk/include/spdk/fd_group.h
  INSTALL /opt/spdk/include/spdk/fd.h
  INSTALL /opt/spdk/include/spdk/file.h
  INSTALL /opt/spdk/include/spdk/ftl.h
  INSTALL /opt/spdk/include/spdk/gpt_spec.h
  INSTALL /opt/spdk/include/spdk/hexlify.h
  INSTALL /opt/spdk/include/spdk/histogram_data.h
  INSTALL /opt/spdk/include/spdk/idxd.h
  INSTALL /opt/spdk/include/spdk/idxd_spec.h
  INSTALL /opt/spdk/include/spdk/init.h
  INSTALL /opt/spdk/include/spdk/ioat.h
  INSTALL /opt/spdk/include/spdk/ioat_spec.h
  INSTALL /opt/spdk/include/spdk/iscsi_spec.h
  INSTALL /opt/spdk/include/spdk/json.h
  INSTALL /opt/spdk/include/spdk/jsonrpc.h
  INSTALL /opt/spdk/include/spdk/likely.h
  INSTALL /opt/spdk/include/spdk/log.h
  INSTALL /opt/spdk/include/spdk/lvol.h
  INSTALL /opt/spdk/include/spdk/memory.h
  INSTALL /opt/spdk/include/spdk/mmio.h
  INSTALL /opt/spdk/include/spdk/nbd.h
  INSTALL /opt/spdk/include/spdk/notify.h
  INSTALL /opt/spdk/include/spdk/nvme.h
  INSTALL /opt/spdk/include/spdk/nvme_intel.h
  INSTALL /opt/spdk/include/spdk/nvme_ocssd.h
  INSTALL /opt/spdk/include/spdk/nvme_ocssd_spec.h
  INSTALL /opt/spdk/include/spdk/nvme_spec.h
  INSTALL /opt/spdk/include/spdk/nvme_zns.h
  INSTALL /opt/spdk/include/spdk/nvmf_cmd.h
  INSTALL /opt/spdk/include/spdk/nvmf_fc_spec.h
  INSTALL /opt/spdk/include/spdk/nvmf.h
  INSTALL /opt/spdk/include/spdk/nvmf_spec.h
  INSTALL /opt/spdk/include/spdk/nvmf_transport.h
  INSTALL /opt/spdk/include/spdk/opal.h
  INSTALL /opt/spdk/include/spdk/opal_spec.h
  INSTALL /opt/spdk/include/spdk/pci_ids.h
  INSTALL /opt/spdk/include/spdk/pipe.h
  INSTALL /opt/spdk/include/spdk/queue_extras.h
  INSTALL /opt/spdk/include/spdk/queue.h
  INSTALL /opt/spdk/include/spdk/reduce.h
  INSTALL /opt/spdk/include/spdk/rpc.h
  INSTALL /opt/spdk/include/spdk/scheduler.h
  INSTALL /opt/spdk/include/spdk/scsi.h
  INSTALL /opt/spdk/include/spdk/scsi_spec.h
  INSTALL /opt/spdk/include/spdk/sock.h
  INSTALL /opt/spdk/include/spdk/stdinc.h
  INSTALL /opt/spdk/include/spdk/string.h
  INSTALL /opt/spdk/include/spdk/thread.h
  INSTALL /opt/spdk/include/spdk/trace.h
  INSTALL /opt/spdk/include/spdk/trace_parser.h
  INSTALL /opt/spdk/include/spdk/tree.h
  INSTALL /opt/spdk/include/spdk/util.h
  INSTALL /opt/spdk/include/spdk/uuid.h
  INSTALL /opt/spdk/include/spdk/version.h
  INSTALL /opt/spdk/include/spdk/vfio_user_pci.h
  INSTALL /opt/spdk/include/spdk/vfio_user_spec.h
  INSTALL /opt/spdk/include/spdk/vfu_target.h
  INSTALL /opt/spdk/include/spdk/vhost.h
  INSTALL /opt/spdk/include/spdk/vmd.h
  INSTALL /opt/spdk/include/spdk/xor.h
  INSTALL /opt/spdk/include/spdk/zipf.h
  INSTALL /opt/spdk/bin/spdk_nvme_identify
  INSTALL /opt/spdk/bin/spdk_nvme_perf
  INSTALL /opt/spdk/bin/spdk_nvme_discovery_aer
  INSTALL /opt/spdk/bin/spdk_trace
  INSTALL /opt/spdk/bin/spdk_trace_record
  INSTALL /opt/spdk/bin/nvmf_tgt
  INSTALL /opt/spdk/bin/iscsi_top
  INSTALL /opt/spdk/bin/iscsi_tgt
  INSTALL /opt/spdk/bin/spdk_tgt
  INSTALL /opt/spdk/bin/spdk_lspci
  INSTALL /opt/spdk/bin/spdk_top
  INSTALL /opt/spdk/bin/spdk_dd
make[2]: Nothing to be done for 'install'.
make[1]: Nothing to be done for 'install'.
Installed to /opt/spdk
