(cd /root/git/spdk/xnvme && \
	meson setup builddir \
	-Dwith-spdk=false \
	-Dwith-fio=false \
	-Dwith-libvfn=false \
	-Dshared_library=false && \
	meson compile -C builddir && \
	cd -)
make[1]: Nothing to be done for 'all'.
Directory already configured.

Just run your build command (e.g. ninja) and Meson will regenerate as necessary.
If ninja fails, run "ninja reconfigure" or "meson --reconfigure"
to force Meson to regenerate.

If build failures persist, run "meson setup --wipe" to rebuild from scratch
using the same options as passed when configuring the build.
To change option values, run "meson configure" instead.
ninja: Entering directory `/root/git/spdk/xnvme/builddir'
[1/88] Compiling C object lib/libxnvme-static.a.p/xnvme_be_nosys.c.o
[2/88] Compiling C object lib/libxnvme-static.a.p/xnvme_adm.c.o
[3/88] Compiling C object lib/libxnvme-static.a.p/xnvme_be_posix_admin.c.o
[4/88] Compiling C object lib/libxnvme-static.a.p/xnvme_be_linux_hugepage.c.o
[5/88] Compiling C object lib/libxnvme-static.a.p/xnvme_be_posix_mem.c.o
[6/88] Compiling C object lib/libxnvme-static.a.p/xnvme_be_linux.c.o
[7/88] Compiling C object lib/libxnvme-static.a.p/xnvme_be_posix_async_nil.c.o
[8/88] Compiling C object lib/libxnvme-static.a.p/xnvme_be_posix_async_emu.c.o
[9/88] Compiling C object lib/libxnvme-static.a.p/xnvme_be_posix_async_aio.c.o
[10/88] Compiling C object lib/libxnvme-static.a.p/xnvme_be_linux_async_libaio.c.o
[11/88] Compiling C object lib/libxnvme-static.a.p/xnvme_be_linux_nvme.c.o
[12/88] Compiling C object lib/libxnvme-static.a.p/xnvme_be_posix_dev.c.o
[13/88] Compiling C object lib/libxnvme-static.a.p/xnvme_be_linux_dev.c.o
[14/88] Compiling C object lib/libxnvme-static.a.p/xnvme_be_linux_async_ucmd.c.o
[15/88] Compiling C object lib/libxnvme-static.a.p/xnvme_be_posix_async_thrpool.c.o
[16/88] Compiling C object lib/libxnvme-static.a.p/xnvme_be_posix_sync.c.o
[17/88] Compiling C object lib/libxnvme-static.a.p/xnvme_be_ramdisk_admin.c.o
[18/88] Compiling C object lib/libxnvme-static.a.p/xnvme_libconf.c.o
[19/88] Compiling C object lib/libxnvme-static.a.p/xnvme_be_linux_block.c.o
[20/88] Compiling C object lib/libxnvme-static.a.p/xnvme_cmd.c.o
[21/88] Compiling C object lib/libxnvme-static.a.p/xnvme_be_ramdisk_dev.c.o
[22/88] Compiling C object lib/libxnvme-static.a.p/xnvme_file.c.o
[23/88] Compiling C object lib/libxnvme-static.a.p/xnvme_ident.c.o
[24/88] Compiling C object lib/libxnvme-static.a.p/xnvme_be_ramdisk_sync.c.o
[25/88] Compiling C object lib/libxnvme-static.a.p/xnvme_buf.c.o
[26/88] Compiling C object lib/libxnvme-static.a.p/xnvme_be_linux_async_liburing.c.o
[27/88] Compiling C object lib/libxnvme-static.a.p/xnvme_dev.c.o
[28/88] Compiling C object lib/libxnvme-static.a.p/xnvme_opts.c.o
[29/88] Compiling C object lib/libxnvme-static.a.p/xnvme_nvm.c.o
[30/88] Compiling C object lib/libxnvme-static.a.p/xnvme_be.c.o
[31/88] Compiling C object tests/xnvme_tests_cli.p/cli.c.o
[32/88] Compiling C object tests/xnvme_tests_buf.p/buf.c.o
[33/88] Compiling C object lib/libxnvme-static.a.p/xnvme_queue.c.o
[34/88] Compiling C object tests/xnvme_tests_znd_explicit_open.p/znd_explicit_open.c.o
[35/88] Compiling C object tests/xnvme_tests_enum.p/enum.c.o
[36/88] Compiling C object tests/xnvme_tests_znd_state.p/znd_state.c.o
[37/88] Compiling C object tests/xnvme_tests_async_intf.p/async_intf.c.o
[38/88] Compiling C object tests/xnvme_tests_xnvmec.p/xnvmec.c.o
[39/88] Compiling C object tests/xnvme_tests_xnvme_file.p/xnvme_file.c.o
[40/88] Compiling C object lib/libxnvme-static.a.p/xnvme_znd.c.o
[41/88] Compiling C object tests/xnvme_tests_znd_append.p/znd_append.c.o
[42/88] Compiling C object tests/xnvme_tests_scc.p/scc.c.o
[43/88] Compiling C object tools/nvmec.p/nvmec.c.o
[44/88] Compiling C object examples/xnvme_hello.p/xnvme_hello.c.o
[45/88] Compiling C object tests/xnvme_tests_lblk.p/lblk.c.o
[46/88] Compiling C object tests/xnvme_tests_znd_zrwa.p/znd_zrwa.c.o
[47/88] Compiling C object examples/xnvme_single_async.p/xnvme_single_async.c.o
[48/88] Compiling C object tools/lblk.p/lblk.c.o
[49/88] Compiling C object tests/xnvme_tests_ioworker.p/ioworker.c.o
[50/88] Compiling C object examples/xnvme_single_sync.p/xnvme_single_sync.c.o
[51/88] Compiling C object tools/xdd.p/xdd.c.o
[52/88] Compiling C object tools/zoned.p/zoned.c.o
[53/88] Compiling C object examples/xnvme_io_async.p/xnvme_io_async.c.o
[54/88] Compiling C object examples/zoned_io_async.p/zoned_io_async.c.o
[55/88] Compiling C object examples/zoned_io_sync.p/zoned_io_sync.c.o
[56/88] Compiling C object tools/xnvme.p/xnvme.c.o
[57/88] Compiling C object lib/libxnvme-static.a.p/xnvmec.c.o
[58/88] Compiling C object lib/libxnvme-static.a.p/xnvme_spec.c.o
[59/88] Compiling C object tools/xnvme_file.p/xnvme_file.c.o
[60/88] Linking static target lib/libxnvme-static.a
[61/88] Generating lib/xnvme with a custom command
[62/88] Linking target tests/xnvme_tests_async_intf
[63/88] Linking target tests/xnvme_tests_znd_explicit_open
[64/88] Linking target tests/xnvme_tests_cli
[65/88] Linking target tests/xnvme_tests_enum
[66/88] Linking target tests/xnvme_tests_buf
[67/88] Linking target tests/xnvme_tests_scc
[68/88] Linking target tests/xnvme_tests_ioworker
[69/88] Linking target tests/xnvme_tests_xnvme_file
[70/88] Linking target tests/xnvme_tests_znd_zrwa
[71/88] Linking target tools/lblk
[72/88] Linking target tools/nvmec
[73/88] Linking target tests/xnvme_tests_xnvmec
[74/88] Linking target tools/xdd
[75/88] Linking target tests/xnvme_tests_znd_append
[76/88] Linking target tests/xnvme_tests_lblk
[77/88] Linking target tests/xnvme_tests_znd_state
[78/88] Linking target tools/xnvme
[79/88] Linking target examples/zoned_io_async
[80/88] Linking target examples/xnvme_single_sync
[81/88] Linking target examples/zoned_io_sync
[82/88] Linking target examples/xnvme_io_async
[83/88] Linking target tools/xnvme_file
[84/88] Linking target examples/xnvme_dev
[85/88] Linking target tools/zoned
[86/88] Linking target examples/xnvme_enum
[87/88] Linking target examples/xnvme_hello
[88/88] Linking target examples/xnvme_single_async
/root/git/spdk/xnvmebuild
The Meson build system
Version: 0.63.0
Source dir: /root/git/spdk/dpdk
Build dir: /root/git/spdk/dpdk/build-tmp
Build type: native build
Program cat found: YES (/usr/bin/cat)
Project name: DPDK
Project version: 22.07.0
C compiler for the host machine: cc (gcc 10.2.1 "cc (Debian 10.2.1-6) 10.2.1 20210110")
C linker for the host machine: cc ld.bfd 2.35.2
Host machine cpu family: x86_64
Host machine cpu: x86_64
Program pkg-config found: YES (/usr/bin/pkg-config)
Program check-symbols.sh found: YES (/root/git/spdk/dpdk/buildtools/check-symbols.sh)
Program options-ibverbs-static.sh found: YES (/root/git/spdk/dpdk/buildtools/options-ibverbs-static.sh)
Program objdump found: YES (/usr/bin/objdump)
Program python3 found: YES (/usr/bin/python3)
Program cat found: YES (/usr/bin/cat)
Checking for size of "void *" : 8
Checking for size of "void *" : 8
Library m found: YES
Library numa found: YES
Has header "numaif.h" : YES 
Library libfdt found: NO
Library libexecinfo found: NO
Found pkg-config: /usr/bin/pkg-config (0.29.2)
Run-time dependency libarchive found: NO (tried pkgconfig)
Run-time dependency libbsd found: NO (tried pkgconfig)
Run-time dependency jansson found: NO (tried pkgconfig)
Run-time dependency libpcap found: NO (tried pkgconfig)
Library pcap found: NO
Compiler for C supports arguments -Wcast-qual: YES 
Compiler for C supports arguments -Wdeprecated: YES 
Compiler for C supports arguments -Wformat: YES 
Compiler for C supports arguments -Wformat-nonliteral: YES 
Compiler for C supports arguments -Wformat-security: YES 
Compiler for C supports arguments -Wmissing-declarations: YES 
Compiler for C supports arguments -Wmissing-prototypes: YES 
Compiler for C supports arguments -Wnested-externs: YES 
Compiler for C supports arguments -Wold-style-definition: YES 
Compiler for C supports arguments -Wpointer-arith: YES 
Compiler for C supports arguments -Wsign-compare: YES 
Compiler for C supports arguments -Wstrict-prototypes: YES 
Compiler for C supports arguments -Wundef: YES 
Compiler for C supports arguments -Wwrite-strings: YES 
Compiler for C supports arguments -Wno-address-of-packed-member: YES 
Compiler for C supports arguments -Wno-packed-not-aligned: YES 
Compiler for C supports arguments -Wno-missing-field-initializers: YES 
Compiler for C supports arguments -Wno-zero-length-bounds: YES 
Compiler for C supports arguments -mavx512f: YES 
Checking if "AVX512 checking" compiles: YES 
Fetching value of define "__SSE4_2__" : 1 
Fetching value of define "__AES__" : 1 
Fetching value of define "__AVX__" : 1 
Fetching value of define "__AVX2__" : 1 
Fetching value of define "__AVX512BW__" :  
Fetching value of define "__AVX512CD__" :  
Fetching value of define "__AVX512DQ__" :  
Fetching value of define "__AVX512F__" :  
Fetching value of define "__AVX512VL__" :  
Fetching value of define "__PCLMUL__" : 1 
Fetching value of define "__RDRND__" : 1 
Fetching value of define "__RDSEED__" : 1 
Fetching value of define "__VPCLMULQDQ__" :  
Compiler for C supports arguments -ffat-lto-objects: YES 
Compiler for C supports arguments -Wno-format-truncation: YES 
Checking for function "getentropy" : YES 
Fetching value of define "__PCLMUL__" : 1 (cached)
Fetching value of define "__AVX512F__" :  (cached)
Compiler for C supports arguments -mpclmul: YES 
Compiler for C supports arguments -maes: YES 
Compiler for C supports arguments -mavx512f: YES (cached)
Compiler for C supports arguments -mavx512bw: YES 
Compiler for C supports arguments -mavx512dq: YES 
Compiler for C supports arguments -mavx512vl: YES 
Compiler for C supports arguments -mvpclmulqdq: YES 
Compiler for C supports arguments -mavx2: YES 
Compiler for C supports arguments -mavx: YES 
Compiler for C supports arguments -Wno-cast-qual: YES 
Has header "linux/userfaultfd.h" : YES 
Compiler for C supports arguments -Wno-format-truncation: YES (cached)
Program doxygen found: NO
Program sphinx-build found: NO
Configuring rte_build_config.h using configuration
Message: 
=================
Libraries Enabled
=================

libs:
	kvargs, telemetry, eal, ring, rcu, mempool, mbuf, net, 
	meter, ethdev, pci, cmdline, hash, timer, compressdev, cryptodev, 
	power, dmadev, reorder, security, vhost, 

Message: 
===============
Drivers Enabled
===============

common:
	
bus:
	pci, vdev, 
mempool:
	ring, 
dma:
	
net:
	
raw:
	
crypto:
	
compress:
	
regex:
	
vdpa:
	
event:
	
baseband:
	
gpu:
	

Message: 
=================
Content Skipped
=================

libs:
	metrics:	explicitly disabled via build config
	acl:	explicitly disabled via build config
	bbdev:	explicitly disabled via build config
	bitratestats:	explicitly disabled via build config
	bpf:	explicitly disabled via build config
	cfgfile:	explicitly disabled via build config
	distributor:	explicitly disabled via build config
	efd:	explicitly disabled via build config
	eventdev:	explicitly disabled via build config
	gpudev:	explicitly disabled via build config
	gro:	explicitly disabled via build config
	gso:	explicitly disabled via build config
	ip_frag:	explicitly disabled via build config
	jobstats:	explicitly disabled via build config
	kni:	explicitly disabled via build config
	latencystats:	explicitly disabled via build config
	lpm:	explicitly disabled via build config
	member:	explicitly disabled via build config
	pcapng:	explicitly disabled via build config
	rawdev:	explicitly disabled via build config
	regexdev:	explicitly disabled via build config
	rib:	explicitly disabled via build config
	sched:	explicitly disabled via build config
	stack:	explicitly disabled via build config
	ipsec:	explicitly disabled via build config
	fib:	explicitly disabled via build config
	port:	explicitly disabled via build config
	pdump:	explicitly disabled via build config
	table:	explicitly disabled via build config
	pipeline:	explicitly disabled via build config
	flow_classify:	explicitly disabled via build config
	graph:	explicitly disabled via build config
	node:	explicitly disabled via build config
	
drivers:
	common/cpt:	not in enabled drivers build config
	common/dpaax:	not in enabled drivers build config
	common/iavf:	not in enabled drivers build config
	common/mvep:	not in enabled drivers build config
	common/octeontx:	not in enabled drivers build config
	bus/auxiliary:	not in enabled drivers build config
	bus/dpaa:	not in enabled drivers build config
	bus/fslmc:	not in enabled drivers build config
	bus/ifpga:	not in enabled drivers build config
	bus/vmbus:	not in enabled drivers build config
	common/cnxk:	not in enabled drivers build config
	common/mlx5:	not in enabled drivers build config
	common/qat:	not in enabled drivers build config
	common/sfc_efx:	not in enabled drivers build config
	mempool/bucket:	not in enabled drivers build config
	mempool/cnxk:	not in enabled drivers build config
	mempool/dpaa:	not in enabled drivers build config
	mempool/dpaa2:	not in enabled drivers build config
	mempool/octeontx:	not in enabled drivers build config
	mempool/stack:	not in enabled drivers build config
	dma/cnxk:	not in enabled drivers build config
	dma/dpaa:	not in enabled drivers build config
	dma/dpaa2:	not in enabled drivers build config
	dma/hisilicon:	not in enabled drivers build config
	dma/idxd:	not in enabled drivers build config
	dma/ioat:	not in enabled drivers build config
	dma/skeleton:	not in enabled drivers build config
	net/af_packet:	not in enabled drivers build config
	net/af_xdp:	not in enabled drivers build config
	net/ark:	not in enabled drivers build config
	net/atlantic:	not in enabled drivers build config
	net/avp:	not in enabled drivers build config
	net/axgbe:	not in enabled drivers build config
	net/bnx2x:	not in enabled drivers build config
	net/bnxt:	not in enabled drivers build config
	net/bonding:	not in enabled drivers build config
	net/cnxk:	not in enabled drivers build config
	net/cxgbe:	not in enabled drivers build config
	net/dpaa:	not in enabled drivers build config
	net/dpaa2:	not in enabled drivers build config
	net/e1000:	not in enabled drivers build config
	net/ena:	not in enabled drivers build config
	net/enetc:	not in enabled drivers build config
	net/enetfec:	not in enabled drivers build config
	net/enic:	not in enabled drivers build config
	net/failsafe:	not in enabled drivers build config
	net/fm10k:	not in enabled drivers build config
	net/hinic:	not in enabled drivers build config
	net/hns3:	not in enabled drivers build config
	net/i40e:	not in enabled drivers build config
	net/iavf:	not in enabled drivers build config
	net/ice:	not in enabled drivers build config
	net/igc:	not in enabled drivers build config
	net/ionic:	not in enabled drivers build config
	net/ipn3ke:	not in enabled drivers build config
	net/ixgbe:	not in enabled drivers build config
	net/kni:	not in enabled drivers build config
	net/liquidio:	not in enabled drivers build config
	net/memif:	not in enabled drivers build config
	net/mlx4:	not in enabled drivers build config
	net/mlx5:	not in enabled drivers build config
	net/mvneta:	not in enabled drivers build config
	net/mvpp2:	not in enabled drivers build config
	net/netvsc:	not in enabled drivers build config
	net/nfb:	not in enabled drivers build config
	net/nfp:	not in enabled drivers build config
	net/ngbe:	not in enabled drivers build config
	net/null:	not in enabled drivers build config
	net/octeontx:	not in enabled drivers build config
	net/octeontx_ep:	not in enabled drivers build config
	net/pcap:	not in enabled drivers build config
	net/pfe:	not in enabled drivers build config
	net/qede:	not in enabled drivers build config
	net/ring:	not in enabled drivers build config
	net/sfc:	not in enabled drivers build config
	net/softnic:	not in enabled drivers build config
	net/tap:	not in enabled drivers build config
	net/thunderx:	not in enabled drivers build config
	net/txgbe:	not in enabled drivers build config
	net/vdev_netvsc:	not in enabled drivers build config
	net/vhost:	not in enabled drivers build config
	net/virtio:	not in enabled drivers build config
	net/vmxnet3:	not in enabled drivers build config
	raw/cnxk_bphy:	not in enabled drivers build config
	raw/cnxk_gpio:	not in enabled drivers build config
	raw/dpaa2_cmdif:	not in enabled drivers build config
	raw/ifpga:	not in enabled drivers build config
	raw/ioat:	not in enabled drivers build config
	raw/ntb:	not in enabled drivers build config
	raw/skeleton:	not in enabled drivers build config
	crypto/armv8:	not in enabled drivers build config
	crypto/bcmfs:	not in enabled drivers build config
	crypto/caam_jr:	not in enabled drivers build config
	crypto/ccp:	not in enabled drivers build config
	crypto/cnxk:	not in enabled drivers build config
	crypto/dpaa_sec:	not in enabled drivers build config
	crypto/dpaa2_sec:	not in enabled drivers build config
	crypto/ipsec_mb:	not in enabled drivers build config
	crypto/mlx5:	not in enabled drivers build config
	crypto/mvsam:	not in enabled drivers build config
	crypto/nitrox:	not in enabled drivers build config
	crypto/null:	not in enabled drivers build config
	crypto/octeontx:	not in enabled drivers build config
	crypto/openssl:	not in enabled drivers build config
	crypto/scheduler:	not in enabled drivers build config
	crypto/virtio:	not in enabled drivers build config
	compress/isal:	not in enabled drivers build config
	compress/mlx5:	not in enabled drivers build config
	compress/octeontx:	not in enabled drivers build config
	compress/zlib:	not in enabled drivers build config
	regex/mlx5:	not in enabled drivers build config
	regex/cn9k:	not in enabled drivers build config
	vdpa/ifc:	not in enabled drivers build config
	vdpa/mlx5:	not in enabled drivers build config
	vdpa/sfc:	not in enabled drivers build config
	event/cnxk:	not in enabled drivers build config
	event/dlb2:	not in enabled drivers build config
	event/dpaa:	not in enabled drivers build config
	event/dpaa2:	not in enabled drivers build config
	event/dsw:	not in enabled drivers build config
	event/opdl:	not in enabled drivers build config
	event/skeleton:	not in enabled drivers build config
	event/sw:	not in enabled drivers build config
	event/octeontx:	not in enabled drivers build config
	baseband/acc100:	not in enabled drivers build config
	baseband/fpga_5gnr_fec:	not in enabled drivers build config
	baseband/fpga_lte_fec:	not in enabled drivers build config
	baseband/la12xx:	not in enabled drivers build config
	baseband/null:	not in enabled drivers build config
	baseband/turbo_sw:	not in enabled drivers build config
	gpu/cuda:	not in enabled drivers build config
	

Build targets in project: 104

DPDK 22.07.0

  User defined options
    libdir             : lib
    prefix             : /root/git/spdk/dpdk/build
    b_lto              : true
    c_args             : -fPIC -Wno-error  -Wno-stringop-overflow -fcommon
    c_link_args        : 
    cpu_instruction_set: native
    disable_libs       : bitratestats,regexdev,rawdev,bbdev,sched,bpf,member,stack,pdump,gro,gso,graph,latencystats,node,gpudev,acl,flow_classify,jobstats,pcapng,ipsec,port,cfgfile,distributor,pipeline,eventdev,fib,efd,kni,lpm,metrics,table,ip_frag,rib
    enable_docs        : false
    enable_drivers     : bus,bus/pci,bus/vdev,mempool/ring
    enable_kmods       : false
    tests              : false

Found ninja-1.10.2.git.kitware.jobserver-1 at /usr/local/bin/ninja
ninja: Entering directory `/root/git/spdk/dpdk/build-tmp'
[1/279] Generating lib/rte_kvargs_mingw with a custom command
[2/279] Generating lib/rte_kvargs_def with a custom command
[3/279] Generating lib/rte_telemetry_def with a custom command
[4/279] Generating lib/rte_telemetry_mingw with a custom command
[5/279] Compiling C object lib/librte_eal.a.p/eal_common_eal_common_errno.c.o
[6/279] Compiling C object lib/librte_eal.a.p/eal_common_eal_common_class.c.o
[7/279] Compiling C object lib/librte_eal.a.p/eal_common_eal_common_debug.c.o
[8/279] Compiling C object lib/librte_kvargs.a.p/kvargs_rte_kvargs.c.o
[9/279] Compiling C object lib/librte_eal.a.p/eal_common_eal_common_hexdump.c.o
[10/279] Linking static target lib/librte_kvargs.a
[11/279] Compiling C object lib/librte_telemetry.a.p/telemetry_telemetry_data.c.o
[12/279] Compiling C object lib/librte_eal.a.p/eal_common_eal_common_config.c.o
[13/279] Compiling C object lib/librte_eal.a.p/eal_common_eal_common_launch.c.o
[14/279] Compiling C object lib/librte_telemetry.a.p/telemetry_telemetry_legacy.c.o
[15/279] Compiling C object lib/librte_eal.a.p/eal_common_eal_common_bus.c.o
[16/279] Compiling C object lib/librte_eal.a.p/eal_common_eal_common_devargs.c.o
[17/279] Compiling C object lib/librte_eal.a.p/eal_common_eal_common_interrupts.c.o
[18/279] Compiling C object lib/librte_eal.a.p/eal_common_eal_common_string_fns.c.o
[19/279] Compiling C object lib/librte_eal.a.p/eal_common_eal_common_mcfg.c.o
[20/279] Compiling C object lib/librte_eal.a.p/eal_common_eal_common_dev.c.o
[21/279] Compiling C object lib/librte_eal.a.p/eal_common_eal_common_lcore.c.o
[22/279] Compiling C object lib/librte_eal.a.p/eal_common_eal_common_memalloc.c.o
[23/279] Compiling C object lib/librte_eal.a.p/eal_common_eal_common_log.c.o
[24/279] Compiling C object lib/librte_eal.a.p/eal_common_eal_common_tailqs.c.o
[25/279] Compiling C object lib/librte_telemetry.a.p/telemetry_telemetry.c.o
[26/279] Linking static target lib/librte_telemetry.a
[27/279] Compiling C object lib/librte_eal.a.p/eal_common_eal_common_uuid.c.o
[28/279] Compiling C object lib/librte_eal.a.p/eal_common_eal_common_thread.c.o
[29/279] Compiling C object lib/librte_eal.a.p/eal_common_eal_common_memzone.c.o
[30/279] Linking target lib/librte_kvargs.so.22.2
[31/279] Compiling C object lib/librte_eal.a.p/eal_common_eal_common_timer.c.o
[32/279] Compiling C object lib/librte_eal.a.p/eal_common_rte_reciprocal.c.o
[33/279] Compiling C object lib/librte_eal.a.p/eal_common_rte_version.c.o
[34/279] Compiling C object lib/librte_eal.a.p/eal_common_eal_common_fbarray.c.o
[35/279] Compiling C object lib/librte_eal.a.p/eal_common_eal_common_hypervisor.c.o
[36/279] Compiling C object lib/librte_eal.a.p/eal_common_eal_common_cpuflags.c.o
[37/279] Compiling C object lib/librte_eal.a.p/eal_common_eal_common_trace_points.c.o
[38/279] Compiling C object lib/librte_eal.a.p/eal_common_eal_common_memory.c.o
[39/279] Compiling C object lib/librte_eal.a.p/eal_common_malloc_elem.c.o
[40/279] Compiling C object lib/librte_eal.a.p/eal_common_eal_common_dynmem.c.o
[41/279] Compiling C object lib/librte_eal.a.p/eal_common_rte_keepalive.c.o
[42/279] Compiling C object lib/librte_eal.a.p/eal_common_eal_common_trace_ctf.c.o
[43/279] Compiling C object lib/librte_eal.a.p/eal_common_rte_service.c.o
[44/279] Compiling C object lib/librte_eal.a.p/eal_common_hotplug_mp.c.o
[45/279] Compiling C object lib/librte_eal.a.p/eal_unix_eal_debug.c.o
[46/279] Compiling C object lib/librte_eal.a.p/eal_common_eal_common_trace_utils.c.o
[47/279] Compiling C object lib/librte_eal.a.p/eal_common_eal_common_trace.c.o
[48/279] Compiling C object lib/librte_eal.a.p/eal_unix_eal_firmware.c.o
[49/279] Compiling C object lib/librte_eal.a.p/eal_common_malloc_heap.c.o
[50/279] Compiling C object lib/librte_eal.a.p/eal_common_malloc_mp.c.o
[51/279] Compiling C object lib/librte_eal.a.p/eal_unix_eal_file.c.o
[52/279] Compiling C object lib/librte_eal.a.p/eal_unix_eal_unix_timer.c.o
[53/279] Compiling C object lib/librte_eal.a.p/eal_unix_eal_filesystem.c.o
[54/279] Compiling C object lib/librte_eal.a.p/eal_unix_rte_thread.c.o
[55/279] Linking target lib/librte_telemetry.so.22.2
[56/279] Compiling C object lib/librte_eal.a.p/eal_unix_eal_unix_thread.c.o
[57/279] Compiling C object lib/librte_eal.a.p/eal_common_rte_random.c.o
[58/279] Compiling C object lib/librte_eal.a.p/eal_linux_eal_cpuflags.c.o
[59/279] Compiling C object lib/librte_eal.a.p/eal_unix_eal_unix_memory.c.o
[60/279] Compiling C object lib/librte_eal.a.p/eal_common_eal_common_proc.c.o
[61/279] Compiling C object lib/librte_eal.a.p/eal_linux_eal_log.c.o
[62/279] Generating symbol file lib/librte_kvargs.so.22.2.p/librte_kvargs.so.22.2.symbols
[63/279] Compiling C object lib/librte_eal.a.p/eal_linux_eal_thread.c.o
[64/279] Compiling C object lib/librte_eal.a.p/eal_linux_eal_alarm.c.o
[65/279] Compiling C object lib/librte_eal.a.p/eal_linux_eal_lcore.c.o
[66/279] Compiling C object lib/librte_eal.a.p/eal_linux_eal_timer.c.o
[67/279] Compiling C object lib/librte_eal.a.p/eal_linux_eal_dev.c.o
[68/279] Compiling C object lib/librte_eal.a.p/eal_x86_rte_cpuflags.c.o
[69/279] Compiling C object lib/librte_eal.a.p/eal_linux_eal_vfio_mp_sync.c.o
[70/279] Compiling C object lib/librte_eal.a.p/eal_common_rte_malloc.c.o
[71/279] Generating lib/rte_rcu_def with a custom command
[72/279] Compiling C object lib/librte_eal.a.p/eal_x86_rte_spinlock.c.o
[73/279] Generating lib/rte_eal_def with a custom command
[74/279] Generating lib/rte_eal_mingw with a custom command
[75/279] Compiling C object lib/librte_eal.a.p/eal_linux_eal_hugepage_info.c.o
[76/279] Compiling C object lib/librte_eal.a.p/eal_x86_rte_hypervisor.c.o
[77/279] Generating lib/rte_rcu_mingw with a custom command
[78/279] Compiling C object lib/librte_eal.a.p/eal_x86_rte_cycles.c.o
[79/279] Generating lib/rte_ring_mingw with a custom command
[80/279] Generating lib/rte_ring_def with a custom command
[81/279] Generating lib/rte_mempool_def with a custom command
[82/279] Generating lib/rte_mempool_mingw with a custom command
[83/279] Compiling C object lib/librte_eal.a.p/eal_x86_rte_power_intrinsics.c.o
[84/279] Compiling C object lib/librte_eal.a.p/eal_linux_eal.c.o
[85/279] Compiling C object lib/librte_eal.a.p/eal_linux_eal_interrupts.c.o
[86/279] Compiling C object lib/librte_ring.a.p/ring_rte_ring.c.o
[87/279] Generating symbol file lib/librte_telemetry.so.22.2.p/librte_telemetry.so.22.2.symbols
[88/279] Linking static target lib/librte_ring.a
[89/279] Generating lib/rte_mbuf_def with a custom command
[90/279] Generating lib/rte_mbuf_mingw with a custom command
[91/279] Compiling C object lib/librte_eal.a.p/eal_linux_eal_memalloc.c.o
[92/279] Compiling C object lib/librte_eal.a.p/eal_common_eal_common_options.c.o
[93/279] Compiling C object lib/librte_eal.a.p/eal_linux_eal_memory.c.o
[94/279] Compiling C object lib/librte_eal.a.p/eal_linux_eal_vfio.c.o
[95/279] Linking static target lib/librte_eal.a
[96/279] Compiling C object lib/librte_mempool.a.p/mempool_rte_mempool_ops_default.c.o
[97/279] Compiling C object lib/librte_mempool.a.p/mempool_mempool_trace_points.c.o
[98/279] Compiling C object lib/librte_mempool.a.p/mempool_rte_mempool_ops.c.o
[99/279] Generating lib/rte_net_def with a custom command
[100/279] Generating lib/rte_net_mingw with a custom command
[101/279] Compiling C object lib/librte_mbuf.a.p/mbuf_rte_mbuf_pool_ops.c.o
[102/279] Compiling C object lib/librte_mbuf.a.p/mbuf_rte_mbuf_ptype.c.o
[103/279] Generating lib/rte_meter_def with a custom command
[104/279] Generating lib/rte_meter_mingw with a custom command
[105/279] Compiling C object lib/librte_rcu.a.p/rcu_rte_rcu_qsbr.c.o
[106/279] Linking static target lib/librte_rcu.a
[107/279] Compiling C object lib/librte_reorder.a.p/reorder_rte_reorder.c.o
[108/279] Compiling C object lib/net/libnet_crc_avx512_lib.a.p/net_crc_avx512.c.o
[109/279] Linking static target lib/net/libnet_crc_avx512_lib.a
[110/279] Compiling C object lib/librte_meter.a.p/meter_rte_meter.c.o
[111/279] Linking static target lib/librte_meter.a
[112/279] Compiling C object lib/librte_net.a.p/net_rte_ether.c.o
[113/279] Compiling C object lib/librte_net.a.p/net_rte_net_crc.c.o
[114/279] Compiling C object lib/librte_net.a.p/net_rte_arp.c.o
[115/279] Compiling C object lib/librte_mempool.a.p/mempool_rte_mempool.c.o
[116/279] Compiling C object lib/librte_mbuf.a.p/mbuf_rte_mbuf_dyn.c.o
[117/279] Linking static target lib/librte_mempool.a
[118/279] Compiling C object drivers/libtmp_rte_bus_pci.a.p/bus_pci_linux_pci_uio.c.o
[119/279] Compiling C object lib/librte_net.a.p/net_rte_net.c.o
[120/279] Compiling C object lib/librte_net.a.p/net_net_crc_sse.c.o
[121/279] Linking static target lib/librte_net.a
[122/279] Compiling C object lib/librte_ethdev.a.p/ethdev_ethdev_profile.c.o
[123/279] Generating lib/rte_ethdev_mingw with a custom command
[124/279] Compiling C object lib/librte_ethdev.a.p/ethdev_ethdev_trace_points.c.o
[125/279] Generating lib/rte_ethdev_def with a custom command
[126/279] Compiling C object lib/librte_ethdev.a.p/ethdev_ethdev_private.c.o
[127/279] Generating lib/rte_pci_def with a custom command
[128/279] Generating lib/rte_pci_mingw with a custom command
[129/279] Compiling C object lib/librte_mbuf.a.p/mbuf_rte_mbuf.c.o
[130/279] Linking static target lib/librte_mbuf.a
[131/279] Compiling C object lib/librte_ethdev.a.p/ethdev_rte_class_eth.c.o
[132/279] Compiling C object lib/librte_pci.a.p/pci_rte_pci.c.o
[133/279] Linking static target lib/librte_pci.a
[134/279] Compiling C object lib/librte_ethdev.a.p/ethdev_ethdev_driver.c.o
[135/279] Compiling C object lib/librte_cmdline.a.p/cmdline_cmdline.c.o
[136/279] Compiling C object lib/librte_ethdev.a.p/ethdev_sff_telemetry.c.o
[137/279] Compiling C object lib/librte_cmdline.a.p/cmdline_cmdline_cirbuf.c.o
[138/279] Compiling C object lib/librte_ethdev.a.p/ethdev_sff_8472.c.o
[139/279] Compiling C object lib/librte_ethdev.a.p/ethdev_rte_mtr.c.o
[140/279] Compiling C object lib/librte_cmdline.a.p/cmdline_cmdline_parse_portlist.c.o
[141/279] Compiling C object lib/librte_cmdline.a.p/cmdline_cmdline_parse.c.o
[142/279] Compiling C object lib/librte_cmdline.a.p/cmdline_cmdline_parse_num.c.o
[143/279] Compiling C object lib/librte_ethdev.a.p/ethdev_sff_common.c.o
[144/279] Compiling C object lib/librte_cmdline.a.p/cmdline_cmdline_parse_string.c.o
[145/279] Compiling C object lib/librte_ethdev.a.p/ethdev_sff_8079.c.o
[146/279] Generating lib/rte_cmdline_def with a custom command
[147/279] Generating lib/rte_cmdline_mingw with a custom command
[148/279] Compiling C object lib/librte_cmdline.a.p/cmdline_cmdline_vt100.c.o
[149/279] Compiling C object lib/librte_cmdline.a.p/cmdline_cmdline_socket.c.o
[150/279] Compiling C object lib/librte_ethdev.a.p/ethdev_rte_tm.c.o
[151/279] Generating lib/rte_hash_def with a custom command
[152/279] Generating lib/rte_hash_mingw with a custom command
[153/279] Generating lib/rte_timer_def with a custom command
[154/279] Generating lib/rte_timer_mingw with a custom command
[155/279] Compiling C object lib/librte_cmdline.a.p/cmdline_cmdline_os_unix.c.o
[156/279] Generating lib/rte_compressdev_def with a custom command
[157/279] Generating lib/rte_compressdev_mingw with a custom command
[158/279] Compiling C object lib/librte_hash.a.p/hash_rte_fbk_hash.c.o
[159/279] Compiling C object lib/librte_cmdline.a.p/cmdline_cmdline_rdline.c.o
[160/279] Compiling C object lib/librte_ethdev.a.p/ethdev_sff_8636.c.o
[161/279] Generating lib/rte_cryptodev_def with a custom command
[162/279] Compiling C object lib/librte_cmdline.a.p/cmdline_cmdline_parse_etheraddr.c.o
[163/279] Generating lib/rte_cryptodev_mingw with a custom command
[164/279] Compiling C object lib/librte_ethdev.a.p/ethdev_rte_flow.c.o
[165/279] Compiling C object lib/librte_cmdline.a.p/cmdline_cmdline_parse_ipaddr.c.o
[166/279] Linking static target lib/librte_cmdline.a
[167/279] Compiling C object lib/librte_power.a.p/power_power_common.c.o
[168/279] Compiling C object lib/librte_power.a.p/power_guest_channel.c.o
[169/279] Compiling C object lib/librte_power.a.p/power_power_kvm_vm.c.o
[170/279] Compiling C object lib/librte_timer.a.p/timer_rte_timer.c.o
[171/279] Linking static target lib/librte_timer.a
[172/279] Compiling C object lib/librte_compressdev.a.p/compressdev_rte_compressdev_pmd.c.o
[173/279] Compiling C object lib/librte_power.a.p/power_rte_power.c.o
[174/279] Generating lib/rte_power_mingw with a custom command
[175/279] Generating lib/rte_power_def with a custom command
[176/279] Compiling C object lib/librte_cryptodev.a.p/cryptodev_cryptodev_trace_points.c.o
[177/279] Generating lib/rte_dmadev_def with a custom command
[178/279] Generating lib/rte_dmadev_mingw with a custom command
[179/279] Linking static target lib/librte_reorder.a
[180/279] Compiling C object lib/librte_cryptodev.a.p/cryptodev_cryptodev_pmd.c.o
[181/279] Generating lib/rte_reorder_def with a custom command
[182/279] Generating lib/rte_reorder_mingw with a custom command
[183/279] Generating lib/rte_security_def with a custom command
[184/279] Generating lib/rte_security_mingw with a custom command
[185/279] Compiling C object lib/librte_compressdev.a.p/compressdev_rte_comp.c.o
[186/279] Compiling C object lib/librte_power.a.p/power_rte_power_empty_poll.c.o
[187/279] Compiling C object lib/librte_compressdev.a.p/compressdev_rte_compressdev.c.o
[188/279] Linking static target lib/librte_compressdev.a
[189/279] Compiling C object lib/librte_hash.a.p/hash_rte_thash.c.o
[190/279] Compiling C object lib/librte_vhost.a.p/vhost_fd_man.c.o
[191/279] Compiling C object lib/librte_power.a.p/power_power_acpi_cpufreq.c.o
[192/279] Compiling C object lib/librte_dmadev.a.p/dmadev_rte_dmadev.c.o
[193/279] Linking static target lib/librte_dmadev.a
[194/279] Generating lib/rte_vhost_def with a custom command
[195/279] Compiling C object lib/librte_power.a.p/power_power_cppc_cpufreq.c.o
[196/279] Generating lib/rte_vhost_mingw with a custom command
[197/279] Compiling C object drivers/libtmp_rte_bus_pci.a.p/bus_pci_pci_params.c.o
[198/279] Compiling C object lib/librte_power.a.p/power_power_pstate_cpufreq.c.o
[199/279] Compiling C object lib/librte_power.a.p/power_rte_power_pmd_mgmt.c.o
[200/279] Linking static target lib/librte_power.a
[201/279] Compiling C object drivers/libtmp_rte_bus_pci.a.p/bus_pci_pci_common_uio.c.o
[202/279] Generating drivers/rte_bus_pci_def with a custom command
[203/279] Generating drivers/rte_bus_pci_mingw with a custom command
[204/279] Compiling C object lib/librte_security.a.p/security_rte_security.c.o
[205/279] Linking static target lib/librte_security.a
[206/279] Compiling C object lib/librte_vhost.a.p/vhost_iotlb.c.o
[207/279] Generating drivers/rte_bus_vdev_def with a custom command
[208/279] Compiling C object lib/librte_vhost.a.p/vhost_vdpa.c.o
[209/279] Compiling C object drivers/libtmp_rte_bus_vdev.a.p/bus_vdev_vdev_params.c.o
[210/279] Generating drivers/rte_mempool_ring_def with a custom command
[211/279] Generating drivers/rte_bus_vdev_mingw with a custom command
[212/279] Generating drivers/rte_mempool_ring_mingw with a custom command
[213/279] Compiling C object drivers/libtmp_rte_bus_pci.a.p/bus_pci_pci_common.c.o
[214/279] Compiling C object lib/librte_vhost.a.p/vhost_socket.c.o
[215/279] Compiling C object drivers/libtmp_rte_bus_pci.a.p/bus_pci_linux_pci_vfio.c.o
[216/279] Compiling C object drivers/libtmp_rte_bus_vdev.a.p/bus_vdev_vdev.c.o
[217/279] Linking static target drivers/libtmp_rte_bus_vdev.a
[218/279] Compiling C object lib/librte_ethdev.a.p/ethdev_rte_ethdev.c.o
[219/279] Linking static target lib/librte_ethdev.a
[220/279] Compiling C object lib/librte_cryptodev.a.p/cryptodev_rte_cryptodev.c.o
[221/279] Linking static target lib/librte_cryptodev.a
[222/279] Compiling C object drivers/libtmp_rte_bus_pci.a.p/bus_pci_linux_pci.c.o
[223/279] Linking static target drivers/libtmp_rte_bus_pci.a
[224/279] Generating drivers/rte_bus_vdev.pmd.c with a custom command
[225/279] Compiling C object drivers/librte_bus_vdev.a.p/meson-generated_.._rte_bus_vdev.pmd.c.o
[226/279] Compiling C object drivers/librte_bus_vdev.so.22.2.p/meson-generated_.._rte_bus_vdev.pmd.c.o
[227/279] Linking static target drivers/librte_bus_vdev.a
[228/279] Compiling C object lib/librte_vhost.a.p/vhost_vhost.c.o
[229/279] Generating drivers/rte_bus_pci.pmd.c with a custom command
[230/279] Compiling C object drivers/librte_bus_pci.a.p/meson-generated_.._rte_bus_pci.pmd.c.o
[231/279] Compiling C object drivers/librte_bus_pci.so.22.2.p/meson-generated_.._rte_bus_pci.pmd.c.o
[232/279] Linking static target drivers/librte_bus_pci.a
[233/279] Compiling C object lib/librte_vhost.a.p/vhost_vhost_user.c.o
[234/279] Compiling C object drivers/libtmp_rte_mempool_ring.a.p/mempool_ring_rte_mempool_ring.c.o
[235/279] Linking static target drivers/libtmp_rte_mempool_ring.a
[236/279] Compiling C object lib/librte_hash.a.p/hash_rte_cuckoo_hash.c.o
[237/279] Linking static target lib/librte_hash.a
[238/279] Generating drivers/rte_mempool_ring.pmd.c with a custom command
[239/279] Compiling C object drivers/librte_mempool_ring.a.p/meson-generated_.._rte_mempool_ring.pmd.c.o
[240/279] Compiling C object drivers/librte_mempool_ring.so.22.2.p/meson-generated_.._rte_mempool_ring.pmd.c.o
[241/279] Linking static target drivers/librte_mempool_ring.a
[242/279] Compiling C object lib/librte_vhost.a.p/vhost_vhost_crypto.c.o
[243/279] Linking target lib/librte_eal.so.22.2
[244/279] Generating symbol file lib/librte_eal.so.22.2.p/librte_eal.so.22.2.symbols
[245/279] Linking target lib/librte_pci.so.22.2
[246/279] Linking target lib/librte_meter.so.22.2
[247/279] Linking target lib/librte_ring.so.22.2
[248/279] Linking target drivers/librte_bus_vdev.so.22.2
[249/279] Linking target lib/librte_dmadev.so.22.2
[250/279] Linking target lib/librte_timer.so.22.2
[251/279] Generating symbol file lib/librte_pci.so.22.2.p/librte_pci.so.22.2.symbols
[252/279] Generating symbol file lib/librte_meter.so.22.2.p/librte_meter.so.22.2.symbols
[253/279] Generating symbol file lib/librte_ring.so.22.2.p/librte_ring.so.22.2.symbols
[254/279] Generating symbol file lib/librte_dmadev.so.22.2.p/librte_dmadev.so.22.2.symbols
[255/279] Generating symbol file lib/librte_timer.so.22.2.p/librte_timer.so.22.2.symbols
[256/279] Linking target lib/librte_rcu.so.22.2
[257/279] Linking target lib/librte_mempool.so.22.2
[258/279] Linking target drivers/librte_bus_pci.so.22.2
[259/279] Generating symbol file lib/librte_rcu.so.22.2.p/librte_rcu.so.22.2.symbols
[260/279] Generating symbol file lib/librte_mempool.so.22.2.p/librte_mempool.so.22.2.symbols
[261/279] Linking target drivers/librte_mempool_ring.so.22.2
[262/279] Linking target lib/librte_mbuf.so.22.2
[263/279] Generating symbol file lib/librte_mbuf.so.22.2.p/librte_mbuf.so.22.2.symbols
[264/279] Linking target lib/librte_reorder.so.22.2
[265/279] Linking target lib/librte_compressdev.so.22.2
[266/279] Linking target lib/librte_net.so.22.2
[267/279] Generating symbol file lib/librte_net.so.22.2.p/librte_net.so.22.2.symbols
[268/279] Linking target lib/librte_cryptodev.so.22.2
[269/279] Compiling C object lib/librte_vhost.a.p/vhost_virtio_net.c.o
[270/279] Linking static target lib/librte_vhost.a
[271/279] Generating symbol file lib/librte_cryptodev.so.22.2.p/librte_cryptodev.so.22.2.symbols
[272/279] Linking target lib/librte_cmdline.so.22.2
[273/279] Linking target lib/librte_security.so.22.2
[274/279] Linking target lib/librte_hash.so.22.2
In function ‘_mm256_storeu_si256’,
    inlined from ‘rte_memcpy_generic’ at ../lib/eal/x86/include/rte_memcpy.h:347:2,
    inlined from ‘rte_thash_init_ctx’ at ../lib/eal/x86/include/rte_memcpy.h:851:10:
/usr/lib/gcc/x86_64-linux-gnu/10/include/avxintrin.h:928:8: warning: writing 32 bytes into a region of size 0 [-Wstringop-overflow=]
  928 |   *__P = __A;
      |        ^
../lib/hash/rte_thash.c: In function ‘rte_thash_init_ctx’:
../lib/hash/rte_thash.c:91:11: note: at offset 0 to object ‘hash_key’ with size 0 declared here
   91 |  uint8_t  hash_key[0];
      |           ^
In function ‘_mm_storeu_si128’,
    inlined from ‘rte_memcpy_generic’ at ../lib/eal/x86/include/rte_memcpy.h:334:2,
    inlined from ‘rte_thash_init_ctx’ at ../lib/eal/x86/include/rte_memcpy.h:851:10:
/usr/lib/gcc/x86_64-linux-gnu/10/include/emmintrin.h:727:8: warning: writing 16 bytes into a region of size 0 [-Wstringop-overflow=]
  727 |   *__P = __B;
      |        ^
../lib/hash/rte_thash.c: In function ‘rte_thash_init_ctx’:
../lib/hash/rte_thash.c:91:11: note: at offset 0 to object ‘hash_key’ with size 0 declared here
   91 |  uint8_t  hash_key[0];
      |           ^
In function ‘_mm_storeu_si128’,
    inlined from ‘rte_memcpy_generic’ at ../lib/eal/x86/include/rte_memcpy.h:334:2,
    inlined from ‘rte_thash_init_ctx’ at ../lib/eal/x86/include/rte_memcpy.h:851:10:
/usr/lib/gcc/x86_64-linux-gnu/10/include/emmintrin.h:727:8: warning: writing 16 bytes into a region of size 0 [-Wstringop-overflow=]
  727 |   *__P = __B;
      |        ^
../lib/hash/rte_thash.c: In function ‘rte_thash_init_ctx’:
../lib/hash/rte_thash.c:91:11: note: at offset 0 to object ‘hash_key’ with size 0 declared here
   91 |  uint8_t  hash_key[0];
      |           ^
In function ‘_mm256_storeu_si256’,
    inlined from ‘rte_memcpy_aligned’ at ../lib/eal/x86/include/rte_memcpy.h:347:2,
    inlined from ‘rte_thash_init_ctx’ at ../lib/eal/x86/include/rte_memcpy.h:849:10:
/usr/lib/gcc/x86_64-linux-gnu/10/include/avxintrin.h:928:8: warning: writing 32 bytes into a region of size 0 [-Wstringop-overflow=]
  928 |   *__P = __A;
      |        ^
../lib/hash/rte_thash.c: In function ‘rte_thash_init_ctx’:
../lib/hash/rte_thash.c:91:11: note: at offset 0 to object ‘hash_key’ with size 0 declared here
   91 |  uint8_t  hash_key[0];
      |           ^
In function ‘_mm_storeu_si128’,
    inlined from ‘rte_memcpy_aligned’ at ../lib/eal/x86/include/rte_memcpy.h:334:2,
    inlined from ‘rte_thash_init_ctx’ at ../lib/eal/x86/include/rte_memcpy.h:849:10:
/usr/lib/gcc/x86_64-linux-gnu/10/include/emmintrin.h:727:8: warning: writing 16 bytes into a region of size 0 [-Wstringop-overflow=]
  727 |   *__P = __B;
      |        ^
../lib/hash/rte_thash.c: In function ‘rte_thash_init_ctx’:
../lib/hash/rte_thash.c:91:11: note: at offset 0 to object ‘hash_key’ with size 0 declared here
   91 |  uint8_t  hash_key[0];
      |           ^
[275/279] Generating symbol file lib/librte_hash.so.22.2.p/librte_hash.so.22.2.symbols
[276/279] Linking target lib/librte_ethdev.so.22.2
[277/279] Generating symbol file lib/librte_ethdev.so.22.2.p/librte_ethdev.so.22.2.symbols
[278/279] Linking target lib/librte_power.so.22.2
[279/279] Linking target lib/librte_vhost.so.22.2
  CC lib/log/log.o
  CC lib/ut_mock/mock.o
  CC lib/log/log_flags.o
  LIB libspdk_ut_mock.a
  LIB libspdk_log.a
  CC lib/dma/dma.o
  CC lib/ioat/ioat.o
  CXX lib/trace_parser/trace.o
  CC lib/util/base64.o
  CC lib/util/bit_array.o
  CC lib/util/cpuset.o
  CC lib/util/crc16.o
  CC lib/util/crc32.o
  CC lib/util/crc32c.o
  CC lib/util/crc32_ieee.o
  CC lib/util/dif.o
  CC lib/util/fd.o
  CC lib/util/file.o
  CC lib/util/hexlify.o
  CC lib/util/iov.o
  CC lib/vfio_user/host/vfio_user_pci.o
  CC lib/vfio_user/host/vfio_user.o
  CC lib/util/math.o
  CC lib/util/pipe.o
  LIB libspdk_dma.a
  CC lib/util/strerror_tls.o
  CC lib/util/string.o
  CC lib/util/uuid.o
  CC lib/util/fd_group.o
  CC lib/util/xor.o
  CC lib/util/zipf.o
  LIB libspdk_ioat.a
  LIB libspdk_vfio_user.a
  LIB libspdk_util.a
  CC lib/json/json_parse.o
  CC lib/conf/conf.o
  CC lib/json/json_util.o
  CC lib/vmd/vmd.o
  CC lib/json/json_write.o
  CC lib/vmd/led.o
  CC lib/env_dpdk/env.o
  CC lib/env_dpdk/memory.o
  CC lib/env_dpdk/pci.o
  CC lib/env_dpdk/init.o
  CC lib/env_dpdk/threads.o
  CC lib/env_dpdk/pci_ioat.o
  CC lib/env_dpdk/pci_virtio.o
  CC lib/env_dpdk/pci_vmd.o
  CC lib/env_dpdk/pci_idxd.o
  CC lib/env_dpdk/pci_event.o
  CC lib/env_dpdk/sigbus_handler.o
  CC lib/env_dpdk/pci_dpdk.o
  CC lib/env_dpdk/pci_dpdk_2207.o
  LIB libspdk_conf.a
  LIB libspdk_json.a
  LIB libspdk_trace_parser.a
  LIB libspdk_vmd.a
  CC lib/jsonrpc/jsonrpc_server.o
  CC lib/jsonrpc/jsonrpc_server_tcp.o
  CC lib/jsonrpc/jsonrpc_client.o
  CC lib/jsonrpc/jsonrpc_client_tcp.o
  LIB libspdk_jsonrpc.a
  CC lib/rpc/rpc.o
  LIB libspdk_rpc.a
  CC lib/sock/sock.o
  CC lib/trace/trace.o
  CC lib/sock/sock_rpc.o
  CC lib/trace/trace_flags.o
  CC lib/notify/notify.o
  CC lib/trace/trace_rpc.o
  CC lib/notify/notify_rpc.o
  LIB libspdk_notify.a
  LIB libspdk_trace.a
  LIB libspdk_env_dpdk.a
  LIB libspdk_sock.a
  CC lib/thread/thread.o
  CC lib/nvme/nvme_ctrlr_cmd.o
  CC lib/nvme/nvme_ctrlr.o
  CC lib/nvme/nvme_fabric.o
  CC lib/nvme/nvme_ns_cmd.o
  CC lib/nvme/nvme_ns.o
  CC lib/nvme/nvme_pcie_common.o
  CC lib/nvme/nvme_pcie.o
  CC lib/nvme/nvme_qpair.o
  CC lib/nvme/nvme.o
  CC lib/nvme/nvme_quirks.o
  CC lib/nvme/nvme_transport.o
  CC lib/nvme/nvme_discovery.o
  CC lib/nvme/nvme_ctrlr_ocssd_cmd.o
  CC lib/nvme/nvme_ns_ocssd_cmd.o
  CC lib/nvme/nvme_tcp.o
  LIB libspdk_thread.a
  CC lib/bdev/bdev.o
  CC lib/nvme/nvme_opal.o
  CC lib/nvme/nvme_io_msg.o
  CC lib/nvme/nvme_poll_group.o
  CC lib/nvme/nvme_zns.o
  CC lib/nvme/nvme_vfio_user.o
  CC lib/bdev/bdev_rpc.o
  CC lib/bdev/bdev_zone.o
  CC lib/bdev/part.o
  CC lib/bdev/scsi_nvme.o
  CC lib/blob/blobstore.o
  CC lib/blob/request.o
  CC lib/accel/accel.o
  CC lib/init/json_config.o
  CC lib/blob/zeroes.o
  CC lib/blob/blob_bs_dev.o
  CC lib/init/subsystem.o
  CC lib/init/subsystem_rpc.o
  CC lib/init/rpc.o
  CC lib/accel/accel_rpc.o
  CC lib/accel/accel_sw.o
  LIB libspdk_init.a
  LIB libspdk_bdev.a
  LIB libspdk_accel.a
  CC lib/event/app.o
  CC lib/event/reactor.o
  CC lib/event/log_rpc.o
  CC lib/event/app_rpc.o
  CC lib/event/scheduler_static.o
  CC lib/nbd/nbd.o
  CC lib/scsi/dev.o
  CC lib/nbd/nbd_rpc.o
  CC lib/scsi/lun.o
  CC lib/scsi/port.o
  CC lib/ftl/ftl_core.o
  CC lib/scsi/scsi.o
  CC lib/scsi/scsi_bdev.o
  CC lib/scsi/scsi_pr.o
  LIB libspdk_nvme.a
  CC lib/ftl/ftl_init.o
  CC lib/ftl/ftl_layout.o
  CC lib/ftl/ftl_debug.o
  CC lib/scsi/scsi_rpc.o
  CC lib/ftl/ftl_io.o
  CC lib/scsi/task.o
  CC lib/ftl/ftl_sb.o
  CC lib/ftl/ftl_l2p.o
  LIB libspdk_blob.a
  CC lib/ftl/ftl_l2p_flat.o
  LIB libspdk_nbd.a
  LIB libspdk_event.a
  CC lib/nvmf/ctrlr.o
  CC lib/ftl/ftl_nv_cache.o
  CC lib/blobfs/blobfs.o
  CC lib/lvol/lvol.o
  CC lib/nvmf/ctrlr_discovery.o
  CC lib/ftl/ftl_band.o
  CC lib/ftl/ftl_band_ops.o
  CC lib/ftl/ftl_writer.o
  CC lib/ftl/ftl_rq.o
  CC lib/ftl/ftl_reloc.o
  LIB libspdk_scsi.a
  CC lib/ftl/ftl_l2p_cache.o
  CC lib/ftl/ftl_p2l.o
  CC lib/ftl/ftl_trace.o
  CC lib/ftl/mngt/ftl_mngt.o
  CC lib/ftl/mngt/ftl_mngt_bdev.o
  CC lib/iscsi/conn.o
  CC lib/nvmf/ctrlr_bdev.o
  CC lib/ftl/mngt/ftl_mngt_shutdown.o
  LIB libspdk_lvol.a
  CC lib/ftl/mngt/ftl_mngt_startup.o
  CC lib/nvmf/subsystem.o
  CC lib/iscsi/init_grp.o
  CC lib/iscsi/iscsi.o
  CC lib/ftl/mngt/ftl_mngt_md.o
  CC lib/ftl/mngt/ftl_mngt_misc.o
  CC lib/ftl/mngt/ftl_mngt_ioch.o
  CC lib/blobfs/tree.o
  CC lib/ftl/mngt/ftl_mngt_l2p.o
  CC lib/ftl/mngt/ftl_mngt_band.o
  CC lib/ftl/mngt/ftl_mngt_self_test.o
  CC lib/ftl/mngt/ftl_mngt_p2l.o
  CC lib/nvmf/nvmf.o
  CC lib/ftl/mngt/ftl_mngt_recovery.o
  CC lib/ftl/mngt/ftl_mngt_upgrade.o
  CC lib/iscsi/md5.o
  CC lib/iscsi/param.o
  CC lib/nvmf/nvmf_rpc.o
  LIB libspdk_blobfs.a
  CC lib/nvmf/transport.o
  CC lib/ftl/utils/ftl_conf.o
  CC lib/ftl/utils/ftl_md.o
  CC lib/ftl/utils/ftl_mempool.o
  CC lib/ftl/utils/ftl_bitmap.o
  CC lib/ftl/upgrade/ftl_layout_upgrade.o
  CC lib/ftl/upgrade/ftl_sb_upgrade.o
  CC lib/ftl/upgrade/ftl_p2l_upgrade.o
  CC lib/iscsi/portal_grp.o
  CC lib/nvmf/tcp.o
  CC lib/ftl/upgrade/ftl_band_upgrade.o
  CC lib/ftl/upgrade/ftl_chunk_upgrade.o
  CC lib/iscsi/tgt_node.o
  CC lib/iscsi/iscsi_subsystem.o
  CC lib/iscsi/iscsi_rpc.o
  CC lib/iscsi/task.o
  LIB libspdk_ftl.a
  LIB libspdk_iscsi.a
  LIB libspdk_nvmf.a
  CC module/env_dpdk/env_dpdk_rpc.o
  CC module/blob/bdev/blob_bdev.o
  CC module/accel/ioat/accel_ioat.o
  CC module/scheduler/dpdk_governor/dpdk_governor.o
  CC module/accel/ioat/accel_ioat_rpc.o
  CC module/scheduler/dynamic/scheduler_dynamic.o
  CC module/scheduler/gscheduler/gscheduler.o
  CC module/sock/uring/uring.o
  CC module/sock/posix/posix.o
  LIB libspdk_scheduler_gscheduler.a
  LIB libspdk_scheduler_dpdk_governor.a
  LIB libspdk_scheduler_dynamic.a
  LIB libspdk_blob_bdev.a
  LIB libspdk_env_dpdk_rpc.a
  LIB libspdk_accel_ioat.a
  LIB libspdk_sock_uring.a
  CC module/bdev/lvol/vbdev_lvol.o
  CC module/bdev/error/vbdev_error.o
  CC module/bdev/gpt/gpt.o
  CC module/blobfs/bdev/blobfs_bdev.o
  CC module/bdev/null/bdev_null.o
  CC module/bdev/delay/vbdev_delay.o
  CC module/bdev/malloc/bdev_malloc.o
  CC module/bdev/nvme/bdev_nvme.o
  CC module/bdev/passthru/vbdev_passthru.o
  CC module/bdev/split/vbdev_split.o
  CC module/bdev/xnvme/bdev_xnvme.o
  CC module/bdev/zone_block/vbdev_zone_block.o
  CC module/bdev/raid/bdev_raid.o
  CC module/bdev/zone_block/vbdev_zone_block_rpc.o
  CC module/bdev/uring/bdev_uring.o
  LIB libspdk_sock_posix.a
  CC module/bdev/error/vbdev_error_rpc.o
  CC module/bdev/gpt/vbdev_gpt.o
  CC module/blobfs/bdev/blobfs_bdev_rpc.o
  CC module/bdev/split/vbdev_split_rpc.o
  CC module/bdev/nvme/bdev_nvme_rpc.o
  CC module/bdev/null/bdev_null_rpc.o
  CC module/bdev/malloc/bdev_malloc_rpc.o
  CC module/bdev/passthru/vbdev_passthru_rpc.o
  CC module/bdev/xnvme/bdev_xnvme_rpc.o
  CC module/bdev/delay/vbdev_delay_rpc.o
  LIB libspdk_bdev_zone_block.a
  CC module/bdev/aio/bdev_aio.o
  CC module/bdev/aio/bdev_aio_rpc.o
  CC module/bdev/raid/bdev_raid_rpc.o
  CC module/bdev/lvol/vbdev_lvol_rpc.o
  CC module/bdev/uring/bdev_uring_rpc.o
  LIB libspdk_bdev_error.a
  LIB libspdk_bdev_split.a
  LIB libspdk_blobfs_bdev.a
  LIB libspdk_bdev_passthru.a
  CC module/bdev/ftl/bdev_ftl.o
  LIB libspdk_bdev_malloc.a
  CC module/bdev/ftl/bdev_ftl_rpc.o
  LIB libspdk_bdev_gpt.a
  CC module/bdev/nvme/nvme_rpc.o
  LIB libspdk_bdev_null.a
  CC module/bdev/nvme/vbdev_opal.o
  CC module/bdev/raid/raid0.o
  LIB libspdk_bdev_xnvme.a
  CC module/bdev/raid/concat.o
  CC module/bdev/nvme/vbdev_opal_rpc.o
  LIB libspdk_bdev_delay.a
  LIB libspdk_bdev_uring.a
  LIB libspdk_bdev_aio.a
  LIB libspdk_bdev_lvol.a
  LIB libspdk_bdev_ftl.a
  LIB libspdk_bdev_raid.a
  LIB libspdk_bdev_nvme.a
  CC module/event/subsystems/accel/accel.o
  CC module/event/subsystems/sock/sock.o
  CC module/event/subsystems/vmd/vmd.o
  CC module/event/subsystems/vmd/vmd_rpc.o
  CC module/event/subsystems/scheduler/scheduler.o
  LIB libspdk_event_sock.a
  LIB libspdk_event_accel.a
  LIB libspdk_event_scheduler.a
  LIB libspdk_event_vmd.a
  CC module/event/subsystems/bdev/bdev.o
  LIB libspdk_event_bdev.a
  CC module/event/subsystems/scsi/scsi.o
  CC module/event/subsystems/nbd/nbd.o
  CC module/event/subsystems/nvmf/nvmf_rpc.o
  CC module/event/subsystems/nvmf/nvmf_tgt.o
  LIB libspdk_event_nbd.a
  LIB libspdk_event_scsi.a
  LIB libspdk_event_nvmf.a
  CC module/event/subsystems/iscsi/iscsi.o
  LIB libspdk_event_iscsi.a
make[2]: Nothing to be done for 'all'.
  CC app/trace_record/trace_record.o
  CXX app/trace/trace.o
  CC app/iscsi_top/iscsi_top.o
  CXX test/cpp_headers/accel.o
  CC examples/ioat/perf/perf.o
  CC examples/nvme/hello_world/hello_world.o
  CC examples/accel/perf/accel_perf.o
  CC examples/sock/hello_world/hello_sock.o
  CC app/nvmf_tgt/nvmf_main.o
  CC examples/blob/hello_world/hello_blob.o
  CC test/bdev/bdevio/bdevio.o
  CC test/blobfs/mkfs/mkfs.o
  CC examples/bdev/fio_plugin/fio_plugin.o
  CC app/iscsi_tgt/iscsi_tgt.o
  CC examples/bdev/hello_world/hello_bdev.o
  CC test/app/bdev_svc/bdev_svc.o
  LINK ioat_perf
  LINK spdk_trace_record
  LINK iscsi_top
  LINK hello_sock
  LINK accel_perf
  LINK hello_world
  CXX test/cpp_headers/assert.o
  LINK nvmf_tgt
  LINK mkfs
  LINK hello_blob
  LINK hello_bdev
  LINK bdev_svc
  LINK iscsi_tgt
  LINK bdevio
  LINK spdk_trace
  LINK spdk_bdev
  CXX test/cpp_headers/barrier.o
  CXX test/cpp_headers/base64.o
  CXX test/cpp_headers/bdev.o
  CXX test/cpp_headers/bdev_module.o
  CXX test/cpp_headers/bdev_zone.o
  CXX test/cpp_headers/bit_array.o
  CXX test/cpp_headers/bit_pool.o
  CXX test/cpp_headers/blob_bdev.o
  CC examples/nvme/identify/identify.o
  CXX test/cpp_headers/blobfs_bdev.o
  CXX test/cpp_headers/blobfs.o
  CXX test/cpp_headers/blob.o
  LINK identify
  CXX test/cpp_headers/conf.o
  CXX test/cpp_headers/config.o
  CXX test/cpp_headers/cpuset.o
  CXX test/cpp_headers/crc16.o
  CXX test/cpp_headers/crc32.o
  CXX test/cpp_headers/dif.o
  CXX test/cpp_headers/dma.o
  CXX test/cpp_headers/endian.o
  CXX test/cpp_headers/env_dpdk.o
  CXX test/cpp_headers/env.o
  CXX test/cpp_headers/event.o
  CXX test/cpp_headers/fd_group.o
  CXX test/cpp_headers/fd.o
  CXX test/cpp_headers/file.o
  CXX test/cpp_headers/ftl.o
  CXX test/cpp_headers/gpt_spec.o
  CXX test/cpp_headers/hexlify.o
  CXX test/cpp_headers/histogram_data.o
  CXX test/cpp_headers/idxd.o
  CXX test/cpp_headers/idxd_spec.o
  CXX test/cpp_headers/init.o
  CC examples/ioat/verify/verify.o
  CXX test/cpp_headers/ioat.o
  LINK verify
  CXX test/cpp_headers/ioat_spec.o
  CXX test/cpp_headers/iscsi_spec.o
  CXX test/cpp_headers/json.o
  CXX test/cpp_headers/jsonrpc.o
  CXX test/cpp_headers/likely.o
  CC examples/vmd/lsvmd/lsvmd.o
  LINK lsvmd
  CXX test/cpp_headers/log.o
  CXX test/cpp_headers/lvol.o
  CXX test/cpp_headers/memory.o
  CXX test/cpp_headers/mmio.o
  CXX test/cpp_headers/nbd.o
  CXX test/cpp_headers/notify.o
  CXX test/cpp_headers/nvme.o
  CXX test/cpp_headers/nvme_intel.o
  CXX test/cpp_headers/nvme_ocssd.o
  CXX test/cpp_headers/nvme_ocssd_spec.o
  CXX test/cpp_headers/nvme_spec.o
  CXX test/cpp_headers/nvme_zns.o
  CXX test/cpp_headers/nvmf_cmd.o
  CXX test/cpp_headers/nvmf_fc_spec.o
  CXX test/cpp_headers/nvmf.o
  CXX test/cpp_headers/nvmf_spec.o
  CXX test/cpp_headers/nvmf_transport.o
  CXX test/cpp_headers/opal.o
  CXX test/cpp_headers/opal_spec.o
  CXX test/cpp_headers/pci_ids.o
  CXX test/cpp_headers/pipe.o
  CXX test/cpp_headers/queue.o
  CC examples/nvme/perf/perf.o
  CXX test/cpp_headers/reduce.o
  CXX test/cpp_headers/rpc.o
  LINK perf
  CXX test/cpp_headers/scheduler.o
  CXX test/cpp_headers/scsi.o
  CXX test/cpp_headers/scsi_spec.o
  CXX test/cpp_headers/sock.o
  CXX test/cpp_headers/stdinc.o
  CXX test/cpp_headers/string.o
  CXX test/cpp_headers/thread.o
  CXX test/cpp_headers/trace.o
  CXX test/cpp_headers/trace_parser.o
  CXX test/cpp_headers/tree.o
  CXX test/cpp_headers/util.o
  CXX test/cpp_headers/uuid.o
  CC examples/nvme/reconnect/reconnect.o
  CXX test/cpp_headers/version.o
  CXX test/cpp_headers/vfio_user_pci.o
  CC examples/nvmf/nvmf/nvmf.o
  LINK reconnect
  CXX test/cpp_headers/vfio_user_spec.o
  CXX test/cpp_headers/vhost.o
  LINK nvmf
  CXX test/cpp_headers/vmd.o
  CXX test/cpp_headers/xor.o
  CXX test/cpp_headers/zipf.o
  CC test/env/mem_callbacks/mem_callbacks.o
  CC examples/nvme/nvme_manage/nvme_manage.o
  LINK mem_callbacks
  LINK nvme_manage
  CC examples/nvme/arbitration/arbitration.o
  LINK arbitration
  CC examples/vmd/led/led.o
  LINK led
  CC examples/util/zipf/zipf.o
  LINK zipf
  CC test/env/vtophys/vtophys.o
  LINK vtophys
  CC examples/nvme/hotplug/hotplug.o
  LINK hotplug
  CC examples/nvme/cmb_copy/cmb_copy.o
  LINK cmb_copy
  CC examples/nvme/abort/abort.o
  LINK abort
  CC examples/nvme/pmr_persistence/pmr_persistence.o
  LINK pmr_persistence
  CC examples/nvme/discovery_aer/discovery_aer.o
  LINK discovery_aer
  CC examples/nvme/fio_plugin/fio_plugin.o
  LINK spdk_nvme
  CC test/env/env_dpdk_post_init/env_dpdk_post_init.o
  LINK env_dpdk_post_init
  CC test/env/memory/memory_ut.o
  LINK memory_ut
  CC examples/blob/cli/blobcli.o
  LINK blobcli
  CC test/env/pci/pci_ut.o
  CC test/bdev/bdevperf/bdevperf.o
  LINK pci_ut
  LINK bdevperf
  CC test/app/fuzz/nvme_fuzz/nvme_fuzz.o
  LINK nvme_fuzz
  CC test/event/event_perf/event_perf.o
  LINK event_perf
  CC test/event/reactor/reactor.o
  LINK reactor
  CC test/event/reactor_perf/reactor_perf.o
  LINK reactor_perf
  CC app/spdk_tgt/spdk_tgt.o
  LINK spdk_tgt
  CC test/nvme/aer/aer.o
  LINK aer
  CC test/nvme/reset/reset.o
  CC test/nvme/sgl/sgl.o
  LINK reset
  CC test/app/fuzz/iscsi_fuzz/iscsi_fuzz.o
  LINK sgl
  LINK iscsi_fuzz
  CC test/nvme/e2edp/nvme_dp.o
  LINK nvme_dp
  CC test/nvme/overhead/overhead.o
  LINK overhead
  CC test/rpc_client/rpc_client_test.o
  LINK rpc_client_test
  CC test/event/app_repeat/app_repeat.o
  LINK app_repeat
  CC test/thread/poller_perf/poller_perf.o
  LINK poller_perf
  CC test/event/scheduler/scheduler.o
  LINK scheduler
  CC test/nvme/err_injection/err_injection.o
  LINK err_injection
  CC test/nvme/startup/startup.o
  LINK startup
  CC test/nvme/reserve/reserve.o
  LINK reserve
  CC test/nvme/simple_copy/simple_copy.o
  LINK simple_copy
  CC test/nvme/connect_stress/connect_stress.o
  LINK connect_stress
  CC test/app/histogram_perf/histogram_perf.o
  LINK histogram_perf
  CC test/nvme/boot_partition/boot_partition.o
  LINK boot_partition
  CC test/nvme/compliance/nvme_compliance.o
  LINK nvme_compliance
  CC test/nvme/fused_ordering/fused_ordering.o
  LINK fused_ordering
  CC test/app/jsoncat/jsoncat.o
  LINK jsoncat
  CC test/app/stub/stub.o
  LINK stub
  CC app/spdk_lspci/spdk_lspci.o
  LINK spdk_lspci
  CC app/spdk_top/spdk_top.o
  LINK spdk_top
  CC app/spdk_dd/spdk_dd.o
  LINK spdk_dd
