    CC crc/crc16.o
    CC crc/crc32.o
    CC crc/crc32c-arm64.o
    CC crc/crc32c-intel.o
    CC crc/crc32c.o
    CC crc/crc64.o
    CC crc/crc7.o
    CC crc/fnv.o
    CC crc/md5.o
    CC crc/murmur3.o
    CC crc/sha1.o
    CC crc/sha256.o
    CC crc/sha3.o
    CC crc/sha512.o
    CC crc/test.o
    CC crc/xxhash.o
    CC lib/axmap.o
    CC lib/bloom.o
    CC lib/flist_sort.o
    CC lib/gauss.o
    CC lib/getrusage.o
    CC lib/hweight.o
    CC lib/ieee754.o
    CC lib/lfsr.o
    CC lib/memalign.o
    CC lib/memcpy.o
    CC lib/mountcheck.o
    CC lib/num2str.o
    CC lib/output_buffer.o
    CC lib/pattern.o
    CC lib/prio_tree.o
    CC lib/rand.o
    CC lib/rbtree.o
    CC lib/strntol.o
    CC lib/zipf.o
    CC gettime.o
    CC ioengines.o
    CC init.o
    CC stat.o
    CC log.o
    CC time.o
    CC filesetup.o
    CC eta.o
    CC verify.o
    CC memory.o
    CC io_u.o
  YACC y.tab.c
    CC fio_sem.o
    CC rwlock.o
    CC pshared.o
    CC options.o
    CC smalloc.o
    CC filehash.o
    CC profile.o
    CC debug.o
    CC engines/cpu.o
    CC engines/mmap.o
    CC engines/sync.o
    CC engines/null.o
    CC engines/net.o
    CC engines/ftruncate.o
    CC engines/fileoperations.o
    CC engines/exec.o
    CC server.o
    CC client.o
    CC iolog.o
    CC backend.o
    CC libfio.o
    CC flow.o
    CC cconv.o
    CC gettime-thread.o
    CC helpers.o
    CC json.o
    CC idletime.o
    CC td_error.o
    CC profiles/tiobench.o
    CC profiles/act.o
    CC io_u_queue.o
    CC filelock.o
    CC workqueue.o
    CC rate-submit.o
    CC optgroup.o
    CC helper_thread.o
    CC steadystate.o
    CC zone-dist.o
    CC zbd.o
    CC dedupe.o
    CC engines/posixaio.o
    CC engines/falloc.o
    CC engines/e4defrag.o
    CC engines/splice.o
    CC oslib/asprintf.o
    CC oslib/strlcat.o
    CC engines/mtd.o
    CC oslib/libmtd.o
    CC oslib/libmtd_legacy.o
    CC diskutil.o
    CC fifo.o
    CC blktrace.o
    CC cgroup.o
    CC trim.o
    CC engines/sg.o
    CC oslib/linux-dev-lookup.o
    CC engines/io_uring.o
    CC engines/nvme.o
    CC oslib/linux-blkzoned.o
    CC engines/cmdprio.o
    CC engines/libaio.o
    CC fio.o
    CC t/log.o
    CC t/genzipf.o
    CC oslib/strcasestr.o
    CC oslib/strndup.o
    CC t/btrace2fio.o
    CC t/dedupe.o
    CC t/debug.o
    CC t/arch.o
    CC t/verify-state.o
    CC t/stest.o
    CC t/ieee754.o
    CC t/axmap.o
    CC t/lfsr-test.o
    CC t/gen-rand.o
    CC t/memlock.o
    CC t/read-to-pipe-async.o
    CC t/io_uring.o
    CC unittests/unittest.o
    CC unittests/lib/memalign.o
    CC unittests/lib/num2str.o
    CC unittests/lib/strntol.o
    CC unittests/oslib/strlcat.o
    CC unittests/oslib/strndup.o
    CC unittests/oslib/strcasestr.o
    CC unittests/oslib/strsep.o
    CC oslib/strsep.o
    CC lex.yy.o
    CC y.tab.o
  LINK t/fio-genzipf
  LINK t/fio-verify-state
  LINK t/stest
  LINK t/ieee754
  LINK t/axmap
  LINK t/lfsr-test
  LINK t/gen-rand
  LINK t/memlock
  LINK t/fio-dedupe
  LINK unittests/unittest
  LINK t/read-to-pipe-async
    CC parse.o
  LINK t/fio-btrace2fio
  LINK t/io_uring
  LINK fio
FIO_VERSION = fio-3.32
