Running I/O for 10 seconds...
 Job: bdev_xnvme_io_uring_device0n1 (Core Mask 0x1)
	 bdev_xnvme_io_uring_device0n1:   81086.23 IOPS      39.59 MiB/s
 Job: bdev_xnvme_io_uring_device1n1 (Core Mask 0x1)
	 bdev_xnvme_io_uring_device1n1:   81087.33 IOPS      39.59 MiB/s
 Job: bdev_xnvme_io_uring_device2n1 (Core Mask 0x1)
	 bdev_xnvme_io_uring_device2n1:   81088.78 IOPS      39.59 MiB/s
 Job: bdev_xnvme_io_uring_device3n1 (Core Mask 0x1)
	 bdev_xnvme_io_uring_device3n1:   81090.56 IOPS      39.59 MiB/s
 Job: bdev_xnvme_io_uring_device4n1 (Core Mask 0x1)
	 bdev_xnvme_io_uring_device4n1:   81092.58 IOPS      39.60 MiB/s
 Job: bdev_xnvme_io_uring_device5n1 (Core Mask 0x1)
	 bdev_xnvme_io_uring_device5n1:   81095.37 IOPS      39.60 MiB/s
 Job: bdev_xnvme_io_uring_device6n1 (Core Mask 0x1)
	 bdev_xnvme_io_uring_device6n1:   81098.60 IOPS      39.60 MiB/s
 Job: bdev_xnvme_io_uring_device7n1 (Core Mask 0x1)
	 bdev_xnvme_io_uring_device7n1:   81614.32 IOPS      39.85 MiB/s
 =============================================================
 Total                       :  649253.77 IOPS     317.02 MiB/s
[2022-10-30 21:44:40.638472] Starting SPDK v23.01-pre git sha1 fd41a2937 / DPDK 22.07.0 initialization...
[2022-10-30 21:44:40.638501] [ DPDK EAL parameters: [2022-10-30 21:44:40.638506] bdevperf [2022-10-30 21:44:40.638508] --no-shconf [2022-10-30 21:44:40.638511] -l 0 [2022-10-30 21:44:40.638513] --huge-unlink [2022-10-30 21:44:40.638516] --log-level=lib.eal:6 [2022-10-30 21:44:40.638518] --log-level=lib.cryptodev:5 [2022-10-30 21:44:40.638520] --log-level=user1:6 [2022-10-30 21:44:40.638522] --iova-mode=pa [2022-10-30 21:44:40.638525] --base-virtaddr=0x200000000000 [2022-10-30 21:44:40.638527] --match-allocations [2022-10-30 21:44:40.638529] --file-prefix=spdk_pid58199 [2022-10-30 21:44:40.638532] ]
TELEMETRY: No legacy callbacks, legacy socket not created
[2022-10-30 21:44:40.648520] app.c: 586:spdk_app_start: *NOTICE*: Total cores available: 1
[2022-10-30 21:44:40.692583] reactor.c: 926:reactor_run: *NOTICE*: Reactor started on core 0
[2022-10-30 21:44:40.692938] accel_sw.c: 461:sw_accel_module_init: *NOTICE*: Accel framework software module initialized.
