Running I/O for 10 seconds...
 Job: bdev_xnvme_io_uring_device0n1 (Core Mask 0x1)
	 bdev_xnvme_io_uring_device0n1:   75948.68 IOPS      37.08 MiB/s
 Job: bdev_xnvme_io_uring_device1n1 (Core Mask 0x1)
	 bdev_xnvme_io_uring_device1n1:   75948.48 IOPS      37.08 MiB/s
 Job: bdev_xnvme_io_uring_device2n1 (Core Mask 0x1)
	 bdev_xnvme_io_uring_device2n1:   75948.47 IOPS      37.08 MiB/s
 Job: bdev_xnvme_io_uring_device3n1 (Core Mask 0x1)
	 bdev_xnvme_io_uring_device3n1:   75958.43 IOPS      37.09 MiB/s
 Job: bdev_xnvme_io_uring_device4n1 (Core Mask 0x1)
	 bdev_xnvme_io_uring_device4n1:   75970.72 IOPS      37.10 MiB/s
 Job: bdev_xnvme_io_uring_device5n1 (Core Mask 0x1)
	 bdev_xnvme_io_uring_device5n1:   75970.72 IOPS      37.10 MiB/s
 Job: bdev_xnvme_io_uring_device6n1 (Core Mask 0x1)
	 bdev_xnvme_io_uring_device6n1:   75970.65 IOPS      37.10 MiB/s
 Job: bdev_xnvme_io_uring_device7n1 (Core Mask 0x1)
	 bdev_xnvme_io_uring_device7n1:   75984.61 IOPS      37.10 MiB/s
 =============================================================
 Total                       :  607700.75 IOPS     296.73 MiB/s
[2022-10-30 21:43:43.605446] Starting SPDK v23.01-pre git sha1 fd41a2937 / DPDK 22.07.0 initialization...
[2022-10-30 21:43:43.605481] [ DPDK EAL parameters: [2022-10-30 21:43:43.605486] bdevperf [2022-10-30 21:43:43.605489] --no-shconf [2022-10-30 21:43:43.605492] -l 0 [2022-10-30 21:43:43.605495] --huge-unlink [2022-10-30 21:43:43.605498] --log-level=lib.eal:6 [2022-10-30 21:43:43.605501] --log-level=lib.cryptodev:5 [2022-10-30 21:43:43.605504] --log-level=user1:6 [2022-10-30 21:43:43.605508] --iova-mode=pa [2022-10-30 21:43:43.605510] --base-virtaddr=0x200000000000 [2022-10-30 21:43:43.605513] --match-allocations [2022-10-30 21:43:43.605515] --file-prefix=spdk_pid58118 [2022-10-30 21:43:43.605517] ]
TELEMETRY: No legacy callbacks, legacy socket not created
[2022-10-30 21:43:43.615576] app.c: 586:spdk_app_start: *NOTICE*: Total cores available: 1
[2022-10-30 21:43:43.651578] reactor.c: 926:reactor_run: *NOTICE*: Reactor started on core 0
[2022-10-30 21:43:43.651924] accel_sw.c: 461:sw_accel_module_init: *NOTICE*: Accel framework software module initialized.
