Running I/O for 10 seconds...
 Job: bdev_xnvme_io_uring_cmd_device0n1 (Core Mask 0x1)
	 bdev_xnvme_io_uring_cmd_device0n1:  119978.41 IOPS      58.58 MiB/s
 Job: bdev_xnvme_io_uring_cmd_device1n1 (Core Mask 0x1)
	 bdev_xnvme_io_uring_cmd_device1n1:  119551.81 IOPS      58.37 MiB/s
 Job: bdev_xnvme_io_uring_cmd_device2n1 (Core Mask 0x1)
	 bdev_xnvme_io_uring_cmd_device2n1:  119554.58 IOPS      58.38 MiB/s
 Job: bdev_xnvme_io_uring_cmd_device3n1 (Core Mask 0x1)
	 bdev_xnvme_io_uring_cmd_device3n1:  119983.65 IOPS      58.59 MiB/s
 Job: bdev_xnvme_io_uring_cmd_device4n1 (Core Mask 0x1)
	 bdev_xnvme_io_uring_cmd_device4n1:  119740.92 IOPS      58.47 MiB/s
 Job: bdev_xnvme_io_uring_cmd_device5n1 (Core Mask 0x1)
	 bdev_xnvme_io_uring_cmd_device5n1:  119741.60 IOPS      58.47 MiB/s
 Job: bdev_xnvme_io_uring_cmd_device6n1 (Core Mask 0x1)
	 bdev_xnvme_io_uring_cmd_device6n1:  120360.78 IOPS      58.77 MiB/s
 Job: bdev_xnvme_io_uring_cmd_device7n1 (Core Mask 0x1)
	 bdev_xnvme_io_uring_cmd_device7n1:  119742.18 IOPS      58.47 MiB/s
 =============================================================
 Total                       :  958653.92 IOPS     468.09 MiB/s
[2022-10-30 21:44:18.347489] Starting SPDK v23.01-pre git sha1 fd41a2937 / DPDK 22.07.0 initialization...
[2022-10-30 21:44:18.347523] [ DPDK EAL parameters: [2022-10-30 21:44:18.347530] bdevperf [2022-10-30 21:44:18.347535] --no-shconf [2022-10-30 21:44:18.347539] -l 0 [2022-10-30 21:44:18.347543] --huge-unlink [2022-10-30 21:44:18.347549] --log-level=lib.eal:6 [2022-10-30 21:44:18.347552] --log-level=lib.cryptodev:5 [2022-10-30 21:44:18.347556] --log-level=user1:6 [2022-10-30 21:44:18.347559] --iova-mode=pa [2022-10-30 21:44:18.347563] --base-virtaddr=0x200000000000 [2022-10-30 21:44:18.347567] --match-allocations [2022-10-30 21:44:18.347570] --file-prefix=spdk_pid58169 [2022-10-30 21:44:18.347574] ]
TELEMETRY: No legacy callbacks, legacy socket not created
[2022-10-30 21:44:18.357720] app.c: 586:spdk_app_start: *NOTICE*: Total cores available: 1
[2022-10-30 21:44:18.396592] reactor.c: 926:reactor_run: *NOTICE*: Reactor started on core 0
[2022-10-30 21:44:18.396944] accel_sw.c: 461:sw_accel_module_init: *NOTICE*: Accel framework software module initialized.
