ninja: Entering directory `/root/git/xnvme/builddir'
ninja: no work to do.
Installing toolbox/xnvme-driver to /usr/local/bin
Installing subprojects/libvfn/include/vfn/trace/events.h to /usr/local/include/vfn/trace
Installing subprojects/libvfn/src/libvfn.a to /usr/local/lib/x86_64-linux-gnu
Installing subprojects/libvfn/tools/vfntool/vfntool to /usr/local/bin
Installing lib/libxnvme-shared.so to /usr/local/lib/x86_64-linux-gnu
Installing lib/libxnvme-static.a to /usr/local/lib/x86_64-linux-gnu
Installing lib/libxnvme.a to /usr/local/lib/x86_64-linux-gnu
Installing tests/xnvme_tests_async_intf to /usr/local/bin
Installing tests/xnvme_tests_buf to /usr/local/bin
Installing tests/xnvme_tests_cli to /usr/local/bin
Installing tests/xnvme_tests_enum to /usr/local/bin
Installing tests/xnvme_tests_lblk to /usr/local/bin
Installing tests/xnvme_tests_scc to /usr/local/bin
Installing tests/xnvme_tests_ioworker to /usr/local/bin
Installing tests/xnvme_tests_xnvme_file to /usr/local/bin
Installing tests/xnvme_tests_xnvmec to /usr/local/bin
Installing tests/xnvme_tests_znd_append to /usr/local/bin
Installing tests/xnvme_tests_znd_explicit_open to /usr/local/bin
Installing tests/xnvme_tests_znd_state to /usr/local/bin
Installing tests/xnvme_tests_znd_zrwa to /usr/local/bin
Installing tools/lblk to /usr/local/bin
Installing tools/nvmec to /usr/local/bin
Installing tools/xdd to /usr/local/bin
Installing tools/xnvme to /usr/local/bin
Installing tools/xnvme_file to /usr/local/bin
Installing tools/zoned to /usr/local/bin
Installing tools/fio-engine/libxnvme-fio-engine.so to /usr/local/lib/x86_64-linux-gnu
Installing examples/xnvme_dev to /usr/local/bin
Installing examples/xnvme_enum to /usr/local/bin
Installing examples/xnvme_hello to /usr/local/bin
Installing examples/xnvme_io_async to /usr/local/bin
Installing examples/xnvme_single_async to /usr/local/bin
Installing examples/xnvme_single_sync to /usr/local/bin
Installing examples/zoned_io_async to /usr/local/bin
Installing examples/zoned_io_sync to /usr/local/bin
Installing /root/git/xnvme/subprojects/libvfn/include/vfn/nvme.h to /usr/local/include/vfn
Installing /root/git/xnvme/subprojects/libvfn/include/vfn/pci.h to /usr/local/include/vfn
Installing /root/git/xnvme/subprojects/libvfn/include/vfn/support.h to /usr/local/include/vfn
Installing /root/git/xnvme/subprojects/libvfn/include/vfn/trace.h to /usr/local/include/vfn
Installing /root/git/xnvme/subprojects/libvfn/include/vfn/vfio.h to /usr/local/include/vfn
Installing /root/git/xnvme/subprojects/libvfn/include/vfn/support/atomic.h to /usr/local/include/vfn/support
Installing /root/git/xnvme/subprojects/libvfn/include/vfn/support/compiler.h to /usr/local/include/vfn/support
Installing /root/git/xnvme/subprojects/libvfn/include/vfn/support/endian.h to /usr/local/include/vfn/support
Installing /root/git/xnvme/subprojects/libvfn/include/vfn/support/io.h to /usr/local/include/vfn/support
Installing /root/git/xnvme/subprojects/libvfn/include/vfn/support/log.h to /usr/local/include/vfn/support
Installing /root/git/xnvme/subprojects/libvfn/include/vfn/support/mem.h to /usr/local/include/vfn/support
Installing /root/git/xnvme/subprojects/libvfn/include/vfn/support/mmio.h to /usr/local/include/vfn/support
Installing /root/git/xnvme/subprojects/libvfn/include/vfn/support/mutex.h to /usr/local/include/vfn/support
Installing /root/git/xnvme/subprojects/libvfn/include/vfn/nvme/ctrl.h to /usr/local/include/vfn/nvme
Installing /root/git/xnvme/subprojects/libvfn/include/vfn/nvme/queue.h to /usr/local/include/vfn/nvme
Installing /root/git/xnvme/subprojects/libvfn/include/vfn/nvme/rq.h to /usr/local/include/vfn/nvme
Installing /root/git/xnvme/subprojects/libvfn/include/vfn/nvme/types.h to /usr/local/include/vfn/nvme
Installing /root/git/xnvme/subprojects/libvfn/include/vfn/nvme/util.h to /usr/local/include/vfn/nvme
Installing /root/git/xnvme/subprojects/libvfn/include/vfn/pci/util.h to /usr/local/include/vfn/pci
Installing /root/git/xnvme/subprojects/libvfn/include/vfn/vfio/iommu.h to /usr/local/include/vfn/vfio
Installing /root/git/xnvme/subprojects/libvfn/include/vfn/vfio/pci.h to /usr/local/include/vfn/vfio
Installing /root/git/xnvme/subprojects/libvfn/include/vfn/vfio/state.h to /usr/local/include/vfn/vfio
Installing /root/git/xnvme/include/libxnvme.h to /usr/local/include
Installing /root/git/xnvme/include/libxnvme_adm.h to /usr/local/include
Installing /root/git/xnvme/include/libxnvme_be.h to /usr/local/include
Installing /root/git/xnvme/include/libxnvme_buf.h to /usr/local/include
Installing /root/git/xnvme/include/libxnvme_dev.h to /usr/local/include
Installing /root/git/xnvme/include/libxnvme_file.h to /usr/local/include
Installing /root/git/xnvme/include/libxnvme_geo.h to /usr/local/include
Installing /root/git/xnvme/include/libxnvme_ident.h to /usr/local/include
Installing /root/git/xnvme/include/libxnvme_lba.h to /usr/local/include
Installing /root/git/xnvme/include/libxnvme_libconf.h to /usr/local/include
Installing /root/git/xnvme/include/libxnvme_nvm.h to /usr/local/include
Installing /root/git/xnvme/include/libxnvme_pp.h to /usr/local/include
Installing /root/git/xnvme/include/libxnvme_spec.h to /usr/local/include
Installing /root/git/xnvme/include/libxnvme_spec_fs.h to /usr/local/include
Installing /root/git/xnvme/include/libxnvme_spec_pp.h to /usr/local/include
Installing /root/git/xnvme/include/libxnvme_util.h to /usr/local/include
Installing /root/git/xnvme/include/libxnvme_ver.h to /usr/local/include
Installing /root/git/xnvme/include/libxnvme_znd.h to /usr/local/include
Installing /root/git/xnvme/include/libxnvmec.h to /usr/local/include
Installing /root/git/xnvme/man/lblk-dir-receive.1 to /usr/local/share/man/man1
Installing /root/git/xnvme/man/lblk-dir-send.1 to /usr/local/share/man/man1
Installing /root/git/xnvme/man/lblk-enum.1 to /usr/local/share/man/man1
Installing /root/git/xnvme/man/lblk-idfy.1 to /usr/local/share/man/man1
Installing /root/git/xnvme/man/lblk-info.1 to /usr/local/share/man/man1
Installing /root/git/xnvme/man/lblk-read.1 to /usr/local/share/man/man1
Installing /root/git/xnvme/man/lblk-write-dir.1 to /usr/local/share/man/man1
Installing /root/git/xnvme/man/lblk-write-uncor.1 to /usr/local/share/man/man1
Installing /root/git/xnvme/man/lblk-write-zeros.1 to /usr/local/share/man/man1
Installing /root/git/xnvme/man/lblk-write.1 to /usr/local/share/man/man1
Installing /root/git/xnvme/man/lblk.1 to /usr/local/share/man/man1
Installing /root/git/xnvme/man/nvmec-create.1 to /usr/local/share/man/man1
Installing /root/git/xnvme/man/nvmec-show.1 to /usr/local/share/man/man1
Installing /root/git/xnvme/man/nvmec.1 to /usr/local/share/man/man1
Installing /root/git/xnvme/man/xdd-async.1 to /usr/local/share/man/man1
Installing /root/git/xnvme/man/xdd-sync.1 to /usr/local/share/man/man1
Installing /root/git/xnvme/man/xdd.1 to /usr/local/share/man/man1
Installing /root/git/xnvme/man/xnvme-enum.1 to /usr/local/share/man/man1
Installing /root/git/xnvme/man/xnvme-feature-get.1 to /usr/local/share/man/man1
Installing /root/git/xnvme/man/xnvme-feature-set.1 to /usr/local/share/man/man1
Installing /root/git/xnvme/man/xnvme-format.1 to /usr/local/share/man/man1
Installing /root/git/xnvme/man/xnvme-idfy-cs.1 to /usr/local/share/man/man1
Installing /root/git/xnvme/man/xnvme-idfy-ctrlr.1 to /usr/local/share/man/man1
Installing /root/git/xnvme/man/xnvme-idfy-ns.1 to /usr/local/share/man/man1
Installing /root/git/xnvme/man/xnvme-idfy.1 to /usr/local/share/man/man1
Installing /root/git/xnvme/man/xnvme-info.1 to /usr/local/share/man/man1
Installing /root/git/xnvme/man/xnvme-library-info.1 to /usr/local/share/man/man1
Installing /root/git/xnvme/man/xnvme-list.1 to /usr/local/share/man/man1
Installing /root/git/xnvme/man/xnvme-log-erri.1 to /usr/local/share/man/man1
Installing /root/git/xnvme/man/xnvme-log-health.1 to /usr/local/share/man/man1
Installing /root/git/xnvme/man/xnvme-log.1 to /usr/local/share/man/man1
Installing /root/git/xnvme/man/xnvme-padc.1 to /usr/local/share/man/man1
Installing /root/git/xnvme/man/xnvme-pioc.1 to /usr/local/share/man/man1
Installing /root/git/xnvme/man/xnvme-sanitize.1 to /usr/local/share/man/man1
Installing /root/git/xnvme/man/xnvme.1 to /usr/local/share/man/man1
Installing /root/git/xnvme/man/xnvme_file-copy-async.1 to /usr/local/share/man/man1
Installing /root/git/xnvme/man/xnvme_file-copy-sync.1 to /usr/local/share/man/man1
Installing /root/git/xnvme/man/xnvme_file-dump-async-iovec.1 to /usr/local/share/man/man1
Installing /root/git/xnvme/man/xnvme_file-dump-async.1 to /usr/local/share/man/man1
Installing /root/git/xnvme/man/xnvme_file-dump-sync-iovec.1 to /usr/local/share/man/man1
Installing /root/git/xnvme/man/xnvme_file-dump-sync.1 to /usr/local/share/man/man1
Installing /root/git/xnvme/man/xnvme_file-load-async.1 to /usr/local/share/man/man1
Installing /root/git/xnvme/man/xnvme_file-load-sync.1 to /usr/local/share/man/man1
Installing /root/git/xnvme/man/xnvme_file-write-read.1 to /usr/local/share/man/man1
Installing /root/git/xnvme/man/xnvme_file.1 to /usr/local/share/man/man1
Installing /root/git/xnvme/man/xnvme_hello-hw.1 to /usr/local/share/man/man1
Installing /root/git/xnvme/man/xnvme_hello.1 to /usr/local/share/man/man1
Installing /root/git/xnvme/man/xnvme_io_async-read.1 to /usr/local/share/man/man1
Installing /root/git/xnvme/man/xnvme_io_async-write.1 to /usr/local/share/man/man1
Installing /root/git/xnvme/man/xnvme_io_async.1 to /usr/local/share/man/man1
Installing /root/git/xnvme/man/xnvme_tests_async_intf-init_term.1 to /usr/local/share/man/man1
Installing /root/git/xnvme/man/xnvme_tests_async_intf.1 to /usr/local/share/man/man1
Installing /root/git/xnvme/man/xnvme_tests_buf-buf_alloc_free.1 to /usr/local/share/man/man1
Installing /root/git/xnvme/man/xnvme_tests_buf-buf_virt_alloc_free.1 to /usr/local/share/man/man1
Installing /root/git/xnvme/man/xnvme_tests_buf.1 to /usr/local/share/man/man1
Installing /root/git/xnvme/man/xnvme_tests_cli-optional.1 to /usr/local/share/man/man1
Installing /root/git/xnvme/man/xnvme_tests_cli.1 to /usr/local/share/man/man1
Installing /root/git/xnvme/man/xnvme_tests_enum-multi.1 to /usr/local/share/man/man1
Installing /root/git/xnvme/man/xnvme_tests_enum-open.1 to /usr/local/share/man/man1
Installing /root/git/xnvme/man/xnvme_tests_enum.1 to /usr/local/share/man/man1
Installing /root/git/xnvme/man/xnvme_tests_ioworker-verify-sync.1 to /usr/local/share/man/man1
Installing /root/git/xnvme/man/xnvme_tests_ioworker-verify.1 to /usr/local/share/man/man1
Installing /root/git/xnvme/man/xnvme_tests_ioworker.1 to /usr/local/share/man/man1
Installing /root/git/xnvme/man/xnvme_tests_lblk-io.1 to /usr/local/share/man/man1
Installing /root/git/xnvme/man/xnvme_tests_lblk-scopy.1 to /usr/local/share/man/man1
Installing /root/git/xnvme/man/xnvme_tests_lblk-write_uncorrectable.1 to /usr/local/share/man/man1
Installing /root/git/xnvme/man/xnvme_tests_lblk-write_zeroes.1 to /usr/local/share/man/man1
Installing /root/git/xnvme/man/xnvme_tests_lblk.1 to /usr/local/share/man/man1
Installing /root/git/xnvme/man/xnvme_tests_scc-idfy.1 to /usr/local/share/man/man1
Installing /root/git/xnvme/man/xnvme_tests_scc-scopy-msrc.1 to /usr/local/share/man/man1
Installing /root/git/xnvme/man/xnvme_tests_scc-scopy.1 to /usr/local/share/man/man1
Installing /root/git/xnvme/man/xnvme_tests_scc-support.1 to /usr/local/share/man/man1
Installing /root/git/xnvme/man/xnvme_tests_scc.1 to /usr/local/share/man/man1
Installing /root/git/xnvme/man/xnvme_tests_xnvme_file-file-trunc.1 to /usr/local/share/man/man1
Installing /root/git/xnvme/man/xnvme_tests_xnvme_file-write-fsync.1 to /usr/local/share/man/man1
Installing /root/git/xnvme/man/xnvme_tests_xnvme_file.1 to /usr/local/share/man/man1
Installing /root/git/xnvme/man/xnvme_tests_xnvmec-check-opt-attr.1 to /usr/local/share/man/man1
Installing /root/git/xnvme/man/xnvme_tests_xnvmec-copy-xnvmec.1 to /usr/local/share/man/man1
Installing /root/git/xnvme/man/xnvme_tests_xnvmec.1 to /usr/local/share/man/man1
Installing /root/git/xnvme/man/xnvme_tests_znd_append-verify.1 to /usr/local/share/man/man1
Installing /root/git/xnvme/man/xnvme_tests_znd_append.1 to /usr/local/share/man/man1
Installing /root/git/xnvme/man/xnvme_tests_znd_explicit_open-test_open_zdptr.1 to /usr/local/share/man/man1
Installing /root/git/xnvme/man/xnvme_tests_znd_explicit_open.1 to /usr/local/share/man/man1
Installing /root/git/xnvme/man/xnvme_tests_znd_state-changes.1 to /usr/local/share/man/man1
Installing /root/git/xnvme/man/xnvme_tests_znd_state-transition.1 to /usr/local/share/man/man1
Installing /root/git/xnvme/man/xnvme_tests_znd_state.1 to /usr/local/share/man/man1
Installing /root/git/xnvme/man/xnvme_tests_znd_zrwa-flush-explicit.1 to /usr/local/share/man/man1
Installing /root/git/xnvme/man/xnvme_tests_znd_zrwa-flush-implicit.1 to /usr/local/share/man/man1
Installing /root/git/xnvme/man/xnvme_tests_znd_zrwa-flush.1 to /usr/local/share/man/man1
Installing /root/git/xnvme/man/xnvme_tests_znd_zrwa-idfy.1 to /usr/local/share/man/man1
Installing /root/git/xnvme/man/xnvme_tests_znd_zrwa-open-with-zrwa.1 to /usr/local/share/man/man1
Installing /root/git/xnvme/man/xnvme_tests_znd_zrwa-open-without-zrwa.1 to /usr/local/share/man/man1
Installing /root/git/xnvme/man/xnvme_tests_znd_zrwa-support.1 to /usr/local/share/man/man1
Installing /root/git/xnvme/man/xnvme_tests_znd_zrwa.1 to /usr/local/share/man/man1
Installing /root/git/xnvme/man/zoned-append.1 to /usr/local/share/man/man1
Installing /root/git/xnvme/man/zoned-changes.1 to /usr/local/share/man/man1
Installing /root/git/xnvme/man/zoned-enum.1 to /usr/local/share/man/man1
Installing /root/git/xnvme/man/zoned-errors.1 to /usr/local/share/man/man1
Installing /root/git/xnvme/man/zoned-idfy-ctrlr.1 to /usr/local/share/man/man1
Installing /root/git/xnvme/man/zoned-idfy-ns.1 to /usr/local/share/man/man1
Installing /root/git/xnvme/man/zoned-info.1 to /usr/local/share/man/man1
Installing /root/git/xnvme/man/zoned-mgmt-close.1 to /usr/local/share/man/man1
Installing /root/git/xnvme/man/zoned-mgmt-finish.1 to /usr/local/share/man/man1
Installing /root/git/xnvme/man/zoned-mgmt-open.1 to /usr/local/share/man/man1
Installing /root/git/xnvme/man/zoned-mgmt-reset.1 to /usr/local/share/man/man1
Installing /root/git/xnvme/man/zoned-mgmt.1 to /usr/local/share/man/man1
Installing /root/git/xnvme/man/zoned-read.1 to /usr/local/share/man/man1
Installing /root/git/xnvme/man/zoned-report.1 to /usr/local/share/man/man1
Installing /root/git/xnvme/man/zoned-write.1 to /usr/local/share/man/man1
Installing /root/git/xnvme/man/zoned.1 to /usr/local/share/man/man1
Installing /root/git/xnvme/man/zoned_io_async-append.1 to /usr/local/share/man/man1
Installing /root/git/xnvme/man/zoned_io_async-read.1 to /usr/local/share/man/man1
Installing /root/git/xnvme/man/zoned_io_async-write.1 to /usr/local/share/man/man1
Installing /root/git/xnvme/man/zoned_io_async.1 to /usr/local/share/man/man1
Installing /root/git/xnvme/man/zoned_io_sync-append.1 to /usr/local/share/man/man1
Installing /root/git/xnvme/man/zoned_io_sync-read.1 to /usr/local/share/man/man1
Installing /root/git/xnvme/man/zoned_io_sync-write.1 to /usr/local/share/man/man1
Installing /root/git/xnvme/man/zoned_io_sync.1 to /usr/local/share/man/man1
Installing /root/git/xnvme/builddir/meson-private/libvfn.pc to /usr/local/lib/x86_64-linux-gnu/pkgconfig
Installing /root/git/xnvme/builddir/meson-private/xnvme.pc to /usr/local/lib/x86_64-linux-gnu/pkgconfig
Installing /root/git/xnvme/tools/fio-engine/xnvme-compare.fio to /usr/local/share/xnvme
Installing /root/git/xnvme/tools/fio-engine/xnvme-verify.fio to /usr/local/share/xnvme
Installing /root/git/xnvme/tools/fio-engine/xnvme-zoned.fio to /usr/local/share/xnvme
Installing /root/git/xnvme/builddir/meson-private/xnvme-fio-engine.pc to /usr/local/lib/x86_64-linux-gnu/pkgconfig
