Deleted: /usr/local/bin/xnvme-driver
Deleted: /usr/local/include/vfn/trace/events.h
Deleted: /usr/local/lib/x86_64-linux-gnu/libvfn.a
Deleted: /usr/local/bin/vfntool
Deleted: /usr/local/lib/x86_64-linux-gnu/libxnvme-shared.so
Deleted: /usr/local/lib/x86_64-linux-gnu/libxnvme-static.a
Deleted: /usr/local/lib/x86_64-linux-gnu/libxnvme.a
Deleted: /usr/local/bin/xnvme_tests_async_intf
Deleted: /usr/local/bin/xnvme_tests_buf
Deleted: /usr/local/bin/xnvme_tests_cli
Deleted: /usr/local/bin/xnvme_tests_enum
Deleted: /usr/local/bin/xnvme_tests_lblk
Deleted: /usr/local/bin/xnvme_tests_scc
Deleted: /usr/local/bin/xnvme_tests_ioworker
Deleted: /usr/local/bin/xnvme_tests_xnvme_file
Deleted: /usr/local/bin/xnvme_tests_xnvmec
Deleted: /usr/local/bin/xnvme_tests_znd_append
Deleted: /usr/local/bin/xnvme_tests_znd_explicit_open
Deleted: /usr/local/bin/xnvme_tests_znd_state
Deleted: /usr/local/bin/xnvme_tests_znd_zrwa
Deleted: /usr/local/bin/lblk
Deleted: /usr/local/bin/nvmec
Deleted: /usr/local/bin/xdd
Deleted: /usr/local/bin/xnvme
Deleted: /usr/local/bin/xnvme_file
Deleted: /usr/local/bin/zoned
Deleted: /usr/local/lib/x86_64-linux-gnu/libxnvme-fio-engine.so
Deleted: /usr/local/bin/xnvme_dev
Deleted: /usr/local/bin/xnvme_enum
Deleted: /usr/local/bin/xnvme_hello
Deleted: /usr/local/bin/xnvme_io_async
Deleted: /usr/local/bin/xnvme_single_async
Deleted: /usr/local/bin/xnvme_single_sync
Deleted: /usr/local/bin/zoned_io_async
Deleted: /usr/local/bin/zoned_io_sync
Deleted: /usr/local/include/vfn/nvme.h
Deleted: /usr/local/include/vfn/pci.h
Deleted: /usr/local/include/vfn/support.h
Deleted: /usr/local/include/vfn/trace.h
Deleted: /usr/local/include/vfn/vfio.h
Deleted: /usr/local/include/vfn/support/atomic.h
Deleted: /usr/local/include/vfn/support/compiler.h
Deleted: /usr/local/include/vfn/support/endian.h
Deleted: /usr/local/include/vfn/support/io.h
Deleted: /usr/local/include/vfn/support/log.h
Deleted: /usr/local/include/vfn/support/mem.h
Deleted: /usr/local/include/vfn/support/mmio.h
Deleted: /usr/local/include/vfn/support/mutex.h
Deleted: /usr/local/include/vfn/nvme/ctrl.h
Deleted: /usr/local/include/vfn/nvme/queue.h
Deleted: /usr/local/include/vfn/nvme/rq.h
Deleted: /usr/local/include/vfn/nvme/types.h
Deleted: /usr/local/include/vfn/nvme/util.h
Deleted: /usr/local/include/vfn/pci/util.h
Deleted: /usr/local/include/vfn/vfio/iommu.h
Deleted: /usr/local/include/vfn/vfio/pci.h
Deleted: /usr/local/include/vfn/vfio/state.h
Deleted: /usr/local/include/libxnvme.h
Deleted: /usr/local/include/libxnvme_adm.h
Deleted: /usr/local/include/libxnvme_be.h
Deleted: /usr/local/include/libxnvme_buf.h
Deleted: /usr/local/include/libxnvme_dev.h
Deleted: /usr/local/include/libxnvme_file.h
Deleted: /usr/local/include/libxnvme_geo.h
Deleted: /usr/local/include/libxnvme_ident.h
Deleted: /usr/local/include/libxnvme_lba.h
Deleted: /usr/local/include/libxnvme_libconf.h
Deleted: /usr/local/include/libxnvme_nvm.h
Deleted: /usr/local/include/libxnvme_pp.h
Deleted: /usr/local/include/libxnvme_spec.h
Deleted: /usr/local/include/libxnvme_spec_fs.h
Deleted: /usr/local/include/libxnvme_spec_pp.h
Deleted: /usr/local/include/libxnvme_util.h
Deleted: /usr/local/include/libxnvme_ver.h
Deleted: /usr/local/include/libxnvme_znd.h
Deleted: /usr/local/include/libxnvmec.h
Deleted: /usr/local/share/man/man1/lblk-dir-receive.1
Deleted: /usr/local/share/man/man1/lblk-dir-send.1
Deleted: /usr/local/share/man/man1/lblk-enum.1
Deleted: /usr/local/share/man/man1/lblk-idfy.1
Deleted: /usr/local/share/man/man1/lblk-info.1
Deleted: /usr/local/share/man/man1/lblk-read.1
Deleted: /usr/local/share/man/man1/lblk-write-dir.1
Deleted: /usr/local/share/man/man1/lblk-write-uncor.1
Deleted: /usr/local/share/man/man1/lblk-write-zeros.1
Deleted: /usr/local/share/man/man1/lblk-write.1
Deleted: /usr/local/share/man/man1/lblk.1
Deleted: /usr/local/share/man/man1/nvmec-create.1
Deleted: /usr/local/share/man/man1/nvmec-show.1
Deleted: /usr/local/share/man/man1/nvmec.1
Deleted: /usr/local/share/man/man1/xdd-async.1
Deleted: /usr/local/share/man/man1/xdd-sync.1
Deleted: /usr/local/share/man/man1/xdd.1
Deleted: /usr/local/share/man/man1/xnvme-enum.1
Deleted: /usr/local/share/man/man1/xnvme-feature-get.1
Deleted: /usr/local/share/man/man1/xnvme-feature-set.1
Deleted: /usr/local/share/man/man1/xnvme-format.1
Deleted: /usr/local/share/man/man1/xnvme-idfy-cs.1
Deleted: /usr/local/share/man/man1/xnvme-idfy-ctrlr.1
Deleted: /usr/local/share/man/man1/xnvme-idfy-ns.1
Deleted: /usr/local/share/man/man1/xnvme-idfy.1
Deleted: /usr/local/share/man/man1/xnvme-info.1
Deleted: /usr/local/share/man/man1/xnvme-library-info.1
Deleted: /usr/local/share/man/man1/xnvme-list.1
Deleted: /usr/local/share/man/man1/xnvme-log-erri.1
Deleted: /usr/local/share/man/man1/xnvme-log-health.1
Deleted: /usr/local/share/man/man1/xnvme-log.1
Deleted: /usr/local/share/man/man1/xnvme-padc.1
Deleted: /usr/local/share/man/man1/xnvme-pioc.1
Deleted: /usr/local/share/man/man1/xnvme-sanitize.1
Deleted: /usr/local/share/man/man1/xnvme.1
Deleted: /usr/local/share/man/man1/xnvme_file-copy-async.1
Deleted: /usr/local/share/man/man1/xnvme_file-copy-sync.1
Deleted: /usr/local/share/man/man1/xnvme_file-dump-async-iovec.1
Deleted: /usr/local/share/man/man1/xnvme_file-dump-async.1
Deleted: /usr/local/share/man/man1/xnvme_file-dump-sync-iovec.1
Deleted: /usr/local/share/man/man1/xnvme_file-dump-sync.1
Deleted: /usr/local/share/man/man1/xnvme_file-load-async.1
Deleted: /usr/local/share/man/man1/xnvme_file-load-sync.1
Deleted: /usr/local/share/man/man1/xnvme_file-write-read.1
Deleted: /usr/local/share/man/man1/xnvme_file.1
Deleted: /usr/local/share/man/man1/xnvme_hello-hw.1
Deleted: /usr/local/share/man/man1/xnvme_hello.1
Deleted: /usr/local/share/man/man1/xnvme_io_async-read.1
Deleted: /usr/local/share/man/man1/xnvme_io_async-write.1
Deleted: /usr/local/share/man/man1/xnvme_io_async.1
Deleted: /usr/local/share/man/man1/xnvme_tests_async_intf-init_term.1
Deleted: /usr/local/share/man/man1/xnvme_tests_async_intf.1
Deleted: /usr/local/share/man/man1/xnvme_tests_buf-buf_alloc_free.1
Deleted: /usr/local/share/man/man1/xnvme_tests_buf-buf_virt_alloc_free.1
Deleted: /usr/local/share/man/man1/xnvme_tests_buf.1
Deleted: /usr/local/share/man/man1/xnvme_tests_cli-optional.1
Deleted: /usr/local/share/man/man1/xnvme_tests_cli.1
Deleted: /usr/local/share/man/man1/xnvme_tests_enum-multi.1
Deleted: /usr/local/share/man/man1/xnvme_tests_enum-open.1
Deleted: /usr/local/share/man/man1/xnvme_tests_enum.1
Deleted: /usr/local/share/man/man1/xnvme_tests_ioworker-verify-sync.1
Deleted: /usr/local/share/man/man1/xnvme_tests_ioworker-verify.1
Deleted: /usr/local/share/man/man1/xnvme_tests_ioworker.1
Deleted: /usr/local/share/man/man1/xnvme_tests_lblk-io.1
Deleted: /usr/local/share/man/man1/xnvme_tests_lblk-scopy.1
Deleted: /usr/local/share/man/man1/xnvme_tests_lblk-write_uncorrectable.1
Deleted: /usr/local/share/man/man1/xnvme_tests_lblk-write_zeroes.1
Deleted: /usr/local/share/man/man1/xnvme_tests_lblk.1
Deleted: /usr/local/share/man/man1/xnvme_tests_scc-idfy.1
Deleted: /usr/local/share/man/man1/xnvme_tests_scc-scopy-msrc.1
Deleted: /usr/local/share/man/man1/xnvme_tests_scc-scopy.1
Deleted: /usr/local/share/man/man1/xnvme_tests_scc-support.1
Deleted: /usr/local/share/man/man1/xnvme_tests_scc.1
Deleted: /usr/local/share/man/man1/xnvme_tests_xnvme_file-file-trunc.1
Deleted: /usr/local/share/man/man1/xnvme_tests_xnvme_file-write-fsync.1
Deleted: /usr/local/share/man/man1/xnvme_tests_xnvme_file.1
Deleted: /usr/local/share/man/man1/xnvme_tests_xnvmec-check-opt-attr.1
Deleted: /usr/local/share/man/man1/xnvme_tests_xnvmec-copy-xnvmec.1
Deleted: /usr/local/share/man/man1/xnvme_tests_xnvmec.1
Deleted: /usr/local/share/man/man1/xnvme_tests_znd_append-verify.1
Deleted: /usr/local/share/man/man1/xnvme_tests_znd_append.1
Deleted: /usr/local/share/man/man1/xnvme_tests_znd_explicit_open-test_open_zdptr.1
Deleted: /usr/local/share/man/man1/xnvme_tests_znd_explicit_open.1
Deleted: /usr/local/share/man/man1/xnvme_tests_znd_state-changes.1
Deleted: /usr/local/share/man/man1/xnvme_tests_znd_state-transition.1
Deleted: /usr/local/share/man/man1/xnvme_tests_znd_state.1
Deleted: /usr/local/share/man/man1/xnvme_tests_znd_zrwa-flush-explicit.1
Deleted: /usr/local/share/man/man1/xnvme_tests_znd_zrwa-flush-implicit.1
Deleted: /usr/local/share/man/man1/xnvme_tests_znd_zrwa-flush.1
Deleted: /usr/local/share/man/man1/xnvme_tests_znd_zrwa-idfy.1
Deleted: /usr/local/share/man/man1/xnvme_tests_znd_zrwa-open-with-zrwa.1
Deleted: /usr/local/share/man/man1/xnvme_tests_znd_zrwa-open-without-zrwa.1
Deleted: /usr/local/share/man/man1/xnvme_tests_znd_zrwa-support.1
Deleted: /usr/local/share/man/man1/xnvme_tests_znd_zrwa.1
Deleted: /usr/local/share/man/man1/zoned-append.1
Deleted: /usr/local/share/man/man1/zoned-changes.1
Deleted: /usr/local/share/man/man1/zoned-enum.1
Deleted: /usr/local/share/man/man1/zoned-errors.1
Deleted: /usr/local/share/man/man1/zoned-idfy-ctrlr.1
Deleted: /usr/local/share/man/man1/zoned-idfy-ns.1
Deleted: /usr/local/share/man/man1/zoned-info.1
Deleted: /usr/local/share/man/man1/zoned-mgmt-close.1
Deleted: /usr/local/share/man/man1/zoned-mgmt-finish.1
Deleted: /usr/local/share/man/man1/zoned-mgmt-open.1
Deleted: /usr/local/share/man/man1/zoned-mgmt-reset.1
Deleted: /usr/local/share/man/man1/zoned-mgmt.1
Deleted: /usr/local/share/man/man1/zoned-read.1
Deleted: /usr/local/share/man/man1/zoned-report.1
Deleted: /usr/local/share/man/man1/zoned-write.1
Deleted: /usr/local/share/man/man1/zoned.1
Deleted: /usr/local/share/man/man1/zoned_io_async-append.1
Deleted: /usr/local/share/man/man1/zoned_io_async-read.1
Deleted: /usr/local/share/man/man1/zoned_io_async-write.1
Deleted: /usr/local/share/man/man1/zoned_io_async.1
Deleted: /usr/local/share/man/man1/zoned_io_sync-append.1
Deleted: /usr/local/share/man/man1/zoned_io_sync-read.1
Deleted: /usr/local/share/man/man1/zoned_io_sync-write.1
Deleted: /usr/local/share/man/man1/zoned_io_sync.1
Deleted: /usr/local/lib/x86_64-linux-gnu/pkgconfig/libvfn.pc
Deleted: /usr/local/lib/x86_64-linux-gnu/pkgconfig/xnvme.pc
Deleted: /usr/local/share/xnvme/xnvme-compare.fio
Deleted: /usr/local/share/xnvme/xnvme-verify.fio
Deleted: /usr/local/share/xnvme/xnvme-zoned.fio
Deleted: /usr/local/lib/x86_64-linux-gnu/pkgconfig/xnvme-fio-engine.pc

Uninstall finished.

Deleted: 200
Failed: 0

Remember that files created by custom scripts have not been removed.
