Running I/O for 10 seconds...
 Job: bdev_xnvme_io_uring_device0n1 (Core Mask 0x1)
	 bdev_xnvme_io_uring_device0n1:  125724.18 IOPS      61.39 MiB/s
 Job: bdev_xnvme_io_uring_device1n1 (Core Mask 0x1)
	 bdev_xnvme_io_uring_device1n1:  125724.73 IOPS      61.39 MiB/s
 Job: bdev_xnvme_io_uring_device2n1 (Core Mask 0x1)
	 bdev_xnvme_io_uring_device2n1:  125724.14 IOPS      61.39 MiB/s
 Job: bdev_xnvme_io_uring_device3n1 (Core Mask 0x1)
	 bdev_xnvme_io_uring_device3n1:  125725.04 IOPS      61.39 MiB/s
 Job: bdev_xnvme_io_uring_device4n1 (Core Mask 0x1)
	 bdev_xnvme_io_uring_device4n1:  125846.37 IOPS      61.45 MiB/s
 Job: bdev_xnvme_io_uring_device5n1 (Core Mask 0x1)
	 bdev_xnvme_io_uring_device5n1:  125848.67 IOPS      61.45 MiB/s
 Job: bdev_xnvme_io_uring_device6n1 (Core Mask 0x1)
	 bdev_xnvme_io_uring_device6n1:  125854.84 IOPS      61.45 MiB/s
 Job: bdev_xnvme_io_uring_device7n1 (Core Mask 0x1)
	 bdev_xnvme_io_uring_device7n1:  126558.51 IOPS      61.80 MiB/s
 =============================================================
 Total                       : 1007006.47 IOPS     491.70 MiB/s
[2022-10-31 00:44:52.637476] Starting SPDK v23.01-pre git sha1 fd41a2937 / DPDK 22.07.0 initialization...
[2022-10-31 00:44:52.637512] [ DPDK EAL parameters: [2022-10-31 00:44:52.637517] bdevperf [2022-10-31 00:44:52.637521] --no-shconf [2022-10-31 00:44:52.637524] -l 0 [2022-10-31 00:44:52.637527] --huge-unlink [2022-10-31 00:44:52.637530] --log-level=lib.eal:6 [2022-10-31 00:44:52.637532] --log-level=lib.cryptodev:5 [2022-10-31 00:44:52.637536] --log-level=user1:6 [2022-10-31 00:44:52.637539] --iova-mode=pa [2022-10-31 00:44:52.637542] --base-virtaddr=0x200000000000 [2022-10-31 00:44:52.637545] --match-allocations [2022-10-31 00:44:52.637548] --file-prefix=spdk_pid60614 [2022-10-31 00:44:52.637551] ]
TELEMETRY: No legacy callbacks, legacy socket not created
[2022-10-31 00:44:52.647437] app.c: 586:spdk_app_start: *NOTICE*: Total cores available: 1
[2022-10-31 00:44:52.692601] reactor.c: 926:reactor_run: *NOTICE*: Reactor started on core 0
[2022-10-31 00:44:52.692952] accel_sw.c: 461:sw_accel_module_init: *NOTICE*: Accel framework software module initialized.
