Running I/O for 10 seconds...
 Job: bdev_xnvme_libaio_device0n1 (Core Mask 0x1)
	 bdev_xnvme_libaio_device0n1:   69968.39 IOPS      34.16 MiB/s
 Job: bdev_xnvme_libaio_device1n1 (Core Mask 0x1)
	 bdev_xnvme_libaio_device1n1:   69771.28 IOPS      34.07 MiB/s
 Job: bdev_xnvme_libaio_device2n1 (Core Mask 0x1)
	 bdev_xnvme_libaio_device2n1:   69532.10 IOPS      33.95 MiB/s
 Job: bdev_xnvme_libaio_device3n1 (Core Mask 0x1)
	 bdev_xnvme_libaio_device3n1:   69533.35 IOPS      33.95 MiB/s
 Job: bdev_xnvme_libaio_device4n1 (Core Mask 0x1)
	 bdev_xnvme_libaio_device4n1:   69527.68 IOPS      33.95 MiB/s
 Job: bdev_xnvme_libaio_device5n1 (Core Mask 0x1)
	 bdev_xnvme_libaio_device5n1:   69219.96 IOPS      33.80 MiB/s
 Job: bdev_xnvme_libaio_device6n1 (Core Mask 0x1)
	 bdev_xnvme_libaio_device6n1:   69472.97 IOPS      33.92 MiB/s
 Job: bdev_xnvme_libaio_device7n1 (Core Mask 0x1)
	 bdev_xnvme_libaio_device7n1:   69551.40 IOPS      33.96 MiB/s
 =============================================================
 Total                       :  556577.13 IOPS     271.77 MiB/s
[2022-10-30 16:42:52.106280] Starting SPDK v23.01-pre git sha1 fd41a2937 / DPDK 22.07.0 initialization...
[2022-10-30 16:42:52.106310] [ DPDK EAL parameters: [2022-10-30 16:42:52.106314] bdevperf [2022-10-30 16:42:52.106317] --no-shconf [2022-10-30 16:42:52.106319] -l 0 [2022-10-30 16:42:52.106321] --huge-unlink [2022-10-30 16:42:52.106324] --log-level=lib.eal:6 [2022-10-30 16:42:52.106326] --log-level=lib.cryptodev:5 [2022-10-30 16:42:52.106328] --log-level=user1:6 [2022-10-30 16:42:52.106331] --iova-mode=pa [2022-10-30 16:42:52.106333] --base-virtaddr=0x200000000000 [2022-10-30 16:42:52.106335] --match-allocations [2022-10-30 16:42:52.106337] --file-prefix=spdk_pid37887 [2022-10-30 16:42:52.106340] ]
TELEMETRY: No legacy callbacks, legacy socket not created
[2022-10-30 16:42:52.116350] app.c: 586:spdk_app_start: *NOTICE*: Total cores available: 1
[2022-10-30 16:42:52.152584] reactor.c: 926:reactor_run: *NOTICE*: Reactor started on core 0
[2022-10-30 16:42:52.152932] accel_sw.c: 461:sw_accel_module_init: *NOTICE*: Accel framework software module initialized.
