Running I/O for 10 seconds...
 Job: bdev_uring_io_uring_device0n1 (Core Mask 0x1)
	 bdev_uring_io_uring_device0n1:  149680.19 IOPS      73.09 MiB/s
 Job: bdev_uring_io_uring_device1n1 (Core Mask 0x1)
	 bdev_uring_io_uring_device1n1:  149659.42 IOPS      73.08 MiB/s
 Job: bdev_uring_io_uring_device2n1 (Core Mask 0x1)
	 bdev_uring_io_uring_device2n1:   90912.01 IOPS      44.39 MiB/s
 Job: bdev_uring_io_uring_device3n1 (Core Mask 0x1)
	 bdev_uring_io_uring_device3n1:  132920.68 IOPS      64.90 MiB/s
 Job: bdev_uring_io_uring_device4n1 (Core Mask 0x1)
	 bdev_uring_io_uring_device4n1:   83225.38 IOPS      40.64 MiB/s
 Job: bdev_uring_io_uring_device5n1 (Core Mask 0x1)
	 bdev_uring_io_uring_device5n1:  113108.04 IOPS      55.23 MiB/s
 Job: bdev_uring_io_uring_device6n1 (Core Mask 0x1)
	 bdev_uring_io_uring_device6n1:  112975.23 IOPS      55.16 MiB/s
 Job: bdev_uring_io_uring_device7n1 (Core Mask 0x1)
	 bdev_uring_io_uring_device7n1:  108678.63 IOPS      53.07 MiB/s
 =============================================================
 Total                       :  941159.59 IOPS     459.55 MiB/s
[2022-10-30 16:43:15.049088] Starting SPDK v23.01-pre git sha1 fd41a2937 / DPDK 22.07.0 initialization...
[2022-10-30 16:43:15.049123] [ DPDK EAL parameters: [2022-10-30 16:43:15.049128] bdevperf [2022-10-30 16:43:15.049132] --no-shconf [2022-10-30 16:43:15.049135] -l 0 [2022-10-30 16:43:15.049138] --huge-unlink [2022-10-30 16:43:15.049141] --log-level=lib.eal:6 [2022-10-30 16:43:15.049144] --log-level=lib.cryptodev:5 [2022-10-30 16:43:15.049147] --log-level=user1:6 [2022-10-30 16:43:15.049150] --iova-mode=pa [2022-10-30 16:43:15.049152] --base-virtaddr=0x200000000000 [2022-10-30 16:43:15.049155] --match-allocations [2022-10-30 16:43:15.049158] --file-prefix=spdk_pid37917 [2022-10-30 16:43:15.049161] ]
TELEMETRY: No legacy callbacks, legacy socket not created
[2022-10-30 16:43:15.059248] app.c: 586:spdk_app_start: *NOTICE*: Total cores available: 1
[2022-10-30 16:43:15.096595] reactor.c: 926:reactor_run: *NOTICE*: Reactor started on core 0
[2022-10-30 16:43:15.096944] accel_sw.c: 461:sw_accel_module_init: *NOTICE*: Accel framework software module initialized.
