Running I/O for 10 seconds...
 Job: bdev_xnvme_io_uring_device0n1 (Core Mask 0x1)
	 bdev_xnvme_io_uring_device0n1:   98564.59 IOPS      48.13 MiB/s
 Job: bdev_xnvme_io_uring_device1n1 (Core Mask 0x1)
	 bdev_xnvme_io_uring_device1n1:   98564.58 IOPS      48.13 MiB/s
 Job: bdev_xnvme_io_uring_device2n1 (Core Mask 0x1)
	 bdev_xnvme_io_uring_device2n1:   98564.41 IOPS      48.13 MiB/s
 Job: bdev_xnvme_io_uring_device3n1 (Core Mask 0x1)
	 bdev_xnvme_io_uring_device3n1:   98564.31 IOPS      48.13 MiB/s
 Job: bdev_xnvme_io_uring_device4n1 (Core Mask 0x1)
	 bdev_xnvme_io_uring_device4n1:   98565.65 IOPS      48.13 MiB/s
 Job: bdev_xnvme_io_uring_device5n1 (Core Mask 0x1)
	 bdev_xnvme_io_uring_device5n1:   98565.64 IOPS      48.13 MiB/s
 Job: bdev_xnvme_io_uring_device6n1 (Core Mask 0x1)
	 bdev_xnvme_io_uring_device6n1:   98565.55 IOPS      48.13 MiB/s
 Job: bdev_xnvme_io_uring_device7n1 (Core Mask 0x1)
	 bdev_xnvme_io_uring_device7n1:   98568.78 IOPS      48.13 MiB/s
 =============================================================
 Total                       :  788523.52 IOPS     385.02 MiB/s
[2022-10-30 16:42:29.440485] Starting SPDK v23.01-pre git sha1 fd41a2937 / DPDK 22.07.0 initialization...
[2022-10-30 16:42:29.440521] [ DPDK EAL parameters: [2022-10-30 16:42:29.440526] bdevperf [2022-10-30 16:42:29.440530] --no-shconf [2022-10-30 16:42:29.440533] -l 0 [2022-10-30 16:42:29.440535] --huge-unlink [2022-10-30 16:42:29.440538] --log-level=lib.eal:6 [2022-10-30 16:42:29.440541] --log-level=lib.cryptodev:5 [2022-10-30 16:42:29.440544] --log-level=user1:6 [2022-10-30 16:42:29.440547] --iova-mode=pa [2022-10-30 16:42:29.440550] --base-virtaddr=0x200000000000 [2022-10-30 16:42:29.440553] --match-allocations [2022-10-30 16:42:29.440556] --file-prefix=spdk_pid37854 [2022-10-30 16:42:29.440558] ]
TELEMETRY: No legacy callbacks, legacy socket not created
[2022-10-30 16:42:29.450503] app.c: 586:spdk_app_start: *NOTICE*: Total cores available: 1
[2022-10-30 16:42:29.496610] reactor.c: 926:reactor_run: *NOTICE*: Reactor started on core 0
[2022-10-30 16:42:29.496962] accel_sw.c: 461:sw_accel_module_init: *NOTICE*: Accel framework software module initialized.
