io_uring_cmd-reference: (g=0): rw=randread, bs=(R) 512B-512B, (W) 512B-512B, (T) 512B-512B, ioengine=io_uring_cmd, iodepth=128
fio-3.32-75-gc470
Starting 1 thread
{
  "fio version" : "fio-3.32-75-gc470",
  "timestamp" : 1667195308,
  "timestamp_ms" : 1667195308061,
  "time" : "Mon Oct 31 00:48:28 2022",
  "jobs" : [
    {
      "jobname" : "io_uring_cmd-reference",
      "groupid" : 0,
      "error" : 0,
      "eta" : 0,
      "elapsed" : 11,
      "job options" : {
        "name" : "io_uring_cmd-reference",
        "rw" : "randread",
        "size" : "12G",
        "iodepth" : "128",
        "bs" : "512",
        "direct" : "0",
        "thread" : "1",
        "time_based" : "1",
        "runtime" : "7",
        "ramp_time" : "3",
        "norandommap" : "1",
        "allow_file_create" : "0",
        "ioengine" : "io_uring_cmd",
        "filename" : "/dev/ng0n1",
        "cpus_allowed" : "1"
      },
      "read" : {
        "io_bytes" : 2432643584,
        "io_kbytes" : 2375628,
        "bw_bytes" : 347470873,
        "bw" : 339327,
        "iops" : 678635.766319,
        "runtime" : 7001,
        "total_ios" : 4751129,
        "short_ios" : 0,
        "drop_ios" : 0,
        "slat_ns" : {
          "min" : 550,
          "max" : 14030,
          "mean" : 1154.048021,
          "stddev" : 455.773763,
          "N" : 4751130
        },
        "clat_ns" : {
          "min" : 9396,
          "max" : 209329,
          "mean" : 187190.552142,
          "stddev" : 1734.143532,
          "N" : 4751256,
          "percentile" : {
            "1.000000" : 181248,
            "5.000000" : 185344,
            "10.000000" : 185344,
            "20.000000" : 185344,
            "30.000000" : 187392,
            "40.000000" : 187392,
            "50.000000" : 187392,
            "60.000000" : 187392,
            "70.000000" : 187392,
            "80.000000" : 187392,
            "90.000000" : 189440,
            "95.000000" : 189440,
            "99.000000" : 191488,
            "99.500000" : 191488,
            "99.900000" : 193536,
            "99.950000" : 193536,
            "99.990000" : 195584
          }
        },
        "lat_ns" : {
          "min" : 11223,
          "max" : 209952,
          "mean" : 188344.600098,
          "stddev" : 1736.632700,
          "N" : 4751256
        },
        "bw_min" : 338612,
        "bw_max" : 339927,
        "bw_agg" : 100.000000,
        "bw_mean" : 339473.642857,
        "bw_dev" : 499.235663,
        "bw_samples" : 14,
        "iops_min" : 677224,
        "iops_max" : 679854,
        "iops_mean" : 678947.500000,
        "iops_stddev" : 998.491150,
        "iops_samples" : 14
      },
      "write" : {
        "io_bytes" : 0,
        "io_kbytes" : 0,
        "bw_bytes" : 0,
        "bw" : 0,
        "iops" : 0.000000,
        "runtime" : 0,
        "total_ios" : 0,
        "short_ios" : 0,
        "drop_ios" : 0,
        "slat_ns" : {
          "min" : 0,
          "max" : 0,
          "mean" : 0.000000,
          "stddev" : 0.000000,
          "N" : 0
        },
        "clat_ns" : {
          "min" : 0,
          "max" : 0,
          "mean" : 0.000000,
          "stddev" : 0.000000,
          "N" : 0
        },
        "lat_ns" : {
          "min" : 0,
          "max" : 0,
          "mean" : 0.000000,
          "stddev" : 0.000000,
          "N" : 0
        },
        "bw_min" : 0,
        "bw_max" : 0,
        "bw_agg" : 0.000000,
        "bw_mean" : 0.000000,
        "bw_dev" : 0.000000,
        "bw_samples" : 0,
        "iops_min" : 0,
        "iops_max" : 0,
        "iops_mean" : 0.000000,
        "iops_stddev" : 0.000000,
        "iops_samples" : 0
      },
      "trim" : {
        "io_bytes" : 0,
        "io_kbytes" : 0,
        "bw_bytes" : 0,
        "bw" : 0,
        "iops" : 0.000000,
        "runtime" : 0,
        "total_ios" : 0,
        "short_ios" : 0,
        "drop_ios" : 0,
        "slat_ns" : {
          "min" : 0,
          "max" : 0,
          "mean" : 0.000000,
          "stddev" : 0.000000,
          "N" : 0
        },
        "clat_ns" : {
          "min" : 0,
          "max" : 0,
          "mean" : 0.000000,
          "stddev" : 0.000000,
          "N" : 0
        },
        "lat_ns" : {
          "min" : 0,
          "max" : 0,
          "mean" : 0.000000,
          "stddev" : 0.000000,
          "N" : 0
        },
        "bw_min" : 0,
        "bw_max" : 0,
        "bw_agg" : 0.000000,
        "bw_mean" : 0.000000,
        "bw_dev" : 0.000000,
        "bw_samples" : 0,
        "iops_min" : 0,
        "iops_max" : 0,
        "iops_mean" : 0.000000,
        "iops_stddev" : 0.000000,
        "iops_samples" : 0
      },
      "sync" : {
        "total_ios" : 0,
        "lat_ns" : {
          "min" : 0,
          "max" : 0,
          "mean" : 0.000000,
          "stddev" : 0.000000,
          "N" : 0
        }
      },
      "job_runtime" : 7000,
      "usr_cpu" : 30.400000,
      "sys_cpu" : 69.600000,
      "ctx" : 19,
      "majf" : 0,
      "minf" : 0,
      "iodepth_level" : {
        "1" : 0.000000,
        "2" : 0.000000,
        "4" : 0.000000,
        "8" : 0.000000,
        "16" : 0.000000,
        "32" : 0.000000,
        ">=64" : 100.000000
      },
      "iodepth_submit" : {
        "0" : 0.000000,
        "4" : 100.000000,
        "8" : 0.000000,
        "16" : 0.000000,
        "32" : 0.000000,
        "64" : 0.000000,
        ">=64" : 0.000000
      },
      "iodepth_complete" : {
        "0" : 0.000000,
        "4" : 99.999979,
        "8" : 0.000000,
        "16" : 0.000000,
        "32" : 0.000000,
        "64" : 0.000000,
        ">=64" : 0.100000
      },
      "latency_ns" : {
        "2" : 0.000000,
        "4" : 0.000000,
        "10" : 0.000000,
        "20" : 0.000000,
        "50" : 0.000000,
        "100" : 0.000000,
        "250" : 0.000000,
        "500" : 0.000000,
        "750" : 0.000000,
        "1000" : 0.000000
      },
      "latency_us" : {
        "2" : 0.000000,
        "4" : 0.000000,
        "10" : 0.010000,
        "20" : 0.010000,
        "50" : 0.010000,
        "100" : 0.010000,
        "250" : 100.001389,
        "500" : 0.000000,
        "750" : 0.000000,
        "1000" : 0.000000
      },
      "latency_ms" : {
        "2" : 0.000000,
        "4" : 0.000000,
        "10" : 0.000000,
        "20" : 0.000000,
        "50" : 0.000000,
        "100" : 0.000000,
        "250" : 0.000000,
        "500" : 0.000000,
        "750" : 0.000000,
        "1000" : 0.000000,
        "2000" : 0.000000,
        ">=2000" : 0.000000
      },
      "latency_depth" : 128,
      "latency_target" : 0,
      "latency_percentile" : 100.000000,
      "latency_window" : 0
    }
  ]
}

io_uring_cmd-reference: (groupid=0, jobs=1): err= 0: pid=61260: Mon Oct 31 00:48:28 2022
  read: IOPS=679k, BW=331MiB/s (347MB/s)(2320MiB/7001msec)
    slat (nsec): min=550, max=14030, avg=1154.05, stdev=455.77
    clat (usec): min=9, max=209, avg=187.19, stdev= 1.73
     lat (usec): min=11, max=209, avg=188.34, stdev= 1.74
    clat percentiles (usec):
     |  1.00th=[  182],  5.00th=[  186], 10.00th=[  186], 20.00th=[  186],
     | 30.00th=[  188], 40.00th=[  188], 50.00th=[  188], 60.00th=[  188],
     | 70.00th=[  188], 80.00th=[  188], 90.00th=[  190], 95.00th=[  190],
     | 99.00th=[  192], 99.50th=[  192], 99.90th=[  194], 99.95th=[  194],
     | 99.99th=[  196]
   bw (  KiB/s): min=338612, max=339927, per=100.00%, avg=339473.64, stdev=499.24, samples=14
   iops        : min=677224, max=679854, avg=678947.50, stdev=998.49, samples=14
  lat (usec)   : 10=0.01%, 20=0.01%, 50=0.01%, 100=0.01%, 250=100.00%
  cpu          : usr=30.40%, sys=69.60%, ctx=19, majf=0, minf=0
  IO depths    : 1=0.0%, 2=0.0%, 4=0.0%, 8=0.0%, 16=0.0%, 32=0.0%, >=64=100.0%
     submit    : 0=0.0%, 4=100.0%, 8=0.0%, 16=0.0%, 32=0.0%, 64=0.0%, >=64=0.0%
     complete  : 0=0.0%, 4=100.0%, 8=0.0%, 16=0.0%, 32=0.0%, 64=0.0%, >=64=0.1%
     issued rwts: total=4751129,0,0,0 short=0,0,0,0 dropped=0,0,0,0
     latency   : target=0, window=0, percentile=100.00%, depth=128

Run status group 0 (all jobs):
   READ: bw=331MiB/s (347MB/s), 331MiB/s-331MiB/s (347MB/s-347MB/s), io=2320MiB (2433MB), run=7001-7001msec
