libaio-xnvme: (g=0): rw=randread, bs=(R) 512B-512B, (W) 512B-512B, (T) 512B-512B, ioengine=xnvme, iodepth=128
fio-3.32-75-gc470
Starting 1 thread
{
  "fio version" : "fio-3.32-75-gc470",
  "timestamp" : 1667195450,
  "timestamp_ms" : 1667195450327,
  "time" : "Mon Oct 31 00:50:50 2022",
  "jobs" : [
    {
      "jobname" : "libaio-xnvme",
      "groupid" : 0,
      "error" : 0,
      "eta" : 0,
      "elapsed" : 11,
      "job options" : {
        "name" : "libaio-xnvme",
        "rw" : "randread",
        "size" : "12G",
        "iodepth" : "128",
        "bs" : "512",
        "direct" : "1",
        "thread" : "1",
        "time_based" : "1",
        "runtime" : "7",
        "ramp_time" : "3",
        "norandommap" : "1",
        "allow_file_create" : "0",
        "ioengine" : "external:/usr/local/lib/x86_64-linux-gnu/libxnvme-fio-engine.so",
        "xnvme_be" : "linux",
        "xnvme_async" : "libaio",
        "xnvme_sync" : "nvme",
        "xnvme_admin" : "nvme",
        "xnvme_dev_nsid" : "1",
        "filename" : "/dev/nvme0n1",
        "cpus_allowed" : "1"
      },
      "read" : {
        "io_bytes" : 1914621952,
        "io_kbytes" : 1869748,
        "bw_bytes" : 273478353,
        "bw" : 267068,
        "iops" : 534119.125839,
        "runtime" : 7001,
        "total_ios" : 3739368,
        "short_ios" : 0,
        "drop_ios" : 0,
        "slat_ns" : {
          "min" : 663,
          "max" : 12184,
          "mean" : 1253.717554,
          "stddev" : 344.812337,
          "N" : 3739369
        },
        "clat_ns" : {
          "min" : 10426,
          "max" : 254394,
          "mean" : 238135.796986,
          "stddev" : 1675.250277,
          "N" : 3739495,
          "percentile" : {
            "1.000000" : 232448,
            "5.000000" : 236544,
            "10.000000" : 236544,
            "20.000000" : 236544,
            "30.000000" : 236544,
            "40.000000" : 238592,
            "50.000000" : 238592,
            "60.000000" : 238592,
            "70.000000" : 238592,
            "80.000000" : 238592,
            "90.000000" : 240640,
            "95.000000" : 240640,
            "99.000000" : 242688,
            "99.500000" : 242688,
            "99.900000" : 242688,
            "99.950000" : 244736,
            "99.990000" : 244736
          }
        },
        "lat_ns" : {
          "min" : 11938,
          "max" : 255117,
          "mean" : 239389.512885,
          "stddev" : 1674.622131,
          "N" : 3739495
        },
        "bw_min" : 266732,
        "bw_max" : 267484,
        "bw_agg" : 100.000000,
        "bw_mean" : 267185.357143,
        "bw_dev" : 194.836660,
        "bw_samples" : 14,
        "iops_min" : 533464,
        "iops_max" : 534968,
        "iops_mean" : 534370.928571,
        "iops_stddev" : 389.638978,
        "iops_samples" : 14
      },
      "write" : {
        "io_bytes" : 0,
        "io_kbytes" : 0,
        "bw_bytes" : 0,
        "bw" : 0,
        "iops" : 0.000000,
        "runtime" : 0,
        "total_ios" : 0,
        "short_ios" : 0,
        "drop_ios" : 0,
        "slat_ns" : {
          "min" : 0,
          "max" : 0,
          "mean" : 0.000000,
          "stddev" : 0.000000,
          "N" : 0
        },
        "clat_ns" : {
          "min" : 0,
          "max" : 0,
          "mean" : 0.000000,
          "stddev" : 0.000000,
          "N" : 0
        },
        "lat_ns" : {
          "min" : 0,
          "max" : 0,
          "mean" : 0.000000,
          "stddev" : 0.000000,
          "N" : 0
        },
        "bw_min" : 0,
        "bw_max" : 0,
        "bw_agg" : 0.000000,
        "bw_mean" : 0.000000,
        "bw_dev" : 0.000000,
        "bw_samples" : 0,
        "iops_min" : 0,
        "iops_max" : 0,
        "iops_mean" : 0.000000,
        "iops_stddev" : 0.000000,
        "iops_samples" : 0
      },
      "trim" : {
        "io_bytes" : 0,
        "io_kbytes" : 0,
        "bw_bytes" : 0,
        "bw" : 0,
        "iops" : 0.000000,
        "runtime" : 0,
        "total_ios" : 0,
        "short_ios" : 0,
        "drop_ios" : 0,
        "slat_ns" : {
          "min" : 0,
          "max" : 0,
          "mean" : 0.000000,
          "stddev" : 0.000000,
          "N" : 0
        },
        "clat_ns" : {
          "min" : 0,
          "max" : 0,
          "mean" : 0.000000,
          "stddev" : 0.000000,
          "N" : 0
        },
        "lat_ns" : {
          "min" : 0,
          "max" : 0,
          "mean" : 0.000000,
          "stddev" : 0.000000,
          "N" : 0
        },
        "bw_min" : 0,
        "bw_max" : 0,
        "bw_agg" : 0.000000,
        "bw_mean" : 0.000000,
        "bw_dev" : 0.000000,
        "bw_samples" : 0,
        "iops_min" : 0,
        "iops_max" : 0,
        "iops_mean" : 0.000000,
        "iops_stddev" : 0.000000,
        "iops_samples" : 0
      },
      "sync" : {
        "total_ios" : 0,
        "lat_ns" : {
          "min" : 0,
          "max" : 0,
          "mean" : 0.000000,
          "stddev" : 0.000000,
          "N" : 0
        }
      },
      "job_runtime" : 7000,
      "usr_cpu" : 30.928571,
      "sys_cpu" : 69.114286,
      "ctx" : 18,
      "majf" : 0,
      "minf" : 0,
      "iodepth_level" : {
        "1" : 0.000000,
        "2" : 0.000000,
        "4" : 0.000000,
        "8" : 0.000000,
        "16" : 0.000000,
        "32" : 0.000000,
        ">=64" : 100.000000
      },
      "iodepth_submit" : {
        "0" : 0.000000,
        "4" : 100.000000,
        "8" : 0.000000,
        "16" : 0.000000,
        "32" : 0.000000,
        "64" : 0.000000,
        ">=64" : 0.000000
      },
      "iodepth_complete" : {
        "0" : 0.000000,
        "4" : 99.999987,
        "8" : 0.000000,
        "16" : 0.000000,
        "32" : 0.000000,
        "64" : 0.000000,
        ">=64" : 0.100000
      },
      "latency_ns" : {
        "2" : 0.000000,
        "4" : 0.000000,
        "10" : 0.000000,
        "20" : 0.000000,
        "50" : 0.000000,
        "100" : 0.000000,
        "250" : 0.000000,
        "500" : 0.000000,
        "750" : 0.000000,
        "1000" : 0.000000
      },
      "latency_us" : {
        "2" : 0.000000,
        "4" : 0.000000,
        "10" : 0.000000,
        "20" : 0.010000,
        "50" : 0.010000,
        "100" : 0.010000,
        "250" : 99.999465,
        "500" : 0.010000,
        "750" : 0.000000,
        "1000" : 0.000000
      },
      "latency_ms" : {
        "2" : 0.000000,
        "4" : 0.000000,
        "10" : 0.000000,
        "20" : 0.000000,
        "50" : 0.000000,
        "100" : 0.000000,
        "250" : 0.000000,
        "500" : 0.000000,
        "750" : 0.000000,
        "1000" : 0.000000,
        "2000" : 0.000000,
        ">=2000" : 0.000000
      },
      "latency_depth" : 128,
      "latency_target" : 0,
      "latency_percentile" : 100.000000,
      "latency_window" : 0
    }
  ]
}

libaio-xnvme: (groupid=0, jobs=1): err= 0: pid=61740: Mon Oct 31 00:50:50 2022
  read: IOPS=534k, BW=261MiB/s (273MB/s)(1826MiB/7001msec)
    slat (nsec): min=663, max=12184, avg=1253.72, stdev=344.81
    clat (usec): min=10, max=254, avg=238.14, stdev= 1.68
     lat (usec): min=11, max=255, avg=239.39, stdev= 1.67
    clat percentiles (usec):
     |  1.00th=[  233],  5.00th=[  237], 10.00th=[  237], 20.00th=[  237],
     | 30.00th=[  237], 40.00th=[  239], 50.00th=[  239], 60.00th=[  239],
     | 70.00th=[  239], 80.00th=[  239], 90.00th=[  241], 95.00th=[  241],
     | 99.00th=[  243], 99.50th=[  243], 99.90th=[  243], 99.95th=[  245],
     | 99.99th=[  245]
   bw (  KiB/s): min=266732, max=267484, per=100.00%, avg=267185.36, stdev=194.84, samples=14
   iops        : min=533464, max=534968, avg=534370.93, stdev=389.64, samples=14
  lat (usec)   : 20=0.01%, 50=0.01%, 100=0.01%, 250=100.00%, 500=0.01%
  cpu          : usr=30.93%, sys=69.11%, ctx=18, majf=0, minf=0
  IO depths    : 1=0.0%, 2=0.0%, 4=0.0%, 8=0.0%, 16=0.0%, 32=0.0%, >=64=100.0%
     submit    : 0=0.0%, 4=100.0%, 8=0.0%, 16=0.0%, 32=0.0%, 64=0.0%, >=64=0.0%
     complete  : 0=0.0%, 4=100.0%, 8=0.0%, 16=0.0%, 32=0.0%, 64=0.0%, >=64=0.1%
     issued rwts: total=3739368,0,0,0 short=0,0,0,0 dropped=0,0,0,0
     latency   : target=0, window=0, percentile=100.00%, depth=128

Run status group 0 (all jobs):
   READ: bw=261MiB/s (273MB/s), 261MiB/s-261MiB/s (273MB/s-273MB/s), io=1826MiB (1915MB), run=7001-7001msec
