io_uring_cmd-reference: (g=0): rw=randread, bs=(R) 512B-512B, (W) 512B-512B, (T) 512B-512B, ioengine=io_uring_cmd, iodepth=128
fio-3.32-75-gc470
Starting 1 thread
{
  "fio version" : "fio-3.32-75-gc470",
  "timestamp" : 1667183207,
  "timestamp_ms" : 1667183207746,
  "time" : "Sun Oct 30 21:26:47 2022",
  "jobs" : [
    {
      "jobname" : "io_uring_cmd-reference",
      "groupid" : 0,
      "error" : 0,
      "eta" : 0,
      "elapsed" : 11,
      "job options" : {
        "name" : "io_uring_cmd-reference",
        "rw" : "randread",
        "size" : "12G",
        "iodepth" : "128",
        "bs" : "512",
        "direct" : "0",
        "thread" : "1",
        "time_based" : "1",
        "runtime" : "7",
        "ramp_time" : "3",
        "norandommap" : "1",
        "allow_file_create" : "0",
        "ioengine" : "io_uring_cmd",
        "filename" : "/dev/ng0n1",
        "cpus_allowed" : "1"
      },
      "read" : {
        "io_bytes" : 2428505600,
        "io_kbytes" : 2371587,
        "bw_bytes" : 346879817,
        "bw" : 338749,
        "iops" : 677481.502642,
        "runtime" : 7001,
        "total_ios" : 4743048,
        "short_ios" : 0,
        "drop_ios" : 0,
        "slat_ns" : {
          "min" : 547,
          "max" : 17020,
          "mean" : 1155.515182,
          "stddev" : 449.049875,
          "N" : 4743048
        },
        "clat_ns" : {
          "min" : 10436,
          "max" : 214133,
          "mean" : 187508.134799,
          "stddev" : 1480.474928,
          "N" : 4743175,
          "percentile" : {
            "1.000000" : 183296,
            "5.000000" : 185344,
            "10.000000" : 185344,
            "20.000000" : 187392,
            "30.000000" : 187392,
            "40.000000" : 187392,
            "50.000000" : 187392,
            "60.000000" : 187392,
            "70.000000" : 187392,
            "80.000000" : 189440,
            "90.000000" : 189440,
            "95.000000" : 189440,
            "99.000000" : 191488,
            "99.500000" : 191488,
            "99.900000" : 193536,
            "99.950000" : 193536,
            "99.990000" : 199680
          }
        },
        "lat_ns" : {
          "min" : 12197,
          "max" : 215139,
          "mean" : 188663.649206,
          "stddev" : 1479.905669,
          "N" : 4743175
        },
        "bw_min" : 338773,
        "bw_max" : 339219,
        "bw_agg" : 100.000000,
        "bw_mean" : 338904.857143,
        "bw_dev" : 136.290333,
        "bw_samples" : 14,
        "iops_min" : 677546,
        "iops_max" : 678438,
        "iops_mean" : 677809.857143,
        "iops_stddev" : 272.464213,
        "iops_samples" : 14
      },
      "write" : {
        "io_bytes" : 0,
        "io_kbytes" : 0,
        "bw_bytes" : 0,
        "bw" : 0,
        "iops" : 0.000000,
        "runtime" : 0,
        "total_ios" : 0,
        "short_ios" : 0,
        "drop_ios" : 0,
        "slat_ns" : {
          "min" : 0,
          "max" : 0,
          "mean" : 0.000000,
          "stddev" : 0.000000,
          "N" : 0
        },
        "clat_ns" : {
          "min" : 0,
          "max" : 0,
          "mean" : 0.000000,
          "stddev" : 0.000000,
          "N" : 0
        },
        "lat_ns" : {
          "min" : 0,
          "max" : 0,
          "mean" : 0.000000,
          "stddev" : 0.000000,
          "N" : 0
        },
        "bw_min" : 0,
        "bw_max" : 0,
        "bw_agg" : 0.000000,
        "bw_mean" : 0.000000,
        "bw_dev" : 0.000000,
        "bw_samples" : 0,
        "iops_min" : 0,
        "iops_max" : 0,
        "iops_mean" : 0.000000,
        "iops_stddev" : 0.000000,
        "iops_samples" : 0
      },
      "trim" : {
        "io_bytes" : 0,
        "io_kbytes" : 0,
        "bw_bytes" : 0,
        "bw" : 0,
        "iops" : 0.000000,
        "runtime" : 0,
        "total_ios" : 0,
        "short_ios" : 0,
        "drop_ios" : 0,
        "slat_ns" : {
          "min" : 0,
          "max" : 0,
          "mean" : 0.000000,
          "stddev" : 0.000000,
          "N" : 0
        },
        "clat_ns" : {
          "min" : 0,
          "max" : 0,
          "mean" : 0.000000,
          "stddev" : 0.000000,
          "N" : 0
        },
        "lat_ns" : {
          "min" : 0,
          "max" : 0,
          "mean" : 0.000000,
          "stddev" : 0.000000,
          "N" : 0
        },
        "bw_min" : 0,
        "bw_max" : 0,
        "bw_agg" : 0.000000,
        "bw_mean" : 0.000000,
        "bw_dev" : 0.000000,
        "bw_samples" : 0,
        "iops_min" : 0,
        "iops_max" : 0,
        "iops_mean" : 0.000000,
        "iops_stddev" : 0.000000,
        "iops_samples" : 0
      },
      "sync" : {
        "total_ios" : 0,
        "lat_ns" : {
          "min" : 0,
          "max" : 0,
          "mean" : 0.000000,
          "stddev" : 0.000000,
          "N" : 0
        }
      },
      "job_runtime" : 7000,
      "usr_cpu" : 31.485714,
      "sys_cpu" : 68.514286,
      "ctx" : 18,
      "majf" : 0,
      "minf" : 0,
      "iodepth_level" : {
        "1" : 0.000000,
        "2" : 0.000000,
        "4" : 0.000000,
        "8" : 0.000000,
        "16" : 0.000000,
        "32" : 0.000000,
        ">=64" : 100.000000
      },
      "iodepth_submit" : {
        "0" : 0.000000,
        "4" : 100.000000,
        "8" : 0.000000,
        "16" : 0.000000,
        "32" : 0.000000,
        "64" : 0.000000,
        ">=64" : 0.000000
      },
      "iodepth_complete" : {
        "0" : 0.000000,
        "4" : 99.999979,
        "8" : 0.000000,
        "16" : 0.000000,
        "32" : 0.000000,
        "64" : 0.000000,
        ">=64" : 0.100000
      },
      "latency_ns" : {
        "2" : 0.000000,
        "4" : 0.000000,
        "10" : 0.000000,
        "20" : 0.000000,
        "50" : 0.000000,
        "100" : 0.000000,
        "250" : 0.000000,
        "500" : 0.000000,
        "750" : 0.000000,
        "1000" : 0.000000
      },
      "latency_us" : {
        "2" : 0.000000,
        "4" : 0.000000,
        "10" : 0.000000,
        "20" : 0.010000,
        "50" : 0.010000,
        "100" : 0.010000,
        "250" : 100.001392,
        "500" : 0.000000,
        "750" : 0.000000,
        "1000" : 0.000000
      },
      "latency_ms" : {
        "2" : 0.000000,
        "4" : 0.000000,
        "10" : 0.000000,
        "20" : 0.000000,
        "50" : 0.000000,
        "100" : 0.000000,
        "250" : 0.000000,
        "500" : 0.000000,
        "750" : 0.000000,
        "1000" : 0.000000,
        "2000" : 0.000000,
        ">=2000" : 0.000000
      },
      "latency_depth" : 128,
      "latency_target" : 0,
      "latency_percentile" : 100.000000,
      "latency_window" : 0
    }
  ]
}

io_uring_cmd-reference: (groupid=0, jobs=1): err= 0: pid=56226: Sun Oct 30 21:26:47 2022
  read: IOPS=677k, BW=331MiB/s (347MB/s)(2316MiB/7001msec)
    slat (nsec): min=547, max=17020, avg=1155.52, stdev=449.05
    clat (usec): min=10, max=214, avg=187.51, stdev= 1.48
     lat (usec): min=12, max=215, avg=188.66, stdev= 1.48
    clat percentiles (usec):
     |  1.00th=[  184],  5.00th=[  186], 10.00th=[  186], 20.00th=[  188],
     | 30.00th=[  188], 40.00th=[  188], 50.00th=[  188], 60.00th=[  188],
     | 70.00th=[  188], 80.00th=[  190], 90.00th=[  190], 95.00th=[  190],
     | 99.00th=[  192], 99.50th=[  192], 99.90th=[  194], 99.95th=[  194],
     | 99.99th=[  200]
   bw (  KiB/s): min=338773, max=339219, per=100.00%, avg=338904.86, stdev=136.29, samples=14
   iops        : min=677546, max=678438, avg=677809.86, stdev=272.46, samples=14
  lat (usec)   : 20=0.01%, 50=0.01%, 100=0.01%, 250=100.00%
  cpu          : usr=31.49%, sys=68.51%, ctx=18, majf=0, minf=0
  IO depths    : 1=0.0%, 2=0.0%, 4=0.0%, 8=0.0%, 16=0.0%, 32=0.0%, >=64=100.0%
     submit    : 0=0.0%, 4=100.0%, 8=0.0%, 16=0.0%, 32=0.0%, 64=0.0%, >=64=0.0%
     complete  : 0=0.0%, 4=100.0%, 8=0.0%, 16=0.0%, 32=0.0%, 64=0.0%, >=64=0.1%
     issued rwts: total=4743048,0,0,0 short=0,0,0,0 dropped=0,0,0,0
     latency   : target=0, window=0, percentile=100.00%, depth=128

Run status group 0 (all jobs):
   READ: bw=331MiB/s (347MB/s), 331MiB/s-331MiB/s (347MB/s-347MB/s), io=2316MiB (2429MB), run=7001-7001msec
