io_uring_cmd-bdev_xnvme: (g=0): rw=randread, bs=(R) 512B-512B, (W) 512B-512B, (T) 512B-512B, ioengine=spdk_bdev, iodepth=128
fio-3.32-75-gc470
Starting 1 thread
{
  "fio version" : "fio-3.32-75-gc470",
  "timestamp" : 1667183236,
  "timestamp_ms" : 1667183236169,
  "time" : "Sun Oct 30 21:27:16 2022",
  "jobs" : [
    {
      "jobname" : "io_uring_cmd-bdev_xnvme",
      "groupid" : 0,
      "error" : 0,
      "eta" : 0,
      "elapsed" : 11,
      "job options" : {
        "name" : "io_uring_cmd-bdev_xnvme",
        "rw" : "randread",
        "size" : "12G",
        "iodepth" : "128",
        "bs" : "512",
        "direct" : "0",
        "thread" : "1",
        "time_based" : "1",
        "runtime" : "7",
        "ramp_time" : "3",
        "norandommap" : "1",
        "allow_file_create" : "0",
        "ioengine" : "spdk_bdev",
        "spdk_conf" : "/tmp/spdk_bdev_xnvme_io_uring_cmd.conf",
        "filename" : "Nvme0n1",
        "cpus_allowed" : "1"
      },
      "read" : {
        "io_bytes" : 4028379136,
        "io_kbytes" : 3933964,
        "bw_bytes" : 575400533,
        "bw" : 561914,
        "iops" : 1123811.026996,
        "runtime" : 7001,
        "total_ios" : 7867801,
        "short_ios" : 0,
        "drop_ios" : 0,
        "slat_ns" : {
          "min" : 96,
          "max" : 12088,
          "mean" : 161.428775,
          "stddev" : 34.894019,
          "N" : 7867801
        },
        "clat_ns" : {
          "min" : 95094,
          "max" : 219670,
          "mean" : 112955.669526,
          "stddev" : 3439.983291,
          "N" : 7867928,
          "percentile" : {
            "1.000000" : 104960,
            "5.000000" : 107008,
            "10.000000" : 109056,
            "20.000000" : 111104,
            "30.000000" : 111104,
            "40.000000" : 112128,
            "50.000000" : 113152,
            "60.000000" : 113152,
            "70.000000" : 114176,
            "80.000000" : 115200,
            "90.000000" : 117248,
            "95.000000" : 119296,
            "99.000000" : 123392,
            "99.500000" : 124416,
            "99.900000" : 126464,
            "99.950000" : 127488,
            "99.990000" : 128512
          }
        },
        "lat_ns" : {
          "min" : 95317,
          "max" : 219865,
          "mean" : 113117.098238,
          "stddev" : 3442.009677,
          "N" : 7867928
        },
        "bw_min" : 560720,
        "bw_max" : 563354,
        "bw_agg" : 100.000000,
        "bw_mean" : 562160.857143,
        "bw_dev" : 986.298508,
        "bw_samples" : 14,
        "iops_min" : 1121440,
        "iops_max" : 1126711,
        "iops_mean" : 1124321.785714,
        "iops_stddev" : 1973.195580,
        "iops_samples" : 14
      },
      "write" : {
        "io_bytes" : 0,
        "io_kbytes" : 0,
        "bw_bytes" : 0,
        "bw" : 0,
        "iops" : 0.000000,
        "runtime" : 0,
        "total_ios" : 0,
        "short_ios" : 0,
        "drop_ios" : 0,
        "slat_ns" : {
          "min" : 0,
          "max" : 0,
          "mean" : 0.000000,
          "stddev" : 0.000000,
          "N" : 0
        },
        "clat_ns" : {
          "min" : 0,
          "max" : 0,
          "mean" : 0.000000,
          "stddev" : 0.000000,
          "N" : 0
        },
        "lat_ns" : {
          "min" : 0,
          "max" : 0,
          "mean" : 0.000000,
          "stddev" : 0.000000,
          "N" : 0
        },
        "bw_min" : 0,
        "bw_max" : 0,
        "bw_agg" : 0.000000,
        "bw_mean" : 0.000000,
        "bw_dev" : 0.000000,
        "bw_samples" : 0,
        "iops_min" : 0,
        "iops_max" : 0,
        "iops_mean" : 0.000000,
        "iops_stddev" : 0.000000,
        "iops_samples" : 0
      },
      "trim" : {
        "io_bytes" : 0,
        "io_kbytes" : 0,
        "bw_bytes" : 0,
        "bw" : 0,
        "iops" : 0.000000,
        "runtime" : 0,
        "total_ios" : 0,
        "short_ios" : 0,
        "drop_ios" : 0,
        "slat_ns" : {
          "min" : 0,
          "max" : 0,
          "mean" : 0.000000,
          "stddev" : 0.000000,
          "N" : 0
        },
        "clat_ns" : {
          "min" : 0,
          "max" : 0,
          "mean" : 0.000000,
          "stddev" : 0.000000,
          "N" : 0
        },
        "lat_ns" : {
          "min" : 0,
          "max" : 0,
          "mean" : 0.000000,
          "stddev" : 0.000000,
          "N" : 0
        },
        "bw_min" : 0,
        "bw_max" : 0,
        "bw_agg" : 0.000000,
        "bw_mean" : 0.000000,
        "bw_dev" : 0.000000,
        "bw_samples" : 0,
        "iops_min" : 0,
        "iops_max" : 0,
        "iops_mean" : 0.000000,
        "iops_stddev" : 0.000000,
        "iops_samples" : 0
      },
      "sync" : {
        "total_ios" : 0,
        "lat_ns" : {
          "min" : 0,
          "max" : 0,
          "mean" : 0.000000,
          "stddev" : 0.000000,
          "N" : 0
        }
      },
      "job_runtime" : 7000,
      "usr_cpu" : 99.985714,
      "sys_cpu" : 0.000000,
      "ctx" : 17,
      "majf" : 0,
      "minf" : 0,
      "iodepth_level" : {
        "1" : 0.000000,
        "2" : 0.000000,
        "4" : 0.000000,
        "8" : 0.000000,
        "16" : 0.000000,
        "32" : 0.000000,
        ">=64" : 100.000000
      },
      "iodepth_submit" : {
        "0" : 0.000000,
        "4" : 100.000000,
        "8" : 0.000000,
        "16" : 0.000000,
        "32" : 0.000000,
        "64" : 0.000000,
        ">=64" : 0.000000
      },
      "iodepth_complete" : {
        "0" : 0.000000,
        "4" : 93.076260,
        "8" : 6.923731,
        "16" : 0.000000,
        "32" : 0.000000,
        "64" : 0.000000,
        ">=64" : 0.100000
      },
      "latency_ns" : {
        "2" : 0.000000,
        "4" : 0.000000,
        "10" : 0.000000,
        "20" : 0.000000,
        "50" : 0.000000,
        "100" : 0.000000,
        "250" : 0.000000,
        "500" : 0.000000,
        "750" : 0.000000,
        "1000" : 0.000000
      },
      "latency_us" : {
        "2" : 0.000000,
        "4" : 0.000000,
        "10" : 0.000000,
        "20" : 0.000000,
        "50" : 0.000000,
        "100" : 0.035588,
        "250" : 99.966026,
        "500" : 0.000000,
        "750" : 0.000000,
        "1000" : 0.000000
      },
      "latency_ms" : {
        "2" : 0.000000,
        "4" : 0.000000,
        "10" : 0.000000,
        "20" : 0.000000,
        "50" : 0.000000,
        "100" : 0.000000,
        "250" : 0.000000,
        "500" : 0.000000,
        "750" : 0.000000,
        "1000" : 0.000000,
        "2000" : 0.000000,
        ">=2000" : 0.000000
      },
      "latency_depth" : 128,
      "latency_target" : 0,
      "latency_percentile" : 100.000000,
      "latency_window" : 0
    }
  ]
}

io_uring_cmd-bdev_xnvme: (groupid=0, jobs=1): err= 0: pid=56321: Sun Oct 30 21:27:16 2022
  read: IOPS=1124k, BW=549MiB/s (575MB/s)(3842MiB/7001msec)
    slat (nsec): min=96, max=12088, avg=161.43, stdev=34.89
    clat (usec): min=95, max=219, avg=112.96, stdev= 3.44
     lat (usec): min=95, max=219, avg=113.12, stdev= 3.44
    clat percentiles (usec):
     |  1.00th=[  105],  5.00th=[  108], 10.00th=[  110], 20.00th=[  112],
     | 30.00th=[  112], 40.00th=[  113], 50.00th=[  114], 60.00th=[  114],
     | 70.00th=[  115], 80.00th=[  116], 90.00th=[  118], 95.00th=[  120],
     | 99.00th=[  124], 99.50th=[  125], 99.90th=[  127], 99.95th=[  128],
     | 99.99th=[  129]
   bw (  KiB/s): min=560720, max=563354, per=100.00%, avg=562160.86, stdev=986.30, samples=14
   iops        : min=1121440, max=1126711, avg=1124321.79, stdev=1973.20, samples=14
  lat (usec)   : 100=0.04%, 250=99.97%
  cpu          : usr=99.99%, sys=0.00%, ctx=17, majf=0, minf=0
  IO depths    : 1=0.0%, 2=0.0%, 4=0.0%, 8=0.0%, 16=0.0%, 32=0.0%, >=64=100.0%
     submit    : 0=0.0%, 4=100.0%, 8=0.0%, 16=0.0%, 32=0.0%, 64=0.0%, >=64=0.0%
     complete  : 0=0.0%, 4=93.1%, 8=6.9%, 16=0.0%, 32=0.0%, 64=0.0%, >=64=0.1%
     issued rwts: total=7867801,0,0,0 short=0,0,0,0 dropped=0,0,0,0
     latency   : target=0, window=0, percentile=100.00%, depth=128

Run status group 0 (all jobs):
   READ: bw=549MiB/s (575MB/s), 549MiB/s-549MiB/s (575MB/s-575MB/s), io=3842MiB (4028MB), run=7001-7001msec
