io_uring_cmd-xnvme: (g=0): rw=randread, bs=(R) 512B-512B, (W) 512B-512B, (T) 512B-512B, ioengine=xnvme, iodepth=128
fio-3.32-75-gc470
Starting 1 thread
{
  "fio version" : "fio-3.32-75-gc470",
  "timestamp" : 1667182687,
  "timestamp_ms" : 1667182687764,
  "time" : "Sun Oct 30 21:18:07 2022",
  "jobs" : [
    {
      "jobname" : "io_uring_cmd-xnvme",
      "groupid" : 0,
      "error" : 0,
      "eta" : 0,
      "elapsed" : 11,
      "job options" : {
        "name" : "io_uring_cmd-xnvme",
        "rw" : "randread",
        "size" : "12G",
        "iodepth" : "128",
        "bs" : "512",
        "direct" : "0",
        "thread" : "1",
        "time_based" : "1",
        "runtime" : "7",
        "ramp_time" : "3",
        "norandommap" : "1",
        "allow_file_create" : "0",
        "ioengine" : "external:/usr/local/lib/x86_64-linux-gnu/libxnvme-fio-engine.so",
        "xnvme_be" : "linux",
        "xnvme_async" : "io_uring_cmd",
        "xnvme_sync" : "nvme",
        "xnvme_admin" : "nvme",
        "xnvme_dev_nsid" : "1",
        "filename" : "/dev/ng0n1",
        "cpus_allowed" : "1"
      },
      "read" : {
        "io_bytes" : 2194799616,
        "io_kbytes" : 2143359,
        "bw_bytes" : 313498016,
        "bw" : 306150,
        "iops" : 612282.531067,
        "runtime" : 7001,
        "total_ios" : 4286590,
        "short_ios" : 0,
        "drop_ios" : 0,
        "slat_ns" : {
          "min" : 583,
          "max" : 11666,
          "mean" : 1245.505058,
          "stddev" : 460.062261,
          "N" : 4286591
        },
        "clat_ns" : {
          "min" : 9915,
          "max" : 220121,
          "mean" : 207510.432846,
          "stddev" : 1530.618409,
          "N" : 4286717,
          "percentile" : {
            "1.000000" : 201728,
            "5.000000" : 205824,
            "10.000000" : 205824,
            "20.000000" : 205824,
            "30.000000" : 207872,
            "40.000000" : 207872,
            "50.000000" : 207872,
            "60.000000" : 207872,
            "70.000000" : 207872,
            "80.000000" : 207872,
            "90.000000" : 209920,
            "95.000000" : 209920,
            "99.000000" : 209920,
            "99.500000" : 211968,
            "99.900000" : 211968,
            "99.950000" : 211968,
            "99.990000" : 214016
          }
        },
        "lat_ns" : {
          "min" : 11406,
          "max" : 221200,
          "mean" : 208755.936102,
          "stddev" : 1536.613992,
          "N" : 4286717
        },
        "bw_min" : 306075,
        "bw_max" : 306433,
        "bw_agg" : 100.000000,
        "bw_mean" : 306282.285714,
        "bw_dev" : 116.743261,
        "bw_samples" : 14,
        "iops_min" : 612150,
        "iops_max" : 612867,
        "iops_mean" : 612564.714286,
        "iops_stddev" : 233.616197,
        "iops_samples" : 14
      },
      "write" : {
        "io_bytes" : 0,
        "io_kbytes" : 0,
        "bw_bytes" : 0,
        "bw" : 0,
        "iops" : 0.000000,
        "runtime" : 0,
        "total_ios" : 0,
        "short_ios" : 0,
        "drop_ios" : 0,
        "slat_ns" : {
          "min" : 0,
          "max" : 0,
          "mean" : 0.000000,
          "stddev" : 0.000000,
          "N" : 0
        },
        "clat_ns" : {
          "min" : 0,
          "max" : 0,
          "mean" : 0.000000,
          "stddev" : 0.000000,
          "N" : 0
        },
        "lat_ns" : {
          "min" : 0,
          "max" : 0,
          "mean" : 0.000000,
          "stddev" : 0.000000,
          "N" : 0
        },
        "bw_min" : 0,
        "bw_max" : 0,
        "bw_agg" : 0.000000,
        "bw_mean" : 0.000000,
        "bw_dev" : 0.000000,
        "bw_samples" : 0,
        "iops_min" : 0,
        "iops_max" : 0,
        "iops_mean" : 0.000000,
        "iops_stddev" : 0.000000,
        "iops_samples" : 0
      },
      "trim" : {
        "io_bytes" : 0,
        "io_kbytes" : 0,
        "bw_bytes" : 0,
        "bw" : 0,
        "iops" : 0.000000,
        "runtime" : 0,
        "total_ios" : 0,
        "short_ios" : 0,
        "drop_ios" : 0,
        "slat_ns" : {
          "min" : 0,
          "max" : 0,
          "mean" : 0.000000,
          "stddev" : 0.000000,
          "N" : 0
        },
        "clat_ns" : {
          "min" : 0,
          "max" : 0,
          "mean" : 0.000000,
          "stddev" : 0.000000,
          "N" : 0
        },
        "lat_ns" : {
          "min" : 0,
          "max" : 0,
          "mean" : 0.000000,
          "stddev" : 0.000000,
          "N" : 0
        },
        "bw_min" : 0,
        "bw_max" : 0,
        "bw_agg" : 0.000000,
        "bw_mean" : 0.000000,
        "bw_dev" : 0.000000,
        "bw_samples" : 0,
        "iops_min" : 0,
        "iops_max" : 0,
        "iops_mean" : 0.000000,
        "iops_stddev" : 0.000000,
        "iops_samples" : 0
      },
      "sync" : {
        "total_ios" : 0,
        "lat_ns" : {
          "min" : 0,
          "max" : 0,
          "mean" : 0.000000,
          "stddev" : 0.000000,
          "N" : 0
        }
      },
      "job_runtime" : 7000,
      "usr_cpu" : 22.057143,
      "sys_cpu" : 77.942857,
      "ctx" : 17,
      "majf" : 0,
      "minf" : 0,
      "iodepth_level" : {
        "1" : 0.000000,
        "2" : 0.000000,
        "4" : 0.000000,
        "8" : 0.000000,
        "16" : 0.000000,
        "32" : 0.000000,
        ">=64" : 100.000000
      },
      "iodepth_submit" : {
        "0" : 0.000000,
        "4" : 100.000000,
        "8" : 0.000000,
        "16" : 0.000000,
        "32" : 0.000000,
        "64" : 0.000000,
        ">=64" : 0.000000
      },
      "iodepth_complete" : {
        "0" : 0.000000,
        "4" : 99.999988,
        "8" : 0.000000,
        "16" : 0.000000,
        "32" : 0.000000,
        "64" : 0.000000,
        ">=64" : 0.100000
      },
      "latency_ns" : {
        "2" : 0.000000,
        "4" : 0.000000,
        "10" : 0.000000,
        "20" : 0.000000,
        "50" : 0.000000,
        "100" : 0.000000,
        "250" : 0.000000,
        "500" : 0.000000,
        "750" : 0.000000,
        "1000" : 0.000000
      },
      "latency_us" : {
        "2" : 0.000000,
        "4" : 0.000000,
        "10" : 0.010000,
        "20" : 0.010000,
        "50" : 0.010000,
        "100" : 0.010000,
        "250" : 100.001656,
        "500" : 0.000000,
        "750" : 0.000000,
        "1000" : 0.000000
      },
      "latency_ms" : {
        "2" : 0.000000,
        "4" : 0.000000,
        "10" : 0.000000,
        "20" : 0.000000,
        "50" : 0.000000,
        "100" : 0.000000,
        "250" : 0.000000,
        "500" : 0.000000,
        "750" : 0.000000,
        "1000" : 0.000000,
        "2000" : 0.000000,
        ">=2000" : 0.000000
      },
      "latency_depth" : 128,
      "latency_target" : 0,
      "latency_percentile" : 100.000000,
      "latency_window" : 0
    }
  ]
}

io_uring_cmd-xnvme: (groupid=0, jobs=1): err= 0: pid=54999: Sun Oct 30 21:18:07 2022
  read: IOPS=612k, BW=299MiB/s (313MB/s)(2093MiB/7001msec)
    slat (nsec): min=583, max=11666, avg=1245.51, stdev=460.06
    clat (usec): min=9, max=220, avg=207.51, stdev= 1.53
     lat (usec): min=11, max=221, avg=208.76, stdev= 1.54
    clat percentiles (usec):
     |  1.00th=[  202],  5.00th=[  206], 10.00th=[  206], 20.00th=[  206],
     | 30.00th=[  208], 40.00th=[  208], 50.00th=[  208], 60.00th=[  208],
     | 70.00th=[  208], 80.00th=[  208], 90.00th=[  210], 95.00th=[  210],
     | 99.00th=[  210], 99.50th=[  212], 99.90th=[  212], 99.95th=[  212],
     | 99.99th=[  215]
   bw (  KiB/s): min=306075, max=306433, per=100.00%, avg=306282.29, stdev=116.74, samples=14
   iops        : min=612150, max=612867, avg=612564.71, stdev=233.62, samples=14
  lat (usec)   : 10=0.01%, 20=0.01%, 50=0.01%, 100=0.01%, 250=100.00%
  cpu          : usr=22.06%, sys=77.94%, ctx=17, majf=0, minf=0
  IO depths    : 1=0.0%, 2=0.0%, 4=0.0%, 8=0.0%, 16=0.0%, 32=0.0%, >=64=100.0%
     submit    : 0=0.0%, 4=100.0%, 8=0.0%, 16=0.0%, 32=0.0%, 64=0.0%, >=64=0.0%
     complete  : 0=0.0%, 4=100.0%, 8=0.0%, 16=0.0%, 32=0.0%, 64=0.0%, >=64=0.1%
     issued rwts: total=4286590,0,0,0 short=0,0,0,0 dropped=0,0,0,0
     latency   : target=0, window=0, percentile=100.00%, depth=128

Run status group 0 (all jobs):
   READ: bw=299MiB/s (313MB/s), 299MiB/s-299MiB/s (313MB/s-313MB/s), io=2093MiB (2195MB), run=7001-7001msec
