libaio-bdev_xnvme: (g=0): rw=randread, bs=(R) 512B-512B, (W) 512B-512B, (T) 512B-512B, ioengine=spdk_bdev, iodepth=128
fio-3.32-75-gc470
Starting 1 thread
{
  "fio version" : "fio-3.32-75-gc470",
  "timestamp" : 1667167176,
  "timestamp_ms" : 1667167176131,
  "time" : "Sun Oct 30 16:59:36 2022",
  "jobs" : [
    {
      "jobname" : "libaio-bdev_xnvme",
      "groupid" : 0,
      "error" : 0,
      "eta" : 0,
      "elapsed" : 11,
      "job options" : {
        "name" : "libaio-bdev_xnvme",
        "rw" : "randread",
        "size" : "12G",
        "iodepth" : "128",
        "bs" : "512",
        "direct" : "1",
        "thread" : "1",
        "time_based" : "1",
        "runtime" : "7",
        "ramp_time" : "3",
        "norandommap" : "1",
        "allow_file_create" : "0",
        "ioengine" : "spdk_bdev",
        "spdk_conf" : "/tmp/spdk_bdev_xnvme_libaio.conf",
        "filename" : "Nvme0n1",
        "cpus_allowed" : "1"
      },
      "read" : {
        "io_bytes" : 2112220160,
        "io_kbytes" : 2062715,
        "bw_bytes" : 301702636,
        "bw" : 294631,
        "iops" : 589246.393372,
        "runtime" : 7001,
        "total_ios" : 4125314,
        "short_ios" : 0,
        "drop_ios" : 0,
        "slat_ns" : {
          "min" : 732,
          "max" : 12091,
          "mean" : 1424.127898,
          "stddev" : 474.607947,
          "N" : 4125315
        },
        "clat_ns" : {
          "min" : 8312,
          "max" : 232022,
          "mean" : 113852.703377,
          "stddev" : 58168.232381,
          "N" : 4125430,
          "percentile" : {
            "1.000000" : 15808,
            "5.000000" : 23680,
            "10.000000" : 33536,
            "20.000000" : 53504,
            "30.000000" : 73216,
            "40.000000" : 93696,
            "50.000000" : 113152,
            "60.000000" : 134144,
            "70.000000" : 152576,
            "80.000000" : 173056,
            "90.000000" : 193536,
            "95.000000" : 199680,
            "99.000000" : 220160,
            "99.500000" : 220160,
            "99.900000" : 222208,
            "99.950000" : 222208,
            "99.990000" : 224256
          }
        },
        "lat_ns" : {
          "min" : 11602,
          "max" : 233538,
          "mean" : 115276.830231,
          "stddev" : 58122.581236,
          "N" : 4125430
        },
        "bw_min" : 294621,
        "bw_max" : 294969,
        "bw_agg" : 100.000000,
        "bw_mean" : 294768.500000,
        "bw_dev" : 80.038212,
        "bw_samples" : 14,
        "iops_min" : 589242,
        "iops_max" : 589938,
        "iops_mean" : 589537.214286,
        "iops_stddev" : 160.131282,
        "iops_samples" : 14
      },
      "write" : {
        "io_bytes" : 0,
        "io_kbytes" : 0,
        "bw_bytes" : 0,
        "bw" : 0,
        "iops" : 0.000000,
        "runtime" : 0,
        "total_ios" : 0,
        "short_ios" : 0,
        "drop_ios" : 0,
        "slat_ns" : {
          "min" : 0,
          "max" : 0,
          "mean" : 0.000000,
          "stddev" : 0.000000,
          "N" : 0
        },
        "clat_ns" : {
          "min" : 0,
          "max" : 0,
          "mean" : 0.000000,
          "stddev" : 0.000000,
          "N" : 0
        },
        "lat_ns" : {
          "min" : 0,
          "max" : 0,
          "mean" : 0.000000,
          "stddev" : 0.000000,
          "N" : 0
        },
        "bw_min" : 0,
        "bw_max" : 0,
        "bw_agg" : 0.000000,
        "bw_mean" : 0.000000,
        "bw_dev" : 0.000000,
        "bw_samples" : 0,
        "iops_min" : 0,
        "iops_max" : 0,
        "iops_mean" : 0.000000,
        "iops_stddev" : 0.000000,
        "iops_samples" : 0
      },
      "trim" : {
        "io_bytes" : 0,
        "io_kbytes" : 0,
        "bw_bytes" : 0,
        "bw" : 0,
        "iops" : 0.000000,
        "runtime" : 0,
        "total_ios" : 0,
        "short_ios" : 0,
        "drop_ios" : 0,
        "slat_ns" : {
          "min" : 0,
          "max" : 0,
          "mean" : 0.000000,
          "stddev" : 0.000000,
          "N" : 0
        },
        "clat_ns" : {
          "min" : 0,
          "max" : 0,
          "mean" : 0.000000,
          "stddev" : 0.000000,
          "N" : 0
        },
        "lat_ns" : {
          "min" : 0,
          "max" : 0,
          "mean" : 0.000000,
          "stddev" : 0.000000,
          "N" : 0
        },
        "bw_min" : 0,
        "bw_max" : 0,
        "bw_agg" : 0.000000,
        "bw_mean" : 0.000000,
        "bw_dev" : 0.000000,
        "bw_samples" : 0,
        "iops_min" : 0,
        "iops_max" : 0,
        "iops_mean" : 0.000000,
        "iops_stddev" : 0.000000,
        "iops_samples" : 0
      },
      "sync" : {
        "total_ios" : 0,
        "lat_ns" : {
          "min" : 0,
          "max" : 0,
          "mean" : 0.000000,
          "stddev" : 0.000000,
          "N" : 0
        }
      },
      "job_runtime" : 7000,
      "usr_cpu" : 33.242857,
      "sys_cpu" : 66.728571,
      "ctx" : 10,
      "majf" : 0,
      "minf" : 0,
      "iodepth_level" : {
        "1" : 0.000000,
        "2" : 0.100000,
        "4" : 0.982374,
        "8" : 6.546532,
        "16" : 13.093403,
        "32" : 26.186807,
        ">=64" : 53.190860
      },
      "iodepth_submit" : {
        "0" : 0.000000,
        "4" : 100.000000,
        "8" : 0.000000,
        "16" : 0.000000,
        "32" : 0.000000,
        "64" : 0.000000,
        ">=64" : 0.000000
      },
      "iodepth_complete" : {
        "0" : 0.000000,
        "4" : 99.188281,
        "8" : 0.000000,
        "16" : 0.000000,
        "32" : 0.000000,
        "64" : 0.000000,
        ">=64" : 0.811719
      },
      "latency_ns" : {
        "2" : 0.000000,
        "4" : 0.000000,
        "10" : 0.000000,
        "20" : 0.000000,
        "50" : 0.000000,
        "100" : 0.000000,
        "250" : 0.000000,
        "500" : 0.000000,
        "750" : 0.000000,
        "1000" : 0.000000
      },
      "latency_us" : {
        "2" : 0.000000,
        "4" : 0.000000,
        "10" : 0.010000,
        "20" : 3.179079,
        "50" : 14.987199,
        "100" : 25.055208,
        "250" : 56.781205,
        "500" : 0.000000,
        "750" : 0.000000,
        "1000" : 0.000000
      },
      "latency_ms" : {
        "2" : 0.000000,
        "4" : 0.000000,
        "10" : 0.000000,
        "20" : 0.000000,
        "50" : 0.000000,
        "100" : 0.000000,
        "250" : 0.000000,
        "500" : 0.000000,
        "750" : 0.000000,
        "1000" : 0.000000,
        "2000" : 0.000000,
        ">=2000" : 0.000000
      },
      "latency_depth" : 128,
      "latency_target" : 0,
      "latency_percentile" : 100.000000,
      "latency_window" : 0
    }
  ]
}

libaio-bdev_xnvme: (groupid=0, jobs=1): err= 0: pid=40283: Sun Oct 30 16:59:36 2022
  read: IOPS=589k, BW=288MiB/s (302MB/s)(2014MiB/7001msec)
    slat (nsec): min=732, max=12091, avg=1424.13, stdev=474.61
    clat (usec): min=8, max=232, avg=113.85, stdev=58.17
     lat (usec): min=11, max=233, avg=115.28, stdev=58.12
    clat percentiles (usec):
     |  1.00th=[   16],  5.00th=[   24], 10.00th=[   34], 20.00th=[   54],
     | 30.00th=[   74], 40.00th=[   94], 50.00th=[  114], 60.00th=[  135],
     | 70.00th=[  153], 80.00th=[  174], 90.00th=[  194], 95.00th=[  200],
     | 99.00th=[  221], 99.50th=[  221], 99.90th=[  223], 99.95th=[  223],
     | 99.99th=[  225]
   bw (  KiB/s): min=294621, max=294969, per=100.00%, avg=294768.50, stdev=80.04, samples=14
   iops        : min=589242, max=589938, avg=589537.21, stdev=160.13, samples=14
  lat (usec)   : 10=0.01%, 20=3.18%, 50=14.99%, 100=25.06%, 250=56.78%
  cpu          : usr=33.24%, sys=66.73%, ctx=10, majf=0, minf=0
  IO depths    : 1=0.0%, 2=0.1%, 4=1.0%, 8=6.5%, 16=13.1%, 32=26.2%, >=64=53.2%
     submit    : 0=0.0%, 4=100.0%, 8=0.0%, 16=0.0%, 32=0.0%, 64=0.0%, >=64=0.0%
     complete  : 0=0.0%, 4=99.2%, 8=0.0%, 16=0.0%, 32=0.0%, 64=0.0%, >=64=0.8%
     issued rwts: total=4125314,0,0,0 short=0,0,0,0 dropped=0,0,0,0
     latency   : target=0, window=0, percentile=100.00%, depth=128

Run status group 0 (all jobs):
   READ: bw=288MiB/s (302MB/s), 288MiB/s-288MiB/s (302MB/s-302MB/s), io=2014MiB (2112MB), run=7001-7001msec
