libaio-bdev_aio: (g=0): rw=randread, bs=(R) 512B-512B, (W) 512B-512B, (T) 512B-512B, ioengine=spdk_bdev, iodepth=128
fio-3.32-75-gc470
Starting 1 thread
{
  "fio version" : "fio-3.32-75-gc470",
  "timestamp" : 1667167161,
  "timestamp_ms" : 1667167161239,
  "time" : "Sun Oct 30 16:59:21 2022",
  "jobs" : [
    {
      "jobname" : "libaio-bdev_aio",
      "groupid" : 0,
      "error" : 0,
      "eta" : 0,
      "elapsed" : 11,
      "job options" : {
        "name" : "libaio-bdev_aio",
        "rw" : "randread",
        "size" : "12G",
        "iodepth" : "128",
        "bs" : "512",
        "direct" : "1",
        "thread" : "1",
        "time_based" : "1",
        "runtime" : "7",
        "ramp_time" : "3",
        "norandommap" : "1",
        "allow_file_create" : "0",
        "ioengine" : "spdk_bdev",
        "spdk_conf" : "/tmp/spdk_bdev_aio_foo.conf",
        "filename" : "Nvme0n1",
        "cpus_allowed" : "1"
      },
      "read" : {
        "io_bytes" : 2130361856,
        "io_kbytes" : 2080431,
        "bw_bytes" : 304293937,
        "bw" : 297162,
        "iops" : 594316.669047,
        "runtime" : 7001,
        "total_ios" : 4160811,
        "short_ios" : 0,
        "drop_ios" : 0,
        "slat_ns" : {
          "min" : 724,
          "max" : 12194,
          "mean" : 1416.042840,
          "stddev" : 477.162020,
          "N" : 4160812
        },
        "clat_ns" : {
          "min" : 7191,
          "max" : 225691,
          "mean" : 112115.318162,
          "stddev" : 57778.755791,
          "N" : 4160863,
          "percentile" : {
            "1.000000" : 14656,
            "5.000000" : 22400,
            "10.000000" : 32384,
            "20.000000" : 52480,
            "30.000000" : 72192,
            "40.000000" : 91648,
            "50.000000" : 112128,
            "60.000000" : 132096,
            "70.000000" : 150528,
            "80.000000" : 171008,
            "90.000000" : 191488,
            "95.000000" : 199680,
            "99.000000" : 216064,
            "99.500000" : 218112,
            "99.900000" : 218112,
            "99.950000" : 220160,
            "99.990000" : 220160
          }
        },
        "lat_ns" : {
          "min" : 10792,
          "max" : 227651,
          "mean" : 113531.361031,
          "stddev" : 57733.685985,
          "N" : 4160863
        },
        "bw_min" : 297183,
        "bw_max" : 297414,
        "bw_agg" : 100.000000,
        "bw_mean" : 297303.571429,
        "bw_dev" : 87.278259,
        "bw_samples" : 14,
        "iops_min" : 594366,
        "iops_max" : 594828,
        "iops_mean" : 594607.285714,
        "iops_stddev" : 174.594664,
        "iops_samples" : 14
      },
      "write" : {
        "io_bytes" : 0,
        "io_kbytes" : 0,
        "bw_bytes" : 0,
        "bw" : 0,
        "iops" : 0.000000,
        "runtime" : 0,
        "total_ios" : 0,
        "short_ios" : 0,
        "drop_ios" : 0,
        "slat_ns" : {
          "min" : 0,
          "max" : 0,
          "mean" : 0.000000,
          "stddev" : 0.000000,
          "N" : 0
        },
        "clat_ns" : {
          "min" : 0,
          "max" : 0,
          "mean" : 0.000000,
          "stddev" : 0.000000,
          "N" : 0
        },
        "lat_ns" : {
          "min" : 0,
          "max" : 0,
          "mean" : 0.000000,
          "stddev" : 0.000000,
          "N" : 0
        },
        "bw_min" : 0,
        "bw_max" : 0,
        "bw_agg" : 0.000000,
        "bw_mean" : 0.000000,
        "bw_dev" : 0.000000,
        "bw_samples" : 0,
        "iops_min" : 0,
        "iops_max" : 0,
        "iops_mean" : 0.000000,
        "iops_stddev" : 0.000000,
        "iops_samples" : 0
      },
      "trim" : {
        "io_bytes" : 0,
        "io_kbytes" : 0,
        "bw_bytes" : 0,
        "bw" : 0,
        "iops" : 0.000000,
        "runtime" : 0,
        "total_ios" : 0,
        "short_ios" : 0,
        "drop_ios" : 0,
        "slat_ns" : {
          "min" : 0,
          "max" : 0,
          "mean" : 0.000000,
          "stddev" : 0.000000,
          "N" : 0
        },
        "clat_ns" : {
          "min" : 0,
          "max" : 0,
          "mean" : 0.000000,
          "stddev" : 0.000000,
          "N" : 0
        },
        "lat_ns" : {
          "min" : 0,
          "max" : 0,
          "mean" : 0.000000,
          "stddev" : 0.000000,
          "N" : 0
        },
        "bw_min" : 0,
        "bw_max" : 0,
        "bw_agg" : 0.000000,
        "bw_mean" : 0.000000,
        "bw_dev" : 0.000000,
        "bw_samples" : 0,
        "iops_min" : 0,
        "iops_max" : 0,
        "iops_mean" : 0.000000,
        "iops_stddev" : 0.000000,
        "iops_samples" : 0
      },
      "sync" : {
        "total_ios" : 0,
        "lat_ns" : {
          "min" : 0,
          "max" : 0,
          "mean" : 0.000000,
          "stddev" : 0.000000,
          "N" : 0
        }
      },
      "job_runtime" : 7000,
      "usr_cpu" : 31.985714,
      "sys_cpu" : 67.985714,
      "ctx" : 12,
      "majf" : 0,
      "minf" : 0,
      "iodepth_level" : {
        "1" : 0.000000,
        "2" : 0.100000,
        "4" : 0.893408,
        "8" : 6.552112,
        "16" : 13.105065,
        "32" : 26.209770,
        ">=64" : 53.239621
      },
      "iodepth_submit" : {
        "0" : 0.000000,
        "4" : 100.000000,
        "8" : 0.000000,
        "16" : 0.000000,
        "32" : 0.000000,
        "64" : 0.000000,
        ">=64" : 0.000000
      },
      "iodepth_complete" : {
        "0" : 0.000000,
        "4" : 99.187560,
        "8" : 0.000000,
        "16" : 0.000000,
        "32" : 0.100000,
        "64" : 0.000000,
        ">=64" : 0.812417
      },
      "latency_ns" : {
        "2" : 0.000000,
        "4" : 0.000000,
        "10" : 0.000000,
        "20" : 0.000000,
        "50" : 0.000000,
        "100" : 0.000000,
        "250" : 0.000000,
        "500" : 0.000000,
        "750" : 0.000000,
        "1000" : 0.000000
      },
      "latency_us" : {
        "2" : 0.000000,
        "4" : 0.000000,
        "10" : 0.010000,
        "20" : 3.733166,
        "50" : 15.114337,
        "100" : 25.197828,
        "250" : 55.955486,
        "500" : 0.000000,
        "750" : 0.000000,
        "1000" : 0.000000
      },
      "latency_ms" : {
        "2" : 0.000000,
        "4" : 0.000000,
        "10" : 0.000000,
        "20" : 0.000000,
        "50" : 0.000000,
        "100" : 0.000000,
        "250" : 0.000000,
        "500" : 0.000000,
        "750" : 0.000000,
        "1000" : 0.000000,
        "2000" : 0.000000,
        ">=2000" : 0.000000
      },
      "latency_depth" : 128,
      "latency_target" : 0,
      "latency_percentile" : 100.000000,
      "latency_window" : 0
    }
  ]
}

libaio-bdev_aio: (groupid=0, jobs=1): err= 0: pid=40229: Sun Oct 30 16:59:21 2022
  read: IOPS=594k, BW=290MiB/s (304MB/s)(2032MiB/7001msec)
    slat (nsec): min=724, max=12194, avg=1416.04, stdev=477.16
    clat (usec): min=7, max=225, avg=112.12, stdev=57.78
     lat (usec): min=10, max=227, avg=113.53, stdev=57.73
    clat percentiles (usec):
     |  1.00th=[   15],  5.00th=[   23], 10.00th=[   33], 20.00th=[   53],
     | 30.00th=[   73], 40.00th=[   92], 50.00th=[  113], 60.00th=[  133],
     | 70.00th=[  151], 80.00th=[  172], 90.00th=[  192], 95.00th=[  200],
     | 99.00th=[  217], 99.50th=[  219], 99.90th=[  219], 99.95th=[  221],
     | 99.99th=[  221]
   bw (  KiB/s): min=297183, max=297414, per=100.00%, avg=297303.57, stdev=87.28, samples=14
   iops        : min=594366, max=594828, avg=594607.29, stdev=174.59, samples=14
  lat (usec)   : 10=0.01%, 20=3.73%, 50=15.11%, 100=25.20%, 250=55.96%
  cpu          : usr=31.99%, sys=67.99%, ctx=12, majf=0, minf=0
  IO depths    : 1=0.0%, 2=0.1%, 4=0.9%, 8=6.6%, 16=13.1%, 32=26.2%, >=64=53.2%
     submit    : 0=0.0%, 4=100.0%, 8=0.0%, 16=0.0%, 32=0.0%, 64=0.0%, >=64=0.0%
     complete  : 0=0.0%, 4=99.2%, 8=0.0%, 16=0.0%, 32=0.1%, 64=0.0%, >=64=0.8%
     issued rwts: total=4160811,0,0,0 short=0,0,0,0 dropped=0,0,0,0
     latency   : target=0, window=0, percentile=100.00%, depth=128

Run status group 0 (all jobs):
   READ: bw=290MiB/s (304MB/s), 290MiB/s-290MiB/s (304MB/s-304MB/s), io=2032MiB (2130MB), run=7001-7001msec
