libaio-reference: (g=0): rw=randread, bs=(R) 512B-512B, (W) 512B-512B, (T) 512B-512B, ioengine=libaio, iodepth=1
fio-3.32-dirty
Starting 1 thread
{
  "fio version" : "fio-3.32-dirty",
  "timestamp" : 1666789466,
  "timestamp_ms" : 1666789466728,
  "time" : "Wed Oct 26 15:04:26 2022",
  "jobs" : [
    {
      "jobname" : "libaio-reference",
      "groupid" : 0,
      "error" : 0,
      "eta" : 0,
      "elapsed" : 11,
      "job options" : {
        "name" : "libaio-reference",
        "rw" : "randread",
        "size" : "12G",
        "iodepth" : "1",
        "bs" : "512",
        "direct" : "1",
        "thread" : "1",
        "time_based" : "1",
        "runtime" : "7",
        "ramp_time" : "3",
        "norandommap" : "1",
        "allow_file_create" : "0",
        "ioengine" : "libaio",
        "filename" : "/dev/nvme0n1",
        "cpus_allowed" : "1"
      },
      "read" : {
        "io_bytes" : 393853440,
        "io_kbytes" : 384622,
        "bw_bytes" : 56256740,
        "bw" : 54938,
        "iops" : 109876.446222,
        "runtime" : 7001,
        "total_ios" : 769245,
        "short_ios" : 0,
        "drop_ios" : 0,
        "slat_ns" : {
          "min" : 1633,
          "max" : 15660,
          "mean" : 1733.714902,
          "stddev" : 59.717360,
          "N" : 769245
        },
        "clat_ns" : {
          "min" : 581,
          "max" : 88846,
          "mean" : 7084.517244,
          "stddev" : 968.322335,
          "N" : 769245,
          "percentile" : {
            "1.000000" : 6624,
            "5.000000" : 6816,
            "10.000000" : 6816,
            "20.000000" : 6880,
            "30.000000" : 6880,
            "40.000000" : 6944,
            "50.000000" : 7008,
            "60.000000" : 7008,
            "70.000000" : 7072,
            "80.000000" : 7072,
            "90.000000" : 7200,
            "95.000000" : 7264,
            "99.000000" : 10176,
            "99.500000" : 13504,
            "99.900000" : 15424,
            "99.950000" : 15680,
            "99.990000" : 58112
          }
        },
        "lat_ns" : {
          "min" : 7294,
          "max" : 90539,
          "mean" : 8818.232146,
          "stddev" : 971.397702,
          "N" : 769245
        },
        "bw_min" : 54727,
        "bw_max" : 55130,
        "bw_agg" : 100.000000,
        "bw_mean" : 54952.357143,
        "bw_dev" : 130.746147,
        "bw_samples" : 14,
        "iops_min" : 109454,
        "iops_max" : 110260,
        "iops_mean" : 109904.714286,
        "iops_stddev" : 261.492294,
        "iops_samples" : 14
      },
      "write" : {
        "io_bytes" : 0,
        "io_kbytes" : 0,
        "bw_bytes" : 0,
        "bw" : 0,
        "iops" : 0.000000,
        "runtime" : 0,
        "total_ios" : 0,
        "short_ios" : 0,
        "drop_ios" : 0,
        "slat_ns" : {
          "min" : 0,
          "max" : 0,
          "mean" : 0.000000,
          "stddev" : 0.000000,
          "N" : 0
        },
        "clat_ns" : {
          "min" : 0,
          "max" : 0,
          "mean" : 0.000000,
          "stddev" : 0.000000,
          "N" : 0
        },
        "lat_ns" : {
          "min" : 0,
          "max" : 0,
          "mean" : 0.000000,
          "stddev" : 0.000000,
          "N" : 0
        },
        "bw_min" : 0,
        "bw_max" : 0,
        "bw_agg" : 0.000000,
        "bw_mean" : 0.000000,
        "bw_dev" : 0.000000,
        "bw_samples" : 0,
        "iops_min" : 0,
        "iops_max" : 0,
        "iops_mean" : 0.000000,
        "iops_stddev" : 0.000000,
        "iops_samples" : 0
      },
      "trim" : {
        "io_bytes" : 0,
        "io_kbytes" : 0,
        "bw_bytes" : 0,
        "bw" : 0,
        "iops" : 0.000000,
        "runtime" : 0,
        "total_ios" : 0,
        "short_ios" : 0,
        "drop_ios" : 0,
        "slat_ns" : {
          "min" : 0,
          "max" : 0,
          "mean" : 0.000000,
          "stddev" : 0.000000,
          "N" : 0
        },
        "clat_ns" : {
          "min" : 0,
          "max" : 0,
          "mean" : 0.000000,
          "stddev" : 0.000000,
          "N" : 0
        },
        "lat_ns" : {
          "min" : 0,
          "max" : 0,
          "mean" : 0.000000,
          "stddev" : 0.000000,
          "N" : 0
        },
        "bw_min" : 0,
        "bw_max" : 0,
        "bw_agg" : 0.000000,
        "bw_mean" : 0.000000,
        "bw_dev" : 0.000000,
        "bw_samples" : 0,
        "iops_min" : 0,
        "iops_max" : 0,
        "iops_mean" : 0.000000,
        "iops_stddev" : 0.000000,
        "iops_samples" : 0
      },
      "sync" : {
        "total_ios" : 0,
        "lat_ns" : {
          "min" : 0,
          "max" : 0,
          "mean" : 0.000000,
          "stddev" : 0.000000,
          "N" : 0
        }
      },
      "job_runtime" : 7000,
      "usr_cpu" : 17.442857,
      "sys_cpu" : 25.171429,
      "ctx" : 769247,
      "majf" : 0,
      "minf" : 0,
      "iodepth_level" : {
        "1" : 100.000000,
        "2" : 0.000000,
        "4" : 0.000000,
        "8" : 0.000000,
        "16" : 0.000000,
        "32" : 0.000000,
        ">=64" : 0.000000
      },
      "iodepth_submit" : {
        "0" : 0.000000,
        "4" : 100.000000,
        "8" : 0.000000,
        "16" : 0.000000,
        "32" : 0.000000,
        "64" : 0.000000,
        ">=64" : 0.000000
      },
      "iodepth_complete" : {
        "0" : 0.000000,
        "4" : 100.000000,
        "8" : 0.000000,
        "16" : 0.000000,
        "32" : 0.000000,
        "64" : 0.000000,
        ">=64" : 0.000000
      },
      "latency_ns" : {
        "2" : 0.000000,
        "4" : 0.000000,
        "10" : 0.000000,
        "20" : 0.000000,
        "50" : 0.000000,
        "100" : 0.000000,
        "250" : 0.000000,
        "500" : 0.000000,
        "750" : 0.010000,
        "1000" : 0.000000
      },
      "latency_us" : {
        "2" : 0.000000,
        "4" : 0.010000,
        "10" : 98.809872,
        "20" : 1.172708,
        "50" : 0.010000,
        "100" : 0.013650,
        "250" : 0.000000,
        "500" : 0.000000,
        "750" : 0.000000,
        "1000" : 0.000000
      },
      "latency_ms" : {
        "2" : 0.000000,
        "4" : 0.000000,
        "10" : 0.000000,
        "20" : 0.000000,
        "50" : 0.000000,
        "100" : 0.000000,
        "250" : 0.000000,
        "500" : 0.000000,
        "750" : 0.000000,
        "1000" : 0.000000,
        "2000" : 0.000000,
        ">=2000" : 0.000000
      },
      "latency_depth" : 1,
      "latency_target" : 0,
      "latency_percentile" : 100.000000,
      "latency_window" : 0
    }
  ],
  "disk_util" : [
    {
      "name" : "nvme0n1",
      "read_ios" : 1099355,
      "write_ios" : 0,
      "read_merges" : 0,
      "write_merges" : 0,
      "read_ticks" : 5515,
      "write_ticks" : 0,
      "in_queue" : 5515,
      "util" : 99.069123
    }
  ]
}

libaio-reference: (groupid=0, jobs=1): err= 0: pid=6063: Wed Oct 26 15:04:26 2022
  read: IOPS=110k, BW=53.7MiB/s (56.3MB/s)(376MiB/7001msec)
    slat (nsec): min=1633, max=15660, avg=1733.71, stdev=59.72
    clat (nsec): min=581, max=88846, avg=7084.52, stdev=968.32
     lat (nsec): min=7294, max=90539, avg=8818.23, stdev=971.40
    clat percentiles (nsec):
     |  1.00th=[ 6624],  5.00th=[ 6816], 10.00th=[ 6816], 20.00th=[ 6880],
     | 30.00th=[ 6880], 40.00th=[ 6944], 50.00th=[ 7008], 60.00th=[ 7008],
     | 70.00th=[ 7072], 80.00th=[ 7072], 90.00th=[ 7200], 95.00th=[ 7264],
     | 99.00th=[10176], 99.50th=[13504], 99.90th=[15424], 99.95th=[15680],
     | 99.99th=[58112]
   bw (  KiB/s): min=54727, max=55130, per=100.00%, avg=54952.36, stdev=130.75, samples=14
   iops        : min=109454, max=110260, avg=109904.71, stdev=261.49, samples=14
  lat (nsec)   : 750=0.01%
  lat (usec)   : 4=0.01%, 10=98.81%, 20=1.17%, 50=0.01%, 100=0.01%
  cpu          : usr=17.44%, sys=25.17%, ctx=769247, majf=0, minf=0
  IO depths    : 1=100.0%, 2=0.0%, 4=0.0%, 8=0.0%, 16=0.0%, 32=0.0%, >=64=0.0%
     submit    : 0=0.0%, 4=100.0%, 8=0.0%, 16=0.0%, 32=0.0%, 64=0.0%, >=64=0.0%
     complete  : 0=0.0%, 4=100.0%, 8=0.0%, 16=0.0%, 32=0.0%, 64=0.0%, >=64=0.0%
     issued rwts: total=769245,0,0,0 short=0,0,0,0 dropped=0,0,0,0
     latency   : target=0, window=0, percentile=100.00%, depth=1

Run status group 0 (all jobs):
   READ: bw=53.7MiB/s (56.3MB/s), 53.7MiB/s-53.7MiB/s (56.3MB/s-56.3MB/s), io=376MiB (394MB), run=7001-7001msec

Disk stats (read/write):
  nvme0n1: ios=1099355/0, merge=0/0, ticks=5515/0, in_queue=5515, util=99.07%
