io_uring_cmd-bdev_xnvme: (g=0): rw=randread, bs=(R) 512B-512B, (W) 512B-512B, (T) 512B-512B, ioengine=spdk_bdev, iodepth=1
fio-3.32-dirty
Starting 1 thread
{
  "fio version" : "fio-3.32-dirty",
  "timestamp" : 1666789263,
  "timestamp_ms" : 1666789263383,
  "time" : "Wed Oct 26 15:01:03 2022",
  "jobs" : [
    {
      "jobname" : "io_uring_cmd-bdev_xnvme",
      "groupid" : 0,
      "error" : 0,
      "eta" : 0,
      "elapsed" : 11,
      "job options" : {
        "name" : "io_uring_cmd-bdev_xnvme",
        "rw" : "randread",
        "size" : "12G",
        "iodepth" : "1",
        "bs" : "512",
        "direct" : "0",
        "thread" : "1",
        "time_based" : "1",
        "runtime" : "7",
        "ramp_time" : "3",
        "norandommap" : "1",
        "allow_file_create" : "0",
        "ioengine" : "spdk_bdev",
        "spdk_conf" : "/tmp/spdk_bdev_xnvme_io_uring_cmd.conf",
        "filename" : "Nvme0n1",
        "cpus_allowed" : "1"
      },
      "read" : {
        "io_bytes" : 507951104,
        "io_kbytes" : 496046,
        "bw_bytes" : 72564443,
        "bw" : 70863,
        "iops" : 141727.428571,
        "runtime" : 7000,
        "total_ios" : 992092,
        "short_ios" : 0,
        "drop_ios" : 0,
        "slat_ns" : {
          "min" : 250,
          "max" : 25638,
          "mean" : 278.643752,
          "stddev" : 68.503384,
          "N" : 992092
        },
        "clat_ns" : {
          "min" : 320,
          "max" : 78928,
          "mean" : 6484.535887,
          "stddev" : 1090.312041,
          "N" : 992092,
          "percentile" : {
            "1.000000" : 5984,
            "5.000000" : 6176,
            "10.000000" : 6240,
            "20.000000" : 6240,
            "30.000000" : 6304,
            "40.000000" : 6304,
            "50.000000" : 6368,
            "60.000000" : 6368,
            "70.000000" : 6432,
            "80.000000" : 6432,
            "90.000000" : 6496,
            "95.000000" : 6624,
            "99.000000" : 11456,
            "99.500000" : 13504,
            "99.900000" : 17024,
            "99.950000" : 19328,
            "99.990000" : 58112
          }
        },
        "lat_ns" : {
          "min" : 5991,
          "max" : 79199,
          "mean" : 6763.179639,
          "stddev" : 1092.110784,
          "N" : 992092
        },
        "bw_min" : 70687,
        "bw_max" : 71173,
        "bw_agg" : 100.000000,
        "bw_mean" : 70885.071429,
        "bw_dev" : 141.145023,
        "bw_samples" : 14,
        "iops_min" : 141374,
        "iops_max" : 142346,
        "iops_mean" : 141770.285714,
        "iops_stddev" : 282.276032,
        "iops_samples" : 14
      },
      "write" : {
        "io_bytes" : 0,
        "io_kbytes" : 0,
        "bw_bytes" : 0,
        "bw" : 0,
        "iops" : 0.000000,
        "runtime" : 0,
        "total_ios" : 0,
        "short_ios" : 0,
        "drop_ios" : 0,
        "slat_ns" : {
          "min" : 0,
          "max" : 0,
          "mean" : 0.000000,
          "stddev" : 0.000000,
          "N" : 0
        },
        "clat_ns" : {
          "min" : 0,
          "max" : 0,
          "mean" : 0.000000,
          "stddev" : 0.000000,
          "N" : 0
        },
        "lat_ns" : {
          "min" : 0,
          "max" : 0,
          "mean" : 0.000000,
          "stddev" : 0.000000,
          "N" : 0
        },
        "bw_min" : 0,
        "bw_max" : 0,
        "bw_agg" : 0.000000,
        "bw_mean" : 0.000000,
        "bw_dev" : 0.000000,
        "bw_samples" : 0,
        "iops_min" : 0,
        "iops_max" : 0,
        "iops_mean" : 0.000000,
        "iops_stddev" : 0.000000,
        "iops_samples" : 0
      },
      "trim" : {
        "io_bytes" : 0,
        "io_kbytes" : 0,
        "bw_bytes" : 0,
        "bw" : 0,
        "iops" : 0.000000,
        "runtime" : 0,
        "total_ios" : 0,
        "short_ios" : 0,
        "drop_ios" : 0,
        "slat_ns" : {
          "min" : 0,
          "max" : 0,
          "mean" : 0.000000,
          "stddev" : 0.000000,
          "N" : 0
        },
        "clat_ns" : {
          "min" : 0,
          "max" : 0,
          "mean" : 0.000000,
          "stddev" : 0.000000,
          "N" : 0
        },
        "lat_ns" : {
          "min" : 0,
          "max" : 0,
          "mean" : 0.000000,
          "stddev" : 0.000000,
          "N" : 0
        },
        "bw_min" : 0,
        "bw_max" : 0,
        "bw_agg" : 0.000000,
        "bw_mean" : 0.000000,
        "bw_dev" : 0.000000,
        "bw_samples" : 0,
        "iops_min" : 0,
        "iops_max" : 0,
        "iops_mean" : 0.000000,
        "iops_stddev" : 0.000000,
        "iops_samples" : 0
      },
      "sync" : {
        "total_ios" : 0,
        "lat_ns" : {
          "min" : 0,
          "max" : 0,
          "mean" : 0.000000,
          "stddev" : 0.000000,
          "N" : 0
        }
      },
      "job_runtime" : 7000,
      "usr_cpu" : 99.985714,
      "sys_cpu" : 0.000000,
      "ctx" : 10,
      "majf" : 0,
      "minf" : 0,
      "iodepth_level" : {
        "1" : 100.000000,
        "2" : 0.000000,
        "4" : 0.000000,
        "8" : 0.000000,
        "16" : 0.000000,
        "32" : 0.000000,
        ">=64" : 0.000000
      },
      "iodepth_submit" : {
        "0" : 0.000000,
        "4" : 100.000000,
        "8" : 0.000000,
        "16" : 0.000000,
        "32" : 0.000000,
        "64" : 0.000000,
        ">=64" : 0.000000
      },
      "iodepth_complete" : {
        "0" : 0.000000,
        "4" : 100.000000,
        "8" : 0.000000,
        "16" : 0.000000,
        "32" : 0.000000,
        "64" : 0.000000,
        ">=64" : 0.000000
      },
      "latency_ns" : {
        "2" : 0.000000,
        "4" : 0.000000,
        "10" : 0.000000,
        "20" : 0.000000,
        "50" : 0.000000,
        "100" : 0.000000,
        "250" : 0.000000,
        "500" : 0.010000,
        "750" : 0.000000,
        "1000" : 0.000000
      },
      "latency_us" : {
        "2" : 0.000000,
        "4" : 0.000000,
        "10" : 98.826016,
        "20" : 1.129028,
        "50" : 0.031953,
        "100" : 0.012398,
        "250" : 0.000000,
        "500" : 0.000000,
        "750" : 0.000000,
        "1000" : 0.000000
      },
      "latency_ms" : {
        "2" : 0.000000,
        "4" : 0.000000,
        "10" : 0.000000,
        "20" : 0.000000,
        "50" : 0.000000,
        "100" : 0.000000,
        "250" : 0.000000,
        "500" : 0.000000,
        "750" : 0.000000,
        "1000" : 0.000000,
        "2000" : 0.000000,
        ">=2000" : 0.000000
      },
      "latency_depth" : 1,
      "latency_target" : 0,
      "latency_percentile" : 100.000000,
      "latency_window" : 0
    }
  ]
}

io_uring_cmd-bdev_xnvme: (groupid=0, jobs=1): err= 0: pid=5343: Wed Oct 26 15:01:03 2022
  read: IOPS=142k, BW=69.2MiB/s (72.6MB/s)(484MiB/7000msec)
    slat (nsec): min=250, max=25638, avg=278.64, stdev=68.50
    clat (nsec): min=320, max=78928, avg=6484.54, stdev=1090.31
     lat (nsec): min=5991, max=79199, avg=6763.18, stdev=1092.11
    clat percentiles (nsec):
     |  1.00th=[ 5984],  5.00th=[ 6176], 10.00th=[ 6240], 20.00th=[ 6240],
     | 30.00th=[ 6304], 40.00th=[ 6304], 50.00th=[ 6368], 60.00th=[ 6368],
     | 70.00th=[ 6432], 80.00th=[ 6432], 90.00th=[ 6496], 95.00th=[ 6624],
     | 99.00th=[11456], 99.50th=[13504], 99.90th=[17024], 99.95th=[19328],
     | 99.99th=[58112]
   bw (  KiB/s): min=70687, max=71173, per=100.00%, avg=70885.07, stdev=141.15, samples=14
   iops        : min=141374, max=142346, avg=141770.29, stdev=282.28, samples=14
  lat (nsec)   : 500=0.01%
  lat (usec)   : 10=98.83%, 20=1.13%, 50=0.03%, 100=0.01%
  cpu          : usr=99.99%, sys=0.00%, ctx=10, majf=0, minf=0
  IO depths    : 1=100.0%, 2=0.0%, 4=0.0%, 8=0.0%, 16=0.0%, 32=0.0%, >=64=0.0%
     submit    : 0=0.0%, 4=100.0%, 8=0.0%, 16=0.0%, 32=0.0%, 64=0.0%, >=64=0.0%
     complete  : 0=0.0%, 4=100.0%, 8=0.0%, 16=0.0%, 32=0.0%, 64=0.0%, >=64=0.0%
     issued rwts: total=992092,0,0,0 short=0,0,0,0 dropped=0,0,0,0
     latency   : target=0, window=0, percentile=100.00%, depth=1

Run status group 0 (all jobs):
   READ: bw=69.2MiB/s (72.6MB/s), 69.2MiB/s-69.2MiB/s (72.6MB/s-72.6MB/s), io=484MiB (508MB), run=7000-7000msec
