io_uring_cmd-bdev_xnvme: (g=0): rw=randread, bs=(R) 512B-512B, (W) 512B-512B, (T) 512B-512B, ioengine=spdk_bdev, iodepth=4
fio-3.32-dirty
Starting 1 thread
{
  "fio version" : "fio-3.32-dirty",
  "timestamp" : 1666790190,
  "timestamp_ms" : 1666790190135,
  "time" : "Wed Oct 26 15:16:30 2022",
  "jobs" : [
    {
      "jobname" : "io_uring_cmd-bdev_xnvme",
      "groupid" : 0,
      "error" : 0,
      "eta" : 0,
      "elapsed" : 11,
      "job options" : {
        "name" : "io_uring_cmd-bdev_xnvme",
        "rw" : "randread",
        "size" : "12G",
        "iodepth" : "4",
        "bs" : "512",
        "direct" : "0",
        "thread" : "1",
        "time_based" : "1",
        "runtime" : "7",
        "ramp_time" : "3",
        "norandommap" : "1",
        "allow_file_create" : "0",
        "ioengine" : "spdk_bdev",
        "spdk_conf" : "/tmp/spdk_bdev_xnvme_io_uring_cmd.conf",
        "filename" : "Nvme0n1",
        "cpus_allowed" : "1"
      },
      "read" : {
        "io_bytes" : 1345384448,
        "io_kbytes" : 1313852,
        "bw_bytes" : 192170325,
        "bw" : 187666,
        "iops" : 375332.238252,
        "runtime" : 7001,
        "total_ios" : 2627701,
        "short_ios" : 0,
        "drop_ios" : 0,
        "slat_ns" : {
          "min" : 651,
          "max" : 13565,
          "mean" : 938.106651,
          "stddev" : 69.869104,
          "N" : 2627701
        },
        "clat_ns" : {
          "min" : 1402,
          "max" : 108673,
          "mean" : 9369.322797,
          "stddev" : 2206.289705,
          "N" : 2627704,
          "percentile" : {
            "1.000000" : 7712,
            "5.000000" : 8256,
            "10.000000" : 8512,
            "20.000000" : 8640,
            "30.000000" : 8896,
            "40.000000" : 8896,
            "50.000000" : 9024,
            "60.000000" : 9152,
            "70.000000" : 9280,
            "80.000000" : 9408,
            "90.000000" : 9664,
            "95.000000" : 10688,
            "99.000000" : 20096,
            "99.500000" : 24192,
            "99.900000" : 29056,
            "99.950000" : 34048,
            "99.990000" : 67072
          }
        },
        "lat_ns" : {
          "min" : 7174,
          "max" : 109625,
          "mean" : 10307.429430,
          "stddev" : 2207.091785,
          "N" : 2627704
        },
        "bw_min" : 187307,
        "bw_max" : 188201,
        "bw_agg" : 100.000000,
        "bw_mean" : 187705.857143,
        "bw_dev" : 270.564327,
        "bw_samples" : 14,
        "iops_min" : 374614,
        "iops_max" : 376402,
        "iops_mean" : 375411.785714,
        "iops_stddev" : 541.060523,
        "iops_samples" : 14
      },
      "write" : {
        "io_bytes" : 0,
        "io_kbytes" : 0,
        "bw_bytes" : 0,
        "bw" : 0,
        "iops" : 0.000000,
        "runtime" : 0,
        "total_ios" : 0,
        "short_ios" : 0,
        "drop_ios" : 0,
        "slat_ns" : {
          "min" : 0,
          "max" : 0,
          "mean" : 0.000000,
          "stddev" : 0.000000,
          "N" : 0
        },
        "clat_ns" : {
          "min" : 0,
          "max" : 0,
          "mean" : 0.000000,
          "stddev" : 0.000000,
          "N" : 0
        },
        "lat_ns" : {
          "min" : 0,
          "max" : 0,
          "mean" : 0.000000,
          "stddev" : 0.000000,
          "N" : 0
        },
        "bw_min" : 0,
        "bw_max" : 0,
        "bw_agg" : 0.000000,
        "bw_mean" : 0.000000,
        "bw_dev" : 0.000000,
        "bw_samples" : 0,
        "iops_min" : 0,
        "iops_max" : 0,
        "iops_mean" : 0.000000,
        "iops_stddev" : 0.000000,
        "iops_samples" : 0
      },
      "trim" : {
        "io_bytes" : 0,
        "io_kbytes" : 0,
        "bw_bytes" : 0,
        "bw" : 0,
        "iops" : 0.000000,
        "runtime" : 0,
        "total_ios" : 0,
        "short_ios" : 0,
        "drop_ios" : 0,
        "slat_ns" : {
          "min" : 0,
          "max" : 0,
          "mean" : 0.000000,
          "stddev" : 0.000000,
          "N" : 0
        },
        "clat_ns" : {
          "min" : 0,
          "max" : 0,
          "mean" : 0.000000,
          "stddev" : 0.000000,
          "N" : 0
        },
        "lat_ns" : {
          "min" : 0,
          "max" : 0,
          "mean" : 0.000000,
          "stddev" : 0.000000,
          "N" : 0
        },
        "bw_min" : 0,
        "bw_max" : 0,
        "bw_agg" : 0.000000,
        "bw_mean" : 0.000000,
        "bw_dev" : 0.000000,
        "bw_samples" : 0,
        "iops_min" : 0,
        "iops_max" : 0,
        "iops_mean" : 0.000000,
        "iops_stddev" : 0.000000,
        "iops_samples" : 0
      },
      "sync" : {
        "total_ios" : 0,
        "lat_ns" : {
          "min" : 0,
          "max" : 0,
          "mean" : 0.000000,
          "stddev" : 0.000000,
          "N" : 0
        }
      },
      "job_runtime" : 7000,
      "usr_cpu" : 99.985714,
      "sys_cpu" : 0.000000,
      "ctx" : 12,
      "majf" : 0,
      "minf" : 0,
      "iodepth_level" : {
        "1" : 0.100000,
        "2" : 3.338127,
        "4" : 96.661683,
        "8" : 0.000000,
        "16" : 0.000000,
        "32" : 0.000000,
        ">=64" : 0.000000
      },
      "iodepth_submit" : {
        "0" : 0.000000,
        "4" : 100.000000,
        "8" : 0.000000,
        "16" : 0.000000,
        "32" : 0.000000,
        "64" : 0.000000,
        ">=64" : 0.000000
      },
      "iodepth_complete" : {
        "0" : 0.000000,
        "4" : 100.000000,
        "8" : 0.000000,
        "16" : 0.000000,
        "32" : 0.000000,
        "64" : 0.000000,
        ">=64" : 0.000000
      },
      "latency_ns" : {
        "2" : 0.000000,
        "4" : 0.000000,
        "10" : 0.000000,
        "20" : 0.000000,
        "50" : 0.000000,
        "100" : 0.000000,
        "250" : 0.000000,
        "500" : 0.000000,
        "750" : 0.000000,
        "1000" : 0.000000
      },
      "latency_us" : {
        "2" : 0.010000,
        "4" : 0.000000,
        "10" : 93.003199,
        "20" : 5.969895,
        "50" : 0.989154,
        "100" : 0.037714,
        "250" : 0.010000,
        "500" : 0.000000,
        "750" : 0.000000,
        "1000" : 0.000000
      },
      "latency_ms" : {
        "2" : 0.000000,
        "4" : 0.000000,
        "10" : 0.000000,
        "20" : 0.000000,
        "50" : 0.000000,
        "100" : 0.000000,
        "250" : 0.000000,
        "500" : 0.000000,
        "750" : 0.000000,
        "1000" : 0.000000,
        "2000" : 0.000000,
        ">=2000" : 0.000000
      },
      "latency_depth" : 4,
      "latency_target" : 0,
      "latency_percentile" : 100.000000,
      "latency_window" : 0
    }
  ]
}

io_uring_cmd-bdev_xnvme: (groupid=0, jobs=1): err= 0: pid=8655: Wed Oct 26 15:16:30 2022
  read: IOPS=375k, BW=183MiB/s (192MB/s)(1283MiB/7001msec)
    slat (nsec): min=651, max=13565, avg=938.11, stdev=69.87
    clat (nsec): min=1402, max=108673, avg=9369.32, stdev=2206.29
     lat (usec): min=7, max=109, avg=10.31, stdev= 2.21
    clat percentiles (nsec):
     |  1.00th=[ 7712],  5.00th=[ 8256], 10.00th=[ 8512], 20.00th=[ 8640],
     | 30.00th=[ 8896], 40.00th=[ 8896], 50.00th=[ 9024], 60.00th=[ 9152],
     | 70.00th=[ 9280], 80.00th=[ 9408], 90.00th=[ 9664], 95.00th=[10688],
     | 99.00th=[20096], 99.50th=[24192], 99.90th=[29056], 99.95th=[34048],
     | 99.99th=[67072]
   bw (  KiB/s): min=187307, max=188201, per=100.00%, avg=187705.86, stdev=270.56, samples=14
   iops        : min=374614, max=376402, avg=375411.79, stdev=541.06, samples=14
  lat (usec)   : 2=0.01%, 10=93.00%, 20=5.97%, 50=0.99%, 100=0.04%
  lat (usec)   : 250=0.01%
  cpu          : usr=99.99%, sys=0.00%, ctx=12, majf=0, minf=0
  IO depths    : 1=0.1%, 2=3.3%, 4=96.7%, 8=0.0%, 16=0.0%, 32=0.0%, >=64=0.0%
     submit    : 0=0.0%, 4=100.0%, 8=0.0%, 16=0.0%, 32=0.0%, 64=0.0%, >=64=0.0%
     complete  : 0=0.0%, 4=100.0%, 8=0.0%, 16=0.0%, 32=0.0%, 64=0.0%, >=64=0.0%
     issued rwts: total=2627701,0,0,0 short=0,0,0,0 dropped=0,0,0,0
     latency   : target=0, window=0, percentile=100.00%, depth=4

Run status group 0 (all jobs):
   READ: bw=183MiB/s (192MB/s), 183MiB/s-183MiB/s (192MB/s-192MB/s), io=1283MiB (1345MB), run=7001-7001msec
