libaio-bdev_aio: (g=0): rw=randread, bs=(R) 512B-512B, (W) 512B-512B, (T) 512B-512B, ioengine=spdk_bdev, iodepth=8
fio-3.32-dirty
Starting 1 thread
{
  "fio version" : "fio-3.32-dirty",
  "timestamp" : 1666790960,
  "timestamp_ms" : 1666790960594,
  "time" : "Wed Oct 26 15:29:20 2022",
  "jobs" : [
    {
      "jobname" : "libaio-bdev_aio",
      "groupid" : 0,
      "error" : 0,
      "eta" : 0,
      "elapsed" : 11,
      "job options" : {
        "name" : "libaio-bdev_aio",
        "rw" : "randread",
        "size" : "12G",
        "iodepth" : "8",
        "bs" : "512",
        "direct" : "1",
        "thread" : "1",
        "time_based" : "1",
        "runtime" : "7",
        "ramp_time" : "3",
        "norandommap" : "1",
        "allow_file_create" : "0",
        "ioengine" : "spdk_bdev",
        "spdk_conf" : "/tmp/spdk_bdev_aio_foo.conf",
        "filename" : "Nvme0n1",
        "cpus_allowed" : "1"
      },
      "read" : {
        "io_bytes" : 1661046784,
        "io_kbytes" : 1622116,
        "bw_bytes" : 237258503,
        "bw" : 231697,
        "iops" : 463394.372233,
        "runtime" : 7001,
        "total_ios" : 3244224,
        "short_ios" : 0,
        "drop_ios" : 0,
        "slat_ns" : {
          "min" : 1633,
          "max" : 22713,
          "mean" : 1818.265835,
          "stddev" : 123.789028,
          "N" : 3244225
        },
        "clat_ns" : {
          "min" : 361,
          "max" : 109205,
          "mean" : 10578.592328,
          "stddev" : 4535.960378,
          "N" : 3244224,
          "percentile" : {
            "1.000000" : 4192,
            "5.000000" : 4320,
            "10.000000" : 6112,
            "20.000000" : 6304,
            "30.000000" : 8160,
            "40.000000" : 8384,
            "50.000000" : 10432,
            "60.000000" : 11200,
            "70.000000" : 12864,
            "80.000000" : 14528,
            "90.000000" : 14784,
            "95.000000" : 15296,
            "99.000000" : 26496,
            "99.500000" : 28288,
            "99.900000" : 43776,
            "99.950000" : 60160,
            "99.990000" : 72192
          }
        },
        "lat_ns" : {
          "min" : 5740,
          "max" : 111099,
          "mean" : 12396.858125,
          "stddev" : 4531.767359,
          "N" : 3244224
        },
        "bw_min" : 230450,
        "bw_max" : 233465,
        "bw_agg" : 100.000000,
        "bw_mean" : 231740.142857,
        "bw_dev" : 820.889841,
        "bw_samples" : 14,
        "iops_min" : 460900,
        "iops_max" : 466930,
        "iops_mean" : 463480.285714,
        "iops_stddev" : 1641.459736,
        "iops_samples" : 14
      },
      "write" : {
        "io_bytes" : 0,
        "io_kbytes" : 0,
        "bw_bytes" : 0,
        "bw" : 0,
        "iops" : 0.000000,
        "runtime" : 0,
        "total_ios" : 0,
        "short_ios" : 0,
        "drop_ios" : 0,
        "slat_ns" : {
          "min" : 0,
          "max" : 0,
          "mean" : 0.000000,
          "stddev" : 0.000000,
          "N" : 0
        },
        "clat_ns" : {
          "min" : 0,
          "max" : 0,
          "mean" : 0.000000,
          "stddev" : 0.000000,
          "N" : 0
        },
        "lat_ns" : {
          "min" : 0,
          "max" : 0,
          "mean" : 0.000000,
          "stddev" : 0.000000,
          "N" : 0
        },
        "bw_min" : 0,
        "bw_max" : 0,
        "bw_agg" : 0.000000,
        "bw_mean" : 0.000000,
        "bw_dev" : 0.000000,
        "bw_samples" : 0,
        "iops_min" : 0,
        "iops_max" : 0,
        "iops_mean" : 0.000000,
        "iops_stddev" : 0.000000,
        "iops_samples" : 0
      },
      "trim" : {
        "io_bytes" : 0,
        "io_kbytes" : 0,
        "bw_bytes" : 0,
        "bw" : 0,
        "iops" : 0.000000,
        "runtime" : 0,
        "total_ios" : 0,
        "short_ios" : 0,
        "drop_ios" : 0,
        "slat_ns" : {
          "min" : 0,
          "max" : 0,
          "mean" : 0.000000,
          "stddev" : 0.000000,
          "N" : 0
        },
        "clat_ns" : {
          "min" : 0,
          "max" : 0,
          "mean" : 0.000000,
          "stddev" : 0.000000,
          "N" : 0
        },
        "lat_ns" : {
          "min" : 0,
          "max" : 0,
          "mean" : 0.000000,
          "stddev" : 0.000000,
          "N" : 0
        },
        "bw_min" : 0,
        "bw_max" : 0,
        "bw_agg" : 0.000000,
        "bw_mean" : 0.000000,
        "bw_dev" : 0.000000,
        "bw_samples" : 0,
        "iops_min" : 0,
        "iops_max" : 0,
        "iops_mean" : 0.000000,
        "iops_stddev" : 0.000000,
        "iops_samples" : 0
      },
      "sync" : {
        "total_ios" : 0,
        "lat_ns" : {
          "min" : 0,
          "max" : 0,
          "mean" : 0.000000,
          "stddev" : 0.000000,
          "N" : 0
        }
      },
      "job_runtime" : 7000,
      "usr_cpu" : 36.971429,
      "sys_cpu" : 63.014286,
      "ctx" : 5,
      "majf" : 0,
      "minf" : 0,
      "iodepth_level" : {
        "1" : 0.100000,
        "2" : 8.133347,
        "4" : 72.486425,
        "8" : 19.379550,
        "16" : 0.000000,
        "32" : 0.000000,
        ">=64" : 0.000000
      },
      "iodepth_submit" : {
        "0" : 0.000000,
        "4" : 100.000000,
        "8" : 0.000000,
        "16" : 0.000000,
        "32" : 0.000000,
        "64" : 0.000000,
        ">=64" : 0.000000
      },
      "iodepth_complete" : {
        "0" : 0.000000,
        "4" : 85.202722,
        "8" : 14.797278,
        "16" : 0.000000,
        "32" : 0.000000,
        "64" : 0.000000,
        ">=64" : 0.000000
      },
      "latency_ns" : {
        "2" : 0.000000,
        "4" : 0.000000,
        "10" : 0.000000,
        "20" : 0.000000,
        "50" : 0.000000,
        "100" : 0.000000,
        "250" : 0.000000,
        "500" : 0.010000,
        "750" : 0.000000,
        "1000" : 0.000000
      },
      "latency_us" : {
        "2" : 0.000000,
        "4" : 0.010000,
        "10" : 43.187308,
        "20" : 54.000433,
        "50" : 2.732826,
        "100" : 0.077307,
        "250" : 0.010000,
        "500" : 0.000000,
        "750" : 0.000000,
        "1000" : 0.000000
      },
      "latency_ms" : {
        "2" : 0.000000,
        "4" : 0.000000,
        "10" : 0.000000,
        "20" : 0.000000,
        "50" : 0.000000,
        "100" : 0.000000,
        "250" : 0.000000,
        "500" : 0.000000,
        "750" : 0.000000,
        "1000" : 0.000000,
        "2000" : 0.000000,
        ">=2000" : 0.000000
      },
      "latency_depth" : 8,
      "latency_target" : 0,
      "latency_percentile" : 100.000000,
      "latency_window" : 0
    }
  ]
}

libaio-bdev_aio: (groupid=0, jobs=1): err= 0: pid=11316: Wed Oct 26 15:29:20 2022
  read: IOPS=463k, BW=226MiB/s (237MB/s)(1584MiB/7001msec)
    slat (nsec): min=1633, max=22713, avg=1818.27, stdev=123.79
    clat (nsec): min=361, max=109205, avg=10578.59, stdev=4535.96
     lat (usec): min=5, max=111, avg=12.40, stdev= 4.53
    clat percentiles (nsec):
     |  1.00th=[ 4192],  5.00th=[ 4320], 10.00th=[ 6112], 20.00th=[ 6304],
     | 30.00th=[ 8160], 40.00th=[ 8384], 50.00th=[10432], 60.00th=[11200],
     | 70.00th=[12864], 80.00th=[14528], 90.00th=[14784], 95.00th=[15296],
     | 99.00th=[26496], 99.50th=[28288], 99.90th=[43776], 99.95th=[60160],
     | 99.99th=[72192]
   bw (  KiB/s): min=230450, max=233465, per=100.00%, avg=231740.14, stdev=820.89, samples=14
   iops        : min=460900, max=466930, avg=463480.29, stdev=1641.46, samples=14
  lat (nsec)   : 500=0.01%
  lat (usec)   : 4=0.01%, 10=43.19%, 20=54.00%, 50=2.73%, 100=0.08%
  lat (usec)   : 250=0.01%
  cpu          : usr=36.97%, sys=63.01%, ctx=5, majf=0, minf=0
  IO depths    : 1=0.1%, 2=8.1%, 4=72.5%, 8=19.4%, 16=0.0%, 32=0.0%, >=64=0.0%
     submit    : 0=0.0%, 4=100.0%, 8=0.0%, 16=0.0%, 32=0.0%, 64=0.0%, >=64=0.0%
     complete  : 0=0.0%, 4=85.2%, 8=14.8%, 16=0.0%, 32=0.0%, 64=0.0%, >=64=0.0%
     issued rwts: total=3244224,0,0,0 short=0,0,0,0 dropped=0,0,0,0
     latency   : target=0, window=0, percentile=100.00%, depth=8

Run status group 0 (all jobs):
   READ: bw=226MiB/s (237MB/s), 226MiB/s-226MiB/s (237MB/s-237MB/s), io=1584MiB (1661MB), run=7001-7001msec
