io_uring_cmd-xnvme: (g=0): rw=randread, bs=(R) 512B-512B, (W) 512B-512B, (T) 512B-512B, ioengine=xnvme, iodepth=1
fio-3.32-dirty
Starting 1 thread
{
  "fio version" : "fio-3.32-dirty",
  "timestamp" : 1666789203,
  "timestamp_ms" : 1666789203700,
  "time" : "Wed Oct 26 15:00:03 2022",
  "jobs" : [
    {
      "jobname" : "io_uring_cmd-xnvme",
      "groupid" : 0,
      "error" : 0,
      "eta" : 0,
      "elapsed" : 11,
      "job options" : {
        "name" : "io_uring_cmd-xnvme",
        "rw" : "randread",
        "size" : "12G",
        "iodepth" : "1",
        "bs" : "512",
        "direct" : "0",
        "thread" : "1",
        "time_based" : "1",
        "runtime" : "7",
        "ramp_time" : "3",
        "norandommap" : "1",
        "allow_file_create" : "0",
        "ioengine" : "external:/usr/local/lib/x86_64-linux-gnu/libxnvme-fio-engine.so",
        "xnvme_be" : "linux",
        "xnvme_async" : "io_uring_cmd",
        "xnvme_sync" : "nvme",
        "xnvme_admin" : "nvme",
        "xnvme_dev_nsid" : "1",
        "filename" : "/dev/ng0n1",
        "cpus_allowed" : "1"
      },
      "read" : {
        "io_bytes" : 394408960,
        "io_kbytes" : 385165,
        "bw_bytes" : 56336089,
        "bw" : 55015,
        "iops" : 110031.424082,
        "runtime" : 7001,
        "total_ios" : 770330,
        "short_ios" : 0,
        "drop_ios" : 0,
        "slat_ns" : {
          "min" : 1402,
          "max" : 14557,
          "mean" : 1512.964761,
          "stddev" : 62.706972,
          "N" : 770330
        },
        "clat_ns" : {
          "min" : 260,
          "max" : 97473,
          "mean" : 7280.894260,
          "stddev" : 982.896349,
          "N" : 770330,
          "percentile" : {
            "1.000000" : 6752,
            "5.000000" : 7008,
            "10.000000" : 7072,
            "20.000000" : 7072,
            "30.000000" : 7072,
            "40.000000" : 7136,
            "50.000000" : 7200,
            "60.000000" : 7200,
            "70.000000" : 7264,
            "80.000000" : 7264,
            "90.000000" : 7392,
            "95.000000" : 7456,
            "99.000000" : 10432,
            "99.500000" : 13632,
            "99.900000" : 15680,
            "99.950000" : 15808,
            "99.990000" : 58112
          }
        },
        "lat_ns" : {
          "min" : 6993,
          "max" : 98975,
          "mean" : 8793.859020,
          "stddev" : 985.772717,
          "N" : 770330
        },
        "bw_min" : 54788,
        "bw_max" : 55269,
        "bw_agg" : 100.000000,
        "bw_mean" : 55025.500000,
        "bw_dev" : 130.894408,
        "bw_samples" : 14,
        "iops_min" : 109576,
        "iops_max" : 110538,
        "iops_mean" : 110051.000000,
        "iops_stddev" : 261.788817,
        "iops_samples" : 14
      },
      "write" : {
        "io_bytes" : 0,
        "io_kbytes" : 0,
        "bw_bytes" : 0,
        "bw" : 0,
        "iops" : 0.000000,
        "runtime" : 0,
        "total_ios" : 0,
        "short_ios" : 0,
        "drop_ios" : 0,
        "slat_ns" : {
          "min" : 0,
          "max" : 0,
          "mean" : 0.000000,
          "stddev" : 0.000000,
          "N" : 0
        },
        "clat_ns" : {
          "min" : 0,
          "max" : 0,
          "mean" : 0.000000,
          "stddev" : 0.000000,
          "N" : 0
        },
        "lat_ns" : {
          "min" : 0,
          "max" : 0,
          "mean" : 0.000000,
          "stddev" : 0.000000,
          "N" : 0
        },
        "bw_min" : 0,
        "bw_max" : 0,
        "bw_agg" : 0.000000,
        "bw_mean" : 0.000000,
        "bw_dev" : 0.000000,
        "bw_samples" : 0,
        "iops_min" : 0,
        "iops_max" : 0,
        "iops_mean" : 0.000000,
        "iops_stddev" : 0.000000,
        "iops_samples" : 0
      },
      "trim" : {
        "io_bytes" : 0,
        "io_kbytes" : 0,
        "bw_bytes" : 0,
        "bw" : 0,
        "iops" : 0.000000,
        "runtime" : 0,
        "total_ios" : 0,
        "short_ios" : 0,
        "drop_ios" : 0,
        "slat_ns" : {
          "min" : 0,
          "max" : 0,
          "mean" : 0.000000,
          "stddev" : 0.000000,
          "N" : 0
        },
        "clat_ns" : {
          "min" : 0,
          "max" : 0,
          "mean" : 0.000000,
          "stddev" : 0.000000,
          "N" : 0
        },
        "lat_ns" : {
          "min" : 0,
          "max" : 0,
          "mean" : 0.000000,
          "stddev" : 0.000000,
          "N" : 0
        },
        "bw_min" : 0,
        "bw_max" : 0,
        "bw_agg" : 0.000000,
        "bw_mean" : 0.000000,
        "bw_dev" : 0.000000,
        "bw_samples" : 0,
        "iops_min" : 0,
        "iops_max" : 0,
        "iops_mean" : 0.000000,
        "iops_stddev" : 0.000000,
        "iops_samples" : 0
      },
      "sync" : {
        "total_ios" : 0,
        "lat_ns" : {
          "min" : 0,
          "max" : 0,
          "mean" : 0.000000,
          "stddev" : 0.000000,
          "N" : 0
        }
      },
      "job_runtime" : 7000,
      "usr_cpu" : 8.414286,
      "sys_cpu" : 35.785714,
      "ctx" : 770332,
      "majf" : 0,
      "minf" : 0,
      "iodepth_level" : {
        "1" : 100.000000,
        "2" : 0.000000,
        "4" : 0.000000,
        "8" : 0.000000,
        "16" : 0.000000,
        "32" : 0.000000,
        ">=64" : 0.000000
      },
      "iodepth_submit" : {
        "0" : 0.000000,
        "4" : 100.000000,
        "8" : 0.000000,
        "16" : 0.000000,
        "32" : 0.000000,
        "64" : 0.000000,
        ">=64" : 0.000000
      },
      "iodepth_complete" : {
        "0" : 0.000000,
        "4" : 100.000000,
        "8" : 0.000000,
        "16" : 0.000000,
        "32" : 0.000000,
        "64" : 0.000000,
        ">=64" : 0.000000
      },
      "latency_ns" : {
        "2" : 0.000000,
        "4" : 0.000000,
        "10" : 0.000000,
        "20" : 0.000000,
        "50" : 0.000000,
        "100" : 0.000000,
        "250" : 0.000000,
        "500" : 0.010000,
        "750" : 0.000000,
        "1000" : 0.000000
      },
      "latency_us" : {
        "2" : 0.010000,
        "4" : 0.010000,
        "10" : 98.690691,
        "20" : 1.290486,
        "50" : 0.010000,
        "100" : 0.014799,
        "250" : 0.000000,
        "500" : 0.000000,
        "750" : 0.000000,
        "1000" : 0.000000
      },
      "latency_ms" : {
        "2" : 0.000000,
        "4" : 0.000000,
        "10" : 0.000000,
        "20" : 0.000000,
        "50" : 0.000000,
        "100" : 0.000000,
        "250" : 0.000000,
        "500" : 0.000000,
        "750" : 0.000000,
        "1000" : 0.000000,
        "2000" : 0.000000,
        ">=2000" : 0.000000
      },
      "latency_depth" : 1,
      "latency_target" : 0,
      "latency_percentile" : 100.000000,
      "latency_window" : 0
    }
  ]
}

io_uring_cmd-xnvme: (groupid=0, jobs=1): err= 0: pid=5122: Wed Oct 26 15:00:03 2022
  read: IOPS=110k, BW=53.7MiB/s (56.3MB/s)(376MiB/7001msec)
    slat (nsec): min=1402, max=14557, avg=1512.96, stdev=62.71
    clat (nsec): min=260, max=97473, avg=7280.89, stdev=982.90
     lat (nsec): min=6993, max=98975, avg=8793.86, stdev=985.77
    clat percentiles (nsec):
     |  1.00th=[ 6752],  5.00th=[ 7008], 10.00th=[ 7072], 20.00th=[ 7072],
     | 30.00th=[ 7072], 40.00th=[ 7136], 50.00th=[ 7200], 60.00th=[ 7200],
     | 70.00th=[ 7264], 80.00th=[ 7264], 90.00th=[ 7392], 95.00th=[ 7456],
     | 99.00th=[10432], 99.50th=[13632], 99.90th=[15680], 99.95th=[15808],
     | 99.99th=[58112]
   bw (  KiB/s): min=54788, max=55269, per=100.00%, avg=55025.50, stdev=130.89, samples=14
   iops        : min=109576, max=110538, avg=110051.00, stdev=261.79, samples=14
  lat (nsec)   : 500=0.01%
  lat (usec)   : 2=0.01%, 4=0.01%, 10=98.69%, 20=1.29%, 50=0.01%
  lat (usec)   : 100=0.01%
  cpu          : usr=8.41%, sys=35.79%, ctx=770332, majf=0, minf=0
  IO depths    : 1=100.0%, 2=0.0%, 4=0.0%, 8=0.0%, 16=0.0%, 32=0.0%, >=64=0.0%
     submit    : 0=0.0%, 4=100.0%, 8=0.0%, 16=0.0%, 32=0.0%, 64=0.0%, >=64=0.0%
     complete  : 0=0.0%, 4=100.0%, 8=0.0%, 16=0.0%, 32=0.0%, 64=0.0%, >=64=0.0%
     issued rwts: total=770330,0,0,0 short=0,0,0,0 dropped=0,0,0,0
     latency   : target=0, window=0, percentile=100.00%, depth=1

Run status group 0 (all jobs):
   READ: bw=53.7MiB/s (56.3MB/s), 53.7MiB/s-53.7MiB/s (56.3MB/s-56.3MB/s), io=376MiB (394MB), run=7001-7001msec
