io_uring_cmd-bdev_xnvme: (g=0): rw=randread, bs=(R) 512B-512B, (W) 512B-512B, (T) 512B-512B, ioengine=spdk_bdev, iodepth=4
fio-3.32-dirty
Starting 1 thread
{
  "fio version" : "fio-3.32-dirty",
  "timestamp" : 1666790220,
  "timestamp_ms" : 1666790220567,
  "time" : "Wed Oct 26 15:17:00 2022",
  "jobs" : [
    {
      "jobname" : "io_uring_cmd-bdev_xnvme",
      "groupid" : 0,
      "error" : 0,
      "eta" : 0,
      "elapsed" : 11,
      "job options" : {
        "name" : "io_uring_cmd-bdev_xnvme",
        "rw" : "randread",
        "size" : "12G",
        "iodepth" : "4",
        "bs" : "512",
        "direct" : "0",
        "thread" : "1",
        "time_based" : "1",
        "runtime" : "7",
        "ramp_time" : "3",
        "norandommap" : "1",
        "allow_file_create" : "0",
        "ioengine" : "spdk_bdev",
        "spdk_conf" : "/tmp/spdk_bdev_xnvme_io_uring_cmd.conf",
        "filename" : "Nvme0n1",
        "cpus_allowed" : "1"
      },
      "read" : {
        "io_bytes" : 1625583104,
        "io_kbytes" : 1587483,
        "bw_bytes" : 232192987,
        "bw" : 226750,
        "iops" : 453501.499786,
        "runtime" : 7001,
        "total_ios" : 3174964,
        "short_ios" : 0,
        "drop_ios" : 0,
        "slat_ns" : {
          "min" : 200,
          "max" : 19697,
          "mean" : 283.869127,
          "stddev" : 75.463763,
          "N" : 3174964
        },
        "clat_ns" : {
          "min" : 501,
          "max" : 111770,
          "mean" : 8226.494525,
          "stddev" : 2228.476383,
          "N" : 3174967,
          "percentile" : {
            "1.000000" : 6368,
            "5.000000" : 6752,
            "10.000000" : 7008,
            "20.000000" : 7456,
            "30.000000" : 7584,
            "40.000000" : 7648,
            "50.000000" : 7776,
            "60.000000" : 7904,
            "70.000000" : 8096,
            "80.000000" : 8512,
            "90.000000" : 9280,
            "95.000000" : 10176,
            "99.000000" : 18816,
            "99.500000" : 21376,
            "99.900000" : 27520,
            "99.950000" : 33536,
            "99.990000" : 67072
          }
        },
        "lat_ns" : {
          "min" : 5861,
          "max" : 112050,
          "mean" : 8510.363694,
          "stddev" : 2229.327804,
          "N" : 3174967
        },
        "bw_min" : 226564,
        "bw_max" : 227133,
        "bw_agg" : 100.000000,
        "bw_mean" : 226841.785714,
        "bw_dev" : 143.797496,
        "bw_samples" : 14,
        "iops_min" : 453128,
        "iops_max" : 454266,
        "iops_mean" : 453683.642857,
        "iops_stddev" : 287.590416,
        "iops_samples" : 14
      },
      "write" : {
        "io_bytes" : 0,
        "io_kbytes" : 0,
        "bw_bytes" : 0,
        "bw" : 0,
        "iops" : 0.000000,
        "runtime" : 0,
        "total_ios" : 0,
        "short_ios" : 0,
        "drop_ios" : 0,
        "slat_ns" : {
          "min" : 0,
          "max" : 0,
          "mean" : 0.000000,
          "stddev" : 0.000000,
          "N" : 0
        },
        "clat_ns" : {
          "min" : 0,
          "max" : 0,
          "mean" : 0.000000,
          "stddev" : 0.000000,
          "N" : 0
        },
        "lat_ns" : {
          "min" : 0,
          "max" : 0,
          "mean" : 0.000000,
          "stddev" : 0.000000,
          "N" : 0
        },
        "bw_min" : 0,
        "bw_max" : 0,
        "bw_agg" : 0.000000,
        "bw_mean" : 0.000000,
        "bw_dev" : 0.000000,
        "bw_samples" : 0,
        "iops_min" : 0,
        "iops_max" : 0,
        "iops_mean" : 0.000000,
        "iops_stddev" : 0.000000,
        "iops_samples" : 0
      },
      "trim" : {
        "io_bytes" : 0,
        "io_kbytes" : 0,
        "bw_bytes" : 0,
        "bw" : 0,
        "iops" : 0.000000,
        "runtime" : 0,
        "total_ios" : 0,
        "short_ios" : 0,
        "drop_ios" : 0,
        "slat_ns" : {
          "min" : 0,
          "max" : 0,
          "mean" : 0.000000,
          "stddev" : 0.000000,
          "N" : 0
        },
        "clat_ns" : {
          "min" : 0,
          "max" : 0,
          "mean" : 0.000000,
          "stddev" : 0.000000,
          "N" : 0
        },
        "lat_ns" : {
          "min" : 0,
          "max" : 0,
          "mean" : 0.000000,
          "stddev" : 0.000000,
          "N" : 0
        },
        "bw_min" : 0,
        "bw_max" : 0,
        "bw_agg" : 0.000000,
        "bw_mean" : 0.000000,
        "bw_dev" : 0.000000,
        "bw_samples" : 0,
        "iops_min" : 0,
        "iops_max" : 0,
        "iops_mean" : 0.000000,
        "iops_stddev" : 0.000000,
        "iops_samples" : 0
      },
      "sync" : {
        "total_ios" : 0,
        "lat_ns" : {
          "min" : 0,
          "max" : 0,
          "mean" : 0.000000,
          "stddev" : 0.000000,
          "N" : 0
        }
      },
      "job_runtime" : 7000,
      "usr_cpu" : 99.985714,
      "sys_cpu" : 0.000000,
      "ctx" : 10,
      "majf" : 0,
      "minf" : 0,
      "iodepth_level" : {
        "1" : 0.100000,
        "2" : 1.998952,
        "4" : 97.991001,
        "8" : 0.000000,
        "16" : 0.000000,
        "32" : 0.000000,
        ">=64" : 0.000000
      },
      "iodepth_submit" : {
        "0" : 0.000000,
        "4" : 100.000000,
        "8" : 0.000000,
        "16" : 0.000000,
        "32" : 0.000000,
        "64" : 0.000000,
        ">=64" : 0.000000
      },
      "iodepth_complete" : {
        "0" : 0.000000,
        "4" : 100.000000,
        "8" : 0.000000,
        "16" : 0.000000,
        "32" : 0.000000,
        "64" : 0.000000,
        ">=64" : 0.000000
      },
      "latency_ns" : {
        "2" : 0.000000,
        "4" : 0.000000,
        "10" : 0.000000,
        "20" : 0.000000,
        "50" : 0.000000,
        "100" : 0.000000,
        "250" : 0.000000,
        "500" : 0.000000,
        "750" : 0.010000,
        "1000" : 0.000000
      },
      "latency_us" : {
        "2" : 0.000000,
        "4" : 0.000000,
        "10" : 94.702460,
        "20" : 4.585154,
        "50" : 0.674307,
        "100" : 0.037197,
        "250" : 0.010000,
        "500" : 0.000000,
        "750" : 0.000000,
        "1000" : 0.000000
      },
      "latency_ms" : {
        "2" : 0.000000,
        "4" : 0.000000,
        "10" : 0.000000,
        "20" : 0.000000,
        "50" : 0.000000,
        "100" : 0.000000,
        "250" : 0.000000,
        "500" : 0.000000,
        "750" : 0.000000,
        "1000" : 0.000000,
        "2000" : 0.000000,
        ">=2000" : 0.000000
      },
      "latency_depth" : 4,
      "latency_target" : 0,
      "latency_percentile" : 100.000000,
      "latency_window" : 0
    }
  ]
}

io_uring_cmd-bdev_xnvme: (groupid=0, jobs=1): err= 0: pid=8773: Wed Oct 26 15:17:00 2022
  read: IOPS=454k, BW=221MiB/s (232MB/s)(1550MiB/7001msec)
    slat (nsec): min=200, max=19697, avg=283.87, stdev=75.46
    clat (nsec): min=501, max=111770, avg=8226.49, stdev=2228.48
     lat (usec): min=5, max=112, avg= 8.51, stdev= 2.23
    clat percentiles (nsec):
     |  1.00th=[ 6368],  5.00th=[ 6752], 10.00th=[ 7008], 20.00th=[ 7456],
     | 30.00th=[ 7584], 40.00th=[ 7648], 50.00th=[ 7776], 60.00th=[ 7904],
     | 70.00th=[ 8096], 80.00th=[ 8512], 90.00th=[ 9280], 95.00th=[10176],
     | 99.00th=[18816], 99.50th=[21376], 99.90th=[27520], 99.95th=[33536],
     | 99.99th=[67072]
   bw (  KiB/s): min=226564, max=227133, per=100.00%, avg=226841.79, stdev=143.80, samples=14
   iops        : min=453128, max=454266, avg=453683.64, stdev=287.59, samples=14
  lat (nsec)   : 750=0.01%
  lat (usec)   : 10=94.70%, 20=4.59%, 50=0.67%, 100=0.04%, 250=0.01%
  cpu          : usr=99.99%, sys=0.00%, ctx=10, majf=0, minf=0
  IO depths    : 1=0.1%, 2=2.0%, 4=98.0%, 8=0.0%, 16=0.0%, 32=0.0%, >=64=0.0%
     submit    : 0=0.0%, 4=100.0%, 8=0.0%, 16=0.0%, 32=0.0%, 64=0.0%, >=64=0.0%
     complete  : 0=0.0%, 4=100.0%, 8=0.0%, 16=0.0%, 32=0.0%, 64=0.0%, >=64=0.0%
     issued rwts: total=3174964,0,0,0 short=0,0,0,0 dropped=0,0,0,0
     latency   : target=0, window=0, percentile=100.00%, depth=4

Run status group 0 (all jobs):
   READ: bw=221MiB/s (232MB/s), 221MiB/s-221MiB/s (232MB/s-232MB/s), io=1550MiB (1626MB), run=7001-7001msec
