io_uring-xnvme: (g=0): rw=randread, bs=(R) 512B-512B, (W) 512B-512B, (T) 512B-512B, ioengine=xnvme, iodepth=1
fio-3.32-dirty
Starting 1 thread
{
  "fio version" : "fio-3.32-dirty",
  "timestamp" : 1666789425,
  "timestamp_ms" : 1666789425191,
  "time" : "Wed Oct 26 15:03:45 2022",
  "jobs" : [
    {
      "jobname" : "io_uring-xnvme",
      "groupid" : 0,
      "error" : 0,
      "eta" : 0,
      "elapsed" : 11,
      "job options" : {
        "name" : "io_uring-xnvme",
        "rw" : "randread",
        "size" : "12G",
        "iodepth" : "1",
        "bs" : "512",
        "direct" : "1",
        "thread" : "1",
        "time_based" : "1",
        "runtime" : "7",
        "ramp_time" : "3",
        "norandommap" : "1",
        "allow_file_create" : "0",
        "ioengine" : "external:/usr/local/lib/x86_64-linux-gnu/libxnvme-fio-engine.so",
        "xnvme_be" : "linux",
        "xnvme_async" : "io_uring",
        "xnvme_sync" : "nvme",
        "xnvme_admin" : "nvme",
        "xnvme_dev_nsid" : "1",
        "filename" : "/dev/nvme0n1",
        "cpus_allowed" : "1"
      },
      "read" : {
        "io_bytes" : 390010880,
        "io_kbytes" : 380870,
        "bw_bytes" : 55715840,
        "bw" : 54410,
        "iops" : 108819.857143,
        "runtime" : 7000,
        "total_ios" : 761739,
        "short_ios" : 0,
        "drop_ios" : 0,
        "slat_ns" : {
          "min" : 1523,
          "max" : 23895,
          "mean" : 1676.788178,
          "stddev" : 77.910712,
          "N" : 761740
        },
        "clat_ns" : {
          "min" : 211,
          "max" : 134522,
          "mean" : 7217.694233,
          "stddev" : 1010.392200,
          "N" : 761739,
          "percentile" : {
            "1.000000" : 6752,
            "5.000000" : 6944,
            "10.000000" : 7008,
            "20.000000" : 7008,
            "30.000000" : 7008,
            "40.000000" : 7072,
            "50.000000" : 7136,
            "60.000000" : 7136,
            "70.000000" : 7200,
            "80.000000" : 7200,
            "90.000000" : 7328,
            "95.000000" : 7392,
            "99.000000" : 10176,
            "99.500000" : 13632,
            "99.900000" : 15552,
            "99.950000" : 15808,
            "99.990000" : 59648
          }
        },
        "lat_ns" : {
          "min" : 7003,
          "max" : 136165,
          "mean" : 8894.482495,
          "stddev" : 1014.288753,
          "N" : 761739
        },
        "bw_min" : 54271,
        "bw_max" : 54567,
        "bw_agg" : 100.000000,
        "bw_mean" : 54411.928571,
        "bw_dev" : 78.668207,
        "bw_samples" : 14,
        "iops_min" : 108542,
        "iops_max" : 109134,
        "iops_mean" : 108823.928571,
        "iops_stddev" : 157.274119,
        "iops_samples" : 14
      },
      "write" : {
        "io_bytes" : 0,
        "io_kbytes" : 0,
        "bw_bytes" : 0,
        "bw" : 0,
        "iops" : 0.000000,
        "runtime" : 0,
        "total_ios" : 0,
        "short_ios" : 0,
        "drop_ios" : 0,
        "slat_ns" : {
          "min" : 0,
          "max" : 0,
          "mean" : 0.000000,
          "stddev" : 0.000000,
          "N" : 0
        },
        "clat_ns" : {
          "min" : 0,
          "max" : 0,
          "mean" : 0.000000,
          "stddev" : 0.000000,
          "N" : 0
        },
        "lat_ns" : {
          "min" : 0,
          "max" : 0,
          "mean" : 0.000000,
          "stddev" : 0.000000,
          "N" : 0
        },
        "bw_min" : 0,
        "bw_max" : 0,
        "bw_agg" : 0.000000,
        "bw_mean" : 0.000000,
        "bw_dev" : 0.000000,
        "bw_samples" : 0,
        "iops_min" : 0,
        "iops_max" : 0,
        "iops_mean" : 0.000000,
        "iops_stddev" : 0.000000,
        "iops_samples" : 0
      },
      "trim" : {
        "io_bytes" : 0,
        "io_kbytes" : 0,
        "bw_bytes" : 0,
        "bw" : 0,
        "iops" : 0.000000,
        "runtime" : 0,
        "total_ios" : 0,
        "short_ios" : 0,
        "drop_ios" : 0,
        "slat_ns" : {
          "min" : 0,
          "max" : 0,
          "mean" : 0.000000,
          "stddev" : 0.000000,
          "N" : 0
        },
        "clat_ns" : {
          "min" : 0,
          "max" : 0,
          "mean" : 0.000000,
          "stddev" : 0.000000,
          "N" : 0
        },
        "lat_ns" : {
          "min" : 0,
          "max" : 0,
          "mean" : 0.000000,
          "stddev" : 0.000000,
          "N" : 0
        },
        "bw_min" : 0,
        "bw_max" : 0,
        "bw_agg" : 0.000000,
        "bw_mean" : 0.000000,
        "bw_dev" : 0.000000,
        "bw_samples" : 0,
        "iops_min" : 0,
        "iops_max" : 0,
        "iops_mean" : 0.000000,
        "iops_stddev" : 0.000000,
        "iops_samples" : 0
      },
      "sync" : {
        "total_ios" : 0,
        "lat_ns" : {
          "min" : 0,
          "max" : 0,
          "mean" : 0.000000,
          "stddev" : 0.000000,
          "N" : 0
        }
      },
      "job_runtime" : 7000,
      "usr_cpu" : 9.200000,
      "sys_cpu" : 35.271429,
      "ctx" : 761738,
      "majf" : 0,
      "minf" : 0,
      "iodepth_level" : {
        "1" : 100.000000,
        "2" : 0.000000,
        "4" : 0.000000,
        "8" : 0.000000,
        "16" : 0.000000,
        "32" : 0.000000,
        ">=64" : 0.000000
      },
      "iodepth_submit" : {
        "0" : 0.000000,
        "4" : 100.000000,
        "8" : 0.000000,
        "16" : 0.000000,
        "32" : 0.000000,
        "64" : 0.000000,
        ">=64" : 0.000000
      },
      "iodepth_complete" : {
        "0" : 0.000000,
        "4" : 100.000000,
        "8" : 0.000000,
        "16" : 0.000000,
        "32" : 0.000000,
        "64" : 0.000000,
        ">=64" : 0.000000
      },
      "latency_ns" : {
        "2" : 0.000000,
        "4" : 0.000000,
        "10" : 0.000000,
        "20" : 0.000000,
        "50" : 0.000000,
        "100" : 0.000000,
        "250" : 0.010000,
        "500" : 0.010000,
        "750" : 0.000000,
        "1000" : 0.000000
      },
      "latency_us" : {
        "2" : 0.000000,
        "4" : 0.010000,
        "10" : 98.872448,
        "20" : 1.107466,
        "50" : 0.010000,
        "100" : 0.015228,
        "250" : 0.010000,
        "500" : 0.000000,
        "750" : 0.000000,
        "1000" : 0.000000
      },
      "latency_ms" : {
        "2" : 0.000000,
        "4" : 0.000000,
        "10" : 0.000000,
        "20" : 0.000000,
        "50" : 0.000000,
        "100" : 0.000000,
        "250" : 0.000000,
        "500" : 0.000000,
        "750" : 0.000000,
        "1000" : 0.000000,
        "2000" : 0.000000,
        ">=2000" : 0.000000
      },
      "latency_depth" : 1,
      "latency_target" : 0,
      "latency_percentile" : 100.000000,
      "latency_window" : 0
    }
  ]
}

io_uring-xnvme: (groupid=0, jobs=1): err= 0: pid=5922: Wed Oct 26 15:03:45 2022
  read: IOPS=109k, BW=53.1MiB/s (55.7MB/s)(372MiB/7000msec)
    slat (nsec): min=1523, max=23895, avg=1676.79, stdev=77.91
    clat (nsec): min=211, max=134522, avg=7217.69, stdev=1010.39
     lat (usec): min=7, max=136, avg= 8.89, stdev= 1.01
    clat percentiles (nsec):
     |  1.00th=[ 6752],  5.00th=[ 6944], 10.00th=[ 7008], 20.00th=[ 7008],
     | 30.00th=[ 7008], 40.00th=[ 7072], 50.00th=[ 7136], 60.00th=[ 7136],
     | 70.00th=[ 7200], 80.00th=[ 7200], 90.00th=[ 7328], 95.00th=[ 7392],
     | 99.00th=[10176], 99.50th=[13632], 99.90th=[15552], 99.95th=[15808],
     | 99.99th=[59648]
   bw (  KiB/s): min=54271, max=54567, per=100.00%, avg=54411.93, stdev=78.67, samples=14
   iops        : min=108542, max=109134, avg=108823.93, stdev=157.27, samples=14
  lat (nsec)   : 250=0.01%, 500=0.01%
  lat (usec)   : 4=0.01%, 10=98.87%, 20=1.11%, 50=0.01%, 100=0.02%
  lat (usec)   : 250=0.01%
  cpu          : usr=9.20%, sys=35.27%, ctx=761738, majf=0, minf=0
  IO depths    : 1=100.0%, 2=0.0%, 4=0.0%, 8=0.0%, 16=0.0%, 32=0.0%, >=64=0.0%
     submit    : 0=0.0%, 4=100.0%, 8=0.0%, 16=0.0%, 32=0.0%, 64=0.0%, >=64=0.0%
     complete  : 0=0.0%, 4=100.0%, 8=0.0%, 16=0.0%, 32=0.0%, 64=0.0%, >=64=0.0%
     issued rwts: total=761739,0,0,0 short=0,0,0,0 dropped=0,0,0,0
     latency   : target=0, window=0, percentile=100.00%, depth=1

Run status group 0 (all jobs):
   READ: bw=53.1MiB/s (55.7MB/s), 53.1MiB/s-53.1MiB/s (55.7MB/s-55.7MB/s), io=372MiB (390MB), run=7000-7000msec
