libaio-bdev_xnvme: (g=0): rw=randread, bs=(R) 512B-512B, (W) 512B-512B, (T) 512B-512B, ioengine=spdk_bdev, iodepth=8
fio-3.32-dirty
Starting 1 thread
{
  "fio version" : "fio-3.32-dirty",
  "timestamp" : 1666791039,
  "timestamp_ms" : 1666791039010,
  "time" : "Wed Oct 26 15:30:39 2022",
  "jobs" : [
    {
      "jobname" : "libaio-bdev_xnvme",
      "groupid" : 0,
      "error" : 0,
      "eta" : 0,
      "elapsed" : 11,
      "job options" : {
        "name" : "libaio-bdev_xnvme",
        "rw" : "randread",
        "size" : "12G",
        "iodepth" : "8",
        "bs" : "512",
        "direct" : "1",
        "thread" : "1",
        "time_based" : "1",
        "runtime" : "7",
        "ramp_time" : "3",
        "norandommap" : "1",
        "allow_file_create" : "0",
        "ioengine" : "spdk_bdev",
        "spdk_conf" : "/tmp/spdk_bdev_xnvme_libaio.conf",
        "filename" : "Nvme0n1",
        "cpus_allowed" : "1"
      },
      "read" : {
        "io_bytes" : 1597813760,
        "io_kbytes" : 1560365,
        "bw_bytes" : 228226504,
        "bw" : 222877,
        "iops" : 445754.320811,
        "runtime" : 7001,
        "total_ios" : 3120726,
        "short_ios" : 0,
        "drop_ios" : 0,
        "slat_ns" : {
          "min" : 1653,
          "max" : 42329,
          "mean" : 1834.530434,
          "stddev" : 111.510378,
          "N" : 3120727
        },
        "clat_ns" : {
          "min" : 791,
          "max" : 125785,
          "mean" : 11024.351078,
          "stddev" : 4765.287623,
          "N" : 3120730,
          "percentile" : {
            "1.000000" : 4640,
            "5.000000" : 4704,
            "10.000000" : 4896,
            "20.000000" : 6688,
            "30.000000" : 8640,
            "40.000000" : 8768,
            "50.000000" : 10688,
            "60.000000" : 11712,
            "70.000000" : 13632,
            "80.000000" : 15424,
            "90.000000" : 15808,
            "95.000000" : 16320,
            "99.000000" : 27520,
            "99.500000" : 29824,
            "99.900000" : 45312,
            "99.950000" : 61184,
            "99.990000" : 74240
          }
        },
        "lat_ns" : {
          "min" : 5721,
          "max" : 127559,
          "mean" : 12858.881482,
          "stddev" : 4762.175625,
          "N" : 3120730
        },
        "bw_min" : 221033,
        "bw_max" : 224499,
        "bw_agg" : 100.000000,
        "bw_mean" : 222992.500000,
        "bw_dev" : 1021.068049,
        "bw_samples" : 14,
        "iops_min" : 442066,
        "iops_max" : 448998,
        "iops_mean" : 445985.000000,
        "iops_stddev" : 2042.136099,
        "iops_samples" : 14
      },
      "write" : {
        "io_bytes" : 0,
        "io_kbytes" : 0,
        "bw_bytes" : 0,
        "bw" : 0,
        "iops" : 0.000000,
        "runtime" : 0,
        "total_ios" : 0,
        "short_ios" : 0,
        "drop_ios" : 0,
        "slat_ns" : {
          "min" : 0,
          "max" : 0,
          "mean" : 0.000000,
          "stddev" : 0.000000,
          "N" : 0
        },
        "clat_ns" : {
          "min" : 0,
          "max" : 0,
          "mean" : 0.000000,
          "stddev" : 0.000000,
          "N" : 0
        },
        "lat_ns" : {
          "min" : 0,
          "max" : 0,
          "mean" : 0.000000,
          "stddev" : 0.000000,
          "N" : 0
        },
        "bw_min" : 0,
        "bw_max" : 0,
        "bw_agg" : 0.000000,
        "bw_mean" : 0.000000,
        "bw_dev" : 0.000000,
        "bw_samples" : 0,
        "iops_min" : 0,
        "iops_max" : 0,
        "iops_mean" : 0.000000,
        "iops_stddev" : 0.000000,
        "iops_samples" : 0
      },
      "trim" : {
        "io_bytes" : 0,
        "io_kbytes" : 0,
        "bw_bytes" : 0,
        "bw" : 0,
        "iops" : 0.000000,
        "runtime" : 0,
        "total_ios" : 0,
        "short_ios" : 0,
        "drop_ios" : 0,
        "slat_ns" : {
          "min" : 0,
          "max" : 0,
          "mean" : 0.000000,
          "stddev" : 0.000000,
          "N" : 0
        },
        "clat_ns" : {
          "min" : 0,
          "max" : 0,
          "mean" : 0.000000,
          "stddev" : 0.000000,
          "N" : 0
        },
        "lat_ns" : {
          "min" : 0,
          "max" : 0,
          "mean" : 0.000000,
          "stddev" : 0.000000,
          "N" : 0
        },
        "bw_min" : 0,
        "bw_max" : 0,
        "bw_agg" : 0.000000,
        "bw_mean" : 0.000000,
        "bw_dev" : 0.000000,
        "bw_samples" : 0,
        "iops_min" : 0,
        "iops_max" : 0,
        "iops_mean" : 0.000000,
        "iops_stddev" : 0.000000,
        "iops_samples" : 0
      },
      "sync" : {
        "total_ios" : 0,
        "lat_ns" : {
          "min" : 0,
          "max" : 0,
          "mean" : 0.000000,
          "stddev" : 0.000000,
          "N" : 0
        }
      },
      "job_runtime" : 7000,
      "usr_cpu" : 36.557143,
      "sys_cpu" : 63.414286,
      "ctx" : 13,
      "majf" : 0,
      "minf" : 0,
      "iodepth_level" : {
        "1" : 0.100000,
        "2" : 10.780793,
        "4" : 70.423421,
        "8" : 18.795178,
        "16" : 0.000000,
        "32" : 0.000000,
        ">=64" : 0.000000
      },
      "iodepth_submit" : {
        "0" : 0.000000,
        "4" : 100.000000,
        "8" : 0.000000,
        "16" : 0.000000,
        "32" : 0.000000,
        "64" : 0.000000,
        ">=64" : 0.000000
      },
      "iodepth_complete" : {
        "0" : 0.000000,
        "4" : 85.618620,
        "8" : 14.381380,
        "16" : 0.000000,
        "32" : 0.000000,
        "64" : 0.000000,
        ">=64" : 0.000000
      },
      "latency_ns" : {
        "2" : 0.000000,
        "4" : 0.000000,
        "10" : 0.000000,
        "20" : 0.000000,
        "50" : 0.000000,
        "100" : 0.000000,
        "250" : 0.000000,
        "500" : 0.000000,
        "750" : 0.000000,
        "1000" : 0.010000
      },
      "latency_us" : {
        "2" : 0.000000,
        "4" : 0.010000,
        "10" : 44.750004,
        "20" : 52.543575,
        "50" : 2.621249,
        "100" : 0.082577,
        "250" : 0.010000,
        "500" : 0.000000,
        "750" : 0.000000,
        "1000" : 0.000000
      },
      "latency_ms" : {
        "2" : 0.000000,
        "4" : 0.000000,
        "10" : 0.000000,
        "20" : 0.000000,
        "50" : 0.000000,
        "100" : 0.000000,
        "250" : 0.000000,
        "500" : 0.000000,
        "750" : 0.000000,
        "1000" : 0.000000,
        "2000" : 0.000000,
        ">=2000" : 0.000000
      },
      "latency_depth" : 8,
      "latency_target" : 0,
      "latency_percentile" : 100.000000,
      "latency_window" : 0
    }
  ]
}

libaio-bdev_xnvme: (groupid=0, jobs=1): err= 0: pid=11603: Wed Oct 26 15:30:39 2022
  read: IOPS=446k, BW=218MiB/s (228MB/s)(1524MiB/7001msec)
    slat (nsec): min=1653, max=42329, avg=1834.53, stdev=111.51
    clat (nsec): min=791, max=125785, avg=11024.35, stdev=4765.29
     lat (usec): min=5, max=127, avg=12.86, stdev= 4.76
    clat percentiles (nsec):
     |  1.00th=[ 4640],  5.00th=[ 4704], 10.00th=[ 4896], 20.00th=[ 6688],
     | 30.00th=[ 8640], 40.00th=[ 8768], 50.00th=[10688], 60.00th=[11712],
     | 70.00th=[13632], 80.00th=[15424], 90.00th=[15808], 95.00th=[16320],
     | 99.00th=[27520], 99.50th=[29824], 99.90th=[45312], 99.95th=[61184],
     | 99.99th=[74240]
   bw (  KiB/s): min=221033, max=224499, per=100.00%, avg=222992.50, stdev=1021.07, samples=14
   iops        : min=442066, max=448998, avg=445985.00, stdev=2042.14, samples=14
  lat (nsec)   : 1000=0.01%
  lat (usec)   : 4=0.01%, 10=44.75%, 20=52.54%, 50=2.62%, 100=0.08%
  lat (usec)   : 250=0.01%
  cpu          : usr=36.56%, sys=63.41%, ctx=13, majf=0, minf=0
  IO depths    : 1=0.1%, 2=10.8%, 4=70.4%, 8=18.8%, 16=0.0%, 32=0.0%, >=64=0.0%
     submit    : 0=0.0%, 4=100.0%, 8=0.0%, 16=0.0%, 32=0.0%, 64=0.0%, >=64=0.0%
     complete  : 0=0.0%, 4=85.6%, 8=14.4%, 16=0.0%, 32=0.0%, 64=0.0%, >=64=0.0%
     issued rwts: total=3120726,0,0,0 short=0,0,0,0 dropped=0,0,0,0
     latency   : target=0, window=0, percentile=100.00%, depth=8

Run status group 0 (all jobs):
   READ: bw=218MiB/s (228MB/s), 218MiB/s-218MiB/s (228MB/s-228MB/s), io=1524MiB (1598MB), run=7001-7001msec
