libaio-bdev_xnvme: (g=0): rw=randread, bs=(R) 512B-512B, (W) 512B-512B, (T) 512B-512B, ioengine=spdk_bdev, iodepth=4
fio-3.32-dirty
Starting 1 thread
{
  "fio version" : "fio-3.32-dirty",
  "timestamp" : 1666790496,
  "timestamp_ms" : 1666790496711,
  "time" : "Wed Oct 26 15:21:36 2022",
  "jobs" : [
    {
      "jobname" : "libaio-bdev_xnvme",
      "groupid" : 0,
      "error" : 0,
      "eta" : 0,
      "elapsed" : 11,
      "job options" : {
        "name" : "libaio-bdev_xnvme",
        "rw" : "randread",
        "size" : "12G",
        "iodepth" : "4",
        "bs" : "512",
        "direct" : "1",
        "thread" : "1",
        "time_based" : "1",
        "runtime" : "7",
        "ramp_time" : "3",
        "norandommap" : "1",
        "allow_file_create" : "0",
        "ioengine" : "spdk_bdev",
        "spdk_conf" : "/tmp/spdk_bdev_xnvme_libaio.conf",
        "filename" : "Nvme0n1",
        "cpus_allowed" : "1"
      },
      "read" : {
        "io_bytes" : 1444080640,
        "io_kbytes" : 1410235,
        "bw_bytes" : 206267767,
        "bw" : 201433,
        "iops" : 402866.161977,
        "runtime" : 7001,
        "total_ios" : 2820466,
        "short_ios" : 0,
        "drop_ios" : 0,
        "slat_ns" : {
          "min" : 1673,
          "max" : 34555,
          "mean" : 1859.775083,
          "stddev" : 123.879869,
          "N" : 2820467
        },
        "clat_ns" : {
          "min" : 701,
          "max" : 115096,
          "mean" : 6746.611971,
          "stddev" : 2343.713145,
          "N" : 2820466,
          "percentile" : {
            "1.000000" : 5216,
            "5.000000" : 5280,
            "10.000000" : 5280,
            "20.000000" : 5344,
            "30.000000" : 5408,
            "40.000000" : 5472,
            "50.000000" : 7264,
            "60.000000" : 7328,
            "70.000000" : 7392,
            "80.000000" : 7456,
            "90.000000" : 7584,
            "95.000000" : 7968,
            "99.000000" : 17536,
            "99.500000" : 20608,
            "99.900000" : 26240,
            "99.950000" : 32128,
            "99.990000" : 63744
          }
        },
        "lat_ns" : {
          "min" : 5801,
          "max" : 116919,
          "mean" : 8606.387073,
          "stddev" : 2346.267108,
          "N" : 2820466
        },
        "bw_min" : 200600,
        "bw_max" : 202229,
        "bw_agg" : 100.000000,
        "bw_mean" : 201469.857143,
        "bw_dev" : 500.196093,
        "bw_samples" : 14,
        "iops_min" : 401200,
        "iops_max" : 404458,
        "iops_mean" : 402939.714286,
        "iops_stddev" : 1000.392187,
        "iops_samples" : 14
      },
      "write" : {
        "io_bytes" : 0,
        "io_kbytes" : 0,
        "bw_bytes" : 0,
        "bw" : 0,
        "iops" : 0.000000,
        "runtime" : 0,
        "total_ios" : 0,
        "short_ios" : 0,
        "drop_ios" : 0,
        "slat_ns" : {
          "min" : 0,
          "max" : 0,
          "mean" : 0.000000,
          "stddev" : 0.000000,
          "N" : 0
        },
        "clat_ns" : {
          "min" : 0,
          "max" : 0,
          "mean" : 0.000000,
          "stddev" : 0.000000,
          "N" : 0
        },
        "lat_ns" : {
          "min" : 0,
          "max" : 0,
          "mean" : 0.000000,
          "stddev" : 0.000000,
          "N" : 0
        },
        "bw_min" : 0,
        "bw_max" : 0,
        "bw_agg" : 0.000000,
        "bw_mean" : 0.000000,
        "bw_dev" : 0.000000,
        "bw_samples" : 0,
        "iops_min" : 0,
        "iops_max" : 0,
        "iops_mean" : 0.000000,
        "iops_stddev" : 0.000000,
        "iops_samples" : 0
      },
      "trim" : {
        "io_bytes" : 0,
        "io_kbytes" : 0,
        "bw_bytes" : 0,
        "bw" : 0,
        "iops" : 0.000000,
        "runtime" : 0,
        "total_ios" : 0,
        "short_ios" : 0,
        "drop_ios" : 0,
        "slat_ns" : {
          "min" : 0,
          "max" : 0,
          "mean" : 0.000000,
          "stddev" : 0.000000,
          "N" : 0
        },
        "clat_ns" : {
          "min" : 0,
          "max" : 0,
          "mean" : 0.000000,
          "stddev" : 0.000000,
          "N" : 0
        },
        "lat_ns" : {
          "min" : 0,
          "max" : 0,
          "mean" : 0.000000,
          "stddev" : 0.000000,
          "N" : 0
        },
        "bw_min" : 0,
        "bw_max" : 0,
        "bw_agg" : 0.000000,
        "bw_mean" : 0.000000,
        "bw_dev" : 0.000000,
        "bw_samples" : 0,
        "iops_min" : 0,
        "iops_max" : 0,
        "iops_mean" : 0.000000,
        "iops_stddev" : 0.000000,
        "iops_samples" : 0
      },
      "sync" : {
        "total_ios" : 0,
        "lat_ns" : {
          "min" : 0,
          "max" : 0,
          "mean" : 0.000000,
          "stddev" : 0.000000,
          "N" : 0
        }
      },
      "job_runtime" : 7000,
      "usr_cpu" : 37.757143,
      "sys_cpu" : 62.214286,
      "ctx" : 14,
      "majf" : 0,
      "minf" : 0,
      "iodepth_level" : {
        "1" : 0.100000,
        "2" : 49.370813,
        "4" : 50.626563,
        "8" : 0.000000,
        "16" : 0.000000,
        "32" : 0.000000,
        ">=64" : 0.000000
      },
      "iodepth_submit" : {
        "0" : 0.000000,
        "4" : 100.000000,
        "8" : 0.000000,
        "16" : 0.000000,
        "32" : 0.000000,
        "64" : 0.000000,
        ">=64" : 0.000000
      },
      "iodepth_complete" : {
        "0" : 0.000000,
        "4" : 100.000000,
        "8" : 0.000000,
        "16" : 0.000000,
        "32" : 0.000000,
        "64" : 0.000000,
        ">=64" : 0.000000
      },
      "latency_ns" : {
        "2" : 0.000000,
        "4" : 0.000000,
        "10" : 0.000000,
        "20" : 0.000000,
        "50" : 0.000000,
        "100" : 0.000000,
        "250" : 0.000000,
        "500" : 0.000000,
        "750" : 0.010000,
        "1000" : 0.010000
      },
      "latency_us" : {
        "2" : 0.000000,
        "4" : 0.010000,
        "10" : 96.743020,
        "20" : 2.692959,
        "50" : 0.519382,
        "100" : 0.038150,
        "250" : 0.010000,
        "500" : 0.000000,
        "750" : 0.000000,
        "1000" : 0.000000
      },
      "latency_ms" : {
        "2" : 0.000000,
        "4" : 0.000000,
        "10" : 0.000000,
        "20" : 0.000000,
        "50" : 0.000000,
        "100" : 0.000000,
        "250" : 0.000000,
        "500" : 0.000000,
        "750" : 0.000000,
        "1000" : 0.000000,
        "2000" : 0.000000,
        ">=2000" : 0.000000
      },
      "latency_depth" : 4,
      "latency_target" : 0,
      "latency_percentile" : 100.000000,
      "latency_window" : 0
    }
  ]
}

libaio-bdev_xnvme: (groupid=0, jobs=1): err= 0: pid=9774: Wed Oct 26 15:21:36 2022
  read: IOPS=403k, BW=197MiB/s (206MB/s)(1377MiB/7001msec)
    slat (nsec): min=1673, max=34555, avg=1859.78, stdev=123.88
    clat (nsec): min=701, max=115096, avg=6746.61, stdev=2343.71
     lat (usec): min=5, max=116, avg= 8.61, stdev= 2.35
    clat percentiles (nsec):
     |  1.00th=[ 5216],  5.00th=[ 5280], 10.00th=[ 5280], 20.00th=[ 5344],
     | 30.00th=[ 5408], 40.00th=[ 5472], 50.00th=[ 7264], 60.00th=[ 7328],
     | 70.00th=[ 7392], 80.00th=[ 7456], 90.00th=[ 7584], 95.00th=[ 7968],
     | 99.00th=[17536], 99.50th=[20608], 99.90th=[26240], 99.95th=[32128],
     | 99.99th=[63744]
   bw (  KiB/s): min=200600, max=202229, per=100.00%, avg=201469.86, stdev=500.20, samples=14
   iops        : min=401200, max=404458, avg=402939.71, stdev=1000.39, samples=14
  lat (nsec)   : 750=0.01%, 1000=0.01%
  lat (usec)   : 4=0.01%, 10=96.74%, 20=2.69%, 50=0.52%, 100=0.04%
  lat (usec)   : 250=0.01%
  cpu          : usr=37.76%, sys=62.21%, ctx=14, majf=0, minf=0
  IO depths    : 1=0.1%, 2=49.4%, 4=50.6%, 8=0.0%, 16=0.0%, 32=0.0%, >=64=0.0%
     submit    : 0=0.0%, 4=100.0%, 8=0.0%, 16=0.0%, 32=0.0%, 64=0.0%, >=64=0.0%
     complete  : 0=0.0%, 4=100.0%, 8=0.0%, 16=0.0%, 32=0.0%, 64=0.0%, >=64=0.0%
     issued rwts: total=2820466,0,0,0 short=0,0,0,0 dropped=0,0,0,0
     latency   : target=0, window=0, percentile=100.00%, depth=4

Run status group 0 (all jobs):
   READ: bw=197MiB/s (206MB/s), 197MiB/s-197MiB/s (206MB/s-206MB/s), io=1377MiB (1444MB), run=7001-7001msec
