io_uring-reference: (g=0): rw=randread, bs=(R) 512B-512B, (W) 512B-512B, (T) 512B-512B, ioengine=io_uring, iodepth=8
fio-3.32-dirty
Starting 1 thread
{
  "fio version" : "fio-3.32-dirty",
  "timestamp" : 1666790712,
  "timestamp_ms" : 1666790712555,
  "time" : "Wed Oct 26 15:25:12 2022",
  "jobs" : [
    {
      "jobname" : "io_uring-reference",
      "groupid" : 0,
      "error" : 0,
      "eta" : 0,
      "elapsed" : 11,
      "job options" : {
        "name" : "io_uring-reference",
        "rw" : "randread",
        "size" : "12G",
        "iodepth" : "8",
        "bs" : "512",
        "direct" : "1",
        "thread" : "1",
        "time_based" : "1",
        "runtime" : "7",
        "ramp_time" : "3",
        "norandommap" : "1",
        "allow_file_create" : "0",
        "ioengine" : "io_uring",
        "filename" : "/dev/nvme0n1",
        "cpus_allowed" : "1"
      },
      "read" : {
        "io_bytes" : 1552151040,
        "io_kbytes" : 1515772,
        "bw_bytes" : 221704190,
        "bw" : 216507,
        "iops" : 433014.855021,
        "runtime" : 7001,
        "total_ios" : 3031537,
        "short_ios" : 0,
        "drop_ios" : 0,
        "slat_ns" : {
          "min" : 1332,
          "max" : 31810,
          "mean" : 1862.089115,
          "stddev" : 370.306038,
          "N" : 3031538
        },
        "clat_ns" : {
          "min" : 2144,
          "max" : 123952,
          "mean" : 16334.740680,
          "stddev" : 3609.143862,
          "N" : 3031544,
          "percentile" : {
            "1.000000" : 12480,
            "5.000000" : 12992,
            "10.000000" : 13248,
            "20.000000" : 14784,
            "30.000000" : 15296,
            "40.000000" : 15552,
            "50.000000" : 15936,
            "60.000000" : 16192,
            "70.000000" : 16768,
            "80.000000" : 17280,
            "90.000000" : 17792,
            "95.000000" : 18816,
            "99.000000" : 32640,
            "99.500000" : 35072,
            "99.900000" : 51456,
            "99.950000" : 67072,
            "99.990000" : 78336
          }
        },
        "lat_ns" : {
          "min" : 7133,
          "max" : 125345,
          "mean" : 18196.829907,
          "stddev" : 3573.540743,
          "N" : 3031544
        },
        "bw_min" : 215528,
        "bw_max" : 217965,
        "bw_agg" : 100.000000,
        "bw_mean" : 216654.571429,
        "bw_dev" : 805.018749,
        "bw_samples" : 14,
        "iops_min" : 431056,
        "iops_max" : 435931,
        "iops_mean" : 433309.285714,
        "iops_stddev" : 1610.180087,
        "iops_samples" : 14
      },
      "write" : {
        "io_bytes" : 0,
        "io_kbytes" : 0,
        "bw_bytes" : 0,
        "bw" : 0,
        "iops" : 0.000000,
        "runtime" : 0,
        "total_ios" : 0,
        "short_ios" : 0,
        "drop_ios" : 0,
        "slat_ns" : {
          "min" : 0,
          "max" : 0,
          "mean" : 0.000000,
          "stddev" : 0.000000,
          "N" : 0
        },
        "clat_ns" : {
          "min" : 0,
          "max" : 0,
          "mean" : 0.000000,
          "stddev" : 0.000000,
          "N" : 0
        },
        "lat_ns" : {
          "min" : 0,
          "max" : 0,
          "mean" : 0.000000,
          "stddev" : 0.000000,
          "N" : 0
        },
        "bw_min" : 0,
        "bw_max" : 0,
        "bw_agg" : 0.000000,
        "bw_mean" : 0.000000,
        "bw_dev" : 0.000000,
        "bw_samples" : 0,
        "iops_min" : 0,
        "iops_max" : 0,
        "iops_mean" : 0.000000,
        "iops_stddev" : 0.000000,
        "iops_samples" : 0
      },
      "trim" : {
        "io_bytes" : 0,
        "io_kbytes" : 0,
        "bw_bytes" : 0,
        "bw" : 0,
        "iops" : 0.000000,
        "runtime" : 0,
        "total_ios" : 0,
        "short_ios" : 0,
        "drop_ios" : 0,
        "slat_ns" : {
          "min" : 0,
          "max" : 0,
          "mean" : 0.000000,
          "stddev" : 0.000000,
          "N" : 0
        },
        "clat_ns" : {
          "min" : 0,
          "max" : 0,
          "mean" : 0.000000,
          "stddev" : 0.000000,
          "N" : 0
        },
        "lat_ns" : {
          "min" : 0,
          "max" : 0,
          "mean" : 0.000000,
          "stddev" : 0.000000,
          "N" : 0
        },
        "bw_min" : 0,
        "bw_max" : 0,
        "bw_agg" : 0.000000,
        "bw_mean" : 0.000000,
        "bw_dev" : 0.000000,
        "bw_samples" : 0,
        "iops_min" : 0,
        "iops_max" : 0,
        "iops_mean" : 0.000000,
        "iops_stddev" : 0.000000,
        "iops_samples" : 0
      },
      "sync" : {
        "total_ios" : 0,
        "lat_ns" : {
          "min" : 0,
          "max" : 0,
          "mean" : 0.000000,
          "stddev" : 0.000000,
          "N" : 0
        }
      },
      "job_runtime" : 7000,
      "usr_cpu" : 16.757143,
      "sys_cpu" : 80.328571,
      "ctx" : 15022,
      "majf" : 0,
      "minf" : 0,
      "iodepth_level" : {
        "1" : 0.000000,
        "2" : 0.000000,
        "4" : 0.000000,
        "8" : 100.000000,
        "16" : 0.000000,
        "32" : 0.000000,
        ">=64" : 0.000000
      },
      "iodepth_submit" : {
        "0" : 0.000000,
        "4" : 100.000000,
        "8" : 0.000000,
        "16" : 0.000000,
        "32" : 0.000000,
        "64" : 0.000000,
        ">=64" : 0.000000
      },
      "iodepth_complete" : {
        "0" : 0.000000,
        "4" : 99.999967,
        "8" : 0.100000,
        "16" : 0.000000,
        "32" : 0.000000,
        "64" : 0.000000,
        ">=64" : 0.000000
      },
      "latency_ns" : {
        "2" : 0.000000,
        "4" : 0.000000,
        "10" : 0.000000,
        "20" : 0.000000,
        "50" : 0.000000,
        "100" : 0.000000,
        "250" : 0.000000,
        "500" : 0.000000,
        "750" : 0.000000,
        "1000" : 0.000000
      },
      "latency_us" : {
        "2" : 0.000000,
        "4" : 0.010000,
        "10" : 0.056506,
        "20" : 95.943741,
        "50" : 3.889281,
        "100" : 0.109647,
        "250" : 0.010000,
        "500" : 0.000000,
        "750" : 0.000000,
        "1000" : 0.000000
      },
      "latency_ms" : {
        "2" : 0.000000,
        "4" : 0.000000,
        "10" : 0.000000,
        "20" : 0.000000,
        "50" : 0.000000,
        "100" : 0.000000,
        "250" : 0.000000,
        "500" : 0.000000,
        "750" : 0.000000,
        "1000" : 0.000000,
        "2000" : 0.000000,
        ">=2000" : 0.000000
      },
      "latency_depth" : 8,
      "latency_target" : 0,
      "latency_percentile" : 100.000000,
      "latency_window" : 0
    }
  ],
  "disk_util" : [
    {
      "name" : "nvme0n1",
      "read_ios" : 4373344,
      "write_ios" : 0,
      "read_merges" : 0,
      "write_merges" : 0,
      "read_ticks" : 25161,
      "write_ticks" : 0,
      "in_queue" : 25161,
      "util" : 99.108381
    }
  ]
}

io_uring-reference: (groupid=0, jobs=1): err= 0: pid=10537: Wed Oct 26 15:25:12 2022
  read: IOPS=433k, BW=211MiB/s (222MB/s)(1480MiB/7001msec)
    slat (nsec): min=1332, max=31810, avg=1862.09, stdev=370.31
    clat (usec): min=2, max=123, avg=16.33, stdev= 3.61
     lat (usec): min=7, max=125, avg=18.20, stdev= 3.57
    clat percentiles (nsec):
     |  1.00th=[12480],  5.00th=[12992], 10.00th=[13248], 20.00th=[14784],
     | 30.00th=[15296], 40.00th=[15552], 50.00th=[15936], 60.00th=[16192],
     | 70.00th=[16768], 80.00th=[17280], 90.00th=[17792], 95.00th=[18816],
     | 99.00th=[32640], 99.50th=[35072], 99.90th=[51456], 99.95th=[67072],
     | 99.99th=[78336]
   bw (  KiB/s): min=215528, max=217965, per=100.00%, avg=216654.57, stdev=805.02, samples=14
   iops        : min=431056, max=435931, avg=433309.29, stdev=1610.18, samples=14
  lat (usec)   : 4=0.01%, 10=0.06%, 20=95.94%, 50=3.89%, 100=0.11%
  lat (usec)   : 250=0.01%
  cpu          : usr=16.76%, sys=80.33%, ctx=15022, majf=0, minf=0
  IO depths    : 1=0.0%, 2=0.0%, 4=0.0%, 8=100.0%, 16=0.0%, 32=0.0%, >=64=0.0%
     submit    : 0=0.0%, 4=100.0%, 8=0.0%, 16=0.0%, 32=0.0%, 64=0.0%, >=64=0.0%
     complete  : 0=0.0%, 4=100.0%, 8=0.1%, 16=0.0%, 32=0.0%, 64=0.0%, >=64=0.0%
     issued rwts: total=3031537,0,0,0 short=0,0,0,0 dropped=0,0,0,0
     latency   : target=0, window=0, percentile=100.00%, depth=8

Run status group 0 (all jobs):
   READ: bw=211MiB/s (222MB/s), 211MiB/s-211MiB/s (222MB/s-222MB/s), io=1480MiB (1552MB), run=7001-7001msec

Disk stats (read/write):
  nvme0n1: ios=4373344/0, merge=0/0, ticks=25161/0, in_queue=25161, util=99.11%
