io_uring_cmd-xnvme: (g=0): rw=randread, bs=(R) 512B-512B, (W) 512B-512B, (T) 512B-512B, ioengine=xnvme, iodepth=4
fio-3.32-dirty
Starting 1 thread
{
  "fio version" : "fio-3.32-dirty",
  "timestamp" : 1666790161,
  "timestamp_ms" : 1666790161185,
  "time" : "Wed Oct 26 15:16:01 2022",
  "jobs" : [
    {
      "jobname" : "io_uring_cmd-xnvme",
      "groupid" : 0,
      "error" : 0,
      "eta" : 0,
      "elapsed" : 11,
      "job options" : {
        "name" : "io_uring_cmd-xnvme",
        "rw" : "randread",
        "size" : "12G",
        "iodepth" : "4",
        "bs" : "512",
        "direct" : "0",
        "thread" : "1",
        "time_based" : "1",
        "runtime" : "7",
        "ramp_time" : "3",
        "norandommap" : "1",
        "allow_file_create" : "0",
        "ioengine" : "external:/usr/local/lib/x86_64-linux-gnu/libxnvme-fio-engine.so",
        "xnvme_be" : "linux",
        "xnvme_async" : "io_uring_cmd",
        "xnvme_sync" : "nvme",
        "xnvme_admin" : "nvme",
        "xnvme_dev_nsid" : "1",
        "filename" : "/dev/ng0n1",
        "cpus_allowed" : "1"
      },
      "read" : {
        "io_bytes" : 1513281024,
        "io_kbytes" : 1477813,
        "bw_bytes" : 216152124,
        "bw" : 211086,
        "iops" : 422171.546922,
        "runtime" : 7001,
        "total_ios" : 2955623,
        "short_ios" : 0,
        "drop_ios" : 0,
        "slat_ns" : {
          "min" : 1212,
          "max" : 68398,
          "mean" : 1804.931661,
          "stddev" : 383.353388,
          "N" : 2955624
        },
        "clat_ns" : {
          "min" : 130,
          "max" : 121648,
          "mean" : 7361.880692,
          "stddev" : 2801.249674,
          "N" : 2955626,
          "percentile" : {
            "1.000000" : 4256,
            "5.000000" : 4832,
            "10.000000" : 5088,
            "20.000000" : 6496,
            "30.000000" : 6560,
            "40.000000" : 6688,
            "50.000000" : 7072,
            "60.000000" : 7200,
            "70.000000" : 7392,
            "80.000000" : 7840,
            "90.000000" : 8384,
            "95.000000" : 9280,
            "99.000000" : 20864,
            "99.500000" : 24960,
            "99.900000" : 27264,
            "99.950000" : 33024,
            "99.990000" : 68096
          }
        },
        "lat_ns" : {
          "min" : 5770,
          "max" : 122910,
          "mean" : 9166.812258,
          "stddev" : 2786.079322,
          "N" : 2955626
        },
        "bw_min" : 209124,
        "bw_max" : 212490,
        "bw_agg" : 100.000000,
        "bw_mean" : 211123.571429,
        "bw_dev" : 1103.367274,
        "bw_samples" : 14,
        "iops_min" : 418248,
        "iops_max" : 424980,
        "iops_mean" : 422247.142857,
        "iops_stddev" : 2206.773449,
        "iops_samples" : 14
      },
      "write" : {
        "io_bytes" : 0,
        "io_kbytes" : 0,
        "bw_bytes" : 0,
        "bw" : 0,
        "iops" : 0.000000,
        "runtime" : 0,
        "total_ios" : 0,
        "short_ios" : 0,
        "drop_ios" : 0,
        "slat_ns" : {
          "min" : 0,
          "max" : 0,
          "mean" : 0.000000,
          "stddev" : 0.000000,
          "N" : 0
        },
        "clat_ns" : {
          "min" : 0,
          "max" : 0,
          "mean" : 0.000000,
          "stddev" : 0.000000,
          "N" : 0
        },
        "lat_ns" : {
          "min" : 0,
          "max" : 0,
          "mean" : 0.000000,
          "stddev" : 0.000000,
          "N" : 0
        },
        "bw_min" : 0,
        "bw_max" : 0,
        "bw_agg" : 0.000000,
        "bw_mean" : 0.000000,
        "bw_dev" : 0.000000,
        "bw_samples" : 0,
        "iops_min" : 0,
        "iops_max" : 0,
        "iops_mean" : 0.000000,
        "iops_stddev" : 0.000000,
        "iops_samples" : 0
      },
      "trim" : {
        "io_bytes" : 0,
        "io_kbytes" : 0,
        "bw_bytes" : 0,
        "bw" : 0,
        "iops" : 0.000000,
        "runtime" : 0,
        "total_ios" : 0,
        "short_ios" : 0,
        "drop_ios" : 0,
        "slat_ns" : {
          "min" : 0,
          "max" : 0,
          "mean" : 0.000000,
          "stddev" : 0.000000,
          "N" : 0
        },
        "clat_ns" : {
          "min" : 0,
          "max" : 0,
          "mean" : 0.000000,
          "stddev" : 0.000000,
          "N" : 0
        },
        "lat_ns" : {
          "min" : 0,
          "max" : 0,
          "mean" : 0.000000,
          "stddev" : 0.000000,
          "N" : 0
        },
        "bw_min" : 0,
        "bw_max" : 0,
        "bw_agg" : 0.000000,
        "bw_mean" : 0.000000,
        "bw_dev" : 0.000000,
        "bw_samples" : 0,
        "iops_min" : 0,
        "iops_max" : 0,
        "iops_mean" : 0.000000,
        "iops_stddev" : 0.000000,
        "iops_samples" : 0
      },
      "sync" : {
        "total_ios" : 0,
        "lat_ns" : {
          "min" : 0,
          "max" : 0,
          "mean" : 0.000000,
          "stddev" : 0.000000,
          "N" : 0
        }
      },
      "job_runtime" : 7000,
      "usr_cpu" : 19.828571,
      "sys_cpu" : 76.085714,
      "ctx" : 35312,
      "majf" : 0,
      "minf" : 1,
      "iodepth_level" : {
        "1" : 0.000000,
        "2" : 0.000000,
        "4" : 100.000000,
        "8" : 0.000000,
        "16" : 0.000000,
        "32" : 0.000000,
        ">=64" : 0.000000
      },
      "iodepth_submit" : {
        "0" : 0.000000,
        "4" : 100.000000,
        "8" : 0.000000,
        "16" : 0.000000,
        "32" : 0.000000,
        "64" : 0.000000,
        ">=64" : 0.000000
      },
      "iodepth_complete" : {
        "0" : 0.000000,
        "4" : 100.000000,
        "8" : 0.000000,
        "16" : 0.000000,
        "32" : 0.000000,
        "64" : 0.000000,
        ">=64" : 0.000000
      },
      "latency_ns" : {
        "2" : 0.000000,
        "4" : 0.000000,
        "10" : 0.000000,
        "20" : 0.000000,
        "50" : 0.000000,
        "100" : 0.000000,
        "250" : 0.010000,
        "500" : 0.000000,
        "750" : 0.000000,
        "1000" : 0.000000
      },
      "latency_us" : {
        "2" : 0.010000,
        "4" : 0.010000,
        "10" : 95.890816,
        "20" : 2.646379,
        "50" : 1.422881,
        "100" : 0.037623,
        "250" : 0.010000,
        "500" : 0.000000,
        "750" : 0.000000,
        "1000" : 0.000000
      },
      "latency_ms" : {
        "2" : 0.000000,
        "4" : 0.000000,
        "10" : 0.000000,
        "20" : 0.000000,
        "50" : 0.000000,
        "100" : 0.000000,
        "250" : 0.000000,
        "500" : 0.000000,
        "750" : 0.000000,
        "1000" : 0.000000,
        "2000" : 0.000000,
        ">=2000" : 0.000000
      },
      "latency_depth" : 4,
      "latency_target" : 0,
      "latency_percentile" : 100.000000,
      "latency_window" : 0
    }
  ]
}

io_uring_cmd-xnvme: (groupid=0, jobs=1): err= 0: pid=8549: Wed Oct 26 15:16:01 2022
  read: IOPS=422k, BW=206MiB/s (216MB/s)(1443MiB/7001msec)
    slat (nsec): min=1212, max=68398, avg=1804.93, stdev=383.35
    clat (nsec): min=130, max=121648, avg=7361.88, stdev=2801.25
     lat (usec): min=5, max=122, avg= 9.17, stdev= 2.79
    clat percentiles (nsec):
     |  1.00th=[ 4256],  5.00th=[ 4832], 10.00th=[ 5088], 20.00th=[ 6496],
     | 30.00th=[ 6560], 40.00th=[ 6688], 50.00th=[ 7072], 60.00th=[ 7200],
     | 70.00th=[ 7392], 80.00th=[ 7840], 90.00th=[ 8384], 95.00th=[ 9280],
     | 99.00th=[20864], 99.50th=[24960], 99.90th=[27264], 99.95th=[33024],
     | 99.99th=[68096]
   bw (  KiB/s): min=209124, max=212490, per=100.00%, avg=211123.57, stdev=1103.37, samples=14
   iops        : min=418248, max=424980, avg=422247.14, stdev=2206.77, samples=14
  lat (nsec)   : 250=0.01%
  lat (usec)   : 2=0.01%, 4=0.01%, 10=95.89%, 20=2.65%, 50=1.42%
  lat (usec)   : 100=0.04%, 250=0.01%
  cpu          : usr=19.83%, sys=76.09%, ctx=35312, majf=0, minf=1
  IO depths    : 1=0.0%, 2=0.0%, 4=100.0%, 8=0.0%, 16=0.0%, 32=0.0%, >=64=0.0%
     submit    : 0=0.0%, 4=100.0%, 8=0.0%, 16=0.0%, 32=0.0%, 64=0.0%, >=64=0.0%
     complete  : 0=0.0%, 4=100.0%, 8=0.0%, 16=0.0%, 32=0.0%, 64=0.0%, >=64=0.0%
     issued rwts: total=2955623,0,0,0 short=0,0,0,0 dropped=0,0,0,0
     latency   : target=0, window=0, percentile=100.00%, depth=4

Run status group 0 (all jobs):
   READ: bw=206MiB/s (216MB/s), 206MiB/s-206MiB/s (216MB/s-216MB/s), io=1443MiB (1513MB), run=7001-7001msec
