io_uring-reference: (g=0): rw=randread, bs=(R) 512B-512B, (W) 512B-512B, (T) 512B-512B, ioengine=io_uring, iodepth=1
fio-3.32-dirty
Starting 1 thread
{
  "fio version" : "fio-3.32-dirty",
  "timestamp" : 1666789291,
  "timestamp_ms" : 1666789291136,
  "time" : "Wed Oct 26 15:01:31 2022",
  "jobs" : [
    {
      "jobname" : "io_uring-reference",
      "groupid" : 0,
      "error" : 0,
      "eta" : 0,
      "elapsed" : 11,
      "job options" : {
        "name" : "io_uring-reference",
        "rw" : "randread",
        "size" : "12G",
        "iodepth" : "1",
        "bs" : "512",
        "direct" : "1",
        "thread" : "1",
        "time_based" : "1",
        "runtime" : "7",
        "ramp_time" : "3",
        "norandommap" : "1",
        "allow_file_create" : "0",
        "ioengine" : "io_uring",
        "filename" : "/dev/nvme0n1",
        "cpus_allowed" : "1"
      },
      "read" : {
        "io_bytes" : 392546816,
        "io_kbytes" : 383346,
        "bw_bytes" : 56070106,
        "bw" : 54755,
        "iops" : 109511.784031,
        "runtime" : 7001,
        "total_ios" : 766692,
        "short_ios" : 0,
        "drop_ios" : 0,
        "slat_ns" : {
          "min" : 1452,
          "max" : 7204,
          "mean" : 1551.774812,
          "stddev" : 73.369744,
          "N" : 766693
        },
        "clat_ns" : {
          "min" : 1042,
          "max" : 78077,
          "mean" : 7262.353467,
          "stddev" : 979.853703,
          "N" : 766692,
          "percentile" : {
            "1.000000" : 6816,
            "5.000000" : 6944,
            "10.000000" : 7008,
            "20.000000" : 7072,
            "30.000000" : 7072,
            "40.000000" : 7136,
            "50.000000" : 7136,
            "60.000000" : 7200,
            "70.000000" : 7264,
            "80.000000" : 7264,
            "90.000000" : 7328,
            "95.000000" : 7456,
            "99.000000" : 10432,
            "99.500000" : 13632,
            "99.900000" : 15680,
            "99.950000" : 15808,
            "99.990000" : 58112
          }
        },
        "lat_ns" : {
          "min" : 6743,
          "max" : 79590,
          "mean" : 8814.128316,
          "stddev" : 984.427864,
          "N" : 766692
        },
        "bw_min" : 54595,
        "bw_max" : 55137,
        "bw_agg" : 100.000000,
        "bw_mean" : 54770.357143,
        "bw_dev" : 141.769915,
        "bw_samples" : 14,
        "iops_min" : 109190,
        "iops_max" : 110274,
        "iops_mean" : 109540.714286,
        "iops_stddev" : 283.539830,
        "iops_samples" : 14
      },
      "write" : {
        "io_bytes" : 0,
        "io_kbytes" : 0,
        "bw_bytes" : 0,
        "bw" : 0,
        "iops" : 0.000000,
        "runtime" : 0,
        "total_ios" : 0,
        "short_ios" : 0,
        "drop_ios" : 0,
        "slat_ns" : {
          "min" : 0,
          "max" : 0,
          "mean" : 0.000000,
          "stddev" : 0.000000,
          "N" : 0
        },
        "clat_ns" : {
          "min" : 0,
          "max" : 0,
          "mean" : 0.000000,
          "stddev" : 0.000000,
          "N" : 0
        },
        "lat_ns" : {
          "min" : 0,
          "max" : 0,
          "mean" : 0.000000,
          "stddev" : 0.000000,
          "N" : 0
        },
        "bw_min" : 0,
        "bw_max" : 0,
        "bw_agg" : 0.000000,
        "bw_mean" : 0.000000,
        "bw_dev" : 0.000000,
        "bw_samples" : 0,
        "iops_min" : 0,
        "iops_max" : 0,
        "iops_mean" : 0.000000,
        "iops_stddev" : 0.000000,
        "iops_samples" : 0
      },
      "trim" : {
        "io_bytes" : 0,
        "io_kbytes" : 0,
        "bw_bytes" : 0,
        "bw" : 0,
        "iops" : 0.000000,
        "runtime" : 0,
        "total_ios" : 0,
        "short_ios" : 0,
        "drop_ios" : 0,
        "slat_ns" : {
          "min" : 0,
          "max" : 0,
          "mean" : 0.000000,
          "stddev" : 0.000000,
          "N" : 0
        },
        "clat_ns" : {
          "min" : 0,
          "max" : 0,
          "mean" : 0.000000,
          "stddev" : 0.000000,
          "N" : 0
        },
        "lat_ns" : {
          "min" : 0,
          "max" : 0,
          "mean" : 0.000000,
          "stddev" : 0.000000,
          "N" : 0
        },
        "bw_min" : 0,
        "bw_max" : 0,
        "bw_agg" : 0.000000,
        "bw_mean" : 0.000000,
        "bw_dev" : 0.000000,
        "bw_samples" : 0,
        "iops_min" : 0,
        "iops_max" : 0,
        "iops_mean" : 0.000000,
        "iops_stddev" : 0.000000,
        "iops_samples" : 0
      },
      "sync" : {
        "total_ios" : 0,
        "lat_ns" : {
          "min" : 0,
          "max" : 0,
          "mean" : 0.000000,
          "stddev" : 0.000000,
          "N" : 0
        }
      },
      "job_runtime" : 7000,
      "usr_cpu" : 8.571429,
      "sys_cpu" : 34.971429,
      "ctx" : 766689,
      "majf" : 0,
      "minf" : 0,
      "iodepth_level" : {
        "1" : 100.000000,
        "2" : 0.000000,
        "4" : 0.000000,
        "8" : 0.000000,
        "16" : 0.000000,
        "32" : 0.000000,
        ">=64" : 0.000000
      },
      "iodepth_submit" : {
        "0" : 0.000000,
        "4" : 100.000000,
        "8" : 0.000000,
        "16" : 0.000000,
        "32" : 0.000000,
        "64" : 0.000000,
        ">=64" : 0.000000
      },
      "iodepth_complete" : {
        "0" : 0.000000,
        "4" : 100.000000,
        "8" : 0.000000,
        "16" : 0.000000,
        "32" : 0.000000,
        "64" : 0.000000,
        ">=64" : 0.000000
      },
      "latency_ns" : {
        "2" : 0.000000,
        "4" : 0.000000,
        "10" : 0.000000,
        "20" : 0.000000,
        "50" : 0.000000,
        "100" : 0.000000,
        "250" : 0.000000,
        "500" : 0.000000,
        "750" : 0.000000,
        "1000" : 0.000000
      },
      "latency_us" : {
        "2" : 0.010000,
        "4" : 0.010000,
        "10" : 98.723738,
        "20" : 1.253959,
        "50" : 0.010000,
        "100" : 0.014217,
        "250" : 0.000000,
        "500" : 0.000000,
        "750" : 0.000000,
        "1000" : 0.000000
      },
      "latency_ms" : {
        "2" : 0.000000,
        "4" : 0.000000,
        "10" : 0.000000,
        "20" : 0.000000,
        "50" : 0.000000,
        "100" : 0.000000,
        "250" : 0.000000,
        "500" : 0.000000,
        "750" : 0.000000,
        "1000" : 0.000000,
        "2000" : 0.000000,
        ">=2000" : 0.000000
      },
      "latency_depth" : 1,
      "latency_target" : 0,
      "latency_percentile" : 100.000000,
      "latency_window" : 0
    }
  ],
  "disk_util" : [
    {
      "name" : "nvme0n1",
      "read_ios" : 1098692,
      "write_ios" : 0,
      "read_merges" : 0,
      "write_merges" : 0,
      "read_ticks" : 5507,
      "write_ticks" : 0,
      "in_queue" : 5507,
      "util" : 99.069123
    }
  ]
}

io_uring-reference: (groupid=0, jobs=1): err= 0: pid=5437: Wed Oct 26 15:01:31 2022
  read: IOPS=110k, BW=53.5MiB/s (56.1MB/s)(374MiB/7001msec)
    slat (nsec): min=1452, max=7204, avg=1551.77, stdev=73.37
    clat (nsec): min=1042, max=78077, avg=7262.35, stdev=979.85
     lat (nsec): min=6743, max=79590, avg=8814.13, stdev=984.43
    clat percentiles (nsec):
     |  1.00th=[ 6816],  5.00th=[ 6944], 10.00th=[ 7008], 20.00th=[ 7072],
     | 30.00th=[ 7072], 40.00th=[ 7136], 50.00th=[ 7136], 60.00th=[ 7200],
     | 70.00th=[ 7264], 80.00th=[ 7264], 90.00th=[ 7328], 95.00th=[ 7456],
     | 99.00th=[10432], 99.50th=[13632], 99.90th=[15680], 99.95th=[15808],
     | 99.99th=[58112]
   bw (  KiB/s): min=54595, max=55137, per=100.00%, avg=54770.36, stdev=141.77, samples=14
   iops        : min=109190, max=110274, avg=109540.71, stdev=283.54, samples=14
  lat (usec)   : 2=0.01%, 4=0.01%, 10=98.72%, 20=1.25%, 50=0.01%
  lat (usec)   : 100=0.01%
  cpu          : usr=8.57%, sys=34.97%, ctx=766689, majf=0, minf=0
  IO depths    : 1=100.0%, 2=0.0%, 4=0.0%, 8=0.0%, 16=0.0%, 32=0.0%, >=64=0.0%
     submit    : 0=0.0%, 4=100.0%, 8=0.0%, 16=0.0%, 32=0.0%, 64=0.0%, >=64=0.0%
     complete  : 0=0.0%, 4=100.0%, 8=0.0%, 16=0.0%, 32=0.0%, 64=0.0%, >=64=0.0%
     issued rwts: total=766692,0,0,0 short=0,0,0,0 dropped=0,0,0,0
     latency   : target=0, window=0, percentile=100.00%, depth=1

Run status group 0 (all jobs):
   READ: bw=53.5MiB/s (56.1MB/s), 53.5MiB/s-53.5MiB/s (56.1MB/s-56.1MB/s), io=374MiB (393MB), run=7001-7001msec

Disk stats (read/write):
  nvme0n1: ios=1098692/0, merge=0/0, ticks=5507/0, in_queue=5507, util=99.07%
