io_uring-bdev_xnvme: (g=0): rw=randread, bs=(R) 512B-512B, (W) 512B-512B, (T) 512B-512B, ioengine=spdk_bdev, iodepth=8
fio-3.32-dirty
Starting 1 thread
{
  "fio version" : "fio-3.32-dirty",
  "timestamp" : 1666790824,
  "timestamp_ms" : 1666790824648,
  "time" : "Wed Oct 26 15:27:04 2022",
  "jobs" : [
    {
      "jobname" : "io_uring-bdev_xnvme",
      "groupid" : 0,
      "error" : 0,
      "eta" : 0,
      "elapsed" : 11,
      "job options" : {
        "name" : "io_uring-bdev_xnvme",
        "rw" : "randread",
        "size" : "12G",
        "iodepth" : "8",
        "bs" : "512",
        "direct" : "1",
        "thread" : "1",
        "time_based" : "1",
        "runtime" : "7",
        "ramp_time" : "3",
        "norandommap" : "1",
        "allow_file_create" : "0",
        "ioengine" : "spdk_bdev",
        "spdk_conf" : "/tmp/spdk_bdev_xnvme_io_uring.conf",
        "filename" : "Nvme0n1",
        "cpus_allowed" : "1"
      },
      "read" : {
        "io_bytes" : 1612016128,
        "io_kbytes" : 1574234,
        "bw_bytes" : 230255124,
        "bw" : 224858,
        "iops" : 449715.897729,
        "runtime" : 7001,
        "total_ios" : 3148461,
        "short_ios" : 0,
        "drop_ios" : 0,
        "slat_ns" : {
          "min" : 1573,
          "max" : 40045,
          "mean" : 1761.557793,
          "stddev" : 123.973748,
          "N" : 3148462
        },
        "clat_ns" : {
          "min" : 250,
          "max" : 120826,
          "mean" : 15794.247972,
          "stddev" : 2581.682894,
          "N" : 3148468,
          "percentile" : {
            "1.000000" : 14912,
            "5.000000" : 15040,
            "10.000000" : 15040,
            "20.000000" : 15168,
            "30.000000" : 15168,
            "40.000000" : 15296,
            "50.000000" : 15296,
            "60.000000" : 15424,
            "70.000000" : 15424,
            "80.000000" : 15808,
            "90.000000" : 16064,
            "95.000000" : 16192,
            "99.000000" : 28032,
            "99.500000" : 30592,
            "99.900000" : 49408,
            "99.950000" : 64768,
            "99.990000" : 75264
          }
        },
        "lat_ns" : {
          "min" : 5831,
          "max" : 122500,
          "mean" : 17555.805718,
          "stddev" : 2589.532167,
          "N" : 3148468
        },
        "bw_min" : 224054,
        "bw_max" : 227215,
        "bw_agg" : 100.000000,
        "bw_mean" : 224976.142857,
        "bw_dev" : 840.788902,
        "bw_samples" : 14,
        "iops_min" : 448108,
        "iops_max" : 454430,
        "iops_mean" : 449952.428571,
        "iops_stddev" : 1681.479647,
        "iops_samples" : 14
      },
      "write" : {
        "io_bytes" : 0,
        "io_kbytes" : 0,
        "bw_bytes" : 0,
        "bw" : 0,
        "iops" : 0.000000,
        "runtime" : 0,
        "total_ios" : 0,
        "short_ios" : 0,
        "drop_ios" : 0,
        "slat_ns" : {
          "min" : 0,
          "max" : 0,
          "mean" : 0.000000,
          "stddev" : 0.000000,
          "N" : 0
        },
        "clat_ns" : {
          "min" : 0,
          "max" : 0,
          "mean" : 0.000000,
          "stddev" : 0.000000,
          "N" : 0
        },
        "lat_ns" : {
          "min" : 0,
          "max" : 0,
          "mean" : 0.000000,
          "stddev" : 0.000000,
          "N" : 0
        },
        "bw_min" : 0,
        "bw_max" : 0,
        "bw_agg" : 0.000000,
        "bw_mean" : 0.000000,
        "bw_dev" : 0.000000,
        "bw_samples" : 0,
        "iops_min" : 0,
        "iops_max" : 0,
        "iops_mean" : 0.000000,
        "iops_stddev" : 0.000000,
        "iops_samples" : 0
      },
      "trim" : {
        "io_bytes" : 0,
        "io_kbytes" : 0,
        "bw_bytes" : 0,
        "bw" : 0,
        "iops" : 0.000000,
        "runtime" : 0,
        "total_ios" : 0,
        "short_ios" : 0,
        "drop_ios" : 0,
        "slat_ns" : {
          "min" : 0,
          "max" : 0,
          "mean" : 0.000000,
          "stddev" : 0.000000,
          "N" : 0
        },
        "clat_ns" : {
          "min" : 0,
          "max" : 0,
          "mean" : 0.000000,
          "stddev" : 0.000000,
          "N" : 0
        },
        "lat_ns" : {
          "min" : 0,
          "max" : 0,
          "mean" : 0.000000,
          "stddev" : 0.000000,
          "N" : 0
        },
        "bw_min" : 0,
        "bw_max" : 0,
        "bw_agg" : 0.000000,
        "bw_mean" : 0.000000,
        "bw_dev" : 0.000000,
        "bw_samples" : 0,
        "iops_min" : 0,
        "iops_max" : 0,
        "iops_mean" : 0.000000,
        "iops_stddev" : 0.000000,
        "iops_samples" : 0
      },
      "sync" : {
        "total_ios" : 0,
        "lat_ns" : {
          "min" : 0,
          "max" : 0,
          "mean" : 0.000000,
          "stddev" : 0.000000,
          "N" : 0
        }
      },
      "job_runtime" : 7000,
      "usr_cpu" : 31.585714,
      "sys_cpu" : 68.400000,
      "ctx" : 11,
      "majf" : 0,
      "minf" : 0,
      "iodepth_level" : {
        "1" : 0.000000,
        "2" : 0.000000,
        "4" : 0.000000,
        "8" : 100.000000,
        "16" : 0.000000,
        "32" : 0.000000,
        ">=64" : 0.000000
      },
      "iodepth_submit" : {
        "0" : 0.000000,
        "4" : 100.000000,
        "8" : 0.000000,
        "16" : 0.000000,
        "32" : 0.000000,
        "64" : 0.000000,
        ">=64" : 0.000000
      },
      "iodepth_complete" : {
        "0" : 0.000000,
        "4" : 99.999984,
        "8" : 0.100000,
        "16" : 0.000000,
        "32" : 0.000000,
        "64" : 0.000000,
        ">=64" : 0.000000
      },
      "latency_ns" : {
        "2" : 0.000000,
        "4" : 0.000000,
        "10" : 0.000000,
        "20" : 0.000000,
        "50" : 0.000000,
        "100" : 0.000000,
        "250" : 0.000000,
        "500" : 0.010000,
        "750" : 0.000000,
        "1000" : 0.000000
      },
      "latency_us" : {
        "2" : 0.000000,
        "4" : 0.000000,
        "10" : 0.032619,
        "20" : 96.921004,
        "50" : 2.948266,
        "100" : 0.097254,
        "250" : 0.010000,
        "500" : 0.000000,
        "750" : 0.000000,
        "1000" : 0.000000
      },
      "latency_ms" : {
        "2" : 0.000000,
        "4" : 0.000000,
        "10" : 0.000000,
        "20" : 0.000000,
        "50" : 0.000000,
        "100" : 0.000000,
        "250" : 0.000000,
        "500" : 0.000000,
        "750" : 0.000000,
        "1000" : 0.000000,
        "2000" : 0.000000,
        ">=2000" : 0.000000
      },
      "latency_depth" : 8,
      "latency_target" : 0,
      "latency_percentile" : 100.000000,
      "latency_window" : 0
    }
  ]
}

io_uring-bdev_xnvme: (groupid=0, jobs=1): err= 0: pid=10915: Wed Oct 26 15:27:04 2022
  read: IOPS=450k, BW=220MiB/s (230MB/s)(1537MiB/7001msec)
    slat (nsec): min=1573, max=40045, avg=1761.56, stdev=123.97
    clat (nsec): min=250, max=120826, avg=15794.25, stdev=2581.68
     lat (usec): min=5, max=122, avg=17.56, stdev= 2.59
    clat percentiles (nsec):
     |  1.00th=[14912],  5.00th=[15040], 10.00th=[15040], 20.00th=[15168],
     | 30.00th=[15168], 40.00th=[15296], 50.00th=[15296], 60.00th=[15424],
     | 70.00th=[15424], 80.00th=[15808], 90.00th=[16064], 95.00th=[16192],
     | 99.00th=[28032], 99.50th=[30592], 99.90th=[49408], 99.95th=[64768],
     | 99.99th=[75264]
   bw (  KiB/s): min=224054, max=227215, per=100.00%, avg=224976.14, stdev=840.79, samples=14
   iops        : min=448108, max=454430, avg=449952.43, stdev=1681.48, samples=14
  lat (nsec)   : 500=0.01%
  lat (usec)   : 10=0.03%, 20=96.92%, 50=2.95%, 100=0.10%, 250=0.01%
  cpu          : usr=31.59%, sys=68.40%, ctx=11, majf=0, minf=0
  IO depths    : 1=0.0%, 2=0.0%, 4=0.0%, 8=100.0%, 16=0.0%, 32=0.0%, >=64=0.0%
     submit    : 0=0.0%, 4=100.0%, 8=0.0%, 16=0.0%, 32=0.0%, 64=0.0%, >=64=0.0%
     complete  : 0=0.0%, 4=100.0%, 8=0.1%, 16=0.0%, 32=0.0%, 64=0.0%, >=64=0.0%
     issued rwts: total=3148461,0,0,0 short=0,0,0,0 dropped=0,0,0,0
     latency   : target=0, window=0, percentile=100.00%, depth=8

Run status group 0 (all jobs):
   READ: bw=220MiB/s (230MB/s), 220MiB/s-220MiB/s (230MB/s-230MB/s), io=1537MiB (1612MB), run=7001-7001msec
