io_uring-xnvme: (g=0): rw=randread, bs=(R) 512B-512B, (W) 512B-512B, (T) 512B-512B, ioengine=xnvme, iodepth=8
fio-3.32-dirty
Starting 1 thread
{
  "fio version" : "fio-3.32-dirty",
  "timestamp" : 1666790856,
  "timestamp_ms" : 1666790856790,
  "time" : "Wed Oct 26 15:27:36 2022",
  "jobs" : [
    {
      "jobname" : "io_uring-xnvme",
      "groupid" : 0,
      "error" : 0,
      "eta" : 0,
      "elapsed" : 11,
      "job options" : {
        "name" : "io_uring-xnvme",
        "rw" : "randread",
        "size" : "12G",
        "iodepth" : "8",
        "bs" : "512",
        "direct" : "1",
        "thread" : "1",
        "time_based" : "1",
        "runtime" : "7",
        "ramp_time" : "3",
        "norandommap" : "1",
        "allow_file_create" : "0",
        "ioengine" : "external:/usr/local/lib/x86_64-linux-gnu/libxnvme-fio-engine.so",
        "xnvme_be" : "linux",
        "xnvme_async" : "io_uring",
        "xnvme_sync" : "nvme",
        "xnvme_admin" : "nvme",
        "xnvme_dev_nsid" : "1",
        "filename" : "/dev/nvme0n1",
        "cpus_allowed" : "1"
      },
      "read" : {
        "io_bytes" : 1419834368,
        "io_kbytes" : 1386557,
        "bw_bytes" : 202804509,
        "bw" : 198051,
        "iops" : 396101.414084,
        "runtime" : 7001,
        "total_ios" : 2773106,
        "short_ios" : 0,
        "drop_ios" : 0,
        "slat_ns" : {
          "min" : 1393,
          "max" : 70382,
          "mean" : 2032.974013,
          "stddev" : 315.234496,
          "N" : 2773107
        },
        "clat_ns" : {
          "min" : 4167,
          "max" : 134191,
          "mean" : 17867.042998,
          "stddev" : 3010.820945,
          "N" : 2773113,
          "percentile" : {
            "1.000000" : 13376,
            "5.000000" : 15424,
            "10.000000" : 16768,
            "20.000000" : 17024,
            "30.000000" : 17280,
            "40.000000" : 17536,
            "50.000000" : 17536,
            "60.000000" : 17536,
            "70.000000" : 18048,
            "80.000000" : 18048,
            "90.000000" : 18304,
            "95.000000" : 19584,
            "99.000000" : 31616,
            "99.500000" : 34560,
            "99.900000" : 50432,
            "99.950000" : 64256,
            "99.990000" : 77312
          }
        },
        "lat_ns" : {
          "min" : 6372,
          "max" : 135744,
          "mean" : 19900.015943,
          "stddev" : 2965.963506,
          "N" : 2773113
        },
        "bw_min" : 197423,
        "bw_max" : 198917,
        "bw_agg" : 100.000000,
        "bw_mean" : 198149.500000,
        "bw_dev" : 471.310897,
        "bw_samples" : 14,
        "iops_min" : 394847,
        "iops_max" : 397834,
        "iops_mean" : 396299.142857,
        "iops_stddev" : 942.487532,
        "iops_samples" : 14
      },
      "write" : {
        "io_bytes" : 0,
        "io_kbytes" : 0,
        "bw_bytes" : 0,
        "bw" : 0,
        "iops" : 0.000000,
        "runtime" : 0,
        "total_ios" : 0,
        "short_ios" : 0,
        "drop_ios" : 0,
        "slat_ns" : {
          "min" : 0,
          "max" : 0,
          "mean" : 0.000000,
          "stddev" : 0.000000,
          "N" : 0
        },
        "clat_ns" : {
          "min" : 0,
          "max" : 0,
          "mean" : 0.000000,
          "stddev" : 0.000000,
          "N" : 0
        },
        "lat_ns" : {
          "min" : 0,
          "max" : 0,
          "mean" : 0.000000,
          "stddev" : 0.000000,
          "N" : 0
        },
        "bw_min" : 0,
        "bw_max" : 0,
        "bw_agg" : 0.000000,
        "bw_mean" : 0.000000,
        "bw_dev" : 0.000000,
        "bw_samples" : 0,
        "iops_min" : 0,
        "iops_max" : 0,
        "iops_mean" : 0.000000,
        "iops_stddev" : 0.000000,
        "iops_samples" : 0
      },
      "trim" : {
        "io_bytes" : 0,
        "io_kbytes" : 0,
        "bw_bytes" : 0,
        "bw" : 0,
        "iops" : 0.000000,
        "runtime" : 0,
        "total_ios" : 0,
        "short_ios" : 0,
        "drop_ios" : 0,
        "slat_ns" : {
          "min" : 0,
          "max" : 0,
          "mean" : 0.000000,
          "stddev" : 0.000000,
          "N" : 0
        },
        "clat_ns" : {
          "min" : 0,
          "max" : 0,
          "mean" : 0.000000,
          "stddev" : 0.000000,
          "N" : 0
        },
        "lat_ns" : {
          "min" : 0,
          "max" : 0,
          "mean" : 0.000000,
          "stddev" : 0.000000,
          "N" : 0
        },
        "bw_min" : 0,
        "bw_max" : 0,
        "bw_agg" : 0.000000,
        "bw_mean" : 0.000000,
        "bw_dev" : 0.000000,
        "bw_samples" : 0,
        "iops_min" : 0,
        "iops_max" : 0,
        "iops_mean" : 0.000000,
        "iops_stddev" : 0.000000,
        "iops_samples" : 0
      },
      "sync" : {
        "total_ios" : 0,
        "lat_ns" : {
          "min" : 0,
          "max" : 0,
          "mean" : 0.000000,
          "stddev" : 0.000000,
          "N" : 0
        }
      },
      "job_runtime" : 7000,
      "usr_cpu" : 20.971429,
      "sys_cpu" : 76.928571,
      "ctx" : 16494,
      "majf" : 0,
      "minf" : 1,
      "iodepth_level" : {
        "1" : 0.000000,
        "2" : 0.000000,
        "4" : 0.000000,
        "8" : 100.000000,
        "16" : 0.000000,
        "32" : 0.000000,
        ">=64" : 0.000000
      },
      "iodepth_submit" : {
        "0" : 0.000000,
        "4" : 100.000000,
        "8" : 0.000000,
        "16" : 0.000000,
        "32" : 0.000000,
        "64" : 0.000000,
        ">=64" : 0.000000
      },
      "iodepth_complete" : {
        "0" : 0.000000,
        "4" : 99.999982,
        "8" : 0.100000,
        "16" : 0.000000,
        "32" : 0.000000,
        "64" : 0.000000,
        ">=64" : 0.000000
      },
      "latency_ns" : {
        "2" : 0.000000,
        "4" : 0.000000,
        "10" : 0.000000,
        "20" : 0.000000,
        "50" : 0.000000,
        "100" : 0.000000,
        "250" : 0.000000,
        "500" : 0.000000,
        "750" : 0.000000,
        "1000" : 0.000000
      },
      "latency_us" : {
        "2" : 0.000000,
        "4" : 0.000000,
        "10" : 0.102989,
        "20" : 95.387482,
        "50" : 4.409135,
        "100" : 0.099780,
        "250" : 0.010000,
        "500" : 0.000000,
        "750" : 0.000000,
        "1000" : 0.000000
      },
      "latency_ms" : {
        "2" : 0.000000,
        "4" : 0.000000,
        "10" : 0.000000,
        "20" : 0.000000,
        "50" : 0.000000,
        "100" : 0.000000,
        "250" : 0.000000,
        "500" : 0.000000,
        "750" : 0.000000,
        "1000" : 0.000000,
        "2000" : 0.000000,
        ">=2000" : 0.000000
      },
      "latency_depth" : 8,
      "latency_target" : 0,
      "latency_percentile" : 100.000000,
      "latency_window" : 0
    }
  ]
}

io_uring-xnvme: (groupid=0, jobs=1): err= 0: pid=11022: Wed Oct 26 15:27:36 2022
  read: IOPS=396k, BW=193MiB/s (203MB/s)(1354MiB/7001msec)
    slat (nsec): min=1393, max=70382, avg=2032.97, stdev=315.23
    clat (usec): min=4, max=134, avg=17.87, stdev= 3.01
     lat (usec): min=6, max=135, avg=19.90, stdev= 2.97
    clat percentiles (nsec):
     |  1.00th=[13376],  5.00th=[15424], 10.00th=[16768], 20.00th=[17024],
     | 30.00th=[17280], 40.00th=[17536], 50.00th=[17536], 60.00th=[17536],
     | 70.00th=[18048], 80.00th=[18048], 90.00th=[18304], 95.00th=[19584],
     | 99.00th=[31616], 99.50th=[34560], 99.90th=[50432], 99.95th=[64256],
     | 99.99th=[77312]
   bw (  KiB/s): min=197423, max=198917, per=100.00%, avg=198149.50, stdev=471.31, samples=14
   iops        : min=394847, max=397834, avg=396299.14, stdev=942.49, samples=14
  lat (usec)   : 10=0.10%, 20=95.39%, 50=4.41%, 100=0.10%, 250=0.01%
  cpu          : usr=20.97%, sys=76.93%, ctx=16494, majf=0, minf=1
  IO depths    : 1=0.0%, 2=0.0%, 4=0.0%, 8=100.0%, 16=0.0%, 32=0.0%, >=64=0.0%
     submit    : 0=0.0%, 4=100.0%, 8=0.0%, 16=0.0%, 32=0.0%, 64=0.0%, >=64=0.0%
     complete  : 0=0.0%, 4=100.0%, 8=0.1%, 16=0.0%, 32=0.0%, 64=0.0%, >=64=0.0%
     issued rwts: total=2773106,0,0,0 short=0,0,0,0 dropped=0,0,0,0
     latency   : target=0, window=0, percentile=100.00%, depth=8

Run status group 0 (all jobs):
   READ: bw=193MiB/s (203MB/s), 193MiB/s-193MiB/s (203MB/s-203MB/s), io=1354MiB (1420MB), run=7001-7001msec
