io_uring-xnvme: (g=0): rw=randread, bs=(R) 512B-512B, (W) 512B-512B, (T) 512B-512B, ioengine=xnvme, iodepth=4
fio-3.32-dirty
Starting 1 thread
{
  "fio version" : "fio-3.32-dirty",
  "timestamp" : 1666790393,
  "timestamp_ms" : 1666790393982,
  "time" : "Wed Oct 26 15:19:53 2022",
  "jobs" : [
    {
      "jobname" : "io_uring-xnvme",
      "groupid" : 0,
      "error" : 0,
      "eta" : 0,
      "elapsed" : 11,
      "job options" : {
        "name" : "io_uring-xnvme",
        "rw" : "randread",
        "size" : "12G",
        "iodepth" : "4",
        "bs" : "512",
        "direct" : "1",
        "thread" : "1",
        "time_based" : "1",
        "runtime" : "7",
        "ramp_time" : "3",
        "norandommap" : "1",
        "allow_file_create" : "0",
        "ioengine" : "external:/usr/local/lib/x86_64-linux-gnu/libxnvme-fio-engine.so",
        "xnvme_be" : "linux",
        "xnvme_async" : "io_uring",
        "xnvme_sync" : "nvme",
        "xnvme_admin" : "nvme",
        "xnvme_dev_nsid" : "1",
        "filename" : "/dev/nvme0n1",
        "cpus_allowed" : "1"
      },
      "read" : {
        "io_bytes" : 1408428544,
        "io_kbytes" : 1375418,
        "bw_bytes" : 201175338,
        "bw" : 196460,
        "iops" : 392920.011427,
        "runtime" : 7001,
        "total_ios" : 2750833,
        "short_ios" : 0,
        "drop_ios" : 0,
        "slat_ns" : {
          "min" : 1402,
          "max" : 43572,
          "mean" : 2012.219970,
          "stddev" : 307.976683,
          "N" : 2750834
        },
        "clat_ns" : {
          "min" : 131,
          "max" : 104275,
          "mean" : 7874.613087,
          "stddev" : 2621.702740,
          "N" : 2750836,
          "percentile" : {
            "1.000000" : 4448,
            "5.000000" : 6304,
            "10.000000" : 6880,
            "20.000000" : 7200,
            "30.000000" : 7456,
            "40.000000" : 7520,
            "50.000000" : 7520,
            "60.000000" : 7584,
            "70.000000" : 7648,
            "80.000000" : 7904,
            "90.000000" : 8256,
            "95.000000" : 9280,
            "99.000000" : 20864,
            "99.500000" : 25216,
            "99.900000" : 27008,
            "99.950000" : 33024,
            "99.990000" : 68096
          }
        },
        "lat_ns" : {
          "min" : 5771,
          "max" : 106169,
          "mean" : 9886.833346,
          "stddev" : 2594.294429,
          "N" : 2750836
        },
        "bw_min" : 195388,
        "bw_max" : 198951,
        "bw_agg" : 100.000000,
        "bw_mean" : 196495.071429,
        "bw_dev" : 1111.164217,
        "bw_samples" : 14,
        "iops_min" : 390776,
        "iops_max" : 397903,
        "iops_mean" : 392990.214286,
        "iops_stddev" : 2222.498462,
        "iops_samples" : 14
      },
      "write" : {
        "io_bytes" : 0,
        "io_kbytes" : 0,
        "bw_bytes" : 0,
        "bw" : 0,
        "iops" : 0.000000,
        "runtime" : 0,
        "total_ios" : 0,
        "short_ios" : 0,
        "drop_ios" : 0,
        "slat_ns" : {
          "min" : 0,
          "max" : 0,
          "mean" : 0.000000,
          "stddev" : 0.000000,
          "N" : 0
        },
        "clat_ns" : {
          "min" : 0,
          "max" : 0,
          "mean" : 0.000000,
          "stddev" : 0.000000,
          "N" : 0
        },
        "lat_ns" : {
          "min" : 0,
          "max" : 0,
          "mean" : 0.000000,
          "stddev" : 0.000000,
          "N" : 0
        },
        "bw_min" : 0,
        "bw_max" : 0,
        "bw_agg" : 0.000000,
        "bw_mean" : 0.000000,
        "bw_dev" : 0.000000,
        "bw_samples" : 0,
        "iops_min" : 0,
        "iops_max" : 0,
        "iops_mean" : 0.000000,
        "iops_stddev" : 0.000000,
        "iops_samples" : 0
      },
      "trim" : {
        "io_bytes" : 0,
        "io_kbytes" : 0,
        "bw_bytes" : 0,
        "bw" : 0,
        "iops" : 0.000000,
        "runtime" : 0,
        "total_ios" : 0,
        "short_ios" : 0,
        "drop_ios" : 0,
        "slat_ns" : {
          "min" : 0,
          "max" : 0,
          "mean" : 0.000000,
          "stddev" : 0.000000,
          "N" : 0
        },
        "clat_ns" : {
          "min" : 0,
          "max" : 0,
          "mean" : 0.000000,
          "stddev" : 0.000000,
          "N" : 0
        },
        "lat_ns" : {
          "min" : 0,
          "max" : 0,
          "mean" : 0.000000,
          "stddev" : 0.000000,
          "N" : 0
        },
        "bw_min" : 0,
        "bw_max" : 0,
        "bw_agg" : 0.000000,
        "bw_mean" : 0.000000,
        "bw_dev" : 0.000000,
        "bw_samples" : 0,
        "iops_min" : 0,
        "iops_max" : 0,
        "iops_mean" : 0.000000,
        "iops_stddev" : 0.000000,
        "iops_samples" : 0
      },
      "sync" : {
        "total_ios" : 0,
        "lat_ns" : {
          "min" : 0,
          "max" : 0,
          "mean" : 0.000000,
          "stddev" : 0.000000,
          "N" : 0
        }
      },
      "job_runtime" : 7000,
      "usr_cpu" : 21.085714,
      "sys_cpu" : 75.314286,
      "ctx" : 27181,
      "majf" : 0,
      "minf" : 0,
      "iodepth_level" : {
        "1" : 0.000000,
        "2" : 0.000000,
        "4" : 100.000000,
        "8" : 0.000000,
        "16" : 0.000000,
        "32" : 0.000000,
        ">=64" : 0.000000
      },
      "iodepth_submit" : {
        "0" : 0.000000,
        "4" : 100.000000,
        "8" : 0.000000,
        "16" : 0.000000,
        "32" : 0.000000,
        "64" : 0.000000,
        ">=64" : 0.000000
      },
      "iodepth_complete" : {
        "0" : 0.000000,
        "4" : 100.000000,
        "8" : 0.000000,
        "16" : 0.000000,
        "32" : 0.000000,
        "64" : 0.000000,
        ">=64" : 0.000000
      },
      "latency_ns" : {
        "2" : 0.000000,
        "4" : 0.000000,
        "10" : 0.000000,
        "20" : 0.000000,
        "50" : 0.000000,
        "100" : 0.000000,
        "250" : 0.010000,
        "500" : 0.000000,
        "750" : 0.000000,
        "1000" : 0.000000
      },
      "latency_us" : {
        "2" : 0.000000,
        "4" : 0.010000,
        "10" : 96.066900,
        "20" : 2.703181,
        "50" : 1.190040,
        "100" : 0.038025,
        "250" : 0.010000,
        "500" : 0.000000,
        "750" : 0.000000,
        "1000" : 0.000000
      },
      "latency_ms" : {
        "2" : 0.000000,
        "4" : 0.000000,
        "10" : 0.000000,
        "20" : 0.000000,
        "50" : 0.000000,
        "100" : 0.000000,
        "250" : 0.000000,
        "500" : 0.000000,
        "750" : 0.000000,
        "1000" : 0.000000,
        "2000" : 0.000000,
        ">=2000" : 0.000000
      },
      "latency_depth" : 4,
      "latency_target" : 0,
      "latency_percentile" : 100.000000,
      "latency_window" : 0
    }
  ]
}

io_uring-xnvme: (groupid=0, jobs=1): err= 0: pid=9402: Wed Oct 26 15:19:53 2022
  read: IOPS=393k, BW=192MiB/s (201MB/s)(1343MiB/7001msec)
    slat (nsec): min=1402, max=43572, avg=2012.22, stdev=307.98
    clat (nsec): min=131, max=104275, avg=7874.61, stdev=2621.70
     lat (usec): min=5, max=106, avg= 9.89, stdev= 2.59
    clat percentiles (nsec):
     |  1.00th=[ 4448],  5.00th=[ 6304], 10.00th=[ 6880], 20.00th=[ 7200],
     | 30.00th=[ 7456], 40.00th=[ 7520], 50.00th=[ 7520], 60.00th=[ 7584],
     | 70.00th=[ 7648], 80.00th=[ 7904], 90.00th=[ 8256], 95.00th=[ 9280],
     | 99.00th=[20864], 99.50th=[25216], 99.90th=[27008], 99.95th=[33024],
     | 99.99th=[68096]
   bw (  KiB/s): min=195388, max=198951, per=100.00%, avg=196495.07, stdev=1111.16, samples=14
   iops        : min=390776, max=397903, avg=392990.21, stdev=2222.50, samples=14
  lat (nsec)   : 250=0.01%
  lat (usec)   : 4=0.01%, 10=96.07%, 20=2.70%, 50=1.19%, 100=0.04%
  lat (usec)   : 250=0.01%
  cpu          : usr=21.09%, sys=75.31%, ctx=27181, majf=0, minf=0
  IO depths    : 1=0.0%, 2=0.0%, 4=100.0%, 8=0.0%, 16=0.0%, 32=0.0%, >=64=0.0%
     submit    : 0=0.0%, 4=100.0%, 8=0.0%, 16=0.0%, 32=0.0%, 64=0.0%, >=64=0.0%
     complete  : 0=0.0%, 4=100.0%, 8=0.0%, 16=0.0%, 32=0.0%, 64=0.0%, >=64=0.0%
     issued rwts: total=2750833,0,0,0 short=0,0,0,0 dropped=0,0,0,0
     latency   : target=0, window=0, percentile=100.00%, depth=4

Run status group 0 (all jobs):
   READ: bw=192MiB/s (201MB/s), 192MiB/s-192MiB/s (201MB/s-201MB/s), io=1343MiB (1408MB), run=7001-7001msec
