io_uring_cmd-bdev_xnvme: (g=0): rw=randread, bs=(R) 512B-512B, (W) 512B-512B, (T) 512B-512B, ioengine=spdk_bdev, iodepth=8
fio-3.32-dirty
Starting 1 thread
{
  "fio version" : "fio-3.32-dirty",
  "timestamp" : 1666790667,
  "timestamp_ms" : 1666790667990,
  "time" : "Wed Oct 26 15:24:27 2022",
  "jobs" : [
    {
      "jobname" : "io_uring_cmd-bdev_xnvme",
      "groupid" : 0,
      "error" : 0,
      "eta" : 0,
      "elapsed" : 11,
      "job options" : {
        "name" : "io_uring_cmd-bdev_xnvme",
        "rw" : "randread",
        "size" : "12G",
        "iodepth" : "8",
        "bs" : "512",
        "direct" : "0",
        "thread" : "1",
        "time_based" : "1",
        "runtime" : "7",
        "ramp_time" : "3",
        "norandommap" : "1",
        "allow_file_create" : "0",
        "ioengine" : "spdk_bdev",
        "spdk_conf" : "/tmp/spdk_bdev_xnvme_io_uring_cmd.conf",
        "filename" : "Nvme0n1",
        "cpus_allowed" : "1"
      },
      "read" : {
        "io_bytes" : 2123516928,
        "io_kbytes" : 2073747,
        "bw_bytes" : 303316230,
        "bw" : 296207,
        "iops" : 592413.512355,
        "runtime" : 7001,
        "total_ios" : 4147487,
        "short_ios" : 0,
        "drop_ios" : 0,
        "slat_ns" : {
          "min" : 190,
          "max" : 26219,
          "mean" : 278.529163,
          "stddev" : 75.839500,
          "N" : 4147488
        },
        "clat_ns" : {
          "min" : 691,
          "max" : 131106,
          "mean" : 12536.847786,
          "stddev" : 4087.236657,
          "N" : 4147494,
          "percentile" : {
            "1.000000" : 7008,
            "5.000000" : 7904,
            "10.000000" : 8640,
            "20.000000" : 9664,
            "30.000000" : 10688,
            "40.000000" : 11456,
            "50.000000" : 12096,
            "60.000000" : 12608,
            "70.000000" : 13504,
            "80.000000" : 14656,
            "90.000000" : 15936,
            "95.000000" : 17280,
            "99.000000" : 29568,
            "99.500000" : 32128,
            "99.900000" : 43776,
            "99.950000" : 62720,
            "99.990000" : 76288
          }
        },
        "lat_ns" : {
          "min" : 5720,
          "max" : 131396,
          "mean" : 12815.376954,
          "stddev" : 4084.439124,
          "N" : 4147494
        },
        "bw_min" : 295554,
        "bw_max" : 296921,
        "bw_agg" : 100.000000,
        "bw_mean" : 296335.857143,
        "bw_dev" : 340.016483,
        "bw_samples" : 14,
        "iops_min" : 591108,
        "iops_max" : 593843,
        "iops_mean" : 592671.857143,
        "iops_stddev" : 680.086969,
        "iops_samples" : 14
      },
      "write" : {
        "io_bytes" : 0,
        "io_kbytes" : 0,
        "bw_bytes" : 0,
        "bw" : 0,
        "iops" : 0.000000,
        "runtime" : 0,
        "total_ios" : 0,
        "short_ios" : 0,
        "drop_ios" : 0,
        "slat_ns" : {
          "min" : 0,
          "max" : 0,
          "mean" : 0.000000,
          "stddev" : 0.000000,
          "N" : 0
        },
        "clat_ns" : {
          "min" : 0,
          "max" : 0,
          "mean" : 0.000000,
          "stddev" : 0.000000,
          "N" : 0
        },
        "lat_ns" : {
          "min" : 0,
          "max" : 0,
          "mean" : 0.000000,
          "stddev" : 0.000000,
          "N" : 0
        },
        "bw_min" : 0,
        "bw_max" : 0,
        "bw_agg" : 0.000000,
        "bw_mean" : 0.000000,
        "bw_dev" : 0.000000,
        "bw_samples" : 0,
        "iops_min" : 0,
        "iops_max" : 0,
        "iops_mean" : 0.000000,
        "iops_stddev" : 0.000000,
        "iops_samples" : 0
      },
      "trim" : {
        "io_bytes" : 0,
        "io_kbytes" : 0,
        "bw_bytes" : 0,
        "bw" : 0,
        "iops" : 0.000000,
        "runtime" : 0,
        "total_ios" : 0,
        "short_ios" : 0,
        "drop_ios" : 0,
        "slat_ns" : {
          "min" : 0,
          "max" : 0,
          "mean" : 0.000000,
          "stddev" : 0.000000,
          "N" : 0
        },
        "clat_ns" : {
          "min" : 0,
          "max" : 0,
          "mean" : 0.000000,
          "stddev" : 0.000000,
          "N" : 0
        },
        "lat_ns" : {
          "min" : 0,
          "max" : 0,
          "mean" : 0.000000,
          "stddev" : 0.000000,
          "N" : 0
        },
        "bw_min" : 0,
        "bw_max" : 0,
        "bw_agg" : 0.000000,
        "bw_mean" : 0.000000,
        "bw_dev" : 0.000000,
        "bw_samples" : 0,
        "iops_min" : 0,
        "iops_max" : 0,
        "iops_mean" : 0.000000,
        "iops_stddev" : 0.000000,
        "iops_samples" : 0
      },
      "sync" : {
        "total_ios" : 0,
        "lat_ns" : {
          "min" : 0,
          "max" : 0,
          "mean" : 0.000000,
          "stddev" : 0.000000,
          "N" : 0
        }
      },
      "job_runtime" : 7000,
      "usr_cpu" : 99.985714,
      "sys_cpu" : 0.000000,
      "ctx" : 21,
      "majf" : 0,
      "minf" : 0,
      "iodepth_level" : {
        "1" : 0.100000,
        "2" : 0.100000,
        "4" : 35.838135,
        "8" : 64.137537,
        "16" : 0.000000,
        "32" : 0.000000,
        ">=64" : 0.000000
      },
      "iodepth_submit" : {
        "0" : 0.000000,
        "4" : 100.000000,
        "8" : 0.000000,
        "16" : 0.000000,
        "32" : 0.000000,
        "64" : 0.000000,
        ">=64" : 0.000000
      },
      "iodepth_complete" : {
        "0" : 0.000000,
        "4" : 99.802206,
        "8" : 0.197794,
        "16" : 0.000000,
        "32" : 0.000000,
        "64" : 0.000000,
        ">=64" : 0.000000
      },
      "latency_ns" : {
        "2" : 0.000000,
        "4" : 0.000000,
        "10" : 0.000000,
        "20" : 0.000000,
        "50" : 0.000000,
        "100" : 0.000000,
        "250" : 0.000000,
        "500" : 0.000000,
        "750" : 0.010000,
        "1000" : 0.010000
      },
      "latency_us" : {
        "2" : 0.010000,
        "4" : 0.010000,
        "10" : 23.339482,
        "20" : 73.205245,
        "50" : 3.369510,
        "100" : 0.084557,
        "250" : 0.010000,
        "500" : 0.000000,
        "750" : 0.000000,
        "1000" : 0.000000
      },
      "latency_ms" : {
        "2" : 0.000000,
        "4" : 0.000000,
        "10" : 0.000000,
        "20" : 0.000000,
        "50" : 0.000000,
        "100" : 0.000000,
        "250" : 0.000000,
        "500" : 0.000000,
        "750" : 0.000000,
        "1000" : 0.000000,
        "2000" : 0.000000,
        ">=2000" : 0.000000
      },
      "latency_depth" : 8,
      "latency_target" : 0,
      "latency_percentile" : 100.000000,
      "latency_window" : 0
    }
  ]
}

io_uring_cmd-bdev_xnvme: (groupid=0, jobs=1): err= 0: pid=10371: Wed Oct 26 15:24:27 2022
  read: IOPS=592k, BW=289MiB/s (303MB/s)(2025MiB/7001msec)
    slat (nsec): min=190, max=26219, avg=278.53, stdev=75.84
    clat (nsec): min=691, max=131106, avg=12536.85, stdev=4087.24
     lat (usec): min=5, max=131, avg=12.82, stdev= 4.08
    clat percentiles (nsec):
     |  1.00th=[ 7008],  5.00th=[ 7904], 10.00th=[ 8640], 20.00th=[ 9664],
     | 30.00th=[10688], 40.00th=[11456], 50.00th=[12096], 60.00th=[12608],
     | 70.00th=[13504], 80.00th=[14656], 90.00th=[15936], 95.00th=[17280],
     | 99.00th=[29568], 99.50th=[32128], 99.90th=[43776], 99.95th=[62720],
     | 99.99th=[76288]
   bw (  KiB/s): min=295554, max=296921, per=100.00%, avg=296335.86, stdev=340.02, samples=14
   iops        : min=591108, max=593843, avg=592671.86, stdev=680.09, samples=14
  lat (nsec)   : 750=0.01%, 1000=0.01%
  lat (usec)   : 2=0.01%, 4=0.01%, 10=23.34%, 20=73.21%, 50=3.37%
  lat (usec)   : 100=0.08%, 250=0.01%
  cpu          : usr=99.99%, sys=0.00%, ctx=21, majf=0, minf=0
  IO depths    : 1=0.1%, 2=0.1%, 4=35.8%, 8=64.1%, 16=0.0%, 32=0.0%, >=64=0.0%
     submit    : 0=0.0%, 4=100.0%, 8=0.0%, 16=0.0%, 32=0.0%, 64=0.0%, >=64=0.0%
     complete  : 0=0.0%, 4=99.8%, 8=0.2%, 16=0.0%, 32=0.0%, 64=0.0%, >=64=0.0%
     issued rwts: total=4147487,0,0,0 short=0,0,0,0 dropped=0,0,0,0
     latency   : target=0, window=0, percentile=100.00%, depth=8

Run status group 0 (all jobs):
   READ: bw=289MiB/s (303MB/s), 289MiB/s-289MiB/s (303MB/s-303MB/s), io=2025MiB (2124MB), run=7001-7001msec
