libaio-bdev_xnvme: (g=0): rw=randread, bs=(R) 512B-512B, (W) 512B-512B, (T) 512B-512B, ioengine=spdk_bdev, iodepth=8
fio-3.32-dirty
Starting 1 thread
{
  "fio version" : "fio-3.32-dirty",
  "timestamp" : 1666791023,
  "timestamp_ms" : 1666791023513,
  "time" : "Wed Oct 26 15:30:23 2022",
  "jobs" : [
    {
      "jobname" : "libaio-bdev_xnvme",
      "groupid" : 0,
      "error" : 0,
      "eta" : 0,
      "elapsed" : 11,
      "job options" : {
        "name" : "libaio-bdev_xnvme",
        "rw" : "randread",
        "size" : "12G",
        "iodepth" : "8",
        "bs" : "512",
        "direct" : "1",
        "thread" : "1",
        "time_based" : "1",
        "runtime" : "7",
        "ramp_time" : "3",
        "norandommap" : "1",
        "allow_file_create" : "0",
        "ioengine" : "spdk_bdev",
        "spdk_conf" : "/tmp/spdk_bdev_xnvme_libaio.conf",
        "filename" : "Nvme0n1",
        "cpus_allowed" : "1"
      },
      "read" : {
        "io_bytes" : 1576878592,
        "io_kbytes" : 1539920,
        "bw_bytes" : 225236193,
        "bw" : 219957,
        "iops" : 439913.726610,
        "runtime" : 7001,
        "total_ios" : 3079836,
        "short_ios" : 0,
        "drop_ios" : 0,
        "slat_ns" : {
          "min" : 1663,
          "max" : 19526,
          "mean" : 1853.081294,
          "stddev" : 134.461061,
          "N" : 3079837
        },
        "clat_ns" : {
          "min" : 812,
          "max" : 111990,
          "mean" : 11416.888518,
          "stddev" : 4588.974480,
          "N" : 3079841,
          "percentile" : {
            "1.000000" : 4704,
            "5.000000" : 4896,
            "10.000000" : 6624,
            "20.000000" : 6816,
            "30.000000" : 8768,
            "40.000000" : 9152,
            "50.000000" : 11584,
            "60.000000" : 12352,
            "70.000000" : 13888,
            "80.000000" : 15552,
            "90.000000" : 15936,
            "95.000000" : 16512,
            "99.000000" : 26752,
            "99.500000" : 29312,
            "99.900000" : 44288,
            "99.950000" : 60160,
            "99.990000" : 73216
          }
        },
        "lat_ns" : {
          "min" : 5660,
          "max" : 113774,
          "mean" : 13269.969731,
          "stddev" : 4580.597825,
          "N" : 3079841
        },
        "bw_min" : 219083,
        "bw_max" : 221465,
        "bw_agg" : 100.000000,
        "bw_mean" : 219996.928571,
        "bw_dev" : 649.316737,
        "bw_samples" : 14,
        "iops_min" : 438166,
        "iops_max" : 442931,
        "iops_mean" : 439993.928571,
        "iops_stddev" : 1298.760028,
        "iops_samples" : 14
      },
      "write" : {
        "io_bytes" : 0,
        "io_kbytes" : 0,
        "bw_bytes" : 0,
        "bw" : 0,
        "iops" : 0.000000,
        "runtime" : 0,
        "total_ios" : 0,
        "short_ios" : 0,
        "drop_ios" : 0,
        "slat_ns" : {
          "min" : 0,
          "max" : 0,
          "mean" : 0.000000,
          "stddev" : 0.000000,
          "N" : 0
        },
        "clat_ns" : {
          "min" : 0,
          "max" : 0,
          "mean" : 0.000000,
          "stddev" : 0.000000,
          "N" : 0
        },
        "lat_ns" : {
          "min" : 0,
          "max" : 0,
          "mean" : 0.000000,
          "stddev" : 0.000000,
          "N" : 0
        },
        "bw_min" : 0,
        "bw_max" : 0,
        "bw_agg" : 0.000000,
        "bw_mean" : 0.000000,
        "bw_dev" : 0.000000,
        "bw_samples" : 0,
        "iops_min" : 0,
        "iops_max" : 0,
        "iops_mean" : 0.000000,
        "iops_stddev" : 0.000000,
        "iops_samples" : 0
      },
      "trim" : {
        "io_bytes" : 0,
        "io_kbytes" : 0,
        "bw_bytes" : 0,
        "bw" : 0,
        "iops" : 0.000000,
        "runtime" : 0,
        "total_ios" : 0,
        "short_ios" : 0,
        "drop_ios" : 0,
        "slat_ns" : {
          "min" : 0,
          "max" : 0,
          "mean" : 0.000000,
          "stddev" : 0.000000,
          "N" : 0
        },
        "clat_ns" : {
          "min" : 0,
          "max" : 0,
          "mean" : 0.000000,
          "stddev" : 0.000000,
          "N" : 0
        },
        "lat_ns" : {
          "min" : 0,
          "max" : 0,
          "mean" : 0.000000,
          "stddev" : 0.000000,
          "N" : 0
        },
        "bw_min" : 0,
        "bw_max" : 0,
        "bw_agg" : 0.000000,
        "bw_mean" : 0.000000,
        "bw_dev" : 0.000000,
        "bw_samples" : 0,
        "iops_min" : 0,
        "iops_max" : 0,
        "iops_mean" : 0.000000,
        "iops_stddev" : 0.000000,
        "iops_samples" : 0
      },
      "sync" : {
        "total_ios" : 0,
        "lat_ns" : {
          "min" : 0,
          "max" : 0,
          "mean" : 0.000000,
          "stddev" : 0.000000,
          "N" : 0
        }
      },
      "job_runtime" : 7000,
      "usr_cpu" : 37.185714,
      "sys_cpu" : 62.800000,
      "ctx" : 5,
      "majf" : 0,
      "minf" : 0,
      "iodepth_level" : {
        "1" : 0.100000,
        "2" : 6.747048,
        "4" : 73.657980,
        "8" : 19.593803,
        "16" : 0.000000,
        "32" : 0.000000,
        ">=64" : 0.000000
      },
      "iodepth_submit" : {
        "0" : 0.000000,
        "4" : 100.000000,
        "8" : 0.000000,
        "16" : 0.000000,
        "32" : 0.000000,
        "64" : 0.000000,
        ">=64" : 0.000000
      },
      "iodepth_complete" : {
        "0" : 0.000000,
        "4" : 85.015234,
        "8" : 14.984766,
        "16" : 0.000000,
        "32" : 0.000000,
        "64" : 0.000000,
        ">=64" : 0.000000
      },
      "latency_ns" : {
        "2" : 0.000000,
        "4" : 0.000000,
        "10" : 0.000000,
        "20" : 0.000000,
        "50" : 0.000000,
        "100" : 0.000000,
        "250" : 0.000000,
        "500" : 0.000000,
        "750" : 0.000000,
        "1000" : 0.010000
      },
      "latency_us" : {
        "2" : 0.000000,
        "4" : 0.010000,
        "10" : 42.298421,
        "20" : 55.114980,
        "50" : 2.504776,
        "100" : 0.078511,
        "250" : 0.010000,
        "500" : 0.000000,
        "750" : 0.000000,
        "1000" : 0.000000
      },
      "latency_ms" : {
        "2" : 0.000000,
        "4" : 0.000000,
        "10" : 0.000000,
        "20" : 0.000000,
        "50" : 0.000000,
        "100" : 0.000000,
        "250" : 0.000000,
        "500" : 0.000000,
        "750" : 0.000000,
        "1000" : 0.000000,
        "2000" : 0.000000,
        ">=2000" : 0.000000
      },
      "latency_depth" : 8,
      "latency_target" : 0,
      "latency_percentile" : 100.000000,
      "latency_window" : 0
    }
  ]
}

libaio-bdev_xnvme: (groupid=0, jobs=1): err= 0: pid=11545: Wed Oct 26 15:30:23 2022
  read: IOPS=440k, BW=215MiB/s (225MB/s)(1504MiB/7001msec)
    slat (nsec): min=1663, max=19526, avg=1853.08, stdev=134.46
    clat (nsec): min=812, max=111990, avg=11416.89, stdev=4588.97
     lat (usec): min=5, max=113, avg=13.27, stdev= 4.58
    clat percentiles (nsec):
     |  1.00th=[ 4704],  5.00th=[ 4896], 10.00th=[ 6624], 20.00th=[ 6816],
     | 30.00th=[ 8768], 40.00th=[ 9152], 50.00th=[11584], 60.00th=[12352],
     | 70.00th=[13888], 80.00th=[15552], 90.00th=[15936], 95.00th=[16512],
     | 99.00th=[26752], 99.50th=[29312], 99.90th=[44288], 99.95th=[60160],
     | 99.99th=[73216]
   bw (  KiB/s): min=219083, max=221465, per=100.00%, avg=219996.93, stdev=649.32, samples=14
   iops        : min=438166, max=442931, avg=439993.93, stdev=1298.76, samples=14
  lat (nsec)   : 1000=0.01%
  lat (usec)   : 4=0.01%, 10=42.30%, 20=55.11%, 50=2.50%, 100=0.08%
  lat (usec)   : 250=0.01%
  cpu          : usr=37.19%, sys=62.80%, ctx=5, majf=0, minf=0
  IO depths    : 1=0.1%, 2=6.7%, 4=73.7%, 8=19.6%, 16=0.0%, 32=0.0%, >=64=0.0%
     submit    : 0=0.0%, 4=100.0%, 8=0.0%, 16=0.0%, 32=0.0%, 64=0.0%, >=64=0.0%
     complete  : 0=0.0%, 4=85.0%, 8=15.0%, 16=0.0%, 32=0.0%, 64=0.0%, >=64=0.0%
     issued rwts: total=3079836,0,0,0 short=0,0,0,0 dropped=0,0,0,0
     latency   : target=0, window=0, percentile=100.00%, depth=8

Run status group 0 (all jobs):
   READ: bw=215MiB/s (225MB/s), 215MiB/s-215MiB/s (225MB/s-225MB/s), io=1504MiB (1577MB), run=7001-7001msec
