io_uring_cmd-bdev_xnvme: (g=0): rw=randread, bs=(R) 512B-512B, (W) 512B-512B, (T) 512B-512B, ioengine=spdk_bdev, iodepth=1
fio-3.32-dirty
Starting 1 thread
{
  "fio version" : "fio-3.32-dirty",
  "timestamp" : 1666789248,
  "timestamp_ms" : 1666789248165,
  "time" : "Wed Oct 26 15:00:48 2022",
  "jobs" : [
    {
      "jobname" : "io_uring_cmd-bdev_xnvme",
      "groupid" : 0,
      "error" : 0,
      "eta" : 0,
      "elapsed" : 11,
      "job options" : {
        "name" : "io_uring_cmd-bdev_xnvme",
        "rw" : "randread",
        "size" : "12G",
        "iodepth" : "1",
        "bs" : "512",
        "direct" : "0",
        "thread" : "1",
        "time_based" : "1",
        "runtime" : "7",
        "ramp_time" : "3",
        "norandommap" : "1",
        "allow_file_create" : "0",
        "ioengine" : "spdk_bdev",
        "spdk_conf" : "/tmp/spdk_bdev_xnvme_io_uring_cmd.conf",
        "filename" : "Nvme0n1",
        "cpus_allowed" : "1"
      },
      "read" : {
        "io_bytes" : 407997952,
        "io_kbytes" : 398435,
        "bw_bytes" : 58277096,
        "bw" : 56911,
        "iops" : 113822.453935,
        "runtime" : 7001,
        "total_ios" : 796871,
        "short_ios" : 0,
        "drop_ios" : 0,
        "slat_ns" : {
          "min" : 711,
          "max" : 20899,
          "mean" : 921.766521,
          "stddev" : 69.333618,
          "N" : 796871
        },
        "clat_ns" : {
          "min" : 5120,
          "max" : 80270,
          "mean" : 7528.237944,
          "stddev" : 1123.122707,
          "N" : 796871,
          "percentile" : {
            "1.000000" : 6880,
            "5.000000" : 7008,
            "10.000000" : 7072,
            "20.000000" : 7200,
            "30.000000" : 7264,
            "40.000000" : 7328,
            "50.000000" : 7392,
            "60.000000" : 7520,
            "70.000000" : 7584,
            "80.000000" : 7648,
            "90.000000" : 7776,
            "95.000000" : 7904,
            "99.000000" : 11712,
            "99.500000" : 14400,
            "99.900000" : 16512,
            "99.950000" : 17280,
            "99.990000" : 60672
          }
        },
        "lat_ns" : {
          "min" : 7153,
          "max" : 81202,
          "mean" : 8450.004465,
          "stddev" : 1126.519340,
          "N" : 796871
        },
        "bw_min" : 56840,
        "bw_max" : 57028,
        "bw_agg" : 100.000000,
        "bw_mean" : 56925.714286,
        "bw_dev" : 58.529977,
        "bw_samples" : 14,
        "iops_min" : 113680,
        "iops_max" : 114056,
        "iops_mean" : 113851.500000,
        "iops_stddev" : 117.153909,
        "iops_samples" : 14
      },
      "write" : {
        "io_bytes" : 0,
        "io_kbytes" : 0,
        "bw_bytes" : 0,
        "bw" : 0,
        "iops" : 0.000000,
        "runtime" : 0,
        "total_ios" : 0,
        "short_ios" : 0,
        "drop_ios" : 0,
        "slat_ns" : {
          "min" : 0,
          "max" : 0,
          "mean" : 0.000000,
          "stddev" : 0.000000,
          "N" : 0
        },
        "clat_ns" : {
          "min" : 0,
          "max" : 0,
          "mean" : 0.000000,
          "stddev" : 0.000000,
          "N" : 0
        },
        "lat_ns" : {
          "min" : 0,
          "max" : 0,
          "mean" : 0.000000,
          "stddev" : 0.000000,
          "N" : 0
        },
        "bw_min" : 0,
        "bw_max" : 0,
        "bw_agg" : 0.000000,
        "bw_mean" : 0.000000,
        "bw_dev" : 0.000000,
        "bw_samples" : 0,
        "iops_min" : 0,
        "iops_max" : 0,
        "iops_mean" : 0.000000,
        "iops_stddev" : 0.000000,
        "iops_samples" : 0
      },
      "trim" : {
        "io_bytes" : 0,
        "io_kbytes" : 0,
        "bw_bytes" : 0,
        "bw" : 0,
        "iops" : 0.000000,
        "runtime" : 0,
        "total_ios" : 0,
        "short_ios" : 0,
        "drop_ios" : 0,
        "slat_ns" : {
          "min" : 0,
          "max" : 0,
          "mean" : 0.000000,
          "stddev" : 0.000000,
          "N" : 0
        },
        "clat_ns" : {
          "min" : 0,
          "max" : 0,
          "mean" : 0.000000,
          "stddev" : 0.000000,
          "N" : 0
        },
        "lat_ns" : {
          "min" : 0,
          "max" : 0,
          "mean" : 0.000000,
          "stddev" : 0.000000,
          "N" : 0
        },
        "bw_min" : 0,
        "bw_max" : 0,
        "bw_agg" : 0.000000,
        "bw_mean" : 0.000000,
        "bw_dev" : 0.000000,
        "bw_samples" : 0,
        "iops_min" : 0,
        "iops_max" : 0,
        "iops_mean" : 0.000000,
        "iops_stddev" : 0.000000,
        "iops_samples" : 0
      },
      "sync" : {
        "total_ios" : 0,
        "lat_ns" : {
          "min" : 0,
          "max" : 0,
          "mean" : 0.000000,
          "stddev" : 0.000000,
          "N" : 0
        }
      },
      "job_runtime" : 7000,
      "usr_cpu" : 99.985714,
      "sys_cpu" : 0.000000,
      "ctx" : 11,
      "majf" : 0,
      "minf" : 0,
      "iodepth_level" : {
        "1" : 100.000000,
        "2" : 0.000000,
        "4" : 0.000000,
        "8" : 0.000000,
        "16" : 0.000000,
        "32" : 0.000000,
        ">=64" : 0.000000
      },
      "iodepth_submit" : {
        "0" : 0.000000,
        "4" : 100.000000,
        "8" : 0.000000,
        "16" : 0.000000,
        "32" : 0.000000,
        "64" : 0.000000,
        ">=64" : 0.000000
      },
      "iodepth_complete" : {
        "0" : 0.000000,
        "4" : 100.000000,
        "8" : 0.000000,
        "16" : 0.000000,
        "32" : 0.000000,
        "64" : 0.000000,
        ">=64" : 0.000000
      },
      "latency_ns" : {
        "2" : 0.000000,
        "4" : 0.000000,
        "10" : 0.000000,
        "20" : 0.000000,
        "50" : 0.000000,
        "100" : 0.000000,
        "250" : 0.000000,
        "500" : 0.000000,
        "750" : 0.000000,
        "1000" : 0.000000
      },
      "latency_us" : {
        "2" : 0.000000,
        "4" : 0.000000,
        "10" : 98.200336,
        "20" : 1.771805,
        "50" : 0.010000,
        "100" : 0.018322,
        "250" : 0.000000,
        "500" : 0.000000,
        "750" : 0.000000,
        "1000" : 0.000000
      },
      "latency_ms" : {
        "2" : 0.000000,
        "4" : 0.000000,
        "10" : 0.000000,
        "20" : 0.000000,
        "50" : 0.000000,
        "100" : 0.000000,
        "250" : 0.000000,
        "500" : 0.000000,
        "750" : 0.000000,
        "1000" : 0.000000,
        "2000" : 0.000000,
        ">=2000" : 0.000000
      },
      "latency_depth" : 1,
      "latency_target" : 0,
      "latency_percentile" : 100.000000,
      "latency_window" : 0
    }
  ]
}

io_uring_cmd-bdev_xnvme: (groupid=0, jobs=1): err= 0: pid=5285: Wed Oct 26 15:00:48 2022
  read: IOPS=114k, BW=55.6MiB/s (58.3MB/s)(389MiB/7001msec)
    slat (nsec): min=711, max=20899, avg=921.77, stdev=69.33
    clat (nsec): min=5120, max=80270, avg=7528.24, stdev=1123.12
     lat (nsec): min=7153, max=81202, avg=8450.00, stdev=1126.52
    clat percentiles (nsec):
     |  1.00th=[ 6880],  5.00th=[ 7008], 10.00th=[ 7072], 20.00th=[ 7200],
     | 30.00th=[ 7264], 40.00th=[ 7328], 50.00th=[ 7392], 60.00th=[ 7520],
     | 70.00th=[ 7584], 80.00th=[ 7648], 90.00th=[ 7776], 95.00th=[ 7904],
     | 99.00th=[11712], 99.50th=[14400], 99.90th=[16512], 99.95th=[17280],
     | 99.99th=[60672]
   bw (  KiB/s): min=56840, max=57028, per=100.00%, avg=56925.71, stdev=58.53, samples=14
   iops        : min=113680, max=114056, avg=113851.50, stdev=117.15, samples=14
  lat (usec)   : 10=98.20%, 20=1.77%, 50=0.01%, 100=0.02%
  cpu          : usr=99.99%, sys=0.00%, ctx=11, majf=0, minf=0
  IO depths    : 1=100.0%, 2=0.0%, 4=0.0%, 8=0.0%, 16=0.0%, 32=0.0%, >=64=0.0%
     submit    : 0=0.0%, 4=100.0%, 8=0.0%, 16=0.0%, 32=0.0%, 64=0.0%, >=64=0.0%
     complete  : 0=0.0%, 4=100.0%, 8=0.0%, 16=0.0%, 32=0.0%, 64=0.0%, >=64=0.0%
     issued rwts: total=796871,0,0,0 short=0,0,0,0 dropped=0,0,0,0
     latency   : target=0, window=0, percentile=100.00%, depth=1

Run status group 0 (all jobs):
   READ: bw=55.6MiB/s (58.3MB/s), 55.6MiB/s-55.6MiB/s (58.3MB/s-58.3MB/s), io=389MiB (408MB), run=7001-7001msec
