io_uring-reference: (g=0): rw=randread, bs=(R) 512B-512B, (W) 512B-512B, (T) 512B-512B, ioengine=io_uring, iodepth=1
fio-3.32-dirty
Starting 1 thread
{
  "fio version" : "fio-3.32-dirty",
  "timestamp" : 1666789304,
  "timestamp_ms" : 1666789304886,
  "time" : "Wed Oct 26 15:01:44 2022",
  "jobs" : [
    {
      "jobname" : "io_uring-reference",
      "groupid" : 0,
      "error" : 0,
      "eta" : 0,
      "elapsed" : 11,
      "job options" : {
        "name" : "io_uring-reference",
        "rw" : "randread",
        "size" : "12G",
        "iodepth" : "1",
        "bs" : "512",
        "direct" : "1",
        "thread" : "1",
        "time_based" : "1",
        "runtime" : "7",
        "ramp_time" : "3",
        "norandommap" : "1",
        "allow_file_create" : "0",
        "ioengine" : "io_uring",
        "filename" : "/dev/nvme0n1",
        "cpus_allowed" : "1"
      },
      "read" : {
        "io_bytes" : 393098240,
        "io_kbytes" : 383885,
        "bw_bytes" : 56148870,
        "bw" : 54832,
        "iops" : 109665.762034,
        "runtime" : 7001,
        "total_ios" : 767770,
        "short_ios" : 0,
        "drop_ios" : 0,
        "slat_ns" : {
          "min" : 1493,
          "max" : 6332,
          "mean" : 1588.558791,
          "stddev" : 74.080772,
          "N" : 767770
        },
        "clat_ns" : {
          "min" : 2945,
          "max" : 114725,
          "mean" : 7224.469301,
          "stddev" : 999.991459,
          "N" : 767770,
          "percentile" : {
            "1.000000" : 6752,
            "5.000000" : 6944,
            "10.000000" : 6944,
            "20.000000" : 7008,
            "30.000000" : 7008,
            "40.000000" : 7072,
            "50.000000" : 7136,
            "60.000000" : 7136,
            "70.000000" : 7200,
            "80.000000" : 7200,
            "90.000000" : 7328,
            "95.000000" : 7456,
            "99.000000" : 10432,
            "99.500000" : 13632,
            "99.900000" : 15552,
            "99.950000" : 15808,
            "99.990000" : 59136
          }
        },
        "lat_ns" : {
          "min" : 7434,
          "max" : 116268,
          "mean" : 8813.028092,
          "stddev" : 1004.849320,
          "N" : 767770
        },
        "bw_min" : 54684,
        "bw_max" : 55007,
        "bw_agg" : 100.000000,
        "bw_mean" : 54870.642857,
        "bw_dev" : 100.171090,
        "bw_samples" : 14,
        "iops_min" : 109368,
        "iops_max" : 110014,
        "iops_mean" : 109741.500000,
        "iops_stddev" : 200.451701,
        "iops_samples" : 14
      },
      "write" : {
        "io_bytes" : 0,
        "io_kbytes" : 0,
        "bw_bytes" : 0,
        "bw" : 0,
        "iops" : 0.000000,
        "runtime" : 0,
        "total_ios" : 0,
        "short_ios" : 0,
        "drop_ios" : 0,
        "slat_ns" : {
          "min" : 0,
          "max" : 0,
          "mean" : 0.000000,
          "stddev" : 0.000000,
          "N" : 0
        },
        "clat_ns" : {
          "min" : 0,
          "max" : 0,
          "mean" : 0.000000,
          "stddev" : 0.000000,
          "N" : 0
        },
        "lat_ns" : {
          "min" : 0,
          "max" : 0,
          "mean" : 0.000000,
          "stddev" : 0.000000,
          "N" : 0
        },
        "bw_min" : 0,
        "bw_max" : 0,
        "bw_agg" : 0.000000,
        "bw_mean" : 0.000000,
        "bw_dev" : 0.000000,
        "bw_samples" : 0,
        "iops_min" : 0,
        "iops_max" : 0,
        "iops_mean" : 0.000000,
        "iops_stddev" : 0.000000,
        "iops_samples" : 0
      },
      "trim" : {
        "io_bytes" : 0,
        "io_kbytes" : 0,
        "bw_bytes" : 0,
        "bw" : 0,
        "iops" : 0.000000,
        "runtime" : 0,
        "total_ios" : 0,
        "short_ios" : 0,
        "drop_ios" : 0,
        "slat_ns" : {
          "min" : 0,
          "max" : 0,
          "mean" : 0.000000,
          "stddev" : 0.000000,
          "N" : 0
        },
        "clat_ns" : {
          "min" : 0,
          "max" : 0,
          "mean" : 0.000000,
          "stddev" : 0.000000,
          "N" : 0
        },
        "lat_ns" : {
          "min" : 0,
          "max" : 0,
          "mean" : 0.000000,
          "stddev" : 0.000000,
          "N" : 0
        },
        "bw_min" : 0,
        "bw_max" : 0,
        "bw_agg" : 0.000000,
        "bw_mean" : 0.000000,
        "bw_dev" : 0.000000,
        "bw_samples" : 0,
        "iops_min" : 0,
        "iops_max" : 0,
        "iops_mean" : 0.000000,
        "iops_stddev" : 0.000000,
        "iops_samples" : 0
      },
      "sync" : {
        "total_ios" : 0,
        "lat_ns" : {
          "min" : 0,
          "max" : 0,
          "mean" : 0.000000,
          "stddev" : 0.000000,
          "N" : 0
        }
      },
      "job_runtime" : 7000,
      "usr_cpu" : 7.971429,
      "sys_cpu" : 35.742857,
      "ctx" : 767772,
      "majf" : 0,
      "minf" : 0,
      "iodepth_level" : {
        "1" : 100.000000,
        "2" : 0.000000,
        "4" : 0.000000,
        "8" : 0.000000,
        "16" : 0.000000,
        "32" : 0.000000,
        ">=64" : 0.000000
      },
      "iodepth_submit" : {
        "0" : 0.000000,
        "4" : 100.000000,
        "8" : 0.000000,
        "16" : 0.000000,
        "32" : 0.000000,
        "64" : 0.000000,
        ">=64" : 0.000000
      },
      "iodepth_complete" : {
        "0" : 0.000000,
        "4" : 100.000000,
        "8" : 0.000000,
        "16" : 0.000000,
        "32" : 0.000000,
        "64" : 0.000000,
        ">=64" : 0.000000
      },
      "latency_ns" : {
        "2" : 0.000000,
        "4" : 0.000000,
        "10" : 0.000000,
        "20" : 0.000000,
        "50" : 0.000000,
        "100" : 0.000000,
        "250" : 0.000000,
        "500" : 0.000000,
        "750" : 0.000000,
        "1000" : 0.000000
      },
      "latency_us" : {
        "2" : 0.000000,
        "4" : 0.010000,
        "10" : 98.707556,
        "20" : 1.272517,
        "50" : 0.010000,
        "100" : 0.014588,
        "250" : 0.010000,
        "500" : 0.000000,
        "750" : 0.000000,
        "1000" : 0.000000
      },
      "latency_ms" : {
        "2" : 0.000000,
        "4" : 0.000000,
        "10" : 0.000000,
        "20" : 0.000000,
        "50" : 0.000000,
        "100" : 0.000000,
        "250" : 0.000000,
        "500" : 0.000000,
        "750" : 0.000000,
        "1000" : 0.000000,
        "2000" : 0.000000,
        ">=2000" : 0.000000
      },
      "latency_depth" : 1,
      "latency_target" : 0,
      "latency_percentile" : 100.000000,
      "latency_window" : 0
    }
  ],
  "disk_util" : [
    {
      "name" : "nvme0n1",
      "read_ios" : 1100470,
      "write_ios" : 0,
      "read_merges" : 0,
      "write_merges" : 0,
      "read_ticks" : 5516,
      "write_ticks" : 0,
      "in_queue" : 5516,
      "util" : 99.108381
    }
  ]
}

io_uring-reference: (groupid=0, jobs=1): err= 0: pid=5483: Wed Oct 26 15:01:44 2022
  read: IOPS=110k, BW=53.5MiB/s (56.1MB/s)(375MiB/7001msec)
    slat (nsec): min=1493, max=6332, avg=1588.56, stdev=74.08
    clat (nsec): min=2945, max=114725, avg=7224.47, stdev=999.99
     lat (usec): min=7, max=116, avg= 8.81, stdev= 1.00
    clat percentiles (nsec):
     |  1.00th=[ 6752],  5.00th=[ 6944], 10.00th=[ 6944], 20.00th=[ 7008],
     | 30.00th=[ 7008], 40.00th=[ 7072], 50.00th=[ 7136], 60.00th=[ 7136],
     | 70.00th=[ 7200], 80.00th=[ 7200], 90.00th=[ 7328], 95.00th=[ 7456],
     | 99.00th=[10432], 99.50th=[13632], 99.90th=[15552], 99.95th=[15808],
     | 99.99th=[59136]
   bw (  KiB/s): min=54684, max=55007, per=100.00%, avg=54870.64, stdev=100.17, samples=14
   iops        : min=109368, max=110014, avg=109741.50, stdev=200.45, samples=14
  lat (usec)   : 4=0.01%, 10=98.71%, 20=1.27%, 50=0.01%, 100=0.01%
  lat (usec)   : 250=0.01%
  cpu          : usr=7.97%, sys=35.74%, ctx=767772, majf=0, minf=0
  IO depths    : 1=100.0%, 2=0.0%, 4=0.0%, 8=0.0%, 16=0.0%, 32=0.0%, >=64=0.0%
     submit    : 0=0.0%, 4=100.0%, 8=0.0%, 16=0.0%, 32=0.0%, 64=0.0%, >=64=0.0%
     complete  : 0=0.0%, 4=100.0%, 8=0.0%, 16=0.0%, 32=0.0%, 64=0.0%, >=64=0.0%
     issued rwts: total=767770,0,0,0 short=0,0,0,0 dropped=0,0,0,0
     latency   : target=0, window=0, percentile=100.00%, depth=1

Run status group 0 (all jobs):
   READ: bw=53.5MiB/s (56.1MB/s), 53.5MiB/s-53.5MiB/s (56.1MB/s-56.1MB/s), io=375MiB (393MB), run=7001-7001msec

Disk stats (read/write):
  nvme0n1: ios=1100470/0, merge=0/0, ticks=5516/0, in_queue=5516, util=99.11%
