io_uring_cmd-reference: (g=0): rw=randread, bs=(R) 512B-512B, (W) 512B-512B, (T) 512B-512B, ioengine=io_uring_cmd, iodepth=8
fio-3.32-dirty
Starting 1 thread
{
  "fio version" : "fio-3.32-dirty",
  "timestamp" : 1666790611,
  "timestamp_ms" : 1666790611370,
  "time" : "Wed Oct 26 15:23:31 2022",
  "jobs" : [
    {
      "jobname" : "io_uring_cmd-reference",
      "groupid" : 0,
      "error" : 0,
      "eta" : 0,
      "elapsed" : 11,
      "job options" : {
        "name" : "io_uring_cmd-reference",
        "rw" : "randread",
        "size" : "12G",
        "iodepth" : "8",
        "bs" : "512",
        "direct" : "0",
        "thread" : "1",
        "time_based" : "1",
        "runtime" : "7",
        "ramp_time" : "3",
        "norandommap" : "1",
        "allow_file_create" : "0",
        "ioengine" : "io_uring_cmd",
        "filename" : "/dev/ng0n1",
        "cpus_allowed" : "1"
      },
      "read" : {
        "io_bytes" : 1604506112,
        "io_kbytes" : 1566900,
        "bw_bytes" : 229182418,
        "bw" : 223810,
        "iops" : 447620.768462,
        "runtime" : 7001,
        "total_ios" : 3133793,
        "short_ios" : 0,
        "drop_ios" : 0,
        "slat_ns" : {
          "min" : 1162,
          "max" : 23243,
          "mean" : 1790.342289,
          "stddev" : 400.121691,
          "N" : 3133794
        },
        "clat_ns" : {
          "min" : 1874,
          "max" : 130384,
          "mean" : 15806.641568,
          "stddev" : 3805.133567,
          "N" : 3133800,
          "percentile" : {
            "1.000000" : 12096,
            "5.000000" : 12736,
            "10.000000" : 13248,
            "20.000000" : 14400,
            "30.000000" : 14784,
            "40.000000" : 15040,
            "50.000000" : 15168,
            "60.000000" : 15552,
            "70.000000" : 15808,
            "80.000000" : 16512,
            "90.000000" : 17280,
            "95.000000" : 18048,
            "99.000000" : 36608,
            "99.500000" : 38656,
            "99.900000" : 48384,
            "99.950000" : 64256,
            "99.990000" : 79360
          }
        },
        "lat_ns" : {
          "min" : 6532,
          "max" : 131657,
          "mean" : 17596.983862,
          "stddev" : 3768.535898,
          "N" : 3133800
        },
        "bw_min" : 222819,
        "bw_max" : 225676,
        "bw_agg" : 100.000000,
        "bw_mean" : 223915.384615,
        "bw_dev" : 891.737867,
        "bw_samples" : 13,
        "iops_min" : 445638,
        "iops_max" : 451352,
        "iops_mean" : 447830.846154,
        "iops_stddev" : 1783.386285,
        "iops_samples" : 13
      },
      "write" : {
        "io_bytes" : 0,
        "io_kbytes" : 0,
        "bw_bytes" : 0,
        "bw" : 0,
        "iops" : 0.000000,
        "runtime" : 0,
        "total_ios" : 0,
        "short_ios" : 0,
        "drop_ios" : 0,
        "slat_ns" : {
          "min" : 0,
          "max" : 0,
          "mean" : 0.000000,
          "stddev" : 0.000000,
          "N" : 0
        },
        "clat_ns" : {
          "min" : 0,
          "max" : 0,
          "mean" : 0.000000,
          "stddev" : 0.000000,
          "N" : 0
        },
        "lat_ns" : {
          "min" : 0,
          "max" : 0,
          "mean" : 0.000000,
          "stddev" : 0.000000,
          "N" : 0
        },
        "bw_min" : 0,
        "bw_max" : 0,
        "bw_agg" : 0.000000,
        "bw_mean" : 0.000000,
        "bw_dev" : 0.000000,
        "bw_samples" : 0,
        "iops_min" : 0,
        "iops_max" : 0,
        "iops_mean" : 0.000000,
        "iops_stddev" : 0.000000,
        "iops_samples" : 0
      },
      "trim" : {
        "io_bytes" : 0,
        "io_kbytes" : 0,
        "bw_bytes" : 0,
        "bw" : 0,
        "iops" : 0.000000,
        "runtime" : 0,
        "total_ios" : 0,
        "short_ios" : 0,
        "drop_ios" : 0,
        "slat_ns" : {
          "min" : 0,
          "max" : 0,
          "mean" : 0.000000,
          "stddev" : 0.000000,
          "N" : 0
        },
        "clat_ns" : {
          "min" : 0,
          "max" : 0,
          "mean" : 0.000000,
          "stddev" : 0.000000,
          "N" : 0
        },
        "lat_ns" : {
          "min" : 0,
          "max" : 0,
          "mean" : 0.000000,
          "stddev" : 0.000000,
          "N" : 0
        },
        "bw_min" : 0,
        "bw_max" : 0,
        "bw_agg" : 0.000000,
        "bw_mean" : 0.000000,
        "bw_dev" : 0.000000,
        "bw_samples" : 0,
        "iops_min" : 0,
        "iops_max" : 0,
        "iops_mean" : 0.000000,
        "iops_stddev" : 0.000000,
        "iops_samples" : 0
      },
      "sync" : {
        "total_ios" : 0,
        "lat_ns" : {
          "min" : 0,
          "max" : 0,
          "mean" : 0.000000,
          "stddev" : 0.000000,
          "N" : 0
        }
      },
      "job_runtime" : 7000,
      "usr_cpu" : 17.214286,
      "sys_cpu" : 79.585714,
      "ctx" : 14974,
      "majf" : 0,
      "minf" : 0,
      "iodepth_level" : {
        "1" : 0.000000,
        "2" : 0.000000,
        "4" : 0.000000,
        "8" : 100.000000,
        "16" : 0.000000,
        "32" : 0.000000,
        ">=64" : 0.000000
      },
      "iodepth_submit" : {
        "0" : 0.000000,
        "4" : 100.000000,
        "8" : 0.000000,
        "16" : 0.000000,
        "32" : 0.000000,
        "64" : 0.000000,
        ">=64" : 0.000000
      },
      "iodepth_complete" : {
        "0" : 0.000000,
        "4" : 99.999968,
        "8" : 0.100000,
        "16" : 0.000000,
        "32" : 0.000000,
        "64" : 0.000000,
        ">=64" : 0.000000
      },
      "latency_ns" : {
        "2" : 0.000000,
        "4" : 0.000000,
        "10" : 0.000000,
        "20" : 0.000000,
        "50" : 0.000000,
        "100" : 0.000000,
        "250" : 0.000000,
        "500" : 0.000000,
        "750" : 0.000000,
        "1000" : 0.000000
      },
      "latency_us" : {
        "2" : 0.010000,
        "4" : 0.000000,
        "10" : 0.049142,
        "20" : 96.312360,
        "50" : 3.546022,
        "100" : 0.092412,
        "250" : 0.010000,
        "500" : 0.000000,
        "750" : 0.000000,
        "1000" : 0.000000
      },
      "latency_ms" : {
        "2" : 0.000000,
        "4" : 0.000000,
        "10" : 0.000000,
        "20" : 0.000000,
        "50" : 0.000000,
        "100" : 0.000000,
        "250" : 0.000000,
        "500" : 0.000000,
        "750" : 0.000000,
        "1000" : 0.000000,
        "2000" : 0.000000,
        ">=2000" : 0.000000
      },
      "latency_depth" : 8,
      "latency_target" : 0,
      "latency_percentile" : 100.000000,
      "latency_window" : 0
    }
  ]
}

io_uring_cmd-reference: (groupid=0, jobs=1): err= 0: pid=10175: Wed Oct 26 15:23:31 2022
  read: IOPS=448k, BW=219MiB/s (229MB/s)(1530MiB/7001msec)
    slat (nsec): min=1162, max=23243, avg=1790.34, stdev=400.12
    clat (nsec): min=1874, max=130384, avg=15806.64, stdev=3805.13
     lat (usec): min=6, max=131, avg=17.60, stdev= 3.77
    clat percentiles (nsec):
     |  1.00th=[12096],  5.00th=[12736], 10.00th=[13248], 20.00th=[14400],
     | 30.00th=[14784], 40.00th=[15040], 50.00th=[15168], 60.00th=[15552],
     | 70.00th=[15808], 80.00th=[16512], 90.00th=[17280], 95.00th=[18048],
     | 99.00th=[36608], 99.50th=[38656], 99.90th=[48384], 99.95th=[64256],
     | 99.99th=[79360]
   bw (  KiB/s): min=222819, max=225676, per=100.00%, avg=223915.38, stdev=891.74, samples=13
   iops        : min=445638, max=451352, avg=447830.85, stdev=1783.39, samples=13
  lat (usec)   : 2=0.01%, 10=0.05%, 20=96.31%, 50=3.55%, 100=0.09%
  lat (usec)   : 250=0.01%
  cpu          : usr=17.21%, sys=79.59%, ctx=14974, majf=0, minf=0
  IO depths    : 1=0.0%, 2=0.0%, 4=0.0%, 8=100.0%, 16=0.0%, 32=0.0%, >=64=0.0%
     submit    : 0=0.0%, 4=100.0%, 8=0.0%, 16=0.0%, 32=0.0%, 64=0.0%, >=64=0.0%
     complete  : 0=0.0%, 4=100.0%, 8=0.1%, 16=0.0%, 32=0.0%, 64=0.0%, >=64=0.0%
     issued rwts: total=3133793,0,0,0 short=0,0,0,0 dropped=0,0,0,0
     latency   : target=0, window=0, percentile=100.00%, depth=8

Run status group 0 (all jobs):
   READ: bw=219MiB/s (229MB/s), 219MiB/s-219MiB/s (229MB/s-229MB/s), io=1530MiB (1605MB), run=7001-7001msec
