io_uring-bdev_xnvme: (g=0): rw=randread, bs=(R) 512B-512B, (W) 512B-512B, (T) 512B-512B, ioengine=spdk_bdev, iodepth=1
fio-3.32-dirty
Starting 1 thread
{
  "fio version" : "fio-3.32-dirty",
  "timestamp" : 1666789382,
  "timestamp_ms" : 1666789382237,
  "time" : "Wed Oct 26 15:03:02 2022",
  "jobs" : [
    {
      "jobname" : "io_uring-bdev_xnvme",
      "groupid" : 0,
      "error" : 0,
      "eta" : 0,
      "elapsed" : 11,
      "job options" : {
        "name" : "io_uring-bdev_xnvme",
        "rw" : "randread",
        "size" : "12G",
        "iodepth" : "1",
        "bs" : "512",
        "direct" : "1",
        "thread" : "1",
        "time_based" : "1",
        "runtime" : "7",
        "ramp_time" : "3",
        "norandommap" : "1",
        "allow_file_create" : "0",
        "ioengine" : "spdk_bdev",
        "spdk_conf" : "/tmp/spdk_bdev_xnvme_io_uring.conf",
        "filename" : "Nvme0n1",
        "cpus_allowed" : "1"
      },
      "read" : {
        "io_bytes" : 552491520,
        "io_kbytes" : 539542,
        "bw_bytes" : 78916086,
        "bw" : 77066,
        "iops" : 154132.981003,
        "runtime" : 7001,
        "total_ios" : 1079085,
        "short_ios" : 0,
        "drop_ios" : 0,
        "slat_ns" : {
          "min" : 1643,
          "max" : 21780,
          "mean" : 1806.536104,
          "stddev" : 149.212612,
          "N" : 1079085
        },
        "clat_ns" : {
          "min" : 260,
          "max" : 101110,
          "mean" : 4453.978682,
          "stddev" : 1094.494781,
          "N" : 1079085,
          "percentile" : {
            "1.000000" : 4016,
            "5.000000" : 4192,
            "10.000000" : 4256,
            "20.000000" : 4256,
            "30.000000" : 4256,
            "40.000000" : 4320,
            "50.000000" : 4320,
            "60.000000" : 4320,
            "70.000000" : 4384,
            "80.000000" : 4384,
            "90.000000" : 4448,
            "95.000000" : 4576,
            "99.000000" : 9664,
            "99.500000" : 10688,
            "99.900000" : 15296,
            "99.950000" : 15552,
            "99.990000" : 57088
          }
        },
        "lat_ns" : {
          "min" : 5510,
          "max" : 102933,
          "mean" : 6260.514786,
          "stddev" : 1106.115216,
          "N" : 1079085
        },
        "bw_min" : 76941,
        "bw_max" : 77411,
        "bw_agg" : 100.000000,
        "bw_mean" : 77108.928571,
        "bw_dev" : 145.888506,
        "bw_samples" : 14,
        "iops_min" : 153883,
        "iops_max" : 154822,
        "iops_mean" : 154218.000000,
        "iops_stddev" : 291.839524,
        "iops_samples" : 14
      },
      "write" : {
        "io_bytes" : 0,
        "io_kbytes" : 0,
        "bw_bytes" : 0,
        "bw" : 0,
        "iops" : 0.000000,
        "runtime" : 0,
        "total_ios" : 0,
        "short_ios" : 0,
        "drop_ios" : 0,
        "slat_ns" : {
          "min" : 0,
          "max" : 0,
          "mean" : 0.000000,
          "stddev" : 0.000000,
          "N" : 0
        },
        "clat_ns" : {
          "min" : 0,
          "max" : 0,
          "mean" : 0.000000,
          "stddev" : 0.000000,
          "N" : 0
        },
        "lat_ns" : {
          "min" : 0,
          "max" : 0,
          "mean" : 0.000000,
          "stddev" : 0.000000,
          "N" : 0
        },
        "bw_min" : 0,
        "bw_max" : 0,
        "bw_agg" : 0.000000,
        "bw_mean" : 0.000000,
        "bw_dev" : 0.000000,
        "bw_samples" : 0,
        "iops_min" : 0,
        "iops_max" : 0,
        "iops_mean" : 0.000000,
        "iops_stddev" : 0.000000,
        "iops_samples" : 0
      },
      "trim" : {
        "io_bytes" : 0,
        "io_kbytes" : 0,
        "bw_bytes" : 0,
        "bw" : 0,
        "iops" : 0.000000,
        "runtime" : 0,
        "total_ios" : 0,
        "short_ios" : 0,
        "drop_ios" : 0,
        "slat_ns" : {
          "min" : 0,
          "max" : 0,
          "mean" : 0.000000,
          "stddev" : 0.000000,
          "N" : 0
        },
        "clat_ns" : {
          "min" : 0,
          "max" : 0,
          "mean" : 0.000000,
          "stddev" : 0.000000,
          "N" : 0
        },
        "lat_ns" : {
          "min" : 0,
          "max" : 0,
          "mean" : 0.000000,
          "stddev" : 0.000000,
          "N" : 0
        },
        "bw_min" : 0,
        "bw_max" : 0,
        "bw_agg" : 0.000000,
        "bw_mean" : 0.000000,
        "bw_dev" : 0.000000,
        "bw_samples" : 0,
        "iops_min" : 0,
        "iops_max" : 0,
        "iops_mean" : 0.000000,
        "iops_stddev" : 0.000000,
        "iops_samples" : 0
      },
      "sync" : {
        "total_ios" : 0,
        "lat_ns" : {
          "min" : 0,
          "max" : 0,
          "mean" : 0.000000,
          "stddev" : 0.000000,
          "N" : 0
        }
      },
      "job_runtime" : 7000,
      "usr_cpu" : 17.014286,
      "sys_cpu" : 82.971429,
      "ctx" : 10,
      "majf" : 0,
      "minf" : 0,
      "iodepth_level" : {
        "1" : 100.000000,
        "2" : 0.000000,
        "4" : 0.000000,
        "8" : 0.000000,
        "16" : 0.000000,
        "32" : 0.000000,
        ">=64" : 0.000000
      },
      "iodepth_submit" : {
        "0" : 0.000000,
        "4" : 100.000000,
        "8" : 0.000000,
        "16" : 0.000000,
        "32" : 0.000000,
        "64" : 0.000000,
        ">=64" : 0.000000
      },
      "iodepth_complete" : {
        "0" : 0.000000,
        "4" : 100.000000,
        "8" : 0.000000,
        "16" : 0.000000,
        "32" : 0.000000,
        "64" : 0.000000,
        ">=64" : 0.000000
      },
      "latency_ns" : {
        "2" : 0.000000,
        "4" : 0.000000,
        "10" : 0.000000,
        "20" : 0.000000,
        "50" : 0.000000,
        "100" : 0.000000,
        "250" : 0.000000,
        "500" : 0.010000,
        "750" : 0.010000,
        "1000" : 0.010000
      },
      "latency_us" : {
        "2" : 0.010000,
        "4" : 0.922634,
        "10" : 98.195230,
        "20" : 0.862768,
        "50" : 0.010000,
        "100" : 0.012140,
        "250" : 0.010000,
        "500" : 0.000000,
        "750" : 0.000000,
        "1000" : 0.000000
      },
      "latency_ms" : {
        "2" : 0.000000,
        "4" : 0.000000,
        "10" : 0.000000,
        "20" : 0.000000,
        "50" : 0.000000,
        "100" : 0.000000,
        "250" : 0.000000,
        "500" : 0.000000,
        "750" : 0.000000,
        "1000" : 0.000000,
        "2000" : 0.000000,
        ">=2000" : 0.000000
      },
      "latency_depth" : 1,
      "latency_target" : 0,
      "latency_percentile" : 100.000000,
      "latency_window" : 0
    }
  ]
}

io_uring-bdev_xnvme: (groupid=0, jobs=1): err= 0: pid=5770: Wed Oct 26 15:03:02 2022
  read: IOPS=154k, BW=75.3MiB/s (78.9MB/s)(527MiB/7001msec)
    slat (nsec): min=1643, max=21780, avg=1806.54, stdev=149.21
    clat (nsec): min=260, max=101110, avg=4453.98, stdev=1094.49
     lat (usec): min=5, max=102, avg= 6.26, stdev= 1.11
    clat percentiles (nsec):
     |  1.00th=[ 4016],  5.00th=[ 4192], 10.00th=[ 4256], 20.00th=[ 4256],
     | 30.00th=[ 4256], 40.00th=[ 4320], 50.00th=[ 4320], 60.00th=[ 4320],
     | 70.00th=[ 4384], 80.00th=[ 4384], 90.00th=[ 4448], 95.00th=[ 4576],
     | 99.00th=[ 9664], 99.50th=[10688], 99.90th=[15296], 99.95th=[15552],
     | 99.99th=[57088]
   bw (  KiB/s): min=76941, max=77411, per=100.00%, avg=77108.93, stdev=145.89, samples=14
   iops        : min=153883, max=154822, avg=154218.00, stdev=291.84, samples=14
  lat (nsec)   : 500=0.01%, 750=0.01%, 1000=0.01%
  lat (usec)   : 2=0.01%, 4=0.92%, 10=98.20%, 20=0.86%, 50=0.01%
  lat (usec)   : 100=0.01%, 250=0.01%
  cpu          : usr=17.01%, sys=82.97%, ctx=10, majf=0, minf=0
  IO depths    : 1=100.0%, 2=0.0%, 4=0.0%, 8=0.0%, 16=0.0%, 32=0.0%, >=64=0.0%
     submit    : 0=0.0%, 4=100.0%, 8=0.0%, 16=0.0%, 32=0.0%, 64=0.0%, >=64=0.0%
     complete  : 0=0.0%, 4=100.0%, 8=0.0%, 16=0.0%, 32=0.0%, 64=0.0%, >=64=0.0%
     issued rwts: total=1079085,0,0,0 short=0,0,0,0 dropped=0,0,0,0
     latency   : target=0, window=0, percentile=100.00%, depth=1

Run status group 0 (all jobs):
   READ: bw=75.3MiB/s (78.9MB/s), 75.3MiB/s-75.3MiB/s (78.9MB/s-78.9MB/s), io=527MiB (552MB), run=7001-7001msec
