io_uring-bdev_xnvme: (g=0): rw=randread, bs=(R) 512B-512B, (W) 512B-512B, (T) 512B-512B, ioengine=spdk_bdev, iodepth=2
fio-3.32-dirty
Starting 1 thread
{
  "fio version" : "fio-3.32-dirty",
  "timestamp" : 1666789860,
  "timestamp_ms" : 1666789860552,
  "time" : "Wed Oct 26 15:11:00 2022",
  "jobs" : [
    {
      "jobname" : "io_uring-bdev_xnvme",
      "groupid" : 0,
      "error" : 0,
      "eta" : 0,
      "elapsed" : 11,
      "job options" : {
        "name" : "io_uring-bdev_xnvme",
        "rw" : "randread",
        "size" : "12G",
        "iodepth" : "2",
        "bs" : "512",
        "direct" : "1",
        "thread" : "1",
        "time_based" : "1",
        "runtime" : "7",
        "ramp_time" : "3",
        "norandommap" : "1",
        "allow_file_create" : "0",
        "ioengine" : "spdk_bdev",
        "spdk_conf" : "/tmp/spdk_bdev_xnvme_io_uring.conf",
        "filename" : "Nvme0n1",
        "cpus_allowed" : "1"
      },
      "read" : {
        "io_bytes" : 1074551808,
        "io_kbytes" : 1049367,
        "bw_bytes" : 153485474,
        "bw" : 149888,
        "iops" : 299776.174832,
        "runtime" : 7001,
        "total_ios" : 2098733,
        "short_ios" : 0,
        "drop_ios" : 0,
        "slat_ns" : {
          "min" : 1673,
          "max" : 23223,
          "mean" : 1867.469730,
          "stddev" : 122.869433,
          "N" : 2098733
        },
        "clat_ns" : {
          "min" : 230,
          "max" : 115426,
          "mean" : 4579.960121,
          "stddev" : 1762.455468,
          "N" : 2098734,
          "percentile" : {
            "1.000000" : 3888,
            "5.000000" : 4128,
            "10.000000" : 4192,
            "20.000000" : 4256,
            "30.000000" : 4256,
            "40.000000" : 4320,
            "50.000000" : 4320,
            "60.000000" : 4384,
            "70.000000" : 4384,
            "80.000000" : 4448,
            "90.000000" : 4512,
            "95.000000" : 4640,
            "99.000000" : 12608,
            "99.500000" : 17536,
            "99.900000" : 21888,
            "99.950000" : 22400,
            "99.990000" : 61184
          }
        },
        "lat_ns" : {
          "min" : 5070,
          "max" : 117269,
          "mean" : 6447.429815,
          "stddev" : 1765.832177,
          "N" : 2098734
        },
        "bw_min" : 149368,
        "bw_max" : 150878,
        "bw_agg" : 100.000000,
        "bw_mean" : 149916.857143,
        "bw_dev" : 485.029080,
        "bw_samples" : 14,
        "iops_min" : 298736,
        "iops_max" : 301757,
        "iops_mean" : 299833.785714,
        "iops_stddev" : 970.210618,
        "iops_samples" : 14
      },
      "write" : {
        "io_bytes" : 0,
        "io_kbytes" : 0,
        "bw_bytes" : 0,
        "bw" : 0,
        "iops" : 0.000000,
        "runtime" : 0,
        "total_ios" : 0,
        "short_ios" : 0,
        "drop_ios" : 0,
        "slat_ns" : {
          "min" : 0,
          "max" : 0,
          "mean" : 0.000000,
          "stddev" : 0.000000,
          "N" : 0
        },
        "clat_ns" : {
          "min" : 0,
          "max" : 0,
          "mean" : 0.000000,
          "stddev" : 0.000000,
          "N" : 0
        },
        "lat_ns" : {
          "min" : 0,
          "max" : 0,
          "mean" : 0.000000,
          "stddev" : 0.000000,
          "N" : 0
        },
        "bw_min" : 0,
        "bw_max" : 0,
        "bw_agg" : 0.000000,
        "bw_mean" : 0.000000,
        "bw_dev" : 0.000000,
        "bw_samples" : 0,
        "iops_min" : 0,
        "iops_max" : 0,
        "iops_mean" : 0.000000,
        "iops_stddev" : 0.000000,
        "iops_samples" : 0
      },
      "trim" : {
        "io_bytes" : 0,
        "io_kbytes" : 0,
        "bw_bytes" : 0,
        "bw" : 0,
        "iops" : 0.000000,
        "runtime" : 0,
        "total_ios" : 0,
        "short_ios" : 0,
        "drop_ios" : 0,
        "slat_ns" : {
          "min" : 0,
          "max" : 0,
          "mean" : 0.000000,
          "stddev" : 0.000000,
          "N" : 0
        },
        "clat_ns" : {
          "min" : 0,
          "max" : 0,
          "mean" : 0.000000,
          "stddev" : 0.000000,
          "N" : 0
        },
        "lat_ns" : {
          "min" : 0,
          "max" : 0,
          "mean" : 0.000000,
          "stddev" : 0.000000,
          "N" : 0
        },
        "bw_min" : 0,
        "bw_max" : 0,
        "bw_agg" : 0.000000,
        "bw_mean" : 0.000000,
        "bw_dev" : 0.000000,
        "bw_samples" : 0,
        "iops_min" : 0,
        "iops_max" : 0,
        "iops_mean" : 0.000000,
        "iops_stddev" : 0.000000,
        "iops_samples" : 0
      },
      "sync" : {
        "total_ios" : 0,
        "lat_ns" : {
          "min" : 0,
          "max" : 0,
          "mean" : 0.000000,
          "stddev" : 0.000000,
          "N" : 0
        }
      },
      "job_runtime" : 7000,
      "usr_cpu" : 28.900000,
      "sys_cpu" : 71.085714,
      "ctx" : 9,
      "majf" : 0,
      "minf" : 0,
      "iodepth_level" : {
        "1" : 0.000000,
        "2" : 100.000000,
        "4" : 0.000000,
        "8" : 0.000000,
        "16" : 0.000000,
        "32" : 0.000000,
        ">=64" : 0.000000
      },
      "iodepth_submit" : {
        "0" : 0.000000,
        "4" : 100.000000,
        "8" : 0.000000,
        "16" : 0.000000,
        "32" : 0.000000,
        "64" : 0.000000,
        ">=64" : 0.000000
      },
      "iodepth_complete" : {
        "0" : 0.000000,
        "4" : 100.000000,
        "8" : 0.000000,
        "16" : 0.000000,
        "32" : 0.000000,
        "64" : 0.000000,
        ">=64" : 0.000000
      },
      "latency_ns" : {
        "2" : 0.000000,
        "4" : 0.000000,
        "10" : 0.000000,
        "20" : 0.000000,
        "50" : 0.000000,
        "100" : 0.000000,
        "250" : 0.010000,
        "500" : 0.010000,
        "750" : 0.000000,
        "1000" : 0.010000
      },
      "latency_us" : {
        "2" : 0.010000,
        "4" : 3.019584,
        "10" : 94.994837,
        "20" : 1.723421,
        "50" : 0.241717,
        "100" : 0.019631,
        "250" : 0.010000,
        "500" : 0.000000,
        "750" : 0.000000,
        "1000" : 0.000000
      },
      "latency_ms" : {
        "2" : 0.000000,
        "4" : 0.000000,
        "10" : 0.000000,
        "20" : 0.000000,
        "50" : 0.000000,
        "100" : 0.000000,
        "250" : 0.000000,
        "500" : 0.000000,
        "750" : 0.000000,
        "1000" : 0.000000,
        "2000" : 0.000000,
        ">=2000" : 0.000000
      },
      "latency_depth" : 2,
      "latency_target" : 0,
      "latency_percentile" : 100.000000,
      "latency_window" : 0
    }
  ]
}

io_uring-bdev_xnvme: (groupid=0, jobs=1): err= 0: pid=7482: Wed Oct 26 15:11:00 2022
  read: IOPS=300k, BW=146MiB/s (153MB/s)(1025MiB/7001msec)
    slat (nsec): min=1673, max=23223, avg=1867.47, stdev=122.87
    clat (nsec): min=230, max=115426, avg=4579.96, stdev=1762.46
     lat (usec): min=5, max=117, avg= 6.45, stdev= 1.77
    clat percentiles (nsec):
     |  1.00th=[ 3888],  5.00th=[ 4128], 10.00th=[ 4192], 20.00th=[ 4256],
     | 30.00th=[ 4256], 40.00th=[ 4320], 50.00th=[ 4320], 60.00th=[ 4384],
     | 70.00th=[ 4384], 80.00th=[ 4448], 90.00th=[ 4512], 95.00th=[ 4640],
     | 99.00th=[12608], 99.50th=[17536], 99.90th=[21888], 99.95th=[22400],
     | 99.99th=[61184]
   bw (  KiB/s): min=149368, max=150878, per=100.00%, avg=149916.86, stdev=485.03, samples=14
   iops        : min=298736, max=301757, avg=299833.79, stdev=970.21, samples=14
  lat (nsec)   : 250=0.01%, 500=0.01%, 1000=0.01%
  lat (usec)   : 2=0.01%, 4=3.02%, 10=94.99%, 20=1.72%, 50=0.24%
  lat (usec)   : 100=0.02%, 250=0.01%
  cpu          : usr=28.90%, sys=71.09%, ctx=9, majf=0, minf=0
  IO depths    : 1=0.0%, 2=100.0%, 4=0.0%, 8=0.0%, 16=0.0%, 32=0.0%, >=64=0.0%
     submit    : 0=0.0%, 4=100.0%, 8=0.0%, 16=0.0%, 32=0.0%, 64=0.0%, >=64=0.0%
     complete  : 0=0.0%, 4=100.0%, 8=0.0%, 16=0.0%, 32=0.0%, 64=0.0%, >=64=0.0%
     issued rwts: total=2098733,0,0,0 short=0,0,0,0 dropped=0,0,0,0
     latency   : target=0, window=0, percentile=100.00%, depth=2

Run status group 0 (all jobs):
   READ: bw=146MiB/s (153MB/s), 146MiB/s-146MiB/s (153MB/s-153MB/s), io=1025MiB (1075MB), run=7001-7001msec
