io_uring-bdev_xnvme: (g=0): rw=randread, bs=(R) 512B-512B, (W) 512B-512B, (T) 512B-512B, ioengine=spdk_bdev, iodepth=2
fio-3.32-dirty
Starting 1 thread
{
  "fio version" : "fio-3.32-dirty",
  "timestamp" : 1666789845,
  "timestamp_ms" : 1666789845262,
  "time" : "Wed Oct 26 15:10:45 2022",
  "jobs" : [
    {
      "jobname" : "io_uring-bdev_xnvme",
      "groupid" : 0,
      "error" : 0,
      "eta" : 0,
      "elapsed" : 11,
      "job options" : {
        "name" : "io_uring-bdev_xnvme",
        "rw" : "randread",
        "size" : "12G",
        "iodepth" : "2",
        "bs" : "512",
        "direct" : "1",
        "thread" : "1",
        "time_based" : "1",
        "runtime" : "7",
        "ramp_time" : "3",
        "norandommap" : "1",
        "allow_file_create" : "0",
        "ioengine" : "spdk_bdev",
        "spdk_conf" : "/tmp/spdk_bdev_xnvme_io_uring.conf",
        "filename" : "Nvme0n1",
        "cpus_allowed" : "1"
      },
      "read" : {
        "io_bytes" : 1071219200,
        "io_kbytes" : 1046112,
        "bw_bytes" : 153009455,
        "bw" : 149423,
        "iops" : 298846.307670,
        "runtime" : 7001,
        "total_ios" : 2092223,
        "short_ios" : 0,
        "drop_ios" : 0,
        "slat_ns" : {
          "min" : 1683,
          "max" : 35506,
          "mean" : 1886.948066,
          "stddev" : 122.911174,
          "N" : 2092224
        },
        "clat_ns" : {
          "min" : 260,
          "max" : 119775,
          "mean" : 4572.451873,
          "stddev" : 1788.671868,
          "N" : 2092224,
          "percentile" : {
            "1.000000" : 3888,
            "5.000000" : 4128,
            "10.000000" : 4192,
            "20.000000" : 4256,
            "30.000000" : 4256,
            "40.000000" : 4320,
            "50.000000" : 4320,
            "60.000000" : 4320,
            "70.000000" : 4384,
            "80.000000" : 4448,
            "90.000000" : 4448,
            "95.000000" : 4640,
            "99.000000" : 12608,
            "99.500000" : 17536,
            "99.900000" : 21888,
            "99.950000" : 22144,
            "99.990000" : 63232
          }
        },
        "lat_ns" : {
          "min" : 5139,
          "max" : 121608,
          "mean" : 6459.399939,
          "stddev" : 1792.133017,
          "N" : 2092224
        },
        "bw_min" : 148978,
        "bw_max" : 149936,
        "bw_agg" : 100.000000,
        "bw_mean" : 149450.785714,
        "bw_dev" : 305.810695,
        "bw_samples" : 14,
        "iops_min" : 297956,
        "iops_max" : 299873,
        "iops_mean" : 298901.642857,
        "iops_stddev" : 612.123116,
        "iops_samples" : 14
      },
      "write" : {
        "io_bytes" : 0,
        "io_kbytes" : 0,
        "bw_bytes" : 0,
        "bw" : 0,
        "iops" : 0.000000,
        "runtime" : 0,
        "total_ios" : 0,
        "short_ios" : 0,
        "drop_ios" : 0,
        "slat_ns" : {
          "min" : 0,
          "max" : 0,
          "mean" : 0.000000,
          "stddev" : 0.000000,
          "N" : 0
        },
        "clat_ns" : {
          "min" : 0,
          "max" : 0,
          "mean" : 0.000000,
          "stddev" : 0.000000,
          "N" : 0
        },
        "lat_ns" : {
          "min" : 0,
          "max" : 0,
          "mean" : 0.000000,
          "stddev" : 0.000000,
          "N" : 0
        },
        "bw_min" : 0,
        "bw_max" : 0,
        "bw_agg" : 0.000000,
        "bw_mean" : 0.000000,
        "bw_dev" : 0.000000,
        "bw_samples" : 0,
        "iops_min" : 0,
        "iops_max" : 0,
        "iops_mean" : 0.000000,
        "iops_stddev" : 0.000000,
        "iops_samples" : 0
      },
      "trim" : {
        "io_bytes" : 0,
        "io_kbytes" : 0,
        "bw_bytes" : 0,
        "bw" : 0,
        "iops" : 0.000000,
        "runtime" : 0,
        "total_ios" : 0,
        "short_ios" : 0,
        "drop_ios" : 0,
        "slat_ns" : {
          "min" : 0,
          "max" : 0,
          "mean" : 0.000000,
          "stddev" : 0.000000,
          "N" : 0
        },
        "clat_ns" : {
          "min" : 0,
          "max" : 0,
          "mean" : 0.000000,
          "stddev" : 0.000000,
          "N" : 0
        },
        "lat_ns" : {
          "min" : 0,
          "max" : 0,
          "mean" : 0.000000,
          "stddev" : 0.000000,
          "N" : 0
        },
        "bw_min" : 0,
        "bw_max" : 0,
        "bw_agg" : 0.000000,
        "bw_mean" : 0.000000,
        "bw_dev" : 0.000000,
        "bw_samples" : 0,
        "iops_min" : 0,
        "iops_max" : 0,
        "iops_mean" : 0.000000,
        "iops_stddev" : 0.000000,
        "iops_samples" : 0
      },
      "sync" : {
        "total_ios" : 0,
        "lat_ns" : {
          "min" : 0,
          "max" : 0,
          "mean" : 0.000000,
          "stddev" : 0.000000,
          "N" : 0
        }
      },
      "job_runtime" : 7000,
      "usr_cpu" : 44.157143,
      "sys_cpu" : 55.828571,
      "ctx" : 13,
      "majf" : 0,
      "minf" : 0,
      "iodepth_level" : {
        "1" : 0.000000,
        "2" : 100.000000,
        "4" : 0.000000,
        "8" : 0.000000,
        "16" : 0.000000,
        "32" : 0.000000,
        ">=64" : 0.000000
      },
      "iodepth_submit" : {
        "0" : 0.000000,
        "4" : 100.000000,
        "8" : 0.000000,
        "16" : 0.000000,
        "32" : 0.000000,
        "64" : 0.000000,
        ">=64" : 0.000000
      },
      "iodepth_complete" : {
        "0" : 0.000000,
        "4" : 100.000000,
        "8" : 0.000000,
        "16" : 0.000000,
        "32" : 0.000000,
        "64" : 0.000000,
        ">=64" : 0.000000
      },
      "latency_ns" : {
        "2" : 0.000000,
        "4" : 0.000000,
        "10" : 0.000000,
        "20" : 0.000000,
        "50" : 0.000000,
        "100" : 0.000000,
        "250" : 0.000000,
        "500" : 0.010000,
        "750" : 0.010000,
        "1000" : 0.000000
      },
      "latency_us" : {
        "2" : 0.000000,
        "4" : 3.109707,
        "10" : 94.906518,
        "20" : 1.720562,
        "50" : 0.241657,
        "100" : 0.020982,
        "250" : 0.010000,
        "500" : 0.000000,
        "750" : 0.000000,
        "1000" : 0.000000
      },
      "latency_ms" : {
        "2" : 0.000000,
        "4" : 0.000000,
        "10" : 0.000000,
        "20" : 0.000000,
        "50" : 0.000000,
        "100" : 0.000000,
        "250" : 0.000000,
        "500" : 0.000000,
        "750" : 0.000000,
        "1000" : 0.000000,
        "2000" : 0.000000,
        ">=2000" : 0.000000
      },
      "latency_depth" : 2,
      "latency_target" : 0,
      "latency_percentile" : 100.000000,
      "latency_window" : 0
    }
  ]
}

io_uring-bdev_xnvme: (groupid=0, jobs=1): err= 0: pid=7424: Wed Oct 26 15:10:45 2022
  read: IOPS=299k, BW=146MiB/s (153MB/s)(1022MiB/7001msec)
    slat (nsec): min=1683, max=35506, avg=1886.95, stdev=122.91
    clat (nsec): min=260, max=119775, avg=4572.45, stdev=1788.67
     lat (usec): min=5, max=121, avg= 6.46, stdev= 1.79
    clat percentiles (nsec):
     |  1.00th=[ 3888],  5.00th=[ 4128], 10.00th=[ 4192], 20.00th=[ 4256],
     | 30.00th=[ 4256], 40.00th=[ 4320], 50.00th=[ 4320], 60.00th=[ 4320],
     | 70.00th=[ 4384], 80.00th=[ 4448], 90.00th=[ 4448], 95.00th=[ 4640],
     | 99.00th=[12608], 99.50th=[17536], 99.90th=[21888], 99.95th=[22144],
     | 99.99th=[63232]
   bw (  KiB/s): min=148978, max=149936, per=100.00%, avg=149450.79, stdev=305.81, samples=14
   iops        : min=297956, max=299873, avg=298901.64, stdev=612.12, samples=14
  lat (nsec)   : 500=0.01%, 750=0.01%
  lat (usec)   : 4=3.11%, 10=94.91%, 20=1.72%, 50=0.24%, 100=0.02%
  lat (usec)   : 250=0.01%
  cpu          : usr=44.16%, sys=55.83%, ctx=13, majf=0, minf=0
  IO depths    : 1=0.0%, 2=100.0%, 4=0.0%, 8=0.0%, 16=0.0%, 32=0.0%, >=64=0.0%
     submit    : 0=0.0%, 4=100.0%, 8=0.0%, 16=0.0%, 32=0.0%, 64=0.0%, >=64=0.0%
     complete  : 0=0.0%, 4=100.0%, 8=0.0%, 16=0.0%, 32=0.0%, 64=0.0%, >=64=0.0%
     issued rwts: total=2092223,0,0,0 short=0,0,0,0 dropped=0,0,0,0
     latency   : target=0, window=0, percentile=100.00%, depth=2

Run status group 0 (all jobs):
   READ: bw=146MiB/s (153MB/s), 146MiB/s-146MiB/s (153MB/s-153MB/s), io=1022MiB (1071MB), run=7001-7001msec
