libaio-bdev_xnvme: (g=0): rw=randread, bs=(R) 512B-512B, (W) 512B-512B, (T) 512B-512B, ioengine=spdk_bdev, iodepth=2
fio-3.32-dirty
Starting 1 thread
{
  "fio version" : "fio-3.32-dirty",
  "timestamp" : 1666790020,
  "timestamp_ms" : 1666790020382,
  "time" : "Wed Oct 26 15:13:40 2022",
  "jobs" : [
    {
      "jobname" : "libaio-bdev_xnvme",
      "groupid" : 0,
      "error" : 0,
      "eta" : 0,
      "elapsed" : 11,
      "job options" : {
        "name" : "libaio-bdev_xnvme",
        "rw" : "randread",
        "size" : "12G",
        "iodepth" : "2",
        "bs" : "512",
        "direct" : "1",
        "thread" : "1",
        "time_based" : "1",
        "runtime" : "7",
        "ramp_time" : "3",
        "norandommap" : "1",
        "allow_file_create" : "0",
        "ioengine" : "spdk_bdev",
        "spdk_conf" : "/tmp/spdk_bdev_xnvme_libaio.conf",
        "filename" : "Nvme0n1",
        "cpus_allowed" : "1"
      },
      "read" : {
        "io_bytes" : 1019141632,
        "io_kbytes" : 995255,
        "bw_bytes" : 145570865,
        "bw" : 142159,
        "iops" : 284317.954578,
        "runtime" : 7001,
        "total_ios" : 1990510,
        "short_ios" : 0,
        "drop_ios" : 0,
        "slat_ns" : {
          "min" : 1693,
          "max" : 23505,
          "mean" : 1928.243363,
          "stddev" : 145.937912,
          "N" : 1990510
        },
        "clat_ns" : {
          "min" : 611,
          "max" : 114164,
          "mean" : 4850.434752,
          "stddev" : 1749.968240,
          "N" : 1990511,
          "percentile" : {
            "1.000000" : 4256,
            "5.000000" : 4384,
            "10.000000" : 4384,
            "20.000000" : 4512,
            "30.000000" : 4576,
            "40.000000" : 4576,
            "50.000000" : 4640,
            "60.000000" : 4640,
            "70.000000" : 4640,
            "80.000000" : 4704,
            "90.000000" : 4768,
            "95.000000" : 4896,
            "99.000000" : 12736,
            "99.500000" : 18048,
            "99.900000" : 21888,
            "99.950000" : 22144,
            "99.990000" : 60672
          }
        },
        "lat_ns" : {
          "min" : 5460,
          "max" : 116057,
          "mean" : 6778.678102,
          "stddev" : 1753.594753,
          "N" : 1990511
        },
        "bw_min" : 141762,
        "bw_max" : 142974,
        "bw_agg" : 100.000000,
        "bw_mean" : 142184.785714,
        "bw_dev" : 341.212809,
        "bw_samples" : 14,
        "iops_min" : 283524,
        "iops_max" : 285949,
        "iops_mean" : 284369.642857,
        "iops_stddev" : 682.603569,
        "iops_samples" : 14
      },
      "write" : {
        "io_bytes" : 0,
        "io_kbytes" : 0,
        "bw_bytes" : 0,
        "bw" : 0,
        "iops" : 0.000000,
        "runtime" : 0,
        "total_ios" : 0,
        "short_ios" : 0,
        "drop_ios" : 0,
        "slat_ns" : {
          "min" : 0,
          "max" : 0,
          "mean" : 0.000000,
          "stddev" : 0.000000,
          "N" : 0
        },
        "clat_ns" : {
          "min" : 0,
          "max" : 0,
          "mean" : 0.000000,
          "stddev" : 0.000000,
          "N" : 0
        },
        "lat_ns" : {
          "min" : 0,
          "max" : 0,
          "mean" : 0.000000,
          "stddev" : 0.000000,
          "N" : 0
        },
        "bw_min" : 0,
        "bw_max" : 0,
        "bw_agg" : 0.000000,
        "bw_mean" : 0.000000,
        "bw_dev" : 0.000000,
        "bw_samples" : 0,
        "iops_min" : 0,
        "iops_max" : 0,
        "iops_mean" : 0.000000,
        "iops_stddev" : 0.000000,
        "iops_samples" : 0
      },
      "trim" : {
        "io_bytes" : 0,
        "io_kbytes" : 0,
        "bw_bytes" : 0,
        "bw" : 0,
        "iops" : 0.000000,
        "runtime" : 0,
        "total_ios" : 0,
        "short_ios" : 0,
        "drop_ios" : 0,
        "slat_ns" : {
          "min" : 0,
          "max" : 0,
          "mean" : 0.000000,
          "stddev" : 0.000000,
          "N" : 0
        },
        "clat_ns" : {
          "min" : 0,
          "max" : 0,
          "mean" : 0.000000,
          "stddev" : 0.000000,
          "N" : 0
        },
        "lat_ns" : {
          "min" : 0,
          "max" : 0,
          "mean" : 0.000000,
          "stddev" : 0.000000,
          "N" : 0
        },
        "bw_min" : 0,
        "bw_max" : 0,
        "bw_agg" : 0.000000,
        "bw_mean" : 0.000000,
        "bw_dev" : 0.000000,
        "bw_samples" : 0,
        "iops_min" : 0,
        "iops_max" : 0,
        "iops_mean" : 0.000000,
        "iops_stddev" : 0.000000,
        "iops_samples" : 0
      },
      "sync" : {
        "total_ios" : 0,
        "lat_ns" : {
          "min" : 0,
          "max" : 0,
          "mean" : 0.000000,
          "stddev" : 0.000000,
          "N" : 0
        }
      },
      "job_runtime" : 7000,
      "usr_cpu" : 56.500000,
      "sys_cpu" : 43.471429,
      "ctx" : 7,
      "majf" : 0,
      "minf" : 0,
      "iodepth_level" : {
        "1" : 0.100000,
        "2" : 99.977795,
        "4" : 0.000000,
        "8" : 0.000000,
        "16" : 0.000000,
        "32" : 0.000000,
        ">=64" : 0.000000
      },
      "iodepth_submit" : {
        "0" : 0.000000,
        "4" : 100.000000,
        "8" : 0.000000,
        "16" : 0.000000,
        "32" : 0.000000,
        "64" : 0.000000,
        ">=64" : 0.000000
      },
      "iodepth_complete" : {
        "0" : 0.000000,
        "4" : 100.000000,
        "8" : 0.000000,
        "16" : 0.000000,
        "32" : 0.000000,
        "64" : 0.000000,
        ">=64" : 0.000000
      },
      "latency_ns" : {
        "2" : 0.000000,
        "4" : 0.000000,
        "10" : 0.000000,
        "20" : 0.000000,
        "50" : 0.000000,
        "100" : 0.000000,
        "250" : 0.000000,
        "500" : 0.000000,
        "750" : 0.010000,
        "1000" : 0.010000
      },
      "latency_us" : {
        "2" : 0.000000,
        "4" : 0.017684,
        "10" : 97.705714,
        "20" : 1.999236,
        "50" : 0.251091,
        "100" : 0.019744,
        "250" : 0.010000,
        "500" : 0.000000,
        "750" : 0.000000,
        "1000" : 0.000000
      },
      "latency_ms" : {
        "2" : 0.000000,
        "4" : 0.000000,
        "10" : 0.000000,
        "20" : 0.000000,
        "50" : 0.000000,
        "100" : 0.000000,
        "250" : 0.000000,
        "500" : 0.000000,
        "750" : 0.000000,
        "1000" : 0.000000,
        "2000" : 0.000000,
        ">=2000" : 0.000000
      },
      "latency_depth" : 2,
      "latency_target" : 0,
      "latency_percentile" : 100.000000,
      "latency_window" : 0
    }
  ]
}

libaio-bdev_xnvme: (groupid=0, jobs=1): err= 0: pid=8054: Wed Oct 26 15:13:40 2022
  read: IOPS=284k, BW=139MiB/s (146MB/s)(972MiB/7001msec)
    slat (nsec): min=1693, max=23505, avg=1928.24, stdev=145.94
    clat (nsec): min=611, max=114164, avg=4850.43, stdev=1749.97
     lat (usec): min=5, max=116, avg= 6.78, stdev= 1.75
    clat percentiles (nsec):
     |  1.00th=[ 4256],  5.00th=[ 4384], 10.00th=[ 4384], 20.00th=[ 4512],
     | 30.00th=[ 4576], 40.00th=[ 4576], 50.00th=[ 4640], 60.00th=[ 4640],
     | 70.00th=[ 4640], 80.00th=[ 4704], 90.00th=[ 4768], 95.00th=[ 4896],
     | 99.00th=[12736], 99.50th=[18048], 99.90th=[21888], 99.95th=[22144],
     | 99.99th=[60672]
   bw (  KiB/s): min=141762, max=142974, per=100.00%, avg=142184.79, stdev=341.21, samples=14
   iops        : min=283524, max=285949, avg=284369.64, stdev=682.60, samples=14
  lat (nsec)   : 750=0.01%, 1000=0.01%
  lat (usec)   : 4=0.02%, 10=97.71%, 20=2.00%, 50=0.25%, 100=0.02%
  lat (usec)   : 250=0.01%
  cpu          : usr=56.50%, sys=43.47%, ctx=7, majf=0, minf=0
  IO depths    : 1=0.1%, 2=100.0%, 4=0.0%, 8=0.0%, 16=0.0%, 32=0.0%, >=64=0.0%
     submit    : 0=0.0%, 4=100.0%, 8=0.0%, 16=0.0%, 32=0.0%, 64=0.0%, >=64=0.0%
     complete  : 0=0.0%, 4=100.0%, 8=0.0%, 16=0.0%, 32=0.0%, 64=0.0%, >=64=0.0%
     issued rwts: total=1990510,0,0,0 short=0,0,0,0 dropped=0,0,0,0
     latency   : target=0, window=0, percentile=100.00%, depth=2

Run status group 0 (all jobs):
   READ: bw=139MiB/s (146MB/s), 139MiB/s-139MiB/s (146MB/s-146MB/s), io=972MiB (1019MB), run=7001-7001msec
