libaio-bdev_aio: (g=0): rw=randread, bs=(R) 512B-512B, (W) 512B-512B, (T) 512B-512B, ioengine=spdk_bdev, iodepth=1
fio-3.32-dirty
Starting 1 thread
{
  "fio version" : "fio-3.32-dirty",
  "timestamp" : 1666789526,
  "timestamp_ms" : 1666789526714,
  "time" : "Wed Oct 26 15:05:26 2022",
  "jobs" : [
    {
      "jobname" : "libaio-bdev_aio",
      "groupid" : 0,
      "error" : 0,
      "eta" : 0,
      "elapsed" : 11,
      "job options" : {
        "name" : "libaio-bdev_aio",
        "rw" : "randread",
        "size" : "12G",
        "iodepth" : "1",
        "bs" : "512",
        "direct" : "1",
        "thread" : "1",
        "time_based" : "1",
        "runtime" : "7",
        "ramp_time" : "3",
        "norandommap" : "1",
        "allow_file_create" : "0",
        "ioengine" : "spdk_bdev",
        "spdk_conf" : "/tmp/spdk_bdev_aio_foo.conf",
        "filename" : "Nvme0n1",
        "cpus_allowed" : "1"
      },
      "read" : {
        "io_bytes" : 542993920,
        "io_kbytes" : 530267,
        "bw_bytes" : 77559480,
        "bw" : 75741,
        "iops" : 151483.359520,
        "runtime" : 7001,
        "total_ios" : 1060535,
        "short_ios" : 0,
        "drop_ios" : 0,
        "slat_ns" : {
          "min" : 1733,
          "max" : 17993,
          "mean" : 1902.296994,
          "stddev" : 142.855709,
          "N" : 1060535
        },
        "clat_ns" : {
          "min" : 220,
          "max" : 99156,
          "mean" : 4465.624404,
          "stddev" : 1078.405463,
          "N" : 1060535,
          "percentile" : {
            "1.000000" : 4048,
            "5.000000" : 4256,
            "10.000000" : 4256,
            "20.000000" : 4256,
            "30.000000" : 4320,
            "40.000000" : 4320,
            "50.000000" : 4320,
            "60.000000" : 4384,
            "70.000000" : 4384,
            "80.000000" : 4384,
            "90.000000" : 4448,
            "95.000000" : 4576,
            "99.000000" : 9664,
            "99.500000" : 10688,
            "99.900000" : 15296,
            "99.950000" : 15424,
            "99.990000" : 57088
          }
        },
        "lat_ns" : {
          "min" : 5630,
          "max" : 101070,
          "mean" : 6367.921398,
          "stddev" : 1089.091086,
          "N" : 1060535
        },
        "bw_min" : 75607,
        "bw_max" : 75920,
        "bw_agg" : 100.000000,
        "bw_mean" : 75783.928571,
        "bw_dev" : 71.611628,
        "bw_samples" : 14,
        "iops_min" : 151214,
        "iops_max" : 151838,
        "iops_mean" : 151567.857143,
        "iops_stddev" : 142.936703,
        "iops_samples" : 14
      },
      "write" : {
        "io_bytes" : 0,
        "io_kbytes" : 0,
        "bw_bytes" : 0,
        "bw" : 0,
        "iops" : 0.000000,
        "runtime" : 0,
        "total_ios" : 0,
        "short_ios" : 0,
        "drop_ios" : 0,
        "slat_ns" : {
          "min" : 0,
          "max" : 0,
          "mean" : 0.000000,
          "stddev" : 0.000000,
          "N" : 0
        },
        "clat_ns" : {
          "min" : 0,
          "max" : 0,
          "mean" : 0.000000,
          "stddev" : 0.000000,
          "N" : 0
        },
        "lat_ns" : {
          "min" : 0,
          "max" : 0,
          "mean" : 0.000000,
          "stddev" : 0.000000,
          "N" : 0
        },
        "bw_min" : 0,
        "bw_max" : 0,
        "bw_agg" : 0.000000,
        "bw_mean" : 0.000000,
        "bw_dev" : 0.000000,
        "bw_samples" : 0,
        "iops_min" : 0,
        "iops_max" : 0,
        "iops_mean" : 0.000000,
        "iops_stddev" : 0.000000,
        "iops_samples" : 0
      },
      "trim" : {
        "io_bytes" : 0,
        "io_kbytes" : 0,
        "bw_bytes" : 0,
        "bw" : 0,
        "iops" : 0.000000,
        "runtime" : 0,
        "total_ios" : 0,
        "short_ios" : 0,
        "drop_ios" : 0,
        "slat_ns" : {
          "min" : 0,
          "max" : 0,
          "mean" : 0.000000,
          "stddev" : 0.000000,
          "N" : 0
        },
        "clat_ns" : {
          "min" : 0,
          "max" : 0,
          "mean" : 0.000000,
          "stddev" : 0.000000,
          "N" : 0
        },
        "lat_ns" : {
          "min" : 0,
          "max" : 0,
          "mean" : 0.000000,
          "stddev" : 0.000000,
          "N" : 0
        },
        "bw_min" : 0,
        "bw_max" : 0,
        "bw_agg" : 0.000000,
        "bw_mean" : 0.000000,
        "bw_dev" : 0.000000,
        "bw_samples" : 0,
        "iops_min" : 0,
        "iops_max" : 0,
        "iops_mean" : 0.000000,
        "iops_stddev" : 0.000000,
        "iops_samples" : 0
      },
      "sync" : {
        "total_ios" : 0,
        "lat_ns" : {
          "min" : 0,
          "max" : 0,
          "mean" : 0.000000,
          "stddev" : 0.000000,
          "N" : 0
        }
      },
      "job_runtime" : 7000,
      "usr_cpu" : 76.042857,
      "sys_cpu" : 23.928571,
      "ctx" : 10,
      "majf" : 0,
      "minf" : 0,
      "iodepth_level" : {
        "1" : 100.000000,
        "2" : 0.000000,
        "4" : 0.000000,
        "8" : 0.000000,
        "16" : 0.000000,
        "32" : 0.000000,
        ">=64" : 0.000000
      },
      "iodepth_submit" : {
        "0" : 0.000000,
        "4" : 100.000000,
        "8" : 0.000000,
        "16" : 0.000000,
        "32" : 0.000000,
        "64" : 0.000000,
        ">=64" : 0.000000
      },
      "iodepth_complete" : {
        "0" : 0.000000,
        "4" : 100.000000,
        "8" : 0.000000,
        "16" : 0.000000,
        "32" : 0.000000,
        "64" : 0.000000,
        ">=64" : 0.000000
      },
      "latency_ns" : {
        "2" : 0.000000,
        "4" : 0.000000,
        "10" : 0.000000,
        "20" : 0.000000,
        "50" : 0.000000,
        "100" : 0.000000,
        "250" : 0.010000,
        "500" : 0.010000,
        "750" : 0.010000,
        "1000" : 0.010000
      },
      "latency_us" : {
        "2" : 0.010000,
        "4" : 0.758202,
        "10" : 98.419666,
        "20" : 0.804028,
        "50" : 0.010000,
        "100" : 0.011881,
        "250" : 0.000000,
        "500" : 0.000000,
        "750" : 0.000000,
        "1000" : 0.000000
      },
      "latency_ms" : {
        "2" : 0.000000,
        "4" : 0.000000,
        "10" : 0.000000,
        "20" : 0.000000,
        "50" : 0.000000,
        "100" : 0.000000,
        "250" : 0.000000,
        "500" : 0.000000,
        "750" : 0.000000,
        "1000" : 0.000000,
        "2000" : 0.000000,
        ">=2000" : 0.000000
      },
      "latency_depth" : 1,
      "latency_target" : 0,
      "latency_percentile" : 100.000000,
      "latency_window" : 0
    }
  ]
}

libaio-bdev_aio: (groupid=0, jobs=1): err= 0: pid=6285: Wed Oct 26 15:05:26 2022
  read: IOPS=151k, BW=74.0MiB/s (77.6MB/s)(518MiB/7001msec)
    slat (nsec): min=1733, max=17993, avg=1902.30, stdev=142.86
    clat (nsec): min=220, max=99156, avg=4465.62, stdev=1078.41
     lat (usec): min=5, max=101, avg= 6.37, stdev= 1.09
    clat percentiles (nsec):
     |  1.00th=[ 4048],  5.00th=[ 4256], 10.00th=[ 4256], 20.00th=[ 4256],
     | 30.00th=[ 4320], 40.00th=[ 4320], 50.00th=[ 4320], 60.00th=[ 4384],
     | 70.00th=[ 4384], 80.00th=[ 4384], 90.00th=[ 4448], 95.00th=[ 4576],
     | 99.00th=[ 9664], 99.50th=[10688], 99.90th=[15296], 99.95th=[15424],
     | 99.99th=[57088]
   bw (  KiB/s): min=75607, max=75920, per=100.00%, avg=75783.93, stdev=71.61, samples=14
   iops        : min=151214, max=151838, avg=151567.86, stdev=142.94, samples=14
  lat (nsec)   : 250=0.01%, 500=0.01%, 750=0.01%, 1000=0.01%
  lat (usec)   : 2=0.01%, 4=0.76%, 10=98.42%, 20=0.80%, 50=0.01%
  lat (usec)   : 100=0.01%
  cpu          : usr=76.04%, sys=23.93%, ctx=10, majf=0, minf=0
  IO depths    : 1=100.0%, 2=0.0%, 4=0.0%, 8=0.0%, 16=0.0%, 32=0.0%, >=64=0.0%
     submit    : 0=0.0%, 4=100.0%, 8=0.0%, 16=0.0%, 32=0.0%, 64=0.0%, >=64=0.0%
     complete  : 0=0.0%, 4=100.0%, 8=0.0%, 16=0.0%, 32=0.0%, 64=0.0%, >=64=0.0%
     issued rwts: total=1060535,0,0,0 short=0,0,0,0 dropped=0,0,0,0
     latency   : target=0, window=0, percentile=100.00%, depth=1

Run status group 0 (all jobs):
   READ: bw=74.0MiB/s (77.6MB/s), 74.0MiB/s-74.0MiB/s (77.6MB/s-77.6MB/s), io=518MiB (543MB), run=7001-7001msec
