libaio-reference: (g=0): rw=randread, bs=(R) 512B-512B, (W) 512B-512B, (T) 512B-512B, ioengine=libaio, iodepth=8
fio-3.32-dirty
Starting 1 thread
{
  "fio version" : "fio-3.32-dirty",
  "timestamp" : 1666790941,
  "timestamp_ms" : 1666790941607,
  "time" : "Wed Oct 26 15:29:01 2022",
  "jobs" : [
    {
      "jobname" : "libaio-reference",
      "groupid" : 0,
      "error" : 0,
      "eta" : 0,
      "elapsed" : 11,
      "job options" : {
        "name" : "libaio-reference",
        "rw" : "randread",
        "size" : "12G",
        "iodepth" : "8",
        "bs" : "512",
        "direct" : "1",
        "thread" : "1",
        "time_based" : "1",
        "runtime" : "7",
        "ramp_time" : "3",
        "norandommap" : "1",
        "allow_file_create" : "0",
        "ioengine" : "libaio",
        "filename" : "/dev/nvme0n1",
        "cpus_allowed" : "1"
      },
      "read" : {
        "io_bytes" : 1575713792,
        "io_kbytes" : 1538783,
        "bw_bytes" : 225069817,
        "bw" : 219794,
        "iops" : 439588.344522,
        "runtime" : 7001,
        "total_ios" : 3077558,
        "short_ios" : 0,
        "drop_ios" : 0,
        "slat_ns" : {
          "min" : 1442,
          "max" : 20608,
          "mean" : 1603.968562,
          "stddev" : 112.982422,
          "N" : 3077559
        },
        "clat_ns" : {
          "min" : 4729,
          "max" : 131707,
          "mean" : 16357.507495,
          "stddev" : 3033.941500,
          "N" : 3077565,
          "percentile" : {
            "1.000000" : 13632,
            "5.000000" : 15552,
            "10.000000" : 15552,
            "20.000000" : 15680,
            "30.000000" : 15680,
            "40.000000" : 15808,
            "50.000000" : 15808,
            "60.000000" : 15808,
            "70.000000" : 15936,
            "80.000000" : 16320,
            "90.000000" : 16512,
            "95.000000" : 17536,
            "99.000000" : 31872,
            "99.500000" : 36096,
            "99.900000" : 49408,
            "99.950000" : 64256,
            "99.990000" : 77312
          }
        },
        "lat_ns" : {
          "min" : 6242,
          "max" : 133490,
          "mean" : 17961.475945,
          "stddev" : 3035.114182,
          "N" : 3077565
        },
        "bw_min" : 219076,
        "bw_max" : 222226,
        "bw_agg" : 100.000000,
        "bw_mean" : 219857.071429,
        "bw_dev" : 825.530735,
        "bw_samples" : 14,
        "iops_min" : 438152,
        "iops_max" : 444452,
        "iops_mean" : 439714.285714,
        "iops_stddev" : 1651.104219,
        "iops_samples" : 14
      },
      "write" : {
        "io_bytes" : 0,
        "io_kbytes" : 0,
        "bw_bytes" : 0,
        "bw" : 0,
        "iops" : 0.000000,
        "runtime" : 0,
        "total_ios" : 0,
        "short_ios" : 0,
        "drop_ios" : 0,
        "slat_ns" : {
          "min" : 0,
          "max" : 0,
          "mean" : 0.000000,
          "stddev" : 0.000000,
          "N" : 0
        },
        "clat_ns" : {
          "min" : 0,
          "max" : 0,
          "mean" : 0.000000,
          "stddev" : 0.000000,
          "N" : 0
        },
        "lat_ns" : {
          "min" : 0,
          "max" : 0,
          "mean" : 0.000000,
          "stddev" : 0.000000,
          "N" : 0
        },
        "bw_min" : 0,
        "bw_max" : 0,
        "bw_agg" : 0.000000,
        "bw_mean" : 0.000000,
        "bw_dev" : 0.000000,
        "bw_samples" : 0,
        "iops_min" : 0,
        "iops_max" : 0,
        "iops_mean" : 0.000000,
        "iops_stddev" : 0.000000,
        "iops_samples" : 0
      },
      "trim" : {
        "io_bytes" : 0,
        "io_kbytes" : 0,
        "bw_bytes" : 0,
        "bw" : 0,
        "iops" : 0.000000,
        "runtime" : 0,
        "total_ios" : 0,
        "short_ios" : 0,
        "drop_ios" : 0,
        "slat_ns" : {
          "min" : 0,
          "max" : 0,
          "mean" : 0.000000,
          "stddev" : 0.000000,
          "N" : 0
        },
        "clat_ns" : {
          "min" : 0,
          "max" : 0,
          "mean" : 0.000000,
          "stddev" : 0.000000,
          "N" : 0
        },
        "lat_ns" : {
          "min" : 0,
          "max" : 0,
          "mean" : 0.000000,
          "stddev" : 0.000000,
          "N" : 0
        },
        "bw_min" : 0,
        "bw_max" : 0,
        "bw_agg" : 0.000000,
        "bw_mean" : 0.000000,
        "bw_dev" : 0.000000,
        "bw_samples" : 0,
        "iops_min" : 0,
        "iops_max" : 0,
        "iops_mean" : 0.000000,
        "iops_stddev" : 0.000000,
        "iops_samples" : 0
      },
      "sync" : {
        "total_ios" : 0,
        "lat_ns" : {
          "min" : 0,
          "max" : 0,
          "mean" : 0.000000,
          "stddev" : 0.000000,
          "N" : 0
        }
      },
      "job_runtime" : 7000,
      "usr_cpu" : 30.700000,
      "sys_cpu" : 67.271429,
      "ctx" : 18039,
      "majf" : 0,
      "minf" : 0,
      "iodepth_level" : {
        "1" : 0.000000,
        "2" : 0.000000,
        "4" : 0.000000,
        "8" : 100.000000,
        "16" : 0.000000,
        "32" : 0.000000,
        ">=64" : 0.000000
      },
      "iodepth_submit" : {
        "0" : 0.000000,
        "4" : 100.000000,
        "8" : 0.000000,
        "16" : 0.000000,
        "32" : 0.000000,
        "64" : 0.000000,
        ">=64" : 0.000000
      },
      "iodepth_complete" : {
        "0" : 0.000000,
        "4" : 99.999968,
        "8" : 0.100000,
        "16" : 0.000000,
        "32" : 0.000000,
        "64" : 0.000000,
        ">=64" : 0.000000
      },
      "latency_ns" : {
        "2" : 0.000000,
        "4" : 0.000000,
        "10" : 0.000000,
        "20" : 0.000000,
        "50" : 0.000000,
        "100" : 0.000000,
        "250" : 0.000000,
        "500" : 0.000000,
        "750" : 0.000000,
        "1000" : 0.000000
      },
      "latency_us" : {
        "2" : 0.000000,
        "4" : 0.000000,
        "10" : 0.440284,
        "20" : 95.900321,
        "50" : 3.560713,
        "100" : 0.098650,
        "250" : 0.010000,
        "500" : 0.000000,
        "750" : 0.000000,
        "1000" : 0.000000
      },
      "latency_ms" : {
        "2" : 0.000000,
        "4" : 0.000000,
        "10" : 0.000000,
        "20" : 0.000000,
        "50" : 0.000000,
        "100" : 0.000000,
        "250" : 0.000000,
        "500" : 0.000000,
        "750" : 0.000000,
        "1000" : 0.000000,
        "2000" : 0.000000,
        ">=2000" : 0.000000
      },
      "latency_depth" : 8,
      "latency_target" : 0,
      "latency_percentile" : 100.000000,
      "latency_window" : 0
    }
  ],
  "disk_util" : [
    {
      "name" : "nvme0n1",
      "read_ios" : 4443543,
      "write_ios" : 0,
      "read_merges" : 0,
      "write_merges" : 0,
      "read_ticks" : 25340,
      "write_ticks" : 0,
      "in_queue" : 25340,
      "util" : 99.069123
    }
  ]
}

libaio-reference: (groupid=0, jobs=1): err= 0: pid=11259: Wed Oct 26 15:29:01 2022
  read: IOPS=440k, BW=215MiB/s (225MB/s)(1503MiB/7001msec)
    slat (nsec): min=1442, max=20608, avg=1603.97, stdev=112.98
    clat (usec): min=4, max=131, avg=16.36, stdev= 3.03
     lat (usec): min=6, max=133, avg=17.96, stdev= 3.04
    clat percentiles (nsec):
     |  1.00th=[13632],  5.00th=[15552], 10.00th=[15552], 20.00th=[15680],
     | 30.00th=[15680], 40.00th=[15808], 50.00th=[15808], 60.00th=[15808],
     | 70.00th=[15936], 80.00th=[16320], 90.00th=[16512], 95.00th=[17536],
     | 99.00th=[31872], 99.50th=[36096], 99.90th=[49408], 99.95th=[64256],
     | 99.99th=[77312]
   bw (  KiB/s): min=219076, max=222226, per=100.00%, avg=219857.07, stdev=825.53, samples=14
   iops        : min=438152, max=444452, avg=439714.29, stdev=1651.10, samples=14
  lat (usec)   : 10=0.44%, 20=95.90%, 50=3.56%, 100=0.10%, 250=0.01%
  cpu          : usr=30.70%, sys=67.27%, ctx=18039, majf=0, minf=0
  IO depths    : 1=0.0%, 2=0.0%, 4=0.0%, 8=100.0%, 16=0.0%, 32=0.0%, >=64=0.0%
     submit    : 0=0.0%, 4=100.0%, 8=0.0%, 16=0.0%, 32=0.0%, 64=0.0%, >=64=0.0%
     complete  : 0=0.0%, 4=100.0%, 8=0.1%, 16=0.0%, 32=0.0%, 64=0.0%, >=64=0.0%
     issued rwts: total=3077558,0,0,0 short=0,0,0,0 dropped=0,0,0,0
     latency   : target=0, window=0, percentile=100.00%, depth=8

Run status group 0 (all jobs):
   READ: bw=215MiB/s (225MB/s), 215MiB/s-215MiB/s (225MB/s-225MB/s), io=1503MiB (1576MB), run=7001-7001msec

Disk stats (read/write):
  nvme0n1: ios=4443543/0, merge=0/0, ticks=25340/0, in_queue=25340, util=99.07%
