libaio-xnvme: (g=0): rw=randread, bs=(R) 512B-512B, (W) 512B-512B, (T) 512B-512B, ioengine=xnvme, iodepth=4
fio-3.32-dirty
Starting 1 thread
{
  "fio version" : "fio-3.32-dirty",
  "timestamp" : 1666790570,
  "timestamp_ms" : 1666790570033,
  "time" : "Wed Oct 26 15:22:50 2022",
  "jobs" : [
    {
      "jobname" : "libaio-xnvme",
      "groupid" : 0,
      "error" : 0,
      "eta" : 0,
      "elapsed" : 11,
      "job options" : {
        "name" : "libaio-xnvme",
        "rw" : "randread",
        "size" : "12G",
        "iodepth" : "4",
        "bs" : "512",
        "direct" : "1",
        "thread" : "1",
        "time_based" : "1",
        "runtime" : "7",
        "ramp_time" : "3",
        "norandommap" : "1",
        "allow_file_create" : "0",
        "ioengine" : "external:/usr/local/lib/x86_64-linux-gnu/libxnvme-fio-engine.so",
        "xnvme_be" : "linux",
        "xnvme_async" : "libaio",
        "xnvme_sync" : "nvme",
        "xnvme_admin" : "nvme",
        "xnvme_dev_nsid" : "1",
        "filename" : "/dev/nvme0n1",
        "cpus_allowed" : "1"
      },
      "read" : {
        "io_bytes" : 1468516864,
        "io_kbytes" : 1434098,
        "bw_bytes" : 209758157,
        "bw" : 204841,
        "iops" : 409683.330953,
        "runtime" : 7001,
        "total_ios" : 2868193,
        "short_ios" : 0,
        "drop_ios" : 0,
        "slat_ns" : {
          "min" : 1513,
          "max" : 21661,
          "mean" : 1664.947021,
          "stddev" : 111.275646,
          "N" : 2868194
        },
        "clat_ns" : {
          "min" : 4869,
          "max" : 125125,
          "mean" : 7874.002652,
          "stddev" : 2616.785369,
          "N" : 2868196,
          "percentile" : {
            "1.000000" : 7264,
            "5.000000" : 7328,
            "10.000000" : 7328,
            "20.000000" : 7392,
            "30.000000" : 7392,
            "40.000000" : 7392,
            "50.000000" : 7392,
            "60.000000" : 7456,
            "70.000000" : 7456,
            "80.000000" : 7520,
            "90.000000" : 7712,
            "95.000000" : 7840,
            "99.000000" : 21888,
            "99.500000" : 25984,
            "99.900000" : 33024,
            "99.950000" : 36608,
            "99.990000" : 70144
          }
        },
        "lat_ns" : {
          "min" : 6412,
          "max" : 126818,
          "mean" : 9538.949647,
          "stddev" : 2618.618149,
          "N" : 2868196
        },
        "bw_min" : 203662,
        "bw_max" : 205924,
        "bw_agg" : 100.000000,
        "bw_mean" : 204950.642857,
        "bw_dev" : 680.498189,
        "bw_samples" : 14,
        "iops_min" : 407324,
        "iops_max" : 411848,
        "iops_mean" : 409901.571429,
        "iops_stddev" : 1360.938913,
        "iops_samples" : 14
      },
      "write" : {
        "io_bytes" : 0,
        "io_kbytes" : 0,
        "bw_bytes" : 0,
        "bw" : 0,
        "iops" : 0.000000,
        "runtime" : 0,
        "total_ios" : 0,
        "short_ios" : 0,
        "drop_ios" : 0,
        "slat_ns" : {
          "min" : 0,
          "max" : 0,
          "mean" : 0.000000,
          "stddev" : 0.000000,
          "N" : 0
        },
        "clat_ns" : {
          "min" : 0,
          "max" : 0,
          "mean" : 0.000000,
          "stddev" : 0.000000,
          "N" : 0
        },
        "lat_ns" : {
          "min" : 0,
          "max" : 0,
          "mean" : 0.000000,
          "stddev" : 0.000000,
          "N" : 0
        },
        "bw_min" : 0,
        "bw_max" : 0,
        "bw_agg" : 0.000000,
        "bw_mean" : 0.000000,
        "bw_dev" : 0.000000,
        "bw_samples" : 0,
        "iops_min" : 0,
        "iops_max" : 0,
        "iops_mean" : 0.000000,
        "iops_stddev" : 0.000000,
        "iops_samples" : 0
      },
      "trim" : {
        "io_bytes" : 0,
        "io_kbytes" : 0,
        "bw_bytes" : 0,
        "bw" : 0,
        "iops" : 0.000000,
        "runtime" : 0,
        "total_ios" : 0,
        "short_ios" : 0,
        "drop_ios" : 0,
        "slat_ns" : {
          "min" : 0,
          "max" : 0,
          "mean" : 0.000000,
          "stddev" : 0.000000,
          "N" : 0
        },
        "clat_ns" : {
          "min" : 0,
          "max" : 0,
          "mean" : 0.000000,
          "stddev" : 0.000000,
          "N" : 0
        },
        "lat_ns" : {
          "min" : 0,
          "max" : 0,
          "mean" : 0.000000,
          "stddev" : 0.000000,
          "N" : 0
        },
        "bw_min" : 0,
        "bw_max" : 0,
        "bw_agg" : 0.000000,
        "bw_mean" : 0.000000,
        "bw_dev" : 0.000000,
        "bw_samples" : 0,
        "iops_min" : 0,
        "iops_max" : 0,
        "iops_mean" : 0.000000,
        "iops_stddev" : 0.000000,
        "iops_samples" : 0
      },
      "sync" : {
        "total_ios" : 0,
        "lat_ns" : {
          "min" : 0,
          "max" : 0,
          "mean" : 0.000000,
          "stddev" : 0.000000,
          "N" : 0
        }
      },
      "job_runtime" : 7000,
      "usr_cpu" : 32.400000,
      "sys_cpu" : 64.171429,
      "ctx" : 25312,
      "majf" : 0,
      "minf" : 0,
      "iodepth_level" : {
        "1" : 0.000000,
        "2" : 0.000000,
        "4" : 100.000000,
        "8" : 0.000000,
        "16" : 0.000000,
        "32" : 0.000000,
        ">=64" : 0.000000
      },
      "iodepth_submit" : {
        "0" : 0.000000,
        "4" : 100.000000,
        "8" : 0.000000,
        "16" : 0.000000,
        "32" : 0.000000,
        "64" : 0.000000,
        ">=64" : 0.000000
      },
      "iodepth_complete" : {
        "0" : 0.000000,
        "4" : 100.000000,
        "8" : 0.000000,
        "16" : 0.000000,
        "32" : 0.000000,
        "64" : 0.000000,
        ">=64" : 0.000000
      },
      "latency_ns" : {
        "2" : 0.000000,
        "4" : 0.000000,
        "10" : 0.000000,
        "20" : 0.000000,
        "50" : 0.000000,
        "100" : 0.000000,
        "250" : 0.000000,
        "500" : 0.000000,
        "750" : 0.000000,
        "1000" : 0.000000
      },
      "latency_us" : {
        "2" : 0.000000,
        "4" : 0.000000,
        "10" : 96.547025,
        "20" : 2.215506,
        "50" : 1.198664,
        "100" : 0.038526,
        "250" : 0.010000,
        "500" : 0.000000,
        "750" : 0.000000,
        "1000" : 0.000000
      },
      "latency_ms" : {
        "2" : 0.000000,
        "4" : 0.000000,
        "10" : 0.000000,
        "20" : 0.000000,
        "50" : 0.000000,
        "100" : 0.000000,
        "250" : 0.000000,
        "500" : 0.000000,
        "750" : 0.000000,
        "1000" : 0.000000,
        "2000" : 0.000000,
        ">=2000" : 0.000000
      },
      "latency_depth" : 4,
      "latency_target" : 0,
      "latency_percentile" : 100.000000,
      "latency_window" : 0
    }
  ]
}

libaio-xnvme: (groupid=0, jobs=1): err= 0: pid=10034: Wed Oct 26 15:22:50 2022
  read: IOPS=410k, BW=200MiB/s (210MB/s)(1400MiB/7001msec)
    slat (nsec): min=1513, max=21661, avg=1664.95, stdev=111.28
    clat (usec): min=4, max=125, avg= 7.87, stdev= 2.62
     lat (usec): min=6, max=126, avg= 9.54, stdev= 2.62
    clat percentiles (nsec):
     |  1.00th=[ 7264],  5.00th=[ 7328], 10.00th=[ 7328], 20.00th=[ 7392],
     | 30.00th=[ 7392], 40.00th=[ 7392], 50.00th=[ 7392], 60.00th=[ 7456],
     | 70.00th=[ 7456], 80.00th=[ 7520], 90.00th=[ 7712], 95.00th=[ 7840],
     | 99.00th=[21888], 99.50th=[25984], 99.90th=[33024], 99.95th=[36608],
     | 99.99th=[70144]
   bw (  KiB/s): min=203662, max=205924, per=100.00%, avg=204950.64, stdev=680.50, samples=14
   iops        : min=407324, max=411848, avg=409901.57, stdev=1360.94, samples=14
  lat (usec)   : 10=96.55%, 20=2.22%, 50=1.20%, 100=0.04%, 250=0.01%
  cpu          : usr=32.40%, sys=64.17%, ctx=25312, majf=0, minf=0
  IO depths    : 1=0.0%, 2=0.0%, 4=100.0%, 8=0.0%, 16=0.0%, 32=0.0%, >=64=0.0%
     submit    : 0=0.0%, 4=100.0%, 8=0.0%, 16=0.0%, 32=0.0%, 64=0.0%, >=64=0.0%
     complete  : 0=0.0%, 4=100.0%, 8=0.0%, 16=0.0%, 32=0.0%, 64=0.0%, >=64=0.0%
     issued rwts: total=2868193,0,0,0 short=0,0,0,0 dropped=0,0,0,0
     latency   : target=0, window=0, percentile=100.00%, depth=4

Run status group 0 (all jobs):
   READ: bw=200MiB/s (210MB/s), 200MiB/s-200MiB/s (210MB/s-210MB/s), io=1400MiB (1469MB), run=7001-7001msec
