io_uring_cmd-xnvme: (g=0): rw=randread, bs=(R) 512B-512B, (W) 512B-512B, (T) 512B-512B, ioengine=xnvme, iodepth=8
fio-3.32-dirty
Starting 1 thread
{
  "fio version" : "fio-3.32-dirty",
  "timestamp" : 1666790625,
  "timestamp_ms" : 1666790625309,
  "time" : "Wed Oct 26 15:23:45 2022",
  "jobs" : [
    {
      "jobname" : "io_uring_cmd-xnvme",
      "groupid" : 0,
      "error" : 0,
      "eta" : 0,
      "elapsed" : 11,
      "job options" : {
        "name" : "io_uring_cmd-xnvme",
        "rw" : "randread",
        "size" : "12G",
        "iodepth" : "8",
        "bs" : "512",
        "direct" : "0",
        "thread" : "1",
        "time_based" : "1",
        "runtime" : "7",
        "ramp_time" : "3",
        "norandommap" : "1",
        "allow_file_create" : "0",
        "ioengine" : "external:/usr/local/lib/x86_64-linux-gnu/libxnvme-fio-engine.so",
        "xnvme_be" : "linux",
        "xnvme_async" : "io_uring_cmd",
        "xnvme_sync" : "nvme",
        "xnvme_admin" : "nvme",
        "xnvme_dev_nsid" : "1",
        "filename" : "/dev/ng0n1",
        "cpus_allowed" : "1"
      },
      "read" : {
        "io_bytes" : 1514349056,
        "io_kbytes" : 1478856,
        "bw_bytes" : 216335579,
        "bw" : 211265,
        "iops" : 422529.285714,
        "runtime" : 7000,
        "total_ios" : 2957705,
        "short_ios" : 0,
        "drop_ios" : 0,
        "slat_ns" : {
          "min" : 1232,
          "max" : 23514,
          "mean" : 1841.139255,
          "stddev" : 389.694801,
          "N" : 2957706
        },
        "clat_ns" : {
          "min" : 3677,
          "max" : 120536,
          "mean" : 16780.929818,
          "stddev" : 3696.313221,
          "N" : 2957712,
          "percentile" : {
            "1.000000" : 12608,
            "5.000000" : 13248,
            "10.000000" : 14400,
            "20.000000" : 15296,
            "30.000000" : 15808,
            "40.000000" : 16192,
            "50.000000" : 16512,
            "60.000000" : 16768,
            "70.000000" : 17024,
            "80.000000" : 17536,
            "90.000000" : 17792,
            "95.000000" : 18560,
            "99.000000" : 36608,
            "99.500000" : 38656,
            "99.900000" : 50432,
            "99.950000" : 66048,
            "99.990000" : 81408
          }
        },
        "lat_ns" : {
          "min" : 6672,
          "max" : 121879,
          "mean" : 18622.069282,
          "stddev" : 3671.329577,
          "N" : 2957712
        },
        "bw_min" : 208536,
        "bw_max" : 213329,
        "bw_agg" : 100.000000,
        "bw_mean" : 211349.428571,
        "bw_dev" : 1221.796830,
        "bw_samples" : 14,
        "iops_min" : 417072,
        "iops_max" : 426658,
        "iops_mean" : 422699.000000,
        "iops_stddev" : 2443.594893,
        "iops_samples" : 14
      },
      "write" : {
        "io_bytes" : 0,
        "io_kbytes" : 0,
        "bw_bytes" : 0,
        "bw" : 0,
        "iops" : 0.000000,
        "runtime" : 0,
        "total_ios" : 0,
        "short_ios" : 0,
        "drop_ios" : 0,
        "slat_ns" : {
          "min" : 0,
          "max" : 0,
          "mean" : 0.000000,
          "stddev" : 0.000000,
          "N" : 0
        },
        "clat_ns" : {
          "min" : 0,
          "max" : 0,
          "mean" : 0.000000,
          "stddev" : 0.000000,
          "N" : 0
        },
        "lat_ns" : {
          "min" : 0,
          "max" : 0,
          "mean" : 0.000000,
          "stddev" : 0.000000,
          "N" : 0
        },
        "bw_min" : 0,
        "bw_max" : 0,
        "bw_agg" : 0.000000,
        "bw_mean" : 0.000000,
        "bw_dev" : 0.000000,
        "bw_samples" : 0,
        "iops_min" : 0,
        "iops_max" : 0,
        "iops_mean" : 0.000000,
        "iops_stddev" : 0.000000,
        "iops_samples" : 0
      },
      "trim" : {
        "io_bytes" : 0,
        "io_kbytes" : 0,
        "bw_bytes" : 0,
        "bw" : 0,
        "iops" : 0.000000,
        "runtime" : 0,
        "total_ios" : 0,
        "short_ios" : 0,
        "drop_ios" : 0,
        "slat_ns" : {
          "min" : 0,
          "max" : 0,
          "mean" : 0.000000,
          "stddev" : 0.000000,
          "N" : 0
        },
        "clat_ns" : {
          "min" : 0,
          "max" : 0,
          "mean" : 0.000000,
          "stddev" : 0.000000,
          "N" : 0
        },
        "lat_ns" : {
          "min" : 0,
          "max" : 0,
          "mean" : 0.000000,
          "stddev" : 0.000000,
          "N" : 0
        },
        "bw_min" : 0,
        "bw_max" : 0,
        "bw_agg" : 0.000000,
        "bw_mean" : 0.000000,
        "bw_dev" : 0.000000,
        "bw_samples" : 0,
        "iops_min" : 0,
        "iops_max" : 0,
        "iops_mean" : 0.000000,
        "iops_stddev" : 0.000000,
        "iops_samples" : 0
      },
      "sync" : {
        "total_ios" : 0,
        "lat_ns" : {
          "min" : 0,
          "max" : 0,
          "mean" : 0.000000,
          "stddev" : 0.000000,
          "N" : 0
        }
      },
      "job_runtime" : 7000,
      "usr_cpu" : 20.442857,
      "sys_cpu" : 76.714286,
      "ctx" : 14856,
      "majf" : 0,
      "minf" : 0,
      "iodepth_level" : {
        "1" : 0.000000,
        "2" : 0.000000,
        "4" : 0.000000,
        "8" : 100.000000,
        "16" : 0.000000,
        "32" : 0.000000,
        ">=64" : 0.000000
      },
      "iodepth_submit" : {
        "0" : 0.000000,
        "4" : 100.000000,
        "8" : 0.000000,
        "16" : 0.000000,
        "32" : 0.000000,
        "64" : 0.000000,
        ">=64" : 0.000000
      },
      "iodepth_complete" : {
        "0" : 0.000000,
        "4" : 99.999983,
        "8" : 0.100000,
        "16" : 0.000000,
        "32" : 0.000000,
        "64" : 0.000000,
        ">=64" : 0.000000
      },
      "latency_ns" : {
        "2" : 0.000000,
        "4" : 0.000000,
        "10" : 0.000000,
        "20" : 0.000000,
        "50" : 0.000000,
        "100" : 0.000000,
        "250" : 0.000000,
        "500" : 0.000000,
        "750" : 0.000000,
        "1000" : 0.000000
      },
      "latency_us" : {
        "2" : 0.000000,
        "4" : 0.010000,
        "10" : 0.040910,
        "20" : 96.235764,
        "50" : 3.622944,
        "100" : 0.100111,
        "250" : 0.010000,
        "500" : 0.000000,
        "750" : 0.000000,
        "1000" : 0.000000
      },
      "latency_ms" : {
        "2" : 0.000000,
        "4" : 0.000000,
        "10" : 0.000000,
        "20" : 0.000000,
        "50" : 0.000000,
        "100" : 0.000000,
        "250" : 0.000000,
        "500" : 0.000000,
        "750" : 0.000000,
        "1000" : 0.000000,
        "2000" : 0.000000,
        ">=2000" : 0.000000
      },
      "latency_depth" : 8,
      "latency_target" : 0,
      "latency_percentile" : 100.000000,
      "latency_window" : 0
    }
  ]
}

io_uring_cmd-xnvme: (groupid=0, jobs=1): err= 0: pid=10221: Wed Oct 26 15:23:45 2022
  read: IOPS=423k, BW=206MiB/s (216MB/s)(1444MiB/7000msec)
    slat (nsec): min=1232, max=23514, avg=1841.14, stdev=389.69
    clat (usec): min=3, max=120, avg=16.78, stdev= 3.70
     lat (usec): min=6, max=121, avg=18.62, stdev= 3.67
    clat percentiles (nsec):
     |  1.00th=[12608],  5.00th=[13248], 10.00th=[14400], 20.00th=[15296],
     | 30.00th=[15808], 40.00th=[16192], 50.00th=[16512], 60.00th=[16768],
     | 70.00th=[17024], 80.00th=[17536], 90.00th=[17792], 95.00th=[18560],
     | 99.00th=[36608], 99.50th=[38656], 99.90th=[50432], 99.95th=[66048],
     | 99.99th=[81408]
   bw (  KiB/s): min=208536, max=213329, per=100.00%, avg=211349.43, stdev=1221.80, samples=14
   iops        : min=417072, max=426658, avg=422699.00, stdev=2443.59, samples=14
  lat (usec)   : 4=0.01%, 10=0.04%, 20=96.24%, 50=3.62%, 100=0.10%
  lat (usec)   : 250=0.01%
  cpu          : usr=20.44%, sys=76.71%, ctx=14856, majf=0, minf=0
  IO depths    : 1=0.0%, 2=0.0%, 4=0.0%, 8=100.0%, 16=0.0%, 32=0.0%, >=64=0.0%
     submit    : 0=0.0%, 4=100.0%, 8=0.0%, 16=0.0%, 32=0.0%, 64=0.0%, >=64=0.0%
     complete  : 0=0.0%, 4=100.0%, 8=0.1%, 16=0.0%, 32=0.0%, 64=0.0%, >=64=0.0%
     issued rwts: total=2957705,0,0,0 short=0,0,0,0 dropped=0,0,0,0
     latency   : target=0, window=0, percentile=100.00%, depth=8

Run status group 0 (all jobs):
   READ: bw=206MiB/s (216MB/s), 206MiB/s-206MiB/s (216MB/s-216MB/s), io=1444MiB (1514MB), run=7000-7000msec
