libaio-bdev_aio: (g=0): rw=randread, bs=(R) 512B-512B, (W) 512B-512B, (T) 512B-512B, ioengine=spdk_bdev, iodepth=1
fio-3.32-dirty
Starting 1 thread
{
  "fio version" : "fio-3.32-dirty",
  "timestamp" : 1666789511,
  "timestamp_ms" : 1666789511342,
  "time" : "Wed Oct 26 15:05:11 2022",
  "jobs" : [
    {
      "jobname" : "libaio-bdev_aio",
      "groupid" : 0,
      "error" : 0,
      "eta" : 0,
      "elapsed" : 11,
      "job options" : {
        "name" : "libaio-bdev_aio",
        "rw" : "randread",
        "size" : "12G",
        "iodepth" : "1",
        "bs" : "512",
        "direct" : "1",
        "thread" : "1",
        "time_based" : "1",
        "runtime" : "7",
        "ramp_time" : "3",
        "norandommap" : "1",
        "allow_file_create" : "0",
        "ioengine" : "spdk_bdev",
        "spdk_conf" : "/tmp/spdk_bdev_aio_foo.conf",
        "filename" : "Nvme0n1",
        "cpus_allowed" : "1"
      },
      "read" : {
        "io_bytes" : 544499200,
        "io_kbytes" : 531737,
        "bw_bytes" : 77774489,
        "bw" : 75951,
        "iops" : 151903.299529,
        "runtime" : 7001,
        "total_ios" : 1063475,
        "short_ios" : 0,
        "drop_ios" : 0,
        "slat_ns" : {
          "min" : 1753,
          "max" : 16831,
          "mean" : 1900.398060,
          "stddev" : 139.445188,
          "N" : 1063475
        },
        "clat_ns" : {
          "min" : 210,
          "max" : 77395,
          "mean" : 4459.766281,
          "stddev" : 1077.834294,
          "N" : 1063475,
          "percentile" : {
            "1.000000" : 4048,
            "5.000000" : 4192,
            "10.000000" : 4256,
            "20.000000" : 4256,
            "30.000000" : 4256,
            "40.000000" : 4320,
            "50.000000" : 4320,
            "60.000000" : 4384,
            "70.000000" : 4384,
            "80.000000" : 4384,
            "90.000000" : 4448,
            "95.000000" : 4576,
            "99.000000" : 9664,
            "99.500000" : 10560,
            "99.900000" : 15296,
            "99.950000" : 15424,
            "99.990000" : 57088
          }
        },
        "lat_ns" : {
          "min" : 5620,
          "max" : 79289,
          "mean" : 6360.164341,
          "stddev" : 1089.019246,
          "N" : 1063475
        },
        "bw_min" : 75781,
        "bw_max" : 76168,
        "bw_agg" : 100.000000,
        "bw_mean" : 75991.692308,
        "bw_dev" : 122.716058,
        "bw_samples" : 13,
        "iops_min" : 151562,
        "iops_max" : 152336,
        "iops_mean" : 151983.461538,
        "iops_stddev" : 245.379507,
        "iops_samples" : 13
      },
      "write" : {
        "io_bytes" : 0,
        "io_kbytes" : 0,
        "bw_bytes" : 0,
        "bw" : 0,
        "iops" : 0.000000,
        "runtime" : 0,
        "total_ios" : 0,
        "short_ios" : 0,
        "drop_ios" : 0,
        "slat_ns" : {
          "min" : 0,
          "max" : 0,
          "mean" : 0.000000,
          "stddev" : 0.000000,
          "N" : 0
        },
        "clat_ns" : {
          "min" : 0,
          "max" : 0,
          "mean" : 0.000000,
          "stddev" : 0.000000,
          "N" : 0
        },
        "lat_ns" : {
          "min" : 0,
          "max" : 0,
          "mean" : 0.000000,
          "stddev" : 0.000000,
          "N" : 0
        },
        "bw_min" : 0,
        "bw_max" : 0,
        "bw_agg" : 0.000000,
        "bw_mean" : 0.000000,
        "bw_dev" : 0.000000,
        "bw_samples" : 0,
        "iops_min" : 0,
        "iops_max" : 0,
        "iops_mean" : 0.000000,
        "iops_stddev" : 0.000000,
        "iops_samples" : 0
      },
      "trim" : {
        "io_bytes" : 0,
        "io_kbytes" : 0,
        "bw_bytes" : 0,
        "bw" : 0,
        "iops" : 0.000000,
        "runtime" : 0,
        "total_ios" : 0,
        "short_ios" : 0,
        "drop_ios" : 0,
        "slat_ns" : {
          "min" : 0,
          "max" : 0,
          "mean" : 0.000000,
          "stddev" : 0.000000,
          "N" : 0
        },
        "clat_ns" : {
          "min" : 0,
          "max" : 0,
          "mean" : 0.000000,
          "stddev" : 0.000000,
          "N" : 0
        },
        "lat_ns" : {
          "min" : 0,
          "max" : 0,
          "mean" : 0.000000,
          "stddev" : 0.000000,
          "N" : 0
        },
        "bw_min" : 0,
        "bw_max" : 0,
        "bw_agg" : 0.000000,
        "bw_mean" : 0.000000,
        "bw_dev" : 0.000000,
        "bw_samples" : 0,
        "iops_min" : 0,
        "iops_max" : 0,
        "iops_mean" : 0.000000,
        "iops_stddev" : 0.000000,
        "iops_samples" : 0
      },
      "sync" : {
        "total_ios" : 0,
        "lat_ns" : {
          "min" : 0,
          "max" : 0,
          "mean" : 0.000000,
          "stddev" : 0.000000,
          "N" : 0
        }
      },
      "job_runtime" : 7000,
      "usr_cpu" : 74.900000,
      "sys_cpu" : 25.071429,
      "ctx" : 10,
      "majf" : 0,
      "minf" : 0,
      "iodepth_level" : {
        "1" : 100.000000,
        "2" : 0.000000,
        "4" : 0.000000,
        "8" : 0.000000,
        "16" : 0.000000,
        "32" : 0.000000,
        ">=64" : 0.000000
      },
      "iodepth_submit" : {
        "0" : 0.000000,
        "4" : 100.000000,
        "8" : 0.000000,
        "16" : 0.000000,
        "32" : 0.000000,
        "64" : 0.000000,
        ">=64" : 0.000000
      },
      "iodepth_complete" : {
        "0" : 0.000000,
        "4" : 100.000000,
        "8" : 0.000000,
        "16" : 0.000000,
        "32" : 0.000000,
        "64" : 0.000000,
        ">=64" : 0.000000
      },
      "latency_ns" : {
        "2" : 0.000000,
        "4" : 0.000000,
        "10" : 0.000000,
        "20" : 0.000000,
        "50" : 0.000000,
        "100" : 0.000000,
        "250" : 0.010000,
        "500" : 0.010000,
        "750" : 0.000000,
        "1000" : 0.010000
      },
      "latency_us" : {
        "2" : 0.010000,
        "4" : 0.799643,
        "10" : 98.374292,
        "20" : 0.809046,
        "50" : 0.010000,
        "100" : 0.012130,
        "250" : 0.000000,
        "500" : 0.000000,
        "750" : 0.000000,
        "1000" : 0.000000
      },
      "latency_ms" : {
        "2" : 0.000000,
        "4" : 0.000000,
        "10" : 0.000000,
        "20" : 0.000000,
        "50" : 0.000000,
        "100" : 0.000000,
        "250" : 0.000000,
        "500" : 0.000000,
        "750" : 0.000000,
        "1000" : 0.000000,
        "2000" : 0.000000,
        ">=2000" : 0.000000
      },
      "latency_depth" : 1,
      "latency_target" : 0,
      "latency_percentile" : 100.000000,
      "latency_window" : 0
    }
  ]
}

libaio-bdev_aio: (groupid=0, jobs=1): err= 0: pid=6226: Wed Oct 26 15:05:11 2022
  read: IOPS=152k, BW=74.2MiB/s (77.8MB/s)(519MiB/7001msec)
    slat (nsec): min=1753, max=16831, avg=1900.40, stdev=139.45
    clat (nsec): min=210, max=77395, avg=4459.77, stdev=1077.83
     lat (nsec): min=5620, max=79289, avg=6360.16, stdev=1089.02
    clat percentiles (nsec):
     |  1.00th=[ 4048],  5.00th=[ 4192], 10.00th=[ 4256], 20.00th=[ 4256],
     | 30.00th=[ 4256], 40.00th=[ 4320], 50.00th=[ 4320], 60.00th=[ 4384],
     | 70.00th=[ 4384], 80.00th=[ 4384], 90.00th=[ 4448], 95.00th=[ 4576],
     | 99.00th=[ 9664], 99.50th=[10560], 99.90th=[15296], 99.95th=[15424],
     | 99.99th=[57088]
   bw (  KiB/s): min=75781, max=76168, per=100.00%, avg=75991.69, stdev=122.72, samples=13
   iops        : min=151562, max=152336, avg=151983.46, stdev=245.38, samples=13
  lat (nsec)   : 250=0.01%, 500=0.01%, 1000=0.01%
  lat (usec)   : 2=0.01%, 4=0.80%, 10=98.37%, 20=0.81%, 50=0.01%
  lat (usec)   : 100=0.01%
  cpu          : usr=74.90%, sys=25.07%, ctx=10, majf=0, minf=0
  IO depths    : 1=100.0%, 2=0.0%, 4=0.0%, 8=0.0%, 16=0.0%, 32=0.0%, >=64=0.0%
     submit    : 0=0.0%, 4=100.0%, 8=0.0%, 16=0.0%, 32=0.0%, 64=0.0%, >=64=0.0%
     complete  : 0=0.0%, 4=100.0%, 8=0.0%, 16=0.0%, 32=0.0%, 64=0.0%, >=64=0.0%
     issued rwts: total=1063475,0,0,0 short=0,0,0,0 dropped=0,0,0,0
     latency   : target=0, window=0, percentile=100.00%, depth=1

Run status group 0 (all jobs):
   READ: bw=74.2MiB/s (77.8MB/s), 74.2MiB/s-74.2MiB/s (77.8MB/s-77.8MB/s), io=519MiB (544MB), run=7001-7001msec
