io_uring_cmd-xnvme: (g=0): rw=randread, bs=(R) 512B-512B, (W) 512B-512B, (T) 512B-512B, ioengine=xnvme, iodepth=2
fio-3.32-dirty
Starting 1 thread
{
  "fio version" : "fio-3.32-dirty",
  "timestamp" : 1666789696,
  "timestamp_ms" : 1666789696879,
  "time" : "Wed Oct 26 15:08:16 2022",
  "jobs" : [
    {
      "jobname" : "io_uring_cmd-xnvme",
      "groupid" : 0,
      "error" : 0,
      "eta" : 0,
      "elapsed" : 11,
      "job options" : {
        "name" : "io_uring_cmd-xnvme",
        "rw" : "randread",
        "size" : "12G",
        "iodepth" : "2",
        "bs" : "512",
        "direct" : "0",
        "thread" : "1",
        "time_based" : "1",
        "runtime" : "7",
        "ramp_time" : "3",
        "norandommap" : "1",
        "allow_file_create" : "0",
        "ioengine" : "external:/usr/local/lib/x86_64-linux-gnu/libxnvme-fio-engine.so",
        "xnvme_be" : "linux",
        "xnvme_async" : "io_uring_cmd",
        "xnvme_sync" : "nvme",
        "xnvme_admin" : "nvme",
        "xnvme_dev_nsid" : "1",
        "filename" : "/dev/ng0n1",
        "cpus_allowed" : "1"
      },
      "read" : {
        "io_bytes" : 762843136,
        "io_kbytes" : 744964,
        "bw_bytes" : 108977590,
        "bw" : 106423,
        "iops" : 212846.714286,
        "runtime" : 7000,
        "total_ios" : 1489927,
        "short_ios" : 0,
        "drop_ios" : 0,
        "slat_ns" : {
          "min" : 1212,
          "max" : 34444,
          "mean" : 1402.238872,
          "stddev" : 161.624220,
          "N" : 1489927
        },
        "clat_ns" : {
          "min" : 180,
          "max" : 110517,
          "mean" : 7730.380643,
          "stddev" : 2149.553208,
          "N" : 1489928,
          "percentile" : {
            "1.000000" : 5536,
            "5.000000" : 5664,
            "10.000000" : 5728,
            "20.000000" : 5792,
            "30.000000" : 5920,
            "40.000000" : 7264,
            "50.000000" : 7520,
            "60.000000" : 7712,
            "70.000000" : 9280,
            "80.000000" : 9408,
            "90.000000" : 9408,
            "95.000000" : 9536,
            "99.000000" : 16768,
            "99.500000" : 18304,
            "99.900000" : 23424,
            "99.950000" : 24192,
            "99.990000" : 63744
          }
        },
        "lat_ns" : {
          "min" : 5690,
          "max" : 111760,
          "mean" : 9132.619582,
          "stddev" : 2205.875773,
          "N" : 1489928
        },
        "bw_min" : 106063,
        "bw_max" : 106683,
        "bw_agg" : 100.000000,
        "bw_mean" : 106427.071429,
        "bw_dev" : 168.812807,
        "bw_samples" : 14,
        "iops_min" : 212126,
        "iops_max" : 213366,
        "iops_mean" : 212854.142857,
        "iops_stddev" : 337.625614,
        "iops_samples" : 14
      },
      "write" : {
        "io_bytes" : 0,
        "io_kbytes" : 0,
        "bw_bytes" : 0,
        "bw" : 0,
        "iops" : 0.000000,
        "runtime" : 0,
        "total_ios" : 0,
        "short_ios" : 0,
        "drop_ios" : 0,
        "slat_ns" : {
          "min" : 0,
          "max" : 0,
          "mean" : 0.000000,
          "stddev" : 0.000000,
          "N" : 0
        },
        "clat_ns" : {
          "min" : 0,
          "max" : 0,
          "mean" : 0.000000,
          "stddev" : 0.000000,
          "N" : 0
        },
        "lat_ns" : {
          "min" : 0,
          "max" : 0,
          "mean" : 0.000000,
          "stddev" : 0.000000,
          "N" : 0
        },
        "bw_min" : 0,
        "bw_max" : 0,
        "bw_agg" : 0.000000,
        "bw_mean" : 0.000000,
        "bw_dev" : 0.000000,
        "bw_samples" : 0,
        "iops_min" : 0,
        "iops_max" : 0,
        "iops_mean" : 0.000000,
        "iops_stddev" : 0.000000,
        "iops_samples" : 0
      },
      "trim" : {
        "io_bytes" : 0,
        "io_kbytes" : 0,
        "bw_bytes" : 0,
        "bw" : 0,
        "iops" : 0.000000,
        "runtime" : 0,
        "total_ios" : 0,
        "short_ios" : 0,
        "drop_ios" : 0,
        "slat_ns" : {
          "min" : 0,
          "max" : 0,
          "mean" : 0.000000,
          "stddev" : 0.000000,
          "N" : 0
        },
        "clat_ns" : {
          "min" : 0,
          "max" : 0,
          "mean" : 0.000000,
          "stddev" : 0.000000,
          "N" : 0
        },
        "lat_ns" : {
          "min" : 0,
          "max" : 0,
          "mean" : 0.000000,
          "stddev" : 0.000000,
          "N" : 0
        },
        "bw_min" : 0,
        "bw_max" : 0,
        "bw_agg" : 0.000000,
        "bw_mean" : 0.000000,
        "bw_dev" : 0.000000,
        "bw_samples" : 0,
        "iops_min" : 0,
        "iops_max" : 0,
        "iops_mean" : 0.000000,
        "iops_stddev" : 0.000000,
        "iops_samples" : 0
      },
      "sync" : {
        "total_ios" : 0,
        "lat_ns" : {
          "min" : 0,
          "max" : 0,
          "mean" : 0.000000,
          "stddev" : 0.000000,
          "N" : 0
        }
      },
      "job_runtime" : 7000,
      "usr_cpu" : 14.314286,
      "sys_cpu" : 48.085714,
      "ctx" : 747909,
      "majf" : 0,
      "minf" : 0,
      "iodepth_level" : {
        "1" : 0.000000,
        "2" : 100.000000,
        "4" : 0.000000,
        "8" : 0.000000,
        "16" : 0.000000,
        "32" : 0.000000,
        ">=64" : 0.000000
      },
      "iodepth_submit" : {
        "0" : 0.000000,
        "4" : 100.000000,
        "8" : 0.000000,
        "16" : 0.000000,
        "32" : 0.000000,
        "64" : 0.000000,
        ">=64" : 0.000000
      },
      "iodepth_complete" : {
        "0" : 0.000000,
        "4" : 100.000000,
        "8" : 0.000000,
        "16" : 0.000000,
        "32" : 0.000000,
        "64" : 0.000000,
        ">=64" : 0.000000
      },
      "latency_ns" : {
        "2" : 0.000000,
        "4" : 0.000000,
        "10" : 0.000000,
        "20" : 0.000000,
        "50" : 0.000000,
        "100" : 0.000000,
        "250" : 0.010000,
        "500" : 0.000000,
        "750" : 0.000000,
        "1000" : 0.000000
      },
      "latency_us" : {
        "2" : 0.000000,
        "4" : 0.010000,
        "10" : 97.368864,
        "20" : 2.503680,
        "50" : 0.096649,
        "100" : 0.021276,
        "250" : 0.010000,
        "500" : 0.000000,
        "750" : 0.000000,
        "1000" : 0.000000
      },
      "latency_ms" : {
        "2" : 0.000000,
        "4" : 0.000000,
        "10" : 0.000000,
        "20" : 0.000000,
        "50" : 0.000000,
        "100" : 0.000000,
        "250" : 0.000000,
        "500" : 0.000000,
        "750" : 0.000000,
        "1000" : 0.000000,
        "2000" : 0.000000,
        ">=2000" : 0.000000
      },
      "latency_depth" : 2,
      "latency_target" : 0,
      "latency_percentile" : 100.000000,
      "latency_window" : 0
    }
  ]
}

io_uring_cmd-xnvme: (groupid=0, jobs=1): err= 0: pid=6880: Wed Oct 26 15:08:16 2022
  read: IOPS=213k, BW=104MiB/s (109MB/s)(728MiB/7000msec)
    slat (nsec): min=1212, max=34444, avg=1402.24, stdev=161.62
    clat (nsec): min=180, max=110517, avg=7730.38, stdev=2149.55
     lat (usec): min=5, max=111, avg= 9.13, stdev= 2.21
    clat percentiles (nsec):
     |  1.00th=[ 5536],  5.00th=[ 5664], 10.00th=[ 5728], 20.00th=[ 5792],
     | 30.00th=[ 5920], 40.00th=[ 7264], 50.00th=[ 7520], 60.00th=[ 7712],
     | 70.00th=[ 9280], 80.00th=[ 9408], 90.00th=[ 9408], 95.00th=[ 9536],
     | 99.00th=[16768], 99.50th=[18304], 99.90th=[23424], 99.95th=[24192],
     | 99.99th=[63744]
   bw (  KiB/s): min=106063, max=106683, per=100.00%, avg=106427.07, stdev=168.81, samples=14
   iops        : min=212126, max=213366, avg=212854.14, stdev=337.63, samples=14
  lat (nsec)   : 250=0.01%
  lat (usec)   : 4=0.01%, 10=97.37%, 20=2.50%, 50=0.10%, 100=0.02%
  lat (usec)   : 250=0.01%
  cpu          : usr=14.31%, sys=48.09%, ctx=747909, majf=0, minf=0
  IO depths    : 1=0.0%, 2=100.0%, 4=0.0%, 8=0.0%, 16=0.0%, 32=0.0%, >=64=0.0%
     submit    : 0=0.0%, 4=100.0%, 8=0.0%, 16=0.0%, 32=0.0%, 64=0.0%, >=64=0.0%
     complete  : 0=0.0%, 4=100.0%, 8=0.0%, 16=0.0%, 32=0.0%, 64=0.0%, >=64=0.0%
     issued rwts: total=1489927,0,0,0 short=0,0,0,0 dropped=0,0,0,0
     latency   : target=0, window=0, percentile=100.00%, depth=2

Run status group 0 (all jobs):
   READ: bw=104MiB/s (109MB/s), 104MiB/s-104MiB/s (109MB/s-109MB/s), io=728MiB (763MB), run=7000-7000msec
