libaio-reference: (g=0): rw=randread, bs=(R) 512B-512B, (W) 512B-512B, (T) 512B-512B, ioengine=libaio, iodepth=1
fio-3.32-dirty
Starting 1 thread
{
  "fio version" : "fio-3.32-dirty",
  "timestamp" : 1666789452,
  "timestamp_ms" : 1666789452865,
  "time" : "Wed Oct 26 15:04:12 2022",
  "jobs" : [
    {
      "jobname" : "libaio-reference",
      "groupid" : 0,
      "error" : 0,
      "eta" : 0,
      "elapsed" : 11,
      "job options" : {
        "name" : "libaio-reference",
        "rw" : "randread",
        "size" : "12G",
        "iodepth" : "1",
        "bs" : "512",
        "direct" : "1",
        "thread" : "1",
        "time_based" : "1",
        "runtime" : "7",
        "ramp_time" : "3",
        "norandommap" : "1",
        "allow_file_create" : "0",
        "ioengine" : "libaio",
        "filename" : "/dev/nvme0n1",
        "cpus_allowed" : "1"
      },
      "read" : {
        "io_bytes" : 391555584,
        "io_kbytes" : 382378,
        "bw_bytes" : 55928522,
        "bw" : 54617,
        "iops" : 109235.394944,
        "runtime" : 7001,
        "total_ios" : 764757,
        "short_ios" : 0,
        "drop_ios" : 0,
        "slat_ns" : {
          "min" : 1653,
          "max" : 6341,
          "mean" : 1761.576344,
          "stddev" : 74.909216,
          "N" : 764757
        },
        "clat_ns" : {
          "min" : 2775,
          "max" : 94186,
          "mean" : 7098.314393,
          "stddev" : 981.590607,
          "N" : 764757,
          "percentile" : {
            "1.000000" : 6624,
            "5.000000" : 6816,
            "10.000000" : 6880,
            "20.000000" : 6880,
            "30.000000" : 6944,
            "40.000000" : 6944,
            "50.000000" : 7008,
            "60.000000" : 7072,
            "70.000000" : 7072,
            "80.000000" : 7072,
            "90.000000" : 7200,
            "95.000000" : 7264,
            "99.000000" : 10176,
            "99.500000" : 13504,
            "99.900000" : 15424,
            "99.950000" : 15680,
            "99.990000" : 58112
          }
        },
        "lat_ns" : {
          "min" : 7384,
          "max" : 95980,
          "mean" : 8859.890737,
          "stddev" : 985.744709,
          "N" : 764757
        },
        "bw_min" : 54489,
        "bw_max" : 54838,
        "bw_agg" : 100.000000,
        "bw_mean" : 54647.692308,
        "bw_dev" : 106.501475,
        "bw_samples" : 13,
        "iops_min" : 108978,
        "iops_max" : 109676,
        "iops_mean" : 109295.461538,
        "iops_stddev" : 213.112887,
        "iops_samples" : 13
      },
      "write" : {
        "io_bytes" : 0,
        "io_kbytes" : 0,
        "bw_bytes" : 0,
        "bw" : 0,
        "iops" : 0.000000,
        "runtime" : 0,
        "total_ios" : 0,
        "short_ios" : 0,
        "drop_ios" : 0,
        "slat_ns" : {
          "min" : 0,
          "max" : 0,
          "mean" : 0.000000,
          "stddev" : 0.000000,
          "N" : 0
        },
        "clat_ns" : {
          "min" : 0,
          "max" : 0,
          "mean" : 0.000000,
          "stddev" : 0.000000,
          "N" : 0
        },
        "lat_ns" : {
          "min" : 0,
          "max" : 0,
          "mean" : 0.000000,
          "stddev" : 0.000000,
          "N" : 0
        },
        "bw_min" : 0,
        "bw_max" : 0,
        "bw_agg" : 0.000000,
        "bw_mean" : 0.000000,
        "bw_dev" : 0.000000,
        "bw_samples" : 0,
        "iops_min" : 0,
        "iops_max" : 0,
        "iops_mean" : 0.000000,
        "iops_stddev" : 0.000000,
        "iops_samples" : 0
      },
      "trim" : {
        "io_bytes" : 0,
        "io_kbytes" : 0,
        "bw_bytes" : 0,
        "bw" : 0,
        "iops" : 0.000000,
        "runtime" : 0,
        "total_ios" : 0,
        "short_ios" : 0,
        "drop_ios" : 0,
        "slat_ns" : {
          "min" : 0,
          "max" : 0,
          "mean" : 0.000000,
          "stddev" : 0.000000,
          "N" : 0
        },
        "clat_ns" : {
          "min" : 0,
          "max" : 0,
          "mean" : 0.000000,
          "stddev" : 0.000000,
          "N" : 0
        },
        "lat_ns" : {
          "min" : 0,
          "max" : 0,
          "mean" : 0.000000,
          "stddev" : 0.000000,
          "N" : 0
        },
        "bw_min" : 0,
        "bw_max" : 0,
        "bw_agg" : 0.000000,
        "bw_mean" : 0.000000,
        "bw_dev" : 0.000000,
        "bw_samples" : 0,
        "iops_min" : 0,
        "iops_max" : 0,
        "iops_mean" : 0.000000,
        "iops_stddev" : 0.000000,
        "iops_samples" : 0
      },
      "sync" : {
        "total_ios" : 0,
        "lat_ns" : {
          "min" : 0,
          "max" : 0,
          "mean" : 0.000000,
          "stddev" : 0.000000,
          "N" : 0
        }
      },
      "job_runtime" : 7000,
      "usr_cpu" : 15.628571,
      "sys_cpu" : 27.585714,
      "ctx" : 764759,
      "majf" : 0,
      "minf" : 1,
      "iodepth_level" : {
        "1" : 100.000000,
        "2" : 0.000000,
        "4" : 0.000000,
        "8" : 0.000000,
        "16" : 0.000000,
        "32" : 0.000000,
        ">=64" : 0.000000
      },
      "iodepth_submit" : {
        "0" : 0.000000,
        "4" : 100.000000,
        "8" : 0.000000,
        "16" : 0.000000,
        "32" : 0.000000,
        "64" : 0.000000,
        ">=64" : 0.000000
      },
      "iodepth_complete" : {
        "0" : 0.000000,
        "4" : 100.000000,
        "8" : 0.000000,
        "16" : 0.000000,
        "32" : 0.000000,
        "64" : 0.000000,
        ">=64" : 0.000000
      },
      "latency_ns" : {
        "2" : 0.000000,
        "4" : 0.000000,
        "10" : 0.000000,
        "20" : 0.000000,
        "50" : 0.000000,
        "100" : 0.000000,
        "250" : 0.000000,
        "500" : 0.000000,
        "750" : 0.000000,
        "1000" : 0.000000
      },
      "latency_us" : {
        "2" : 0.000000,
        "4" : 0.010000,
        "10" : 98.872583,
        "20" : 1.104534,
        "50" : 0.010000,
        "100" : 0.014253,
        "250" : 0.000000,
        "500" : 0.000000,
        "750" : 0.000000,
        "1000" : 0.000000
      },
      "latency_ms" : {
        "2" : 0.000000,
        "4" : 0.000000,
        "10" : 0.000000,
        "20" : 0.000000,
        "50" : 0.000000,
        "100" : 0.000000,
        "250" : 0.000000,
        "500" : 0.000000,
        "750" : 0.000000,
        "1000" : 0.000000,
        "2000" : 0.000000,
        ">=2000" : 0.000000
      },
      "latency_depth" : 1,
      "latency_target" : 0,
      "latency_percentile" : 100.000000,
      "latency_window" : 0
    }
  ],
  "disk_util" : [
    {
      "name" : "nvme0n1",
      "read_ios" : 1067722,
      "write_ios" : 0,
      "read_merges" : 0,
      "write_merges" : 0,
      "read_ticks" : 5364,
      "write_ticks" : 0,
      "in_queue" : 5364,
      "util" : 99.045298
    }
  ]
}

libaio-reference: (groupid=0, jobs=1): err= 0: pid=6017: Wed Oct 26 15:04:12 2022
  read: IOPS=109k, BW=53.3MiB/s (55.9MB/s)(373MiB/7001msec)
    slat (nsec): min=1653, max=6341, avg=1761.58, stdev=74.91
    clat (nsec): min=2775, max=94186, avg=7098.31, stdev=981.59
     lat (nsec): min=7384, max=95980, avg=8859.89, stdev=985.74
    clat percentiles (nsec):
     |  1.00th=[ 6624],  5.00th=[ 6816], 10.00th=[ 6880], 20.00th=[ 6880],
     | 30.00th=[ 6944], 40.00th=[ 6944], 50.00th=[ 7008], 60.00th=[ 7072],
     | 70.00th=[ 7072], 80.00th=[ 7072], 90.00th=[ 7200], 95.00th=[ 7264],
     | 99.00th=[10176], 99.50th=[13504], 99.90th=[15424], 99.95th=[15680],
     | 99.99th=[58112]
   bw (  KiB/s): min=54489, max=54838, per=100.00%, avg=54647.69, stdev=106.50, samples=13
   iops        : min=108978, max=109676, avg=109295.46, stdev=213.11, samples=13
  lat (usec)   : 4=0.01%, 10=98.87%, 20=1.10%, 50=0.01%, 100=0.01%
  cpu          : usr=15.63%, sys=27.59%, ctx=764759, majf=0, minf=1
  IO depths    : 1=100.0%, 2=0.0%, 4=0.0%, 8=0.0%, 16=0.0%, 32=0.0%, >=64=0.0%
     submit    : 0=0.0%, 4=100.0%, 8=0.0%, 16=0.0%, 32=0.0%, 64=0.0%, >=64=0.0%
     complete  : 0=0.0%, 4=100.0%, 8=0.0%, 16=0.0%, 32=0.0%, 64=0.0%, >=64=0.0%
     issued rwts: total=764757,0,0,0 short=0,0,0,0 dropped=0,0,0,0
     latency   : target=0, window=0, percentile=100.00%, depth=1

Run status group 0 (all jobs):
   READ: bw=53.3MiB/s (55.9MB/s), 53.3MiB/s-53.3MiB/s (55.9MB/s-55.9MB/s), io=373MiB (392MB), run=7001-7001msec

Disk stats (read/write):
  nvme0n1: ios=1067722/0, merge=0/0, ticks=5364/0, in_queue=5364, util=99.05%
