libaio-xnvme: (g=0): rw=randread, bs=(R) 512B-512B, (W) 512B-512B, (T) 512B-512B, ioengine=xnvme, iodepth=1
fio-3.32-dirty
Starting 1 thread
{
  "fio version" : "fio-3.32-dirty",
  "timestamp" : 1666789600,
  "timestamp_ms" : 1666789600159,
  "time" : "Wed Oct 26 15:06:40 2022",
  "jobs" : [
    {
      "jobname" : "libaio-xnvme",
      "groupid" : 0,
      "error" : 0,
      "eta" : 0,
      "elapsed" : 11,
      "job options" : {
        "name" : "libaio-xnvme",
        "rw" : "randread",
        "size" : "12G",
        "iodepth" : "1",
        "bs" : "512",
        "direct" : "1",
        "thread" : "1",
        "time_based" : "1",
        "runtime" : "7",
        "ramp_time" : "3",
        "norandommap" : "1",
        "allow_file_create" : "0",
        "ioengine" : "external:/usr/local/lib/x86_64-linux-gnu/libxnvme-fio-engine.so",
        "xnvme_be" : "linux",
        "xnvme_async" : "libaio",
        "xnvme_sync" : "nvme",
        "xnvme_admin" : "nvme",
        "xnvme_dev_nsid" : "1",
        "filename" : "/dev/nvme0n1",
        "cpus_allowed" : "1"
      },
      "read" : {
        "io_bytes" : 385519104,
        "io_kbytes" : 376483,
        "bw_bytes" : 55066291,
        "bw" : 53775,
        "iops" : 107551.349807,
        "runtime" : 7001,
        "total_ios" : 752967,
        "short_ios" : 0,
        "drop_ios" : 0,
        "slat_ns" : {
          "min" : 1693,
          "max" : 22682,
          "mean" : 1809.645753,
          "stddev" : 88.186978,
          "N" : 752967
        },
        "clat_ns" : {
          "min" : 672,
          "max" : 75631,
          "mean" : 7207.420906,
          "stddev" : 1021.305121,
          "N" : 752967,
          "percentile" : {
            "1.000000" : 6752,
            "5.000000" : 6944,
            "10.000000" : 6944,
            "20.000000" : 7008,
            "30.000000" : 7008,
            "40.000000" : 7072,
            "50.000000" : 7136,
            "60.000000" : 7136,
            "70.000000" : 7200,
            "80.000000" : 7200,
            "90.000000" : 7264,
            "95.000000" : 7392,
            "99.000000" : 10048,
            "99.500000" : 13504,
            "99.900000" : 15424,
            "99.950000" : 15808,
            "99.990000" : 60160
          }
        },
        "lat_ns" : {
          "min" : 7604,
          "max" : 77385,
          "mean" : 9017.066659,
          "stddev" : 1026.795108,
          "N" : 752967
        },
        "bw_min" : 53671,
        "bw_max" : 53904,
        "bw_agg" : 100.000000,
        "bw_mean" : 53804.928571,
        "bw_dev" : 70.010400,
        "bw_samples" : 14,
        "iops_min" : 107342,
        "iops_max" : 107808,
        "iops_mean" : 107610.000000,
        "iops_stddev" : 139.982966,
        "iops_samples" : 14
      },
      "write" : {
        "io_bytes" : 0,
        "io_kbytes" : 0,
        "bw_bytes" : 0,
        "bw" : 0,
        "iops" : 0.000000,
        "runtime" : 0,
        "total_ios" : 0,
        "short_ios" : 0,
        "drop_ios" : 0,
        "slat_ns" : {
          "min" : 0,
          "max" : 0,
          "mean" : 0.000000,
          "stddev" : 0.000000,
          "N" : 0
        },
        "clat_ns" : {
          "min" : 0,
          "max" : 0,
          "mean" : 0.000000,
          "stddev" : 0.000000,
          "N" : 0
        },
        "lat_ns" : {
          "min" : 0,
          "max" : 0,
          "mean" : 0.000000,
          "stddev" : 0.000000,
          "N" : 0
        },
        "bw_min" : 0,
        "bw_max" : 0,
        "bw_agg" : 0.000000,
        "bw_mean" : 0.000000,
        "bw_dev" : 0.000000,
        "bw_samples" : 0,
        "iops_min" : 0,
        "iops_max" : 0,
        "iops_mean" : 0.000000,
        "iops_stddev" : 0.000000,
        "iops_samples" : 0
      },
      "trim" : {
        "io_bytes" : 0,
        "io_kbytes" : 0,
        "bw_bytes" : 0,
        "bw" : 0,
        "iops" : 0.000000,
        "runtime" : 0,
        "total_ios" : 0,
        "short_ios" : 0,
        "drop_ios" : 0,
        "slat_ns" : {
          "min" : 0,
          "max" : 0,
          "mean" : 0.000000,
          "stddev" : 0.000000,
          "N" : 0
        },
        "clat_ns" : {
          "min" : 0,
          "max" : 0,
          "mean" : 0.000000,
          "stddev" : 0.000000,
          "N" : 0
        },
        "lat_ns" : {
          "min" : 0,
          "max" : 0,
          "mean" : 0.000000,
          "stddev" : 0.000000,
          "N" : 0
        },
        "bw_min" : 0,
        "bw_max" : 0,
        "bw_agg" : 0.000000,
        "bw_mean" : 0.000000,
        "bw_dev" : 0.000000,
        "bw_samples" : 0,
        "iops_min" : 0,
        "iops_max" : 0,
        "iops_mean" : 0.000000,
        "iops_stddev" : 0.000000,
        "iops_samples" : 0
      },
      "sync" : {
        "total_ios" : 0,
        "lat_ns" : {
          "min" : 0,
          "max" : 0,
          "mean" : 0.000000,
          "stddev" : 0.000000,
          "N" : 0
        }
      },
      "job_runtime" : 7000,
      "usr_cpu" : 11.300000,
      "sys_cpu" : 35.500000,
      "ctx" : 752967,
      "majf" : 0,
      "minf" : 0,
      "iodepth_level" : {
        "1" : 100.000000,
        "2" : 0.000000,
        "4" : 0.000000,
        "8" : 0.000000,
        "16" : 0.000000,
        "32" : 0.000000,
        ">=64" : 0.000000
      },
      "iodepth_submit" : {
        "0" : 0.000000,
        "4" : 100.000000,
        "8" : 0.000000,
        "16" : 0.000000,
        "32" : 0.000000,
        "64" : 0.000000,
        ">=64" : 0.000000
      },
      "iodepth_complete" : {
        "0" : 0.000000,
        "4" : 100.000000,
        "8" : 0.000000,
        "16" : 0.000000,
        "32" : 0.000000,
        "64" : 0.000000,
        ">=64" : 0.000000
      },
      "latency_ns" : {
        "2" : 0.000000,
        "4" : 0.000000,
        "10" : 0.000000,
        "20" : 0.000000,
        "50" : 0.000000,
        "100" : 0.000000,
        "250" : 0.000000,
        "500" : 0.000000,
        "750" : 0.010000,
        "1000" : 0.000000
      },
      "latency_us" : {
        "2" : 0.000000,
        "4" : 0.010000,
        "10" : 98.972863,
        "20" : 1.005755,
        "50" : 0.010000,
        "100" : 0.017265,
        "250" : 0.000000,
        "500" : 0.000000,
        "750" : 0.000000,
        "1000" : 0.000000
      },
      "latency_ms" : {
        "2" : 0.000000,
        "4" : 0.000000,
        "10" : 0.000000,
        "20" : 0.000000,
        "50" : 0.000000,
        "100" : 0.000000,
        "250" : 0.000000,
        "500" : 0.000000,
        "750" : 0.000000,
        "1000" : 0.000000,
        "2000" : 0.000000,
        ">=2000" : 0.000000
      },
      "latency_depth" : 1,
      "latency_target" : 0,
      "latency_percentile" : 100.000000,
      "latency_window" : 0
    }
  ]
}

libaio-xnvme: (groupid=0, jobs=1): err= 0: pid=6554: Wed Oct 26 15:06:40 2022
  read: IOPS=108k, BW=52.5MiB/s (55.1MB/s)(368MiB/7001msec)
    slat (nsec): min=1693, max=22682, avg=1809.65, stdev=88.19
    clat (nsec): min=672, max=75631, avg=7207.42, stdev=1021.31
     lat (nsec): min=7604, max=77385, avg=9017.07, stdev=1026.80
    clat percentiles (nsec):
     |  1.00th=[ 6752],  5.00th=[ 6944], 10.00th=[ 6944], 20.00th=[ 7008],
     | 30.00th=[ 7008], 40.00th=[ 7072], 50.00th=[ 7136], 60.00th=[ 7136],
     | 70.00th=[ 7200], 80.00th=[ 7200], 90.00th=[ 7264], 95.00th=[ 7392],
     | 99.00th=[10048], 99.50th=[13504], 99.90th=[15424], 99.95th=[15808],
     | 99.99th=[60160]
   bw (  KiB/s): min=53671, max=53904, per=100.00%, avg=53804.93, stdev=70.01, samples=14
   iops        : min=107342, max=107808, avg=107610.00, stdev=139.98, samples=14
  lat (nsec)   : 750=0.01%
  lat (usec)   : 4=0.01%, 10=98.97%, 20=1.01%, 50=0.01%, 100=0.02%
  cpu          : usr=11.30%, sys=35.50%, ctx=752967, majf=0, minf=0
  IO depths    : 1=100.0%, 2=0.0%, 4=0.0%, 8=0.0%, 16=0.0%, 32=0.0%, >=64=0.0%
     submit    : 0=0.0%, 4=100.0%, 8=0.0%, 16=0.0%, 32=0.0%, 64=0.0%, >=64=0.0%
     complete  : 0=0.0%, 4=100.0%, 8=0.0%, 16=0.0%, 32=0.0%, 64=0.0%, >=64=0.0%
     issued rwts: total=752967,0,0,0 short=0,0,0,0 dropped=0,0,0,0
     latency   : target=0, window=0, percentile=100.00%, depth=1

Run status group 0 (all jobs):
   READ: bw=52.5MiB/s (55.1MB/s), 52.5MiB/s-52.5MiB/s (55.1MB/s-55.1MB/s), io=368MiB (386MB), run=7001-7001msec
