libaio-reference: (g=0): rw=randread, bs=(R) 512B-512B, (W) 512B-512B, (T) 512B-512B, ioengine=libaio, iodepth=1
fio-3.32-dirty
Starting 1 thread
{
  "fio version" : "fio-3.32-dirty",
  "timestamp" : 1666789480,
  "timestamp_ms" : 1666789480604,
  "time" : "Wed Oct 26 15:04:40 2022",
  "jobs" : [
    {
      "jobname" : "libaio-reference",
      "groupid" : 0,
      "error" : 0,
      "eta" : 0,
      "elapsed" : 11,
      "job options" : {
        "name" : "libaio-reference",
        "rw" : "randread",
        "size" : "12G",
        "iodepth" : "1",
        "bs" : "512",
        "direct" : "1",
        "thread" : "1",
        "time_based" : "1",
        "runtime" : "7",
        "ramp_time" : "3",
        "norandommap" : "1",
        "allow_file_create" : "0",
        "ioengine" : "libaio",
        "filename" : "/dev/nvme0n1",
        "cpus_allowed" : "1"
      },
      "read" : {
        "io_bytes" : 392696320,
        "io_kbytes" : 383492,
        "bw_bytes" : 56099474,
        "bw" : 54784,
        "iops" : 109569.285714,
        "runtime" : 7000,
        "total_ios" : 766985,
        "short_ios" : 0,
        "drop_ios" : 0,
        "slat_ns" : {
          "min" : 1613,
          "max" : 9728,
          "mean" : 1717.578988,
          "stddev" : 59.288933,
          "N" : 766985
        },
        "clat_ns" : {
          "min" : 471,
          "max" : 114094,
          "mean" : 7108.687395,
          "stddev" : 1019.143377,
          "N" : 766985,
          "percentile" : {
            "1.000000" : 6624,
            "5.000000" : 6816,
            "10.000000" : 6880,
            "20.000000" : 6880,
            "30.000000" : 6944,
            "40.000000" : 6944,
            "50.000000" : 7008,
            "60.000000" : 7072,
            "70.000000" : 7072,
            "80.000000" : 7136,
            "90.000000" : 7200,
            "95.000000" : 7328,
            "99.000000" : 10176,
            "99.500000" : 13504,
            "99.900000" : 15552,
            "99.950000" : 15680,
            "99.990000" : 60160
          }
        },
        "lat_ns" : {
          "min" : 6893,
          "max" : 115777,
          "mean" : 8826.266383,
          "stddev" : 1021.839338,
          "N" : 766985
        },
        "bw_min" : 54634,
        "bw_max" : 55015,
        "bw_agg" : 100.000000,
        "bw_mean" : 54791.000000,
        "bw_dev" : 131.780704,
        "bw_samples" : 14,
        "iops_min" : 109268,
        "iops_max" : 110030,
        "iops_mean" : 109582.071429,
        "iops_stddev" : 263.670092,
        "iops_samples" : 14
      },
      "write" : {
        "io_bytes" : 0,
        "io_kbytes" : 0,
        "bw_bytes" : 0,
        "bw" : 0,
        "iops" : 0.000000,
        "runtime" : 0,
        "total_ios" : 0,
        "short_ios" : 0,
        "drop_ios" : 0,
        "slat_ns" : {
          "min" : 0,
          "max" : 0,
          "mean" : 0.000000,
          "stddev" : 0.000000,
          "N" : 0
        },
        "clat_ns" : {
          "min" : 0,
          "max" : 0,
          "mean" : 0.000000,
          "stddev" : 0.000000,
          "N" : 0
        },
        "lat_ns" : {
          "min" : 0,
          "max" : 0,
          "mean" : 0.000000,
          "stddev" : 0.000000,
          "N" : 0
        },
        "bw_min" : 0,
        "bw_max" : 0,
        "bw_agg" : 0.000000,
        "bw_mean" : 0.000000,
        "bw_dev" : 0.000000,
        "bw_samples" : 0,
        "iops_min" : 0,
        "iops_max" : 0,
        "iops_mean" : 0.000000,
        "iops_stddev" : 0.000000,
        "iops_samples" : 0
      },
      "trim" : {
        "io_bytes" : 0,
        "io_kbytes" : 0,
        "bw_bytes" : 0,
        "bw" : 0,
        "iops" : 0.000000,
        "runtime" : 0,
        "total_ios" : 0,
        "short_ios" : 0,
        "drop_ios" : 0,
        "slat_ns" : {
          "min" : 0,
          "max" : 0,
          "mean" : 0.000000,
          "stddev" : 0.000000,
          "N" : 0
        },
        "clat_ns" : {
          "min" : 0,
          "max" : 0,
          "mean" : 0.000000,
          "stddev" : 0.000000,
          "N" : 0
        },
        "lat_ns" : {
          "min" : 0,
          "max" : 0,
          "mean" : 0.000000,
          "stddev" : 0.000000,
          "N" : 0
        },
        "bw_min" : 0,
        "bw_max" : 0,
        "bw_agg" : 0.000000,
        "bw_mean" : 0.000000,
        "bw_dev" : 0.000000,
        "bw_samples" : 0,
        "iops_min" : 0,
        "iops_max" : 0,
        "iops_mean" : 0.000000,
        "iops_stddev" : 0.000000,
        "iops_samples" : 0
      },
      "sync" : {
        "total_ios" : 0,
        "lat_ns" : {
          "min" : 0,
          "max" : 0,
          "mean" : 0.000000,
          "stddev" : 0.000000,
          "N" : 0
        }
      },
      "job_runtime" : 7000,
      "usr_cpu" : 19.400000,
      "sys_cpu" : 23.571429,
      "ctx" : 766986,
      "majf" : 0,
      "minf" : 0,
      "iodepth_level" : {
        "1" : 100.000000,
        "2" : 0.000000,
        "4" : 0.000000,
        "8" : 0.000000,
        "16" : 0.000000,
        "32" : 0.000000,
        ">=64" : 0.000000
      },
      "iodepth_submit" : {
        "0" : 0.000000,
        "4" : 100.000000,
        "8" : 0.000000,
        "16" : 0.000000,
        "32" : 0.000000,
        "64" : 0.000000,
        ">=64" : 0.000000
      },
      "iodepth_complete" : {
        "0" : 0.000000,
        "4" : 100.000000,
        "8" : 0.000000,
        "16" : 0.000000,
        "32" : 0.000000,
        "64" : 0.000000,
        ">=64" : 0.000000
      },
      "latency_ns" : {
        "2" : 0.000000,
        "4" : 0.000000,
        "10" : 0.000000,
        "20" : 0.000000,
        "50" : 0.000000,
        "100" : 0.000000,
        "250" : 0.000000,
        "500" : 0.010000,
        "750" : 0.000000,
        "1000" : 0.000000
      },
      "latency_us" : {
        "2" : 0.000000,
        "4" : 0.010000,
        "10" : 98.838439,
        "20" : 1.141222,
        "50" : 0.010000,
        "100" : 0.016037,
        "250" : 0.010000,
        "500" : 0.000000,
        "750" : 0.000000,
        "1000" : 0.000000
      },
      "latency_ms" : {
        "2" : 0.000000,
        "4" : 0.000000,
        "10" : 0.000000,
        "20" : 0.000000,
        "50" : 0.000000,
        "100" : 0.000000,
        "250" : 0.000000,
        "500" : 0.000000,
        "750" : 0.000000,
        "1000" : 0.000000,
        "2000" : 0.000000,
        ">=2000" : 0.000000
      },
      "latency_depth" : 1,
      "latency_target" : 0,
      "latency_percentile" : 100.000000,
      "latency_window" : 0
    }
  ],
  "disk_util" : [
    {
      "name" : "nvme0n1",
      "read_ios" : 1099551,
      "write_ios" : 0,
      "read_merges" : 0,
      "write_merges" : 0,
      "read_ticks" : 5504,
      "write_ticks" : 0,
      "in_queue" : 5504,
      "util" : 99.069123
    }
  ]
}

libaio-reference: (groupid=0, jobs=1): err= 0: pid=6110: Wed Oct 26 15:04:40 2022
  read: IOPS=110k, BW=53.5MiB/s (56.1MB/s)(375MiB/7000msec)
    slat (nsec): min=1613, max=9728, avg=1717.58, stdev=59.29
    clat (nsec): min=471, max=114094, avg=7108.69, stdev=1019.14
     lat (usec): min=6, max=115, avg= 8.83, stdev= 1.02
    clat percentiles (nsec):
     |  1.00th=[ 6624],  5.00th=[ 6816], 10.00th=[ 6880], 20.00th=[ 6880],
     | 30.00th=[ 6944], 40.00th=[ 6944], 50.00th=[ 7008], 60.00th=[ 7072],
     | 70.00th=[ 7072], 80.00th=[ 7136], 90.00th=[ 7200], 95.00th=[ 7328],
     | 99.00th=[10176], 99.50th=[13504], 99.90th=[15552], 99.95th=[15680],
     | 99.99th=[60160]
   bw (  KiB/s): min=54634, max=55015, per=100.00%, avg=54791.00, stdev=131.78, samples=14
   iops        : min=109268, max=110030, avg=109582.07, stdev=263.67, samples=14
  lat (nsec)   : 500=0.01%
  lat (usec)   : 4=0.01%, 10=98.84%, 20=1.14%, 50=0.01%, 100=0.02%
  lat (usec)   : 250=0.01%
  cpu          : usr=19.40%, sys=23.57%, ctx=766986, majf=0, minf=0
  IO depths    : 1=100.0%, 2=0.0%, 4=0.0%, 8=0.0%, 16=0.0%, 32=0.0%, >=64=0.0%
     submit    : 0=0.0%, 4=100.0%, 8=0.0%, 16=0.0%, 32=0.0%, 64=0.0%, >=64=0.0%
     complete  : 0=0.0%, 4=100.0%, 8=0.0%, 16=0.0%, 32=0.0%, 64=0.0%, >=64=0.0%
     issued rwts: total=766985,0,0,0 short=0,0,0,0 dropped=0,0,0,0
     latency   : target=0, window=0, percentile=100.00%, depth=1

Run status group 0 (all jobs):
   READ: bw=53.5MiB/s (56.1MB/s), 53.5MiB/s-53.5MiB/s (56.1MB/s-56.1MB/s), io=375MiB (393MB), run=7000-7000msec

Disk stats (read/write):
  nvme0n1: ios=1099551/0, merge=0/0, ticks=5504/0, in_queue=5504, util=99.07%
