io_uring_cmd-xnvme: (g=0): rw=randread, bs=(R) 512B-512B, (W) 512B-512B, (T) 512B-512B, ioengine=xnvme, iodepth=1
fio-3.32-dirty
Starting 1 thread
{
  "fio version" : "fio-3.32-dirty",
  "timestamp" : 1666789217,
  "timestamp_ms" : 1666789217545,
  "time" : "Wed Oct 26 15:00:17 2022",
  "jobs" : [
    {
      "jobname" : "io_uring_cmd-xnvme",
      "groupid" : 0,
      "error" : 0,
      "eta" : 0,
      "elapsed" : 11,
      "job options" : {
        "name" : "io_uring_cmd-xnvme",
        "rw" : "randread",
        "size" : "12G",
        "iodepth" : "1",
        "bs" : "512",
        "direct" : "0",
        "thread" : "1",
        "time_based" : "1",
        "runtime" : "7",
        "ramp_time" : "3",
        "norandommap" : "1",
        "allow_file_create" : "0",
        "ioengine" : "external:/usr/local/lib/x86_64-linux-gnu/libxnvme-fio-engine.so",
        "xnvme_be" : "linux",
        "xnvme_async" : "io_uring_cmd",
        "xnvme_sync" : "nvme",
        "xnvme_admin" : "nvme",
        "xnvme_dev_nsid" : "1",
        "filename" : "/dev/ng0n1",
        "cpus_allowed" : "1"
      },
      "read" : {
        "io_bytes" : 392771072,
        "io_kbytes" : 383565,
        "bw_bytes" : 56102138,
        "bw" : 54787,
        "iops" : 109574.489359,
        "runtime" : 7001,
        "total_ios" : 767131,
        "short_ios" : 0,
        "drop_ios" : 0,
        "slat_ns" : {
          "min" : 1423,
          "max" : 5861,
          "mean" : 1520.401970,
          "stddev" : 57.282899,
          "N" : 767131
        },
        "clat_ns" : {
          "min" : 1362,
          "max" : 75181,
          "mean" : 7308.434213,
          "stddev" : 994.829189,
          "N" : 767131,
          "percentile" : {
            "1.000000" : 6816,
            "5.000000" : 7008,
            "10.000000" : 7072,
            "20.000000" : 7072,
            "30.000000" : 7136,
            "40.000000" : 7200,
            "50.000000" : 7200,
            "60.000000" : 7264,
            "70.000000" : 7264,
            "80.000000" : 7328,
            "90.000000" : 7456,
            "95.000000" : 7520,
            "99.000000" : 10432,
            "99.500000" : 13632,
            "99.900000" : 15680,
            "99.950000" : 15808,
            "99.990000" : 59136
          }
        },
        "lat_ns" : {
          "min" : 6832,
          "max" : 76674,
          "mean" : 8828.836183,
          "stddev" : 997.829487,
          "N" : 767131
        },
        "bw_min" : 54620,
        "bw_max" : 55051,
        "bw_agg" : 100.000000,
        "bw_mean" : 54797.071429,
        "bw_dev" : 124.224031,
        "bw_samples" : 14,
        "iops_min" : 109240,
        "iops_max" : 110102,
        "iops_mean" : 109594.142857,
        "iops_stddev" : 248.448062,
        "iops_samples" : 14
      },
      "write" : {
        "io_bytes" : 0,
        "io_kbytes" : 0,
        "bw_bytes" : 0,
        "bw" : 0,
        "iops" : 0.000000,
        "runtime" : 0,
        "total_ios" : 0,
        "short_ios" : 0,
        "drop_ios" : 0,
        "slat_ns" : {
          "min" : 0,
          "max" : 0,
          "mean" : 0.000000,
          "stddev" : 0.000000,
          "N" : 0
        },
        "clat_ns" : {
          "min" : 0,
          "max" : 0,
          "mean" : 0.000000,
          "stddev" : 0.000000,
          "N" : 0
        },
        "lat_ns" : {
          "min" : 0,
          "max" : 0,
          "mean" : 0.000000,
          "stddev" : 0.000000,
          "N" : 0
        },
        "bw_min" : 0,
        "bw_max" : 0,
        "bw_agg" : 0.000000,
        "bw_mean" : 0.000000,
        "bw_dev" : 0.000000,
        "bw_samples" : 0,
        "iops_min" : 0,
        "iops_max" : 0,
        "iops_mean" : 0.000000,
        "iops_stddev" : 0.000000,
        "iops_samples" : 0
      },
      "trim" : {
        "io_bytes" : 0,
        "io_kbytes" : 0,
        "bw_bytes" : 0,
        "bw" : 0,
        "iops" : 0.000000,
        "runtime" : 0,
        "total_ios" : 0,
        "short_ios" : 0,
        "drop_ios" : 0,
        "slat_ns" : {
          "min" : 0,
          "max" : 0,
          "mean" : 0.000000,
          "stddev" : 0.000000,
          "N" : 0
        },
        "clat_ns" : {
          "min" : 0,
          "max" : 0,
          "mean" : 0.000000,
          "stddev" : 0.000000,
          "N" : 0
        },
        "lat_ns" : {
          "min" : 0,
          "max" : 0,
          "mean" : 0.000000,
          "stddev" : 0.000000,
          "N" : 0
        },
        "bw_min" : 0,
        "bw_max" : 0,
        "bw_agg" : 0.000000,
        "bw_mean" : 0.000000,
        "bw_dev" : 0.000000,
        "bw_samples" : 0,
        "iops_min" : 0,
        "iops_max" : 0,
        "iops_mean" : 0.000000,
        "iops_stddev" : 0.000000,
        "iops_samples" : 0
      },
      "sync" : {
        "total_ios" : 0,
        "lat_ns" : {
          "min" : 0,
          "max" : 0,
          "mean" : 0.000000,
          "stddev" : 0.000000,
          "N" : 0
        }
      },
      "job_runtime" : 7000,
      "usr_cpu" : 7.342857,
      "sys_cpu" : 37.014286,
      "ctx" : 767130,
      "majf" : 0,
      "minf" : 0,
      "iodepth_level" : {
        "1" : 100.000000,
        "2" : 0.000000,
        "4" : 0.000000,
        "8" : 0.000000,
        "16" : 0.000000,
        "32" : 0.000000,
        ">=64" : 0.000000
      },
      "iodepth_submit" : {
        "0" : 0.000000,
        "4" : 100.000000,
        "8" : 0.000000,
        "16" : 0.000000,
        "32" : 0.000000,
        "64" : 0.000000,
        ">=64" : 0.000000
      },
      "iodepth_complete" : {
        "0" : 0.000000,
        "4" : 100.000000,
        "8" : 0.000000,
        "16" : 0.000000,
        "32" : 0.000000,
        "64" : 0.000000,
        ">=64" : 0.000000
      },
      "latency_ns" : {
        "2" : 0.000000,
        "4" : 0.000000,
        "10" : 0.000000,
        "20" : 0.000000,
        "50" : 0.000000,
        "100" : 0.000000,
        "250" : 0.000000,
        "500" : 0.000000,
        "750" : 0.000000,
        "1000" : 0.000000
      },
      "latency_us" : {
        "2" : 0.010000,
        "4" : 0.000000,
        "10" : 98.706740,
        "20" : 1.275532,
        "50" : 0.010000,
        "100" : 0.014861,
        "250" : 0.000000,
        "500" : 0.000000,
        "750" : 0.000000,
        "1000" : 0.000000
      },
      "latency_ms" : {
        "2" : 0.000000,
        "4" : 0.000000,
        "10" : 0.000000,
        "20" : 0.000000,
        "50" : 0.000000,
        "100" : 0.000000,
        "250" : 0.000000,
        "500" : 0.000000,
        "750" : 0.000000,
        "1000" : 0.000000,
        "2000" : 0.000000,
        ">=2000" : 0.000000
      },
      "latency_depth" : 1,
      "latency_target" : 0,
      "latency_percentile" : 100.000000,
      "latency_window" : 0
    }
  ]
}

io_uring_cmd-xnvme: (groupid=0, jobs=1): err= 0: pid=5169: Wed Oct 26 15:00:17 2022
  read: IOPS=110k, BW=53.5MiB/s (56.1MB/s)(375MiB/7001msec)
    slat (nsec): min=1423, max=5861, avg=1520.40, stdev=57.28
    clat (nsec): min=1362, max=75181, avg=7308.43, stdev=994.83
     lat (nsec): min=6832, max=76674, avg=8828.84, stdev=997.83
    clat percentiles (nsec):
     |  1.00th=[ 6816],  5.00th=[ 7008], 10.00th=[ 7072], 20.00th=[ 7072],
     | 30.00th=[ 7136], 40.00th=[ 7200], 50.00th=[ 7200], 60.00th=[ 7264],
     | 70.00th=[ 7264], 80.00th=[ 7328], 90.00th=[ 7456], 95.00th=[ 7520],
     | 99.00th=[10432], 99.50th=[13632], 99.90th=[15680], 99.95th=[15808],
     | 99.99th=[59136]
   bw (  KiB/s): min=54620, max=55051, per=100.00%, avg=54797.07, stdev=124.22, samples=14
   iops        : min=109240, max=110102, avg=109594.14, stdev=248.45, samples=14
  lat (usec)   : 2=0.01%, 10=98.71%, 20=1.28%, 50=0.01%, 100=0.01%
  cpu          : usr=7.34%, sys=37.01%, ctx=767130, majf=0, minf=0
  IO depths    : 1=100.0%, 2=0.0%, 4=0.0%, 8=0.0%, 16=0.0%, 32=0.0%, >=64=0.0%
     submit    : 0=0.0%, 4=100.0%, 8=0.0%, 16=0.0%, 32=0.0%, 64=0.0%, >=64=0.0%
     complete  : 0=0.0%, 4=100.0%, 8=0.0%, 16=0.0%, 32=0.0%, 64=0.0%, >=64=0.0%
     issued rwts: total=767131,0,0,0 short=0,0,0,0 dropped=0,0,0,0
     latency   : target=0, window=0, percentile=100.00%, depth=1

Run status group 0 (all jobs):
   READ: bw=53.5MiB/s (56.1MB/s), 53.5MiB/s-53.5MiB/s (56.1MB/s-56.1MB/s), io=375MiB (393MB), run=7001-7001msec
