libaio-xnvme: (g=0): rw=randread, bs=(R) 512B-512B, (W) 512B-512B, (T) 512B-512B, ioengine=xnvme, iodepth=4
fio-3.32-dirty
Starting 1 thread
{
  "fio version" : "fio-3.32-dirty",
  "timestamp" : 1666790555,
  "timestamp_ms" : 1666790555276,
  "time" : "Wed Oct 26 15:22:35 2022",
  "jobs" : [
    {
      "jobname" : "libaio-xnvme",
      "groupid" : 0,
      "error" : 0,
      "eta" : 0,
      "elapsed" : 11,
      "job options" : {
        "name" : "libaio-xnvme",
        "rw" : "randread",
        "size" : "12G",
        "iodepth" : "4",
        "bs" : "512",
        "direct" : "1",
        "thread" : "1",
        "time_based" : "1",
        "runtime" : "7",
        "ramp_time" : "3",
        "norandommap" : "1",
        "allow_file_create" : "0",
        "ioengine" : "external:/usr/local/lib/x86_64-linux-gnu/libxnvme-fio-engine.so",
        "xnvme_be" : "linux",
        "xnvme_async" : "libaio",
        "xnvme_sync" : "nvme",
        "xnvme_admin" : "nvme",
        "xnvme_dev_nsid" : "1",
        "filename" : "/dev/nvme0n1",
        "cpus_allowed" : "1"
      },
      "read" : {
        "io_bytes" : 1449910272,
        "io_kbytes" : 1415928,
        "bw_bytes" : 207100453,
        "bw" : 202246,
        "iops" : 404492.501071,
        "runtime" : 7001,
        "total_ios" : 2831852,
        "short_ios" : 0,
        "drop_ios" : 0,
        "slat_ns" : {
          "min" : 1533,
          "max" : 21871,
          "mean" : 1679.587689,
          "stddev" : 109.338587,
          "N" : 2831853
        },
        "clat_ns" : {
          "min" : 4919,
          "max" : 90730,
          "mean" : 7972.974219,
          "stddev" : 2662.447268,
          "N" : 2831855,
          "percentile" : {
            "1.000000" : 7392,
            "5.000000" : 7392,
            "10.000000" : 7456,
            "20.000000" : 7456,
            "30.000000" : 7456,
            "40.000000" : 7520,
            "50.000000" : 7520,
            "60.000000" : 7520,
            "70.000000" : 7584,
            "80.000000" : 7648,
            "90.000000" : 7840,
            "95.000000" : 7968,
            "99.000000" : 22400,
            "99.500000" : 27264,
            "99.900000" : 33024,
            "99.950000" : 36608,
            "99.990000" : 71168
          }
        },
        "lat_ns" : {
          "min" : 6472,
          "max" : 92383,
          "mean" : 9652.561871,
          "stddev" : 2665.381488,
          "N" : 2831855
        },
        "bw_min" : 201817,
        "bw_max" : 203505,
        "bw_agg" : 100.000000,
        "bw_mean" : 202362.923077,
        "bw_dev" : 461.921072,
        "bw_samples" : 13,
        "iops_min" : 403634,
        "iops_max" : 407010,
        "iops_mean" : 404726.153846,
        "iops_stddev" : 923.775843,
        "iops_samples" : 13
      },
      "write" : {
        "io_bytes" : 0,
        "io_kbytes" : 0,
        "bw_bytes" : 0,
        "bw" : 0,
        "iops" : 0.000000,
        "runtime" : 0,
        "total_ios" : 0,
        "short_ios" : 0,
        "drop_ios" : 0,
        "slat_ns" : {
          "min" : 0,
          "max" : 0,
          "mean" : 0.000000,
          "stddev" : 0.000000,
          "N" : 0
        },
        "clat_ns" : {
          "min" : 0,
          "max" : 0,
          "mean" : 0.000000,
          "stddev" : 0.000000,
          "N" : 0
        },
        "lat_ns" : {
          "min" : 0,
          "max" : 0,
          "mean" : 0.000000,
          "stddev" : 0.000000,
          "N" : 0
        },
        "bw_min" : 0,
        "bw_max" : 0,
        "bw_agg" : 0.000000,
        "bw_mean" : 0.000000,
        "bw_dev" : 0.000000,
        "bw_samples" : 0,
        "iops_min" : 0,
        "iops_max" : 0,
        "iops_mean" : 0.000000,
        "iops_stddev" : 0.000000,
        "iops_samples" : 0
      },
      "trim" : {
        "io_bytes" : 0,
        "io_kbytes" : 0,
        "bw_bytes" : 0,
        "bw" : 0,
        "iops" : 0.000000,
        "runtime" : 0,
        "total_ios" : 0,
        "short_ios" : 0,
        "drop_ios" : 0,
        "slat_ns" : {
          "min" : 0,
          "max" : 0,
          "mean" : 0.000000,
          "stddev" : 0.000000,
          "N" : 0
        },
        "clat_ns" : {
          "min" : 0,
          "max" : 0,
          "mean" : 0.000000,
          "stddev" : 0.000000,
          "N" : 0
        },
        "lat_ns" : {
          "min" : 0,
          "max" : 0,
          "mean" : 0.000000,
          "stddev" : 0.000000,
          "N" : 0
        },
        "bw_min" : 0,
        "bw_max" : 0,
        "bw_agg" : 0.000000,
        "bw_mean" : 0.000000,
        "bw_dev" : 0.000000,
        "bw_samples" : 0,
        "iops_min" : 0,
        "iops_max" : 0,
        "iops_mean" : 0.000000,
        "iops_stddev" : 0.000000,
        "iops_samples" : 0
      },
      "sync" : {
        "total_ios" : 0,
        "lat_ns" : {
          "min" : 0,
          "max" : 0,
          "mean" : 0.000000,
          "stddev" : 0.000000,
          "N" : 0
        }
      },
      "job_runtime" : 7000,
      "usr_cpu" : 32.457143,
      "sys_cpu" : 64.142857,
      "ctx" : 25084,
      "majf" : 0,
      "minf" : 0,
      "iodepth_level" : {
        "1" : 0.000000,
        "2" : 0.000000,
        "4" : 100.000000,
        "8" : 0.000000,
        "16" : 0.000000,
        "32" : 0.000000,
        ">=64" : 0.000000
      },
      "iodepth_submit" : {
        "0" : 0.000000,
        "4" : 100.000000,
        "8" : 0.000000,
        "16" : 0.000000,
        "32" : 0.000000,
        "64" : 0.000000,
        ">=64" : 0.000000
      },
      "iodepth_complete" : {
        "0" : 0.000000,
        "4" : 100.000000,
        "8" : 0.000000,
        "16" : 0.000000,
        "32" : 0.000000,
        "64" : 0.000000,
        ">=64" : 0.000000
      },
      "latency_ns" : {
        "2" : 0.000000,
        "4" : 0.000000,
        "10" : 0.000000,
        "20" : 0.000000,
        "50" : 0.000000,
        "100" : 0.000000,
        "250" : 0.000000,
        "500" : 0.000000,
        "750" : 0.000000,
        "1000" : 0.000000
      },
      "latency_us" : {
        "2" : 0.000000,
        "4" : 0.000000,
        "10" : 96.526902,
        "20" : 2.143403,
        "50" : 1.292864,
        "100" : 0.036937,
        "250" : 0.000000,
        "500" : 0.000000,
        "750" : 0.000000,
        "1000" : 0.000000
      },
      "latency_ms" : {
        "2" : 0.000000,
        "4" : 0.000000,
        "10" : 0.000000,
        "20" : 0.000000,
        "50" : 0.000000,
        "100" : 0.000000,
        "250" : 0.000000,
        "500" : 0.000000,
        "750" : 0.000000,
        "1000" : 0.000000,
        "2000" : 0.000000,
        ">=2000" : 0.000000
      },
      "latency_depth" : 4,
      "latency_target" : 0,
      "latency_percentile" : 100.000000,
      "latency_window" : 0
    }
  ]
}

libaio-xnvme: (groupid=0, jobs=1): err= 0: pid=9985: Wed Oct 26 15:22:35 2022
  read: IOPS=404k, BW=198MiB/s (207MB/s)(1383MiB/7001msec)
    slat (nsec): min=1533, max=21871, avg=1679.59, stdev=109.34
    clat (nsec): min=4919, max=90730, avg=7972.97, stdev=2662.45
     lat (nsec): min=6472, max=92383, avg=9652.56, stdev=2665.38
    clat percentiles (nsec):
     |  1.00th=[ 7392],  5.00th=[ 7392], 10.00th=[ 7456], 20.00th=[ 7456],
     | 30.00th=[ 7456], 40.00th=[ 7520], 50.00th=[ 7520], 60.00th=[ 7520],
     | 70.00th=[ 7584], 80.00th=[ 7648], 90.00th=[ 7840], 95.00th=[ 7968],
     | 99.00th=[22400], 99.50th=[27264], 99.90th=[33024], 99.95th=[36608],
     | 99.99th=[71168]
   bw (  KiB/s): min=201817, max=203505, per=100.00%, avg=202362.92, stdev=461.92, samples=13
   iops        : min=403634, max=407010, avg=404726.15, stdev=923.78, samples=13
  lat (usec)   : 10=96.53%, 20=2.14%, 50=1.29%, 100=0.04%
  cpu          : usr=32.46%, sys=64.14%, ctx=25084, majf=0, minf=0
  IO depths    : 1=0.0%, 2=0.0%, 4=100.0%, 8=0.0%, 16=0.0%, 32=0.0%, >=64=0.0%
     submit    : 0=0.0%, 4=100.0%, 8=0.0%, 16=0.0%, 32=0.0%, 64=0.0%, >=64=0.0%
     complete  : 0=0.0%, 4=100.0%, 8=0.0%, 16=0.0%, 32=0.0%, 64=0.0%, >=64=0.0%
     issued rwts: total=2831852,0,0,0 short=0,0,0,0 dropped=0,0,0,0
     latency   : target=0, window=0, percentile=100.00%, depth=4

Run status group 0 (all jobs):
   READ: bw=198MiB/s (207MB/s), 198MiB/s-198MiB/s (207MB/s-207MB/s), io=1383MiB (1450MB), run=7001-7001msec
