io_uring-xnvme: (g=0): rw=randread, bs=(R) 512B-512B, (W) 512B-512B, (T) 512B-512B, ioengine=xnvme, iodepth=8
fio-3.32-dirty
Starting 1 thread
{
  "fio version" : "fio-3.32-dirty",
  "timestamp" : 1666790891,
  "timestamp_ms" : 1666790891701,
  "time" : "Wed Oct 26 15:28:11 2022",
  "jobs" : [
    {
      "jobname" : "io_uring-xnvme",
      "groupid" : 0,
      "error" : 0,
      "eta" : 0,
      "elapsed" : 11,
      "job options" : {
        "name" : "io_uring-xnvme",
        "rw" : "randread",
        "size" : "12G",
        "iodepth" : "8",
        "bs" : "512",
        "direct" : "1",
        "thread" : "1",
        "time_based" : "1",
        "runtime" : "7",
        "ramp_time" : "3",
        "norandommap" : "1",
        "allow_file_create" : "0",
        "ioengine" : "external:/usr/local/lib/x86_64-linux-gnu/libxnvme-fio-engine.so",
        "xnvme_be" : "linux",
        "xnvme_async" : "io_uring",
        "xnvme_sync" : "nvme",
        "xnvme_admin" : "nvme",
        "xnvme_dev_nsid" : "1",
        "filename" : "/dev/nvme0n1",
        "cpus_allowed" : "1"
      },
      "read" : {
        "io_bytes" : 1422672384,
        "io_kbytes" : 1389328,
        "bw_bytes" : 203209882,
        "bw" : 198447,
        "iops" : 396893.158120,
        "runtime" : 7001,
        "total_ios" : 2778649,
        "short_ios" : 0,
        "drop_ios" : 0,
        "slat_ns" : {
          "min" : 1402,
          "max" : 29996,
          "mean" : 2024.455626,
          "stddev" : 305.377303,
          "N" : 2778650
        },
        "clat_ns" : {
          "min" : 2254,
          "max" : 131687,
          "mean" : 17831.837688,
          "stddev" : 3036.634295,
          "N" : 2778656,
          "percentile" : {
            "1.000000" : 13248,
            "5.000000" : 15168,
            "10.000000" : 16512,
            "20.000000" : 17024,
            "30.000000" : 17280,
            "40.000000" : 17536,
            "50.000000" : 17536,
            "60.000000" : 17536,
            "70.000000" : 17536,
            "80.000000" : 18048,
            "90.000000" : 18304,
            "95.000000" : 19584,
            "99.000000" : 31872,
            "99.500000" : 35072,
            "99.900000" : 50944,
            "99.950000" : 64768,
            "99.990000" : 77312
          }
        },
        "lat_ns" : {
          "min" : 6422,
          "max" : 133160,
          "mean" : 19856.292749,
          "stddev" : 2987.817199,
          "N" : 2778656
        },
        "bw_min" : 197185,
        "bw_max" : 199877,
        "bw_agg" : 100.000000,
        "bw_mean" : 198482.571429,
        "bw_dev" : 752.010404,
        "bw_samples" : 14,
        "iops_min" : 394370,
        "iops_max" : 399754,
        "iops_mean" : 396965.142857,
        "iops_stddev" : 1504.020809,
        "iops_samples" : 14
      },
      "write" : {
        "io_bytes" : 0,
        "io_kbytes" : 0,
        "bw_bytes" : 0,
        "bw" : 0,
        "iops" : 0.000000,
        "runtime" : 0,
        "total_ios" : 0,
        "short_ios" : 0,
        "drop_ios" : 0,
        "slat_ns" : {
          "min" : 0,
          "max" : 0,
          "mean" : 0.000000,
          "stddev" : 0.000000,
          "N" : 0
        },
        "clat_ns" : {
          "min" : 0,
          "max" : 0,
          "mean" : 0.000000,
          "stddev" : 0.000000,
          "N" : 0
        },
        "lat_ns" : {
          "min" : 0,
          "max" : 0,
          "mean" : 0.000000,
          "stddev" : 0.000000,
          "N" : 0
        },
        "bw_min" : 0,
        "bw_max" : 0,
        "bw_agg" : 0.000000,
        "bw_mean" : 0.000000,
        "bw_dev" : 0.000000,
        "bw_samples" : 0,
        "iops_min" : 0,
        "iops_max" : 0,
        "iops_mean" : 0.000000,
        "iops_stddev" : 0.000000,
        "iops_samples" : 0
      },
      "trim" : {
        "io_bytes" : 0,
        "io_kbytes" : 0,
        "bw_bytes" : 0,
        "bw" : 0,
        "iops" : 0.000000,
        "runtime" : 0,
        "total_ios" : 0,
        "short_ios" : 0,
        "drop_ios" : 0,
        "slat_ns" : {
          "min" : 0,
          "max" : 0,
          "mean" : 0.000000,
          "stddev" : 0.000000,
          "N" : 0
        },
        "clat_ns" : {
          "min" : 0,
          "max" : 0,
          "mean" : 0.000000,
          "stddev" : 0.000000,
          "N" : 0
        },
        "lat_ns" : {
          "min" : 0,
          "max" : 0,
          "mean" : 0.000000,
          "stddev" : 0.000000,
          "N" : 0
        },
        "bw_min" : 0,
        "bw_max" : 0,
        "bw_agg" : 0.000000,
        "bw_mean" : 0.000000,
        "bw_dev" : 0.000000,
        "bw_samples" : 0,
        "iops_min" : 0,
        "iops_max" : 0,
        "iops_mean" : 0.000000,
        "iops_stddev" : 0.000000,
        "iops_samples" : 0
      },
      "sync" : {
        "total_ios" : 0,
        "lat_ns" : {
          "min" : 0,
          "max" : 0,
          "mean" : 0.000000,
          "stddev" : 0.000000,
          "N" : 0
        }
      },
      "job_runtime" : 7000,
      "usr_cpu" : 22.071429,
      "sys_cpu" : 75.800000,
      "ctx" : 16640,
      "majf" : 0,
      "minf" : 0,
      "iodepth_level" : {
        "1" : 0.000000,
        "2" : 0.000000,
        "4" : 0.000000,
        "8" : 100.000000,
        "16" : 0.000000,
        "32" : 0.000000,
        ">=64" : 0.000000
      },
      "iodepth_submit" : {
        "0" : 0.000000,
        "4" : 100.000000,
        "8" : 0.000000,
        "16" : 0.000000,
        "32" : 0.000000,
        "64" : 0.000000,
        ">=64" : 0.000000
      },
      "iodepth_complete" : {
        "0" : 0.000000,
        "4" : 99.999982,
        "8" : 0.100000,
        "16" : 0.000000,
        "32" : 0.000000,
        "64" : 0.000000,
        ">=64" : 0.000000
      },
      "latency_ns" : {
        "2" : 0.000000,
        "4" : 0.000000,
        "10" : 0.000000,
        "20" : 0.000000,
        "50" : 0.000000,
        "100" : 0.000000,
        "250" : 0.000000,
        "500" : 0.000000,
        "750" : 0.000000,
        "1000" : 0.000000
      },
      "latency_us" : {
        "2" : 0.000000,
        "4" : 0.010000,
        "10" : 0.090620,
        "20" : 95.460888,
        "50" : 4.343226,
        "100" : 0.104331,
        "250" : 0.010000,
        "500" : 0.000000,
        "750" : 0.000000,
        "1000" : 0.000000
      },
      "latency_ms" : {
        "2" : 0.000000,
        "4" : 0.000000,
        "10" : 0.000000,
        "20" : 0.000000,
        "50" : 0.000000,
        "100" : 0.000000,
        "250" : 0.000000,
        "500" : 0.000000,
        "750" : 0.000000,
        "1000" : 0.000000,
        "2000" : 0.000000,
        ">=2000" : 0.000000
      },
      "latency_depth" : 8,
      "latency_target" : 0,
      "latency_percentile" : 100.000000,
      "latency_window" : 0
    }
  ]
}

io_uring-xnvme: (groupid=0, jobs=1): err= 0: pid=11118: Wed Oct 26 15:28:11 2022
  read: IOPS=397k, BW=194MiB/s (203MB/s)(1357MiB/7001msec)
    slat (nsec): min=1402, max=29996, avg=2024.46, stdev=305.38
    clat (usec): min=2, max=131, avg=17.83, stdev= 3.04
     lat (usec): min=6, max=133, avg=19.86, stdev= 2.99
    clat percentiles (nsec):
     |  1.00th=[13248],  5.00th=[15168], 10.00th=[16512], 20.00th=[17024],
     | 30.00th=[17280], 40.00th=[17536], 50.00th=[17536], 60.00th=[17536],
     | 70.00th=[17536], 80.00th=[18048], 90.00th=[18304], 95.00th=[19584],
     | 99.00th=[31872], 99.50th=[35072], 99.90th=[50944], 99.95th=[64768],
     | 99.99th=[77312]
   bw (  KiB/s): min=197185, max=199877, per=100.00%, avg=198482.57, stdev=752.01, samples=14
   iops        : min=394370, max=399754, avg=396965.14, stdev=1504.02, samples=14
  lat (usec)   : 4=0.01%, 10=0.09%, 20=95.46%, 50=4.34%, 100=0.10%
  lat (usec)   : 250=0.01%
  cpu          : usr=22.07%, sys=75.80%, ctx=16640, majf=0, minf=0
  IO depths    : 1=0.0%, 2=0.0%, 4=0.0%, 8=100.0%, 16=0.0%, 32=0.0%, >=64=0.0%
     submit    : 0=0.0%, 4=100.0%, 8=0.0%, 16=0.0%, 32=0.0%, 64=0.0%, >=64=0.0%
     complete  : 0=0.0%, 4=100.0%, 8=0.1%, 16=0.0%, 32=0.0%, 64=0.0%, >=64=0.0%
     issued rwts: total=2778649,0,0,0 short=0,0,0,0 dropped=0,0,0,0
     latency   : target=0, window=0, percentile=100.00%, depth=8

Run status group 0 (all jobs):
   READ: bw=194MiB/s (203MB/s), 194MiB/s-194MiB/s (203MB/s-203MB/s), io=1357MiB (1423MB), run=7001-7001msec
