io_uring-xnvme: (g=0): rw=randread, bs=(R) 512B-512B, (W) 512B-512B, (T) 512B-512B, ioengine=xnvme, iodepth=8
fio-3.32-dirty
Starting 1 thread
{
  "fio version" : "fio-3.32-dirty",
  "timestamp" : 1666790873,
  "timestamp_ms" : 1666790873848,
  "time" : "Wed Oct 26 15:27:53 2022",
  "jobs" : [
    {
      "jobname" : "io_uring-xnvme",
      "groupid" : 0,
      "error" : 0,
      "eta" : 0,
      "elapsed" : 11,
      "job options" : {
        "name" : "io_uring-xnvme",
        "rw" : "randread",
        "size" : "12G",
        "iodepth" : "8",
        "bs" : "512",
        "direct" : "1",
        "thread" : "1",
        "time_based" : "1",
        "runtime" : "7",
        "ramp_time" : "3",
        "norandommap" : "1",
        "allow_file_create" : "0",
        "ioengine" : "external:/usr/local/lib/x86_64-linux-gnu/libxnvme-fio-engine.so",
        "xnvme_be" : "linux",
        "xnvme_async" : "io_uring",
        "xnvme_sync" : "nvme",
        "xnvme_admin" : "nvme",
        "xnvme_dev_nsid" : "1",
        "filename" : "/dev/nvme0n1",
        "cpus_allowed" : "1"
      },
      "read" : {
        "io_bytes" : 1414161408,
        "io_kbytes" : 1381017,
        "bw_bytes" : 201994201,
        "bw" : 197259,
        "iops" : 394518.925868,
        "runtime" : 7001,
        "total_ios" : 2762027,
        "short_ios" : 0,
        "drop_ios" : 0,
        "slat_ns" : {
          "min" : 1392,
          "max" : 30357,
          "mean" : 2037.367052,
          "stddev" : 294.648162,
          "N" : 2762027
        },
        "clat_ns" : {
          "min" : 4098,
          "max" : 135283,
          "mean" : 17936.435806,
          "stddev" : 3001.136611,
          "N" : 2762034,
          "percentile" : {
            "1.000000" : 13376,
            "5.000000" : 15552,
            "10.000000" : 16768,
            "20.000000" : 17280,
            "30.000000" : 17536,
            "40.000000" : 17536,
            "50.000000" : 17536,
            "60.000000" : 17536,
            "70.000000" : 18048,
            "80.000000" : 18304,
            "90.000000" : 18304,
            "95.000000" : 19584,
            "99.000000" : 31616,
            "99.500000" : 35072,
            "99.900000" : 51456,
            "99.950000" : 66048,
            "99.990000" : 76288
          }
        },
        "lat_ns" : {
          "min" : 7033,
          "max" : 136786,
          "mean" : 19973.801927,
          "stddev" : 2955.591710,
          "N" : 2762034
        },
        "bw_min" : 196032,
        "bw_max" : 198923,
        "bw_agg" : 100.000000,
        "bw_mean" : 197370.428571,
        "bw_dev" : 916.608608,
        "bw_samples" : 14,
        "iops_min" : 392064,
        "iops_max" : 397846,
        "iops_mean" : 394741.000000,
        "iops_stddev" : 1833.052687,
        "iops_samples" : 14
      },
      "write" : {
        "io_bytes" : 0,
        "io_kbytes" : 0,
        "bw_bytes" : 0,
        "bw" : 0,
        "iops" : 0.000000,
        "runtime" : 0,
        "total_ios" : 0,
        "short_ios" : 0,
        "drop_ios" : 0,
        "slat_ns" : {
          "min" : 0,
          "max" : 0,
          "mean" : 0.000000,
          "stddev" : 0.000000,
          "N" : 0
        },
        "clat_ns" : {
          "min" : 0,
          "max" : 0,
          "mean" : 0.000000,
          "stddev" : 0.000000,
          "N" : 0
        },
        "lat_ns" : {
          "min" : 0,
          "max" : 0,
          "mean" : 0.000000,
          "stddev" : 0.000000,
          "N" : 0
        },
        "bw_min" : 0,
        "bw_max" : 0,
        "bw_agg" : 0.000000,
        "bw_mean" : 0.000000,
        "bw_dev" : 0.000000,
        "bw_samples" : 0,
        "iops_min" : 0,
        "iops_max" : 0,
        "iops_mean" : 0.000000,
        "iops_stddev" : 0.000000,
        "iops_samples" : 0
      },
      "trim" : {
        "io_bytes" : 0,
        "io_kbytes" : 0,
        "bw_bytes" : 0,
        "bw" : 0,
        "iops" : 0.000000,
        "runtime" : 0,
        "total_ios" : 0,
        "short_ios" : 0,
        "drop_ios" : 0,
        "slat_ns" : {
          "min" : 0,
          "max" : 0,
          "mean" : 0.000000,
          "stddev" : 0.000000,
          "N" : 0
        },
        "clat_ns" : {
          "min" : 0,
          "max" : 0,
          "mean" : 0.000000,
          "stddev" : 0.000000,
          "N" : 0
        },
        "lat_ns" : {
          "min" : 0,
          "max" : 0,
          "mean" : 0.000000,
          "stddev" : 0.000000,
          "N" : 0
        },
        "bw_min" : 0,
        "bw_max" : 0,
        "bw_agg" : 0.000000,
        "bw_mean" : 0.000000,
        "bw_dev" : 0.000000,
        "bw_samples" : 0,
        "iops_min" : 0,
        "iops_max" : 0,
        "iops_mean" : 0.000000,
        "iops_stddev" : 0.000000,
        "iops_samples" : 0
      },
      "sync" : {
        "total_ios" : 0,
        "lat_ns" : {
          "min" : 0,
          "max" : 0,
          "mean" : 0.000000,
          "stddev" : 0.000000,
          "N" : 0
        }
      },
      "job_runtime" : 7000,
      "usr_cpu" : 20.842857,
      "sys_cpu" : 77.085714,
      "ctx" : 16725,
      "majf" : 0,
      "minf" : 0,
      "iodepth_level" : {
        "1" : 0.000000,
        "2" : 0.000000,
        "4" : 0.000000,
        "8" : 100.000000,
        "16" : 0.000000,
        "32" : 0.000000,
        ">=64" : 0.000000
      },
      "iodepth_submit" : {
        "0" : 0.000000,
        "4" : 100.000000,
        "8" : 0.000000,
        "16" : 0.000000,
        "32" : 0.000000,
        "64" : 0.000000,
        ">=64" : 0.000000
      },
      "iodepth_complete" : {
        "0" : 0.000000,
        "4" : 99.999982,
        "8" : 0.100000,
        "16" : 0.000000,
        "32" : 0.000000,
        "64" : 0.000000,
        ">=64" : 0.000000
      },
      "latency_ns" : {
        "2" : 0.000000,
        "4" : 0.000000,
        "10" : 0.000000,
        "20" : 0.000000,
        "50" : 0.000000,
        "100" : 0.000000,
        "250" : 0.000000,
        "500" : 0.000000,
        "750" : 0.000000,
        "1000" : 0.000000
      },
      "latency_us" : {
        "2" : 0.000000,
        "4" : 0.000000,
        "10" : 0.081208,
        "20" : 95.414129,
        "50" : 4.391956,
        "100" : 0.112671,
        "250" : 0.010000,
        "500" : 0.000000,
        "750" : 0.000000,
        "1000" : 0.000000
      },
      "latency_ms" : {
        "2" : 0.000000,
        "4" : 0.000000,
        "10" : 0.000000,
        "20" : 0.000000,
        "50" : 0.000000,
        "100" : 0.000000,
        "250" : 0.000000,
        "500" : 0.000000,
        "750" : 0.000000,
        "1000" : 0.000000,
        "2000" : 0.000000,
        ">=2000" : 0.000000
      },
      "latency_depth" : 8,
      "latency_target" : 0,
      "latency_percentile" : 100.000000,
      "latency_window" : 0
    }
  ]
}

io_uring-xnvme: (groupid=0, jobs=1): err= 0: pid=11070: Wed Oct 26 15:27:53 2022
  read: IOPS=395k, BW=193MiB/s (202MB/s)(1349MiB/7001msec)
    slat (nsec): min=1392, max=30357, avg=2037.37, stdev=294.65
    clat (usec): min=4, max=135, avg=17.94, stdev= 3.00
     lat (usec): min=7, max=136, avg=19.97, stdev= 2.96
    clat percentiles (nsec):
     |  1.00th=[13376],  5.00th=[15552], 10.00th=[16768], 20.00th=[17280],
     | 30.00th=[17536], 40.00th=[17536], 50.00th=[17536], 60.00th=[17536],
     | 70.00th=[18048], 80.00th=[18304], 90.00th=[18304], 95.00th=[19584],
     | 99.00th=[31616], 99.50th=[35072], 99.90th=[51456], 99.95th=[66048],
     | 99.99th=[76288]
   bw (  KiB/s): min=196032, max=198923, per=100.00%, avg=197370.43, stdev=916.61, samples=14
   iops        : min=392064, max=397846, avg=394741.00, stdev=1833.05, samples=14
  lat (usec)   : 10=0.08%, 20=95.41%, 50=4.39%, 100=0.11%, 250=0.01%
  cpu          : usr=20.84%, sys=77.09%, ctx=16725, majf=0, minf=0
  IO depths    : 1=0.0%, 2=0.0%, 4=0.0%, 8=100.0%, 16=0.0%, 32=0.0%, >=64=0.0%
     submit    : 0=0.0%, 4=100.0%, 8=0.0%, 16=0.0%, 32=0.0%, 64=0.0%, >=64=0.0%
     complete  : 0=0.0%, 4=100.0%, 8=0.1%, 16=0.0%, 32=0.0%, 64=0.0%, >=64=0.0%
     issued rwts: total=2762027,0,0,0 short=0,0,0,0 dropped=0,0,0,0
     latency   : target=0, window=0, percentile=100.00%, depth=8

Run status group 0 (all jobs):
   READ: bw=193MiB/s (202MB/s), 193MiB/s-193MiB/s (202MB/s-202MB/s), io=1349MiB (1414MB), run=7001-7001msec
