libaio-bdev_xnvme: (g=0): rw=randread, bs=(R) 512B-512B, (W) 512B-512B, (T) 512B-512B, ioengine=spdk_bdev, iodepth=1
fio-3.32-dirty
Starting 1 thread
{
  "fio version" : "fio-3.32-dirty",
  "timestamp" : 1666789572,
  "timestamp_ms" : 1666789572451,
  "time" : "Wed Oct 26 15:06:12 2022",
  "jobs" : [
    {
      "jobname" : "libaio-bdev_xnvme",
      "groupid" : 0,
      "error" : 0,
      "eta" : 0,
      "elapsed" : 11,
      "job options" : {
        "name" : "libaio-bdev_xnvme",
        "rw" : "randread",
        "size" : "12G",
        "iodepth" : "1",
        "bs" : "512",
        "direct" : "1",
        "thread" : "1",
        "time_based" : "1",
        "runtime" : "7",
        "ramp_time" : "3",
        "norandommap" : "1",
        "allow_file_create" : "0",
        "ioengine" : "spdk_bdev",
        "spdk_conf" : "/tmp/spdk_bdev_xnvme_libaio.conf",
        "filename" : "Nvme0n1",
        "cpus_allowed" : "1"
      },
      "read" : {
        "io_bytes" : 521175040,
        "io_kbytes" : 508960,
        "bw_bytes" : 74442942,
        "bw" : 72698,
        "iops" : 145396.371947,
        "runtime" : 7001,
        "total_ios" : 1017920,
        "short_ios" : 0,
        "drop_ios" : 0,
        "slat_ns" : {
          "min" : 1743,
          "max" : 14618,
          "mean" : 1896.726667,
          "stddev" : 103.752460,
          "N" : 1017920
        },
        "clat_ns" : {
          "min" : 601,
          "max" : 117551,
          "mean" : 4735.870113,
          "stddev" : 1060.455946,
          "N" : 1017920,
          "percentile" : {
            "1.000000" : 4384,
            "5.000000" : 4384,
            "10.000000" : 4448,
            "20.000000" : 4448,
            "30.000000" : 4640,
            "40.000000" : 4640,
            "50.000000" : 4640,
            "60.000000" : 4640,
            "70.000000" : 4704,
            "80.000000" : 4704,
            "90.000000" : 4704,
            "95.000000" : 4896,
            "99.000000" : 9792,
            "99.500000" : 10816,
            "99.900000" : 15168,
            "99.950000" : 15424,
            "99.990000" : 56576
          }
        },
        "lat_ns" : {
          "min" : 5891,
          "max" : 119544,
          "mean" : 6632.596780,
          "stddev" : 1064.048858,
          "N" : 1017920
        },
        "bw_min" : 72585,
        "bw_max" : 72865,
        "bw_agg" : 100.000000,
        "bw_mean" : 72711.142857,
        "bw_dev" : 64.441813,
        "bw_samples" : 14,
        "iops_min" : 145170,
        "iops_max" : 145730,
        "iops_mean" : 145422.285714,
        "iops_stddev" : 128.883626,
        "iops_samples" : 14
      },
      "write" : {
        "io_bytes" : 0,
        "io_kbytes" : 0,
        "bw_bytes" : 0,
        "bw" : 0,
        "iops" : 0.000000,
        "runtime" : 0,
        "total_ios" : 0,
        "short_ios" : 0,
        "drop_ios" : 0,
        "slat_ns" : {
          "min" : 0,
          "max" : 0,
          "mean" : 0.000000,
          "stddev" : 0.000000,
          "N" : 0
        },
        "clat_ns" : {
          "min" : 0,
          "max" : 0,
          "mean" : 0.000000,
          "stddev" : 0.000000,
          "N" : 0
        },
        "lat_ns" : {
          "min" : 0,
          "max" : 0,
          "mean" : 0.000000,
          "stddev" : 0.000000,
          "N" : 0
        },
        "bw_min" : 0,
        "bw_max" : 0,
        "bw_agg" : 0.000000,
        "bw_mean" : 0.000000,
        "bw_dev" : 0.000000,
        "bw_samples" : 0,
        "iops_min" : 0,
        "iops_max" : 0,
        "iops_mean" : 0.000000,
        "iops_stddev" : 0.000000,
        "iops_samples" : 0
      },
      "trim" : {
        "io_bytes" : 0,
        "io_kbytes" : 0,
        "bw_bytes" : 0,
        "bw" : 0,
        "iops" : 0.000000,
        "runtime" : 0,
        "total_ios" : 0,
        "short_ios" : 0,
        "drop_ios" : 0,
        "slat_ns" : {
          "min" : 0,
          "max" : 0,
          "mean" : 0.000000,
          "stddev" : 0.000000,
          "N" : 0
        },
        "clat_ns" : {
          "min" : 0,
          "max" : 0,
          "mean" : 0.000000,
          "stddev" : 0.000000,
          "N" : 0
        },
        "lat_ns" : {
          "min" : 0,
          "max" : 0,
          "mean" : 0.000000,
          "stddev" : 0.000000,
          "N" : 0
        },
        "bw_min" : 0,
        "bw_max" : 0,
        "bw_agg" : 0.000000,
        "bw_mean" : 0.000000,
        "bw_dev" : 0.000000,
        "bw_samples" : 0,
        "iops_min" : 0,
        "iops_max" : 0,
        "iops_mean" : 0.000000,
        "iops_stddev" : 0.000000,
        "iops_samples" : 0
      },
      "sync" : {
        "total_ios" : 0,
        "lat_ns" : {
          "min" : 0,
          "max" : 0,
          "mean" : 0.000000,
          "stddev" : 0.000000,
          "N" : 0
        }
      },
      "job_runtime" : 7000,
      "usr_cpu" : 53.528571,
      "sys_cpu" : 46.457143,
      "ctx" : 10,
      "majf" : 0,
      "minf" : 0,
      "iodepth_level" : {
        "1" : 100.000000,
        "2" : 0.000000,
        "4" : 0.000000,
        "8" : 0.000000,
        "16" : 0.000000,
        "32" : 0.000000,
        ">=64" : 0.000000
      },
      "iodepth_submit" : {
        "0" : 0.000000,
        "4" : 100.000000,
        "8" : 0.000000,
        "16" : 0.000000,
        "32" : 0.000000,
        "64" : 0.000000,
        ">=64" : 0.000000
      },
      "iodepth_complete" : {
        "0" : 0.000000,
        "4" : 100.000000,
        "8" : 0.000000,
        "16" : 0.000000,
        "32" : 0.000000,
        "64" : 0.000000,
        ">=64" : 0.000000
      },
      "latency_ns" : {
        "2" : 0.000000,
        "4" : 0.000000,
        "10" : 0.000000,
        "20" : 0.000000,
        "50" : 0.000000,
        "100" : 0.000000,
        "250" : 0.000000,
        "500" : 0.000000,
        "750" : 0.010000,
        "1000" : 0.010000
      },
      "latency_us" : {
        "2" : 0.010000,
        "4" : 0.016111,
        "10" : 99.099733,
        "20" : 0.863329,
        "50" : 0.010000,
        "100" : 0.011199,
        "250" : 0.010000,
        "500" : 0.000000,
        "750" : 0.000000,
        "1000" : 0.000000
      },
      "latency_ms" : {
        "2" : 0.000000,
        "4" : 0.000000,
        "10" : 0.000000,
        "20" : 0.000000,
        "50" : 0.000000,
        "100" : 0.000000,
        "250" : 0.000000,
        "500" : 0.000000,
        "750" : 0.000000,
        "1000" : 0.000000,
        "2000" : 0.000000,
        ">=2000" : 0.000000
      },
      "latency_depth" : 1,
      "latency_target" : 0,
      "latency_percentile" : 100.000000,
      "latency_window" : 0
    }
  ]
}

libaio-bdev_xnvme: (groupid=0, jobs=1): err= 0: pid=6458: Wed Oct 26 15:06:12 2022
  read: IOPS=145k, BW=71.0MiB/s (74.4MB/s)(497MiB/7001msec)
    slat (nsec): min=1743, max=14618, avg=1896.73, stdev=103.75
    clat (nsec): min=601, max=117551, avg=4735.87, stdev=1060.46
     lat (usec): min=5, max=119, avg= 6.63, stdev= 1.06
    clat percentiles (nsec):
     |  1.00th=[ 4384],  5.00th=[ 4384], 10.00th=[ 4448], 20.00th=[ 4448],
     | 30.00th=[ 4640], 40.00th=[ 4640], 50.00th=[ 4640], 60.00th=[ 4640],
     | 70.00th=[ 4704], 80.00th=[ 4704], 90.00th=[ 4704], 95.00th=[ 4896],
     | 99.00th=[ 9792], 99.50th=[10816], 99.90th=[15168], 99.95th=[15424],
     | 99.99th=[56576]
   bw (  KiB/s): min=72585, max=72865, per=100.00%, avg=72711.14, stdev=64.44, samples=14
   iops        : min=145170, max=145730, avg=145422.29, stdev=128.88, samples=14
  lat (nsec)   : 750=0.01%, 1000=0.01%
  lat (usec)   : 2=0.01%, 4=0.02%, 10=99.10%, 20=0.86%, 50=0.01%
  lat (usec)   : 100=0.01%, 250=0.01%
  cpu          : usr=53.53%, sys=46.46%, ctx=10, majf=0, minf=0
  IO depths    : 1=100.0%, 2=0.0%, 4=0.0%, 8=0.0%, 16=0.0%, 32=0.0%, >=64=0.0%
     submit    : 0=0.0%, 4=100.0%, 8=0.0%, 16=0.0%, 32=0.0%, 64=0.0%, >=64=0.0%
     complete  : 0=0.0%, 4=100.0%, 8=0.0%, 16=0.0%, 32=0.0%, 64=0.0%, >=64=0.0%
     issued rwts: total=1017920,0,0,0 short=0,0,0,0 dropped=0,0,0,0
     latency   : target=0, window=0, percentile=100.00%, depth=1

Run status group 0 (all jobs):
   READ: bw=71.0MiB/s (74.4MB/s), 71.0MiB/s-71.0MiB/s (74.4MB/s-74.4MB/s), io=497MiB (521MB), run=7001-7001msec
