libaio-xnvme: (g=0): rw=randread, bs=(R) 512B-512B, (W) 512B-512B, (T) 512B-512B, ioengine=xnvme, iodepth=1
fio-3.32-75-gc470
Starting 1 thread
{
  "fio version" : "fio-3.32-75-gc470",
  "timestamp" : 1667182646,
  "timestamp_ms" : 1667182646719,
  "time" : "Sun Oct 30 21:17:26 2022",
  "jobs" : [
    {
      "jobname" : "libaio-xnvme",
      "groupid" : 0,
      "error" : 0,
      "eta" : 0,
      "elapsed" : 11,
      "job options" : {
        "name" : "libaio-xnvme",
        "rw" : "randread",
        "size" : "12G",
        "iodepth" : "1",
        "bs" : "512",
        "direct" : "1",
        "thread" : "1",
        "time_based" : "1",
        "runtime" : "7",
        "ramp_time" : "3",
        "norandommap" : "1",
        "allow_file_create" : "0",
        "ioengine" : "external:/usr/local/lib/x86_64-linux-gnu/libxnvme-fio-engine.so",
        "xnvme_be" : "linux",
        "xnvme_async" : "libaio",
        "xnvme_sync" : "nvme",
        "xnvme_admin" : "nvme",
        "xnvme_dev_nsid" : "1",
        "filename" : "/dev/nvme0n1",
        "cpus_allowed" : "1"
      },
      "read" : {
        "io_bytes" : 330185216,
        "io_kbytes" : 322446,
        "bw_bytes" : 47162579,
        "bw" : 46057,
        "iops" : 92114.412227,
        "runtime" : 7001,
        "total_ios" : 644893,
        "short_ios" : 0,
        "drop_ios" : 0,
        "slat_ns" : {
          "min" : 747,
          "max" : 3312,
          "mean" : 831.345166,
          "stddev" : 31.512227,
          "N" : 644893
        },
        "clat_ns" : {
          "min" : 8047,
          "max" : 14651,
          "mean" : 9833.549834,
          "stddev" : 149.864147,
          "N" : 644893,
          "percentile" : {
            "1.000000" : 9536,
            "5.000000" : 9536,
            "10.000000" : 9664,
            "20.000000" : 9664,
            "30.000000" : 9792,
            "40.000000" : 9792,
            "50.000000" : 9792,
            "60.000000" : 9920,
            "70.000000" : 9920,
            "80.000000" : 9920,
            "90.000000" : 10048,
            "95.000000" : 10048,
            "99.000000" : 10176,
            "99.500000" : 10176,
            "99.900000" : 10560,
            "99.950000" : 10816,
            "99.990000" : 11584
          }
        },
        "lat_ns" : {
          "min" : 10090,
          "max" : 15507,
          "mean" : 10664.895000,
          "stddev" : 150.977925,
          "N" : 644893
        },
        "bw_min" : 45961,
        "bw_max" : 46209,
        "bw_agg" : 100.000000,
        "bw_mean" : 46079.000000,
        "bw_dev" : 62.261236,
        "bw_samples" : 14,
        "iops_min" : 91922,
        "iops_max" : 92418,
        "iops_mean" : 92158.000000,
        "iops_stddev" : 124.522472,
        "iops_samples" : 14
      },
      "write" : {
        "io_bytes" : 0,
        "io_kbytes" : 0,
        "bw_bytes" : 0,
        "bw" : 0,
        "iops" : 0.000000,
        "runtime" : 0,
        "total_ios" : 0,
        "short_ios" : 0,
        "drop_ios" : 0,
        "slat_ns" : {
          "min" : 0,
          "max" : 0,
          "mean" : 0.000000,
          "stddev" : 0.000000,
          "N" : 0
        },
        "clat_ns" : {
          "min" : 0,
          "max" : 0,
          "mean" : 0.000000,
          "stddev" : 0.000000,
          "N" : 0
        },
        "lat_ns" : {
          "min" : 0,
          "max" : 0,
          "mean" : 0.000000,
          "stddev" : 0.000000,
          "N" : 0
        },
        "bw_min" : 0,
        "bw_max" : 0,
        "bw_agg" : 0.000000,
        "bw_mean" : 0.000000,
        "bw_dev" : 0.000000,
        "bw_samples" : 0,
        "iops_min" : 0,
        "iops_max" : 0,
        "iops_mean" : 0.000000,
        "iops_stddev" : 0.000000,
        "iops_samples" : 0
      },
      "trim" : {
        "io_bytes" : 0,
        "io_kbytes" : 0,
        "bw_bytes" : 0,
        "bw" : 0,
        "iops" : 0.000000,
        "runtime" : 0,
        "total_ios" : 0,
        "short_ios" : 0,
        "drop_ios" : 0,
        "slat_ns" : {
          "min" : 0,
          "max" : 0,
          "mean" : 0.000000,
          "stddev" : 0.000000,
          "N" : 0
        },
        "clat_ns" : {
          "min" : 0,
          "max" : 0,
          "mean" : 0.000000,
          "stddev" : 0.000000,
          "N" : 0
        },
        "lat_ns" : {
          "min" : 0,
          "max" : 0,
          "mean" : 0.000000,
          "stddev" : 0.000000,
          "N" : 0
        },
        "bw_min" : 0,
        "bw_max" : 0,
        "bw_agg" : 0.000000,
        "bw_mean" : 0.000000,
        "bw_dev" : 0.000000,
        "bw_samples" : 0,
        "iops_min" : 0,
        "iops_max" : 0,
        "iops_mean" : 0.000000,
        "iops_stddev" : 0.000000,
        "iops_samples" : 0
      },
      "sync" : {
        "total_ios" : 0,
        "lat_ns" : {
          "min" : 0,
          "max" : 0,
          "mean" : 0.000000,
          "stddev" : 0.000000,
          "N" : 0
        }
      },
      "job_runtime" : 7000,
      "usr_cpu" : 6.714286,
      "sys_cpu" : 16.985714,
      "ctx" : 644895,
      "majf" : 0,
      "minf" : 0,
      "iodepth_level" : {
        "1" : 100.000000,
        "2" : 0.000000,
        "4" : 0.000000,
        "8" : 0.000000,
        "16" : 0.000000,
        "32" : 0.000000,
        ">=64" : 0.000000
      },
      "iodepth_submit" : {
        "0" : 0.000000,
        "4" : 100.000000,
        "8" : 0.000000,
        "16" : 0.000000,
        "32" : 0.000000,
        "64" : 0.000000,
        ">=64" : 0.000000
      },
      "iodepth_complete" : {
        "0" : 0.000000,
        "4" : 100.000000,
        "8" : 0.000000,
        "16" : 0.000000,
        "32" : 0.000000,
        "64" : 0.000000,
        ">=64" : 0.000000
      },
      "latency_ns" : {
        "2" : 0.000000,
        "4" : 0.000000,
        "10" : 0.000000,
        "20" : 0.000000,
        "50" : 0.000000,
        "100" : 0.000000,
        "250" : 0.000000,
        "500" : 0.000000,
        "750" : 0.000000,
        "1000" : 0.000000
      },
      "latency_us" : {
        "2" : 0.000000,
        "4" : 0.000000,
        "10" : 88.017082,
        "20" : 11.982918,
        "50" : 0.000000,
        "100" : 0.000000,
        "250" : 0.000000,
        "500" : 0.000000,
        "750" : 0.000000,
        "1000" : 0.000000
      },
      "latency_ms" : {
        "2" : 0.000000,
        "4" : 0.000000,
        "10" : 0.000000,
        "20" : 0.000000,
        "50" : 0.000000,
        "100" : 0.000000,
        "250" : 0.000000,
        "500" : 0.000000,
        "750" : 0.000000,
        "1000" : 0.000000,
        "2000" : 0.000000,
        ">=2000" : 0.000000
      },
      "latency_depth" : 1,
      "latency_target" : 0,
      "latency_percentile" : 100.000000,
      "latency_window" : 0
    }
  ]
}

libaio-xnvme: (groupid=0, jobs=1): err= 0: pid=54867: Sun Oct 30 21:17:26 2022
  read: IOPS=92.1k, BW=45.0MiB/s (47.2MB/s)(315MiB/7001msec)
    slat (nsec): min=747, max=3312, avg=831.35, stdev=31.51
    clat (nsec): min=8047, max=14651, avg=9833.55, stdev=149.86
     lat (nsec): min=10090, max=15507, avg=10664.89, stdev=150.98
    clat percentiles (nsec):
     |  1.00th=[ 9536],  5.00th=[ 9536], 10.00th=[ 9664], 20.00th=[ 9664],
     | 30.00th=[ 9792], 40.00th=[ 9792], 50.00th=[ 9792], 60.00th=[ 9920],
     | 70.00th=[ 9920], 80.00th=[ 9920], 90.00th=[10048], 95.00th=[10048],
     | 99.00th=[10176], 99.50th=[10176], 99.90th=[10560], 99.95th=[10816],
     | 99.99th=[11584]
   bw (  KiB/s): min=45961, max=46209, per=100.00%, avg=46079.00, stdev=62.26, samples=14
   iops        : min=91922, max=92418, avg=92158.00, stdev=124.52, samples=14
  lat (usec)   : 10=88.02%, 20=11.98%
  cpu          : usr=6.71%, sys=16.99%, ctx=644895, majf=0, minf=0
  IO depths    : 1=100.0%, 2=0.0%, 4=0.0%, 8=0.0%, 16=0.0%, 32=0.0%, >=64=0.0%
     submit    : 0=0.0%, 4=100.0%, 8=0.0%, 16=0.0%, 32=0.0%, 64=0.0%, >=64=0.0%
     complete  : 0=0.0%, 4=100.0%, 8=0.0%, 16=0.0%, 32=0.0%, 64=0.0%, >=64=0.0%
     issued rwts: total=644893,0,0,0 short=0,0,0,0 dropped=0,0,0,0
     latency   : target=0, window=0, percentile=100.00%, depth=1

Run status group 0 (all jobs):
   READ: bw=45.0MiB/s (47.2MB/s), 45.0MiB/s-45.0MiB/s (47.2MB/s-47.2MB/s), io=315MiB (330MB), run=7001-7001msec
