libaio-bdev_xnvme: (g=0): rw=randread, bs=(R) 512B-512B, (W) 512B-512B, (T) 512B-512B, ioengine=spdk_bdev, iodepth=128
fio-3.32-75-gc470
Starting 1 thread
{
  "fio version" : "fio-3.32-75-gc470",
  "timestamp" : 1667182802,
  "timestamp_ms" : 1667182802658,
  "time" : "Sun Oct 30 21:20:02 2022",
  "jobs" : [
    {
      "jobname" : "libaio-bdev_xnvme",
      "groupid" : 0,
      "error" : 0,
      "eta" : 0,
      "elapsed" : 11,
      "job options" : {
        "name" : "libaio-bdev_xnvme",
        "rw" : "randread",
        "size" : "12G",
        "iodepth" : "128",
        "bs" : "512",
        "direct" : "1",
        "thread" : "1",
        "time_based" : "1",
        "runtime" : "7",
        "ramp_time" : "3",
        "norandommap" : "1",
        "allow_file_create" : "0",
        "ioengine" : "spdk_bdev",
        "spdk_conf" : "/tmp/spdk_bdev_xnvme_libaio.conf",
        "filename" : "Nvme0n1",
        "cpus_allowed" : "1"
      },
      "read" : {
        "io_bytes" : 2160709120,
        "io_kbytes" : 2110067,
        "bw_bytes" : 308628641,
        "bw" : 301395,
        "iops" : 602772.746750,
        "runtime" : 7001,
        "total_ios" : 4220012,
        "short_ios" : 0,
        "drop_ios" : 0,
        "slat_ns" : {
          "min" : 727,
          "max" : 11884,
          "mean" : 1386.086700,
          "stddev" : 467.144054,
          "N" : 4220013
        },
        "clat_ns" : {
          "min" : 9152,
          "max" : 223710,
          "mean" : 111376.443209,
          "stddev" : 56807.361390,
          "N" : 4220135,
          "percentile" : {
            "1.000000" : 15680,
            "5.000000" : 23424,
            "10.000000" : 33024,
            "20.000000" : 52480,
            "30.000000" : 72192,
            "40.000000" : 91648,
            "50.000000" : 111104,
            "60.000000" : 130560,
            "70.000000" : 150528,
            "80.000000" : 168960,
            "90.000000" : 189440,
            "95.000000" : 195584,
            "99.000000" : 214016,
            "99.500000" : 216064,
            "99.900000" : 216064,
            "99.950000" : 218112,
            "99.990000" : 218112
          }
        },
        "lat_ns" : {
          "min" : 10688,
          "max" : 225236,
          "mean" : 112762.530422,
          "stddev" : 56764.528402,
          "N" : 4220135
        },
        "bw_min" : 301340,
        "bw_max" : 301942,
        "bw_agg" : 100.000000,
        "bw_mean" : 301537.000000,
        "bw_dev" : 200.418792,
        "bw_samples" : 14,
        "iops_min" : 602680,
        "iops_max" : 603885,
        "iops_mean" : 603074.142857,
        "iops_stddev" : 400.960550,
        "iops_samples" : 14
      },
      "write" : {
        "io_bytes" : 0,
        "io_kbytes" : 0,
        "bw_bytes" : 0,
        "bw" : 0,
        "iops" : 0.000000,
        "runtime" : 0,
        "total_ios" : 0,
        "short_ios" : 0,
        "drop_ios" : 0,
        "slat_ns" : {
          "min" : 0,
          "max" : 0,
          "mean" : 0.000000,
          "stddev" : 0.000000,
          "N" : 0
        },
        "clat_ns" : {
          "min" : 0,
          "max" : 0,
          "mean" : 0.000000,
          "stddev" : 0.000000,
          "N" : 0
        },
        "lat_ns" : {
          "min" : 0,
          "max" : 0,
          "mean" : 0.000000,
          "stddev" : 0.000000,
          "N" : 0
        },
        "bw_min" : 0,
        "bw_max" : 0,
        "bw_agg" : 0.000000,
        "bw_mean" : 0.000000,
        "bw_dev" : 0.000000,
        "bw_samples" : 0,
        "iops_min" : 0,
        "iops_max" : 0,
        "iops_mean" : 0.000000,
        "iops_stddev" : 0.000000,
        "iops_samples" : 0
      },
      "trim" : {
        "io_bytes" : 0,
        "io_kbytes" : 0,
        "bw_bytes" : 0,
        "bw" : 0,
        "iops" : 0.000000,
        "runtime" : 0,
        "total_ios" : 0,
        "short_ios" : 0,
        "drop_ios" : 0,
        "slat_ns" : {
          "min" : 0,
          "max" : 0,
          "mean" : 0.000000,
          "stddev" : 0.000000,
          "N" : 0
        },
        "clat_ns" : {
          "min" : 0,
          "max" : 0,
          "mean" : 0.000000,
          "stddev" : 0.000000,
          "N" : 0
        },
        "lat_ns" : {
          "min" : 0,
          "max" : 0,
          "mean" : 0.000000,
          "stddev" : 0.000000,
          "N" : 0
        },
        "bw_min" : 0,
        "bw_max" : 0,
        "bw_agg" : 0.000000,
        "bw_mean" : 0.000000,
        "bw_dev" : 0.000000,
        "bw_samples" : 0,
        "iops_min" : 0,
        "iops_max" : 0,
        "iops_mean" : 0.000000,
        "iops_stddev" : 0.000000,
        "iops_samples" : 0
      },
      "sync" : {
        "total_ios" : 0,
        "lat_ns" : {
          "min" : 0,
          "max" : 0,
          "mean" : 0.000000,
          "stddev" : 0.000000,
          "N" : 0
        }
      },
      "job_runtime" : 7000,
      "usr_cpu" : 32.557143,
      "sys_cpu" : 67.414286,
      "ctx" : 11,
      "majf" : 0,
      "minf" : 0,
      "iodepth_level" : {
        "1" : 0.000000,
        "2" : 0.100000,
        "4" : 0.899997,
        "8" : 6.551545,
        "16" : 13.104418,
        "32" : 26.208741,
        ">=64" : 53.235275
      },
      "iodepth_submit" : {
        "0" : 0.000000,
        "4" : 100.000000,
        "8" : 0.000000,
        "16" : 0.000000,
        "32" : 0.000000,
        "64" : 0.000000,
        ">=64" : 0.000000
      },
      "iodepth_complete" : {
        "0" : 0.000000,
        "4" : 99.187604,
        "8" : 0.000000,
        "16" : 0.000000,
        "32" : 0.000000,
        "64" : 0.100000,
        ">=64" : 0.812372
      },
      "latency_ns" : {
        "2" : 0.000000,
        "4" : 0.000000,
        "10" : 0.000000,
        "20" : 0.000000,
        "50" : 0.000000,
        "100" : 0.000000,
        "250" : 0.000000,
        "500" : 0.000000,
        "750" : 0.000000,
        "1000" : 0.000000
      },
      "latency_us" : {
        "2" : 0.000000,
        "4" : 0.000000,
        "10" : 0.010000,
        "20" : 3.282313,
        "50" : 15.399222,
        "100" : 25.655093,
        "250" : 55.666264,
        "500" : 0.000000,
        "750" : 0.000000,
        "1000" : 0.000000
      },
      "latency_ms" : {
        "2" : 0.000000,
        "4" : 0.000000,
        "10" : 0.000000,
        "20" : 0.000000,
        "50" : 0.000000,
        "100" : 0.000000,
        "250" : 0.000000,
        "500" : 0.000000,
        "750" : 0.000000,
        "1000" : 0.000000,
        "2000" : 0.000000,
        ">=2000" : 0.000000
      },
      "latency_depth" : 128,
      "latency_target" : 0,
      "latency_percentile" : 100.000000,
      "latency_window" : 0
    }
  ]
}

libaio-bdev_xnvme: (groupid=0, jobs=1): err= 0: pid=55395: Sun Oct 30 21:20:02 2022
  read: IOPS=603k, BW=294MiB/s (309MB/s)(2061MiB/7001msec)
    slat (nsec): min=727, max=11884, avg=1386.09, stdev=467.14
    clat (usec): min=9, max=223, avg=111.38, stdev=56.81
     lat (usec): min=10, max=225, avg=112.76, stdev=56.76
    clat percentiles (usec):
     |  1.00th=[   16],  5.00th=[   24], 10.00th=[   34], 20.00th=[   53],
     | 30.00th=[   73], 40.00th=[   92], 50.00th=[  112], 60.00th=[  131],
     | 70.00th=[  151], 80.00th=[  169], 90.00th=[  190], 95.00th=[  196],
     | 99.00th=[  215], 99.50th=[  217], 99.90th=[  217], 99.95th=[  219],
     | 99.99th=[  219]
   bw (  KiB/s): min=301340, max=301942, per=100.00%, avg=301537.00, stdev=200.42, samples=14
   iops        : min=602680, max=603885, avg=603074.14, stdev=400.96, samples=14
  lat (usec)   : 10=0.01%, 20=3.28%, 50=15.40%, 100=25.66%, 250=55.67%
  cpu          : usr=32.56%, sys=67.41%, ctx=11, majf=0, minf=0
  IO depths    : 1=0.0%, 2=0.1%, 4=0.9%, 8=6.6%, 16=13.1%, 32=26.2%, >=64=53.2%
     submit    : 0=0.0%, 4=100.0%, 8=0.0%, 16=0.0%, 32=0.0%, 64=0.0%, >=64=0.0%
     complete  : 0=0.0%, 4=99.2%, 8=0.0%, 16=0.0%, 32=0.0%, 64=0.1%, >=64=0.8%
     issued rwts: total=4220012,0,0,0 short=0,0,0,0 dropped=0,0,0,0
     latency   : target=0, window=0, percentile=100.00%, depth=128

Run status group 0 (all jobs):
   READ: bw=294MiB/s (309MB/s), 294MiB/s-294MiB/s (309MB/s-309MB/s), io=2061MiB (2161MB), run=7001-7001msec
