libaio-reference: (g=0): rw=randread, bs=(R) 512B-512B, (W) 512B-512B, (T) 512B-512B, ioengine=libaio, iodepth=128
fio-3.32-75-gc470
Starting 1 thread
{
  "fio version" : "fio-3.32-75-gc470",
  "timestamp" : 1667166520,
  "timestamp_ms" : 1667166520602,
  "time" : "Sun Oct 30 16:48:40 2022",
  "jobs" : [
    {
      "jobname" : "libaio-reference",
      "groupid" : 0,
      "error" : 0,
      "eta" : 0,
      "elapsed" : 11,
      "job options" : {
        "name" : "libaio-reference",
        "rw" : "randread",
        "size" : "12G",
        "iodepth" : "128",
        "bs" : "512",
        "direct" : "1",
        "thread" : "1",
        "time_based" : "1",
        "runtime" : "7",
        "ramp_time" : "3",
        "norandommap" : "1",
        "allow_file_create" : "0",
        "ioengine" : "libaio",
        "filename" : "/dev/nvme0n1",
        "cpus_allowed" : "1"
      },
      "read" : {
        "io_bytes" : 1963870208,
        "io_kbytes" : 1917842,
        "bw_bytes" : 280512813,
        "bw" : 273938,
        "iops" : 547858.305956,
        "runtime" : 7001,
        "total_ios" : 3835556,
        "short_ios" : 0,
        "drop_ios" : 0,
        "slat_ns" : {
          "min" : 649,
          "max" : 10645,
          "mean" : 1173.250563,
          "stddev" : 390.573660,
          "N" : 3835557
        },
        "clat_ns" : {
          "min" : 9641,
          "max" : 243960,
          "mean" : 232172.935131,
          "stddev" : 1658.719185,
          "N" : 3835683,
          "percentile" : {
            "1.000000" : 228352,
            "5.000000" : 230400,
            "10.000000" : 230400,
            "20.000000" : 230400,
            "30.000000" : 232448,
            "40.000000" : 232448,
            "50.000000" : 232448,
            "60.000000" : 232448,
            "70.000000" : 232448,
            "80.000000" : 232448,
            "90.000000" : 234496,
            "95.000000" : 234496,
            "99.000000" : 236544,
            "99.500000" : 236544,
            "99.900000" : 236544,
            "99.950000" : 238592,
            "99.990000" : 238592
          }
        },
        "lat_ns" : {
          "min" : 11097,
          "max" : 244721,
          "mean" : 233346.186291,
          "stddev" : 1644.730157,
          "N" : 3835683
        },
        "bw_min" : 273461,
        "bw_max" : 274928,
        "bw_agg" : 100.000000,
        "bw_mean" : 274080.428571,
        "bw_dev" : 523.493989,
        "bw_samples" : 14,
        "iops_min" : 546922,
        "iops_max" : 549856,
        "iops_mean" : 548161.071429,
        "iops_stddev" : 1047.487578,
        "iops_samples" : 14
      },
      "write" : {
        "io_bytes" : 0,
        "io_kbytes" : 0,
        "bw_bytes" : 0,
        "bw" : 0,
        "iops" : 0.000000,
        "runtime" : 0,
        "total_ios" : 0,
        "short_ios" : 0,
        "drop_ios" : 0,
        "slat_ns" : {
          "min" : 0,
          "max" : 0,
          "mean" : 0.000000,
          "stddev" : 0.000000,
          "N" : 0
        },
        "clat_ns" : {
          "min" : 0,
          "max" : 0,
          "mean" : 0.000000,
          "stddev" : 0.000000,
          "N" : 0
        },
        "lat_ns" : {
          "min" : 0,
          "max" : 0,
          "mean" : 0.000000,
          "stddev" : 0.000000,
          "N" : 0
        },
        "bw_min" : 0,
        "bw_max" : 0,
        "bw_agg" : 0.000000,
        "bw_mean" : 0.000000,
        "bw_dev" : 0.000000,
        "bw_samples" : 0,
        "iops_min" : 0,
        "iops_max" : 0,
        "iops_mean" : 0.000000,
        "iops_stddev" : 0.000000,
        "iops_samples" : 0
      },
      "trim" : {
        "io_bytes" : 0,
        "io_kbytes" : 0,
        "bw_bytes" : 0,
        "bw" : 0,
        "iops" : 0.000000,
        "runtime" : 0,
        "total_ios" : 0,
        "short_ios" : 0,
        "drop_ios" : 0,
        "slat_ns" : {
          "min" : 0,
          "max" : 0,
          "mean" : 0.000000,
          "stddev" : 0.000000,
          "N" : 0
        },
        "clat_ns" : {
          "min" : 0,
          "max" : 0,
          "mean" : 0.000000,
          "stddev" : 0.000000,
          "N" : 0
        },
        "lat_ns" : {
          "min" : 0,
          "max" : 0,
          "mean" : 0.000000,
          "stddev" : 0.000000,
          "N" : 0
        },
        "bw_min" : 0,
        "bw_max" : 0,
        "bw_agg" : 0.000000,
        "bw_mean" : 0.000000,
        "bw_dev" : 0.000000,
        "bw_samples" : 0,
        "iops_min" : 0,
        "iops_max" : 0,
        "iops_mean" : 0.000000,
        "iops_stddev" : 0.000000,
        "iops_samples" : 0
      },
      "sync" : {
        "total_ios" : 0,
        "lat_ns" : {
          "min" : 0,
          "max" : 0,
          "mean" : 0.000000,
          "stddev" : 0.000000,
          "N" : 0
        }
      },
      "job_runtime" : 7000,
      "usr_cpu" : 34.285714,
      "sys_cpu" : 65.728571,
      "ctx" : 17,
      "majf" : 0,
      "minf" : 0,
      "iodepth_level" : {
        "1" : 0.000000,
        "2" : 0.000000,
        "4" : 0.000000,
        "8" : 0.000000,
        "16" : 0.000000,
        "32" : 0.000000,
        ">=64" : 100.000000
      },
      "iodepth_submit" : {
        "0" : 0.000000,
        "4" : 100.000000,
        "8" : 0.000000,
        "16" : 0.000000,
        "32" : 0.000000,
        "64" : 0.000000,
        ">=64" : 0.000000
      },
      "iodepth_complete" : {
        "0" : 0.000000,
        "4" : 99.999974,
        "8" : 0.000000,
        "16" : 0.000000,
        "32" : 0.000000,
        "64" : 0.000000,
        ">=64" : 0.100000
      },
      "latency_ns" : {
        "2" : 0.000000,
        "4" : 0.000000,
        "10" : 0.000000,
        "20" : 0.000000,
        "50" : 0.000000,
        "100" : 0.000000,
        "250" : 0.000000,
        "500" : 0.000000,
        "750" : 0.000000,
        "1000" : 0.000000
      },
      "latency_us" : {
        "2" : 0.000000,
        "4" : 0.000000,
        "10" : 0.010000,
        "20" : 0.010000,
        "50" : 0.010000,
        "100" : 0.010000,
        "250" : 100.002008,
        "500" : 0.000000,
        "750" : 0.000000,
        "1000" : 0.000000
      },
      "latency_ms" : {
        "2" : 0.000000,
        "4" : 0.000000,
        "10" : 0.000000,
        "20" : 0.000000,
        "50" : 0.000000,
        "100" : 0.000000,
        "250" : 0.000000,
        "500" : 0.000000,
        "750" : 0.000000,
        "1000" : 0.000000,
        "2000" : 0.000000,
        ">=2000" : 0.000000
      },
      "latency_depth" : 128,
      "latency_target" : 0,
      "latency_percentile" : 100.000000,
      "latency_window" : 0
    }
  ],
  "disk_util" : [
    {
      "name" : "nvme0n1",
      "read_ios" : 0,
      "write_ios" : 0,
      "read_merges" : 0,
      "write_merges" : 0,
      "read_ticks" : 0,
      "write_ticks" : 0,
      "in_queue" : 0,
      "util" : 0.000000
    }
  ]
}

libaio-reference: (groupid=0, jobs=1): err= 0: pid=38912: Sun Oct 30 16:48:40 2022
  read: IOPS=548k, BW=268MiB/s (281MB/s)(1873MiB/7001msec)
    slat (nsec): min=649, max=10645, avg=1173.25, stdev=390.57
    clat (usec): min=9, max=243, avg=232.17, stdev= 1.66
     lat (usec): min=11, max=244, avg=233.35, stdev= 1.64
    clat percentiles (usec):
     |  1.00th=[  229],  5.00th=[  231], 10.00th=[  231], 20.00th=[  231],
     | 30.00th=[  233], 40.00th=[  233], 50.00th=[  233], 60.00th=[  233],
     | 70.00th=[  233], 80.00th=[  233], 90.00th=[  235], 95.00th=[  235],
     | 99.00th=[  237], 99.50th=[  237], 99.90th=[  237], 99.95th=[  239],
     | 99.99th=[  239]
   bw (  KiB/s): min=273461, max=274928, per=100.00%, avg=274080.43, stdev=523.49, samples=14
   iops        : min=546922, max=549856, avg=548161.07, stdev=1047.49, samples=14
  lat (usec)   : 10=0.01%, 20=0.01%, 50=0.01%, 100=0.01%, 250=100.00%
  cpu          : usr=34.29%, sys=65.73%, ctx=17, majf=0, minf=0
  IO depths    : 1=0.0%, 2=0.0%, 4=0.0%, 8=0.0%, 16=0.0%, 32=0.0%, >=64=100.0%
     submit    : 0=0.0%, 4=100.0%, 8=0.0%, 16=0.0%, 32=0.0%, 64=0.0%, >=64=0.0%
     complete  : 0=0.0%, 4=100.0%, 8=0.0%, 16=0.0%, 32=0.0%, 64=0.0%, >=64=0.1%
     issued rwts: total=3835556,0,0,0 short=0,0,0,0 dropped=0,0,0,0
     latency   : target=0, window=0, percentile=100.00%, depth=128

Run status group 0 (all jobs):
   READ: bw=268MiB/s (281MB/s), 268MiB/s-268MiB/s (281MB/s-281MB/s), io=1873MiB (1964MB), run=7001-7001msec

Disk stats (read/write):
  nvme0n1: ios=0/0, merge=0/0, ticks=0/0, in_queue=0, util=0.00%
