io_uring_cmd-reference: (g=0): rw=randread, bs=(R) 512B-512B, (W) 512B-512B, (T) 512B-512B, ioengine=io_uring_cmd, iodepth=128
fio-3.32-75-gc470
Starting 1 thread
{
  "fio version" : "fio-3.32-75-gc470",
  "timestamp" : 1667166421,
  "timestamp_ms" : 1667166421696,
  "time" : "Sun Oct 30 16:47:01 2022",
  "jobs" : [
    {
      "jobname" : "io_uring_cmd-reference",
      "groupid" : 0,
      "error" : 0,
      "eta" : 0,
      "elapsed" : 11,
      "job options" : {
        "name" : "io_uring_cmd-reference",
        "rw" : "randread",
        "size" : "12G",
        "iodepth" : "128",
        "bs" : "512",
        "direct" : "0",
        "thread" : "1",
        "time_based" : "1",
        "runtime" : "7",
        "ramp_time" : "3",
        "norandommap" : "1",
        "allow_file_create" : "0",
        "ioengine" : "io_uring_cmd",
        "filename" : "/dev/ng0n1",
        "cpus_allowed" : "1"
      },
      "read" : {
        "io_bytes" : 2409483264,
        "io_kbytes" : 2353011,
        "bw_bytes" : 344162728,
        "bw" : 336096,
        "iops" : 672174.546493,
        "runtime" : 7001,
        "total_ios" : 4705894,
        "short_ios" : 0,
        "drop_ios" : 0,
        "slat_ns" : {
          "min" : 549,
          "max" : 12918,
          "mean" : 1154.476676,
          "stddev" : 446.644132,
          "N" : 4705895
        },
        "clat_ns" : {
          "min" : 11773,
          "max" : 209088,
          "mean" : 188987.320996,
          "stddev" : 1601.330838,
          "N" : 4706021,
          "percentile" : {
            "1.000000" : 185344,
            "5.000000" : 187392,
            "10.000000" : 187392,
            "20.000000" : 187392,
            "30.000000" : 187392,
            "40.000000" : 189440,
            "50.000000" : 189440,
            "60.000000" : 189440,
            "70.000000" : 189440,
            "80.000000" : 189440,
            "90.000000" : 191488,
            "95.000000" : 191488,
            "99.000000" : 193536,
            "99.500000" : 193536,
            "99.900000" : 193536,
            "99.950000" : 195584,
            "99.990000" : 195584
          }
        },
        "lat_ns" : {
          "min" : 12487,
          "max" : 210454,
          "mean" : 190141.797035,
          "stddev" : 1602.959831,
          "N" : 4706021
        },
        "bw_min" : 334775,
        "bw_max" : 336926,
        "bw_agg" : 100.000000,
        "bw_mean" : 336250.571429,
        "bw_dev" : 747.036681,
        "bw_samples" : 14,
        "iops_min" : 669550,
        "iops_max" : 673853,
        "iops_mean" : 672501.214286,
        "iops_stddev" : 1494.142933,
        "iops_samples" : 14
      },
      "write" : {
        "io_bytes" : 0,
        "io_kbytes" : 0,
        "bw_bytes" : 0,
        "bw" : 0,
        "iops" : 0.000000,
        "runtime" : 0,
        "total_ios" : 0,
        "short_ios" : 0,
        "drop_ios" : 0,
        "slat_ns" : {
          "min" : 0,
          "max" : 0,
          "mean" : 0.000000,
          "stddev" : 0.000000,
          "N" : 0
        },
        "clat_ns" : {
          "min" : 0,
          "max" : 0,
          "mean" : 0.000000,
          "stddev" : 0.000000,
          "N" : 0
        },
        "lat_ns" : {
          "min" : 0,
          "max" : 0,
          "mean" : 0.000000,
          "stddev" : 0.000000,
          "N" : 0
        },
        "bw_min" : 0,
        "bw_max" : 0,
        "bw_agg" : 0.000000,
        "bw_mean" : 0.000000,
        "bw_dev" : 0.000000,
        "bw_samples" : 0,
        "iops_min" : 0,
        "iops_max" : 0,
        "iops_mean" : 0.000000,
        "iops_stddev" : 0.000000,
        "iops_samples" : 0
      },
      "trim" : {
        "io_bytes" : 0,
        "io_kbytes" : 0,
        "bw_bytes" : 0,
        "bw" : 0,
        "iops" : 0.000000,
        "runtime" : 0,
        "total_ios" : 0,
        "short_ios" : 0,
        "drop_ios" : 0,
        "slat_ns" : {
          "min" : 0,
          "max" : 0,
          "mean" : 0.000000,
          "stddev" : 0.000000,
          "N" : 0
        },
        "clat_ns" : {
          "min" : 0,
          "max" : 0,
          "mean" : 0.000000,
          "stddev" : 0.000000,
          "N" : 0
        },
        "lat_ns" : {
          "min" : 0,
          "max" : 0,
          "mean" : 0.000000,
          "stddev" : 0.000000,
          "N" : 0
        },
        "bw_min" : 0,
        "bw_max" : 0,
        "bw_agg" : 0.000000,
        "bw_mean" : 0.000000,
        "bw_dev" : 0.000000,
        "bw_samples" : 0,
        "iops_min" : 0,
        "iops_max" : 0,
        "iops_mean" : 0.000000,
        "iops_stddev" : 0.000000,
        "iops_samples" : 0
      },
      "sync" : {
        "total_ios" : 0,
        "lat_ns" : {
          "min" : 0,
          "max" : 0,
          "mean" : 0.000000,
          "stddev" : 0.000000,
          "N" : 0
        }
      },
      "job_runtime" : 7000,
      "usr_cpu" : 33.885714,
      "sys_cpu" : 66.142857,
      "ctx" : 20,
      "majf" : 0,
      "minf" : 0,
      "iodepth_level" : {
        "1" : 0.000000,
        "2" : 0.000000,
        "4" : 0.000000,
        "8" : 0.000000,
        "16" : 0.000000,
        "32" : 0.000000,
        ">=64" : 100.000000
      },
      "iodepth_submit" : {
        "0" : 0.000000,
        "4" : 100.000000,
        "8" : 0.000000,
        "16" : 0.000000,
        "32" : 0.000000,
        "64" : 0.000000,
        ">=64" : 0.000000
      },
      "iodepth_complete" : {
        "0" : 0.000000,
        "4" : 99.999979,
        "8" : 0.000000,
        "16" : 0.000000,
        "32" : 0.000000,
        "64" : 0.000000,
        ">=64" : 0.100000
      },
      "latency_ns" : {
        "2" : 0.000000,
        "4" : 0.000000,
        "10" : 0.000000,
        "20" : 0.000000,
        "50" : 0.000000,
        "100" : 0.000000,
        "250" : 0.000000,
        "500" : 0.000000,
        "750" : 0.000000,
        "1000" : 0.000000
      },
      "latency_us" : {
        "2" : 0.000000,
        "4" : 0.000000,
        "10" : 0.000000,
        "20" : 0.010000,
        "50" : 0.010000,
        "100" : 0.010000,
        "250" : 100.001424,
        "500" : 0.000000,
        "750" : 0.000000,
        "1000" : 0.000000
      },
      "latency_ms" : {
        "2" : 0.000000,
        "4" : 0.000000,
        "10" : 0.000000,
        "20" : 0.000000,
        "50" : 0.000000,
        "100" : 0.000000,
        "250" : 0.000000,
        "500" : 0.000000,
        "750" : 0.000000,
        "1000" : 0.000000,
        "2000" : 0.000000,
        ">=2000" : 0.000000
      },
      "latency_depth" : 128,
      "latency_target" : 0,
      "latency_percentile" : 100.000000,
      "latency_window" : 0
    }
  ]
}

io_uring_cmd-reference: (groupid=0, jobs=1): err= 0: pid=38581: Sun Oct 30 16:47:01 2022
  read: IOPS=672k, BW=328MiB/s (344MB/s)(2298MiB/7001msec)
    slat (nsec): min=549, max=12918, avg=1154.48, stdev=446.64
    clat (usec): min=11, max=209, avg=188.99, stdev= 1.60
     lat (usec): min=12, max=210, avg=190.14, stdev= 1.60
    clat percentiles (usec):
     |  1.00th=[  186],  5.00th=[  188], 10.00th=[  188], 20.00th=[  188],
     | 30.00th=[  188], 40.00th=[  190], 50.00th=[  190], 60.00th=[  190],
     | 70.00th=[  190], 80.00th=[  190], 90.00th=[  192], 95.00th=[  192],
     | 99.00th=[  194], 99.50th=[  194], 99.90th=[  194], 99.95th=[  196],
     | 99.99th=[  196]
   bw (  KiB/s): min=334775, max=336926, per=100.00%, avg=336250.57, stdev=747.04, samples=14
   iops        : min=669550, max=673853, avg=672501.21, stdev=1494.14, samples=14
  lat (usec)   : 20=0.01%, 50=0.01%, 100=0.01%, 250=100.00%
  cpu          : usr=33.89%, sys=66.14%, ctx=20, majf=0, minf=0
  IO depths    : 1=0.0%, 2=0.0%, 4=0.0%, 8=0.0%, 16=0.0%, 32=0.0%, >=64=100.0%
     submit    : 0=0.0%, 4=100.0%, 8=0.0%, 16=0.0%, 32=0.0%, 64=0.0%, >=64=0.0%
     complete  : 0=0.0%, 4=100.0%, 8=0.0%, 16=0.0%, 32=0.0%, 64=0.0%, >=64=0.1%
     issued rwts: total=4705894,0,0,0 short=0,0,0,0 dropped=0,0,0,0
     latency   : target=0, window=0, percentile=100.00%, depth=128

Run status group 0 (all jobs):
   READ: bw=328MiB/s (344MB/s), 328MiB/s-328MiB/s (344MB/s-344MB/s), io=2298MiB (2409MB), run=7001-7001msec
