io_uring_cmd-reference: (g=0): rw=randread, bs=(R) 512B-512B, (W) 512B-512B, (T) 512B-512B, ioengine=io_uring_cmd, iodepth=1
fio-3.32-dirty
Starting 1 thread
{
  "fio version" : "fio-3.32-dirty",
  "timestamp" : 1666794118,
  "timestamp_ms" : 1666794118732,
  "time" : "Wed Oct 26 16:21:58 2022",
  "jobs" : [
    {
      "jobname" : "io_uring_cmd-reference",
      "groupid" : 0,
      "error" : 0,
      "eta" : 0,
      "elapsed" : 11,
      "job options" : {
        "name" : "io_uring_cmd-reference",
        "rw" : "randread",
        "size" : "12G",
        "iodepth" : "1",
        "bs" : "512",
        "direct" : "0",
        "thread" : "1",
        "time_based" : "1",
        "runtime" : "7",
        "ramp_time" : "3",
        "norandommap" : "1",
        "allow_file_create" : "0",
        "ioengine" : "io_uring_cmd",
        "filename" : "/dev/ng0n1",
        "cpus_allowed" : "1"
      },
      "read" : {
        "io_bytes" : 399375872,
        "io_kbytes" : 390015,
        "bw_bytes" : 57045546,
        "bw" : 55708,
        "iops" : 111417.083274,
        "runtime" : 7001,
        "total_ios" : 780031,
        "short_ios" : 0,
        "drop_ios" : 0,
        "slat_ns" : {
          "min" : 1332,
          "max" : 71774,
          "mean" : 1417.210062,
          "stddev" : 101.667484,
          "N" : 780031
        },
        "clat_ns" : {
          "min" : 141,
          "max" : 78037,
          "mean" : 7239.376402,
          "stddev" : 1017.472722,
          "N" : 780031,
          "percentile" : {
            "1.000000" : 6688,
            "5.000000" : 6944,
            "10.000000" : 7008,
            "20.000000" : 7008,
            "30.000000" : 7072,
            "40.000000" : 7072,
            "50.000000" : 7136,
            "60.000000" : 7200,
            "70.000000" : 7200,
            "80.000000" : 7264,
            "90.000000" : 7328,
            "95.000000" : 7456,
            "99.000000" : 10816,
            "99.500000" : 13504,
            "99.900000" : 15808,
            "99.950000" : 15936,
            "99.990000" : 59136
          }
        },
        "lat_ns" : {
          "min" : 7244,
          "max" : 79459,
          "mean" : 8656.586464,
          "stddev" : 1022.969773,
          "N" : 780031
        },
        "bw_min" : 55504,
        "bw_max" : 55867,
        "bw_agg" : 100.000000,
        "bw_mean" : 55718.357143,
        "bw_dev" : 90.210529,
        "bw_samples" : 14,
        "iops_min" : 111008,
        "iops_max" : 111734,
        "iops_mean" : 111436.785714,
        "iops_stddev" : 180.457614,
        "iops_samples" : 14
      },
      "write" : {
        "io_bytes" : 0,
        "io_kbytes" : 0,
        "bw_bytes" : 0,
        "bw" : 0,
        "iops" : 0.000000,
        "runtime" : 0,
        "total_ios" : 0,
        "short_ios" : 0,
        "drop_ios" : 0,
        "slat_ns" : {
          "min" : 0,
          "max" : 0,
          "mean" : 0.000000,
          "stddev" : 0.000000,
          "N" : 0
        },
        "clat_ns" : {
          "min" : 0,
          "max" : 0,
          "mean" : 0.000000,
          "stddev" : 0.000000,
          "N" : 0
        },
        "lat_ns" : {
          "min" : 0,
          "max" : 0,
          "mean" : 0.000000,
          "stddev" : 0.000000,
          "N" : 0
        },
        "bw_min" : 0,
        "bw_max" : 0,
        "bw_agg" : 0.000000,
        "bw_mean" : 0.000000,
        "bw_dev" : 0.000000,
        "bw_samples" : 0,
        "iops_min" : 0,
        "iops_max" : 0,
        "iops_mean" : 0.000000,
        "iops_stddev" : 0.000000,
        "iops_samples" : 0
      },
      "trim" : {
        "io_bytes" : 0,
        "io_kbytes" : 0,
        "bw_bytes" : 0,
        "bw" : 0,
        "iops" : 0.000000,
        "runtime" : 0,
        "total_ios" : 0,
        "short_ios" : 0,
        "drop_ios" : 0,
        "slat_ns" : {
          "min" : 0,
          "max" : 0,
          "mean" : 0.000000,
          "stddev" : 0.000000,
          "N" : 0
        },
        "clat_ns" : {
          "min" : 0,
          "max" : 0,
          "mean" : 0.000000,
          "stddev" : 0.000000,
          "N" : 0
        },
        "lat_ns" : {
          "min" : 0,
          "max" : 0,
          "mean" : 0.000000,
          "stddev" : 0.000000,
          "N" : 0
        },
        "bw_min" : 0,
        "bw_max" : 0,
        "bw_agg" : 0.000000,
        "bw_mean" : 0.000000,
        "bw_dev" : 0.000000,
        "bw_samples" : 0,
        "iops_min" : 0,
        "iops_max" : 0,
        "iops_mean" : 0.000000,
        "iops_stddev" : 0.000000,
        "iops_samples" : 0
      },
      "sync" : {
        "total_ios" : 0,
        "lat_ns" : {
          "min" : 0,
          "max" : 0,
          "mean" : 0.000000,
          "stddev" : 0.000000,
          "N" : 0
        }
      },
      "job_runtime" : 7000,
      "usr_cpu" : 8.314286,
      "sys_cpu" : 34.085714,
      "ctx" : 780030,
      "majf" : 0,
      "minf" : 1,
      "iodepth_level" : {
        "1" : 100.000000,
        "2" : 0.000000,
        "4" : 0.000000,
        "8" : 0.000000,
        "16" : 0.000000,
        "32" : 0.000000,
        ">=64" : 0.000000
      },
      "iodepth_submit" : {
        "0" : 0.000000,
        "4" : 100.000000,
        "8" : 0.000000,
        "16" : 0.000000,
        "32" : 0.000000,
        "64" : 0.000000,
        ">=64" : 0.000000
      },
      "iodepth_complete" : {
        "0" : 0.000000,
        "4" : 100.000000,
        "8" : 0.000000,
        "16" : 0.000000,
        "32" : 0.000000,
        "64" : 0.000000,
        ">=64" : 0.000000
      },
      "latency_ns" : {
        "2" : 0.000000,
        "4" : 0.000000,
        "10" : 0.000000,
        "20" : 0.000000,
        "50" : 0.000000,
        "100" : 0.000000,
        "250" : 0.010000,
        "500" : 0.010000,
        "750" : 0.000000,
        "1000" : 0.010000
      },
      "latency_us" : {
        "2" : 0.000000,
        "4" : 0.010000,
        "10" : 98.501726,
        "20" : 1.479685,
        "50" : 0.010000,
        "100" : 0.015769,
        "250" : 0.000000,
        "500" : 0.000000,
        "750" : 0.000000,
        "1000" : 0.000000
      },
      "latency_ms" : {
        "2" : 0.000000,
        "4" : 0.000000,
        "10" : 0.000000,
        "20" : 0.000000,
        "50" : 0.000000,
        "100" : 0.000000,
        "250" : 0.000000,
        "500" : 0.000000,
        "750" : 0.000000,
        "1000" : 0.000000,
        "2000" : 0.000000,
        ">=2000" : 0.000000
      },
      "latency_depth" : 1,
      "latency_target" : 0,
      "latency_percentile" : 100.000000,
      "latency_window" : 0
    }
  ]
}

io_uring_cmd-reference: (groupid=0, jobs=1): err= 0: pid=15484: Wed Oct 26 16:21:58 2022
  read: IOPS=111k, BW=54.4MiB/s (57.0MB/s)(381MiB/7001msec)
    slat (nsec): min=1332, max=71774, avg=1417.21, stdev=101.67
    clat (nsec): min=141, max=78037, avg=7239.38, stdev=1017.47
     lat (nsec): min=7244, max=79459, avg=8656.59, stdev=1022.97
    clat percentiles (nsec):
     |  1.00th=[ 6688],  5.00th=[ 6944], 10.00th=[ 7008], 20.00th=[ 7008],
     | 30.00th=[ 7072], 40.00th=[ 7072], 50.00th=[ 7136], 60.00th=[ 7200],
     | 70.00th=[ 7200], 80.00th=[ 7264], 90.00th=[ 7328], 95.00th=[ 7456],
     | 99.00th=[10816], 99.50th=[13504], 99.90th=[15808], 99.95th=[15936],
     | 99.99th=[59136]
   bw (  KiB/s): min=55504, max=55867, per=100.00%, avg=55718.36, stdev=90.21, samples=14
   iops        : min=111008, max=111734, avg=111436.79, stdev=180.46, samples=14
  lat (nsec)   : 250=0.01%, 500=0.01%, 1000=0.01%
  lat (usec)   : 4=0.01%, 10=98.50%, 20=1.48%, 50=0.01%, 100=0.02%
  cpu          : usr=8.31%, sys=34.09%, ctx=780030, majf=0, minf=1
  IO depths    : 1=100.0%, 2=0.0%, 4=0.0%, 8=0.0%, 16=0.0%, 32=0.0%, >=64=0.0%
     submit    : 0=0.0%, 4=100.0%, 8=0.0%, 16=0.0%, 32=0.0%, 64=0.0%, >=64=0.0%
     complete  : 0=0.0%, 4=100.0%, 8=0.0%, 16=0.0%, 32=0.0%, 64=0.0%, >=64=0.0%
     issued rwts: total=780031,0,0,0 short=0,0,0,0 dropped=0,0,0,0
     latency   : target=0, window=0, percentile=100.00%, depth=1

Run status group 0 (all jobs):
   READ: bw=54.4MiB/s (57.0MB/s), 54.4MiB/s-54.4MiB/s (57.0MB/s-57.0MB/s), io=381MiB (399MB), run=7001-7001msec
