io_uring_cmd-xnvme: (g=0): rw=randread, bs=(R) 4096B-4096B, (W) 4096B-4096B, (T) 4096B-4096B, ioengine=xnvme, iodepth=1
fio-3.32-dirty
Starting 1 thread
{
  "fio version" : "fio-3.32-dirty",
  "timestamp" : 1666733057,
  "timestamp_ms" : 1666733057326,
  "time" : "Tue Oct 25 23:24:17 2022",
  "jobs" : [
    {
      "jobname" : "io_uring_cmd-xnvme",
      "groupid" : 0,
      "error" : 0,
      "eta" : 0,
      "elapsed" : 11,
      "job options" : {
        "name" : "io_uring_cmd-xnvme",
        "rw" : "randread",
        "size" : "12G",
        "iodepth" : "1",
        "bs" : "4K",
        "direct" : "0",
        "thread" : "1",
        "time_based" : "1",
        "runtime" : "7",
        "ramp_time" : "3",
        "norandommap" : "1",
        "allow_file_create" : "0",
        "ioengine" : "external:/usr/local/lib/x86_64-linux-gnu/libxnvme-fio-engine.so",
        "xnvme_be" : "linux",
        "xnvme_async" : "io_uring_cmd",
        "xnvme_sync" : "nvme",
        "xnvme_admin" : "nvme",
        "xnvme_dev_nsid" : "1",
        "filename" : "/dev/ng0n1"
      },
      "read" : {
        "io_bytes" : 1745297408,
        "io_kbytes" : 1704392,
        "bw_bytes" : 249292587,
        "bw" : 243449,
        "iops" : 60862.448222,
        "runtime" : 7001,
        "total_ios" : 426098,
        "short_ios" : 0,
        "drop_ios" : 0,
        "slat_ns" : {
          "min" : 2294,
          "max" : 44142,
          "mean" : 2645.758187,
          "stddev" : 205.940659,
          "N" : 426098
        },
        "clat_ns" : {
          "min" : 351,
          "max" : 105057,
          "mean" : 13250.876676,
          "stddev" : 2201.080057,
          "N" : 426098,
          "percentile" : {
            "1.000000" : 12096,
            "5.000000" : 12096,
            "10.000000" : 12096,
            "20.000000" : 12224,
            "30.000000" : 12352,
            "40.000000" : 13248,
            "50.000000" : 13376,
            "60.000000" : 13376,
            "70.000000" : 13504,
            "80.000000" : 13504,
            "90.000000" : 13504,
            "95.000000" : 13632,
            "99.000000" : 22912,
            "99.500000" : 29312,
            "99.900000" : 38656,
            "99.950000" : 52992,
            "99.990000" : 69120
          }
        },
        "lat_ns" : {
          "min" : 14187,
          "max" : 114945,
          "mean" : 15896.634863,
          "stddev" : 2223.085816,
          "N" : 426098
        },
        "bw_min" : 235512,
        "bw_max" : 257448,
        "bw_agg" : 100.000000,
        "bw_mean" : 243501.285714,
        "bw_dev" : 9024.250392,
        "bw_samples" : 14,
        "iops_min" : 58878,
        "iops_max" : 64362,
        "iops_mean" : 60875.285714,
        "iops_stddev" : 2256.088870,
        "iops_samples" : 14
      },
      "write" : {
        "io_bytes" : 0,
        "io_kbytes" : 0,
        "bw_bytes" : 0,
        "bw" : 0,
        "iops" : 0.000000,
        "runtime" : 0,
        "total_ios" : 0,
        "short_ios" : 0,
        "drop_ios" : 0,
        "slat_ns" : {
          "min" : 0,
          "max" : 0,
          "mean" : 0.000000,
          "stddev" : 0.000000,
          "N" : 0
        },
        "clat_ns" : {
          "min" : 0,
          "max" : 0,
          "mean" : 0.000000,
          "stddev" : 0.000000,
          "N" : 0
        },
        "lat_ns" : {
          "min" : 0,
          "max" : 0,
          "mean" : 0.000000,
          "stddev" : 0.000000,
          "N" : 0
        },
        "bw_min" : 0,
        "bw_max" : 0,
        "bw_agg" : 0.000000,
        "bw_mean" : 0.000000,
        "bw_dev" : 0.000000,
        "bw_samples" : 0,
        "iops_min" : 0,
        "iops_max" : 0,
        "iops_mean" : 0.000000,
        "iops_stddev" : 0.000000,
        "iops_samples" : 0
      },
      "trim" : {
        "io_bytes" : 0,
        "io_kbytes" : 0,
        "bw_bytes" : 0,
        "bw" : 0,
        "iops" : 0.000000,
        "runtime" : 0,
        "total_ios" : 0,
        "short_ios" : 0,
        "drop_ios" : 0,
        "slat_ns" : {
          "min" : 0,
          "max" : 0,
          "mean" : 0.000000,
          "stddev" : 0.000000,
          "N" : 0
        },
        "clat_ns" : {
          "min" : 0,
          "max" : 0,
          "mean" : 0.000000,
          "stddev" : 0.000000,
          "N" : 0
        },
        "lat_ns" : {
          "min" : 0,
          "max" : 0,
          "mean" : 0.000000,
          "stddev" : 0.000000,
          "N" : 0
        },
        "bw_min" : 0,
        "bw_max" : 0,
        "bw_agg" : 0.000000,
        "bw_mean" : 0.000000,
        "bw_dev" : 0.000000,
        "bw_samples" : 0,
        "iops_min" : 0,
        "iops_max" : 0,
        "iops_mean" : 0.000000,
        "iops_stddev" : 0.000000,
        "iops_samples" : 0
      },
      "sync" : {
        "total_ios" : 0,
        "lat_ns" : {
          "min" : 0,
          "max" : 0,
          "mean" : 0.000000,
          "stddev" : 0.000000,
          "N" : 0
        }
      },
      "job_runtime" : 7000,
      "usr_cpu" : 9.300000,
      "sys_cpu" : 34.514286,
      "ctx" : 426091,
      "majf" : 0,
      "minf" : 0,
      "iodepth_level" : {
        "1" : 100.000000,
        "2" : 0.000000,
        "4" : 0.000000,
        "8" : 0.000000,
        "16" : 0.000000,
        "32" : 0.000000,
        ">=64" : 0.000000
      },
      "iodepth_submit" : {
        "0" : 0.000000,
        "4" : 100.000000,
        "8" : 0.000000,
        "16" : 0.000000,
        "32" : 0.000000,
        "64" : 0.000000,
        ">=64" : 0.000000
      },
      "iodepth_complete" : {
        "0" : 0.000000,
        "4" : 100.000000,
        "8" : 0.000000,
        "16" : 0.000000,
        "32" : 0.000000,
        "64" : 0.000000,
        ">=64" : 0.000000
      },
      "latency_ns" : {
        "2" : 0.000000,
        "4" : 0.000000,
        "10" : 0.000000,
        "20" : 0.000000,
        "50" : 0.000000,
        "100" : 0.000000,
        "250" : 0.000000,
        "500" : 0.010000,
        "750" : 0.000000,
        "1000" : 0.000000
      },
      "latency_us" : {
        "2" : 0.000000,
        "4" : 0.000000,
        "10" : 0.010000,
        "20" : 98.344982,
        "50" : 1.589306,
        "100" : 0.061488,
        "250" : 0.010000,
        "500" : 0.000000,
        "750" : 0.000000,
        "1000" : 0.000000
      },
      "latency_ms" : {
        "2" : 0.000000,
        "4" : 0.000000,
        "10" : 0.000000,
        "20" : 0.000000,
        "50" : 0.000000,
        "100" : 0.000000,
        "250" : 0.000000,
        "500" : 0.000000,
        "750" : 0.000000,
        "1000" : 0.000000,
        "2000" : 0.000000,
        ">=2000" : 0.000000
      },
      "latency_depth" : 1,
      "latency_target" : 0,
      "latency_percentile" : 100.000000,
      "latency_window" : 0
    }
  ]
}

io_uring_cmd-xnvme: (groupid=0, jobs=1): err= 0: pid=84545: Tue Oct 25 23:24:17 2022
  read: IOPS=60.9k, BW=238MiB/s (249MB/s)(1664MiB/7001msec)
    slat (nsec): min=2294, max=44142, avg=2645.76, stdev=205.94
    clat (nsec): min=351, max=105057, avg=13250.88, stdev=2201.08
     lat (usec): min=14, max=114, avg=15.90, stdev= 2.22
    clat percentiles (nsec):
     |  1.00th=[12096],  5.00th=[12096], 10.00th=[12096], 20.00th=[12224],
     | 30.00th=[12352], 40.00th=[13248], 50.00th=[13376], 60.00th=[13376],
     | 70.00th=[13504], 80.00th=[13504], 90.00th=[13504], 95.00th=[13632],
     | 99.00th=[22912], 99.50th=[29312], 99.90th=[38656], 99.95th=[52992],
     | 99.99th=[69120]
   bw (  KiB/s): min=235512, max=257448, per=100.00%, avg=243501.29, stdev=9024.25, samples=14
   iops        : min=58878, max=64362, avg=60875.29, stdev=2256.09, samples=14
  lat (nsec)   : 500=0.01%
  lat (usec)   : 10=0.01%, 20=98.34%, 50=1.59%, 100=0.06%, 250=0.01%
  cpu          : usr=9.30%, sys=34.51%, ctx=426091, majf=0, minf=0
  IO depths    : 1=100.0%, 2=0.0%, 4=0.0%, 8=0.0%, 16=0.0%, 32=0.0%, >=64=0.0%
     submit    : 0=0.0%, 4=100.0%, 8=0.0%, 16=0.0%, 32=0.0%, 64=0.0%, >=64=0.0%
     complete  : 0=0.0%, 4=100.0%, 8=0.0%, 16=0.0%, 32=0.0%, 64=0.0%, >=64=0.0%
     issued rwts: total=426098,0,0,0 short=0,0,0,0 dropped=0,0,0,0
     latency   : target=0, window=0, percentile=100.00%, depth=1

Run status group 0 (all jobs):
   READ: bw=238MiB/s (249MB/s), 238MiB/s-238MiB/s (249MB/s-249MB/s), io=1664MiB (1745MB), run=7001-7001msec
