io_uring-reference: (g=0): rw=randread, bs=(R) 4096B-4096B, (W) 4096B-4096B, (T) 4096B-4096B, ioengine=io_uring, iodepth=8
fio-3.32-dirty
Starting 1 thread
{
  "fio version" : "fio-3.32-dirty",
  "timestamp" : 1666734547,
  "timestamp_ms" : 1666734547398,
  "time" : "Tue Oct 25 23:49:07 2022",
  "jobs" : [
    {
      "jobname" : "io_uring-reference",
      "groupid" : 0,
      "error" : 0,
      "eta" : 0,
      "elapsed" : 11,
      "job options" : {
        "name" : "io_uring-reference",
        "rw" : "randread",
        "size" : "12G",
        "iodepth" : "8",
        "bs" : "4K",
        "direct" : "1",
        "thread" : "1",
        "time_based" : "1",
        "runtime" : "7",
        "ramp_time" : "3",
        "norandommap" : "1",
        "allow_file_create" : "0",
        "ioengine" : "io_uring",
        "filename" : "/dev/nvme0n1"
      },
      "read" : {
        "io_bytes" : 6418763776,
        "io_kbytes" : 6268324,
        "bw_bytes" : 916835277,
        "bw" : 895346,
        "iops" : 223835.594915,
        "runtime" : 7001,
        "total_ios" : 1567073,
        "short_ios" : 0,
        "drop_ios" : 0,
        "slat_ns" : {
          "min" : 1222,
          "max" : 43772,
          "mean" : 1732.981963,
          "stddev" : 738.776513,
          "N" : 1567074
        },
        "clat_ns" : {
          "min" : 80,
          "max" : 210004,
          "mean" : 33654.755580,
          "stddev" : 8683.484113,
          "N" : 1567080,
          "percentile" : {
            "1.000000" : 24704,
            "5.000000" : 28544,
            "10.000000" : 28800,
            "20.000000" : 29568,
            "30.000000" : 30592,
            "40.000000" : 31104,
            "50.000000" : 31360,
            "60.000000" : 31872,
            "70.000000" : 32384,
            "80.000000" : 33024,
            "90.000000" : 45312,
            "95.000000" : 51968,
            "99.000000" : 62720,
            "99.500000" : 66048,
            "99.900000" : 128512,
            "99.950000" : 140288,
            "99.990000" : 156672
          }
        },
        "lat_ns" : {
          "min" : 15339,
          "max" : 211277,
          "mean" : 35387.737334,
          "stddev" : 8632.811278,
          "N" : 1567080
        },
        "bw_min" : 892488,
        "bw_max" : 898184,
        "bw_agg" : 100.000000,
        "bw_mean" : 895707.214286,
        "bw_dev" : 1505.889371,
        "bw_samples" : 14,
        "iops_min" : 223122,
        "iops_max" : 224546,
        "iops_mean" : 223926.928571,
        "iops_stddev" : 376.422525,
        "iops_samples" : 14
      },
      "write" : {
        "io_bytes" : 0,
        "io_kbytes" : 0,
        "bw_bytes" : 0,
        "bw" : 0,
        "iops" : 0.000000,
        "runtime" : 0,
        "total_ios" : 0,
        "short_ios" : 0,
        "drop_ios" : 0,
        "slat_ns" : {
          "min" : 0,
          "max" : 0,
          "mean" : 0.000000,
          "stddev" : 0.000000,
          "N" : 0
        },
        "clat_ns" : {
          "min" : 0,
          "max" : 0,
          "mean" : 0.000000,
          "stddev" : 0.000000,
          "N" : 0
        },
        "lat_ns" : {
          "min" : 0,
          "max" : 0,
          "mean" : 0.000000,
          "stddev" : 0.000000,
          "N" : 0
        },
        "bw_min" : 0,
        "bw_max" : 0,
        "bw_agg" : 0.000000,
        "bw_mean" : 0.000000,
        "bw_dev" : 0.000000,
        "bw_samples" : 0,
        "iops_min" : 0,
        "iops_max" : 0,
        "iops_mean" : 0.000000,
        "iops_stddev" : 0.000000,
        "iops_samples" : 0
      },
      "trim" : {
        "io_bytes" : 0,
        "io_kbytes" : 0,
        "bw_bytes" : 0,
        "bw" : 0,
        "iops" : 0.000000,
        "runtime" : 0,
        "total_ios" : 0,
        "short_ios" : 0,
        "drop_ios" : 0,
        "slat_ns" : {
          "min" : 0,
          "max" : 0,
          "mean" : 0.000000,
          "stddev" : 0.000000,
          "N" : 0
        },
        "clat_ns" : {
          "min" : 0,
          "max" : 0,
          "mean" : 0.000000,
          "stddev" : 0.000000,
          "N" : 0
        },
        "lat_ns" : {
          "min" : 0,
          "max" : 0,
          "mean" : 0.000000,
          "stddev" : 0.000000,
          "N" : 0
        },
        "bw_min" : 0,
        "bw_max" : 0,
        "bw_agg" : 0.000000,
        "bw_mean" : 0.000000,
        "bw_dev" : 0.000000,
        "bw_samples" : 0,
        "iops_min" : 0,
        "iops_max" : 0,
        "iops_mean" : 0.000000,
        "iops_stddev" : 0.000000,
        "iops_samples" : 0
      },
      "sync" : {
        "total_ios" : 0,
        "lat_ns" : {
          "min" : 0,
          "max" : 0,
          "mean" : 0.000000,
          "stddev" : 0.000000,
          "N" : 0
        }
      },
      "job_runtime" : 7000,
      "usr_cpu" : 16.885714,
      "sys_cpu" : 58.414286,
      "ctx" : 669792,
      "majf" : 0,
      "minf" : 0,
      "iodepth_level" : {
        "1" : 0.000000,
        "2" : 0.000000,
        "4" : 0.000000,
        "8" : 100.000000,
        "16" : 0.000000,
        "32" : 0.000000,
        ">=64" : 0.000000
      },
      "iodepth_submit" : {
        "0" : 0.000000,
        "4" : 100.000000,
        "8" : 0.000000,
        "16" : 0.000000,
        "32" : 0.000000,
        "64" : 0.000000,
        ">=64" : 0.000000
      },
      "iodepth_complete" : {
        "0" : 0.000000,
        "4" : 99.999936,
        "8" : 0.100000,
        "16" : 0.000000,
        "32" : 0.000000,
        "64" : 0.000000,
        ">=64" : 0.000000
      },
      "latency_ns" : {
        "2" : 0.000000,
        "4" : 0.000000,
        "10" : 0.000000,
        "20" : 0.000000,
        "50" : 0.000000,
        "100" : 0.010000,
        "250" : 0.000000,
        "500" : 0.000000,
        "750" : 0.000000,
        "1000" : 0.000000
      },
      "latency_us" : {
        "2" : 0.000000,
        "4" : 0.000000,
        "10" : 0.010000,
        "20" : 0.103697,
        "50" : 92.161693,
        "100" : 7.477826,
        "250" : 0.257040,
        "500" : 0.000000,
        "750" : 0.000000,
        "1000" : 0.000000
      },
      "latency_ms" : {
        "2" : 0.000000,
        "4" : 0.000000,
        "10" : 0.000000,
        "20" : 0.000000,
        "50" : 0.000000,
        "100" : 0.000000,
        "250" : 0.000000,
        "500" : 0.000000,
        "750" : 0.000000,
        "1000" : 0.000000,
        "2000" : 0.000000,
        ">=2000" : 0.000000
      },
      "latency_depth" : 8,
      "latency_target" : 0,
      "latency_percentile" : 100.000000,
      "latency_window" : 0
    }
  ],
  "disk_util" : [
    {
      "name" : "nvme0n1",
      "read_ios" : 2235843,
      "write_ios" : 0,
      "read_merges" : 0,
      "write_merges" : 0,
      "read_ticks" : 70932,
      "write_ticks" : 0,
      "in_queue" : 70932,
      "util" : 99.088748
    }
  ]
}

io_uring-reference: (groupid=0, jobs=1): err= 0: pid=89109: Tue Oct 25 23:49:07 2022
  read: IOPS=224k, BW=874MiB/s (917MB/s)(6121MiB/7001msec)
    slat (nsec): min=1222, max=43772, avg=1732.98, stdev=738.78
    clat (nsec): min=80, max=210004, avg=33654.76, stdev=8683.48
     lat (usec): min=15, max=211, avg=35.39, stdev= 8.63
    clat percentiles (usec):
     |  1.00th=[   25],  5.00th=[   29], 10.00th=[   29], 20.00th=[   30],
     | 30.00th=[   31], 40.00th=[   32], 50.00th=[   32], 60.00th=[   32],
     | 70.00th=[   33], 80.00th=[   34], 90.00th=[   46], 95.00th=[   52],
     | 99.00th=[   63], 99.50th=[   67], 99.90th=[  129], 99.95th=[  141],
     | 99.99th=[  157]
   bw (  KiB/s): min=892488, max=898184, per=100.00%, avg=895707.21, stdev=1505.89, samples=14
   iops        : min=223122, max=224546, avg=223926.93, stdev=376.42, samples=14
  lat (nsec)   : 100=0.01%
  lat (usec)   : 10=0.01%, 20=0.10%, 50=92.16%, 100=7.48%, 250=0.26%
  cpu          : usr=16.89%, sys=58.41%, ctx=669792, majf=0, minf=0
  IO depths    : 1=0.0%, 2=0.0%, 4=0.0%, 8=100.0%, 16=0.0%, 32=0.0%, >=64=0.0%
     submit    : 0=0.0%, 4=100.0%, 8=0.0%, 16=0.0%, 32=0.0%, 64=0.0%, >=64=0.0%
     complete  : 0=0.0%, 4=100.0%, 8=0.1%, 16=0.0%, 32=0.0%, 64=0.0%, >=64=0.0%
     issued rwts: total=1567073,0,0,0 short=0,0,0,0 dropped=0,0,0,0
     latency   : target=0, window=0, percentile=100.00%, depth=8

Run status group 0 (all jobs):
   READ: bw=874MiB/s (917MB/s), 874MiB/s-874MiB/s (917MB/s-917MB/s), io=6121MiB (6419MB), run=7001-7001msec

Disk stats (read/write):
  nvme0n1: ios=2235843/0, merge=0/0, ticks=70932/0, in_queue=70932, util=99.09%
