libaio-xnvme: (g=0): rw=randread, bs=(R) 4096B-4096B, (W) 4096B-4096B, (T) 4096B-4096B, ioengine=xnvme, iodepth=2
fio-3.32-dirty
Starting 1 thread
{
  "fio version" : "fio-3.32-dirty",
  "timestamp" : 1666733920,
  "timestamp_ms" : 1666733920115,
  "time" : "Tue Oct 25 23:38:40 2022",
  "jobs" : [
    {
      "jobname" : "libaio-xnvme",
      "groupid" : 0,
      "error" : 0,
      "eta" : 0,
      "elapsed" : 11,
      "job options" : {
        "name" : "libaio-xnvme",
        "rw" : "randread",
        "size" : "12G",
        "iodepth" : "2",
        "bs" : "4K",
        "direct" : "1",
        "thread" : "1",
        "time_based" : "1",
        "runtime" : "7",
        "ramp_time" : "3",
        "norandommap" : "1",
        "allow_file_create" : "0",
        "ioengine" : "external:/usr/local/lib/x86_64-linux-gnu/libxnvme-fio-engine.so",
        "xnvme_be" : "linux",
        "xnvme_async" : "libaio",
        "xnvme_sync" : "nvme",
        "xnvme_admin" : "nvme",
        "xnvme_dev_nsid" : "1",
        "filename" : "/dev/nvme0n1"
      },
      "read" : {
        "io_bytes" : 2698158080,
        "io_kbytes" : 2634920,
        "bw_bytes" : 385396097,
        "bw" : 376363,
        "iops" : 94090.701328,
        "runtime" : 7001,
        "total_ios" : 658729,
        "short_ios" : 0,
        "drop_ios" : 0,
        "slat_ns" : {
          "min" : 2534,
          "max" : 47179,
          "mean" : 2900.782150,
          "stddev" : 418.117679,
          "N" : 658729
        },
        "clat_ns" : {
          "min" : 921,
          "max" : 118352,
          "mean" : 17829.021652,
          "stddev" : 5403.400026,
          "N" : 658730,
          "percentile" : {
            "1.000000" : 12608,
            "5.000000" : 12736,
            "10.000000" : 12736,
            "20.000000" : 12864,
            "30.000000" : 12864,
            "40.000000" : 12992,
            "50.000000" : 21376,
            "60.000000" : 21376,
            "70.000000" : 21376,
            "80.000000" : 21632,
            "90.000000" : 21632,
            "95.000000" : 22144,
            "99.000000" : 34560,
            "99.500000" : 39680,
            "99.900000" : 48896,
            "99.950000" : 61184,
            "99.990000" : 76288
          }
        },
        "lat_ns" : {
          "min" : 12253,
          "max" : 121407,
          "mean" : 20729.804006,
          "stddev" : 5628.504721,
          "N" : 658730
        },
        "bw_min" : 375336,
        "bw_max" : 377432,
        "bw_agg" : 100.000000,
        "bw_mean" : 376463.000000,
        "bw_dev" : 622.233570,
        "bw_samples" : 14,
        "iops_min" : 93834,
        "iops_max" : 94358,
        "iops_mean" : 94115.714286,
        "iops_stddev" : 155.503860,
        "iops_samples" : 14
      },
      "write" : {
        "io_bytes" : 0,
        "io_kbytes" : 0,
        "bw_bytes" : 0,
        "bw" : 0,
        "iops" : 0.000000,
        "runtime" : 0,
        "total_ios" : 0,
        "short_ios" : 0,
        "drop_ios" : 0,
        "slat_ns" : {
          "min" : 0,
          "max" : 0,
          "mean" : 0.000000,
          "stddev" : 0.000000,
          "N" : 0
        },
        "clat_ns" : {
          "min" : 0,
          "max" : 0,
          "mean" : 0.000000,
          "stddev" : 0.000000,
          "N" : 0
        },
        "lat_ns" : {
          "min" : 0,
          "max" : 0,
          "mean" : 0.000000,
          "stddev" : 0.000000,
          "N" : 0
        },
        "bw_min" : 0,
        "bw_max" : 0,
        "bw_agg" : 0.000000,
        "bw_mean" : 0.000000,
        "bw_dev" : 0.000000,
        "bw_samples" : 0,
        "iops_min" : 0,
        "iops_max" : 0,
        "iops_mean" : 0.000000,
        "iops_stddev" : 0.000000,
        "iops_samples" : 0
      },
      "trim" : {
        "io_bytes" : 0,
        "io_kbytes" : 0,
        "bw_bytes" : 0,
        "bw" : 0,
        "iops" : 0.000000,
        "runtime" : 0,
        "total_ios" : 0,
        "short_ios" : 0,
        "drop_ios" : 0,
        "slat_ns" : {
          "min" : 0,
          "max" : 0,
          "mean" : 0.000000,
          "stddev" : 0.000000,
          "N" : 0
        },
        "clat_ns" : {
          "min" : 0,
          "max" : 0,
          "mean" : 0.000000,
          "stddev" : 0.000000,
          "N" : 0
        },
        "lat_ns" : {
          "min" : 0,
          "max" : 0,
          "mean" : 0.000000,
          "stddev" : 0.000000,
          "N" : 0
        },
        "bw_min" : 0,
        "bw_max" : 0,
        "bw_agg" : 0.000000,
        "bw_mean" : 0.000000,
        "bw_dev" : 0.000000,
        "bw_samples" : 0,
        "iops_min" : 0,
        "iops_max" : 0,
        "iops_mean" : 0.000000,
        "iops_stddev" : 0.000000,
        "iops_samples" : 0
      },
      "sync" : {
        "total_ios" : 0,
        "lat_ns" : {
          "min" : 0,
          "max" : 0,
          "mean" : 0.000000,
          "stddev" : 0.000000,
          "N" : 0
        }
      },
      "job_runtime" : 7000,
      "usr_cpu" : 15.242857,
      "sys_cpu" : 46.571429,
      "ctx" : 329136,
      "majf" : 0,
      "minf" : 0,
      "iodepth_level" : {
        "1" : 0.000000,
        "2" : 100.000000,
        "4" : 0.000000,
        "8" : 0.000000,
        "16" : 0.000000,
        "32" : 0.000000,
        ">=64" : 0.000000
      },
      "iodepth_submit" : {
        "0" : 0.000000,
        "4" : 100.000000,
        "8" : 0.000000,
        "16" : 0.000000,
        "32" : 0.000000,
        "64" : 0.000000,
        ">=64" : 0.000000
      },
      "iodepth_complete" : {
        "0" : 0.000000,
        "4" : 100.000000,
        "8" : 0.000000,
        "16" : 0.000000,
        "32" : 0.000000,
        "64" : 0.000000,
        ">=64" : 0.000000
      },
      "latency_ns" : {
        "2" : 0.000000,
        "4" : 0.000000,
        "10" : 0.000000,
        "20" : 0.000000,
        "50" : 0.000000,
        "100" : 0.000000,
        "250" : 0.000000,
        "500" : 0.000000,
        "750" : 0.000000,
        "1000" : 0.010000
      },
      "latency_us" : {
        "2" : 0.010000,
        "4" : 0.010000,
        "10" : 0.010019,
        "20" : 47.720686,
        "50" : 52.176995,
        "100" : 0.090629,
        "250" : 0.010000,
        "500" : 0.000000,
        "750" : 0.000000,
        "1000" : 0.000000
      },
      "latency_ms" : {
        "2" : 0.000000,
        "4" : 0.000000,
        "10" : 0.000000,
        "20" : 0.000000,
        "50" : 0.000000,
        "100" : 0.000000,
        "250" : 0.000000,
        "500" : 0.000000,
        "750" : 0.000000,
        "1000" : 0.000000,
        "2000" : 0.000000,
        ">=2000" : 0.000000
      },
      "latency_depth" : 2,
      "latency_target" : 0,
      "latency_percentile" : 100.000000,
      "latency_window" : 0
    }
  ]
}

libaio-xnvme: (groupid=0, jobs=1): err= 0: pid=87201: Tue Oct 25 23:38:40 2022
  read: IOPS=94.1k, BW=368MiB/s (385MB/s)(2573MiB/7001msec)
    slat (nsec): min=2534, max=47179, avg=2900.78, stdev=418.12
    clat (nsec): min=921, max=118352, avg=17829.02, stdev=5403.40
     lat (usec): min=12, max=121, avg=20.73, stdev= 5.63
    clat percentiles (nsec):
     |  1.00th=[12608],  5.00th=[12736], 10.00th=[12736], 20.00th=[12864],
     | 30.00th=[12864], 40.00th=[12992], 50.00th=[21376], 60.00th=[21376],
     | 70.00th=[21376], 80.00th=[21632], 90.00th=[21632], 95.00th=[22144],
     | 99.00th=[34560], 99.50th=[39680], 99.90th=[48896], 99.95th=[61184],
     | 99.99th=[76288]
   bw (  KiB/s): min=375336, max=377432, per=100.00%, avg=376463.00, stdev=622.23, samples=14
   iops        : min=93834, max=94358, avg=94115.71, stdev=155.50, samples=14
  lat (nsec)   : 1000=0.01%
  lat (usec)   : 2=0.01%, 4=0.01%, 10=0.01%, 20=47.72%, 50=52.18%
  lat (usec)   : 100=0.09%, 250=0.01%
  cpu          : usr=15.24%, sys=46.57%, ctx=329136, majf=0, minf=0
  IO depths    : 1=0.0%, 2=100.0%, 4=0.0%, 8=0.0%, 16=0.0%, 32=0.0%, >=64=0.0%
     submit    : 0=0.0%, 4=100.0%, 8=0.0%, 16=0.0%, 32=0.0%, 64=0.0%, >=64=0.0%
     complete  : 0=0.0%, 4=100.0%, 8=0.0%, 16=0.0%, 32=0.0%, 64=0.0%, >=64=0.0%
     issued rwts: total=658729,0,0,0 short=0,0,0,0 dropped=0,0,0,0
     latency   : target=0, window=0, percentile=100.00%, depth=2

Run status group 0 (all jobs):
   READ: bw=368MiB/s (385MB/s), 368MiB/s-368MiB/s (385MB/s-385MB/s), io=2573MiB (2698MB), run=7001-7001msec
