io_uring-bdev_uring: (g=0): rw=randread, bs=(R) 4096B-4096B, (W) 4096B-4096B, (T) 4096B-4096B, ioengine=spdk_bdev, iodepth=1
fio-3.32-dirty
Starting 1 thread
{
  "fio version" : "fio-3.32-dirty",
  "timestamp" : 1666733187,
  "timestamp_ms" : 1666733187146,
  "time" : "Tue Oct 25 23:26:27 2022",
  "jobs" : [
    {
      "jobname" : "io_uring-bdev_uring",
      "groupid" : 0,
      "error" : 0,
      "eta" : 0,
      "elapsed" : 11,
      "job options" : {
        "name" : "io_uring-bdev_uring",
        "rw" : "randread",
        "size" : "12G",
        "iodepth" : "1",
        "bs" : "4K",
        "direct" : "1",
        "thread" : "1",
        "time_based" : "1",
        "runtime" : "7",
        "ramp_time" : "3",
        "norandommap" : "1",
        "allow_file_create" : "0",
        "ioengine" : "spdk_bdev",
        "spdk_conf" : "/tmp/spdk_bdev_uring_foo.conf",
        "filename" : "Nvme0n1"
      },
      "read" : {
        "io_bytes" : 2400022528,
        "io_kbytes" : 2343772,
        "bw_bytes" : 342811388,
        "bw" : 334776,
        "iops" : 83694.186545,
        "runtime" : 7001,
        "total_ios" : 585943,
        "short_ios" : 0,
        "drop_ios" : 0,
        "slat_ns" : {
          "min" : 160,
          "max" : 9938,
          "mean" : 176.388493,
          "stddev" : 26.408079,
          "N" : 585943
        },
        "clat_ns" : {
          "min" : 10430,
          "max" : 113473,
          "mean" : 11527.381930,
          "stddev" : 2234.725223,
          "N" : 585943,
          "percentile" : {
            "1.000000" : 10944,
            "5.000000" : 11072,
            "10.000000" : 11072,
            "20.000000" : 11072,
            "30.000000" : 11072,
            "40.000000" : 11072,
            "50.000000" : 11200,
            "60.000000" : 11200,
            "70.000000" : 11328,
            "80.000000" : 11328,
            "90.000000" : 11456,
            "95.000000" : 12096,
            "99.000000" : 22400,
            "99.500000" : 28288,
            "99.900000" : 28800,
            "99.950000" : 44288,
            "99.990000" : 68096
          }
        },
        "lat_ns" : {
          "min" : 10610,
          "max" : 113653,
          "mean" : 11703.770423,
          "stddev" : 2235.118972,
          "N" : 585943
        },
        "bw_min" : 334472,
        "bw_max" : 336208,
        "bw_agg" : 100.000000,
        "bw_mean" : 334961.142857,
        "bw_dev" : 434.449228,
        "bw_samples" : 14,
        "iops_min" : 83618,
        "iops_max" : 84052,
        "iops_mean" : 83740.214286,
        "iops_stddev" : 108.614476,
        "iops_samples" : 14
      },
      "write" : {
        "io_bytes" : 0,
        "io_kbytes" : 0,
        "bw_bytes" : 0,
        "bw" : 0,
        "iops" : 0.000000,
        "runtime" : 0,
        "total_ios" : 0,
        "short_ios" : 0,
        "drop_ios" : 0,
        "slat_ns" : {
          "min" : 0,
          "max" : 0,
          "mean" : 0.000000,
          "stddev" : 0.000000,
          "N" : 0
        },
        "clat_ns" : {
          "min" : 0,
          "max" : 0,
          "mean" : 0.000000,
          "stddev" : 0.000000,
          "N" : 0
        },
        "lat_ns" : {
          "min" : 0,
          "max" : 0,
          "mean" : 0.000000,
          "stddev" : 0.000000,
          "N" : 0
        },
        "bw_min" : 0,
        "bw_max" : 0,
        "bw_agg" : 0.000000,
        "bw_mean" : 0.000000,
        "bw_dev" : 0.000000,
        "bw_samples" : 0,
        "iops_min" : 0,
        "iops_max" : 0,
        "iops_mean" : 0.000000,
        "iops_stddev" : 0.000000,
        "iops_samples" : 0
      },
      "trim" : {
        "io_bytes" : 0,
        "io_kbytes" : 0,
        "bw_bytes" : 0,
        "bw" : 0,
        "iops" : 0.000000,
        "runtime" : 0,
        "total_ios" : 0,
        "short_ios" : 0,
        "drop_ios" : 0,
        "slat_ns" : {
          "min" : 0,
          "max" : 0,
          "mean" : 0.000000,
          "stddev" : 0.000000,
          "N" : 0
        },
        "clat_ns" : {
          "min" : 0,
          "max" : 0,
          "mean" : 0.000000,
          "stddev" : 0.000000,
          "N" : 0
        },
        "lat_ns" : {
          "min" : 0,
          "max" : 0,
          "mean" : 0.000000,
          "stddev" : 0.000000,
          "N" : 0
        },
        "bw_min" : 0,
        "bw_max" : 0,
        "bw_agg" : 0.000000,
        "bw_mean" : 0.000000,
        "bw_dev" : 0.000000,
        "bw_samples" : 0,
        "iops_min" : 0,
        "iops_max" : 0,
        "iops_mean" : 0.000000,
        "iops_stddev" : 0.000000,
        "iops_samples" : 0
      },
      "sync" : {
        "total_ios" : 0,
        "lat_ns" : {
          "min" : 0,
          "max" : 0,
          "mean" : 0.000000,
          "stddev" : 0.000000,
          "N" : 0
        }
      },
      "job_runtime" : 7000,
      "usr_cpu" : 80.728571,
      "sys_cpu" : 19.257143,
      "ctx" : 15,
      "majf" : 0,
      "minf" : 0,
      "iodepth_level" : {
        "1" : 100.000000,
        "2" : 0.000000,
        "4" : 0.000000,
        "8" : 0.000000,
        "16" : 0.000000,
        "32" : 0.000000,
        ">=64" : 0.000000
      },
      "iodepth_submit" : {
        "0" : 0.000000,
        "4" : 100.000000,
        "8" : 0.000000,
        "16" : 0.000000,
        "32" : 0.000000,
        "64" : 0.000000,
        ">=64" : 0.000000
      },
      "iodepth_complete" : {
        "0" : 0.000000,
        "4" : 100.000000,
        "8" : 0.000000,
        "16" : 0.000000,
        "32" : 0.000000,
        "64" : 0.000000,
        ">=64" : 0.000000
      },
      "latency_ns" : {
        "2" : 0.000000,
        "4" : 0.000000,
        "10" : 0.000000,
        "20" : 0.000000,
        "50" : 0.000000,
        "100" : 0.000000,
        "250" : 0.000000,
        "500" : 0.000000,
        "750" : 0.000000,
        "1000" : 0.000000
      },
      "latency_us" : {
        "2" : 0.000000,
        "4" : 0.000000,
        "10" : 0.000000,
        "20" : 98.614541,
        "50" : 1.340915,
        "100" : 0.044373,
        "250" : 0.010000,
        "500" : 0.000000,
        "750" : 0.000000,
        "1000" : 0.000000
      },
      "latency_ms" : {
        "2" : 0.000000,
        "4" : 0.000000,
        "10" : 0.000000,
        "20" : 0.000000,
        "50" : 0.000000,
        "100" : 0.000000,
        "250" : 0.000000,
        "500" : 0.000000,
        "750" : 0.000000,
        "1000" : 0.000000,
        "2000" : 0.000000,
        ">=2000" : 0.000000
      },
      "latency_depth" : 1,
      "latency_target" : 0,
      "latency_percentile" : 100.000000,
      "latency_window" : 0
    }
  ]
}

io_uring-bdev_uring: (groupid=0, jobs=1): err= 0: pid=84947: Tue Oct 25 23:26:27 2022
  read: IOPS=83.7k, BW=327MiB/s (343MB/s)(2289MiB/7001msec)
    slat (nsec): min=160, max=9938, avg=176.39, stdev=26.41
    clat (usec): min=10, max=113, avg=11.53, stdev= 2.23
     lat (usec): min=10, max=113, avg=11.70, stdev= 2.24
    clat percentiles (nsec):
     |  1.00th=[10944],  5.00th=[11072], 10.00th=[11072], 20.00th=[11072],
     | 30.00th=[11072], 40.00th=[11072], 50.00th=[11200], 60.00th=[11200],
     | 70.00th=[11328], 80.00th=[11328], 90.00th=[11456], 95.00th=[12096],
     | 99.00th=[22400], 99.50th=[28288], 99.90th=[28800], 99.95th=[44288],
     | 99.99th=[68096]
   bw (  KiB/s): min=334472, max=336208, per=100.00%, avg=334961.14, stdev=434.45, samples=14
   iops        : min=83618, max=84052, avg=83740.21, stdev=108.61, samples=14
  lat (usec)   : 20=98.61%, 50=1.34%, 100=0.04%, 250=0.01%
  cpu          : usr=80.73%, sys=19.26%, ctx=15, majf=0, minf=0
  IO depths    : 1=100.0%, 2=0.0%, 4=0.0%, 8=0.0%, 16=0.0%, 32=0.0%, >=64=0.0%
     submit    : 0=0.0%, 4=100.0%, 8=0.0%, 16=0.0%, 32=0.0%, 64=0.0%, >=64=0.0%
     complete  : 0=0.0%, 4=100.0%, 8=0.0%, 16=0.0%, 32=0.0%, 64=0.0%, >=64=0.0%
     issued rwts: total=585943,0,0,0 short=0,0,0,0 dropped=0,0,0,0
     latency   : target=0, window=0, percentile=100.00%, depth=1

Run status group 0 (all jobs):
   READ: bw=327MiB/s (343MB/s), 327MiB/s-327MiB/s (343MB/s-343MB/s), io=2289MiB (2400MB), run=7001-7001msec
