io_uring-bdev_xnvme: (g=0): rw=randread, bs=(R) 4096B-4096B, (W) 4096B-4096B, (T) 4096B-4096B, ioengine=spdk_bdev, iodepth=1
fio-3.32-dirty
Starting 1 thread
{
  "fio version" : "fio-3.32-dirty",
  "timestamp" : 1666733232,
  "timestamp_ms" : 1666733232288,
  "time" : "Tue Oct 25 23:27:12 2022",
  "jobs" : [
    {
      "jobname" : "io_uring-bdev_xnvme",
      "groupid" : 0,
      "error" : 0,
      "eta" : 0,
      "elapsed" : 11,
      "job options" : {
        "name" : "io_uring-bdev_xnvme",
        "rw" : "randread",
        "size" : "12G",
        "iodepth" : "1",
        "bs" : "4K",
        "direct" : "1",
        "thread" : "1",
        "time_based" : "1",
        "runtime" : "7",
        "ramp_time" : "3",
        "norandommap" : "1",
        "allow_file_create" : "0",
        "ioengine" : "spdk_bdev",
        "spdk_conf" : "/tmp/spdk_bdev_xnvme_io_uring.conf",
        "filename" : "Nvme0n1"
      },
      "read" : {
        "io_bytes" : 2934267904,
        "io_kbytes" : 2865496,
        "bw_bytes" : 419121254,
        "bw" : 409298,
        "iops" : 102324.525068,
        "runtime" : 7001,
        "total_ios" : 716374,
        "short_ios" : 0,
        "drop_ios" : 0,
        "slat_ns" : {
          "min" : 1543,
          "max" : 18425,
          "mean" : 1610.136684,
          "stddev" : 115.405056,
          "N" : 716374
        },
        "clat_ns" : {
          "min" : 400,
          "max" : 1295729,
          "mean" : 7923.244064,
          "stddev" : 2451.556179,
          "N" : 716374,
          "percentile" : {
            "1.000000" : 7392,
            "5.000000" : 7456,
            "10.000000" : 7456,
            "20.000000" : 7520,
            "30.000000" : 7520,
            "40.000000" : 7584,
            "50.000000" : 7648,
            "60.000000" : 7648,
            "70.000000" : 7712,
            "80.000000" : 7712,
            "90.000000" : 7776,
            "95.000000" : 8160,
            "99.000000" : 17280,
            "99.500000" : 20096,
            "99.900000" : 22656,
            "99.950000" : 32384,
            "99.990000" : 65280
          }
        },
        "lat_ns" : {
          "min" : 8926,
          "max" : 1297322,
          "mean" : 9533.380748,
          "stddev" : 2454.613923,
          "N" : 716374
        },
        "bw_min" : 408576,
        "bw_max" : 410869,
        "bw_agg" : 100.000000,
        "bw_mean" : 409391.785714,
        "bw_dev" : 583.681180,
        "bw_samples" : 14,
        "iops_min" : 102144,
        "iops_max" : 102717,
        "iops_mean" : 102347.928571,
        "iops_stddev" : 145.871632,
        "iops_samples" : 14
      },
      "write" : {
        "io_bytes" : 0,
        "io_kbytes" : 0,
        "bw_bytes" : 0,
        "bw" : 0,
        "iops" : 0.000000,
        "runtime" : 0,
        "total_ios" : 0,
        "short_ios" : 0,
        "drop_ios" : 0,
        "slat_ns" : {
          "min" : 0,
          "max" : 0,
          "mean" : 0.000000,
          "stddev" : 0.000000,
          "N" : 0
        },
        "clat_ns" : {
          "min" : 0,
          "max" : 0,
          "mean" : 0.000000,
          "stddev" : 0.000000,
          "N" : 0
        },
        "lat_ns" : {
          "min" : 0,
          "max" : 0,
          "mean" : 0.000000,
          "stddev" : 0.000000,
          "N" : 0
        },
        "bw_min" : 0,
        "bw_max" : 0,
        "bw_agg" : 0.000000,
        "bw_mean" : 0.000000,
        "bw_dev" : 0.000000,
        "bw_samples" : 0,
        "iops_min" : 0,
        "iops_max" : 0,
        "iops_mean" : 0.000000,
        "iops_stddev" : 0.000000,
        "iops_samples" : 0
      },
      "trim" : {
        "io_bytes" : 0,
        "io_kbytes" : 0,
        "bw_bytes" : 0,
        "bw" : 0,
        "iops" : 0.000000,
        "runtime" : 0,
        "total_ios" : 0,
        "short_ios" : 0,
        "drop_ios" : 0,
        "slat_ns" : {
          "min" : 0,
          "max" : 0,
          "mean" : 0.000000,
          "stddev" : 0.000000,
          "N" : 0
        },
        "clat_ns" : {
          "min" : 0,
          "max" : 0,
          "mean" : 0.000000,
          "stddev" : 0.000000,
          "N" : 0
        },
        "lat_ns" : {
          "min" : 0,
          "max" : 0,
          "mean" : 0.000000,
          "stddev" : 0.000000,
          "N" : 0
        },
        "bw_min" : 0,
        "bw_max" : 0,
        "bw_agg" : 0.000000,
        "bw_mean" : 0.000000,
        "bw_dev" : 0.000000,
        "bw_samples" : 0,
        "iops_min" : 0,
        "iops_max" : 0,
        "iops_mean" : 0.000000,
        "iops_stddev" : 0.000000,
        "iops_samples" : 0
      },
      "sync" : {
        "total_ios" : 0,
        "lat_ns" : {
          "min" : 0,
          "max" : 0,
          "mean" : 0.000000,
          "stddev" : 0.000000,
          "N" : 0
        }
      },
      "job_runtime" : 7000,
      "usr_cpu" : 6.957143,
      "sys_cpu" : 93.000000,
      "ctx" : 48,
      "majf" : 0,
      "minf" : 0,
      "iodepth_level" : {
        "1" : 100.000000,
        "2" : 0.000000,
        "4" : 0.000000,
        "8" : 0.000000,
        "16" : 0.000000,
        "32" : 0.000000,
        ">=64" : 0.000000
      },
      "iodepth_submit" : {
        "0" : 0.000000,
        "4" : 100.000000,
        "8" : 0.000000,
        "16" : 0.000000,
        "32" : 0.000000,
        "64" : 0.000000,
        ">=64" : 0.000000
      },
      "iodepth_complete" : {
        "0" : 0.000000,
        "4" : 100.000000,
        "8" : 0.000000,
        "16" : 0.000000,
        "32" : 0.000000,
        "64" : 0.000000,
        ">=64" : 0.000000
      },
      "latency_ns" : {
        "2" : 0.000000,
        "4" : 0.000000,
        "10" : 0.000000,
        "20" : 0.000000,
        "50" : 0.000000,
        "100" : 0.000000,
        "250" : 0.000000,
        "500" : 0.010000,
        "750" : 0.010000,
        "1000" : 0.000000
      },
      "latency_us" : {
        "2" : 0.000000,
        "4" : 0.010000,
        "10" : 96.128419,
        "20" : 3.324520,
        "50" : 0.511325,
        "100" : 0.034619,
        "250" : 0.010000,
        "500" : 0.000000,
        "750" : 0.000000,
        "1000" : 0.000000
      },
      "latency_ms" : {
        "2" : 0.010000,
        "4" : 0.000000,
        "10" : 0.000000,
        "20" : 0.000000,
        "50" : 0.000000,
        "100" : 0.000000,
        "250" : 0.000000,
        "500" : 0.000000,
        "750" : 0.000000,
        "1000" : 0.000000,
        "2000" : 0.000000,
        ">=2000" : 0.000000
      },
      "latency_depth" : 1,
      "latency_target" : 0,
      "latency_percentile" : 100.000000,
      "latency_window" : 0
    }
  ]
}

io_uring-bdev_xnvme: (groupid=0, jobs=1): err= 0: pid=85097: Tue Oct 25 23:27:12 2022
  read: IOPS=102k, BW=400MiB/s (419MB/s)(2798MiB/7001msec)
    slat (nsec): min=1543, max=18425, avg=1610.14, stdev=115.41
    clat (nsec): min=400, max=1295.7k, avg=7923.24, stdev=2451.56
     lat (usec): min=8, max=1297, avg= 9.53, stdev= 2.45
    clat percentiles (nsec):
     |  1.00th=[ 7392],  5.00th=[ 7456], 10.00th=[ 7456], 20.00th=[ 7520],
     | 30.00th=[ 7520], 40.00th=[ 7584], 50.00th=[ 7648], 60.00th=[ 7648],
     | 70.00th=[ 7712], 80.00th=[ 7712], 90.00th=[ 7776], 95.00th=[ 8160],
     | 99.00th=[17280], 99.50th=[20096], 99.90th=[22656], 99.95th=[32384],
     | 99.99th=[65280]
   bw (  KiB/s): min=408576, max=410869, per=100.00%, avg=409391.79, stdev=583.68, samples=14
   iops        : min=102144, max=102717, avg=102347.93, stdev=145.87, samples=14
  lat (nsec)   : 500=0.01%, 750=0.01%
  lat (usec)   : 4=0.01%, 10=96.13%, 20=3.32%, 50=0.51%, 100=0.03%
  lat (usec)   : 250=0.01%
  lat (msec)   : 2=0.01%
  cpu          : usr=6.96%, sys=93.00%, ctx=48, majf=0, minf=0
  IO depths    : 1=100.0%, 2=0.0%, 4=0.0%, 8=0.0%, 16=0.0%, 32=0.0%, >=64=0.0%
     submit    : 0=0.0%, 4=100.0%, 8=0.0%, 16=0.0%, 32=0.0%, 64=0.0%, >=64=0.0%
     complete  : 0=0.0%, 4=100.0%, 8=0.0%, 16=0.0%, 32=0.0%, 64=0.0%, >=64=0.0%
     issued rwts: total=716374,0,0,0 short=0,0,0,0 dropped=0,0,0,0
     latency   : target=0, window=0, percentile=100.00%, depth=1

Run status group 0 (all jobs):
   READ: bw=400MiB/s (419MB/s), 400MiB/s-400MiB/s (419MB/s-419MB/s), io=2798MiB (2934MB), run=7001-7001msec
