io_uring_cmd-bdev_xnvme: (g=0): rw=randread, bs=(R) 4096B-4096B, (W) 4096B-4096B, (T) 4096B-4096B, ioengine=spdk_bdev, iodepth=8
fio-3.32-dirty
Starting 1 thread
{
  "fio version" : "fio-3.32-dirty",
  "timestamp" : 1666734518,
  "timestamp_ms" : 1666734518563,
  "time" : "Tue Oct 25 23:48:38 2022",
  "jobs" : [
    {
      "jobname" : "io_uring_cmd-bdev_xnvme",
      "groupid" : 0,
      "error" : 0,
      "eta" : 0,
      "elapsed" : 11,
      "job options" : {
        "name" : "io_uring_cmd-bdev_xnvme",
        "rw" : "randread",
        "size" : "12G",
        "iodepth" : "8",
        "bs" : "4K",
        "direct" : "0",
        "thread" : "1",
        "time_based" : "1",
        "runtime" : "7",
        "ramp_time" : "3",
        "norandommap" : "1",
        "allow_file_create" : "0",
        "ioengine" : "spdk_bdev",
        "spdk_conf" : "/tmp/spdk_bdev_xnvme_io_uring_cmd.conf",
        "filename" : "Nvme0n1"
      },
      "read" : {
        "io_bytes" : 6416740352,
        "io_kbytes" : 6266348,
        "bw_bytes" : 916546257,
        "bw" : 895064,
        "iops" : 223765.033567,
        "runtime" : 7001,
        "total_ios" : 1566579,
        "short_ios" : 0,
        "drop_ios" : 0,
        "slat_ns" : {
          "min" : 651,
          "max" : 10229,
          "mean" : 922.635981,
          "stddev" : 74.486330,
          "N" : 1566580
        },
        "clat_ns" : {
          "min" : 13977,
          "max" : 229741,
          "mean" : 34515.006953,
          "stddev" : 8893.514425,
          "N" : 1566582,
          "percentile" : {
            "1.000000" : 24192,
            "5.000000" : 30080,
            "10.000000" : 30336,
            "20.000000" : 30592,
            "30.000000" : 31104,
            "40.000000" : 31872,
            "50.000000" : 32384,
            "60.000000" : 32640,
            "70.000000" : 33024,
            "80.000000" : 33536,
            "90.000000" : 45312,
            "95.000000" : 52480,
            "99.000000" : 63744,
            "99.500000" : 69120,
            "99.900000" : 136192,
            "99.950000" : 144384,
            "99.990000" : 160768
          }
        },
        "lat_ns" : {
          "min" : 14748,
          "max" : 230652,
          "mean" : 35437.642907,
          "stddev" : 8893.112545,
          "N" : 1566582
        },
        "bw_min" : 892728,
        "bw_max" : 898024,
        "bw_agg" : 100.000000,
        "bw_mean" : 895313.500000,
        "bw_dev" : 1341.825436,
        "bw_samples" : 14,
        "iops_min" : 223182,
        "iops_max" : 224506,
        "iops_mean" : 223828.357143,
        "iops_stddev" : 335.467895,
        "iops_samples" : 14
      },
      "write" : {
        "io_bytes" : 0,
        "io_kbytes" : 0,
        "bw_bytes" : 0,
        "bw" : 0,
        "iops" : 0.000000,
        "runtime" : 0,
        "total_ios" : 0,
        "short_ios" : 0,
        "drop_ios" : 0,
        "slat_ns" : {
          "min" : 0,
          "max" : 0,
          "mean" : 0.000000,
          "stddev" : 0.000000,
          "N" : 0
        },
        "clat_ns" : {
          "min" : 0,
          "max" : 0,
          "mean" : 0.000000,
          "stddev" : 0.000000,
          "N" : 0
        },
        "lat_ns" : {
          "min" : 0,
          "max" : 0,
          "mean" : 0.000000,
          "stddev" : 0.000000,
          "N" : 0
        },
        "bw_min" : 0,
        "bw_max" : 0,
        "bw_agg" : 0.000000,
        "bw_mean" : 0.000000,
        "bw_dev" : 0.000000,
        "bw_samples" : 0,
        "iops_min" : 0,
        "iops_max" : 0,
        "iops_mean" : 0.000000,
        "iops_stddev" : 0.000000,
        "iops_samples" : 0
      },
      "trim" : {
        "io_bytes" : 0,
        "io_kbytes" : 0,
        "bw_bytes" : 0,
        "bw" : 0,
        "iops" : 0.000000,
        "runtime" : 0,
        "total_ios" : 0,
        "short_ios" : 0,
        "drop_ios" : 0,
        "slat_ns" : {
          "min" : 0,
          "max" : 0,
          "mean" : 0.000000,
          "stddev" : 0.000000,
          "N" : 0
        },
        "clat_ns" : {
          "min" : 0,
          "max" : 0,
          "mean" : 0.000000,
          "stddev" : 0.000000,
          "N" : 0
        },
        "lat_ns" : {
          "min" : 0,
          "max" : 0,
          "mean" : 0.000000,
          "stddev" : 0.000000,
          "N" : 0
        },
        "bw_min" : 0,
        "bw_max" : 0,
        "bw_agg" : 0.000000,
        "bw_mean" : 0.000000,
        "bw_dev" : 0.000000,
        "bw_samples" : 0,
        "iops_min" : 0,
        "iops_max" : 0,
        "iops_mean" : 0.000000,
        "iops_stddev" : 0.000000,
        "iops_samples" : 0
      },
      "sync" : {
        "total_ios" : 0,
        "lat_ns" : {
          "min" : 0,
          "max" : 0,
          "mean" : 0.000000,
          "stddev" : 0.000000,
          "N" : 0
        }
      },
      "job_runtime" : 7000,
      "usr_cpu" : 99.985714,
      "sys_cpu" : 0.000000,
      "ctx" : 4,
      "majf" : 0,
      "minf" : 0,
      "iodepth_level" : {
        "1" : 0.000000,
        "2" : 0.100000,
        "4" : 0.602140,
        "8" : 99.388540,
        "16" : 0.000000,
        "32" : 0.000000,
        ">=64" : 0.000000
      },
      "iodepth_submit" : {
        "0" : 0.000000,
        "4" : 100.000000,
        "8" : 0.000000,
        "16" : 0.000000,
        "32" : 0.000000,
        "64" : 0.000000,
        ">=64" : 0.000000
      },
      "iodepth_complete" : {
        "0" : 0.000000,
        "4" : 99.995614,
        "8" : 0.100000,
        "16" : 0.000000,
        "32" : 0.000000,
        "64" : 0.000000,
        ">=64" : 0.000000
      },
      "latency_ns" : {
        "2" : 0.000000,
        "4" : 0.000000,
        "10" : 0.000000,
        "20" : 0.000000,
        "50" : 0.000000,
        "100" : 0.000000,
        "250" : 0.000000,
        "500" : 0.000000,
        "750" : 0.000000,
        "1000" : 0.000000
      },
      "latency_us" : {
        "2" : 0.000000,
        "4" : 0.000000,
        "10" : 0.000000,
        "20" : 0.048769,
        "50" : 91.253298,
        "100" : 8.411577,
        "250" : 0.286548,
        "500" : 0.000000,
        "750" : 0.000000,
        "1000" : 0.000000
      },
      "latency_ms" : {
        "2" : 0.000000,
        "4" : 0.000000,
        "10" : 0.000000,
        "20" : 0.000000,
        "50" : 0.000000,
        "100" : 0.000000,
        "250" : 0.000000,
        "500" : 0.000000,
        "750" : 0.000000,
        "1000" : 0.000000,
        "2000" : 0.000000,
        ">=2000" : 0.000000
      },
      "latency_depth" : 8,
      "latency_target" : 0,
      "latency_percentile" : 100.000000,
      "latency_window" : 0
    }
  ]
}

io_uring_cmd-bdev_xnvme: (groupid=0, jobs=1): err= 0: pid=89020: Tue Oct 25 23:48:38 2022
  read: IOPS=224k, BW=874MiB/s (917MB/s)(6119MiB/7001msec)
    slat (nsec): min=651, max=10229, avg=922.64, stdev=74.49
    clat (usec): min=13, max=229, avg=34.52, stdev= 8.89
     lat (usec): min=14, max=230, avg=35.44, stdev= 8.89
    clat percentiles (usec):
     |  1.00th=[   25],  5.00th=[   31], 10.00th=[   31], 20.00th=[   31],
     | 30.00th=[   32], 40.00th=[   32], 50.00th=[   33], 60.00th=[   33],
     | 70.00th=[   34], 80.00th=[   34], 90.00th=[   46], 95.00th=[   53],
     | 99.00th=[   64], 99.50th=[   70], 99.90th=[  137], 99.95th=[  145],
     | 99.99th=[  161]
   bw (  KiB/s): min=892728, max=898024, per=100.00%, avg=895313.50, stdev=1341.83, samples=14
   iops        : min=223182, max=224506, avg=223828.36, stdev=335.47, samples=14
  lat (usec)   : 20=0.05%, 50=91.25%, 100=8.41%, 250=0.29%
  cpu          : usr=99.99%, sys=0.00%, ctx=4, majf=0, minf=0
  IO depths    : 1=0.0%, 2=0.1%, 4=0.6%, 8=99.4%, 16=0.0%, 32=0.0%, >=64=0.0%
     submit    : 0=0.0%, 4=100.0%, 8=0.0%, 16=0.0%, 32=0.0%, 64=0.0%, >=64=0.0%
     complete  : 0=0.0%, 4=100.0%, 8=0.1%, 16=0.0%, 32=0.0%, 64=0.0%, >=64=0.0%
     issued rwts: total=1566579,0,0,0 short=0,0,0,0 dropped=0,0,0,0
     latency   : target=0, window=0, percentile=100.00%, depth=8

Run status group 0 (all jobs):
   READ: bw=874MiB/s (917MB/s), 874MiB/s-874MiB/s (917MB/s-917MB/s), io=6119MiB (6417MB), run=7001-7001msec
