libaio-reference: (g=0): rw=randread, bs=(R) 4096B-4096B, (W) 4096B-4096B, (T) 4096B-4096B, ioengine=libaio, iodepth=8
fio-3.32-dirty
Starting 1 thread
{
  "fio version" : "fio-3.32-dirty",
  "timestamp" : 1666734734,
  "timestamp_ms" : 1666734734194,
  "time" : "Tue Oct 25 23:52:14 2022",
  "jobs" : [
    {
      "jobname" : "libaio-reference",
      "groupid" : 0,
      "error" : 0,
      "eta" : 0,
      "elapsed" : 11,
      "job options" : {
        "name" : "libaio-reference",
        "rw" : "randread",
        "size" : "12G",
        "iodepth" : "8",
        "bs" : "4K",
        "direct" : "1",
        "thread" : "1",
        "time_based" : "1",
        "runtime" : "7",
        "ramp_time" : "3",
        "norandommap" : "1",
        "allow_file_create" : "0",
        "ioengine" : "libaio",
        "filename" : "/dev/nvme0n1"
      },
      "read" : {
        "io_bytes" : 6419886080,
        "io_kbytes" : 6269420,
        "bw_bytes" : 916995583,
        "bw" : 895503,
        "iops" : 223874.875018,
        "runtime" : 7001,
        "total_ios" : 1567348,
        "short_ios" : 0,
        "drop_ios" : 0,
        "slat_ns" : {
          "min" : 1422,
          "max" : 42911,
          "mean" : 2070.390944,
          "stddev" : 758.523721,
          "N" : 1567348
        },
        "clat_ns" : {
          "min" : 391,
          "max" : 177383,
          "mean" : 33384.698160,
          "stddev" : 8925.881402,
          "N" : 1567355,
          "percentile" : {
            "1.000000" : 22912,
            "5.000000" : 27264,
            "10.000000" : 28544,
            "20.000000" : 28800,
            "30.000000" : 29056,
            "40.000000" : 29568,
            "50.000000" : 30848,
            "60.000000" : 32128,
            "70.000000" : 32640,
            "80.000000" : 34048,
            "90.000000" : 44800,
            "95.000000" : 51968,
            "99.000000" : 62720,
            "99.500000" : 67072,
            "99.900000" : 128512,
            "99.950000" : 140288,
            "99.990000" : 156672
          }
        },
        "lat_ns" : {
          "min" : 14407,
          "max" : 178875,
          "mean" : 35455.088327,
          "stddev" : 8862.894253,
          "N" : 1567355
        },
        "bw_min" : 893552,
        "bw_max" : 897856,
        "bw_agg" : 100.000000,
        "bw_mean" : 895919.923077,
        "bw_dev" : 1175.135344,
        "bw_samples" : 13,
        "iops_min" : 223388,
        "iops_max" : 224464,
        "iops_mean" : 223979.923077,
        "iops_stddev" : 293.956477,
        "iops_samples" : 13
      },
      "write" : {
        "io_bytes" : 0,
        "io_kbytes" : 0,
        "bw_bytes" : 0,
        "bw" : 0,
        "iops" : 0.000000,
        "runtime" : 0,
        "total_ios" : 0,
        "short_ios" : 0,
        "drop_ios" : 0,
        "slat_ns" : {
          "min" : 0,
          "max" : 0,
          "mean" : 0.000000,
          "stddev" : 0.000000,
          "N" : 0
        },
        "clat_ns" : {
          "min" : 0,
          "max" : 0,
          "mean" : 0.000000,
          "stddev" : 0.000000,
          "N" : 0
        },
        "lat_ns" : {
          "min" : 0,
          "max" : 0,
          "mean" : 0.000000,
          "stddev" : 0.000000,
          "N" : 0
        },
        "bw_min" : 0,
        "bw_max" : 0,
        "bw_agg" : 0.000000,
        "bw_mean" : 0.000000,
        "bw_dev" : 0.000000,
        "bw_samples" : 0,
        "iops_min" : 0,
        "iops_max" : 0,
        "iops_mean" : 0.000000,
        "iops_stddev" : 0.000000,
        "iops_samples" : 0
      },
      "trim" : {
        "io_bytes" : 0,
        "io_kbytes" : 0,
        "bw_bytes" : 0,
        "bw" : 0,
        "iops" : 0.000000,
        "runtime" : 0,
        "total_ios" : 0,
        "short_ios" : 0,
        "drop_ios" : 0,
        "slat_ns" : {
          "min" : 0,
          "max" : 0,
          "mean" : 0.000000,
          "stddev" : 0.000000,
          "N" : 0
        },
        "clat_ns" : {
          "min" : 0,
          "max" : 0,
          "mean" : 0.000000,
          "stddev" : 0.000000,
          "N" : 0
        },
        "lat_ns" : {
          "min" : 0,
          "max" : 0,
          "mean" : 0.000000,
          "stddev" : 0.000000,
          "N" : 0
        },
        "bw_min" : 0,
        "bw_max" : 0,
        "bw_agg" : 0.000000,
        "bw_mean" : 0.000000,
        "bw_dev" : 0.000000,
        "bw_samples" : 0,
        "iops_min" : 0,
        "iops_max" : 0,
        "iops_mean" : 0.000000,
        "iops_stddev" : 0.000000,
        "iops_samples" : 0
      },
      "sync" : {
        "total_ios" : 0,
        "lat_ns" : {
          "min" : 0,
          "max" : 0,
          "mean" : 0.000000,
          "stddev" : 0.000000,
          "N" : 0
        }
      },
      "job_runtime" : 7000,
      "usr_cpu" : 25.357143,
      "sys_cpu" : 52.514286,
      "ctx" : 563635,
      "majf" : 0,
      "minf" : 0,
      "iodepth_level" : {
        "1" : 0.000000,
        "2" : 0.000000,
        "4" : 0.000000,
        "8" : 100.000000,
        "16" : 0.000000,
        "32" : 0.000000,
        ">=64" : 0.000000
      },
      "iodepth_submit" : {
        "0" : 0.000000,
        "4" : 100.000000,
        "8" : 0.000000,
        "16" : 0.000000,
        "32" : 0.000000,
        "64" : 0.000000,
        ">=64" : 0.000000
      },
      "iodepth_complete" : {
        "0" : 0.000000,
        "4" : 99.999936,
        "8" : 0.100000,
        "16" : 0.000000,
        "32" : 0.000000,
        "64" : 0.000000,
        ">=64" : 0.000000
      },
      "latency_ns" : {
        "2" : 0.000000,
        "4" : 0.000000,
        "10" : 0.000000,
        "20" : 0.000000,
        "50" : 0.000000,
        "100" : 0.000000,
        "250" : 0.000000,
        "500" : 0.010000,
        "750" : 0.000000,
        "1000" : 0.000000
      },
      "latency_us" : {
        "2" : 0.000000,
        "4" : 0.010000,
        "10" : 0.000000,
        "20" : 0.058570,
        "50" : 92.628185,
        "100" : 7.051848,
        "250" : 0.260950,
        "500" : 0.000000,
        "750" : 0.000000,
        "1000" : 0.000000
      },
      "latency_ms" : {
        "2" : 0.000000,
        "4" : 0.000000,
        "10" : 0.000000,
        "20" : 0.000000,
        "50" : 0.000000,
        "100" : 0.000000,
        "250" : 0.000000,
        "500" : 0.000000,
        "750" : 0.000000,
        "1000" : 0.000000,
        "2000" : 0.000000,
        ">=2000" : 0.000000
      },
      "latency_depth" : 8,
      "latency_target" : 0,
      "latency_percentile" : 100.000000,
      "latency_window" : 0
    }
  ],
  "disk_util" : [
    {
      "name" : "nvme0n1",
      "read_ios" : 2177732,
      "write_ios" : 0,
      "read_merges" : 0,
      "write_merges" : 0,
      "read_ticks" : 69367,
      "write_ticks" : 0,
      "in_queue" : 69367,
      "util" : 99.085923
    }
  ]
}

libaio-reference: (groupid=0, jobs=1): err= 0: pid=89676: Tue Oct 25 23:52:14 2022
  read: IOPS=224k, BW=875MiB/s (917MB/s)(6122MiB/7001msec)
    slat (nsec): min=1422, max=42911, avg=2070.39, stdev=758.52
    clat (nsec): min=391, max=177383, avg=33384.70, stdev=8925.88
     lat (usec): min=14, max=178, avg=35.46, stdev= 8.86
    clat percentiles (usec):
     |  1.00th=[   23],  5.00th=[   28], 10.00th=[   29], 20.00th=[   29],
     | 30.00th=[   30], 40.00th=[   30], 50.00th=[   31], 60.00th=[   33],
     | 70.00th=[   33], 80.00th=[   35], 90.00th=[   45], 95.00th=[   52],
     | 99.00th=[   63], 99.50th=[   68], 99.90th=[  129], 99.95th=[  141],
     | 99.99th=[  157]
   bw (  KiB/s): min=893552, max=897856, per=100.00%, avg=895919.92, stdev=1175.14, samples=13
   iops        : min=223388, max=224464, avg=223979.92, stdev=293.96, samples=13
  lat (nsec)   : 500=0.01%
  lat (usec)   : 4=0.01%, 20=0.06%, 50=92.63%, 100=7.05%, 250=0.26%
  cpu          : usr=25.36%, sys=52.51%, ctx=563635, majf=0, minf=0
  IO depths    : 1=0.0%, 2=0.0%, 4=0.0%, 8=100.0%, 16=0.0%, 32=0.0%, >=64=0.0%
     submit    : 0=0.0%, 4=100.0%, 8=0.0%, 16=0.0%, 32=0.0%, 64=0.0%, >=64=0.0%
     complete  : 0=0.0%, 4=100.0%, 8=0.1%, 16=0.0%, 32=0.0%, 64=0.0%, >=64=0.0%
     issued rwts: total=1567348,0,0,0 short=0,0,0,0 dropped=0,0,0,0
     latency   : target=0, window=0, percentile=100.00%, depth=8

Run status group 0 (all jobs):
   READ: bw=875MiB/s (917MB/s), 875MiB/s-875MiB/s (917MB/s-917MB/s), io=6122MiB (6420MB), run=7001-7001msec

Disk stats (read/write):
  nvme0n1: ios=2177732/0, merge=0/0, ticks=69367/0, in_queue=69367, util=99.09%
