libaio-xnvme: (g=0): rw=randread, bs=(R) 4096B-4096B, (W) 4096B-4096B, (T) 4096B-4096B, ioengine=xnvme, iodepth=8
fio-3.32-dirty
Starting 1 thread
{
  "fio version" : "fio-3.32-dirty",
  "timestamp" : 1666734852,
  "timestamp_ms" : 1666734852329,
  "time" : "Tue Oct 25 23:54:12 2022",
  "jobs" : [
    {
      "jobname" : "libaio-xnvme",
      "groupid" : 0,
      "error" : 0,
      "eta" : 0,
      "elapsed" : 11,
      "job options" : {
        "name" : "libaio-xnvme",
        "rw" : "randread",
        "size" : "12G",
        "iodepth" : "8",
        "bs" : "4K",
        "direct" : "1",
        "thread" : "1",
        "time_based" : "1",
        "runtime" : "7",
        "ramp_time" : "3",
        "norandommap" : "1",
        "allow_file_create" : "0",
        "ioengine" : "external:/usr/local/lib/x86_64-linux-gnu/libxnvme-fio-engine.so",
        "xnvme_be" : "linux",
        "xnvme_async" : "libaio",
        "xnvme_sync" : "nvme",
        "xnvme_admin" : "nvme",
        "xnvme_dev_nsid" : "1",
        "filename" : "/dev/nvme0n1"
      },
      "read" : {
        "io_bytes" : 6413660160,
        "io_kbytes" : 6263340,
        "bw_bytes" : 916106293,
        "bw" : 894635,
        "iops" : 223657.620340,
        "runtime" : 7001,
        "total_ios" : 1565827,
        "short_ios" : 0,
        "drop_ios" : 0,
        "slat_ns" : {
          "min" : 1463,
          "max" : 42490,
          "mean" : 1879.747679,
          "stddev" : 476.780147,
          "N" : 1565828
        },
        "clat_ns" : {
          "min" : 2766,
          "max" : 250209,
          "mean" : 33625.378656,
          "stddev" : 9412.417229,
          "N" : 1565834,
          "percentile" : {
            "1.000000" : 22912,
            "5.000000" : 25984,
            "10.000000" : 27264,
            "20.000000" : 28544,
            "30.000000" : 29312,
            "40.000000" : 30336,
            "50.000000" : 31104,
            "60.000000" : 31872,
            "70.000000" : 33024,
            "80.000000" : 36608,
            "90.000000" : 45312,
            "95.000000" : 52480,
            "99.000000" : 63232,
            "99.500000" : 69120,
            "99.900000" : 134144,
            "99.950000" : 142336,
            "99.990000" : 160768
          }
        },
        "lat_ns" : {
          "min" : 15689,
          "max" : 262933,
          "mean" : 35505.126049,
          "stddev" : 9396.777144,
          "N" : 1565834
        },
        "bw_min" : 887864,
        "bw_max" : 897378,
        "bw_agg" : 100.000000,
        "bw_mean" : 895042.928571,
        "bw_dev" : 2300.390016,
        "bw_samples" : 14,
        "iops_min" : 221966,
        "iops_max" : 224344,
        "iops_mean" : 223760.500000,
        "iops_stddev" : 574.996020,
        "iops_samples" : 14
      },
      "write" : {
        "io_bytes" : 0,
        "io_kbytes" : 0,
        "bw_bytes" : 0,
        "bw" : 0,
        "iops" : 0.000000,
        "runtime" : 0,
        "total_ios" : 0,
        "short_ios" : 0,
        "drop_ios" : 0,
        "slat_ns" : {
          "min" : 0,
          "max" : 0,
          "mean" : 0.000000,
          "stddev" : 0.000000,
          "N" : 0
        },
        "clat_ns" : {
          "min" : 0,
          "max" : 0,
          "mean" : 0.000000,
          "stddev" : 0.000000,
          "N" : 0
        },
        "lat_ns" : {
          "min" : 0,
          "max" : 0,
          "mean" : 0.000000,
          "stddev" : 0.000000,
          "N" : 0
        },
        "bw_min" : 0,
        "bw_max" : 0,
        "bw_agg" : 0.000000,
        "bw_mean" : 0.000000,
        "bw_dev" : 0.000000,
        "bw_samples" : 0,
        "iops_min" : 0,
        "iops_max" : 0,
        "iops_mean" : 0.000000,
        "iops_stddev" : 0.000000,
        "iops_samples" : 0
      },
      "trim" : {
        "io_bytes" : 0,
        "io_kbytes" : 0,
        "bw_bytes" : 0,
        "bw" : 0,
        "iops" : 0.000000,
        "runtime" : 0,
        "total_ios" : 0,
        "short_ios" : 0,
        "drop_ios" : 0,
        "slat_ns" : {
          "min" : 0,
          "max" : 0,
          "mean" : 0.000000,
          "stddev" : 0.000000,
          "N" : 0
        },
        "clat_ns" : {
          "min" : 0,
          "max" : 0,
          "mean" : 0.000000,
          "stddev" : 0.000000,
          "N" : 0
        },
        "lat_ns" : {
          "min" : 0,
          "max" : 0,
          "mean" : 0.000000,
          "stddev" : 0.000000,
          "N" : 0
        },
        "bw_min" : 0,
        "bw_max" : 0,
        "bw_agg" : 0.000000,
        "bw_mean" : 0.000000,
        "bw_dev" : 0.000000,
        "bw_samples" : 0,
        "iops_min" : 0,
        "iops_max" : 0,
        "iops_mean" : 0.000000,
        "iops_stddev" : 0.000000,
        "iops_samples" : 0
      },
      "sync" : {
        "total_ios" : 0,
        "lat_ns" : {
          "min" : 0,
          "max" : 0,
          "mean" : 0.000000,
          "stddev" : 0.000000,
          "N" : 0
        }
      },
      "job_runtime" : 7000,
      "usr_cpu" : 22.085714,
      "sys_cpu" : 54.371429,
      "ctx" : 539751,
      "majf" : 0,
      "minf" : 0,
      "iodepth_level" : {
        "1" : 0.000000,
        "2" : 0.000000,
        "4" : 0.000000,
        "8" : 100.000000,
        "16" : 0.000000,
        "32" : 0.000000,
        ">=64" : 0.000000
      },
      "iodepth_submit" : {
        "0" : 0.000000,
        "4" : 100.000000,
        "8" : 0.000000,
        "16" : 0.000000,
        "32" : 0.000000,
        "64" : 0.000000,
        ">=64" : 0.000000
      },
      "iodepth_complete" : {
        "0" : 0.000000,
        "4" : 99.999968,
        "8" : 0.100000,
        "16" : 0.000000,
        "32" : 0.000000,
        "64" : 0.000000,
        ">=64" : 0.000000
      },
      "latency_ns" : {
        "2" : 0.000000,
        "4" : 0.000000,
        "10" : 0.000000,
        "20" : 0.000000,
        "50" : 0.000000,
        "100" : 0.000000,
        "250" : 0.000000,
        "500" : 0.000000,
        "750" : 0.000000,
        "1000" : 0.000000
      },
      "latency_us" : {
        "2" : 0.000000,
        "4" : 0.010000,
        "10" : 0.000000,
        "20" : 0.414669,
        "50" : 92.437734,
        "100" : 6.875664,
        "250" : 0.272188,
        "500" : 0.010000,
        "750" : 0.000000,
        "1000" : 0.000000
      },
      "latency_ms" : {
        "2" : 0.000000,
        "4" : 0.000000,
        "10" : 0.000000,
        "20" : 0.000000,
        "50" : 0.000000,
        "100" : 0.000000,
        "250" : 0.000000,
        "500" : 0.000000,
        "750" : 0.000000,
        "1000" : 0.000000,
        "2000" : 0.000000,
        ">=2000" : 0.000000
      },
      "latency_depth" : 8,
      "latency_target" : 0,
      "latency_percentile" : 100.000000,
      "latency_window" : 0
    }
  ]
}

libaio-xnvme: (groupid=0, jobs=1): err= 0: pid=90051: Tue Oct 25 23:54:12 2022
  read: IOPS=224k, BW=874MiB/s (916MB/s)(6117MiB/7001msec)
    slat (nsec): min=1463, max=42490, avg=1879.75, stdev=476.78
    clat (usec): min=2, max=250, avg=33.63, stdev= 9.41
     lat (usec): min=15, max=262, avg=35.51, stdev= 9.40
    clat percentiles (usec):
     |  1.00th=[   23],  5.00th=[   26], 10.00th=[   28], 20.00th=[   29],
     | 30.00th=[   30], 40.00th=[   31], 50.00th=[   32], 60.00th=[   32],
     | 70.00th=[   34], 80.00th=[   37], 90.00th=[   46], 95.00th=[   53],
     | 99.00th=[   64], 99.50th=[   70], 99.90th=[  135], 99.95th=[  143],
     | 99.99th=[  161]
   bw (  KiB/s): min=887864, max=897378, per=100.00%, avg=895042.93, stdev=2300.39, samples=14
   iops        : min=221966, max=224344, avg=223760.50, stdev=575.00, samples=14
  lat (usec)   : 4=0.01%, 20=0.41%, 50=92.44%, 100=6.88%, 250=0.27%
  lat (usec)   : 500=0.01%
  cpu          : usr=22.09%, sys=54.37%, ctx=539751, majf=0, minf=0
  IO depths    : 1=0.0%, 2=0.0%, 4=0.0%, 8=100.0%, 16=0.0%, 32=0.0%, >=64=0.0%
     submit    : 0=0.0%, 4=100.0%, 8=0.0%, 16=0.0%, 32=0.0%, 64=0.0%, >=64=0.0%
     complete  : 0=0.0%, 4=100.0%, 8=0.1%, 16=0.0%, 32=0.0%, 64=0.0%, >=64=0.0%
     issued rwts: total=1565827,0,0,0 short=0,0,0,0 dropped=0,0,0,0
     latency   : target=0, window=0, percentile=100.00%, depth=8

Run status group 0 (all jobs):
   READ: bw=874MiB/s (916MB/s), 874MiB/s-874MiB/s (916MB/s-916MB/s), io=6117MiB (6414MB), run=7001-7001msec
