io_uring_cmd-reference: (g=0): rw=randread, bs=(R) 4096B-4096B, (W) 4096B-4096B, (T) 4096B-4096B, ioengine=io_uring_cmd, iodepth=8
fio-3.32-dirty
Starting 1 thread
{
  "fio version" : "fio-3.32-dirty",
  "timestamp" : 1666734447,
  "timestamp_ms" : 1666734447509,
  "time" : "Tue Oct 25 23:47:27 2022",
  "jobs" : [
    {
      "jobname" : "io_uring_cmd-reference",
      "groupid" : 0,
      "error" : 0,
      "eta" : 0,
      "elapsed" : 11,
      "job options" : {
        "name" : "io_uring_cmd-reference",
        "rw" : "randread",
        "size" : "12G",
        "iodepth" : "8",
        "bs" : "4K",
        "direct" : "0",
        "thread" : "1",
        "time_based" : "1",
        "runtime" : "7",
        "ramp_time" : "3",
        "norandommap" : "1",
        "allow_file_create" : "0",
        "ioengine" : "io_uring_cmd",
        "filename" : "/dev/ng0n1"
      },
      "read" : {
        "io_bytes" : 6417027072,
        "io_kbytes" : 6266628,
        "bw_bytes" : 916587212,
        "bw" : 895104,
        "iops" : 223775.032138,
        "runtime" : 7001,
        "total_ios" : 1566649,
        "short_ios" : 0,
        "drop_ios" : 0,
        "slat_ns" : {
          "min" : 1082,
          "max" : 28684,
          "mean" : 1801.328699,
          "stddev" : 837.999667,
          "N" : 1566650
        },
        "clat_ns" : {
          "min" : 11131,
          "max" : 206056,
          "mean" : 33649.558555,
          "stddev" : 8666.871644,
          "N" : 1566656,
          "percentile" : {
            "1.000000" : 24704,
            "5.000000" : 28800,
            "10.000000" : 29824,
            "20.000000" : 30080,
            "30.000000" : 30336,
            "40.000000" : 30848,
            "50.000000" : 31616,
            "60.000000" : 31616,
            "70.000000" : 31872,
            "80.000000" : 32640,
            "90.000000" : 45312,
            "95.000000" : 51968,
            "99.000000" : 62720,
            "99.500000" : 67072,
            "99.900000" : 128512,
            "99.950000" : 140288,
            "99.990000" : 156672
          }
        },
        "lat_ns" : {
          "min" : 15359,
          "max" : 208260,
          "mean" : 35450.887665,
          "stddev" : 8587.323029,
          "N" : 1566656
        },
        "bw_min" : 885416,
        "bw_max" : 897224,
        "bw_agg" : 100.000000,
        "bw_mean" : 895327.500000,
        "bw_dev" : 3021.324589,
        "bw_samples" : 14,
        "iops_min" : 221354,
        "iops_max" : 224306,
        "iops_mean" : 223831.857143,
        "iops_stddev" : 755.321415,
        "iops_samples" : 14
      },
      "write" : {
        "io_bytes" : 0,
        "io_kbytes" : 0,
        "bw_bytes" : 0,
        "bw" : 0,
        "iops" : 0.000000,
        "runtime" : 0,
        "total_ios" : 0,
        "short_ios" : 0,
        "drop_ios" : 0,
        "slat_ns" : {
          "min" : 0,
          "max" : 0,
          "mean" : 0.000000,
          "stddev" : 0.000000,
          "N" : 0
        },
        "clat_ns" : {
          "min" : 0,
          "max" : 0,
          "mean" : 0.000000,
          "stddev" : 0.000000,
          "N" : 0
        },
        "lat_ns" : {
          "min" : 0,
          "max" : 0,
          "mean" : 0.000000,
          "stddev" : 0.000000,
          "N" : 0
        },
        "bw_min" : 0,
        "bw_max" : 0,
        "bw_agg" : 0.000000,
        "bw_mean" : 0.000000,
        "bw_dev" : 0.000000,
        "bw_samples" : 0,
        "iops_min" : 0,
        "iops_max" : 0,
        "iops_mean" : 0.000000,
        "iops_stddev" : 0.000000,
        "iops_samples" : 0
      },
      "trim" : {
        "io_bytes" : 0,
        "io_kbytes" : 0,
        "bw_bytes" : 0,
        "bw" : 0,
        "iops" : 0.000000,
        "runtime" : 0,
        "total_ios" : 0,
        "short_ios" : 0,
        "drop_ios" : 0,
        "slat_ns" : {
          "min" : 0,
          "max" : 0,
          "mean" : 0.000000,
          "stddev" : 0.000000,
          "N" : 0
        },
        "clat_ns" : {
          "min" : 0,
          "max" : 0,
          "mean" : 0.000000,
          "stddev" : 0.000000,
          "N" : 0
        },
        "lat_ns" : {
          "min" : 0,
          "max" : 0,
          "mean" : 0.000000,
          "stddev" : 0.000000,
          "N" : 0
        },
        "bw_min" : 0,
        "bw_max" : 0,
        "bw_agg" : 0.000000,
        "bw_mean" : 0.000000,
        "bw_dev" : 0.000000,
        "bw_samples" : 0,
        "iops_min" : 0,
        "iops_max" : 0,
        "iops_mean" : 0.000000,
        "iops_stddev" : 0.000000,
        "iops_samples" : 0
      },
      "sync" : {
        "total_ios" : 0,
        "lat_ns" : {
          "min" : 0,
          "max" : 0,
          "mean" : 0.000000,
          "stddev" : 0.000000,
          "N" : 0
        }
      },
      "job_runtime" : 7000,
      "usr_cpu" : 14.185714,
      "sys_cpu" : 58.757143,
      "ctx" : 755492,
      "majf" : 0,
      "minf" : 0,
      "iodepth_level" : {
        "1" : 0.000000,
        "2" : 0.000000,
        "4" : 0.000000,
        "8" : 100.000000,
        "16" : 0.000000,
        "32" : 0.000000,
        ">=64" : 0.000000
      },
      "iodepth_submit" : {
        "0" : 0.000000,
        "4" : 100.000000,
        "8" : 0.000000,
        "16" : 0.000000,
        "32" : 0.000000,
        "64" : 0.000000,
        ">=64" : 0.000000
      },
      "iodepth_complete" : {
        "0" : 0.000000,
        "4" : 99.999936,
        "8" : 0.100000,
        "16" : 0.000000,
        "32" : 0.000000,
        "64" : 0.000000,
        ">=64" : 0.000000
      },
      "latency_ns" : {
        "2" : 0.000000,
        "4" : 0.000000,
        "10" : 0.000000,
        "20" : 0.000000,
        "50" : 0.000000,
        "100" : 0.000000,
        "250" : 0.000000,
        "500" : 0.000000,
        "750" : 0.000000,
        "1000" : 0.000000
      },
      "latency_us" : {
        "2" : 0.000000,
        "4" : 0.000000,
        "10" : 0.000000,
        "20" : 0.092554,
        "50" : 92.064145,
        "100" : 7.584341,
        "250" : 0.259407,
        "500" : 0.000000,
        "750" : 0.000000,
        "1000" : 0.000000
      },
      "latency_ms" : {
        "2" : 0.000000,
        "4" : 0.000000,
        "10" : 0.000000,
        "20" : 0.000000,
        "50" : 0.000000,
        "100" : 0.000000,
        "250" : 0.000000,
        "500" : 0.000000,
        "750" : 0.000000,
        "1000" : 0.000000,
        "2000" : 0.000000,
        ">=2000" : 0.000000
      },
      "latency_depth" : 8,
      "latency_target" : 0,
      "latency_percentile" : 100.000000,
      "latency_window" : 0
    }
  ]
}

io_uring_cmd-reference: (groupid=0, jobs=1): err= 0: pid=88804: Tue Oct 25 23:47:27 2022
  read: IOPS=224k, BW=874MiB/s (917MB/s)(6120MiB/7001msec)
    slat (nsec): min=1082, max=28684, avg=1801.33, stdev=838.00
    clat (usec): min=11, max=206, avg=33.65, stdev= 8.67
     lat (usec): min=15, max=208, avg=35.45, stdev= 8.59
    clat percentiles (usec):
     |  1.00th=[   25],  5.00th=[   29], 10.00th=[   30], 20.00th=[   31],
     | 30.00th=[   31], 40.00th=[   31], 50.00th=[   32], 60.00th=[   32],
     | 70.00th=[   32], 80.00th=[   33], 90.00th=[   46], 95.00th=[   52],
     | 99.00th=[   63], 99.50th=[   68], 99.90th=[  129], 99.95th=[  141],
     | 99.99th=[  157]
   bw (  KiB/s): min=885416, max=897224, per=100.00%, avg=895327.50, stdev=3021.32, samples=14
   iops        : min=221354, max=224306, avg=223831.86, stdev=755.32, samples=14
  lat (usec)   : 20=0.09%, 50=92.06%, 100=7.58%, 250=0.26%
  cpu          : usr=14.19%, sys=58.76%, ctx=755492, majf=0, minf=0
  IO depths    : 1=0.0%, 2=0.0%, 4=0.0%, 8=100.0%, 16=0.0%, 32=0.0%, >=64=0.0%
     submit    : 0=0.0%, 4=100.0%, 8=0.0%, 16=0.0%, 32=0.0%, 64=0.0%, >=64=0.0%
     complete  : 0=0.0%, 4=100.0%, 8=0.1%, 16=0.0%, 32=0.0%, 64=0.0%, >=64=0.0%
     issued rwts: total=1566649,0,0,0 short=0,0,0,0 dropped=0,0,0,0
     latency   : target=0, window=0, percentile=100.00%, depth=8

Run status group 0 (all jobs):
   READ: bw=874MiB/s (917MB/s), 874MiB/s-874MiB/s (917MB/s-917MB/s), io=6120MiB (6417MB), run=7001-7001msec
