libaio-bdev_aio: (g=0): rw=randread, bs=(R) 4096B-4096B, (W) 4096B-4096B, (T) 4096B-4096B, ioengine=spdk_bdev, iodepth=8
fio-3.32-dirty
Starting 1 thread
{
  "fio version" : "fio-3.32-dirty",
  "timestamp" : 1666734762,
  "timestamp_ms" : 1666734762792,
  "time" : "Tue Oct 25 23:52:42 2022",
  "jobs" : [
    {
      "jobname" : "libaio-bdev_aio",
      "groupid" : 0,
      "error" : 0,
      "eta" : 0,
      "elapsed" : 11,
      "job options" : {
        "name" : "libaio-bdev_aio",
        "rw" : "randread",
        "size" : "12G",
        "iodepth" : "8",
        "bs" : "4K",
        "direct" : "1",
        "thread" : "1",
        "time_based" : "1",
        "runtime" : "7",
        "ramp_time" : "3",
        "norandommap" : "1",
        "allow_file_create" : "0",
        "ioengine" : "spdk_bdev",
        "spdk_conf" : "/tmp/spdk_bdev_aio_foo.conf",
        "filename" : "Nvme0n1"
      },
      "read" : {
        "io_bytes" : 6415536128,
        "io_kbytes" : 6265172,
        "bw_bytes" : 916374250,
        "bw" : 894896,
        "iops" : 223723.039566,
        "runtime" : 7001,
        "total_ios" : 1566285,
        "short_ios" : 0,
        "drop_ios" : 0,
        "slat_ns" : {
          "min" : 1553,
          "max" : 184837,
          "mean" : 1667.843817,
          "stddev" : 320.534687,
          "N" : 1566286
        },
        "clat_ns" : {
          "min" : 541,
          "max" : 215374,
          "mean" : 33789.432111,
          "stddev" : 8671.015722,
          "N" : 1566285,
          "percentile" : {
            "1.000000" : 24448,
            "5.000000" : 30848,
            "10.000000" : 30848,
            "20.000000" : 31104,
            "30.000000" : 31104,
            "40.000000" : 31104,
            "50.000000" : 31360,
            "60.000000" : 31360,
            "70.000000" : 31360,
            "80.000000" : 31360,
            "90.000000" : 43776,
            "95.000000" : 51968,
            "99.000000" : 62208,
            "99.500000" : 66048,
            "99.900000" : 134144,
            "99.950000" : 140288,
            "99.990000" : 156672
          }
        },
        "lat_ns" : {
          "min" : 14217,
          "max" : 217007,
          "mean" : 35457.275931,
          "stddev" : 8658.022173,
          "N" : 1566285
        },
        "bw_min" : 893960,
        "bw_max" : 896200,
        "bw_agg" : 100.000000,
        "bw_mean" : 895105.071429,
        "bw_dev" : 806.860627,
        "bw_samples" : 14,
        "iops_min" : 223490,
        "iops_max" : 224050,
        "iops_mean" : 223776.214286,
        "iops_stddev" : 201.682225,
        "iops_samples" : 14
      },
      "write" : {
        "io_bytes" : 0,
        "io_kbytes" : 0,
        "bw_bytes" : 0,
        "bw" : 0,
        "iops" : 0.000000,
        "runtime" : 0,
        "total_ios" : 0,
        "short_ios" : 0,
        "drop_ios" : 0,
        "slat_ns" : {
          "min" : 0,
          "max" : 0,
          "mean" : 0.000000,
          "stddev" : 0.000000,
          "N" : 0
        },
        "clat_ns" : {
          "min" : 0,
          "max" : 0,
          "mean" : 0.000000,
          "stddev" : 0.000000,
          "N" : 0
        },
        "lat_ns" : {
          "min" : 0,
          "max" : 0,
          "mean" : 0.000000,
          "stddev" : 0.000000,
          "N" : 0
        },
        "bw_min" : 0,
        "bw_max" : 0,
        "bw_agg" : 0.000000,
        "bw_mean" : 0.000000,
        "bw_dev" : 0.000000,
        "bw_samples" : 0,
        "iops_min" : 0,
        "iops_max" : 0,
        "iops_mean" : 0.000000,
        "iops_stddev" : 0.000000,
        "iops_samples" : 0
      },
      "trim" : {
        "io_bytes" : 0,
        "io_kbytes" : 0,
        "bw_bytes" : 0,
        "bw" : 0,
        "iops" : 0.000000,
        "runtime" : 0,
        "total_ios" : 0,
        "short_ios" : 0,
        "drop_ios" : 0,
        "slat_ns" : {
          "min" : 0,
          "max" : 0,
          "mean" : 0.000000,
          "stddev" : 0.000000,
          "N" : 0
        },
        "clat_ns" : {
          "min" : 0,
          "max" : 0,
          "mean" : 0.000000,
          "stddev" : 0.000000,
          "N" : 0
        },
        "lat_ns" : {
          "min" : 0,
          "max" : 0,
          "mean" : 0.000000,
          "stddev" : 0.000000,
          "N" : 0
        },
        "bw_min" : 0,
        "bw_max" : 0,
        "bw_agg" : 0.000000,
        "bw_mean" : 0.000000,
        "bw_dev" : 0.000000,
        "bw_samples" : 0,
        "iops_min" : 0,
        "iops_max" : 0,
        "iops_mean" : 0.000000,
        "iops_stddev" : 0.000000,
        "iops_samples" : 0
      },
      "sync" : {
        "total_ios" : 0,
        "lat_ns" : {
          "min" : 0,
          "max" : 0,
          "mean" : 0.000000,
          "stddev" : 0.000000,
          "N" : 0
        }
      },
      "job_runtime" : 7000,
      "usr_cpu" : 67.585714,
      "sys_cpu" : 32.385714,
      "ctx" : 14,
      "majf" : 0,
      "minf" : 0,
      "iodepth_level" : {
        "1" : 0.100000,
        "2" : 0.100000,
        "4" : 1.306531,
        "8" : 98.689702,
        "16" : 0.000000,
        "32" : 0.000000,
        ">=64" : 0.000000
      },
      "iodepth_submit" : {
        "0" : 0.000000,
        "4" : 100.000000,
        "8" : 0.000000,
        "16" : 0.000000,
        "32" : 0.000000,
        "64" : 0.000000,
        ">=64" : 0.000000
      },
      "iodepth_complete" : {
        "0" : 0.000000,
        "4" : 99.996755,
        "8" : 0.100000,
        "16" : 0.000000,
        "32" : 0.000000,
        "64" : 0.000000,
        ">=64" : 0.000000
      },
      "latency_ns" : {
        "2" : 0.000000,
        "4" : 0.000000,
        "10" : 0.000000,
        "20" : 0.000000,
        "50" : 0.000000,
        "100" : 0.000000,
        "250" : 0.000000,
        "500" : 0.000000,
        "750" : 0.010000,
        "1000" : 0.000000
      },
      "latency_us" : {
        "2" : 0.000000,
        "4" : 0.010000,
        "10" : 0.010000,
        "20" : 0.047437,
        "50" : 90.986251,
        "100" : 8.674794,
        "250" : 0.291326,
        "500" : 0.000000,
        "750" : 0.000000,
        "1000" : 0.000000
      },
      "latency_ms" : {
        "2" : 0.000000,
        "4" : 0.000000,
        "10" : 0.000000,
        "20" : 0.000000,
        "50" : 0.000000,
        "100" : 0.000000,
        "250" : 0.000000,
        "500" : 0.000000,
        "750" : 0.000000,
        "1000" : 0.000000,
        "2000" : 0.000000,
        ">=2000" : 0.000000
      },
      "latency_depth" : 8,
      "latency_target" : 0,
      "latency_percentile" : 100.000000,
      "latency_window" : 0
    }
  ]
}

libaio-bdev_aio: (groupid=0, jobs=1): err= 0: pid=89765: Tue Oct 25 23:52:42 2022
  read: IOPS=224k, BW=874MiB/s (916MB/s)(6118MiB/7001msec)
    slat (nsec): min=1553, max=184837, avg=1667.84, stdev=320.53
    clat (nsec): min=541, max=215374, avg=33789.43, stdev=8671.02
     lat (usec): min=14, max=217, avg=35.46, stdev= 8.66
    clat percentiles (usec):
     |  1.00th=[   25],  5.00th=[   31], 10.00th=[   31], 20.00th=[   32],
     | 30.00th=[   32], 40.00th=[   32], 50.00th=[   32], 60.00th=[   32],
     | 70.00th=[   32], 80.00th=[   32], 90.00th=[   44], 95.00th=[   52],
     | 99.00th=[   63], 99.50th=[   67], 99.90th=[  135], 99.95th=[  141],
     | 99.99th=[  157]
   bw (  KiB/s): min=893960, max=896200, per=100.00%, avg=895105.07, stdev=806.86, samples=14
   iops        : min=223490, max=224050, avg=223776.21, stdev=201.68, samples=14
  lat (nsec)   : 750=0.01%
  lat (usec)   : 4=0.01%, 10=0.01%, 20=0.05%, 50=90.99%, 100=8.67%
  lat (usec)   : 250=0.29%
  cpu          : usr=67.59%, sys=32.39%, ctx=14, majf=0, minf=0
  IO depths    : 1=0.1%, 2=0.1%, 4=1.3%, 8=98.7%, 16=0.0%, 32=0.0%, >=64=0.0%
     submit    : 0=0.0%, 4=100.0%, 8=0.0%, 16=0.0%, 32=0.0%, 64=0.0%, >=64=0.0%
     complete  : 0=0.0%, 4=100.0%, 8=0.1%, 16=0.0%, 32=0.0%, 64=0.0%, >=64=0.0%
     issued rwts: total=1566285,0,0,0 short=0,0,0,0 dropped=0,0,0,0
     latency   : target=0, window=0, percentile=100.00%, depth=8

Run status group 0 (all jobs):
   READ: bw=874MiB/s (916MB/s), 874MiB/s-874MiB/s (916MB/s-916MB/s), io=6118MiB (6416MB), run=7001-7001msec
