libaio-reference: (g=0): rw=randread, bs=(R) 4096B-4096B, (W) 4096B-4096B, (T) 4096B-4096B, ioengine=libaio, iodepth=2
fio-3.32-dirty
Starting 1 thread
{
  "fio version" : "fio-3.32-dirty",
  "timestamp" : 1666733774,
  "timestamp_ms" : 1666733774795,
  "time" : "Tue Oct 25 23:36:14 2022",
  "jobs" : [
    {
      "jobname" : "libaio-reference",
      "groupid" : 0,
      "error" : 0,
      "eta" : 0,
      "elapsed" : 11,
      "job options" : {
        "name" : "libaio-reference",
        "rw" : "randread",
        "size" : "12G",
        "iodepth" : "2",
        "bs" : "4K",
        "direct" : "1",
        "thread" : "1",
        "time_based" : "1",
        "runtime" : "7",
        "ramp_time" : "3",
        "norandommap" : "1",
        "allow_file_create" : "0",
        "ioengine" : "libaio",
        "filename" : "/dev/nvme0n1"
      },
      "read" : {
        "io_bytes" : 2756984832,
        "io_kbytes" : 2692368,
        "bw_bytes" : 393798719,
        "bw" : 384569,
        "iops" : 96142.122554,
        "runtime" : 7001,
        "total_ios" : 673091,
        "short_ios" : 0,
        "drop_ios" : 0,
        "slat_ns" : {
          "min" : 2394,
          "max" : 29245,
          "mean" : 2705.547284,
          "stddev" : 335.582093,
          "N" : 673091
        },
        "clat_ns" : {
          "min" : 802,
          "max" : 199354,
          "mean" : 17555.780315,
          "stddev" : 5106.894427,
          "N" : 673092,
          "percentile" : {
            "1.000000" : 12736,
            "5.000000" : 12864,
            "10.000000" : 12864,
            "20.000000" : 12864,
            "30.000000" : 12992,
            "40.000000" : 13120,
            "50.000000" : 20608,
            "60.000000" : 20864,
            "70.000000" : 20864,
            "80.000000" : 20864,
            "90.000000" : 21120,
            "95.000000" : 21632,
            "99.000000" : 33024,
            "99.500000" : 38656,
            "99.900000" : 48896,
            "99.950000" : 61696,
            "99.990000" : 76288
          }
        },
        "lat_ns" : {
          "min" : 11712,
          "max" : 202269,
          "mean" : 20261.327762,
          "stddev" : 5287.935425,
          "N" : 673092
        },
        "bw_min" : 383832,
        "bw_max" : 385720,
        "bw_agg" : 100.000000,
        "bw_mean" : 384720.071429,
        "bw_dev" : 610.691722,
        "bw_samples" : 14,
        "iops_min" : 95958,
        "iops_max" : 96430,
        "iops_mean" : 96179.928571,
        "iops_stddev" : 152.704070,
        "iops_samples" : 14
      },
      "write" : {
        "io_bytes" : 0,
        "io_kbytes" : 0,
        "bw_bytes" : 0,
        "bw" : 0,
        "iops" : 0.000000,
        "runtime" : 0,
        "total_ios" : 0,
        "short_ios" : 0,
        "drop_ios" : 0,
        "slat_ns" : {
          "min" : 0,
          "max" : 0,
          "mean" : 0.000000,
          "stddev" : 0.000000,
          "N" : 0
        },
        "clat_ns" : {
          "min" : 0,
          "max" : 0,
          "mean" : 0.000000,
          "stddev" : 0.000000,
          "N" : 0
        },
        "lat_ns" : {
          "min" : 0,
          "max" : 0,
          "mean" : 0.000000,
          "stddev" : 0.000000,
          "N" : 0
        },
        "bw_min" : 0,
        "bw_max" : 0,
        "bw_agg" : 0.000000,
        "bw_mean" : 0.000000,
        "bw_dev" : 0.000000,
        "bw_samples" : 0,
        "iops_min" : 0,
        "iops_max" : 0,
        "iops_mean" : 0.000000,
        "iops_stddev" : 0.000000,
        "iops_samples" : 0
      },
      "trim" : {
        "io_bytes" : 0,
        "io_kbytes" : 0,
        "bw_bytes" : 0,
        "bw" : 0,
        "iops" : 0.000000,
        "runtime" : 0,
        "total_ios" : 0,
        "short_ios" : 0,
        "drop_ios" : 0,
        "slat_ns" : {
          "min" : 0,
          "max" : 0,
          "mean" : 0.000000,
          "stddev" : 0.000000,
          "N" : 0
        },
        "clat_ns" : {
          "min" : 0,
          "max" : 0,
          "mean" : 0.000000,
          "stddev" : 0.000000,
          "N" : 0
        },
        "lat_ns" : {
          "min" : 0,
          "max" : 0,
          "mean" : 0.000000,
          "stddev" : 0.000000,
          "N" : 0
        },
        "bw_min" : 0,
        "bw_max" : 0,
        "bw_agg" : 0.000000,
        "bw_mean" : 0.000000,
        "bw_dev" : 0.000000,
        "bw_samples" : 0,
        "iops_min" : 0,
        "iops_max" : 0,
        "iops_mean" : 0.000000,
        "iops_stddev" : 0.000000,
        "iops_samples" : 0
      },
      "sync" : {
        "total_ios" : 0,
        "lat_ns" : {
          "min" : 0,
          "max" : 0,
          "mean" : 0.000000,
          "stddev" : 0.000000,
          "N" : 0
        }
      },
      "job_runtime" : 7000,
      "usr_cpu" : 14.714286,
      "sys_cpu" : 42.514286,
      "ctx" : 336367,
      "majf" : 0,
      "minf" : 0,
      "iodepth_level" : {
        "1" : 0.000000,
        "2" : 100.000000,
        "4" : 0.000000,
        "8" : 0.000000,
        "16" : 0.000000,
        "32" : 0.000000,
        ">=64" : 0.000000
      },
      "iodepth_submit" : {
        "0" : 0.000000,
        "4" : 100.000000,
        "8" : 0.000000,
        "16" : 0.000000,
        "32" : 0.000000,
        "64" : 0.000000,
        ">=64" : 0.000000
      },
      "iodepth_complete" : {
        "0" : 0.000000,
        "4" : 100.000000,
        "8" : 0.000000,
        "16" : 0.000000,
        "32" : 0.000000,
        "64" : 0.000000,
        ">=64" : 0.000000
      },
      "latency_ns" : {
        "2" : 0.000000,
        "4" : 0.000000,
        "10" : 0.000000,
        "20" : 0.000000,
        "50" : 0.000000,
        "100" : 0.000000,
        "250" : 0.000000,
        "500" : 0.000000,
        "750" : 0.000000,
        "1000" : 0.010000
      },
      "latency_us" : {
        "2" : 0.000000,
        "4" : 0.010000,
        "10" : 0.010000,
        "20" : 47.780909,
        "50" : 52.115241,
        "100" : 0.093895,
        "250" : 0.010000,
        "500" : 0.000000,
        "750" : 0.000000,
        "1000" : 0.000000
      },
      "latency_ms" : {
        "2" : 0.000000,
        "4" : 0.000000,
        "10" : 0.000000,
        "20" : 0.000000,
        "50" : 0.000000,
        "100" : 0.000000,
        "250" : 0.000000,
        "500" : 0.000000,
        "750" : 0.000000,
        "1000" : 0.000000,
        "2000" : 0.000000,
        ">=2000" : 0.000000
      },
      "latency_depth" : 2,
      "latency_target" : 0,
      "latency_percentile" : 100.000000,
      "latency_window" : 0
    }
  ],
  "disk_util" : [
    {
      "name" : "nvme0n1",
      "read_ios" : 963565,
      "write_ios" : 0,
      "read_merges" : 0,
      "write_merges" : 0,
      "read_ticks" : 11496,
      "write_ticks" : 0,
      "in_queue" : 11496,
      "util" : 99.088748
    }
  ]
}

libaio-reference: (groupid=0, jobs=1): err= 0: pid=86751: Tue Oct 25 23:36:14 2022
  read: IOPS=96.1k, BW=376MiB/s (394MB/s)(2629MiB/7001msec)
    slat (nsec): min=2394, max=29245, avg=2705.55, stdev=335.58
    clat (nsec): min=802, max=199354, avg=17555.78, stdev=5106.89
     lat (usec): min=11, max=202, avg=20.26, stdev= 5.29
    clat percentiles (nsec):
     |  1.00th=[12736],  5.00th=[12864], 10.00th=[12864], 20.00th=[12864],
     | 30.00th=[12992], 40.00th=[13120], 50.00th=[20608], 60.00th=[20864],
     | 70.00th=[20864], 80.00th=[20864], 90.00th=[21120], 95.00th=[21632],
     | 99.00th=[33024], 99.50th=[38656], 99.90th=[48896], 99.95th=[61696],
     | 99.99th=[76288]
   bw (  KiB/s): min=383832, max=385720, per=100.00%, avg=384720.07, stdev=610.69, samples=14
   iops        : min=95958, max=96430, avg=96179.93, stdev=152.70, samples=14
  lat (nsec)   : 1000=0.01%
  lat (usec)   : 4=0.01%, 10=0.01%, 20=47.78%, 50=52.12%, 100=0.09%
  lat (usec)   : 250=0.01%
  cpu          : usr=14.71%, sys=42.51%, ctx=336367, majf=0, minf=0
  IO depths    : 1=0.0%, 2=100.0%, 4=0.0%, 8=0.0%, 16=0.0%, 32=0.0%, >=64=0.0%
     submit    : 0=0.0%, 4=100.0%, 8=0.0%, 16=0.0%, 32=0.0%, 64=0.0%, >=64=0.0%
     complete  : 0=0.0%, 4=100.0%, 8=0.0%, 16=0.0%, 32=0.0%, 64=0.0%, >=64=0.0%
     issued rwts: total=673091,0,0,0 short=0,0,0,0 dropped=0,0,0,0
     latency   : target=0, window=0, percentile=100.00%, depth=2

Run status group 0 (all jobs):
   READ: bw=376MiB/s (394MB/s), 376MiB/s-376MiB/s (394MB/s-394MB/s), io=2629MiB (2757MB), run=7001-7001msec

Disk stats (read/write):
  nvme0n1: ios=963565/0, merge=0/0, ticks=11496/0, in_queue=11496, util=99.09%
