io_uring-bdev_xnvme: (g=0): rw=randread, bs=(R) 4096B-4096B, (W) 4096B-4096B, (T) 4096B-4096B, ioengine=spdk_bdev, iodepth=2
fio-3.32-dirty
Starting 1 thread
{
  "fio version" : "fio-3.32-dirty",
  "timestamp" : 1666733720,
  "timestamp_ms" : 1666733720129,
  "time" : "Tue Oct 25 23:35:20 2022",
  "jobs" : [
    {
      "jobname" : "io_uring-bdev_xnvme",
      "groupid" : 0,
      "error" : 0,
      "eta" : 0,
      "elapsed" : 11,
      "job options" : {
        "name" : "io_uring-bdev_xnvme",
        "rw" : "randread",
        "size" : "12G",
        "iodepth" : "2",
        "bs" : "4K",
        "direct" : "1",
        "thread" : "1",
        "time_based" : "1",
        "runtime" : "7",
        "ramp_time" : "3",
        "norandommap" : "1",
        "allow_file_create" : "0",
        "ioengine" : "spdk_bdev",
        "spdk_conf" : "/tmp/spdk_bdev_xnvme_io_uring.conf",
        "filename" : "Nvme0n1"
      },
      "read" : {
        "io_bytes" : 3880730624,
        "io_kbytes" : 3789776,
        "bw_bytes" : 554310901,
        "bw" : 541319,
        "iops" : 135329.667190,
        "runtime" : 7001,
        "total_ios" : 947443,
        "short_ios" : 0,
        "drop_ios" : 0,
        "slat_ns" : {
          "min" : 1492,
          "max" : 15409,
          "mean" : 1579.608812,
          "stddev" : 127.933694,
          "N" : 947443
        },
        "clat_ns" : {
          "min" : 270,
          "max" : 118652,
          "mean" : 12956.637074,
          "stddev" : 3894.360504,
          "N" : 947444,
          "percentile" : {
            "1.000000" : 10048,
            "5.000000" : 10176,
            "10.000000" : 10176,
            "20.000000" : 11968,
            "30.000000" : 12096,
            "40.000000" : 12224,
            "50.000000" : 12224,
            "60.000000" : 12352,
            "70.000000" : 12352,
            "80.000000" : 14144,
            "90.000000" : 14400,
            "95.000000" : 14656,
            "99.000000" : 30592,
            "99.500000" : 37120,
            "99.900000" : 52480,
            "99.950000" : 64768,
            "99.990000" : 75264
          }
        },
        "lat_ns" : {
          "min" : 9178,
          "max" : 120225,
          "mean" : 14536.245858,
          "stddev" : 3892.786982,
          "N" : 947444
        },
        "bw_min" : 540352,
        "bw_max" : 542264,
        "bw_agg" : 100.000000,
        "bw_mean" : 541450.857143,
        "bw_dev" : 675.183719,
        "bw_samples" : 14,
        "iops_min" : 135088,
        "iops_max" : 135566,
        "iops_mean" : 135362.571429,
        "iops_stddev" : 168.735439,
        "iops_samples" : 14
      },
      "write" : {
        "io_bytes" : 0,
        "io_kbytes" : 0,
        "bw_bytes" : 0,
        "bw" : 0,
        "iops" : 0.000000,
        "runtime" : 0,
        "total_ios" : 0,
        "short_ios" : 0,
        "drop_ios" : 0,
        "slat_ns" : {
          "min" : 0,
          "max" : 0,
          "mean" : 0.000000,
          "stddev" : 0.000000,
          "N" : 0
        },
        "clat_ns" : {
          "min" : 0,
          "max" : 0,
          "mean" : 0.000000,
          "stddev" : 0.000000,
          "N" : 0
        },
        "lat_ns" : {
          "min" : 0,
          "max" : 0,
          "mean" : 0.000000,
          "stddev" : 0.000000,
          "N" : 0
        },
        "bw_min" : 0,
        "bw_max" : 0,
        "bw_agg" : 0.000000,
        "bw_mean" : 0.000000,
        "bw_dev" : 0.000000,
        "bw_samples" : 0,
        "iops_min" : 0,
        "iops_max" : 0,
        "iops_mean" : 0.000000,
        "iops_stddev" : 0.000000,
        "iops_samples" : 0
      },
      "trim" : {
        "io_bytes" : 0,
        "io_kbytes" : 0,
        "bw_bytes" : 0,
        "bw" : 0,
        "iops" : 0.000000,
        "runtime" : 0,
        "total_ios" : 0,
        "short_ios" : 0,
        "drop_ios" : 0,
        "slat_ns" : {
          "min" : 0,
          "max" : 0,
          "mean" : 0.000000,
          "stddev" : 0.000000,
          "N" : 0
        },
        "clat_ns" : {
          "min" : 0,
          "max" : 0,
          "mean" : 0.000000,
          "stddev" : 0.000000,
          "N" : 0
        },
        "lat_ns" : {
          "min" : 0,
          "max" : 0,
          "mean" : 0.000000,
          "stddev" : 0.000000,
          "N" : 0
        },
        "bw_min" : 0,
        "bw_max" : 0,
        "bw_agg" : 0.000000,
        "bw_mean" : 0.000000,
        "bw_dev" : 0.000000,
        "bw_samples" : 0,
        "iops_min" : 0,
        "iops_max" : 0,
        "iops_mean" : 0.000000,
        "iops_stddev" : 0.000000,
        "iops_samples" : 0
      },
      "sync" : {
        "total_ios" : 0,
        "lat_ns" : {
          "min" : 0,
          "max" : 0,
          "mean" : 0.000000,
          "stddev" : 0.000000,
          "N" : 0
        }
      },
      "job_runtime" : 7000,
      "usr_cpu" : 9.314286,
      "sys_cpu" : 90.671429,
      "ctx" : 7,
      "majf" : 0,
      "minf" : 0,
      "iodepth_level" : {
        "1" : 0.000000,
        "2" : 100.000000,
        "4" : 0.000000,
        "8" : 0.000000,
        "16" : 0.000000,
        "32" : 0.000000,
        ">=64" : 0.000000
      },
      "iodepth_submit" : {
        "0" : 0.000000,
        "4" : 100.000000,
        "8" : 0.000000,
        "16" : 0.000000,
        "32" : 0.000000,
        "64" : 0.000000,
        ">=64" : 0.000000
      },
      "iodepth_complete" : {
        "0" : 0.000000,
        "4" : 100.000000,
        "8" : 0.000000,
        "16" : 0.000000,
        "32" : 0.000000,
        "64" : 0.000000,
        ">=64" : 0.000000
      },
      "latency_ns" : {
        "2" : 0.000000,
        "4" : 0.000000,
        "10" : 0.000000,
        "20" : 0.000000,
        "50" : 0.000000,
        "100" : 0.000000,
        "250" : 0.000000,
        "500" : 0.010000,
        "750" : 0.000000,
        "1000" : 0.000000
      },
      "latency_us" : {
        "2" : 0.000000,
        "4" : 0.010000,
        "10" : 0.089082,
        "20" : 96.324423,
        "50" : 3.473665,
        "100" : 0.109769,
        "250" : 0.010000,
        "500" : 0.000000,
        "750" : 0.000000,
        "1000" : 0.000000
      },
      "latency_ms" : {
        "2" : 0.000000,
        "4" : 0.000000,
        "10" : 0.000000,
        "20" : 0.000000,
        "50" : 0.000000,
        "100" : 0.000000,
        "250" : 0.000000,
        "500" : 0.000000,
        "750" : 0.000000,
        "1000" : 0.000000,
        "2000" : 0.000000,
        ">=2000" : 0.000000
      },
      "latency_depth" : 2,
      "latency_target" : 0,
      "latency_percentile" : 100.000000,
      "latency_window" : 0
    }
  ]
}

io_uring-bdev_xnvme: (groupid=0, jobs=1): err= 0: pid=86593: Tue Oct 25 23:35:20 2022
  read: IOPS=135k, BW=529MiB/s (554MB/s)(3701MiB/7001msec)
    slat (nsec): min=1492, max=15409, avg=1579.61, stdev=127.93
    clat (nsec): min=270, max=118652, avg=12956.64, stdev=3894.36
     lat (usec): min=9, max=120, avg=14.54, stdev= 3.89
    clat percentiles (nsec):
     |  1.00th=[10048],  5.00th=[10176], 10.00th=[10176], 20.00th=[11968],
     | 30.00th=[12096], 40.00th=[12224], 50.00th=[12224], 60.00th=[12352],
     | 70.00th=[12352], 80.00th=[14144], 90.00th=[14400], 95.00th=[14656],
     | 99.00th=[30592], 99.50th=[37120], 99.90th=[52480], 99.95th=[64768],
     | 99.99th=[75264]
   bw (  KiB/s): min=540352, max=542264, per=100.00%, avg=541450.86, stdev=675.18, samples=14
   iops        : min=135088, max=135566, avg=135362.57, stdev=168.74, samples=14
  lat (nsec)   : 500=0.01%
  lat (usec)   : 4=0.01%, 10=0.09%, 20=96.32%, 50=3.47%, 100=0.11%
  lat (usec)   : 250=0.01%
  cpu          : usr=9.31%, sys=90.67%, ctx=7, majf=0, minf=0
  IO depths    : 1=0.0%, 2=100.0%, 4=0.0%, 8=0.0%, 16=0.0%, 32=0.0%, >=64=0.0%
     submit    : 0=0.0%, 4=100.0%, 8=0.0%, 16=0.0%, 32=0.0%, 64=0.0%, >=64=0.0%
     complete  : 0=0.0%, 4=100.0%, 8=0.0%, 16=0.0%, 32=0.0%, 64=0.0%, >=64=0.0%
     issued rwts: total=947443,0,0,0 short=0,0,0,0 dropped=0,0,0,0
     latency   : target=0, window=0, percentile=100.00%, depth=2

Run status group 0 (all jobs):
   READ: bw=529MiB/s (554MB/s), 529MiB/s-529MiB/s (554MB/s-554MB/s), io=3701MiB (3881MB), run=7001-7001msec
