io_uring_cmd-xnvme: (g=0): rw=randread, bs=(R) 4096B-4096B, (W) 4096B-4096B, (T) 4096B-4096B, ioengine=xnvme, iodepth=4
fio-3.32-dirty
Starting 1 thread
{
  "fio version" : "fio-3.32-dirty",
  "timestamp" : 1666734002,
  "timestamp_ms" : 1666734002404,
  "time" : "Tue Oct 25 23:40:02 2022",
  "jobs" : [
    {
      "jobname" : "io_uring_cmd-xnvme",
      "groupid" : 0,
      "error" : 0,
      "eta" : 0,
      "elapsed" : 11,
      "job options" : {
        "name" : "io_uring_cmd-xnvme",
        "rw" : "randread",
        "size" : "12G",
        "iodepth" : "4",
        "bs" : "4K",
        "direct" : "0",
        "thread" : "1",
        "time_based" : "1",
        "runtime" : "7",
        "ramp_time" : "3",
        "norandommap" : "1",
        "allow_file_create" : "0",
        "ioengine" : "external:/usr/local/lib/x86_64-linux-gnu/libxnvme-fio-engine.so",
        "xnvme_be" : "linux",
        "xnvme_async" : "io_uring_cmd",
        "xnvme_sync" : "nvme",
        "xnvme_admin" : "nvme",
        "xnvme_dev_nsid" : "1",
        "filename" : "/dev/ng0n1"
      },
      "read" : {
        "io_bytes" : 4233482240,
        "io_kbytes" : 4134260,
        "bw_bytes" : 604696791,
        "bw" : 590524,
        "iops" : 147630.624197,
        "runtime" : 7001,
        "total_ios" : 1033562,
        "short_ios" : 0,
        "drop_ios" : 0,
        "slat_ns" : {
          "min" : 1973,
          "max" : 28543,
          "mean" : 2227.234882,
          "stddev" : 433.965898,
          "N" : 1033562
        },
        "clat_ns" : {
          "min" : 291,
          "max" : 150883,
          "mean" : 24397.982275,
          "stddev" : 7660.972958,
          "N" : 1033565,
          "percentile" : {
            "1.000000" : 16512,
            "5.000000" : 16768,
            "10.000000" : 16768,
            "20.000000" : 17536,
            "30.000000" : 17792,
            "40.000000" : 18304,
            "50.000000" : 28288,
            "60.000000" : 28544,
            "70.000000" : 28544,
            "80.000000" : 29056,
            "90.000000" : 29312,
            "95.000000" : 34048,
            "99.000000" : 51968,
            "99.500000" : 52992,
            "99.900000" : 76288,
            "99.950000" : 94720,
            "99.990000" : 112128
          }
        },
        "lat_ns" : {
          "min" : 13616,
          "max" : 153037,
          "mean" : 26625.217129,
          "stddev" : 7783.374398,
          "N" : 1033565
        },
        "bw_min" : 589488,
        "bw_max" : 591486,
        "bw_agg" : 100.000000,
        "bw_mean" : 590663.285714,
        "bw_dev" : 586.088787,
        "bw_samples" : 14,
        "iops_min" : 147372,
        "iops_max" : 147871,
        "iops_mean" : 147665.785714,
        "iops_stddev" : 146.583753,
        "iops_samples" : 14
      },
      "write" : {
        "io_bytes" : 0,
        "io_kbytes" : 0,
        "bw_bytes" : 0,
        "bw" : 0,
        "iops" : 0.000000,
        "runtime" : 0,
        "total_ios" : 0,
        "short_ios" : 0,
        "drop_ios" : 0,
        "slat_ns" : {
          "min" : 0,
          "max" : 0,
          "mean" : 0.000000,
          "stddev" : 0.000000,
          "N" : 0
        },
        "clat_ns" : {
          "min" : 0,
          "max" : 0,
          "mean" : 0.000000,
          "stddev" : 0.000000,
          "N" : 0
        },
        "lat_ns" : {
          "min" : 0,
          "max" : 0,
          "mean" : 0.000000,
          "stddev" : 0.000000,
          "N" : 0
        },
        "bw_min" : 0,
        "bw_max" : 0,
        "bw_agg" : 0.000000,
        "bw_mean" : 0.000000,
        "bw_dev" : 0.000000,
        "bw_samples" : 0,
        "iops_min" : 0,
        "iops_max" : 0,
        "iops_mean" : 0.000000,
        "iops_stddev" : 0.000000,
        "iops_samples" : 0
      },
      "trim" : {
        "io_bytes" : 0,
        "io_kbytes" : 0,
        "bw_bytes" : 0,
        "bw" : 0,
        "iops" : 0.000000,
        "runtime" : 0,
        "total_ios" : 0,
        "short_ios" : 0,
        "drop_ios" : 0,
        "slat_ns" : {
          "min" : 0,
          "max" : 0,
          "mean" : 0.000000,
          "stddev" : 0.000000,
          "N" : 0
        },
        "clat_ns" : {
          "min" : 0,
          "max" : 0,
          "mean" : 0.000000,
          "stddev" : 0.000000,
          "N" : 0
        },
        "lat_ns" : {
          "min" : 0,
          "max" : 0,
          "mean" : 0.000000,
          "stddev" : 0.000000,
          "N" : 0
        },
        "bw_min" : 0,
        "bw_max" : 0,
        "bw_agg" : 0.000000,
        "bw_mean" : 0.000000,
        "bw_dev" : 0.000000,
        "bw_samples" : 0,
        "iops_min" : 0,
        "iops_max" : 0,
        "iops_mean" : 0.000000,
        "iops_stddev" : 0.000000,
        "iops_samples" : 0
      },
      "sync" : {
        "total_ios" : 0,
        "lat_ns" : {
          "min" : 0,
          "max" : 0,
          "mean" : 0.000000,
          "stddev" : 0.000000,
          "N" : 0
        }
      },
      "job_runtime" : 7000,
      "usr_cpu" : 18.671429,
      "sys_cpu" : 55.157143,
      "ctx" : 265038,
      "majf" : 0,
      "minf" : 0,
      "iodepth_level" : {
        "1" : 0.000000,
        "2" : 0.000000,
        "4" : 100.000000,
        "8" : 0.000000,
        "16" : 0.000000,
        "32" : 0.000000,
        ">=64" : 0.000000
      },
      "iodepth_submit" : {
        "0" : 0.000000,
        "4" : 100.000000,
        "8" : 0.000000,
        "16" : 0.000000,
        "32" : 0.000000,
        "64" : 0.000000,
        ">=64" : 0.000000
      },
      "iodepth_complete" : {
        "0" : 0.000000,
        "4" : 100.000000,
        "8" : 0.000000,
        "16" : 0.000000,
        "32" : 0.000000,
        "64" : 0.000000,
        ">=64" : 0.000000
      },
      "latency_ns" : {
        "2" : 0.000000,
        "4" : 0.000000,
        "10" : 0.000000,
        "20" : 0.000000,
        "50" : 0.000000,
        "100" : 0.000000,
        "250" : 0.000000,
        "500" : 0.010000,
        "750" : 0.000000,
        "1000" : 0.000000
      },
      "latency_us" : {
        "2" : 0.000000,
        "4" : 0.010000,
        "10" : 0.010000,
        "20" : 45.679117,
        "50" : 52.747102,
        "100" : 1.533628,
        "250" : 0.037540,
        "500" : 0.000000,
        "750" : 0.000000,
        "1000" : 0.000000
      },
      "latency_ms" : {
        "2" : 0.000000,
        "4" : 0.000000,
        "10" : 0.000000,
        "20" : 0.000000,
        "50" : 0.000000,
        "100" : 0.000000,
        "250" : 0.000000,
        "500" : 0.000000,
        "750" : 0.000000,
        "1000" : 0.000000,
        "2000" : 0.000000,
        ">=2000" : 0.000000
      },
      "latency_depth" : 4,
      "latency_target" : 0,
      "latency_percentile" : 100.000000,
      "latency_window" : 0
    }
  ]
}

io_uring_cmd-xnvme: (groupid=0, jobs=1): err= 0: pid=87435: Tue Oct 25 23:40:02 2022
  read: IOPS=148k, BW=577MiB/s (605MB/s)(4037MiB/7001msec)
    slat (nsec): min=1973, max=28543, avg=2227.23, stdev=433.97
    clat (nsec): min=291, max=150883, avg=24397.98, stdev=7660.97
     lat (usec): min=13, max=153, avg=26.63, stdev= 7.78
    clat percentiles (usec):
     |  1.00th=[   17],  5.00th=[   17], 10.00th=[   17], 20.00th=[   18],
     | 30.00th=[   18], 40.00th=[   19], 50.00th=[   29], 60.00th=[   29],
     | 70.00th=[   29], 80.00th=[   30], 90.00th=[   30], 95.00th=[   35],
     | 99.00th=[   52], 99.50th=[   53], 99.90th=[   77], 99.95th=[   95],
     | 99.99th=[  113]
   bw (  KiB/s): min=589488, max=591486, per=100.00%, avg=590663.29, stdev=586.09, samples=14
   iops        : min=147372, max=147871, avg=147665.79, stdev=146.58, samples=14
  lat (nsec)   : 500=0.01%
  lat (usec)   : 4=0.01%, 10=0.01%, 20=45.68%, 50=52.75%, 100=1.53%
  lat (usec)   : 250=0.04%
  cpu          : usr=18.67%, sys=55.16%, ctx=265038, majf=0, minf=0
  IO depths    : 1=0.0%, 2=0.0%, 4=100.0%, 8=0.0%, 16=0.0%, 32=0.0%, >=64=0.0%
     submit    : 0=0.0%, 4=100.0%, 8=0.0%, 16=0.0%, 32=0.0%, 64=0.0%, >=64=0.0%
     complete  : 0=0.0%, 4=100.0%, 8=0.0%, 16=0.0%, 32=0.0%, 64=0.0%, >=64=0.0%
     issued rwts: total=1033562,0,0,0 short=0,0,0,0 dropped=0,0,0,0
     latency   : target=0, window=0, percentile=100.00%, depth=4

Run status group 0 (all jobs):
   READ: bw=577MiB/s (605MB/s), 577MiB/s-577MiB/s (605MB/s-605MB/s), io=4037MiB (4233MB), run=7001-7001msec
