submitter=0, tid=12484, file=/dev/ng0n1, node=-1
submitter=1, tid=12485, file=/dev/ng1n1, node=-1
submitter=2, tid=12486, file=/dev/ng2n1, node=-1
submitter=3, tid=12487, file=/dev/ng3n1, node=-1
submitter=4, tid=12488, file=/dev/ng4n1, node=-1
submitter=5, tid=12489, file=/dev/ng5n1, node=-1
submitter=6, tid=12490, file=/dev/ng6n1, node=-1
submitter=7, tid=12491, file=/dev/ng7n1, node=-1
polled=1, fixedbufs=1/0, register_files=1, buffered=1, QD=128
Engine=io_uring, sq_ring=128, cq_ring=128
IOPS=1.95M, BW=953MiB/s, IOS/call=31/31
IOPS=2.02M, BW=984MiB/s, IOS/call=31/31
IOPS=2.02M, BW=984MiB/s, IOS/call=31/31
IOPS=2.02M, BW=985MiB/s, IOS/call=31/31
IOPS=2.02M, BW=984MiB/s, IOS/call=31/31
IOPS=2.02M, BW=984MiB/s, IOS/call=31/31
IOPS=2.01M, BW=983MiB/s, IOS/call=31/31
IOPS=2.02M, BW=984MiB/s, IOS/call=31/31
IOPS=2.02M, BW=984MiB/s, IOS/call=31/31
Exiting on timeout
Maximum IOPS=2.02M
