io_uring-bdev_uring: (g=0): rw=randread, bs=(R) 4096B-4096B, (W) 4096B-4096B, (T) 4096B-4096B, ioengine=spdk_bdev, iodepth=8
fio-3.32-dirty
Starting 1 thread
{
  "fio version" : "fio-3.32-dirty",
  "timestamp" : 1666734620,
  "timestamp_ms" : 1666734620429,
  "time" : "Tue Oct 25 23:50:20 2022",
  "jobs" : [
    {
      "jobname" : "io_uring-bdev_uring",
      "groupid" : 0,
      "error" : 0,
      "eta" : 0,
      "elapsed" : 11,
      "job options" : {
        "name" : "io_uring-bdev_uring",
        "rw" : "randread",
        "size" : "12G",
        "iodepth" : "8",
        "bs" : "4K",
        "direct" : "1",
        "thread" : "1",
        "time_based" : "1",
        "runtime" : "7",
        "ramp_time" : "3",
        "norandommap" : "1",
        "allow_file_create" : "0",
        "ioengine" : "spdk_bdev",
        "spdk_conf" : "/tmp/spdk_bdev_uring_foo.conf",
        "filename" : "Nvme0n1"
      },
      "read" : {
        "io_bytes" : 6415040512,
        "io_kbytes" : 6264688,
        "bw_bytes" : 916303458,
        "bw" : 894827,
        "iops" : 223705.899157,
        "runtime" : 7001,
        "total_ios" : 1566165,
        "short_ios" : 0,
        "drop_ios" : 0,
        "slat_ns" : {
          "min" : 110,
          "max" : 41308,
          "mean" : 199.295783,
          "stddev" : 128.404646,
          "N" : 1566165
        },
        "clat_ns" : {
          "min" : 12804,
          "max" : 177943,
          "mean" : 35310.666389,
          "stddev" : 8531.519283,
          "N" : 1566172,
          "percentile" : {
            "1.000000" : 29568,
            "5.000000" : 32384,
            "10.000000" : 32384,
            "20.000000" : 32640,
            "30.000000" : 32640,
            "40.000000" : 32640,
            "50.000000" : 32640,
            "60.000000" : 32640,
            "70.000000" : 33024,
            "80.000000" : 33024,
            "90.000000" : 45312,
            "95.000000" : 53504,
            "99.000000" : 63744,
            "99.500000" : 67072,
            "99.900000" : 132096,
            "99.950000" : 142336,
            "99.990000" : 156672
          }
        },
        "lat_ns" : {
          "min" : 13055,
          "max" : 178154,
          "mean" : 35509.962140,
          "stddev" : 8530.220824,
          "N" : 1566172
        },
        "bw_min" : 893232,
        "bw_max" : 895976,
        "bw_agg" : 100.000000,
        "bw_mean" : 895036.428571,
        "bw_dev" : 819.653277,
        "bw_samples" : 14,
        "iops_min" : 223308,
        "iops_max" : 223994,
        "iops_mean" : 223759.214286,
        "iops_stddev" : 205.000630,
        "iops_samples" : 14
      },
      "write" : {
        "io_bytes" : 0,
        "io_kbytes" : 0,
        "bw_bytes" : 0,
        "bw" : 0,
        "iops" : 0.000000,
        "runtime" : 0,
        "total_ios" : 0,
        "short_ios" : 0,
        "drop_ios" : 0,
        "slat_ns" : {
          "min" : 0,
          "max" : 0,
          "mean" : 0.000000,
          "stddev" : 0.000000,
          "N" : 0
        },
        "clat_ns" : {
          "min" : 0,
          "max" : 0,
          "mean" : 0.000000,
          "stddev" : 0.000000,
          "N" : 0
        },
        "lat_ns" : {
          "min" : 0,
          "max" : 0,
          "mean" : 0.000000,
          "stddev" : 0.000000,
          "N" : 0
        },
        "bw_min" : 0,
        "bw_max" : 0,
        "bw_agg" : 0.000000,
        "bw_mean" : 0.000000,
        "bw_dev" : 0.000000,
        "bw_samples" : 0,
        "iops_min" : 0,
        "iops_max" : 0,
        "iops_mean" : 0.000000,
        "iops_stddev" : 0.000000,
        "iops_samples" : 0
      },
      "trim" : {
        "io_bytes" : 0,
        "io_kbytes" : 0,
        "bw_bytes" : 0,
        "bw" : 0,
        "iops" : 0.000000,
        "runtime" : 0,
        "total_ios" : 0,
        "short_ios" : 0,
        "drop_ios" : 0,
        "slat_ns" : {
          "min" : 0,
          "max" : 0,
          "mean" : 0.000000,
          "stddev" : 0.000000,
          "N" : 0
        },
        "clat_ns" : {
          "min" : 0,
          "max" : 0,
          "mean" : 0.000000,
          "stddev" : 0.000000,
          "N" : 0
        },
        "lat_ns" : {
          "min" : 0,
          "max" : 0,
          "mean" : 0.000000,
          "stddev" : 0.000000,
          "N" : 0
        },
        "bw_min" : 0,
        "bw_max" : 0,
        "bw_agg" : 0.000000,
        "bw_mean" : 0.000000,
        "bw_dev" : 0.000000,
        "bw_samples" : 0,
        "iops_min" : 0,
        "iops_max" : 0,
        "iops_mean" : 0.000000,
        "iops_stddev" : 0.000000,
        "iops_samples" : 0
      },
      "sync" : {
        "total_ios" : 0,
        "lat_ns" : {
          "min" : 0,
          "max" : 0,
          "mean" : 0.000000,
          "stddev" : 0.000000,
          "N" : 0
        }
      },
      "job_runtime" : 7000,
      "usr_cpu" : 39.642857,
      "sys_cpu" : 60.328571,
      "ctx" : 19,
      "majf" : 0,
      "minf" : 0,
      "iodepth_level" : {
        "1" : 0.100000,
        "2" : 0.100000,
        "4" : 1.353178,
        "8" : 98.618983,
        "16" : 0.000000,
        "32" : 0.000000,
        ">=64" : 0.000000
      },
      "iodepth_submit" : {
        "0" : 0.000000,
        "4" : 100.000000,
        "8" : 0.000000,
        "16" : 0.000000,
        "32" : 0.000000,
        "64" : 0.000000,
        ">=64" : 0.000000
      },
      "iodepth_complete" : {
        "0" : 0.000000,
        "4" : 99.991192,
        "8" : 0.100000,
        "16" : 0.000000,
        "32" : 0.000000,
        "64" : 0.000000,
        ">=64" : 0.000000
      },
      "latency_ns" : {
        "2" : 0.000000,
        "4" : 0.000000,
        "10" : 0.000000,
        "20" : 0.000000,
        "50" : 0.000000,
        "100" : 0.000000,
        "250" : 0.000000,
        "500" : 0.000000,
        "750" : 0.000000,
        "1000" : 0.000000
      },
      "latency_us" : {
        "2" : 0.000000,
        "4" : 0.000000,
        "10" : 0.000000,
        "20" : 0.011110,
        "50" : 90.645749,
        "100" : 9.069670,
        "250" : 0.273917,
        "500" : 0.000000,
        "750" : 0.000000,
        "1000" : 0.000000
      },
      "latency_ms" : {
        "2" : 0.000000,
        "4" : 0.000000,
        "10" : 0.000000,
        "20" : 0.000000,
        "50" : 0.000000,
        "100" : 0.000000,
        "250" : 0.000000,
        "500" : 0.000000,
        "750" : 0.000000,
        "1000" : 0.000000,
        "2000" : 0.000000,
        ">=2000" : 0.000000
      },
      "latency_depth" : 8,
      "latency_target" : 0,
      "latency_percentile" : 100.000000,
      "latency_window" : 0
    }
  ]
}

io_uring-bdev_uring: (groupid=0, jobs=1): err= 0: pid=89331: Tue Oct 25 23:50:20 2022
  read: IOPS=224k, BW=874MiB/s (916MB/s)(6118MiB/7001msec)
    slat (nsec): min=110, max=41308, avg=199.30, stdev=128.40
    clat (usec): min=12, max=177, avg=35.31, stdev= 8.53
     lat (usec): min=13, max=178, avg=35.51, stdev= 8.53
    clat percentiles (usec):
     |  1.00th=[   30],  5.00th=[   33], 10.00th=[   33], 20.00th=[   33],
     | 30.00th=[   33], 40.00th=[   33], 50.00th=[   33], 60.00th=[   33],
     | 70.00th=[   34], 80.00th=[   34], 90.00th=[   46], 95.00th=[   54],
     | 99.00th=[   64], 99.50th=[   68], 99.90th=[  133], 99.95th=[  143],
     | 99.99th=[  157]
   bw (  KiB/s): min=893232, max=895976, per=100.00%, avg=895036.43, stdev=819.65, samples=14
   iops        : min=223308, max=223994, avg=223759.21, stdev=205.00, samples=14
  lat (usec)   : 20=0.01%, 50=90.65%, 100=9.07%, 250=0.27%
  cpu          : usr=39.64%, sys=60.33%, ctx=19, majf=0, minf=0
  IO depths    : 1=0.1%, 2=0.1%, 4=1.4%, 8=98.6%, 16=0.0%, 32=0.0%, >=64=0.0%
     submit    : 0=0.0%, 4=100.0%, 8=0.0%, 16=0.0%, 32=0.0%, 64=0.0%, >=64=0.0%
     complete  : 0=0.0%, 4=100.0%, 8=0.1%, 16=0.0%, 32=0.0%, 64=0.0%, >=64=0.0%
     issued rwts: total=1566165,0,0,0 short=0,0,0,0 dropped=0,0,0,0
     latency   : target=0, window=0, percentile=100.00%, depth=8

Run status group 0 (all jobs):
   READ: bw=874MiB/s (916MB/s), 874MiB/s-874MiB/s (916MB/s-916MB/s), io=6118MiB (6415MB), run=7001-7001msec
