libaio-bdev_xnvme: (g=0): rw=randread, bs=(R) 4096B-4096B, (W) 4096B-4096B, (T) 4096B-4096B, ioengine=spdk_bdev, iodepth=1
fio-3.32-dirty
Starting 1 thread
{
  "fio version" : "fio-3.32-dirty",
  "timestamp" : 1666733420,
  "timestamp_ms" : 1666733420440,
  "time" : "Tue Oct 25 23:30:20 2022",
  "jobs" : [
    {
      "jobname" : "libaio-bdev_xnvme",
      "groupid" : 0,
      "error" : 0,
      "eta" : 0,
      "elapsed" : 11,
      "job options" : {
        "name" : "libaio-bdev_xnvme",
        "rw" : "randread",
        "size" : "12G",
        "iodepth" : "1",
        "bs" : "4K",
        "direct" : "1",
        "thread" : "1",
        "time_based" : "1",
        "runtime" : "7",
        "ramp_time" : "3",
        "norandommap" : "1",
        "allow_file_create" : "0",
        "ioengine" : "spdk_bdev",
        "spdk_conf" : "/tmp/spdk_bdev_xnvme_libaio.conf",
        "filename" : "Nvme0n1"
      },
      "read" : {
        "io_bytes" : 2837221376,
        "io_kbytes" : 2770724,
        "bw_bytes" : 405259445,
        "bw" : 395761,
        "iops" : 98940.294244,
        "runtime" : 7001,
        "total_ios" : 692681,
        "short_ios" : 0,
        "drop_ios" : 0,
        "slat_ns" : {
          "min" : 1563,
          "max" : 52007,
          "mean" : 1627.296386,
          "stddev" : 124.623637,
          "N" : 692681
        },
        "clat_ns" : {
          "min" : 631,
          "max" : 93886,
          "mean" : 8236.372760,
          "stddev" : 1870.436580,
          "N" : 692681,
          "percentile" : {
            "1.000000" : 7584,
            "5.000000" : 7648,
            "10.000000" : 7840,
            "20.000000" : 7904,
            "30.000000" : 7904,
            "40.000000" : 7904,
            "50.000000" : 7968,
            "60.000000" : 7968,
            "70.000000" : 7968,
            "80.000000" : 7968,
            "90.000000" : 8032,
            "95.000000" : 8640,
            "99.000000" : 17280,
            "99.500000" : 19328,
            "99.900000" : 22656,
            "99.950000" : 40704,
            "99.990000" : 66048
          }
        },
        "lat_ns" : {
          "min" : 9167,
          "max" : 95499,
          "mean" : 9863.669146,
          "stddev" : 1874.856856,
          "N" : 692681
        },
        "bw_min" : 395336,
        "bw_max" : 396672,
        "bw_agg" : 100.000000,
        "bw_mean" : 395852.500000,
        "bw_dev" : 386.086230,
        "bw_samples" : 14,
        "iops_min" : 98834,
        "iops_max" : 99168,
        "iops_mean" : 98963.071429,
        "iops_stddev" : 96.554858,
        "iops_samples" : 14
      },
      "write" : {
        "io_bytes" : 0,
        "io_kbytes" : 0,
        "bw_bytes" : 0,
        "bw" : 0,
        "iops" : 0.000000,
        "runtime" : 0,
        "total_ios" : 0,
        "short_ios" : 0,
        "drop_ios" : 0,
        "slat_ns" : {
          "min" : 0,
          "max" : 0,
          "mean" : 0.000000,
          "stddev" : 0.000000,
          "N" : 0
        },
        "clat_ns" : {
          "min" : 0,
          "max" : 0,
          "mean" : 0.000000,
          "stddev" : 0.000000,
          "N" : 0
        },
        "lat_ns" : {
          "min" : 0,
          "max" : 0,
          "mean" : 0.000000,
          "stddev" : 0.000000,
          "N" : 0
        },
        "bw_min" : 0,
        "bw_max" : 0,
        "bw_agg" : 0.000000,
        "bw_mean" : 0.000000,
        "bw_dev" : 0.000000,
        "bw_samples" : 0,
        "iops_min" : 0,
        "iops_max" : 0,
        "iops_mean" : 0.000000,
        "iops_stddev" : 0.000000,
        "iops_samples" : 0
      },
      "trim" : {
        "io_bytes" : 0,
        "io_kbytes" : 0,
        "bw_bytes" : 0,
        "bw" : 0,
        "iops" : 0.000000,
        "runtime" : 0,
        "total_ios" : 0,
        "short_ios" : 0,
        "drop_ios" : 0,
        "slat_ns" : {
          "min" : 0,
          "max" : 0,
          "mean" : 0.000000,
          "stddev" : 0.000000,
          "N" : 0
        },
        "clat_ns" : {
          "min" : 0,
          "max" : 0,
          "mean" : 0.000000,
          "stddev" : 0.000000,
          "N" : 0
        },
        "lat_ns" : {
          "min" : 0,
          "max" : 0,
          "mean" : 0.000000,
          "stddev" : 0.000000,
          "N" : 0
        },
        "bw_min" : 0,
        "bw_max" : 0,
        "bw_agg" : 0.000000,
        "bw_mean" : 0.000000,
        "bw_dev" : 0.000000,
        "bw_samples" : 0,
        "iops_min" : 0,
        "iops_max" : 0,
        "iops_mean" : 0.000000,
        "iops_stddev" : 0.000000,
        "iops_samples" : 0
      },
      "sync" : {
        "total_ios" : 0,
        "lat_ns" : {
          "min" : 0,
          "max" : 0,
          "mean" : 0.000000,
          "stddev" : 0.000000,
          "N" : 0
        }
      },
      "job_runtime" : 7000,
      "usr_cpu" : 28.842857,
      "sys_cpu" : 71.128571,
      "ctx" : 44,
      "majf" : 0,
      "minf" : 0,
      "iodepth_level" : {
        "1" : 100.000000,
        "2" : 0.000000,
        "4" : 0.000000,
        "8" : 0.000000,
        "16" : 0.000000,
        "32" : 0.000000,
        ">=64" : 0.000000
      },
      "iodepth_submit" : {
        "0" : 0.000000,
        "4" : 100.000000,
        "8" : 0.000000,
        "16" : 0.000000,
        "32" : 0.000000,
        "64" : 0.000000,
        ">=64" : 0.000000
      },
      "iodepth_complete" : {
        "0" : 0.000000,
        "4" : 100.000000,
        "8" : 0.000000,
        "16" : 0.000000,
        "32" : 0.000000,
        "64" : 0.000000,
        ">=64" : 0.000000
      },
      "latency_ns" : {
        "2" : 0.000000,
        "4" : 0.000000,
        "10" : 0.000000,
        "20" : 0.000000,
        "50" : 0.000000,
        "100" : 0.000000,
        "250" : 0.000000,
        "500" : 0.000000,
        "750" : 0.010000,
        "1000" : 0.010000
      },
      "latency_us" : {
        "2" : 0.000000,
        "4" : 0.000000,
        "10" : 96.036992,
        "20" : 3.718595,
        "50" : 0.209476,
        "100" : 0.033926,
        "250" : 0.000000,
        "500" : 0.000000,
        "750" : 0.000000,
        "1000" : 0.000000
      },
      "latency_ms" : {
        "2" : 0.000000,
        "4" : 0.000000,
        "10" : 0.000000,
        "20" : 0.000000,
        "50" : 0.000000,
        "100" : 0.000000,
        "250" : 0.000000,
        "500" : 0.000000,
        "750" : 0.000000,
        "1000" : 0.000000,
        "2000" : 0.000000,
        ">=2000" : 0.000000
      },
      "latency_depth" : 1,
      "latency_target" : 0,
      "latency_percentile" : 100.000000,
      "latency_window" : 0
    }
  ]
}

libaio-bdev_xnvme: (groupid=0, jobs=1): err= 0: pid=85679: Tue Oct 25 23:30:20 2022
  read: IOPS=98.9k, BW=386MiB/s (405MB/s)(2706MiB/7001msec)
    slat (nsec): min=1563, max=52007, avg=1627.30, stdev=124.62
    clat (nsec): min=631, max=93886, avg=8236.37, stdev=1870.44
     lat (nsec): min=9167, max=95499, avg=9863.67, stdev=1874.86
    clat percentiles (nsec):
     |  1.00th=[ 7584],  5.00th=[ 7648], 10.00th=[ 7840], 20.00th=[ 7904],
     | 30.00th=[ 7904], 40.00th=[ 7904], 50.00th=[ 7968], 60.00th=[ 7968],
     | 70.00th=[ 7968], 80.00th=[ 7968], 90.00th=[ 8032], 95.00th=[ 8640],
     | 99.00th=[17280], 99.50th=[19328], 99.90th=[22656], 99.95th=[40704],
     | 99.99th=[66048]
   bw (  KiB/s): min=395336, max=396672, per=100.00%, avg=395852.50, stdev=386.09, samples=14
   iops        : min=98834, max=99168, avg=98963.07, stdev=96.55, samples=14
  lat (nsec)   : 750=0.01%, 1000=0.01%
  lat (usec)   : 10=96.04%, 20=3.72%, 50=0.21%, 100=0.03%
  cpu          : usr=28.84%, sys=71.13%, ctx=44, majf=0, minf=0
  IO depths    : 1=100.0%, 2=0.0%, 4=0.0%, 8=0.0%, 16=0.0%, 32=0.0%, >=64=0.0%
     submit    : 0=0.0%, 4=100.0%, 8=0.0%, 16=0.0%, 32=0.0%, 64=0.0%, >=64=0.0%
     complete  : 0=0.0%, 4=100.0%, 8=0.0%, 16=0.0%, 32=0.0%, 64=0.0%, >=64=0.0%
     issued rwts: total=692681,0,0,0 short=0,0,0,0 dropped=0,0,0,0
     latency   : target=0, window=0, percentile=100.00%, depth=1

Run status group 0 (all jobs):
   READ: bw=386MiB/s (405MB/s), 386MiB/s-386MiB/s (405MB/s-405MB/s), io=2706MiB (2837MB), run=7001-7001msec
