io_uring_cmd-bdev_xnvme: (g=0): rw=randread, bs=(R) 4096B-4096B, (W) 4096B-4096B, (T) 4096B-4096B, ioengine=spdk_bdev, iodepth=2
fio-3.32-dirty
Starting 1 thread
{
  "fio version" : "fio-3.32-dirty",
  "timestamp" : 1666733558,
  "timestamp_ms" : 1666733558546,
  "time" : "Tue Oct 25 23:32:38 2022",
  "jobs" : [
    {
      "jobname" : "io_uring_cmd-bdev_xnvme",
      "groupid" : 0,
      "error" : 0,
      "eta" : 0,
      "elapsed" : 11,
      "job options" : {
        "name" : "io_uring_cmd-bdev_xnvme",
        "rw" : "randread",
        "size" : "12G",
        "iodepth" : "2",
        "bs" : "4K",
        "direct" : "0",
        "thread" : "1",
        "time_based" : "1",
        "runtime" : "7",
        "ramp_time" : "3",
        "norandommap" : "1",
        "allow_file_create" : "0",
        "ioengine" : "spdk_bdev",
        "spdk_conf" : "/tmp/spdk_bdev_xnvme_io_uring_cmd.conf",
        "filename" : "Nvme0n1"
      },
      "read" : {
        "io_bytes" : 3217563648,
        "io_kbytes" : 3142152,
        "bw_bytes" : 459586294,
        "bw" : 448814,
        "iops" : 112203.542351,
        "runtime" : 7001,
        "total_ios" : 785537,
        "short_ios" : 0,
        "drop_ios" : 0,
        "slat_ns" : {
          "min" : 661,
          "max" : 7804,
          "mean" : 916.427430,
          "stddev" : 81.567851,
          "N" : 785537
        },
        "clat_ns" : {
          "min" : 7284,
          "max" : 134732,
          "mean" : 16623.412960,
          "stddev" : 3660.577461,
          "N" : 785538,
          "percentile" : {
            "1.000000" : 13632,
            "5.000000" : 13888,
            "10.000000" : 14016,
            "20.000000" : 14144,
            "30.000000" : 14272,
            "40.000000" : 14400,
            "50.000000" : 17280,
            "60.000000" : 17536,
            "70.000000" : 17792,
            "80.000000" : 18048,
            "90.000000" : 18048,
            "95.000000" : 19584,
            "99.000000" : 30848,
            "99.500000" : 34560,
            "99.900000" : 51456,
            "99.950000" : 65280,
            "99.990000" : 79360
          }
        },
        "lat_ns" : {
          "min" : 11752,
          "max" : 135514,
          "mean" : 17539.840385,
          "stddev" : 3659.715140,
          "N" : 785538
        },
        "bw_min" : 447328,
        "bw_max" : 451014,
        "bw_agg" : 100.000000,
        "bw_mean" : 448941.000000,
        "bw_dev" : 1118.741257,
        "bw_samples" : 14,
        "iops_min" : 111832,
        "iops_max" : 112753,
        "iops_mean" : 112235.357143,
        "iops_stddev" : 279.439991,
        "iops_samples" : 14
      },
      "write" : {
        "io_bytes" : 0,
        "io_kbytes" : 0,
        "bw_bytes" : 0,
        "bw" : 0,
        "iops" : 0.000000,
        "runtime" : 0,
        "total_ios" : 0,
        "short_ios" : 0,
        "drop_ios" : 0,
        "slat_ns" : {
          "min" : 0,
          "max" : 0,
          "mean" : 0.000000,
          "stddev" : 0.000000,
          "N" : 0
        },
        "clat_ns" : {
          "min" : 0,
          "max" : 0,
          "mean" : 0.000000,
          "stddev" : 0.000000,
          "N" : 0
        },
        "lat_ns" : {
          "min" : 0,
          "max" : 0,
          "mean" : 0.000000,
          "stddev" : 0.000000,
          "N" : 0
        },
        "bw_min" : 0,
        "bw_max" : 0,
        "bw_agg" : 0.000000,
        "bw_mean" : 0.000000,
        "bw_dev" : 0.000000,
        "bw_samples" : 0,
        "iops_min" : 0,
        "iops_max" : 0,
        "iops_mean" : 0.000000,
        "iops_stddev" : 0.000000,
        "iops_samples" : 0
      },
      "trim" : {
        "io_bytes" : 0,
        "io_kbytes" : 0,
        "bw_bytes" : 0,
        "bw" : 0,
        "iops" : 0.000000,
        "runtime" : 0,
        "total_ios" : 0,
        "short_ios" : 0,
        "drop_ios" : 0,
        "slat_ns" : {
          "min" : 0,
          "max" : 0,
          "mean" : 0.000000,
          "stddev" : 0.000000,
          "N" : 0
        },
        "clat_ns" : {
          "min" : 0,
          "max" : 0,
          "mean" : 0.000000,
          "stddev" : 0.000000,
          "N" : 0
        },
        "lat_ns" : {
          "min" : 0,
          "max" : 0,
          "mean" : 0.000000,
          "stddev" : 0.000000,
          "N" : 0
        },
        "bw_min" : 0,
        "bw_max" : 0,
        "bw_agg" : 0.000000,
        "bw_mean" : 0.000000,
        "bw_dev" : 0.000000,
        "bw_samples" : 0,
        "iops_min" : 0,
        "iops_max" : 0,
        "iops_mean" : 0.000000,
        "iops_stddev" : 0.000000,
        "iops_samples" : 0
      },
      "sync" : {
        "total_ios" : 0,
        "lat_ns" : {
          "min" : 0,
          "max" : 0,
          "mean" : 0.000000,
          "stddev" : 0.000000,
          "N" : 0
        }
      },
      "job_runtime" : 7000,
      "usr_cpu" : 99.985714,
      "sys_cpu" : 0.000000,
      "ctx" : 2,
      "majf" : 0,
      "minf" : 0,
      "iodepth_level" : {
        "1" : 0.100000,
        "2" : 99.983196,
        "4" : 0.000000,
        "8" : 0.000000,
        "16" : 0.000000,
        "32" : 0.000000,
        ">=64" : 0.000000
      },
      "iodepth_submit" : {
        "0" : 0.000000,
        "4" : 100.000000,
        "8" : 0.000000,
        "16" : 0.000000,
        "32" : 0.000000,
        "64" : 0.000000,
        ">=64" : 0.000000
      },
      "iodepth_complete" : {
        "0" : 0.000000,
        "4" : 100.000000,
        "8" : 0.000000,
        "16" : 0.000000,
        "32" : 0.000000,
        "64" : 0.000000,
        ">=64" : 0.000000
      },
      "latency_ns" : {
        "2" : 0.000000,
        "4" : 0.000000,
        "10" : 0.000000,
        "20" : 0.000000,
        "50" : 0.000000,
        "100" : 0.000000,
        "250" : 0.000000,
        "500" : 0.000000,
        "750" : 0.000000,
        "1000" : 0.000000
      },
      "latency_us" : {
        "2" : 0.000000,
        "4" : 0.000000,
        "10" : 0.010000,
        "20" : 95.054466,
        "50" : 4.836819,
        "100" : 0.108334,
        "250" : 0.010000,
        "500" : 0.000000,
        "750" : 0.000000,
        "1000" : 0.000000
      },
      "latency_ms" : {
        "2" : 0.000000,
        "4" : 0.000000,
        "10" : 0.000000,
        "20" : 0.000000,
        "50" : 0.000000,
        "100" : 0.000000,
        "250" : 0.000000,
        "500" : 0.000000,
        "750" : 0.000000,
        "1000" : 0.000000,
        "2000" : 0.000000,
        ">=2000" : 0.000000
      },
      "latency_depth" : 2,
      "latency_target" : 0,
      "latency_percentile" : 100.000000,
      "latency_window" : 0
    }
  ]
}

io_uring_cmd-bdev_xnvme: (groupid=0, jobs=1): err= 0: pid=86080: Tue Oct 25 23:32:38 2022
  read: IOPS=112k, BW=438MiB/s (460MB/s)(3069MiB/7001msec)
    slat (nsec): min=661, max=7804, avg=916.43, stdev=81.57
    clat (usec): min=7, max=134, avg=16.62, stdev= 3.66
     lat (usec): min=11, max=135, avg=17.54, stdev= 3.66
    clat percentiles (nsec):
     |  1.00th=[13632],  5.00th=[13888], 10.00th=[14016], 20.00th=[14144],
     | 30.00th=[14272], 40.00th=[14400], 50.00th=[17280], 60.00th=[17536],
     | 70.00th=[17792], 80.00th=[18048], 90.00th=[18048], 95.00th=[19584],
     | 99.00th=[30848], 99.50th=[34560], 99.90th=[51456], 99.95th=[65280],
     | 99.99th=[79360]
   bw (  KiB/s): min=447328, max=451014, per=100.00%, avg=448941.00, stdev=1118.74, samples=14
   iops        : min=111832, max=112753, avg=112235.36, stdev=279.44, samples=14
  lat (usec)   : 10=0.01%, 20=95.05%, 50=4.84%, 100=0.11%, 250=0.01%
  cpu          : usr=99.99%, sys=0.00%, ctx=2, majf=0, minf=0
  IO depths    : 1=0.1%, 2=100.0%, 4=0.0%, 8=0.0%, 16=0.0%, 32=0.0%, >=64=0.0%
     submit    : 0=0.0%, 4=100.0%, 8=0.0%, 16=0.0%, 32=0.0%, 64=0.0%, >=64=0.0%
     complete  : 0=0.0%, 4=100.0%, 8=0.0%, 16=0.0%, 32=0.0%, 64=0.0%, >=64=0.0%
     issued rwts: total=785537,0,0,0 short=0,0,0,0 dropped=0,0,0,0
     latency   : target=0, window=0, percentile=100.00%, depth=2

Run status group 0 (all jobs):
   READ: bw=438MiB/s (460MB/s), 438MiB/s-438MiB/s (460MB/s-460MB/s), io=3069MiB (3218MB), run=7001-7001msec
