io_uring-bdev_uring: (g=0): rw=randread, bs=(R) 4096B-4096B, (W) 4096B-4096B, (T) 4096B-4096B, ioengine=spdk_bdev, iodepth=2
fio-3.32-dirty
Starting 1 thread
{
  "fio version" : "fio-3.32-dirty",
  "timestamp" : 1666733674,
  "timestamp_ms" : 1666733674905,
  "time" : "Tue Oct 25 23:34:34 2022",
  "jobs" : [
    {
      "jobname" : "io_uring-bdev_uring",
      "groupid" : 0,
      "error" : 0,
      "eta" : 0,
      "elapsed" : 11,
      "job options" : {
        "name" : "io_uring-bdev_uring",
        "rw" : "randread",
        "size" : "12G",
        "iodepth" : "2",
        "bs" : "4K",
        "direct" : "1",
        "thread" : "1",
        "time_based" : "1",
        "runtime" : "7",
        "ramp_time" : "3",
        "norandommap" : "1",
        "allow_file_create" : "0",
        "ioengine" : "spdk_bdev",
        "spdk_conf" : "/tmp/spdk_bdev_uring_foo.conf",
        "filename" : "Nvme0n1"
      },
      "read" : {
        "io_bytes" : 3672137728,
        "io_kbytes" : 3586072,
        "bw_bytes" : 524516173,
        "bw" : 512222,
        "iops" : 128055.563491,
        "runtime" : 7001,
        "total_ios" : 896517,
        "short_ios" : 0,
        "drop_ios" : 0,
        "slat_ns" : {
          "min" : 100,
          "max" : 16821,
          "mean" : 151.655918,
          "stddev" : 54.676795,
          "N" : 896517
        },
        "clat_ns" : {
          "min" : 9408,
          "max" : 102191,
          "mean" : 14971.500404,
          "stddev" : 3599.731107,
          "N" : 896517,
          "percentile" : {
            "1.000000" : 14016,
            "5.000000" : 14016,
            "10.000000" : 14144,
            "20.000000" : 14144,
            "30.000000" : 14144,
            "40.000000" : 14272,
            "50.000000" : 14272,
            "60.000000" : 14400,
            "70.000000" : 14400,
            "80.000000" : 14400,
            "90.000000" : 14528,
            "95.000000" : 15296,
            "99.000000" : 31616,
            "99.500000" : 39168,
            "99.900000" : 53504,
            "99.950000" : 67072,
            "99.990000" : 82432
          }
        },
        "lat_ns" : {
          "min" : 9578,
          "max" : 102372,
          "mean" : 15123.156323,
          "stddev" : 3601.418454,
          "N" : 896517
        },
        "bw_min" : 511288,
        "bw_max" : 513200,
        "bw_agg" : 100.000000,
        "bw_mean" : 512352.071429,
        "bw_dev" : 676.281287,
        "bw_samples" : 14,
        "iops_min" : 127820,
        "iops_max" : 128300,
        "iops_mean" : 128088.000000,
        "iops_stddev" : 169.357156,
        "iops_samples" : 14
      },
      "write" : {
        "io_bytes" : 0,
        "io_kbytes" : 0,
        "bw_bytes" : 0,
        "bw" : 0,
        "iops" : 0.000000,
        "runtime" : 0,
        "total_ios" : 0,
        "short_ios" : 0,
        "drop_ios" : 0,
        "slat_ns" : {
          "min" : 0,
          "max" : 0,
          "mean" : 0.000000,
          "stddev" : 0.000000,
          "N" : 0
        },
        "clat_ns" : {
          "min" : 0,
          "max" : 0,
          "mean" : 0.000000,
          "stddev" : 0.000000,
          "N" : 0
        },
        "lat_ns" : {
          "min" : 0,
          "max" : 0,
          "mean" : 0.000000,
          "stddev" : 0.000000,
          "N" : 0
        },
        "bw_min" : 0,
        "bw_max" : 0,
        "bw_agg" : 0.000000,
        "bw_mean" : 0.000000,
        "bw_dev" : 0.000000,
        "bw_samples" : 0,
        "iops_min" : 0,
        "iops_max" : 0,
        "iops_mean" : 0.000000,
        "iops_stddev" : 0.000000,
        "iops_samples" : 0
      },
      "trim" : {
        "io_bytes" : 0,
        "io_kbytes" : 0,
        "bw_bytes" : 0,
        "bw" : 0,
        "iops" : 0.000000,
        "runtime" : 0,
        "total_ios" : 0,
        "short_ios" : 0,
        "drop_ios" : 0,
        "slat_ns" : {
          "min" : 0,
          "max" : 0,
          "mean" : 0.000000,
          "stddev" : 0.000000,
          "N" : 0
        },
        "clat_ns" : {
          "min" : 0,
          "max" : 0,
          "mean" : 0.000000,
          "stddev" : 0.000000,
          "N" : 0
        },
        "lat_ns" : {
          "min" : 0,
          "max" : 0,
          "mean" : 0.000000,
          "stddev" : 0.000000,
          "N" : 0
        },
        "bw_min" : 0,
        "bw_max" : 0,
        "bw_agg" : 0.000000,
        "bw_mean" : 0.000000,
        "bw_dev" : 0.000000,
        "bw_samples" : 0,
        "iops_min" : 0,
        "iops_max" : 0,
        "iops_mean" : 0.000000,
        "iops_stddev" : 0.000000,
        "iops_samples" : 0
      },
      "sync" : {
        "total_ios" : 0,
        "lat_ns" : {
          "min" : 0,
          "max" : 0,
          "mean" : 0.000000,
          "stddev" : 0.000000,
          "N" : 0
        }
      },
      "job_runtime" : 7000,
      "usr_cpu" : 64.900000,
      "sys_cpu" : 35.071429,
      "ctx" : 16,
      "majf" : 0,
      "minf" : 0,
      "iodepth_level" : {
        "1" : 49.996933,
        "2" : 50.003067,
        "4" : 0.000000,
        "8" : 0.000000,
        "16" : 0.000000,
        "32" : 0.000000,
        ">=64" : 0.000000
      },
      "iodepth_submit" : {
        "0" : 0.000000,
        "4" : 100.000000,
        "8" : 0.000000,
        "16" : 0.000000,
        "32" : 0.000000,
        "64" : 0.000000,
        ">=64" : 0.000000
      },
      "iodepth_complete" : {
        "0" : 0.000000,
        "4" : 100.000000,
        "8" : 0.000000,
        "16" : 0.000000,
        "32" : 0.000000,
        "64" : 0.000000,
        ">=64" : 0.000000
      },
      "latency_ns" : {
        "2" : 0.000000,
        "4" : 0.000000,
        "10" : 0.000000,
        "20" : 0.000000,
        "50" : 0.000000,
        "100" : 0.000000,
        "250" : 0.000000,
        "500" : 0.000000,
        "750" : 0.000000,
        "1000" : 0.000000
      },
      "latency_us" : {
        "2" : 0.000000,
        "4" : 0.000000,
        "10" : 0.010000,
        "20" : 95.756801,
        "50" : 4.139018,
        "100" : 0.101950,
        "250" : 0.010000,
        "500" : 0.000000,
        "750" : 0.000000,
        "1000" : 0.000000
      },
      "latency_ms" : {
        "2" : 0.000000,
        "4" : 0.000000,
        "10" : 0.000000,
        "20" : 0.000000,
        "50" : 0.000000,
        "100" : 0.000000,
        "250" : 0.000000,
        "500" : 0.000000,
        "750" : 0.000000,
        "1000" : 0.000000,
        "2000" : 0.000000,
        ">=2000" : 0.000000
      },
      "latency_depth" : 2,
      "latency_target" : 0,
      "latency_percentile" : 100.000000,
      "latency_window" : 0
    }
  ]
}

io_uring-bdev_uring: (groupid=0, jobs=1): err= 0: pid=86443: Tue Oct 25 23:34:34 2022
  read: IOPS=128k, BW=500MiB/s (525MB/s)(3502MiB/7001msec)
    slat (nsec): min=100, max=16821, avg=151.66, stdev=54.68
    clat (usec): min=9, max=102, avg=14.97, stdev= 3.60
     lat (usec): min=9, max=102, avg=15.12, stdev= 3.60
    clat percentiles (nsec):
     |  1.00th=[14016],  5.00th=[14016], 10.00th=[14144], 20.00th=[14144],
     | 30.00th=[14144], 40.00th=[14272], 50.00th=[14272], 60.00th=[14400],
     | 70.00th=[14400], 80.00th=[14400], 90.00th=[14528], 95.00th=[15296],
     | 99.00th=[31616], 99.50th=[39168], 99.90th=[53504], 99.95th=[67072],
     | 99.99th=[82432]
   bw (  KiB/s): min=511288, max=513200, per=100.00%, avg=512352.07, stdev=676.28, samples=14
   iops        : min=127820, max=128300, avg=128088.00, stdev=169.36, samples=14
  lat (usec)   : 10=0.01%, 20=95.76%, 50=4.14%, 100=0.10%, 250=0.01%
  cpu          : usr=64.90%, sys=35.07%, ctx=16, majf=0, minf=0
  IO depths    : 1=50.0%, 2=50.0%, 4=0.0%, 8=0.0%, 16=0.0%, 32=0.0%, >=64=0.0%
     submit    : 0=0.0%, 4=100.0%, 8=0.0%, 16=0.0%, 32=0.0%, 64=0.0%, >=64=0.0%
     complete  : 0=0.0%, 4=100.0%, 8=0.0%, 16=0.0%, 32=0.0%, 64=0.0%, >=64=0.0%
     issued rwts: total=896517,0,0,0 short=0,0,0,0 dropped=0,0,0,0
     latency   : target=0, window=0, percentile=100.00%, depth=2

Run status group 0 (all jobs):
   READ: bw=500MiB/s (525MB/s), 500MiB/s-500MiB/s (525MB/s-525MB/s), io=3502MiB (3672MB), run=7001-7001msec
