libaio-bdev_xnvme: (g=0): rw=randread, bs=(R) 4096B-4096B, (W) 4096B-4096B, (T) 4096B-4096B, ioengine=spdk_bdev, iodepth=1
fio-3.32-dirty
Starting 1 thread
{
  "fio version" : "fio-3.32-dirty",
  "timestamp" : 1666733389,
  "timestamp_ms" : 1666733389939,
  "time" : "Tue Oct 25 23:29:49 2022",
  "jobs" : [
    {
      "jobname" : "libaio-bdev_xnvme",
      "groupid" : 0,
      "error" : 0,
      "eta" : 0,
      "elapsed" : 11,
      "job options" : {
        "name" : "libaio-bdev_xnvme",
        "rw" : "randread",
        "size" : "12G",
        "iodepth" : "1",
        "bs" : "4K",
        "direct" : "1",
        "thread" : "1",
        "time_based" : "1",
        "runtime" : "7",
        "ramp_time" : "3",
        "norandommap" : "1",
        "allow_file_create" : "0",
        "ioengine" : "spdk_bdev",
        "spdk_conf" : "/tmp/spdk_bdev_xnvme_libaio.conf",
        "filename" : "Nvme0n1"
      },
      "read" : {
        "io_bytes" : 2542465024,
        "io_kbytes" : 2482876,
        "bw_bytes" : 363157409,
        "bw" : 354645,
        "iops" : 88661.476932,
        "runtime" : 7001,
        "total_ios" : 620719,
        "short_ios" : 0,
        "drop_ios" : 0,
        "slat_ns" : {
          "min" : 1783,
          "max" : 14928,
          "mean" : 1926.784324,
          "stddev" : 147.911807,
          "N" : 620719
        },
        "clat_ns" : {
          "min" : 611,
          "max" : 95610,
          "mean" : 9103.494547,
          "stddev" : 2144.724722,
          "N" : 620719,
          "percentile" : {
            "1.000000" : 8512,
            "5.000000" : 8640,
            "10.000000" : 8640,
            "20.000000" : 8640,
            "30.000000" : 8768,
            "40.000000" : 8768,
            "50.000000" : 8768,
            "60.000000" : 8768,
            "70.000000" : 8768,
            "80.000000" : 8896,
            "90.000000" : 9024,
            "95.000000" : 9536,
            "99.000000" : 19328,
            "99.500000" : 24960,
            "99.900000" : 26240,
            "99.950000" : 41728,
            "99.990000" : 65280
          }
        },
        "lat_ns" : {
          "min" : 9959,
          "max" : 97583,
          "mean" : 11030.278872,
          "stddev" : 2148.473123,
          "N" : 620719
        },
        "bw_min" : 353864,
        "bw_max" : 355863,
        "bw_agg" : 100.000000,
        "bw_mean" : 354830.928571,
        "bw_dev" : 468.121198,
        "bw_samples" : 14,
        "iops_min" : 88466,
        "iops_max" : 88965,
        "iops_mean" : 88707.642857,
        "iops_stddev" : 116.917201,
        "iops_samples" : 14
      },
      "write" : {
        "io_bytes" : 0,
        "io_kbytes" : 0,
        "bw_bytes" : 0,
        "bw" : 0,
        "iops" : 0.000000,
        "runtime" : 0,
        "total_ios" : 0,
        "short_ios" : 0,
        "drop_ios" : 0,
        "slat_ns" : {
          "min" : 0,
          "max" : 0,
          "mean" : 0.000000,
          "stddev" : 0.000000,
          "N" : 0
        },
        "clat_ns" : {
          "min" : 0,
          "max" : 0,
          "mean" : 0.000000,
          "stddev" : 0.000000,
          "N" : 0
        },
        "lat_ns" : {
          "min" : 0,
          "max" : 0,
          "mean" : 0.000000,
          "stddev" : 0.000000,
          "N" : 0
        },
        "bw_min" : 0,
        "bw_max" : 0,
        "bw_agg" : 0.000000,
        "bw_mean" : 0.000000,
        "bw_dev" : 0.000000,
        "bw_samples" : 0,
        "iops_min" : 0,
        "iops_max" : 0,
        "iops_mean" : 0.000000,
        "iops_stddev" : 0.000000,
        "iops_samples" : 0
      },
      "trim" : {
        "io_bytes" : 0,
        "io_kbytes" : 0,
        "bw_bytes" : 0,
        "bw" : 0,
        "iops" : 0.000000,
        "runtime" : 0,
        "total_ios" : 0,
        "short_ios" : 0,
        "drop_ios" : 0,
        "slat_ns" : {
          "min" : 0,
          "max" : 0,
          "mean" : 0.000000,
          "stddev" : 0.000000,
          "N" : 0
        },
        "clat_ns" : {
          "min" : 0,
          "max" : 0,
          "mean" : 0.000000,
          "stddev" : 0.000000,
          "N" : 0
        },
        "lat_ns" : {
          "min" : 0,
          "max" : 0,
          "mean" : 0.000000,
          "stddev" : 0.000000,
          "N" : 0
        },
        "bw_min" : 0,
        "bw_max" : 0,
        "bw_agg" : 0.000000,
        "bw_mean" : 0.000000,
        "bw_dev" : 0.000000,
        "bw_samples" : 0,
        "iops_min" : 0,
        "iops_max" : 0,
        "iops_mean" : 0.000000,
        "iops_stddev" : 0.000000,
        "iops_samples" : 0
      },
      "sync" : {
        "total_ios" : 0,
        "lat_ns" : {
          "min" : 0,
          "max" : 0,
          "mean" : 0.000000,
          "stddev" : 0.000000,
          "N" : 0
        }
      },
      "job_runtime" : 7000,
      "usr_cpu" : 34.157143,
      "sys_cpu" : 65.814286,
      "ctx" : 19,
      "majf" : 0,
      "minf" : 0,
      "iodepth_level" : {
        "1" : 100.000000,
        "2" : 0.000000,
        "4" : 0.000000,
        "8" : 0.000000,
        "16" : 0.000000,
        "32" : 0.000000,
        ">=64" : 0.000000
      },
      "iodepth_submit" : {
        "0" : 0.000000,
        "4" : 100.000000,
        "8" : 0.000000,
        "16" : 0.000000,
        "32" : 0.000000,
        "64" : 0.000000,
        ">=64" : 0.000000
      },
      "iodepth_complete" : {
        "0" : 0.000000,
        "4" : 100.000000,
        "8" : 0.000000,
        "16" : 0.000000,
        "32" : 0.000000,
        "64" : 0.000000,
        ">=64" : 0.000000
      },
      "latency_ns" : {
        "2" : 0.000000,
        "4" : 0.000000,
        "10" : 0.000000,
        "20" : 0.000000,
        "50" : 0.000000,
        "100" : 0.000000,
        "250" : 0.000000,
        "500" : 0.000000,
        "750" : 0.010000,
        "1000" : 0.010000
      },
      "latency_us" : {
        "2" : 0.000000,
        "4" : 0.010000,
        "10" : 95.638445,
        "20" : 3.521722,
        "50" : 0.793274,
        "100" : 0.039309,
        "250" : 0.000000,
        "500" : 0.000000,
        "750" : 0.000000,
        "1000" : 0.000000
      },
      "latency_ms" : {
        "2" : 0.000000,
        "4" : 0.000000,
        "10" : 0.000000,
        "20" : 0.000000,
        "50" : 0.000000,
        "100" : 0.000000,
        "250" : 0.000000,
        "500" : 0.000000,
        "750" : 0.000000,
        "1000" : 0.000000,
        "2000" : 0.000000,
        ">=2000" : 0.000000
      },
      "latency_depth" : 1,
      "latency_target" : 0,
      "latency_percentile" : 100.000000,
      "latency_window" : 0
    }
  ]
}

libaio-bdev_xnvme: (groupid=0, jobs=1): err= 0: pid=85581: Tue Oct 25 23:29:49 2022
  read: IOPS=88.7k, BW=346MiB/s (363MB/s)(2425MiB/7001msec)
    slat (nsec): min=1783, max=14928, avg=1926.78, stdev=147.91
    clat (nsec): min=611, max=95610, avg=9103.49, stdev=2144.72
     lat (nsec): min=9959, max=97583, avg=11030.28, stdev=2148.47
    clat percentiles (nsec):
     |  1.00th=[ 8512],  5.00th=[ 8640], 10.00th=[ 8640], 20.00th=[ 8640],
     | 30.00th=[ 8768], 40.00th=[ 8768], 50.00th=[ 8768], 60.00th=[ 8768],
     | 70.00th=[ 8768], 80.00th=[ 8896], 90.00th=[ 9024], 95.00th=[ 9536],
     | 99.00th=[19328], 99.50th=[24960], 99.90th=[26240], 99.95th=[41728],
     | 99.99th=[65280]
   bw (  KiB/s): min=353864, max=355863, per=100.00%, avg=354830.93, stdev=468.12, samples=14
   iops        : min=88466, max=88965, avg=88707.64, stdev=116.92, samples=14
  lat (nsec)   : 750=0.01%, 1000=0.01%
  lat (usec)   : 4=0.01%, 10=95.64%, 20=3.52%, 50=0.79%, 100=0.04%
  cpu          : usr=34.16%, sys=65.81%, ctx=19, majf=0, minf=0
  IO depths    : 1=100.0%, 2=0.0%, 4=0.0%, 8=0.0%, 16=0.0%, 32=0.0%, >=64=0.0%
     submit    : 0=0.0%, 4=100.0%, 8=0.0%, 16=0.0%, 32=0.0%, 64=0.0%, >=64=0.0%
     complete  : 0=0.0%, 4=100.0%, 8=0.0%, 16=0.0%, 32=0.0%, 64=0.0%, >=64=0.0%
     issued rwts: total=620719,0,0,0 short=0,0,0,0 dropped=0,0,0,0
     latency   : target=0, window=0, percentile=100.00%, depth=1

Run status group 0 (all jobs):
   READ: bw=346MiB/s (363MB/s), 346MiB/s-346MiB/s (363MB/s-363MB/s), io=2425MiB (2542MB), run=7001-7001msec
