io_uring-bdev_xnvme: (g=0): rw=randread, bs=(R) 4096B-4096B, (W) 4096B-4096B, (T) 4096B-4096B, ioengine=spdk_bdev, iodepth=8
fio-3.32-dirty
Starting 1 thread
{
  "fio version" : "fio-3.32-dirty",
  "timestamp" : 1666734650,
  "timestamp_ms" : 1666734650706,
  "time" : "Tue Oct 25 23:50:50 2022",
  "jobs" : [
    {
      "jobname" : "io_uring-bdev_xnvme",
      "groupid" : 0,
      "error" : 0,
      "eta" : 0,
      "elapsed" : 11,
      "job options" : {
        "name" : "io_uring-bdev_xnvme",
        "rw" : "randread",
        "size" : "12G",
        "iodepth" : "8",
        "bs" : "4K",
        "direct" : "1",
        "thread" : "1",
        "time_based" : "1",
        "runtime" : "7",
        "ramp_time" : "3",
        "norandommap" : "1",
        "allow_file_create" : "0",
        "ioengine" : "spdk_bdev",
        "spdk_conf" : "/tmp/spdk_bdev_xnvme_io_uring.conf",
        "filename" : "Nvme0n1"
      },
      "read" : {
        "io_bytes" : 6418513920,
        "io_kbytes" : 6268080,
        "bw_bytes" : 916799588,
        "bw" : 895312,
        "iops" : 223827.024711,
        "runtime" : 7001,
        "total_ios" : 1567013,
        "short_ios" : 0,
        "drop_ios" : 0,
        "slat_ns" : {
          "min" : 1473,
          "max" : 25368,
          "mean" : 1749.800455,
          "stddev" : 234.769642,
          "N" : 1567013
        },
        "clat_ns" : {
          "min" : 12604,
          "max" : 1083192,
          "mean" : 33745.384779,
          "stddev" : 8890.164459,
          "N" : 1567020,
          "percentile" : {
            "1.000000" : 24448,
            "5.000000" : 30848,
            "10.000000" : 30848,
            "20.000000" : 30848,
            "30.000000" : 31104,
            "40.000000" : 31104,
            "50.000000" : 31104,
            "60.000000" : 31104,
            "70.000000" : 31360,
            "80.000000" : 31360,
            "90.000000" : 43776,
            "95.000000" : 51968,
            "99.000000" : 62208,
            "99.500000" : 66048,
            "99.900000" : 130560,
            "99.950000" : 140288,
            "99.990000" : 156672
          }
        },
        "lat_ns" : {
          "min" : 14317,
          "max" : 1084925,
          "mean" : 35495.185114,
          "stddev" : 8880.807151,
          "N" : 1567020
        },
        "bw_min" : 893456,
        "bw_max" : 896816,
        "bw_agg" : 100.000000,
        "bw_mean" : 895527.357143,
        "bw_dev" : 964.990044,
        "bw_samples" : 14,
        "iops_min" : 223364,
        "iops_max" : 224204,
        "iops_mean" : 223881.785714,
        "iops_stddev" : 241.228962,
        "iops_samples" : 14
      },
      "write" : {
        "io_bytes" : 0,
        "io_kbytes" : 0,
        "bw_bytes" : 0,
        "bw" : 0,
        "iops" : 0.000000,
        "runtime" : 0,
        "total_ios" : 0,
        "short_ios" : 0,
        "drop_ios" : 0,
        "slat_ns" : {
          "min" : 0,
          "max" : 0,
          "mean" : 0.000000,
          "stddev" : 0.000000,
          "N" : 0
        },
        "clat_ns" : {
          "min" : 0,
          "max" : 0,
          "mean" : 0.000000,
          "stddev" : 0.000000,
          "N" : 0
        },
        "lat_ns" : {
          "min" : 0,
          "max" : 0,
          "mean" : 0.000000,
          "stddev" : 0.000000,
          "N" : 0
        },
        "bw_min" : 0,
        "bw_max" : 0,
        "bw_agg" : 0.000000,
        "bw_mean" : 0.000000,
        "bw_dev" : 0.000000,
        "bw_samples" : 0,
        "iops_min" : 0,
        "iops_max" : 0,
        "iops_mean" : 0.000000,
        "iops_stddev" : 0.000000,
        "iops_samples" : 0
      },
      "trim" : {
        "io_bytes" : 0,
        "io_kbytes" : 0,
        "bw_bytes" : 0,
        "bw" : 0,
        "iops" : 0.000000,
        "runtime" : 0,
        "total_ios" : 0,
        "short_ios" : 0,
        "drop_ios" : 0,
        "slat_ns" : {
          "min" : 0,
          "max" : 0,
          "mean" : 0.000000,
          "stddev" : 0.000000,
          "N" : 0
        },
        "clat_ns" : {
          "min" : 0,
          "max" : 0,
          "mean" : 0.000000,
          "stddev" : 0.000000,
          "N" : 0
        },
        "lat_ns" : {
          "min" : 0,
          "max" : 0,
          "mean" : 0.000000,
          "stddev" : 0.000000,
          "N" : 0
        },
        "bw_min" : 0,
        "bw_max" : 0,
        "bw_agg" : 0.000000,
        "bw_mean" : 0.000000,
        "bw_dev" : 0.000000,
        "bw_samples" : 0,
        "iops_min" : 0,
        "iops_max" : 0,
        "iops_mean" : 0.000000,
        "iops_stddev" : 0.000000,
        "iops_samples" : 0
      },
      "sync" : {
        "total_ios" : 0,
        "lat_ns" : {
          "min" : 0,
          "max" : 0,
          "mean" : 0.000000,
          "stddev" : 0.000000,
          "N" : 0
        }
      },
      "job_runtime" : 7000,
      "usr_cpu" : 25.757143,
      "sys_cpu" : 74.214286,
      "ctx" : 42,
      "majf" : 0,
      "minf" : 0,
      "iodepth_level" : {
        "1" : 0.000000,
        "2" : 0.000000,
        "4" : 0.000000,
        "8" : 100.000000,
        "16" : 0.000000,
        "32" : 0.000000,
        ">=64" : 0.000000
      },
      "iodepth_submit" : {
        "0" : 0.000000,
        "4" : 100.000000,
        "8" : 0.000000,
        "16" : 0.000000,
        "32" : 0.000000,
        "64" : 0.000000,
        ">=64" : 0.000000
      },
      "iodepth_complete" : {
        "0" : 0.000000,
        "4" : 99.999968,
        "8" : 0.100000,
        "16" : 0.000000,
        "32" : 0.000000,
        "64" : 0.000000,
        ">=64" : 0.000000
      },
      "latency_ns" : {
        "2" : 0.000000,
        "4" : 0.000000,
        "10" : 0.000000,
        "20" : 0.000000,
        "50" : 0.000000,
        "100" : 0.000000,
        "250" : 0.000000,
        "500" : 0.000000,
        "750" : 0.000000,
        "1000" : 0.000000
      },
      "latency_us" : {
        "2" : 0.000000,
        "4" : 0.000000,
        "10" : 0.000000,
        "20" : 0.046075,
        "50" : 91.074356,
        "100" : 8.607331,
        "250" : 0.272174,
        "500" : 0.000000,
        "750" : 0.000000,
        "1000" : 0.000000
      },
      "latency_ms" : {
        "2" : 0.010000,
        "4" : 0.000000,
        "10" : 0.000000,
        "20" : 0.000000,
        "50" : 0.000000,
        "100" : 0.000000,
        "250" : 0.000000,
        "500" : 0.000000,
        "750" : 0.000000,
        "1000" : 0.000000,
        "2000" : 0.000000,
        ">=2000" : 0.000000
      },
      "latency_depth" : 8,
      "latency_target" : 0,
      "latency_percentile" : 100.000000,
      "latency_window" : 0
    }
  ]
}

io_uring-bdev_xnvme: (groupid=0, jobs=1): err= 0: pid=89429: Tue Oct 25 23:50:50 2022
  read: IOPS=224k, BW=874MiB/s (917MB/s)(6121MiB/7001msec)
    slat (nsec): min=1473, max=25368, avg=1749.80, stdev=234.77
    clat (usec): min=12, max=1083, avg=33.75, stdev= 8.89
     lat (usec): min=14, max=1084, avg=35.50, stdev= 8.88
    clat percentiles (usec):
     |  1.00th=[   25],  5.00th=[   31], 10.00th=[   31], 20.00th=[   31],
     | 30.00th=[   32], 40.00th=[   32], 50.00th=[   32], 60.00th=[   32],
     | 70.00th=[   32], 80.00th=[   32], 90.00th=[   44], 95.00th=[   52],
     | 99.00th=[   63], 99.50th=[   67], 99.90th=[  131], 99.95th=[  141],
     | 99.99th=[  157]
   bw (  KiB/s): min=893456, max=896816, per=100.00%, avg=895527.36, stdev=964.99, samples=14
   iops        : min=223364, max=224204, avg=223881.79, stdev=241.23, samples=14
  lat (usec)   : 20=0.05%, 50=91.07%, 100=8.61%, 250=0.27%
  lat (msec)   : 2=0.01%
  cpu          : usr=25.76%, sys=74.21%, ctx=42, majf=0, minf=0
  IO depths    : 1=0.0%, 2=0.0%, 4=0.0%, 8=100.0%, 16=0.0%, 32=0.0%, >=64=0.0%
     submit    : 0=0.0%, 4=100.0%, 8=0.0%, 16=0.0%, 32=0.0%, 64=0.0%, >=64=0.0%
     complete  : 0=0.0%, 4=100.0%, 8=0.1%, 16=0.0%, 32=0.0%, 64=0.0%, >=64=0.0%
     issued rwts: total=1567013,0,0,0 short=0,0,0,0 dropped=0,0,0,0
     latency   : target=0, window=0, percentile=100.00%, depth=8

Run status group 0 (all jobs):
   READ: bw=874MiB/s (917MB/s), 874MiB/s-874MiB/s (917MB/s-917MB/s), io=6121MiB (6419MB), run=7001-7001msec
