libaio-xnvme: (g=0): rw=randread, bs=(R) 4096B-4096B, (W) 4096B-4096B, (T) 4096B-4096B, ioengine=xnvme, iodepth=4
fio-3.32-dirty
Starting 1 thread
{
  "fio version" : "fio-3.32-dirty",
  "timestamp" : 1666734392,
  "timestamp_ms" : 1666734392857,
  "time" : "Tue Oct 25 23:46:32 2022",
  "jobs" : [
    {
      "jobname" : "libaio-xnvme",
      "groupid" : 0,
      "error" : 0,
      "eta" : 0,
      "elapsed" : 11,
      "job options" : {
        "name" : "libaio-xnvme",
        "rw" : "randread",
        "size" : "12G",
        "iodepth" : "4",
        "bs" : "4K",
        "direct" : "1",
        "thread" : "1",
        "time_based" : "1",
        "runtime" : "7",
        "ramp_time" : "3",
        "norandommap" : "1",
        "allow_file_create" : "0",
        "ioengine" : "external:/usr/local/lib/x86_64-linux-gnu/libxnvme-fio-engine.so",
        "xnvme_be" : "linux",
        "xnvme_async" : "libaio",
        "xnvme_sync" : "nvme",
        "xnvme_admin" : "nvme",
        "xnvme_dev_nsid" : "1",
        "filename" : "/dev/nvme0n1"
      },
      "read" : {
        "io_bytes" : 5079027712,
        "io_kbytes" : 4959988,
        "bw_bytes" : 725471748,
        "bw" : 708468,
        "iops" : 177116.554778,
        "runtime" : 7001,
        "total_ios" : 1239993,
        "short_ios" : 0,
        "drop_ios" : 0,
        "slat_ns" : {
          "min" : 1432,
          "max" : 25278,
          "mean" : 2296.353298,
          "stddev" : 1460.013791,
          "N" : 1239994
        },
        "clat_ns" : {
          "min" : 5000,
          "max" : 315411,
          "mean" : 19955.888521,
          "stddev" : 5758.486187,
          "N" : 1239996,
          "percentile" : {
            "1.000000" : 14656,
            "5.000000" : 15808,
            "10.000000" : 15808,
            "20.000000" : 16064,
            "30.000000" : 17280,
            "40.000000" : 17536,
            "50.000000" : 19328,
            "60.000000" : 19584,
            "70.000000" : 21376,
            "80.000000" : 21632,
            "90.000000" : 21888,
            "95.000000" : 31360,
            "99.000000" : 43264,
            "99.500000" : 46336,
            "99.900000" : 76288,
            "99.950000" : 92672,
            "99.990000" : 105984
          }
        },
        "lat_ns" : {
          "min" : 10500,
          "max" : 316904,
          "mean" : 22252.243399,
          "stddev" : 5586.706939,
          "N" : 1239996
        },
        "bw_min" : 704384,
        "bw_max" : 710608,
        "bw_agg" : 100.000000,
        "bw_mean" : 708637.857143,
        "bw_dev" : 1613.810486,
        "bw_samples" : 14,
        "iops_min" : 176096,
        "iops_max" : 177652,
        "iops_mean" : 177159.285714,
        "iops_stddev" : 403.671311,
        "iops_samples" : 14
      },
      "write" : {
        "io_bytes" : 0,
        "io_kbytes" : 0,
        "bw_bytes" : 0,
        "bw" : 0,
        "iops" : 0.000000,
        "runtime" : 0,
        "total_ios" : 0,
        "short_ios" : 0,
        "drop_ios" : 0,
        "slat_ns" : {
          "min" : 0,
          "max" : 0,
          "mean" : 0.000000,
          "stddev" : 0.000000,
          "N" : 0
        },
        "clat_ns" : {
          "min" : 0,
          "max" : 0,
          "mean" : 0.000000,
          "stddev" : 0.000000,
          "N" : 0
        },
        "lat_ns" : {
          "min" : 0,
          "max" : 0,
          "mean" : 0.000000,
          "stddev" : 0.000000,
          "N" : 0
        },
        "bw_min" : 0,
        "bw_max" : 0,
        "bw_agg" : 0.000000,
        "bw_mean" : 0.000000,
        "bw_dev" : 0.000000,
        "bw_samples" : 0,
        "iops_min" : 0,
        "iops_max" : 0,
        "iops_mean" : 0.000000,
        "iops_stddev" : 0.000000,
        "iops_samples" : 0
      },
      "trim" : {
        "io_bytes" : 0,
        "io_kbytes" : 0,
        "bw_bytes" : 0,
        "bw" : 0,
        "iops" : 0.000000,
        "runtime" : 0,
        "total_ios" : 0,
        "short_ios" : 0,
        "drop_ios" : 0,
        "slat_ns" : {
          "min" : 0,
          "max" : 0,
          "mean" : 0.000000,
          "stddev" : 0.000000,
          "N" : 0
        },
        "clat_ns" : {
          "min" : 0,
          "max" : 0,
          "mean" : 0.000000,
          "stddev" : 0.000000,
          "N" : 0
        },
        "lat_ns" : {
          "min" : 0,
          "max" : 0,
          "mean" : 0.000000,
          "stddev" : 0.000000,
          "N" : 0
        },
        "bw_min" : 0,
        "bw_max" : 0,
        "bw_agg" : 0.000000,
        "bw_mean" : 0.000000,
        "bw_dev" : 0.000000,
        "bw_samples" : 0,
        "iops_min" : 0,
        "iops_max" : 0,
        "iops_mean" : 0.000000,
        "iops_stddev" : 0.000000,
        "iops_samples" : 0
      },
      "sync" : {
        "total_ios" : 0,
        "lat_ns" : {
          "min" : 0,
          "max" : 0,
          "mean" : 0.000000,
          "stddev" : 0.000000,
          "N" : 0
        }
      },
      "job_runtime" : 7000,
      "usr_cpu" : 16.328571,
      "sys_cpu" : 49.528571,
      "ctx" : 320288,
      "majf" : 0,
      "minf" : 0,
      "iodepth_level" : {
        "1" : 0.000000,
        "2" : 0.000000,
        "4" : 100.000000,
        "8" : 0.000000,
        "16" : 0.000000,
        "32" : 0.000000,
        ">=64" : 0.000000
      },
      "iodepth_submit" : {
        "0" : 0.000000,
        "4" : 100.000000,
        "8" : 0.000000,
        "16" : 0.000000,
        "32" : 0.000000,
        "64" : 0.000000,
        ">=64" : 0.000000
      },
      "iodepth_complete" : {
        "0" : 0.000000,
        "4" : 100.000000,
        "8" : 0.000000,
        "16" : 0.000000,
        "32" : 0.000000,
        "64" : 0.000000,
        ">=64" : 0.000000
      },
      "latency_ns" : {
        "2" : 0.000000,
        "4" : 0.000000,
        "10" : 0.000000,
        "20" : 0.000000,
        "50" : 0.000000,
        "100" : 0.000000,
        "250" : 0.000000,
        "500" : 0.000000,
        "750" : 0.000000,
        "1000" : 0.000000
      },
      "latency_us" : {
        "2" : 0.000000,
        "4" : 0.000000,
        "10" : 0.015161,
        "20" : 66.261019,
        "50" : 33.495592,
        "100" : 0.202824,
        "250" : 0.025323,
        "500" : 0.010000,
        "750" : 0.000000,
        "1000" : 0.000000
      },
      "latency_ms" : {
        "2" : 0.000000,
        "4" : 0.000000,
        "10" : 0.000000,
        "20" : 0.000000,
        "50" : 0.000000,
        "100" : 0.000000,
        "250" : 0.000000,
        "500" : 0.000000,
        "750" : 0.000000,
        "1000" : 0.000000,
        "2000" : 0.000000,
        ">=2000" : 0.000000
      },
      "latency_depth" : 4,
      "latency_target" : 0,
      "latency_percentile" : 100.000000,
      "latency_window" : 0
    }
  ]
}

libaio-xnvme: (groupid=0, jobs=1): err= 0: pid=88647: Tue Oct 25 23:46:32 2022
  read: IOPS=177k, BW=692MiB/s (725MB/s)(4844MiB/7001msec)
    slat (nsec): min=1432, max=25278, avg=2296.35, stdev=1460.01
    clat (usec): min=5, max=315, avg=19.96, stdev= 5.76
     lat (usec): min=10, max=316, avg=22.25, stdev= 5.59
    clat percentiles (usec):
     |  1.00th=[   15],  5.00th=[   16], 10.00th=[   16], 20.00th=[   17],
     | 30.00th=[   18], 40.00th=[   18], 50.00th=[   20], 60.00th=[   20],
     | 70.00th=[   22], 80.00th=[   22], 90.00th=[   22], 95.00th=[   32],
     | 99.00th=[   44], 99.50th=[   47], 99.90th=[   77], 99.95th=[   93],
     | 99.99th=[  106]
   bw (  KiB/s): min=704384, max=710608, per=100.00%, avg=708637.86, stdev=1613.81, samples=14
   iops        : min=176096, max=177652, avg=177159.29, stdev=403.67, samples=14
  lat (usec)   : 10=0.02%, 20=66.26%, 50=33.50%, 100=0.20%, 250=0.03%
  lat (usec)   : 500=0.01%
  cpu          : usr=16.33%, sys=49.53%, ctx=320288, majf=0, minf=0
  IO depths    : 1=0.0%, 2=0.0%, 4=100.0%, 8=0.0%, 16=0.0%, 32=0.0%, >=64=0.0%
     submit    : 0=0.0%, 4=100.0%, 8=0.0%, 16=0.0%, 32=0.0%, 64=0.0%, >=64=0.0%
     complete  : 0=0.0%, 4=100.0%, 8=0.0%, 16=0.0%, 32=0.0%, 64=0.0%, >=64=0.0%
     issued rwts: total=1239993,0,0,0 short=0,0,0,0 dropped=0,0,0,0
     latency   : target=0, window=0, percentile=100.00%, depth=4

Run status group 0 (all jobs):
   READ: bw=692MiB/s (725MB/s), 692MiB/s-692MiB/s (725MB/s-725MB/s), io=4844MiB (5079MB), run=7001-7001msec
