libaio-bdev_aio: (g=0): rw=randread, bs=(R) 4096B-4096B, (W) 4096B-4096B, (T) 4096B-4096B, ioengine=spdk_bdev, iodepth=4
fio-3.32-dirty
Starting 1 thread
{
  "fio version" : "fio-3.32-dirty",
  "timestamp" : 1666734319,
  "timestamp_ms" : 1666734319976,
  "time" : "Tue Oct 25 23:45:19 2022",
  "jobs" : [
    {
      "jobname" : "libaio-bdev_aio",
      "groupid" : 0,
      "error" : 0,
      "eta" : 0,
      "elapsed" : 11,
      "job options" : {
        "name" : "libaio-bdev_aio",
        "rw" : "randread",
        "size" : "12G",
        "iodepth" : "4",
        "bs" : "4K",
        "direct" : "1",
        "thread" : "1",
        "time_based" : "1",
        "runtime" : "7",
        "ramp_time" : "3",
        "norandommap" : "1",
        "allow_file_create" : "0",
        "ioengine" : "spdk_bdev",
        "spdk_conf" : "/tmp/spdk_bdev_aio_foo.conf",
        "filename" : "Nvme0n1"
      },
      "read" : {
        "io_bytes" : 6364598272,
        "io_kbytes" : 6215428,
        "bw_bytes" : 909098453,
        "bw" : 887791,
        "iops" : 221947.293244,
        "runtime" : 7001,
        "total_ios" : 1553853,
        "short_ios" : 0,
        "drop_ios" : 0,
        "slat_ns" : {
          "min" : 1513,
          "max" : 25969,
          "mean" : 1631.607934,
          "stddev" : 243.107289,
          "N" : 1553854
        },
        "clat_ns" : {
          "min" : 261,
          "max" : 131006,
          "mean" : 16099.061237,
          "stddev" : 5450.853875,
          "N" : 1553853,
          "percentile" : {
            "1.000000" : 13504,
            "5.000000" : 14400,
            "10.000000" : 14528,
            "20.000000" : 14528,
            "30.000000" : 14656,
            "40.000000" : 14656,
            "50.000000" : 14656,
            "60.000000" : 14784,
            "70.000000" : 14784,
            "80.000000" : 14912,
            "90.000000" : 16512,
            "95.000000" : 27008,
            "99.000000" : 36096,
            "99.500000" : 42752,
            "99.900000" : 79360,
            "99.950000" : 88576,
            "99.990000" : 103936
          }
        },
        "lat_ns" : {
          "min" : 9708,
          "max" : 132579,
          "mean" : 17730.669197,
          "stddev" : 5450.382413,
          "N" : 1553853
        },
        "bw_min" : 886560,
        "bw_max" : 889792,
        "bw_agg" : 100.000000,
        "bw_mean" : 888029.857143,
        "bw_dev" : 1001.853195,
        "bw_samples" : 14,
        "iops_min" : 221640,
        "iops_max" : 222448,
        "iops_mean" : 222007.428571,
        "iops_stddev" : 250.424168,
        "iops_samples" : 14
      },
      "write" : {
        "io_bytes" : 0,
        "io_kbytes" : 0,
        "bw_bytes" : 0,
        "bw" : 0,
        "iops" : 0.000000,
        "runtime" : 0,
        "total_ios" : 0,
        "short_ios" : 0,
        "drop_ios" : 0,
        "slat_ns" : {
          "min" : 0,
          "max" : 0,
          "mean" : 0.000000,
          "stddev" : 0.000000,
          "N" : 0
        },
        "clat_ns" : {
          "min" : 0,
          "max" : 0,
          "mean" : 0.000000,
          "stddev" : 0.000000,
          "N" : 0
        },
        "lat_ns" : {
          "min" : 0,
          "max" : 0,
          "mean" : 0.000000,
          "stddev" : 0.000000,
          "N" : 0
        },
        "bw_min" : 0,
        "bw_max" : 0,
        "bw_agg" : 0.000000,
        "bw_mean" : 0.000000,
        "bw_dev" : 0.000000,
        "bw_samples" : 0,
        "iops_min" : 0,
        "iops_max" : 0,
        "iops_mean" : 0.000000,
        "iops_stddev" : 0.000000,
        "iops_samples" : 0
      },
      "trim" : {
        "io_bytes" : 0,
        "io_kbytes" : 0,
        "bw_bytes" : 0,
        "bw" : 0,
        "iops" : 0.000000,
        "runtime" : 0,
        "total_ios" : 0,
        "short_ios" : 0,
        "drop_ios" : 0,
        "slat_ns" : {
          "min" : 0,
          "max" : 0,
          "mean" : 0.000000,
          "stddev" : 0.000000,
          "N" : 0
        },
        "clat_ns" : {
          "min" : 0,
          "max" : 0,
          "mean" : 0.000000,
          "stddev" : 0.000000,
          "N" : 0
        },
        "lat_ns" : {
          "min" : 0,
          "max" : 0,
          "mean" : 0.000000,
          "stddev" : 0.000000,
          "N" : 0
        },
        "bw_min" : 0,
        "bw_max" : 0,
        "bw_agg" : 0.000000,
        "bw_mean" : 0.000000,
        "bw_dev" : 0.000000,
        "bw_samples" : 0,
        "iops_min" : 0,
        "iops_max" : 0,
        "iops_mean" : 0.000000,
        "iops_stddev" : 0.000000,
        "iops_samples" : 0
      },
      "sync" : {
        "total_ios" : 0,
        "lat_ns" : {
          "min" : 0,
          "max" : 0,
          "mean" : 0.000000,
          "stddev" : 0.000000,
          "N" : 0
        }
      },
      "job_runtime" : 7000,
      "usr_cpu" : 69.928571,
      "sys_cpu" : 30.042857,
      "ctx" : 4,
      "majf" : 0,
      "minf" : 0,
      "iodepth_level" : {
        "1" : 0.372300,
        "2" : 0.969268,
        "4" : 98.658432,
        "8" : 0.000000,
        "16" : 0.000000,
        "32" : 0.000000,
        ">=64" : 0.000000
      },
      "iodepth_submit" : {
        "0" : 0.000000,
        "4" : 100.000000,
        "8" : 0.000000,
        "16" : 0.000000,
        "32" : 0.000000,
        "64" : 0.000000,
        ">=64" : 0.000000
      },
      "iodepth_complete" : {
        "0" : 0.000000,
        "4" : 100.000000,
        "8" : 0.000000,
        "16" : 0.000000,
        "32" : 0.000000,
        "64" : 0.000000,
        ">=64" : 0.000000
      },
      "latency_ns" : {
        "2" : 0.000000,
        "4" : 0.000000,
        "10" : 0.000000,
        "20" : 0.000000,
        "50" : 0.000000,
        "100" : 0.000000,
        "250" : 0.000000,
        "500" : 0.010000,
        "750" : 0.000000,
        "1000" : 0.000000
      },
      "latency_us" : {
        "2" : 0.000000,
        "4" : 0.000000,
        "10" : 0.058757,
        "20" : 91.962818,
        "50" : 7.797906,
        "100" : 0.153618,
        "250" : 0.024327,
        "500" : 0.000000,
        "750" : 0.000000,
        "1000" : 0.000000
      },
      "latency_ms" : {
        "2" : 0.000000,
        "4" : 0.000000,
        "10" : 0.000000,
        "20" : 0.000000,
        "50" : 0.000000,
        "100" : 0.000000,
        "250" : 0.000000,
        "500" : 0.000000,
        "750" : 0.000000,
        "1000" : 0.000000,
        "2000" : 0.000000,
        ">=2000" : 0.000000
      },
      "latency_depth" : 4,
      "latency_target" : 0,
      "latency_percentile" : 100.000000,
      "latency_window" : 0
    }
  ]
}

libaio-bdev_aio: (groupid=0, jobs=1): err= 0: pid=88418: Tue Oct 25 23:45:19 2022
  read: IOPS=222k, BW=867MiB/s (909MB/s)(6070MiB/7001msec)
    slat (nsec): min=1513, max=25969, avg=1631.61, stdev=243.11
    clat (nsec): min=261, max=131006, avg=16099.06, stdev=5450.85
     lat (usec): min=9, max=132, avg=17.73, stdev= 5.45
    clat percentiles (usec):
     |  1.00th=[   14],  5.00th=[   15], 10.00th=[   15], 20.00th=[   15],
     | 30.00th=[   15], 40.00th=[   15], 50.00th=[   15], 60.00th=[   15],
     | 70.00th=[   15], 80.00th=[   15], 90.00th=[   17], 95.00th=[   28],
     | 99.00th=[   37], 99.50th=[   43], 99.90th=[   80], 99.95th=[   89],
     | 99.99th=[  104]
   bw (  KiB/s): min=886560, max=889792, per=100.00%, avg=888029.86, stdev=1001.85, samples=14
   iops        : min=221640, max=222448, avg=222007.43, stdev=250.42, samples=14
  lat (nsec)   : 500=0.01%
  lat (usec)   : 10=0.06%, 20=91.96%, 50=7.80%, 100=0.15%, 250=0.02%
  cpu          : usr=69.93%, sys=30.04%, ctx=4, majf=0, minf=0
  IO depths    : 1=0.4%, 2=1.0%, 4=98.7%, 8=0.0%, 16=0.0%, 32=0.0%, >=64=0.0%
     submit    : 0=0.0%, 4=100.0%, 8=0.0%, 16=0.0%, 32=0.0%, 64=0.0%, >=64=0.0%
     complete  : 0=0.0%, 4=100.0%, 8=0.0%, 16=0.0%, 32=0.0%, 64=0.0%, >=64=0.0%
     issued rwts: total=1553853,0,0,0 short=0,0,0,0 dropped=0,0,0,0
     latency   : target=0, window=0, percentile=100.00%, depth=4

Run status group 0 (all jobs):
   READ: bw=867MiB/s (909MB/s), 867MiB/s-867MiB/s (909MB/s-909MB/s), io=6070MiB (6365MB), run=7001-7001msec
