libaio-xnvme: (g=0): rw=randread, bs=(R) 4096B-4096B, (W) 4096B-4096B, (T) 4096B-4096B, ioengine=xnvme, iodepth=4
fio-3.32-dirty
Starting 1 thread
{
  "fio version" : "fio-3.32-dirty",
  "timestamp" : 1666734379,
  "timestamp_ms" : 1666734379201,
  "time" : "Tue Oct 25 23:46:19 2022",
  "jobs" : [
    {
      "jobname" : "libaio-xnvme",
      "groupid" : 0,
      "error" : 0,
      "eta" : 0,
      "elapsed" : 11,
      "job options" : {
        "name" : "libaio-xnvme",
        "rw" : "randread",
        "size" : "12G",
        "iodepth" : "4",
        "bs" : "4K",
        "direct" : "1",
        "thread" : "1",
        "time_based" : "1",
        "runtime" : "7",
        "ramp_time" : "3",
        "norandommap" : "1",
        "allow_file_create" : "0",
        "ioengine" : "external:/usr/local/lib/x86_64-linux-gnu/libxnvme-fio-engine.so",
        "xnvme_be" : "linux",
        "xnvme_async" : "libaio",
        "xnvme_sync" : "nvme",
        "xnvme_admin" : "nvme",
        "xnvme_dev_nsid" : "1",
        "filename" : "/dev/nvme0n1"
      },
      "read" : {
        "io_bytes" : 5072072704,
        "io_kbytes" : 4953196,
        "bw_bytes" : 724478317,
        "bw" : 707498,
        "iops" : 176874.160834,
        "runtime" : 7001,
        "total_ios" : 1238296,
        "short_ios" : 0,
        "drop_ios" : 0,
        "slat_ns" : {
          "min" : 1392,
          "max" : 24916,
          "mean" : 2289.736705,
          "stddev" : 1489.650647,
          "N" : 1238296
        },
        "clat_ns" : {
          "min" : 2695,
          "max" : 133280,
          "mean" : 20010.147292,
          "stddev" : 5825.442065,
          "N" : 1238299,
          "percentile" : {
            "1.000000" : 14912,
            "5.000000" : 15680,
            "10.000000" : 15808,
            "20.000000" : 16064,
            "30.000000" : 17280,
            "40.000000" : 17536,
            "50.000000" : 19328,
            "60.000000" : 19584,
            "70.000000" : 21376,
            "80.000000" : 21888,
            "90.000000" : 22144,
            "95.000000" : 31360,
            "99.000000" : 43776,
            "99.500000" : 46848,
            "99.900000" : 81408,
            "99.950000" : 93696,
            "99.990000" : 105984
          }
        },
        "lat_ns" : {
          "min" : 10369,
          "max" : 134742,
          "mean" : 22299.882204,
          "stddev" : 5670.530977,
          "N" : 1238299
        },
        "bw_min" : 703320,
        "bw_max" : 710557,
        "bw_agg" : 100.000000,
        "bw_mean" : 707687.785714,
        "bw_dev" : 1699.738812,
        "bw_samples" : 14,
        "iops_min" : 175830,
        "iops_max" : 177639,
        "iops_mean" : 176921.928571,
        "iops_stddev" : 424.902245,
        "iops_samples" : 14
      },
      "write" : {
        "io_bytes" : 0,
        "io_kbytes" : 0,
        "bw_bytes" : 0,
        "bw" : 0,
        "iops" : 0.000000,
        "runtime" : 0,
        "total_ios" : 0,
        "short_ios" : 0,
        "drop_ios" : 0,
        "slat_ns" : {
          "min" : 0,
          "max" : 0,
          "mean" : 0.000000,
          "stddev" : 0.000000,
          "N" : 0
        },
        "clat_ns" : {
          "min" : 0,
          "max" : 0,
          "mean" : 0.000000,
          "stddev" : 0.000000,
          "N" : 0
        },
        "lat_ns" : {
          "min" : 0,
          "max" : 0,
          "mean" : 0.000000,
          "stddev" : 0.000000,
          "N" : 0
        },
        "bw_min" : 0,
        "bw_max" : 0,
        "bw_agg" : 0.000000,
        "bw_mean" : 0.000000,
        "bw_dev" : 0.000000,
        "bw_samples" : 0,
        "iops_min" : 0,
        "iops_max" : 0,
        "iops_mean" : 0.000000,
        "iops_stddev" : 0.000000,
        "iops_samples" : 0
      },
      "trim" : {
        "io_bytes" : 0,
        "io_kbytes" : 0,
        "bw_bytes" : 0,
        "bw" : 0,
        "iops" : 0.000000,
        "runtime" : 0,
        "total_ios" : 0,
        "short_ios" : 0,
        "drop_ios" : 0,
        "slat_ns" : {
          "min" : 0,
          "max" : 0,
          "mean" : 0.000000,
          "stddev" : 0.000000,
          "N" : 0
        },
        "clat_ns" : {
          "min" : 0,
          "max" : 0,
          "mean" : 0.000000,
          "stddev" : 0.000000,
          "N" : 0
        },
        "lat_ns" : {
          "min" : 0,
          "max" : 0,
          "mean" : 0.000000,
          "stddev" : 0.000000,
          "N" : 0
        },
        "bw_min" : 0,
        "bw_max" : 0,
        "bw_agg" : 0.000000,
        "bw_mean" : 0.000000,
        "bw_dev" : 0.000000,
        "bw_samples" : 0,
        "iops_min" : 0,
        "iops_max" : 0,
        "iops_mean" : 0.000000,
        "iops_stddev" : 0.000000,
        "iops_samples" : 0
      },
      "sync" : {
        "total_ios" : 0,
        "lat_ns" : {
          "min" : 0,
          "max" : 0,
          "mean" : 0.000000,
          "stddev" : 0.000000,
          "N" : 0
        }
      },
      "job_runtime" : 7000,
      "usr_cpu" : 15.414286,
      "sys_cpu" : 50.042857,
      "ctx" : 319314,
      "majf" : 0,
      "minf" : 0,
      "iodepth_level" : {
        "1" : 0.000000,
        "2" : 0.000000,
        "4" : 100.000000,
        "8" : 0.000000,
        "16" : 0.000000,
        "32" : 0.000000,
        ">=64" : 0.000000
      },
      "iodepth_submit" : {
        "0" : 0.000000,
        "4" : 100.000000,
        "8" : 0.000000,
        "16" : 0.000000,
        "32" : 0.000000,
        "64" : 0.000000,
        ">=64" : 0.000000
      },
      "iodepth_complete" : {
        "0" : 0.000000,
        "4" : 100.000000,
        "8" : 0.000000,
        "16" : 0.000000,
        "32" : 0.000000,
        "64" : 0.000000,
        ">=64" : 0.000000
      },
      "latency_ns" : {
        "2" : 0.000000,
        "4" : 0.000000,
        "10" : 0.000000,
        "20" : 0.000000,
        "50" : 0.000000,
        "100" : 0.000000,
        "250" : 0.000000,
        "500" : 0.000000,
        "750" : 0.000000,
        "1000" : 0.000000
      },
      "latency_us" : {
        "2" : 0.000000,
        "4" : 0.010000,
        "10" : 0.027215,
        "20" : 65.634549,
        "50" : 34.085227,
        "100" : 0.224744,
        "250" : 0.028345,
        "500" : 0.000000,
        "750" : 0.000000,
        "1000" : 0.000000
      },
      "latency_ms" : {
        "2" : 0.000000,
        "4" : 0.000000,
        "10" : 0.000000,
        "20" : 0.000000,
        "50" : 0.000000,
        "100" : 0.000000,
        "250" : 0.000000,
        "500" : 0.000000,
        "750" : 0.000000,
        "1000" : 0.000000,
        "2000" : 0.000000,
        ">=2000" : 0.000000
      },
      "latency_depth" : 4,
      "latency_target" : 0,
      "latency_percentile" : 100.000000,
      "latency_window" : 0
    }
  ]
}

libaio-xnvme: (groupid=0, jobs=1): err= 0: pid=88606: Tue Oct 25 23:46:19 2022
  read: IOPS=177k, BW=691MiB/s (724MB/s)(4837MiB/7001msec)
    slat (nsec): min=1392, max=24916, avg=2289.74, stdev=1489.65
    clat (usec): min=2, max=133, avg=20.01, stdev= 5.83
     lat (usec): min=10, max=134, avg=22.30, stdev= 5.67
    clat percentiles (usec):
     |  1.00th=[   15],  5.00th=[   16], 10.00th=[   16], 20.00th=[   17],
     | 30.00th=[   18], 40.00th=[   18], 50.00th=[   20], 60.00th=[   20],
     | 70.00th=[   22], 80.00th=[   22], 90.00th=[   23], 95.00th=[   32],
     | 99.00th=[   44], 99.50th=[   47], 99.90th=[   82], 99.95th=[   94],
     | 99.99th=[  106]
   bw (  KiB/s): min=703320, max=710557, per=100.00%, avg=707687.79, stdev=1699.74, samples=14
   iops        : min=175830, max=177639, avg=176921.93, stdev=424.90, samples=14
  lat (usec)   : 4=0.01%, 10=0.03%, 20=65.63%, 50=34.09%, 100=0.22%
  lat (usec)   : 250=0.03%
  cpu          : usr=15.41%, sys=50.04%, ctx=319314, majf=0, minf=0
  IO depths    : 1=0.0%, 2=0.0%, 4=100.0%, 8=0.0%, 16=0.0%, 32=0.0%, >=64=0.0%
     submit    : 0=0.0%, 4=100.0%, 8=0.0%, 16=0.0%, 32=0.0%, 64=0.0%, >=64=0.0%
     complete  : 0=0.0%, 4=100.0%, 8=0.0%, 16=0.0%, 32=0.0%, 64=0.0%, >=64=0.0%
     issued rwts: total=1238296,0,0,0 short=0,0,0,0 dropped=0,0,0,0
     latency   : target=0, window=0, percentile=100.00%, depth=4

Run status group 0 (all jobs):
   READ: bw=691MiB/s (724MB/s), 691MiB/s-691MiB/s (724MB/s-724MB/s), io=4837MiB (5072MB), run=7001-7001msec
