libaio-xnvme: (g=0): rw=randread, bs=(R) 4096B-4096B, (W) 4096B-4096B, (T) 4096B-4096B, ioengine=xnvme, iodepth=8
fio-3.32-dirty
Starting 1 thread
{
  "fio version" : "fio-3.32-dirty",
  "timestamp" : 1666734866,
  "timestamp_ms" : 1666734866018,
  "time" : "Tue Oct 25 23:54:26 2022",
  "jobs" : [
    {
      "jobname" : "libaio-xnvme",
      "groupid" : 0,
      "error" : 0,
      "eta" : 0,
      "elapsed" : 11,
      "job options" : {
        "name" : "libaio-xnvme",
        "rw" : "randread",
        "size" : "12G",
        "iodepth" : "8",
        "bs" : "4K",
        "direct" : "1",
        "thread" : "1",
        "time_based" : "1",
        "runtime" : "7",
        "ramp_time" : "3",
        "norandommap" : "1",
        "allow_file_create" : "0",
        "ioengine" : "external:/usr/local/lib/x86_64-linux-gnu/libxnvme-fio-engine.so",
        "xnvme_be" : "linux",
        "xnvme_async" : "libaio",
        "xnvme_sync" : "nvme",
        "xnvme_admin" : "nvme",
        "xnvme_dev_nsid" : "1",
        "filename" : "/dev/nvme0n1"
      },
      "read" : {
        "io_bytes" : 6422921216,
        "io_kbytes" : 6272384,
        "bw_bytes" : 917429112,
        "bw" : 895926,
        "iops" : 223980.717040,
        "runtime" : 7001,
        "total_ios" : 1568089,
        "short_ios" : 0,
        "drop_ios" : 0,
        "slat_ns" : {
          "min" : 1482,
          "max" : 25568,
          "mean" : 1774.253431,
          "stddev" : 161.376328,
          "N" : 1568089
        },
        "clat_ns" : {
          "min" : 13826,
          "max" : 201578,
          "mean" : 33675.984157,
          "stddev" : 9110.646423,
          "N" : 1568096,
          "percentile" : {
            "1.000000" : 23936,
            "5.000000" : 25984,
            "10.000000" : 27264,
            "20.000000" : 29056,
            "30.000000" : 30080,
            "40.000000" : 30848,
            "50.000000" : 31360,
            "60.000000" : 32128,
            "70.000000" : 33024,
            "80.000000" : 35072,
            "90.000000" : 44800,
            "95.000000" : 52480,
            "99.000000" : 62720,
            "99.500000" : 68096,
            "99.900000" : 130560,
            "99.950000" : 142336,
            "99.990000" : 158720
          }
        },
        "lat_ns" : {
          "min" : 15499,
          "max" : 207278,
          "mean" : 35450.237329,
          "stddev" : 9103.650064,
          "N" : 1568096
        },
        "bw_min" : 894984,
        "bw_max" : 897680,
        "bw_agg" : 100.000000,
        "bw_mean" : 896217.000000,
        "bw_dev" : 865.985877,
        "bw_samples" : 14,
        "iops_min" : 223746,
        "iops_max" : 224420,
        "iops_mean" : 224054.214286,
        "iops_stddev" : 216.539276,
        "iops_samples" : 14
      },
      "write" : {
        "io_bytes" : 0,
        "io_kbytes" : 0,
        "bw_bytes" : 0,
        "bw" : 0,
        "iops" : 0.000000,
        "runtime" : 0,
        "total_ios" : 0,
        "short_ios" : 0,
        "drop_ios" : 0,
        "slat_ns" : {
          "min" : 0,
          "max" : 0,
          "mean" : 0.000000,
          "stddev" : 0.000000,
          "N" : 0
        },
        "clat_ns" : {
          "min" : 0,
          "max" : 0,
          "mean" : 0.000000,
          "stddev" : 0.000000,
          "N" : 0
        },
        "lat_ns" : {
          "min" : 0,
          "max" : 0,
          "mean" : 0.000000,
          "stddev" : 0.000000,
          "N" : 0
        },
        "bw_min" : 0,
        "bw_max" : 0,
        "bw_agg" : 0.000000,
        "bw_mean" : 0.000000,
        "bw_dev" : 0.000000,
        "bw_samples" : 0,
        "iops_min" : 0,
        "iops_max" : 0,
        "iops_mean" : 0.000000,
        "iops_stddev" : 0.000000,
        "iops_samples" : 0
      },
      "trim" : {
        "io_bytes" : 0,
        "io_kbytes" : 0,
        "bw_bytes" : 0,
        "bw" : 0,
        "iops" : 0.000000,
        "runtime" : 0,
        "total_ios" : 0,
        "short_ios" : 0,
        "drop_ios" : 0,
        "slat_ns" : {
          "min" : 0,
          "max" : 0,
          "mean" : 0.000000,
          "stddev" : 0.000000,
          "N" : 0
        },
        "clat_ns" : {
          "min" : 0,
          "max" : 0,
          "mean" : 0.000000,
          "stddev" : 0.000000,
          "N" : 0
        },
        "lat_ns" : {
          "min" : 0,
          "max" : 0,
          "mean" : 0.000000,
          "stddev" : 0.000000,
          "N" : 0
        },
        "bw_min" : 0,
        "bw_max" : 0,
        "bw_agg" : 0.000000,
        "bw_mean" : 0.000000,
        "bw_dev" : 0.000000,
        "bw_samples" : 0,
        "iops_min" : 0,
        "iops_max" : 0,
        "iops_mean" : 0.000000,
        "iops_stddev" : 0.000000,
        "iops_samples" : 0
      },
      "sync" : {
        "total_ios" : 0,
        "lat_ns" : {
          "min" : 0,
          "max" : 0,
          "mean" : 0.000000,
          "stddev" : 0.000000,
          "N" : 0
        }
      },
      "job_runtime" : 7000,
      "usr_cpu" : 19.214286,
      "sys_cpu" : 54.914286,
      "ctx" : 652730,
      "majf" : 0,
      "minf" : 0,
      "iodepth_level" : {
        "1" : 0.000000,
        "2" : 0.000000,
        "4" : 0.000000,
        "8" : 100.000000,
        "16" : 0.000000,
        "32" : 0.000000,
        ">=64" : 0.000000
      },
      "iodepth_submit" : {
        "0" : 0.000000,
        "4" : 100.000000,
        "8" : 0.000000,
        "16" : 0.000000,
        "32" : 0.000000,
        "64" : 0.000000,
        ">=64" : 0.000000
      },
      "iodepth_complete" : {
        "0" : 0.000000,
        "4" : 99.999968,
        "8" : 0.100000,
        "16" : 0.000000,
        "32" : 0.000000,
        "64" : 0.000000,
        ">=64" : 0.000000
      },
      "latency_ns" : {
        "2" : 0.000000,
        "4" : 0.000000,
        "10" : 0.000000,
        "20" : 0.000000,
        "50" : 0.000000,
        "100" : 0.000000,
        "250" : 0.000000,
        "500" : 0.000000,
        "750" : 0.000000,
        "1000" : 0.000000
      },
      "latency_us" : {
        "2" : 0.000000,
        "4" : 0.000000,
        "10" : 0.000000,
        "20" : 0.291055,
        "50" : 92.258539,
        "100" : 7.203864,
        "250" : 0.246989,
        "500" : 0.000000,
        "750" : 0.000000,
        "1000" : 0.000000
      },
      "latency_ms" : {
        "2" : 0.000000,
        "4" : 0.000000,
        "10" : 0.000000,
        "20" : 0.000000,
        "50" : 0.000000,
        "100" : 0.000000,
        "250" : 0.000000,
        "500" : 0.000000,
        "750" : 0.000000,
        "1000" : 0.000000,
        "2000" : 0.000000,
        ">=2000" : 0.000000
      },
      "latency_depth" : 8,
      "latency_target" : 0,
      "latency_percentile" : 100.000000,
      "latency_window" : 0
    }
  ]
}

libaio-xnvme: (groupid=0, jobs=1): err= 0: pid=90091: Tue Oct 25 23:54:26 2022
  read: IOPS=224k, BW=875MiB/s (917MB/s)(6125MiB/7001msec)
    slat (nsec): min=1482, max=25568, avg=1774.25, stdev=161.38
    clat (usec): min=13, max=201, avg=33.68, stdev= 9.11
     lat (usec): min=15, max=207, avg=35.45, stdev= 9.10
    clat percentiles (usec):
     |  1.00th=[   24],  5.00th=[   26], 10.00th=[   28], 20.00th=[   30],
     | 30.00th=[   31], 40.00th=[   31], 50.00th=[   32], 60.00th=[   33],
     | 70.00th=[   34], 80.00th=[   36], 90.00th=[   45], 95.00th=[   53],
     | 99.00th=[   63], 99.50th=[   69], 99.90th=[  131], 99.95th=[  143],
     | 99.99th=[  159]
   bw (  KiB/s): min=894984, max=897680, per=100.00%, avg=896217.00, stdev=865.99, samples=14
   iops        : min=223746, max=224420, avg=224054.21, stdev=216.54, samples=14
  lat (usec)   : 20=0.29%, 50=92.26%, 100=7.20%, 250=0.25%
  cpu          : usr=19.21%, sys=54.91%, ctx=652730, majf=0, minf=0
  IO depths    : 1=0.0%, 2=0.0%, 4=0.0%, 8=100.0%, 16=0.0%, 32=0.0%, >=64=0.0%
     submit    : 0=0.0%, 4=100.0%, 8=0.0%, 16=0.0%, 32=0.0%, 64=0.0%, >=64=0.0%
     complete  : 0=0.0%, 4=100.0%, 8=0.1%, 16=0.0%, 32=0.0%, 64=0.0%, >=64=0.0%
     issued rwts: total=1568089,0,0,0 short=0,0,0,0 dropped=0,0,0,0
     latency   : target=0, window=0, percentile=100.00%, depth=8

Run status group 0 (all jobs):
   READ: bw=875MiB/s (917MB/s), 875MiB/s-875MiB/s (917MB/s-917MB/s), io=6125MiB (6423MB), run=7001-7001msec
