io_uring_cmd-bdev_xnvme: (g=0): rw=randread, bs=(R) 4096B-4096B, (W) 4096B-4096B, (T) 4096B-4096B, ioengine=spdk_bdev, iodepth=1
fio-3.32-dirty
Starting 1 thread
{
  "fio version" : "fio-3.32-dirty",
  "timestamp" : 1666733085,
  "timestamp_ms" : 1666733085963,
  "time" : "Tue Oct 25 23:24:45 2022",
  "jobs" : [
    {
      "jobname" : "io_uring_cmd-bdev_xnvme",
      "groupid" : 0,
      "error" : 0,
      "eta" : 0,
      "elapsed" : 11,
      "job options" : {
        "name" : "io_uring_cmd-bdev_xnvme",
        "rw" : "randread",
        "size" : "12G",
        "iodepth" : "1",
        "bs" : "4K",
        "direct" : "0",
        "thread" : "1",
        "time_based" : "1",
        "runtime" : "7",
        "ramp_time" : "3",
        "norandommap" : "1",
        "allow_file_create" : "0",
        "ioengine" : "spdk_bdev",
        "spdk_conf" : "/tmp/spdk_bdev_xnvme_io_uring_cmd.conf",
        "filename" : "Nvme0n1"
      },
      "read" : {
        "io_bytes" : 2405982208,
        "io_kbytes" : 2349592,
        "bw_bytes" : 343662649,
        "bw" : 335608,
        "iops" : 83902.013998,
        "runtime" : 7001,
        "total_ios" : 587398,
        "short_ios" : 0,
        "drop_ios" : 0,
        "slat_ns" : {
          "min" : 711,
          "max" : 4368,
          "mean" : 924.473922,
          "stddev" : 69.051652,
          "N" : 587398
        },
        "clat_ns" : {
          "min" : 9077,
          "max" : 113724,
          "mean" : 10706.197505,
          "stddev" : 2217.342043,
          "N" : 587398,
          "percentile" : {
            "1.000000" : 9920,
            "5.000000" : 10048,
            "10.000000" : 10048,
            "20.000000" : 10176,
            "30.000000" : 10304,
            "40.000000" : 10304,
            "50.000000" : 10432,
            "60.000000" : 10432,
            "70.000000" : 10560,
            "80.000000" : 10560,
            "90.000000" : 10688,
            "95.000000" : 11072,
            "99.000000" : 20096,
            "99.500000" : 27520,
            "99.900000" : 30080,
            "99.950000" : 48384,
            "99.990000" : 68096
          }
        },
        "lat_ns" : {
          "min" : 10510,
          "max" : 114625,
          "mean" : 11630.671427,
          "stddev" : 2218.545088,
          "N" : 587398
        },
        "bw_min" : 335280,
        "bw_max" : 336168,
        "bw_agg" : 100.000000,
        "bw_mean" : 335695.428571,
        "bw_dev" : 291.592369,
        "bw_samples" : 14,
        "iops_min" : 83820,
        "iops_max" : 84042,
        "iops_mean" : 83923.857143,
        "iops_stddev" : 72.898092,
        "iops_samples" : 14
      },
      "write" : {
        "io_bytes" : 0,
        "io_kbytes" : 0,
        "bw_bytes" : 0,
        "bw" : 0,
        "iops" : 0.000000,
        "runtime" : 0,
        "total_ios" : 0,
        "short_ios" : 0,
        "drop_ios" : 0,
        "slat_ns" : {
          "min" : 0,
          "max" : 0,
          "mean" : 0.000000,
          "stddev" : 0.000000,
          "N" : 0
        },
        "clat_ns" : {
          "min" : 0,
          "max" : 0,
          "mean" : 0.000000,
          "stddev" : 0.000000,
          "N" : 0
        },
        "lat_ns" : {
          "min" : 0,
          "max" : 0,
          "mean" : 0.000000,
          "stddev" : 0.000000,
          "N" : 0
        },
        "bw_min" : 0,
        "bw_max" : 0,
        "bw_agg" : 0.000000,
        "bw_mean" : 0.000000,
        "bw_dev" : 0.000000,
        "bw_samples" : 0,
        "iops_min" : 0,
        "iops_max" : 0,
        "iops_mean" : 0.000000,
        "iops_stddev" : 0.000000,
        "iops_samples" : 0
      },
      "trim" : {
        "io_bytes" : 0,
        "io_kbytes" : 0,
        "bw_bytes" : 0,
        "bw" : 0,
        "iops" : 0.000000,
        "runtime" : 0,
        "total_ios" : 0,
        "short_ios" : 0,
        "drop_ios" : 0,
        "slat_ns" : {
          "min" : 0,
          "max" : 0,
          "mean" : 0.000000,
          "stddev" : 0.000000,
          "N" : 0
        },
        "clat_ns" : {
          "min" : 0,
          "max" : 0,
          "mean" : 0.000000,
          "stddev" : 0.000000,
          "N" : 0
        },
        "lat_ns" : {
          "min" : 0,
          "max" : 0,
          "mean" : 0.000000,
          "stddev" : 0.000000,
          "N" : 0
        },
        "bw_min" : 0,
        "bw_max" : 0,
        "bw_agg" : 0.000000,
        "bw_mean" : 0.000000,
        "bw_dev" : 0.000000,
        "bw_samples" : 0,
        "iops_min" : 0,
        "iops_max" : 0,
        "iops_mean" : 0.000000,
        "iops_stddev" : 0.000000,
        "iops_samples" : 0
      },
      "sync" : {
        "total_ios" : 0,
        "lat_ns" : {
          "min" : 0,
          "max" : 0,
          "mean" : 0.000000,
          "stddev" : 0.000000,
          "N" : 0
        }
      },
      "job_runtime" : 7000,
      "usr_cpu" : 99.985714,
      "sys_cpu" : 0.000000,
      "ctx" : 16,
      "majf" : 0,
      "minf" : 0,
      "iodepth_level" : {
        "1" : 100.000000,
        "2" : 0.000000,
        "4" : 0.000000,
        "8" : 0.000000,
        "16" : 0.000000,
        "32" : 0.000000,
        ">=64" : 0.000000
      },
      "iodepth_submit" : {
        "0" : 0.000000,
        "4" : 100.000000,
        "8" : 0.000000,
        "16" : 0.000000,
        "32" : 0.000000,
        "64" : 0.000000,
        ">=64" : 0.000000
      },
      "iodepth_complete" : {
        "0" : 0.000000,
        "4" : 100.000000,
        "8" : 0.000000,
        "16" : 0.000000,
        "32" : 0.000000,
        "64" : 0.000000,
        ">=64" : 0.000000
      },
      "latency_ns" : {
        "2" : 0.000000,
        "4" : 0.000000,
        "10" : 0.000000,
        "20" : 0.000000,
        "50" : 0.000000,
        "100" : 0.000000,
        "250" : 0.000000,
        "500" : 0.000000,
        "750" : 0.000000,
        "1000" : 0.000000
      },
      "latency_us" : {
        "2" : 0.000000,
        "4" : 0.000000,
        "10" : 3.081897,
        "20" : 95.920653,
        "50" : 0.950122,
        "100" : 0.047157,
        "250" : 0.010000,
        "500" : 0.000000,
        "750" : 0.000000,
        "1000" : 0.000000
      },
      "latency_ms" : {
        "2" : 0.000000,
        "4" : 0.000000,
        "10" : 0.000000,
        "20" : 0.000000,
        "50" : 0.000000,
        "100" : 0.000000,
        "250" : 0.000000,
        "500" : 0.000000,
        "750" : 0.000000,
        "1000" : 0.000000,
        "2000" : 0.000000,
        ">=2000" : 0.000000
      },
      "latency_depth" : 1,
      "latency_target" : 0,
      "latency_percentile" : 100.000000,
      "latency_window" : 0
    }
  ]
}

io_uring_cmd-bdev_xnvme: (groupid=0, jobs=1): err= 0: pid=84633: Tue Oct 25 23:24:45 2022
  read: IOPS=83.9k, BW=328MiB/s (344MB/s)(2295MiB/7001msec)
    slat (nsec): min=711, max=4368, avg=924.47, stdev=69.05
    clat (usec): min=9, max=113, avg=10.71, stdev= 2.22
     lat (usec): min=10, max=114, avg=11.63, stdev= 2.22
    clat percentiles (nsec):
     |  1.00th=[ 9920],  5.00th=[10048], 10.00th=[10048], 20.00th=[10176],
     | 30.00th=[10304], 40.00th=[10304], 50.00th=[10432], 60.00th=[10432],
     | 70.00th=[10560], 80.00th=[10560], 90.00th=[10688], 95.00th=[11072],
     | 99.00th=[20096], 99.50th=[27520], 99.90th=[30080], 99.95th=[48384],
     | 99.99th=[68096]
   bw (  KiB/s): min=335280, max=336168, per=100.00%, avg=335695.43, stdev=291.59, samples=14
   iops        : min=83820, max=84042, avg=83923.86, stdev=72.90, samples=14
  lat (usec)   : 10=3.08%, 20=95.92%, 50=0.95%, 100=0.05%, 250=0.01%
  cpu          : usr=99.99%, sys=0.00%, ctx=16, majf=0, minf=0
  IO depths    : 1=100.0%, 2=0.0%, 4=0.0%, 8=0.0%, 16=0.0%, 32=0.0%, >=64=0.0%
     submit    : 0=0.0%, 4=100.0%, 8=0.0%, 16=0.0%, 32=0.0%, 64=0.0%, >=64=0.0%
     complete  : 0=0.0%, 4=100.0%, 8=0.0%, 16=0.0%, 32=0.0%, 64=0.0%, >=64=0.0%
     issued rwts: total=587398,0,0,0 short=0,0,0,0 dropped=0,0,0,0
     latency   : target=0, window=0, percentile=100.00%, depth=1

Run status group 0 (all jobs):
   READ: bw=328MiB/s (344MB/s), 328MiB/s-328MiB/s (344MB/s-344MB/s), io=2295MiB (2406MB), run=7001-7001msec
