io_uring-bdev_uring: (g=0): rw=randread, bs=(R) 4096B-4096B, (W) 4096B-4096B, (T) 4096B-4096B, ioengine=spdk_bdev, iodepth=4
fio-3.32-dirty
Starting 1 thread
{
  "fio version" : "fio-3.32-dirty",
  "timestamp" : 1666734117,
  "timestamp_ms" : 1666734117300,
  "time" : "Tue Oct 25 23:41:57 2022",
  "jobs" : [
    {
      "jobname" : "io_uring-bdev_uring",
      "groupid" : 0,
      "error" : 0,
      "eta" : 0,
      "elapsed" : 11,
      "job options" : {
        "name" : "io_uring-bdev_uring",
        "rw" : "randread",
        "size" : "12G",
        "iodepth" : "4",
        "bs" : "4K",
        "direct" : "1",
        "thread" : "1",
        "time_based" : "1",
        "runtime" : "7",
        "ramp_time" : "3",
        "norandommap" : "1",
        "allow_file_create" : "0",
        "ioengine" : "spdk_bdev",
        "spdk_conf" : "/tmp/spdk_bdev_uring_foo.conf",
        "filename" : "Nvme0n1"
      },
      "read" : {
        "io_bytes" : 5844619264,
        "io_kbytes" : 5707636,
        "bw_bytes" : 834826348,
        "bw" : 815260,
        "iops" : 203814.597915,
        "runtime" : 7001,
        "total_ios" : 1426906,
        "short_ios" : 0,
        "drop_ios" : 0,
        "slat_ns" : {
          "min" : 110,
          "max" : 15208,
          "mean" : 166.282201,
          "stddev" : 53.441501,
          "N" : 1426906
        },
        "clat_ns" : {
          "min" : 10440,
          "max" : 145372,
          "mean" : 19068.696730,
          "stddev" : 5673.395713,
          "N" : 1426908,
          "percentile" : {
            "1.000000" : 15424,
            "5.000000" : 16320,
            "10.000000" : 17024,
            "20.000000" : 17536,
            "30.000000" : 17536,
            "40.000000" : 17536,
            "50.000000" : 17792,
            "60.000000" : 17792,
            "70.000000" : 18048,
            "80.000000" : 18048,
            "90.000000" : 19584,
            "95.000000" : 31104,
            "99.000000" : 43776,
            "99.500000" : 46336,
            "99.900000" : 83456,
            "99.950000" : 98816,
            "99.990000" : 123392
          }
        },
        "lat_ns" : {
          "min" : 10620,
          "max" : 145553,
          "mean" : 19234.978923,
          "stddev" : 5673.110075,
          "N" : 1426908
        },
        "bw_min" : 812432,
        "bw_max" : 821851,
        "bw_agg" : 100.000000,
        "bw_mean" : 815661.571429,
        "bw_dev" : 2674.021567,
        "bw_samples" : 14,
        "iops_min" : 203108,
        "iops_max" : 205462,
        "iops_mean" : 203915.428571,
        "iops_stddev" : 668.389306,
        "iops_samples" : 14
      },
      "write" : {
        "io_bytes" : 0,
        "io_kbytes" : 0,
        "bw_bytes" : 0,
        "bw" : 0,
        "iops" : 0.000000,
        "runtime" : 0,
        "total_ios" : 0,
        "short_ios" : 0,
        "drop_ios" : 0,
        "slat_ns" : {
          "min" : 0,
          "max" : 0,
          "mean" : 0.000000,
          "stddev" : 0.000000,
          "N" : 0
        },
        "clat_ns" : {
          "min" : 0,
          "max" : 0,
          "mean" : 0.000000,
          "stddev" : 0.000000,
          "N" : 0
        },
        "lat_ns" : {
          "min" : 0,
          "max" : 0,
          "mean" : 0.000000,
          "stddev" : 0.000000,
          "N" : 0
        },
        "bw_min" : 0,
        "bw_max" : 0,
        "bw_agg" : 0.000000,
        "bw_mean" : 0.000000,
        "bw_dev" : 0.000000,
        "bw_samples" : 0,
        "iops_min" : 0,
        "iops_max" : 0,
        "iops_mean" : 0.000000,
        "iops_stddev" : 0.000000,
        "iops_samples" : 0
      },
      "trim" : {
        "io_bytes" : 0,
        "io_kbytes" : 0,
        "bw_bytes" : 0,
        "bw" : 0,
        "iops" : 0.000000,
        "runtime" : 0,
        "total_ios" : 0,
        "short_ios" : 0,
        "drop_ios" : 0,
        "slat_ns" : {
          "min" : 0,
          "max" : 0,
          "mean" : 0.000000,
          "stddev" : 0.000000,
          "N" : 0
        },
        "clat_ns" : {
          "min" : 0,
          "max" : 0,
          "mean" : 0.000000,
          "stddev" : 0.000000,
          "N" : 0
        },
        "lat_ns" : {
          "min" : 0,
          "max" : 0,
          "mean" : 0.000000,
          "stddev" : 0.000000,
          "N" : 0
        },
        "bw_min" : 0,
        "bw_max" : 0,
        "bw_agg" : 0.000000,
        "bw_mean" : 0.000000,
        "bw_dev" : 0.000000,
        "bw_samples" : 0,
        "iops_min" : 0,
        "iops_max" : 0,
        "iops_mean" : 0.000000,
        "iops_stddev" : 0.000000,
        "iops_samples" : 0
      },
      "sync" : {
        "total_ios" : 0,
        "lat_ns" : {
          "min" : 0,
          "max" : 0,
          "mean" : 0.000000,
          "stddev" : 0.000000,
          "N" : 0
        }
      },
      "job_runtime" : 7000,
      "usr_cpu" : 60.214286,
      "sys_cpu" : 39.757143,
      "ctx" : 14,
      "majf" : 0,
      "minf" : 0,
      "iodepth_level" : {
        "1" : 0.100000,
        "2" : 30.973379,
        "4" : 69.014077,
        "8" : 0.000000,
        "16" : 0.000000,
        "32" : 0.000000,
        ">=64" : 0.000000
      },
      "iodepth_submit" : {
        "0" : 0.000000,
        "4" : 100.000000,
        "8" : 0.000000,
        "16" : 0.000000,
        "32" : 0.000000,
        "64" : 0.000000,
        ">=64" : 0.000000
      },
      "iodepth_complete" : {
        "0" : 0.000000,
        "4" : 100.000000,
        "8" : 0.000000,
        "16" : 0.000000,
        "32" : 0.000000,
        "64" : 0.000000,
        ">=64" : 0.000000
      },
      "latency_ns" : {
        "2" : 0.000000,
        "4" : 0.000000,
        "10" : 0.000000,
        "20" : 0.000000,
        "50" : 0.000000,
        "100" : 0.000000,
        "250" : 0.000000,
        "500" : 0.000000,
        "750" : 0.000000,
        "1000" : 0.000000
      },
      "latency_us" : {
        "2" : 0.000000,
        "4" : 0.000000,
        "10" : 0.000000,
        "20" : 91.161156,
        "50" : 8.538124,
        "100" : 0.253556,
        "250" : 0.047305,
        "500" : 0.000000,
        "750" : 0.000000,
        "1000" : 0.000000
      },
      "latency_ms" : {
        "2" : 0.000000,
        "4" : 0.000000,
        "10" : 0.000000,
        "20" : 0.000000,
        "50" : 0.000000,
        "100" : 0.000000,
        "250" : 0.000000,
        "500" : 0.000000,
        "750" : 0.000000,
        "1000" : 0.000000,
        "2000" : 0.000000,
        ">=2000" : 0.000000
      },
      "latency_depth" : 4,
      "latency_target" : 0,
      "latency_percentile" : 100.000000,
      "latency_window" : 0
    }
  ]
}

io_uring-bdev_uring: (groupid=0, jobs=1): err= 0: pid=87788: Tue Oct 25 23:41:57 2022
  read: IOPS=204k, BW=796MiB/s (835MB/s)(5574MiB/7001msec)
    slat (nsec): min=110, max=15208, avg=166.28, stdev=53.44
    clat (usec): min=10, max=145, avg=19.07, stdev= 5.67
     lat (usec): min=10, max=145, avg=19.23, stdev= 5.67
    clat percentiles (usec):
     |  1.00th=[   16],  5.00th=[   17], 10.00th=[   18], 20.00th=[   18],
     | 30.00th=[   18], 40.00th=[   18], 50.00th=[   18], 60.00th=[   18],
     | 70.00th=[   19], 80.00th=[   19], 90.00th=[   20], 95.00th=[   32],
     | 99.00th=[   44], 99.50th=[   47], 99.90th=[   84], 99.95th=[   99],
     | 99.99th=[  124]
   bw (  KiB/s): min=812432, max=821851, per=100.00%, avg=815661.57, stdev=2674.02, samples=14
   iops        : min=203108, max=205462, avg=203915.43, stdev=668.39, samples=14
  lat (usec)   : 20=91.16%, 50=8.54%, 100=0.25%, 250=0.05%
  cpu          : usr=60.21%, sys=39.76%, ctx=14, majf=0, minf=0
  IO depths    : 1=0.1%, 2=31.0%, 4=69.0%, 8=0.0%, 16=0.0%, 32=0.0%, >=64=0.0%
     submit    : 0=0.0%, 4=100.0%, 8=0.0%, 16=0.0%, 32=0.0%, 64=0.0%, >=64=0.0%
     complete  : 0=0.0%, 4=100.0%, 8=0.0%, 16=0.0%, 32=0.0%, 64=0.0%, >=64=0.0%
     issued rwts: total=1426906,0,0,0 short=0,0,0,0 dropped=0,0,0,0
     latency   : target=0, window=0, percentile=100.00%, depth=4

Run status group 0 (all jobs):
   READ: bw=796MiB/s (835MB/s), 796MiB/s-796MiB/s (835MB/s-835MB/s), io=5574MiB (5845MB), run=7001-7001msec
