io_uring_cmd-reference: (g=0): rw=randread, bs=(R) 4096B-4096B, (W) 4096B-4096B, (T) 4096B-4096B, ioengine=io_uring_cmd, iodepth=2
fio-3.32-dirty
Starting 1 thread
{
  "fio version" : "fio-3.32-dirty",
  "timestamp" : 1666733488,
  "timestamp_ms" : 1666733488966,
  "time" : "Tue Oct 25 23:31:28 2022",
  "jobs" : [
    {
      "jobname" : "io_uring_cmd-reference",
      "groupid" : 0,
      "error" : 0,
      "eta" : 0,
      "elapsed" : 11,
      "job options" : {
        "name" : "io_uring_cmd-reference",
        "rw" : "randread",
        "size" : "12G",
        "iodepth" : "2",
        "bs" : "4K",
        "direct" : "0",
        "thread" : "1",
        "time_based" : "1",
        "runtime" : "7",
        "ramp_time" : "3",
        "norandommap" : "1",
        "allow_file_create" : "0",
        "ioengine" : "io_uring_cmd",
        "filename" : "/dev/ng0n1"
      },
      "read" : {
        "io_bytes" : 2790170624,
        "io_kbytes" : 2724776,
        "bw_bytes" : 398538869,
        "bw" : 389198,
        "iops" : 97299.242965,
        "runtime" : 7001,
        "total_ios" : 681192,
        "short_ios" : 0,
        "drop_ios" : 0,
        "slat_ns" : {
          "min" : 1963,
          "max" : 37029,
          "mean" : 2279.325263,
          "stddev" : 339.765872,
          "N" : 681193
        },
        "clat_ns" : {
          "min" : 3075,
          "max" : 121388,
          "mean" : 17720.137531,
          "stddev" : 3211.933311,
          "N" : 681193,
          "percentile" : {
            "1.000000" : 16512,
            "5.000000" : 16512,
            "10.000000" : 16768,
            "20.000000" : 16768,
            "30.000000" : 16768,
            "40.000000" : 16768,
            "50.000000" : 17280,
            "60.000000" : 17280,
            "70.000000" : 17280,
            "80.000000" : 17536,
            "90.000000" : 17536,
            "95.000000" : 20096,
            "99.000000" : 34048,
            "99.500000" : 35072,
            "99.900000" : 50432,
            "99.950000" : 63232,
            "99.990000" : 74240
          }
        },
        "lat_ns" : {
          "min" : 11381,
          "max" : 123462,
          "mean" : 19999.462794,
          "stddev" : 3203.796715,
          "N" : 681193
        },
        "bw_min" : 388424,
        "bw_max" : 390448,
        "bw_agg" : 100.000000,
        "bw_mean" : 389292.714286,
        "bw_dev" : 718.143593,
        "bw_samples" : 14,
        "iops_min" : 97106,
        "iops_max" : 97612,
        "iops_mean" : 97323.142857,
        "iops_stddev" : 179.542520,
        "iops_samples" : 14
      },
      "write" : {
        "io_bytes" : 0,
        "io_kbytes" : 0,
        "bw_bytes" : 0,
        "bw" : 0,
        "iops" : 0.000000,
        "runtime" : 0,
        "total_ios" : 0,
        "short_ios" : 0,
        "drop_ios" : 0,
        "slat_ns" : {
          "min" : 0,
          "max" : 0,
          "mean" : 0.000000,
          "stddev" : 0.000000,
          "N" : 0
        },
        "clat_ns" : {
          "min" : 0,
          "max" : 0,
          "mean" : 0.000000,
          "stddev" : 0.000000,
          "N" : 0
        },
        "lat_ns" : {
          "min" : 0,
          "max" : 0,
          "mean" : 0.000000,
          "stddev" : 0.000000,
          "N" : 0
        },
        "bw_min" : 0,
        "bw_max" : 0,
        "bw_agg" : 0.000000,
        "bw_mean" : 0.000000,
        "bw_dev" : 0.000000,
        "bw_samples" : 0,
        "iops_min" : 0,
        "iops_max" : 0,
        "iops_mean" : 0.000000,
        "iops_stddev" : 0.000000,
        "iops_samples" : 0
      },
      "trim" : {
        "io_bytes" : 0,
        "io_kbytes" : 0,
        "bw_bytes" : 0,
        "bw" : 0,
        "iops" : 0.000000,
        "runtime" : 0,
        "total_ios" : 0,
        "short_ios" : 0,
        "drop_ios" : 0,
        "slat_ns" : {
          "min" : 0,
          "max" : 0,
          "mean" : 0.000000,
          "stddev" : 0.000000,
          "N" : 0
        },
        "clat_ns" : {
          "min" : 0,
          "max" : 0,
          "mean" : 0.000000,
          "stddev" : 0.000000,
          "N" : 0
        },
        "lat_ns" : {
          "min" : 0,
          "max" : 0,
          "mean" : 0.000000,
          "stddev" : 0.000000,
          "N" : 0
        },
        "bw_min" : 0,
        "bw_max" : 0,
        "bw_agg" : 0.000000,
        "bw_mean" : 0.000000,
        "bw_dev" : 0.000000,
        "bw_samples" : 0,
        "iops_min" : 0,
        "iops_max" : 0,
        "iops_mean" : 0.000000,
        "iops_stddev" : 0.000000,
        "iops_samples" : 0
      },
      "sync" : {
        "total_ios" : 0,
        "lat_ns" : {
          "min" : 0,
          "max" : 0,
          "mean" : 0.000000,
          "stddev" : 0.000000,
          "N" : 0
        }
      },
      "job_runtime" : 7000,
      "usr_cpu" : 11.500000,
      "sys_cpu" : 39.285714,
      "ctx" : 340448,
      "majf" : 0,
      "minf" : 0,
      "iodepth_level" : {
        "1" : 0.000000,
        "2" : 100.000000,
        "4" : 0.000000,
        "8" : 0.000000,
        "16" : 0.000000,
        "32" : 0.000000,
        ">=64" : 0.000000
      },
      "iodepth_submit" : {
        "0" : 0.000000,
        "4" : 100.000000,
        "8" : 0.000000,
        "16" : 0.000000,
        "32" : 0.000000,
        "64" : 0.000000,
        ">=64" : 0.000000
      },
      "iodepth_complete" : {
        "0" : 0.000000,
        "4" : 100.000000,
        "8" : 0.000000,
        "16" : 0.000000,
        "32" : 0.000000,
        "64" : 0.000000,
        ">=64" : 0.000000
      },
      "latency_ns" : {
        "2" : 0.000000,
        "4" : 0.000000,
        "10" : 0.000000,
        "20" : 0.000000,
        "50" : 0.000000,
        "100" : 0.000000,
        "250" : 0.000000,
        "500" : 0.000000,
        "750" : 0.000000,
        "1000" : 0.000000
      },
      "latency_us" : {
        "2" : 0.000000,
        "4" : 0.010000,
        "10" : 0.011304,
        "20" : 94.985261,
        "50" : 4.893921,
        "100" : 0.104082,
        "250" : 0.010000,
        "500" : 0.000000,
        "750" : 0.000000,
        "1000" : 0.000000
      },
      "latency_ms" : {
        "2" : 0.000000,
        "4" : 0.000000,
        "10" : 0.000000,
        "20" : 0.000000,
        "50" : 0.000000,
        "100" : 0.000000,
        "250" : 0.000000,
        "500" : 0.000000,
        "750" : 0.000000,
        "1000" : 0.000000,
        "2000" : 0.000000,
        ">=2000" : 0.000000
      },
      "latency_depth" : 2,
      "latency_target" : 0,
      "latency_percentile" : 100.000000,
      "latency_window" : 0
    }
  ]
}

io_uring_cmd-reference: (groupid=0, jobs=1): err= 0: pid=85875: Tue Oct 25 23:31:28 2022
  read: IOPS=97.3k, BW=380MiB/s (399MB/s)(2661MiB/7001msec)
    slat (nsec): min=1963, max=37029, avg=2279.33, stdev=339.77
    clat (usec): min=3, max=121, avg=17.72, stdev= 3.21
     lat (usec): min=11, max=123, avg=20.00, stdev= 3.20
    clat percentiles (nsec):
     |  1.00th=[16512],  5.00th=[16512], 10.00th=[16768], 20.00th=[16768],
     | 30.00th=[16768], 40.00th=[16768], 50.00th=[17280], 60.00th=[17280],
     | 70.00th=[17280], 80.00th=[17536], 90.00th=[17536], 95.00th=[20096],
     | 99.00th=[34048], 99.50th=[35072], 99.90th=[50432], 99.95th=[63232],
     | 99.99th=[74240]
   bw (  KiB/s): min=388424, max=390448, per=100.00%, avg=389292.71, stdev=718.14, samples=14
   iops        : min=97106, max=97612, avg=97323.14, stdev=179.54, samples=14
  lat (usec)   : 4=0.01%, 10=0.01%, 20=94.99%, 50=4.89%, 100=0.10%
  lat (usec)   : 250=0.01%
  cpu          : usr=11.50%, sys=39.29%, ctx=340448, majf=0, minf=0
  IO depths    : 1=0.0%, 2=100.0%, 4=0.0%, 8=0.0%, 16=0.0%, 32=0.0%, >=64=0.0%
     submit    : 0=0.0%, 4=100.0%, 8=0.0%, 16=0.0%, 32=0.0%, 64=0.0%, >=64=0.0%
     complete  : 0=0.0%, 4=100.0%, 8=0.0%, 16=0.0%, 32=0.0%, 64=0.0%, >=64=0.0%
     issued rwts: total=681192,0,0,0 short=0,0,0,0 dropped=0,0,0,0
     latency   : target=0, window=0, percentile=100.00%, depth=2

Run status group 0 (all jobs):
   READ: bw=380MiB/s (399MB/s), 380MiB/s-380MiB/s (399MB/s-399MB/s), io=2661MiB (2790MB), run=7001-7001msec
