libaio-bdev_xnvme: (g=0): rw=randread, bs=(R) 4096B-4096B, (W) 4096B-4096B, (T) 4096B-4096B, ioengine=spdk_bdev, iodepth=2
fio-3.32-dirty
Starting 1 thread
{
  "fio version" : "fio-3.32-dirty",
  "timestamp" : 1666733892,
  "timestamp_ms" : 1666733892681,
  "time" : "Tue Oct 25 23:38:12 2022",
  "jobs" : [
    {
      "jobname" : "libaio-bdev_xnvme",
      "groupid" : 0,
      "error" : 0,
      "eta" : 0,
      "elapsed" : 11,
      "job options" : {
        "name" : "libaio-bdev_xnvme",
        "rw" : "randread",
        "size" : "12G",
        "iodepth" : "2",
        "bs" : "4K",
        "direct" : "1",
        "thread" : "1",
        "time_based" : "1",
        "runtime" : "7",
        "ramp_time" : "3",
        "norandommap" : "1",
        "allow_file_create" : "0",
        "ioengine" : "spdk_bdev",
        "spdk_conf" : "/tmp/spdk_bdev_xnvme_libaio.conf",
        "filename" : "Nvme0n1"
      },
      "read" : {
        "io_bytes" : 3749478400,
        "io_kbytes" : 3661600,
        "bw_bytes" : 535563262,
        "bw" : 523010,
        "iops" : 130752.606770,
        "runtime" : 7001,
        "total_ios" : 915399,
        "short_ios" : 0,
        "drop_ios" : 0,
        "slat_ns" : {
          "min" : 1552,
          "max" : 175259,
          "mean" : 1626.508294,
          "stddev" : 223.366531,
          "N" : 915399
        },
        "clat_ns" : {
          "min" : 711,
          "max" : 181591,
          "mean" : 12431.741996,
          "stddev" : 3780.590270,
          "N" : 915399,
          "percentile" : {
            "1.000000" : 10560,
            "5.000000" : 10560,
            "10.000000" : 10688,
            "20.000000" : 10816,
            "30.000000" : 10944,
            "40.000000" : 11072,
            "50.000000" : 12352,
            "60.000000" : 12480,
            "70.000000" : 12608,
            "80.000000" : 12736,
            "90.000000" : 12864,
            "95.000000" : 13376,
            "99.000000" : 29824,
            "99.500000" : 37120,
            "99.900000" : 50432,
            "99.950000" : 63744,
            "99.990000" : 80384
          }
        },
        "lat_ns" : {
          "min" : 9377,
          "max" : 188053,
          "mean" : 14058.250290,
          "stddev" : 3793.051475,
          "N" : 915399
        },
        "bw_min" : 521616,
        "bw_max" : 524296,
        "bw_agg" : 100.000000,
        "bw_mean" : 523131.285714,
        "bw_dev" : 699.172965,
        "bw_samples" : 14,
        "iops_min" : 130404,
        "iops_max" : 131074,
        "iops_mean" : 130782.785714,
        "iops_stddev" : 174.475116,
        "iops_samples" : 14
      },
      "write" : {
        "io_bytes" : 0,
        "io_kbytes" : 0,
        "bw_bytes" : 0,
        "bw" : 0,
        "iops" : 0.000000,
        "runtime" : 0,
        "total_ios" : 0,
        "short_ios" : 0,
        "drop_ios" : 0,
        "slat_ns" : {
          "min" : 0,
          "max" : 0,
          "mean" : 0.000000,
          "stddev" : 0.000000,
          "N" : 0
        },
        "clat_ns" : {
          "min" : 0,
          "max" : 0,
          "mean" : 0.000000,
          "stddev" : 0.000000,
          "N" : 0
        },
        "lat_ns" : {
          "min" : 0,
          "max" : 0,
          "mean" : 0.000000,
          "stddev" : 0.000000,
          "N" : 0
        },
        "bw_min" : 0,
        "bw_max" : 0,
        "bw_agg" : 0.000000,
        "bw_mean" : 0.000000,
        "bw_dev" : 0.000000,
        "bw_samples" : 0,
        "iops_min" : 0,
        "iops_max" : 0,
        "iops_mean" : 0.000000,
        "iops_stddev" : 0.000000,
        "iops_samples" : 0
      },
      "trim" : {
        "io_bytes" : 0,
        "io_kbytes" : 0,
        "bw_bytes" : 0,
        "bw" : 0,
        "iops" : 0.000000,
        "runtime" : 0,
        "total_ios" : 0,
        "short_ios" : 0,
        "drop_ios" : 0,
        "slat_ns" : {
          "min" : 0,
          "max" : 0,
          "mean" : 0.000000,
          "stddev" : 0.000000,
          "N" : 0
        },
        "clat_ns" : {
          "min" : 0,
          "max" : 0,
          "mean" : 0.000000,
          "stddev" : 0.000000,
          "N" : 0
        },
        "lat_ns" : {
          "min" : 0,
          "max" : 0,
          "mean" : 0.000000,
          "stddev" : 0.000000,
          "N" : 0
        },
        "bw_min" : 0,
        "bw_max" : 0,
        "bw_agg" : 0.000000,
        "bw_mean" : 0.000000,
        "bw_dev" : 0.000000,
        "bw_samples" : 0,
        "iops_min" : 0,
        "iops_max" : 0,
        "iops_mean" : 0.000000,
        "iops_stddev" : 0.000000,
        "iops_samples" : 0
      },
      "sync" : {
        "total_ios" : 0,
        "lat_ns" : {
          "min" : 0,
          "max" : 0,
          "mean" : 0.000000,
          "stddev" : 0.000000,
          "N" : 0
        }
      },
      "job_runtime" : 7000,
      "usr_cpu" : 34.957143,
      "sys_cpu" : 65.014286,
      "ctx" : 17,
      "majf" : 0,
      "minf" : 0,
      "iodepth_level" : {
        "1" : 49.974055,
        "2" : 50.025945,
        "4" : 0.000000,
        "8" : 0.000000,
        "16" : 0.000000,
        "32" : 0.000000,
        ">=64" : 0.000000
      },
      "iodepth_submit" : {
        "0" : 0.000000,
        "4" : 100.000000,
        "8" : 0.000000,
        "16" : 0.000000,
        "32" : 0.000000,
        "64" : 0.000000,
        ">=64" : 0.000000
      },
      "iodepth_complete" : {
        "0" : 0.000000,
        "4" : 100.000000,
        "8" : 0.000000,
        "16" : 0.000000,
        "32" : 0.000000,
        "64" : 0.000000,
        ">=64" : 0.000000
      },
      "latency_ns" : {
        "2" : 0.000000,
        "4" : 0.000000,
        "10" : 0.000000,
        "20" : 0.000000,
        "50" : 0.000000,
        "100" : 0.000000,
        "250" : 0.000000,
        "500" : 0.000000,
        "750" : 0.010000,
        "1000" : 0.010000
      },
      "latency_us" : {
        "2" : 0.000000,
        "4" : 0.010000,
        "10" : 0.063470,
        "20" : 96.510811,
        "50" : 3.320410,
        "100" : 0.101267,
        "250" : 0.010000,
        "500" : 0.000000,
        "750" : 0.000000,
        "1000" : 0.000000
      },
      "latency_ms" : {
        "2" : 0.000000,
        "4" : 0.000000,
        "10" : 0.000000,
        "20" : 0.000000,
        "50" : 0.000000,
        "100" : 0.000000,
        "250" : 0.000000,
        "500" : 0.000000,
        "750" : 0.000000,
        "1000" : 0.000000,
        "2000" : 0.000000,
        ">=2000" : 0.000000
      },
      "latency_depth" : 2,
      "latency_target" : 0,
      "latency_percentile" : 100.000000,
      "latency_window" : 0
    }
  ]
}

libaio-bdev_xnvme: (groupid=0, jobs=1): err= 0: pid=87122: Tue Oct 25 23:38:12 2022
  read: IOPS=131k, BW=511MiB/s (536MB/s)(3576MiB/7001msec)
    slat (nsec): min=1552, max=175259, avg=1626.51, stdev=223.37
    clat (nsec): min=711, max=181591, avg=12431.74, stdev=3780.59
     lat (usec): min=9, max=188, avg=14.06, stdev= 3.79
    clat percentiles (nsec):
     |  1.00th=[10560],  5.00th=[10560], 10.00th=[10688], 20.00th=[10816],
     | 30.00th=[10944], 40.00th=[11072], 50.00th=[12352], 60.00th=[12480],
     | 70.00th=[12608], 80.00th=[12736], 90.00th=[12864], 95.00th=[13376],
     | 99.00th=[29824], 99.50th=[37120], 99.90th=[50432], 99.95th=[63744],
     | 99.99th=[80384]
   bw (  KiB/s): min=521616, max=524296, per=100.00%, avg=523131.29, stdev=699.17, samples=14
   iops        : min=130404, max=131074, avg=130782.79, stdev=174.48, samples=14
  lat (nsec)   : 750=0.01%, 1000=0.01%
  lat (usec)   : 4=0.01%, 10=0.06%, 20=96.51%, 50=3.32%, 100=0.10%
  lat (usec)   : 250=0.01%
  cpu          : usr=34.96%, sys=65.01%, ctx=17, majf=0, minf=0
  IO depths    : 1=50.0%, 2=50.0%, 4=0.0%, 8=0.0%, 16=0.0%, 32=0.0%, >=64=0.0%
     submit    : 0=0.0%, 4=100.0%, 8=0.0%, 16=0.0%, 32=0.0%, 64=0.0%, >=64=0.0%
     complete  : 0=0.0%, 4=100.0%, 8=0.0%, 16=0.0%, 32=0.0%, 64=0.0%, >=64=0.0%
     issued rwts: total=915399,0,0,0 short=0,0,0,0 dropped=0,0,0,0
     latency   : target=0, window=0, percentile=100.00%, depth=2

Run status group 0 (all jobs):
   READ: bw=511MiB/s (536MB/s), 511MiB/s-511MiB/s (536MB/s-536MB/s), io=3576MiB (3749MB), run=7001-7001msec
