io_uring_cmd-xnvme: (g=0): rw=randread, bs=(R) 4096B-4096B, (W) 4096B-4096B, (T) 4096B-4096B, ioengine=xnvme, iodepth=2
fio-3.32-dirty
Starting 1 thread
{
  "fio version" : "fio-3.32-dirty",
  "timestamp" : 1666733516,
  "timestamp_ms" : 1666733516277,
  "time" : "Tue Oct 25 23:31:56 2022",
  "jobs" : [
    {
      "jobname" : "io_uring_cmd-xnvme",
      "groupid" : 0,
      "error" : 0,
      "eta" : 0,
      "elapsed" : 11,
      "job options" : {
        "name" : "io_uring_cmd-xnvme",
        "rw" : "randread",
        "size" : "12G",
        "iodepth" : "2",
        "bs" : "4K",
        "direct" : "0",
        "thread" : "1",
        "time_based" : "1",
        "runtime" : "7",
        "ramp_time" : "3",
        "norandommap" : "1",
        "allow_file_create" : "0",
        "ioengine" : "external:/usr/local/lib/x86_64-linux-gnu/libxnvme-fio-engine.so",
        "xnvme_be" : "linux",
        "xnvme_async" : "io_uring_cmd",
        "xnvme_sync" : "nvme",
        "xnvme_admin" : "nvme",
        "xnvme_dev_nsid" : "1",
        "filename" : "/dev/ng0n1"
      },
      "read" : {
        "io_bytes" : 2816339968,
        "io_kbytes" : 2750332,
        "bw_bytes" : 402276813,
        "bw" : 392848,
        "iops" : 98211.969719,
        "runtime" : 7001,
        "total_ios" : 687582,
        "short_ios" : 0,
        "drop_ios" : 0,
        "slat_ns" : {
          "min" : 2003,
          "max" : 40265,
          "mean" : 2351.189732,
          "stddev" : 337.786924,
          "N" : 687582
        },
        "clat_ns" : {
          "min" : 3356,
          "max" : 209222,
          "mean" : 17502.922175,
          "stddev" : 3232.779953,
          "N" : 687583,
          "percentile" : {
            "1.000000" : 16320,
            "5.000000" : 16512,
            "10.000000" : 16512,
            "20.000000" : 16512,
            "30.000000" : 16512,
            "40.000000" : 16768,
            "50.000000" : 17024,
            "60.000000" : 17024,
            "70.000000" : 17280,
            "80.000000" : 17280,
            "90.000000" : 17280,
            "95.000000" : 19584,
            "99.000000" : 33536,
            "99.500000" : 34560,
            "99.900000" : 50432,
            "99.950000" : 63744,
            "99.990000" : 74240
          }
        },
        "lat_ns" : {
          "min" : 11251,
          "max" : 211306,
          "mean" : 19854.111460,
          "stddev" : 3223.695868,
          "N" : 687583
        },
        "bw_min" : 391559,
        "bw_max" : 394072,
        "bw_agg" : 100.000000,
        "bw_mean" : 392940.500000,
        "bw_dev" : 744.587315,
        "bw_samples" : 14,
        "iops_min" : 97889,
        "iops_max" : 98520,
        "iops_mean" : 98235.214286,
        "iops_stddev" : 186.488267,
        "iops_samples" : 14
      },
      "write" : {
        "io_bytes" : 0,
        "io_kbytes" : 0,
        "bw_bytes" : 0,
        "bw" : 0,
        "iops" : 0.000000,
        "runtime" : 0,
        "total_ios" : 0,
        "short_ios" : 0,
        "drop_ios" : 0,
        "slat_ns" : {
          "min" : 0,
          "max" : 0,
          "mean" : 0.000000,
          "stddev" : 0.000000,
          "N" : 0
        },
        "clat_ns" : {
          "min" : 0,
          "max" : 0,
          "mean" : 0.000000,
          "stddev" : 0.000000,
          "N" : 0
        },
        "lat_ns" : {
          "min" : 0,
          "max" : 0,
          "mean" : 0.000000,
          "stddev" : 0.000000,
          "N" : 0
        },
        "bw_min" : 0,
        "bw_max" : 0,
        "bw_agg" : 0.000000,
        "bw_mean" : 0.000000,
        "bw_dev" : 0.000000,
        "bw_samples" : 0,
        "iops_min" : 0,
        "iops_max" : 0,
        "iops_mean" : 0.000000,
        "iops_stddev" : 0.000000,
        "iops_samples" : 0
      },
      "trim" : {
        "io_bytes" : 0,
        "io_kbytes" : 0,
        "bw_bytes" : 0,
        "bw" : 0,
        "iops" : 0.000000,
        "runtime" : 0,
        "total_ios" : 0,
        "short_ios" : 0,
        "drop_ios" : 0,
        "slat_ns" : {
          "min" : 0,
          "max" : 0,
          "mean" : 0.000000,
          "stddev" : 0.000000,
          "N" : 0
        },
        "clat_ns" : {
          "min" : 0,
          "max" : 0,
          "mean" : 0.000000,
          "stddev" : 0.000000,
          "N" : 0
        },
        "lat_ns" : {
          "min" : 0,
          "max" : 0,
          "mean" : 0.000000,
          "stddev" : 0.000000,
          "N" : 0
        },
        "bw_min" : 0,
        "bw_max" : 0,
        "bw_agg" : 0.000000,
        "bw_mean" : 0.000000,
        "bw_dev" : 0.000000,
        "bw_samples" : 0,
        "iops_min" : 0,
        "iops_max" : 0,
        "iops_mean" : 0.000000,
        "iops_stddev" : 0.000000,
        "iops_samples" : 0
      },
      "sync" : {
        "total_ios" : 0,
        "lat_ns" : {
          "min" : 0,
          "max" : 0,
          "mean" : 0.000000,
          "stddev" : 0.000000,
          "N" : 0
        }
      },
      "job_runtime" : 7000,
      "usr_cpu" : 12.885714,
      "sys_cpu" : 39.400000,
      "ctx" : 343653,
      "majf" : 0,
      "minf" : 0,
      "iodepth_level" : {
        "1" : 0.000000,
        "2" : 100.000000,
        "4" : 0.000000,
        "8" : 0.000000,
        "16" : 0.000000,
        "32" : 0.000000,
        ">=64" : 0.000000
      },
      "iodepth_submit" : {
        "0" : 0.000000,
        "4" : 100.000000,
        "8" : 0.000000,
        "16" : 0.000000,
        "32" : 0.000000,
        "64" : 0.000000,
        ">=64" : 0.000000
      },
      "iodepth_complete" : {
        "0" : 0.000000,
        "4" : 100.000000,
        "8" : 0.000000,
        "16" : 0.000000,
        "32" : 0.000000,
        "64" : 0.000000,
        ">=64" : 0.000000
      },
      "latency_ns" : {
        "2" : 0.000000,
        "4" : 0.000000,
        "10" : 0.000000,
        "20" : 0.000000,
        "50" : 0.000000,
        "100" : 0.000000,
        "250" : 0.000000,
        "500" : 0.000000,
        "750" : 0.000000,
        "1000" : 0.000000
      },
      "latency_us" : {
        "2" : 0.000000,
        "4" : 0.010000,
        "10" : 0.010471,
        "20" : 95.019649,
        "50" : 4.858766,
        "100" : 0.108642,
        "250" : 0.010000,
        "500" : 0.000000,
        "750" : 0.000000,
        "1000" : 0.000000
      },
      "latency_ms" : {
        "2" : 0.000000,
        "4" : 0.000000,
        "10" : 0.000000,
        "20" : 0.000000,
        "50" : 0.000000,
        "100" : 0.000000,
        "250" : 0.000000,
        "500" : 0.000000,
        "750" : 0.000000,
        "1000" : 0.000000,
        "2000" : 0.000000,
        ">=2000" : 0.000000
      },
      "latency_depth" : 2,
      "latency_target" : 0,
      "latency_percentile" : 100.000000,
      "latency_window" : 0
    }
  ]
}

io_uring_cmd-xnvme: (groupid=0, jobs=1): err= 0: pid=85953: Tue Oct 25 23:31:56 2022
  read: IOPS=98.2k, BW=384MiB/s (402MB/s)(2686MiB/7001msec)
    slat (nsec): min=2003, max=40265, avg=2351.19, stdev=337.79
    clat (usec): min=3, max=209, avg=17.50, stdev= 3.23
     lat (usec): min=11, max=211, avg=19.85, stdev= 3.22
    clat percentiles (nsec):
     |  1.00th=[16320],  5.00th=[16512], 10.00th=[16512], 20.00th=[16512],
     | 30.00th=[16512], 40.00th=[16768], 50.00th=[17024], 60.00th=[17024],
     | 70.00th=[17280], 80.00th=[17280], 90.00th=[17280], 95.00th=[19584],
     | 99.00th=[33536], 99.50th=[34560], 99.90th=[50432], 99.95th=[63744],
     | 99.99th=[74240]
   bw (  KiB/s): min=391559, max=394072, per=100.00%, avg=392940.50, stdev=744.59, samples=14
   iops        : min=97889, max=98520, avg=98235.21, stdev=186.49, samples=14
  lat (usec)   : 4=0.01%, 10=0.01%, 20=95.02%, 50=4.86%, 100=0.11%
  lat (usec)   : 250=0.01%
  cpu          : usr=12.89%, sys=39.40%, ctx=343653, majf=0, minf=0
  IO depths    : 1=0.0%, 2=100.0%, 4=0.0%, 8=0.0%, 16=0.0%, 32=0.0%, >=64=0.0%
     submit    : 0=0.0%, 4=100.0%, 8=0.0%, 16=0.0%, 32=0.0%, 64=0.0%, >=64=0.0%
     complete  : 0=0.0%, 4=100.0%, 8=0.0%, 16=0.0%, 32=0.0%, 64=0.0%, >=64=0.0%
     issued rwts: total=687582,0,0,0 short=0,0,0,0 dropped=0,0,0,0
     latency   : target=0, window=0, percentile=100.00%, depth=2

Run status group 0 (all jobs):
   READ: bw=384MiB/s (402MB/s), 384MiB/s-384MiB/s (402MB/s-402MB/s), io=2686MiB (2816MB), run=7001-7001msec
