io_uring-bdev_xnvme: (g=0): rw=randread, bs=(R) 4096B-4096B, (W) 4096B-4096B, (T) 4096B-4096B, ioengine=spdk_bdev, iodepth=8
fio-3.32-dirty
Starting 1 thread
{
  "fio version" : "fio-3.32-dirty",
  "timestamp" : 1666734665,
  "timestamp_ms" : 1666734665909,
  "time" : "Tue Oct 25 23:51:05 2022",
  "jobs" : [
    {
      "jobname" : "io_uring-bdev_xnvme",
      "groupid" : 0,
      "error" : 0,
      "eta" : 0,
      "elapsed" : 11,
      "job options" : {
        "name" : "io_uring-bdev_xnvme",
        "rw" : "randread",
        "size" : "12G",
        "iodepth" : "8",
        "bs" : "4K",
        "direct" : "1",
        "thread" : "1",
        "time_based" : "1",
        "runtime" : "7",
        "ramp_time" : "3",
        "norandommap" : "1",
        "allow_file_create" : "0",
        "ioengine" : "spdk_bdev",
        "spdk_conf" : "/tmp/spdk_bdev_xnvme_io_uring.conf",
        "filename" : "Nvme0n1"
      },
      "read" : {
        "io_bytes" : 6418640896,
        "io_kbytes" : 6268204,
        "bw_bytes" : 916817725,
        "bw" : 895329,
        "iops" : 223831.452650,
        "runtime" : 7001,
        "total_ios" : 1567044,
        "short_ios" : 0,
        "drop_ios" : 0,
        "slat_ns" : {
          "min" : 1472,
          "max" : 25949,
          "mean" : 1754.159593,
          "stddev" : 224.643680,
          "N" : 1567044
        },
        "clat_ns" : {
          "min" : 15079,
          "max" : 220213,
          "mean" : 33737.245896,
          "stddev" : 8603.637014,
          "N" : 1567051,
          "percentile" : {
            "1.000000" : 24704,
            "5.000000" : 30848,
            "10.000000" : 30848,
            "20.000000" : 30848,
            "30.000000" : 31104,
            "40.000000" : 31104,
            "50.000000" : 31104,
            "60.000000" : 31104,
            "70.000000" : 31360,
            "80.000000" : 31360,
            "90.000000" : 43776,
            "95.000000" : 51968,
            "99.000000" : 62208,
            "99.500000" : 66048,
            "99.900000" : 132096,
            "99.950000" : 140288,
            "99.990000" : 156672
          }
        },
        "lat_ns" : {
          "min" : 17322,
          "max" : 221956,
          "mean" : 35491.405287,
          "stddev" : 8595.079541,
          "N" : 1567051
        },
        "bw_min" : 892688,
        "bw_max" : 897683,
        "bw_agg" : 100.000000,
        "bw_mean" : 895548.785714,
        "bw_dev" : 1287.687264,
        "bw_samples" : 14,
        "iops_min" : 223172,
        "iops_max" : 224420,
        "iops_mean" : 223887.142857,
        "iops_stddev" : 321.708625,
        "iops_samples" : 14
      },
      "write" : {
        "io_bytes" : 0,
        "io_kbytes" : 0,
        "bw_bytes" : 0,
        "bw" : 0,
        "iops" : 0.000000,
        "runtime" : 0,
        "total_ios" : 0,
        "short_ios" : 0,
        "drop_ios" : 0,
        "slat_ns" : {
          "min" : 0,
          "max" : 0,
          "mean" : 0.000000,
          "stddev" : 0.000000,
          "N" : 0
        },
        "clat_ns" : {
          "min" : 0,
          "max" : 0,
          "mean" : 0.000000,
          "stddev" : 0.000000,
          "N" : 0
        },
        "lat_ns" : {
          "min" : 0,
          "max" : 0,
          "mean" : 0.000000,
          "stddev" : 0.000000,
          "N" : 0
        },
        "bw_min" : 0,
        "bw_max" : 0,
        "bw_agg" : 0.000000,
        "bw_mean" : 0.000000,
        "bw_dev" : 0.000000,
        "bw_samples" : 0,
        "iops_min" : 0,
        "iops_max" : 0,
        "iops_mean" : 0.000000,
        "iops_stddev" : 0.000000,
        "iops_samples" : 0
      },
      "trim" : {
        "io_bytes" : 0,
        "io_kbytes" : 0,
        "bw_bytes" : 0,
        "bw" : 0,
        "iops" : 0.000000,
        "runtime" : 0,
        "total_ios" : 0,
        "short_ios" : 0,
        "drop_ios" : 0,
        "slat_ns" : {
          "min" : 0,
          "max" : 0,
          "mean" : 0.000000,
          "stddev" : 0.000000,
          "N" : 0
        },
        "clat_ns" : {
          "min" : 0,
          "max" : 0,
          "mean" : 0.000000,
          "stddev" : 0.000000,
          "N" : 0
        },
        "lat_ns" : {
          "min" : 0,
          "max" : 0,
          "mean" : 0.000000,
          "stddev" : 0.000000,
          "N" : 0
        },
        "bw_min" : 0,
        "bw_max" : 0,
        "bw_agg" : 0.000000,
        "bw_mean" : 0.000000,
        "bw_dev" : 0.000000,
        "bw_samples" : 0,
        "iops_min" : 0,
        "iops_max" : 0,
        "iops_mean" : 0.000000,
        "iops_stddev" : 0.000000,
        "iops_samples" : 0
      },
      "sync" : {
        "total_ios" : 0,
        "lat_ns" : {
          "min" : 0,
          "max" : 0,
          "mean" : 0.000000,
          "stddev" : 0.000000,
          "N" : 0
        }
      },
      "job_runtime" : 7000,
      "usr_cpu" : 29.585714,
      "sys_cpu" : 70.385714,
      "ctx" : 13,
      "majf" : 0,
      "minf" : 0,
      "iodepth_level" : {
        "1" : 0.000000,
        "2" : 0.000000,
        "4" : 0.000000,
        "8" : 100.000000,
        "16" : 0.000000,
        "32" : 0.000000,
        ">=64" : 0.000000
      },
      "iodepth_submit" : {
        "0" : 0.000000,
        "4" : 100.000000,
        "8" : 0.000000,
        "16" : 0.000000,
        "32" : 0.000000,
        "64" : 0.000000,
        ">=64" : 0.000000
      },
      "iodepth_complete" : {
        "0" : 0.000000,
        "4" : 99.999968,
        "8" : 0.100000,
        "16" : 0.000000,
        "32" : 0.000000,
        "64" : 0.000000,
        ">=64" : 0.000000
      },
      "latency_ns" : {
        "2" : 0.000000,
        "4" : 0.000000,
        "10" : 0.000000,
        "20" : 0.000000,
        "50" : 0.000000,
        "100" : 0.000000,
        "250" : 0.000000,
        "500" : 0.000000,
        "750" : 0.000000,
        "1000" : 0.000000
      },
      "latency_us" : {
        "2" : 0.000000,
        "4" : 0.000000,
        "10" : 0.000000,
        "20" : 0.035098,
        "50" : 91.088827,
        "100" : 8.597908,
        "250" : 0.278614,
        "500" : 0.000000,
        "750" : 0.000000,
        "1000" : 0.000000
      },
      "latency_ms" : {
        "2" : 0.000000,
        "4" : 0.000000,
        "10" : 0.000000,
        "20" : 0.000000,
        "50" : 0.000000,
        "100" : 0.000000,
        "250" : 0.000000,
        "500" : 0.000000,
        "750" : 0.000000,
        "1000" : 0.000000,
        "2000" : 0.000000,
        ">=2000" : 0.000000
      },
      "latency_depth" : 8,
      "latency_target" : 0,
      "latency_percentile" : 100.000000,
      "latency_window" : 0
    }
  ]
}

io_uring-bdev_xnvme: (groupid=0, jobs=1): err= 0: pid=89479: Tue Oct 25 23:51:05 2022
  read: IOPS=224k, BW=874MiB/s (917MB/s)(6121MiB/7001msec)
    slat (nsec): min=1472, max=25949, avg=1754.16, stdev=224.64
    clat (usec): min=15, max=220, avg=33.74, stdev= 8.60
     lat (usec): min=17, max=221, avg=35.49, stdev= 8.60
    clat percentiles (usec):
     |  1.00th=[   25],  5.00th=[   31], 10.00th=[   31], 20.00th=[   31],
     | 30.00th=[   32], 40.00th=[   32], 50.00th=[   32], 60.00th=[   32],
     | 70.00th=[   32], 80.00th=[   32], 90.00th=[   44], 95.00th=[   52],
     | 99.00th=[   63], 99.50th=[   67], 99.90th=[  133], 99.95th=[  141],
     | 99.99th=[  157]
   bw (  KiB/s): min=892688, max=897683, per=100.00%, avg=895548.79, stdev=1287.69, samples=14
   iops        : min=223172, max=224420, avg=223887.14, stdev=321.71, samples=14
  lat (usec)   : 20=0.04%, 50=91.09%, 100=8.60%, 250=0.28%
  cpu          : usr=29.59%, sys=70.39%, ctx=13, majf=0, minf=0
  IO depths    : 1=0.0%, 2=0.0%, 4=0.0%, 8=100.0%, 16=0.0%, 32=0.0%, >=64=0.0%
     submit    : 0=0.0%, 4=100.0%, 8=0.0%, 16=0.0%, 32=0.0%, 64=0.0%, >=64=0.0%
     complete  : 0=0.0%, 4=100.0%, 8=0.1%, 16=0.0%, 32=0.0%, 64=0.0%, >=64=0.0%
     issued rwts: total=1567044,0,0,0 short=0,0,0,0 dropped=0,0,0,0
     latency   : target=0, window=0, percentile=100.00%, depth=8

Run status group 0 (all jobs):
   READ: bw=874MiB/s (917MB/s), 874MiB/s-874MiB/s (917MB/s-917MB/s), io=6121MiB (6419MB), run=7001-7001msec
