libaio-xnvme: (g=0): rw=randread, bs=(R) 4096B-4096B, (W) 4096B-4096B, (T) 4096B-4096B, ioengine=xnvme, iodepth=2
fio-3.32-dirty
Starting 1 thread
{
  "fio version" : "fio-3.32-dirty",
  "timestamp" : 1666733906,
  "timestamp_ms" : 1666733906474,
  "time" : "Tue Oct 25 23:38:26 2022",
  "jobs" : [
    {
      "jobname" : "libaio-xnvme",
      "groupid" : 0,
      "error" : 0,
      "eta" : 0,
      "elapsed" : 11,
      "job options" : {
        "name" : "libaio-xnvme",
        "rw" : "randread",
        "size" : "12G",
        "iodepth" : "2",
        "bs" : "4K",
        "direct" : "1",
        "thread" : "1",
        "time_based" : "1",
        "runtime" : "7",
        "ramp_time" : "3",
        "norandommap" : "1",
        "allow_file_create" : "0",
        "ioengine" : "external:/usr/local/lib/x86_64-linux-gnu/libxnvme-fio-engine.so",
        "xnvme_be" : "linux",
        "xnvme_async" : "libaio",
        "xnvme_sync" : "nvme",
        "xnvme_admin" : "nvme",
        "xnvme_dev_nsid" : "1",
        "filename" : "/dev/nvme0n1"
      },
      "read" : {
        "io_bytes" : 2690433024,
        "io_kbytes" : 2627376,
        "bw_bytes" : 384292675,
        "bw" : 375285,
        "iops" : 93821.311241,
        "runtime" : 7001,
        "total_ios" : 656843,
        "short_ios" : 0,
        "drop_ios" : 0,
        "slat_ns" : {
          "min" : 2504,
          "max" : 178896,
          "mean" : 2877.458288,
          "stddev" : 468.361840,
          "N" : 656843
        },
        "clat_ns" : {
          "min" : 951,
          "max" : 1352827,
          "mean" : 17919.024456,
          "stddev" : 5851.439789,
          "N" : 656844,
          "percentile" : {
            "1.000000" : 12736,
            "5.000000" : 12864,
            "10.000000" : 12992,
            "20.000000" : 12992,
            "30.000000" : 13120,
            "40.000000" : 13120,
            "50.000000" : 21376,
            "60.000000" : 21376,
            "70.000000" : 21376,
            "80.000000" : 21632,
            "90.000000" : 21632,
            "95.000000" : 22144,
            "99.000000" : 35072,
            "99.500000" : 40192,
            "99.900000" : 50944,
            "99.950000" : 64256,
            "99.990000" : 77312
          }
        },
        "lat_ns" : {
          "min" : 12153,
          "max" : 1355933,
          "mean" : 20796.483029,
          "stddev" : 6068.884642,
          "N" : 656844
        },
        "bw_min" : 374056,
        "bw_max" : 377312,
        "bw_agg" : 100.000000,
        "bw_mean" : 375377.071429,
        "bw_dev" : 779.433371,
        "bw_samples" : 14,
        "iops_min" : 93514,
        "iops_max" : 94328,
        "iops_mean" : 93844.214286,
        "iops_stddev" : 194.825436,
        "iops_samples" : 14
      },
      "write" : {
        "io_bytes" : 0,
        "io_kbytes" : 0,
        "bw_bytes" : 0,
        "bw" : 0,
        "iops" : 0.000000,
        "runtime" : 0,
        "total_ios" : 0,
        "short_ios" : 0,
        "drop_ios" : 0,
        "slat_ns" : {
          "min" : 0,
          "max" : 0,
          "mean" : 0.000000,
          "stddev" : 0.000000,
          "N" : 0
        },
        "clat_ns" : {
          "min" : 0,
          "max" : 0,
          "mean" : 0.000000,
          "stddev" : 0.000000,
          "N" : 0
        },
        "lat_ns" : {
          "min" : 0,
          "max" : 0,
          "mean" : 0.000000,
          "stddev" : 0.000000,
          "N" : 0
        },
        "bw_min" : 0,
        "bw_max" : 0,
        "bw_agg" : 0.000000,
        "bw_mean" : 0.000000,
        "bw_dev" : 0.000000,
        "bw_samples" : 0,
        "iops_min" : 0,
        "iops_max" : 0,
        "iops_mean" : 0.000000,
        "iops_stddev" : 0.000000,
        "iops_samples" : 0
      },
      "trim" : {
        "io_bytes" : 0,
        "io_kbytes" : 0,
        "bw_bytes" : 0,
        "bw" : 0,
        "iops" : 0.000000,
        "runtime" : 0,
        "total_ios" : 0,
        "short_ios" : 0,
        "drop_ios" : 0,
        "slat_ns" : {
          "min" : 0,
          "max" : 0,
          "mean" : 0.000000,
          "stddev" : 0.000000,
          "N" : 0
        },
        "clat_ns" : {
          "min" : 0,
          "max" : 0,
          "mean" : 0.000000,
          "stddev" : 0.000000,
          "N" : 0
        },
        "lat_ns" : {
          "min" : 0,
          "max" : 0,
          "mean" : 0.000000,
          "stddev" : 0.000000,
          "N" : 0
        },
        "bw_min" : 0,
        "bw_max" : 0,
        "bw_agg" : 0.000000,
        "bw_mean" : 0.000000,
        "bw_dev" : 0.000000,
        "bw_samples" : 0,
        "iops_min" : 0,
        "iops_max" : 0,
        "iops_mean" : 0.000000,
        "iops_stddev" : 0.000000,
        "iops_samples" : 0
      },
      "sync" : {
        "total_ios" : 0,
        "lat_ns" : {
          "min" : 0,
          "max" : 0,
          "mean" : 0.000000,
          "stddev" : 0.000000,
          "N" : 0
        }
      },
      "job_runtime" : 7000,
      "usr_cpu" : 15.200000,
      "sys_cpu" : 45.857143,
      "ctx" : 328203,
      "majf" : 0,
      "minf" : 1,
      "iodepth_level" : {
        "1" : 0.000000,
        "2" : 100.000000,
        "4" : 0.000000,
        "8" : 0.000000,
        "16" : 0.000000,
        "32" : 0.000000,
        ">=64" : 0.000000
      },
      "iodepth_submit" : {
        "0" : 0.000000,
        "4" : 100.000000,
        "8" : 0.000000,
        "16" : 0.000000,
        "32" : 0.000000,
        "64" : 0.000000,
        ">=64" : 0.000000
      },
      "iodepth_complete" : {
        "0" : 0.000000,
        "4" : 100.000000,
        "8" : 0.000000,
        "16" : 0.000000,
        "32" : 0.000000,
        "64" : 0.000000,
        ">=64" : 0.000000
      },
      "latency_ns" : {
        "2" : 0.000000,
        "4" : 0.000000,
        "10" : 0.000000,
        "20" : 0.000000,
        "50" : 0.000000,
        "100" : 0.000000,
        "250" : 0.000000,
        "500" : 0.000000,
        "750" : 0.000000,
        "1000" : 0.010000
      },
      "latency_us" : {
        "2" : 0.010000,
        "4" : 0.000000,
        "10" : 0.010000,
        "20" : 47.701962,
        "50" : 52.184160,
        "100" : 0.103678,
        "250" : 0.010000,
        "500" : 0.000000,
        "750" : 0.000000,
        "1000" : 0.000000
      },
      "latency_ms" : {
        "2" : 0.010000,
        "4" : 0.000000,
        "10" : 0.000000,
        "20" : 0.000000,
        "50" : 0.000000,
        "100" : 0.000000,
        "250" : 0.000000,
        "500" : 0.000000,
        "750" : 0.000000,
        "1000" : 0.000000,
        "2000" : 0.000000,
        ">=2000" : 0.000000
      },
      "latency_depth" : 2,
      "latency_target" : 0,
      "latency_percentile" : 100.000000,
      "latency_window" : 0
    }
  ]
}

libaio-xnvme: (groupid=0, jobs=1): err= 0: pid=87161: Tue Oct 25 23:38:26 2022
  read: IOPS=93.8k, BW=366MiB/s (384MB/s)(2566MiB/7001msec)
    slat (nsec): min=2504, max=178896, avg=2877.46, stdev=468.36
    clat (nsec): min=951, max=1352.8k, avg=17919.02, stdev=5851.44
     lat (usec): min=12, max=1355, avg=20.80, stdev= 6.07
    clat percentiles (nsec):
     |  1.00th=[12736],  5.00th=[12864], 10.00th=[12992], 20.00th=[12992],
     | 30.00th=[13120], 40.00th=[13120], 50.00th=[21376], 60.00th=[21376],
     | 70.00th=[21376], 80.00th=[21632], 90.00th=[21632], 95.00th=[22144],
     | 99.00th=[35072], 99.50th=[40192], 99.90th=[50944], 99.95th=[64256],
     | 99.99th=[77312]
   bw (  KiB/s): min=374056, max=377312, per=100.00%, avg=375377.07, stdev=779.43, samples=14
   iops        : min=93514, max=94328, avg=93844.21, stdev=194.83, samples=14
  lat (nsec)   : 1000=0.01%
  lat (usec)   : 2=0.01%, 10=0.01%, 20=47.70%, 50=52.18%, 100=0.10%
  lat (usec)   : 250=0.01%
  lat (msec)   : 2=0.01%
  cpu          : usr=15.20%, sys=45.86%, ctx=328203, majf=0, minf=1
  IO depths    : 1=0.0%, 2=100.0%, 4=0.0%, 8=0.0%, 16=0.0%, 32=0.0%, >=64=0.0%
     submit    : 0=0.0%, 4=100.0%, 8=0.0%, 16=0.0%, 32=0.0%, 64=0.0%, >=64=0.0%
     complete  : 0=0.0%, 4=100.0%, 8=0.0%, 16=0.0%, 32=0.0%, 64=0.0%, >=64=0.0%
     issued rwts: total=656843,0,0,0 short=0,0,0,0 dropped=0,0,0,0
     latency   : target=0, window=0, percentile=100.00%, depth=2

Run status group 0 (all jobs):
   READ: bw=366MiB/s (384MB/s), 366MiB/s-366MiB/s (384MB/s-384MB/s), io=2566MiB (2690MB), run=7001-7001msec
