io_uring-bdev_xnvme: (g=0): rw=randread, bs=(R) 4096B-4096B, (W) 4096B-4096B, (T) 4096B-4096B, ioengine=spdk_bdev, iodepth=1
fio-3.32-dirty
Starting 1 thread
{
  "fio version" : "fio-3.32-dirty",
  "timestamp" : 1666733247,
  "timestamp_ms" : 1666733247334,
  "time" : "Tue Oct 25 23:27:27 2022",
  "jobs" : [
    {
      "jobname" : "io_uring-bdev_xnvme",
      "groupid" : 0,
      "error" : 0,
      "eta" : 0,
      "elapsed" : 11,
      "job options" : {
        "name" : "io_uring-bdev_xnvme",
        "rw" : "randread",
        "size" : "12G",
        "iodepth" : "1",
        "bs" : "4K",
        "direct" : "1",
        "thread" : "1",
        "time_based" : "1",
        "runtime" : "7",
        "ramp_time" : "3",
        "norandommap" : "1",
        "allow_file_create" : "0",
        "ioengine" : "spdk_bdev",
        "spdk_conf" : "/tmp/spdk_bdev_xnvme_io_uring.conf",
        "filename" : "Nvme0n1"
      },
      "read" : {
        "io_bytes" : 2939764736,
        "io_kbytes" : 2870864,
        "bw_bytes" : 419906404,
        "bw" : 410064,
        "iops" : 102516.211970,
        "runtime" : 7001,
        "total_ios" : 717716,
        "short_ios" : 0,
        "drop_ios" : 0,
        "slat_ns" : {
          "min" : 1522,
          "max" : 14347,
          "mean" : 1578.864615,
          "stddev" : 120.389006,
          "N" : 717716
        },
        "clat_ns" : {
          "min" : 241,
          "max" : 96561,
          "mean" : 7938.478975,
          "stddev" : 1946.448668,
          "N" : 717716,
          "percentile" : {
            "1.000000" : 7456,
            "5.000000" : 7456,
            "10.000000" : 7456,
            "20.000000" : 7520,
            "30.000000" : 7520,
            "40.000000" : 7584,
            "50.000000" : 7648,
            "60.000000" : 7648,
            "70.000000" : 7712,
            "80.000000" : 7712,
            "90.000000" : 7776,
            "95.000000" : 8160,
            "99.000000" : 17280,
            "99.500000" : 20352,
            "99.900000" : 22912,
            "99.950000" : 32640,
            "99.990000" : 65280
          }
        },
        "lat_ns" : {
          "min" : 8926,
          "max" : 98124,
          "mean" : 9517.343590,
          "stddev" : 1950.790720,
          "N" : 717716
        },
        "bw_min" : 409424,
        "bw_max" : 411160,
        "bw_agg" : 100.000000,
        "bw_mean" : 410161.928571,
        "bw_dev" : 477.509318,
        "bw_samples" : 14,
        "iops_min" : 102354,
        "iops_max" : 102790,
        "iops_mean" : 102540.428571,
        "iops_stddev" : 119.741204,
        "iops_samples" : 14
      },
      "write" : {
        "io_bytes" : 0,
        "io_kbytes" : 0,
        "bw_bytes" : 0,
        "bw" : 0,
        "iops" : 0.000000,
        "runtime" : 0,
        "total_ios" : 0,
        "short_ios" : 0,
        "drop_ios" : 0,
        "slat_ns" : {
          "min" : 0,
          "max" : 0,
          "mean" : 0.000000,
          "stddev" : 0.000000,
          "N" : 0
        },
        "clat_ns" : {
          "min" : 0,
          "max" : 0,
          "mean" : 0.000000,
          "stddev" : 0.000000,
          "N" : 0
        },
        "lat_ns" : {
          "min" : 0,
          "max" : 0,
          "mean" : 0.000000,
          "stddev" : 0.000000,
          "N" : 0
        },
        "bw_min" : 0,
        "bw_max" : 0,
        "bw_agg" : 0.000000,
        "bw_mean" : 0.000000,
        "bw_dev" : 0.000000,
        "bw_samples" : 0,
        "iops_min" : 0,
        "iops_max" : 0,
        "iops_mean" : 0.000000,
        "iops_stddev" : 0.000000,
        "iops_samples" : 0
      },
      "trim" : {
        "io_bytes" : 0,
        "io_kbytes" : 0,
        "bw_bytes" : 0,
        "bw" : 0,
        "iops" : 0.000000,
        "runtime" : 0,
        "total_ios" : 0,
        "short_ios" : 0,
        "drop_ios" : 0,
        "slat_ns" : {
          "min" : 0,
          "max" : 0,
          "mean" : 0.000000,
          "stddev" : 0.000000,
          "N" : 0
        },
        "clat_ns" : {
          "min" : 0,
          "max" : 0,
          "mean" : 0.000000,
          "stddev" : 0.000000,
          "N" : 0
        },
        "lat_ns" : {
          "min" : 0,
          "max" : 0,
          "mean" : 0.000000,
          "stddev" : 0.000000,
          "N" : 0
        },
        "bw_min" : 0,
        "bw_max" : 0,
        "bw_agg" : 0.000000,
        "bw_mean" : 0.000000,
        "bw_dev" : 0.000000,
        "bw_samples" : 0,
        "iops_min" : 0,
        "iops_max" : 0,
        "iops_mean" : 0.000000,
        "iops_stddev" : 0.000000,
        "iops_samples" : 0
      },
      "sync" : {
        "total_ios" : 0,
        "lat_ns" : {
          "min" : 0,
          "max" : 0,
          "mean" : 0.000000,
          "stddev" : 0.000000,
          "N" : 0
        }
      },
      "job_runtime" : 7000,
      "usr_cpu" : 8.157143,
      "sys_cpu" : 91.814286,
      "ctx" : 5,
      "majf" : 0,
      "minf" : 0,
      "iodepth_level" : {
        "1" : 100.000000,
        "2" : 0.000000,
        "4" : 0.000000,
        "8" : 0.000000,
        "16" : 0.000000,
        "32" : 0.000000,
        ">=64" : 0.000000
      },
      "iodepth_submit" : {
        "0" : 0.000000,
        "4" : 100.000000,
        "8" : 0.000000,
        "16" : 0.000000,
        "32" : 0.000000,
        "64" : 0.000000,
        ">=64" : 0.000000
      },
      "iodepth_complete" : {
        "0" : 0.000000,
        "4" : 100.000000,
        "8" : 0.000000,
        "16" : 0.000000,
        "32" : 0.000000,
        "64" : 0.000000,
        ">=64" : 0.000000
      },
      "latency_ns" : {
        "2" : 0.000000,
        "4" : 0.000000,
        "10" : 0.000000,
        "20" : 0.000000,
        "50" : 0.000000,
        "100" : 0.000000,
        "250" : 0.010000,
        "500" : 0.010000,
        "750" : 0.010000,
        "1000" : 0.000000
      },
      "latency_us" : {
        "2" : 0.000000,
        "4" : 0.010000,
        "10" : 96.122422,
        "20" : 3.278456,
        "50" : 0.559135,
        "100" : 0.038316,
        "250" : 0.000000,
        "500" : 0.000000,
        "750" : 0.000000,
        "1000" : 0.000000
      },
      "latency_ms" : {
        "2" : 0.000000,
        "4" : 0.000000,
        "10" : 0.000000,
        "20" : 0.000000,
        "50" : 0.000000,
        "100" : 0.000000,
        "250" : 0.000000,
        "500" : 0.000000,
        "750" : 0.000000,
        "1000" : 0.000000,
        "2000" : 0.000000,
        ">=2000" : 0.000000
      },
      "latency_depth" : 1,
      "latency_target" : 0,
      "latency_percentile" : 100.000000,
      "latency_window" : 0
    }
  ]
}

io_uring-bdev_xnvme: (groupid=0, jobs=1): err= 0: pid=85148: Tue Oct 25 23:27:27 2022
  read: IOPS=103k, BW=400MiB/s (420MB/s)(2804MiB/7001msec)
    slat (nsec): min=1522, max=14347, avg=1578.86, stdev=120.39
    clat (nsec): min=241, max=96561, avg=7938.48, stdev=1946.45
     lat (nsec): min=8926, max=98124, avg=9517.34, stdev=1950.79
    clat percentiles (nsec):
     |  1.00th=[ 7456],  5.00th=[ 7456], 10.00th=[ 7456], 20.00th=[ 7520],
     | 30.00th=[ 7520], 40.00th=[ 7584], 50.00th=[ 7648], 60.00th=[ 7648],
     | 70.00th=[ 7712], 80.00th=[ 7712], 90.00th=[ 7776], 95.00th=[ 8160],
     | 99.00th=[17280], 99.50th=[20352], 99.90th=[22912], 99.95th=[32640],
     | 99.99th=[65280]
   bw (  KiB/s): min=409424, max=411160, per=100.00%, avg=410161.93, stdev=477.51, samples=14
   iops        : min=102354, max=102790, avg=102540.43, stdev=119.74, samples=14
  lat (nsec)   : 250=0.01%, 500=0.01%, 750=0.01%
  lat (usec)   : 4=0.01%, 10=96.12%, 20=3.28%, 50=0.56%, 100=0.04%
  cpu          : usr=8.16%, sys=91.81%, ctx=5, majf=0, minf=0
  IO depths    : 1=100.0%, 2=0.0%, 4=0.0%, 8=0.0%, 16=0.0%, 32=0.0%, >=64=0.0%
     submit    : 0=0.0%, 4=100.0%, 8=0.0%, 16=0.0%, 32=0.0%, 64=0.0%, >=64=0.0%
     complete  : 0=0.0%, 4=100.0%, 8=0.0%, 16=0.0%, 32=0.0%, 64=0.0%, >=64=0.0%
     issued rwts: total=717716,0,0,0 short=0,0,0,0 dropped=0,0,0,0
     latency   : target=0, window=0, percentile=100.00%, depth=1

Run status group 0 (all jobs):
   READ: bw=400MiB/s (420MB/s), 400MiB/s-400MiB/s (420MB/s-420MB/s), io=2804MiB (2940MB), run=7001-7001msec
