io_uring_cmd-reference: (g=0): rw=randread, bs=(R) 4096B-4096B, (W) 4096B-4096B, (T) 4096B-4096B, ioengine=io_uring_cmd, iodepth=1
fio-3.32-dirty
Starting 1 thread
{
  "fio version" : "fio-3.32-dirty",
  "timestamp" : 1666733016,
  "timestamp_ms" : 1666733016245,
  "time" : "Tue Oct 25 23:23:36 2022",
  "jobs" : [
    {
      "jobname" : "io_uring_cmd-reference",
      "groupid" : 0,
      "error" : 0,
      "eta" : 0,
      "elapsed" : 11,
      "job options" : {
        "name" : "io_uring_cmd-reference",
        "rw" : "randread",
        "size" : "12G",
        "iodepth" : "1",
        "bs" : "4K",
        "direct" : "0",
        "thread" : "1",
        "time_based" : "1",
        "runtime" : "7",
        "ramp_time" : "3",
        "norandommap" : "1",
        "allow_file_create" : "0",
        "ioengine" : "io_uring_cmd",
        "filename" : "/dev/ng0n1"
      },
      "read" : {
        "io_bytes" : 1887145984,
        "io_kbytes" : 1842916,
        "bw_bytes" : 269553775,
        "bw" : 263236,
        "iops" : 65809.027282,
        "runtime" : 7001,
        "total_ios" : 460729,
        "short_ios" : 0,
        "drop_ios" : 0,
        "slat_ns" : {
          "min" : 2174,
          "max" : 31970,
          "mean" : 2353.754324,
          "stddev" : 207.012099,
          "N" : 460729
        },
        "clat_ns" : {
          "min" : 200,
          "max" : 183274,
          "mean" : 12205.161577,
          "stddev" : 1978.440122,
          "N" : 460729,
          "percentile" : {
            "1.000000" : 11712,
            "5.000000" : 11712,
            "10.000000" : 11712,
            "20.000000" : 11840,
            "30.000000" : 11840,
            "40.000000" : 11840,
            "50.000000" : 11968,
            "60.000000" : 11968,
            "70.000000" : 12096,
            "80.000000" : 12096,
            "90.000000" : 12096,
            "95.000000" : 12352,
            "99.000000" : 21888,
            "99.500000" : 23168,
            "99.900000" : 31360,
            "99.950000" : 49920,
            "99.990000" : 64256
          }
        },
        "lat_ns" : {
          "min" : 11591,
          "max" : 185708,
          "mean" : 14558.915901,
          "stddev" : 1988.143930,
          "N" : 460729
        },
        "bw_min" : 262208,
        "bw_max" : 263920,
        "bw_agg" : 100.000000,
        "bw_mean" : 263299.928571,
        "bw_dev" : 429.320118,
        "bw_samples" : 14,
        "iops_min" : 65552,
        "iops_max" : 65980,
        "iops_mean" : 65824.928571,
        "iops_stddev" : 107.268509,
        "iops_samples" : 14
      },
      "write" : {
        "io_bytes" : 0,
        "io_kbytes" : 0,
        "bw_bytes" : 0,
        "bw" : 0,
        "iops" : 0.000000,
        "runtime" : 0,
        "total_ios" : 0,
        "short_ios" : 0,
        "drop_ios" : 0,
        "slat_ns" : {
          "min" : 0,
          "max" : 0,
          "mean" : 0.000000,
          "stddev" : 0.000000,
          "N" : 0
        },
        "clat_ns" : {
          "min" : 0,
          "max" : 0,
          "mean" : 0.000000,
          "stddev" : 0.000000,
          "N" : 0
        },
        "lat_ns" : {
          "min" : 0,
          "max" : 0,
          "mean" : 0.000000,
          "stddev" : 0.000000,
          "N" : 0
        },
        "bw_min" : 0,
        "bw_max" : 0,
        "bw_agg" : 0.000000,
        "bw_mean" : 0.000000,
        "bw_dev" : 0.000000,
        "bw_samples" : 0,
        "iops_min" : 0,
        "iops_max" : 0,
        "iops_mean" : 0.000000,
        "iops_stddev" : 0.000000,
        "iops_samples" : 0
      },
      "trim" : {
        "io_bytes" : 0,
        "io_kbytes" : 0,
        "bw_bytes" : 0,
        "bw" : 0,
        "iops" : 0.000000,
        "runtime" : 0,
        "total_ios" : 0,
        "short_ios" : 0,
        "drop_ios" : 0,
        "slat_ns" : {
          "min" : 0,
          "max" : 0,
          "mean" : 0.000000,
          "stddev" : 0.000000,
          "N" : 0
        },
        "clat_ns" : {
          "min" : 0,
          "max" : 0,
          "mean" : 0.000000,
          "stddev" : 0.000000,
          "N" : 0
        },
        "lat_ns" : {
          "min" : 0,
          "max" : 0,
          "mean" : 0.000000,
          "stddev" : 0.000000,
          "N" : 0
        },
        "bw_min" : 0,
        "bw_max" : 0,
        "bw_agg" : 0.000000,
        "bw_mean" : 0.000000,
        "bw_dev" : 0.000000,
        "bw_samples" : 0,
        "iops_min" : 0,
        "iops_max" : 0,
        "iops_mean" : 0.000000,
        "iops_stddev" : 0.000000,
        "iops_samples" : 0
      },
      "sync" : {
        "total_ios" : 0,
        "lat_ns" : {
          "min" : 0,
          "max" : 0,
          "mean" : 0.000000,
          "stddev" : 0.000000,
          "N" : 0
        }
      },
      "job_runtime" : 7000,
      "usr_cpu" : 9.728571,
      "sys_cpu" : 36.385714,
      "ctx" : 460697,
      "majf" : 0,
      "minf" : 1,
      "iodepth_level" : {
        "1" : 100.000000,
        "2" : 0.000000,
        "4" : 0.000000,
        "8" : 0.000000,
        "16" : 0.000000,
        "32" : 0.000000,
        ">=64" : 0.000000
      },
      "iodepth_submit" : {
        "0" : 0.000000,
        "4" : 100.000000,
        "8" : 0.000000,
        "16" : 0.000000,
        "32" : 0.000000,
        "64" : 0.000000,
        ">=64" : 0.000000
      },
      "iodepth_complete" : {
        "0" : 0.000000,
        "4" : 100.000000,
        "8" : 0.000000,
        "16" : 0.000000,
        "32" : 0.000000,
        "64" : 0.000000,
        ">=64" : 0.000000
      },
      "latency_ns" : {
        "2" : 0.000000,
        "4" : 0.000000,
        "10" : 0.000000,
        "20" : 0.000000,
        "50" : 0.000000,
        "100" : 0.000000,
        "250" : 0.010000,
        "500" : 0.010000,
        "750" : 0.000000,
        "1000" : 0.000000
      },
      "latency_us" : {
        "2" : 0.000000,
        "4" : 0.000000,
        "10" : 0.010000,
        "20" : 98.392330,
        "50" : 1.542989,
        "100" : 0.051874,
        "250" : 0.010000,
        "500" : 0.000000,
        "750" : 0.000000,
        "1000" : 0.000000
      },
      "latency_ms" : {
        "2" : 0.000000,
        "4" : 0.000000,
        "10" : 0.000000,
        "20" : 0.000000,
        "50" : 0.000000,
        "100" : 0.000000,
        "250" : 0.000000,
        "500" : 0.000000,
        "750" : 0.000000,
        "1000" : 0.000000,
        "2000" : 0.000000,
        ">=2000" : 0.000000
      },
      "latency_depth" : 1,
      "latency_target" : 0,
      "latency_percentile" : 100.000000,
      "latency_window" : 0
    }
  ]
}

io_uring_cmd-reference: (groupid=0, jobs=1): err= 0: pid=84430: Tue Oct 25 23:23:36 2022
  read: IOPS=65.8k, BW=257MiB/s (270MB/s)(1800MiB/7001msec)
    slat (nsec): min=2174, max=31970, avg=2353.75, stdev=207.01
    clat (nsec): min=200, max=183274, avg=12205.16, stdev=1978.44
     lat (usec): min=11, max=185, avg=14.56, stdev= 1.99
    clat percentiles (nsec):
     |  1.00th=[11712],  5.00th=[11712], 10.00th=[11712], 20.00th=[11840],
     | 30.00th=[11840], 40.00th=[11840], 50.00th=[11968], 60.00th=[11968],
     | 70.00th=[12096], 80.00th=[12096], 90.00th=[12096], 95.00th=[12352],
     | 99.00th=[21888], 99.50th=[23168], 99.90th=[31360], 99.95th=[49920],
     | 99.99th=[64256]
   bw (  KiB/s): min=262208, max=263920, per=100.00%, avg=263299.93, stdev=429.32, samples=14
   iops        : min=65552, max=65980, avg=65824.93, stdev=107.27, samples=14
  lat (nsec)   : 250=0.01%, 500=0.01%
  lat (usec)   : 10=0.01%, 20=98.39%, 50=1.54%, 100=0.05%, 250=0.01%
  cpu          : usr=9.73%, sys=36.39%, ctx=460697, majf=0, minf=1
  IO depths    : 1=100.0%, 2=0.0%, 4=0.0%, 8=0.0%, 16=0.0%, 32=0.0%, >=64=0.0%
     submit    : 0=0.0%, 4=100.0%, 8=0.0%, 16=0.0%, 32=0.0%, 64=0.0%, >=64=0.0%
     complete  : 0=0.0%, 4=100.0%, 8=0.0%, 16=0.0%, 32=0.0%, 64=0.0%, >=64=0.0%
     issued rwts: total=460729,0,0,0 short=0,0,0,0 dropped=0,0,0,0
     latency   : target=0, window=0, percentile=100.00%, depth=1

Run status group 0 (all jobs):
   READ: bw=257MiB/s (270MB/s), 257MiB/s-257MiB/s (270MB/s-270MB/s), io=1800MiB (1887MB), run=7001-7001msec
