libaio-xnvme: (g=0): rw=randread, bs=(R) 4096B-4096B, (W) 4096B-4096B, (T) 4096B-4096B, ioengine=xnvme, iodepth=8
fio-3.32-dirty
Starting 1 thread
{
  "fio version" : "fio-3.32-dirty",
  "timestamp" : 1666734879,
  "timestamp_ms" : 1666734879675,
  "time" : "Tue Oct 25 23:54:39 2022",
  "jobs" : [
    {
      "jobname" : "libaio-xnvme",
      "groupid" : 0,
      "error" : 0,
      "eta" : 0,
      "elapsed" : 11,
      "job options" : {
        "name" : "libaio-xnvme",
        "rw" : "randread",
        "size" : "12G",
        "iodepth" : "8",
        "bs" : "4K",
        "direct" : "1",
        "thread" : "1",
        "time_based" : "1",
        "runtime" : "7",
        "ramp_time" : "3",
        "norandommap" : "1",
        "allow_file_create" : "0",
        "ioengine" : "external:/usr/local/lib/x86_64-linux-gnu/libxnvme-fio-engine.so",
        "xnvme_be" : "linux",
        "xnvme_async" : "libaio",
        "xnvme_sync" : "nvme",
        "xnvme_admin" : "nvme",
        "xnvme_dev_nsid" : "1",
        "filename" : "/dev/nvme0n1"
      },
      "read" : {
        "io_bytes" : 6417117184,
        "io_kbytes" : 6266716,
        "bw_bytes" : 916600083,
        "bw" : 895117,
        "iops" : 223778.317383,
        "runtime" : 7001,
        "total_ios" : 1566672,
        "short_ios" : 0,
        "drop_ios" : 0,
        "slat_ns" : {
          "min" : 1452,
          "max" : 42480,
          "mean" : 2043.000890,
          "stddev" : 749.595984,
          "N" : 1566672
        },
        "clat_ns" : {
          "min" : 440,
          "max" : 228789,
          "mean" : 33399.843687,
          "stddev" : 8968.879387,
          "N" : 1566679,
          "percentile" : {
            "1.000000" : 23168,
            "5.000000" : 27008,
            "10.000000" : 27520,
            "20.000000" : 28544,
            "30.000000" : 29824,
            "40.000000" : 31104,
            "50.000000" : 31360,
            "60.000000" : 31616,
            "70.000000" : 32384,
            "80.000000" : 34048,
            "90.000000" : 44800,
            "95.000000" : 51968,
            "99.000000" : 62208,
            "99.500000" : 67072,
            "99.900000" : 132096,
            "99.950000" : 140288,
            "99.990000" : 156672
          }
        },
        "lat_ns" : {
          "min" : 18515,
          "max" : 230592,
          "mean" : 35442.843629,
          "stddev" : 8913.795051,
          "N" : 1566679
        },
        "bw_min" : 893096,
        "bw_max" : 897528,
        "bw_agg" : 100.000000,
        "bw_mean" : 895350.214286,
        "bw_dev" : 1168.143970,
        "bw_samples" : 14,
        "iops_min" : 223274,
        "iops_max" : 224382,
        "iops_mean" : 223837.500000,
        "iops_stddev" : 292.004413,
        "iops_samples" : 14
      },
      "write" : {
        "io_bytes" : 0,
        "io_kbytes" : 0,
        "bw_bytes" : 0,
        "bw" : 0,
        "iops" : 0.000000,
        "runtime" : 0,
        "total_ios" : 0,
        "short_ios" : 0,
        "drop_ios" : 0,
        "slat_ns" : {
          "min" : 0,
          "max" : 0,
          "mean" : 0.000000,
          "stddev" : 0.000000,
          "N" : 0
        },
        "clat_ns" : {
          "min" : 0,
          "max" : 0,
          "mean" : 0.000000,
          "stddev" : 0.000000,
          "N" : 0
        },
        "lat_ns" : {
          "min" : 0,
          "max" : 0,
          "mean" : 0.000000,
          "stddev" : 0.000000,
          "N" : 0
        },
        "bw_min" : 0,
        "bw_max" : 0,
        "bw_agg" : 0.000000,
        "bw_mean" : 0.000000,
        "bw_dev" : 0.000000,
        "bw_samples" : 0,
        "iops_min" : 0,
        "iops_max" : 0,
        "iops_mean" : 0.000000,
        "iops_stddev" : 0.000000,
        "iops_samples" : 0
      },
      "trim" : {
        "io_bytes" : 0,
        "io_kbytes" : 0,
        "bw_bytes" : 0,
        "bw" : 0,
        "iops" : 0.000000,
        "runtime" : 0,
        "total_ios" : 0,
        "short_ios" : 0,
        "drop_ios" : 0,
        "slat_ns" : {
          "min" : 0,
          "max" : 0,
          "mean" : 0.000000,
          "stddev" : 0.000000,
          "N" : 0
        },
        "clat_ns" : {
          "min" : 0,
          "max" : 0,
          "mean" : 0.000000,
          "stddev" : 0.000000,
          "N" : 0
        },
        "lat_ns" : {
          "min" : 0,
          "max" : 0,
          "mean" : 0.000000,
          "stddev" : 0.000000,
          "N" : 0
        },
        "bw_min" : 0,
        "bw_max" : 0,
        "bw_agg" : 0.000000,
        "bw_mean" : 0.000000,
        "bw_dev" : 0.000000,
        "bw_samples" : 0,
        "iops_min" : 0,
        "iops_max" : 0,
        "iops_mean" : 0.000000,
        "iops_stddev" : 0.000000,
        "iops_samples" : 0
      },
      "sync" : {
        "total_ios" : 0,
        "lat_ns" : {
          "min" : 0,
          "max" : 0,
          "mean" : 0.000000,
          "stddev" : 0.000000,
          "N" : 0
        }
      },
      "job_runtime" : 7000,
      "usr_cpu" : 23.857143,
      "sys_cpu" : 59.200000,
      "ctx" : 370799,
      "majf" : 0,
      "minf" : 0,
      "iodepth_level" : {
        "1" : 0.000000,
        "2" : 0.000000,
        "4" : 0.000000,
        "8" : 100.000000,
        "16" : 0.000000,
        "32" : 0.000000,
        ">=64" : 0.000000
      },
      "iodepth_submit" : {
        "0" : 0.000000,
        "4" : 100.000000,
        "8" : 0.000000,
        "16" : 0.000000,
        "32" : 0.000000,
        "64" : 0.000000,
        ">=64" : 0.000000
      },
      "iodepth_complete" : {
        "0" : 0.000000,
        "4" : 99.999968,
        "8" : 0.100000,
        "16" : 0.000000,
        "32" : 0.000000,
        "64" : 0.000000,
        ">=64" : 0.000000
      },
      "latency_ns" : {
        "2" : 0.000000,
        "4" : 0.000000,
        "10" : 0.000000,
        "20" : 0.000000,
        "50" : 0.000000,
        "100" : 0.000000,
        "250" : 0.000000,
        "500" : 0.010000,
        "750" : 0.000000,
        "1000" : 0.000000
      },
      "latency_us" : {
        "2" : 0.000000,
        "4" : 0.010000,
        "10" : 0.010000,
        "20" : 0.034468,
        "50" : 92.821854,
        "100" : 6.875274,
        "250" : 0.268595,
        "500" : 0.000000,
        "750" : 0.000000,
        "1000" : 0.000000
      },
      "latency_ms" : {
        "2" : 0.000000,
        "4" : 0.000000,
        "10" : 0.000000,
        "20" : 0.000000,
        "50" : 0.000000,
        "100" : 0.000000,
        "250" : 0.000000,
        "500" : 0.000000,
        "750" : 0.000000,
        "1000" : 0.000000,
        "2000" : 0.000000,
        ">=2000" : 0.000000
      },
      "latency_depth" : 8,
      "latency_target" : 0,
      "latency_percentile" : 100.000000,
      "latency_window" : 0
    }
  ]
}

libaio-xnvme: (groupid=0, jobs=1): err= 0: pid=90132: Tue Oct 25 23:54:39 2022
  read: IOPS=224k, BW=874MiB/s (917MB/s)(6120MiB/7001msec)
    slat (nsec): min=1452, max=42480, avg=2043.00, stdev=749.60
    clat (nsec): min=440, max=228789, avg=33399.84, stdev=8968.88
     lat (usec): min=18, max=230, avg=35.44, stdev= 8.91
    clat percentiles (usec):
     |  1.00th=[   24],  5.00th=[   28], 10.00th=[   28], 20.00th=[   29],
     | 30.00th=[   30], 40.00th=[   32], 50.00th=[   32], 60.00th=[   32],
     | 70.00th=[   33], 80.00th=[   35], 90.00th=[   45], 95.00th=[   52],
     | 99.00th=[   63], 99.50th=[   68], 99.90th=[  133], 99.95th=[  141],
     | 99.99th=[  157]
   bw (  KiB/s): min=893096, max=897528, per=100.00%, avg=895350.21, stdev=1168.14, samples=14
   iops        : min=223274, max=224382, avg=223837.50, stdev=292.00, samples=14
  lat (nsec)   : 500=0.01%
  lat (usec)   : 4=0.01%, 10=0.01%, 20=0.03%, 50=92.82%, 100=6.88%
  lat (usec)   : 250=0.27%
  cpu          : usr=23.86%, sys=59.20%, ctx=370799, majf=0, minf=0
  IO depths    : 1=0.0%, 2=0.0%, 4=0.0%, 8=100.0%, 16=0.0%, 32=0.0%, >=64=0.0%
     submit    : 0=0.0%, 4=100.0%, 8=0.0%, 16=0.0%, 32=0.0%, 64=0.0%, >=64=0.0%
     complete  : 0=0.0%, 4=100.0%, 8=0.1%, 16=0.0%, 32=0.0%, 64=0.0%, >=64=0.0%
     issued rwts: total=1566672,0,0,0 short=0,0,0,0 dropped=0,0,0,0
     latency   : target=0, window=0, percentile=100.00%, depth=8

Run status group 0 (all jobs):
   READ: bw=874MiB/s (917MB/s), 874MiB/s-874MiB/s (917MB/s-917MB/s), io=6120MiB (6417MB), run=7001-7001msec
