io_uring_cmd-reference: (g=0): rw=randread, bs=(R) 4096B-4096B, (W) 4096B-4096B, (T) 4096B-4096B, ioengine=io_uring_cmd, iodepth=8
fio-3.32-dirty
Starting 1 thread
{
  "fio version" : "fio-3.32-dirty",
  "timestamp" : 1666734420,
  "timestamp_ms" : 1666734420189,
  "time" : "Tue Oct 25 23:47:00 2022",
  "jobs" : [
    {
      "jobname" : "io_uring_cmd-reference",
      "groupid" : 0,
      "error" : 0,
      "eta" : 0,
      "elapsed" : 11,
      "job options" : {
        "name" : "io_uring_cmd-reference",
        "rw" : "randread",
        "size" : "12G",
        "iodepth" : "8",
        "bs" : "4K",
        "direct" : "0",
        "thread" : "1",
        "time_based" : "1",
        "runtime" : "7",
        "ramp_time" : "3",
        "norandommap" : "1",
        "allow_file_create" : "0",
        "ioengine" : "io_uring_cmd",
        "filename" : "/dev/ng0n1"
      },
      "read" : {
        "io_bytes" : 6420176896,
        "io_kbytes" : 6269704,
        "bw_bytes" : 917037122,
        "bw" : 895544,
        "iops" : 223884.873589,
        "runtime" : 7001,
        "total_ios" : 1567418,
        "short_ios" : 0,
        "drop_ios" : 0,
        "slat_ns" : {
          "min" : 1082,
          "max" : 24687,
          "mean" : 1805.728822,
          "stddev" : 832.327889,
          "N" : 1567419
        },
        "clat_ns" : {
          "min" : 11222,
          "max" : 215775,
          "mean" : 33639.284363,
          "stddev" : 8658.611942,
          "N" : 1567425,
          "percentile" : {
            "1.000000" : 24960,
            "5.000000" : 28800,
            "10.000000" : 29568,
            "20.000000" : 30080,
            "30.000000" : 30080,
            "40.000000" : 30848,
            "50.000000" : 31360,
            "60.000000" : 31616,
            "70.000000" : 31872,
            "80.000000" : 32640,
            "90.000000" : 45312,
            "95.000000" : 52480,
            "99.000000" : 62720,
            "99.500000" : 67072,
            "99.900000" : 127488,
            "99.950000" : 140288,
            "99.990000" : 156672
          }
        },
        "lat_ns" : {
          "min" : 15389,
          "max" : 218299,
          "mean" : 35445.013616,
          "stddev" : 8573.177387,
          "N" : 1567425
        },
        "bw_min" : 893760,
        "bw_max" : 898008,
        "bw_agg" : 100.000000,
        "bw_mean" : 895765.357143,
        "bw_dev" : 1348.294627,
        "bw_samples" : 14,
        "iops_min" : 223440,
        "iops_max" : 224500,
        "iops_mean" : 223941.285714,
        "iops_stddev" : 336.789920,
        "iops_samples" : 14
      },
      "write" : {
        "io_bytes" : 0,
        "io_kbytes" : 0,
        "bw_bytes" : 0,
        "bw" : 0,
        "iops" : 0.000000,
        "runtime" : 0,
        "total_ios" : 0,
        "short_ios" : 0,
        "drop_ios" : 0,
        "slat_ns" : {
          "min" : 0,
          "max" : 0,
          "mean" : 0.000000,
          "stddev" : 0.000000,
          "N" : 0
        },
        "clat_ns" : {
          "min" : 0,
          "max" : 0,
          "mean" : 0.000000,
          "stddev" : 0.000000,
          "N" : 0
        },
        "lat_ns" : {
          "min" : 0,
          "max" : 0,
          "mean" : 0.000000,
          "stddev" : 0.000000,
          "N" : 0
        },
        "bw_min" : 0,
        "bw_max" : 0,
        "bw_agg" : 0.000000,
        "bw_mean" : 0.000000,
        "bw_dev" : 0.000000,
        "bw_samples" : 0,
        "iops_min" : 0,
        "iops_max" : 0,
        "iops_mean" : 0.000000,
        "iops_stddev" : 0.000000,
        "iops_samples" : 0
      },
      "trim" : {
        "io_bytes" : 0,
        "io_kbytes" : 0,
        "bw_bytes" : 0,
        "bw" : 0,
        "iops" : 0.000000,
        "runtime" : 0,
        "total_ios" : 0,
        "short_ios" : 0,
        "drop_ios" : 0,
        "slat_ns" : {
          "min" : 0,
          "max" : 0,
          "mean" : 0.000000,
          "stddev" : 0.000000,
          "N" : 0
        },
        "clat_ns" : {
          "min" : 0,
          "max" : 0,
          "mean" : 0.000000,
          "stddev" : 0.000000,
          "N" : 0
        },
        "lat_ns" : {
          "min" : 0,
          "max" : 0,
          "mean" : 0.000000,
          "stddev" : 0.000000,
          "N" : 0
        },
        "bw_min" : 0,
        "bw_max" : 0,
        "bw_agg" : 0.000000,
        "bw_mean" : 0.000000,
        "bw_dev" : 0.000000,
        "bw_samples" : 0,
        "iops_min" : 0,
        "iops_max" : 0,
        "iops_mean" : 0.000000,
        "iops_stddev" : 0.000000,
        "iops_samples" : 0
      },
      "sync" : {
        "total_ios" : 0,
        "lat_ns" : {
          "min" : 0,
          "max" : 0,
          "mean" : 0.000000,
          "stddev" : 0.000000,
          "N" : 0
        }
      },
      "job_runtime" : 7000,
      "usr_cpu" : 14.514286,
      "sys_cpu" : 58.171429,
      "ctx" : 756092,
      "majf" : 0,
      "minf" : 0,
      "iodepth_level" : {
        "1" : 0.000000,
        "2" : 0.000000,
        "4" : 0.000000,
        "8" : 100.000000,
        "16" : 0.000000,
        "32" : 0.000000,
        ">=64" : 0.000000
      },
      "iodepth_submit" : {
        "0" : 0.000000,
        "4" : 100.000000,
        "8" : 0.000000,
        "16" : 0.000000,
        "32" : 0.000000,
        "64" : 0.000000,
        ">=64" : 0.000000
      },
      "iodepth_complete" : {
        "0" : 0.000000,
        "4" : 99.999936,
        "8" : 0.100000,
        "16" : 0.000000,
        "32" : 0.000000,
        "64" : 0.000000,
        ">=64" : 0.000000
      },
      "latency_ns" : {
        "2" : 0.000000,
        "4" : 0.000000,
        "10" : 0.000000,
        "20" : 0.000000,
        "50" : 0.000000,
        "100" : 0.000000,
        "250" : 0.000000,
        "500" : 0.000000,
        "750" : 0.000000,
        "1000" : 0.000000
      },
      "latency_us" : {
        "2" : 0.000000,
        "4" : 0.000000,
        "10" : 0.000000,
        "20" : 0.102462,
        "50" : 91.998178,
        "100" : 7.644419,
        "250" : 0.255388,
        "500" : 0.000000,
        "750" : 0.000000,
        "1000" : 0.000000
      },
      "latency_ms" : {
        "2" : 0.000000,
        "4" : 0.000000,
        "10" : 0.000000,
        "20" : 0.000000,
        "50" : 0.000000,
        "100" : 0.000000,
        "250" : 0.000000,
        "500" : 0.000000,
        "750" : 0.000000,
        "1000" : 0.000000,
        "2000" : 0.000000,
        ">=2000" : 0.000000
      },
      "latency_depth" : 8,
      "latency_target" : 0,
      "latency_percentile" : 100.000000,
      "latency_window" : 0
    }
  ]
}

io_uring_cmd-reference: (groupid=0, jobs=1): err= 0: pid=88726: Tue Oct 25 23:47:00 2022
  read: IOPS=224k, BW=875MiB/s (917MB/s)(6123MiB/7001msec)
    slat (nsec): min=1082, max=24687, avg=1805.73, stdev=832.33
    clat (usec): min=11, max=215, avg=33.64, stdev= 8.66
     lat (usec): min=15, max=218, avg=35.45, stdev= 8.57
    clat percentiles (usec):
     |  1.00th=[   25],  5.00th=[   29], 10.00th=[   30], 20.00th=[   31],
     | 30.00th=[   31], 40.00th=[   31], 50.00th=[   32], 60.00th=[   32],
     | 70.00th=[   32], 80.00th=[   33], 90.00th=[   46], 95.00th=[   53],
     | 99.00th=[   63], 99.50th=[   68], 99.90th=[  128], 99.95th=[  141],
     | 99.99th=[  157]
   bw (  KiB/s): min=893760, max=898008, per=100.00%, avg=895765.36, stdev=1348.29, samples=14
   iops        : min=223440, max=224500, avg=223941.29, stdev=336.79, samples=14
  lat (usec)   : 20=0.10%, 50=92.00%, 100=7.64%, 250=0.26%
  cpu          : usr=14.51%, sys=58.17%, ctx=756092, majf=0, minf=0
  IO depths    : 1=0.0%, 2=0.0%, 4=0.0%, 8=100.0%, 16=0.0%, 32=0.0%, >=64=0.0%
     submit    : 0=0.0%, 4=100.0%, 8=0.0%, 16=0.0%, 32=0.0%, 64=0.0%, >=64=0.0%
     complete  : 0=0.0%, 4=100.0%, 8=0.1%, 16=0.0%, 32=0.0%, 64=0.0%, >=64=0.0%
     issued rwts: total=1567418,0,0,0 short=0,0,0,0 dropped=0,0,0,0
     latency   : target=0, window=0, percentile=100.00%, depth=8

Run status group 0 (all jobs):
   READ: bw=875MiB/s (917MB/s), 875MiB/s-875MiB/s (917MB/s-917MB/s), io=6123MiB (6420MB), run=7001-7001msec
