io_uring-reference: (g=0): rw=randread, bs=(R) 4096B-4096B, (W) 4096B-4096B, (T) 4096B-4096B, ioengine=io_uring, iodepth=4
fio-3.32-dirty
Starting 1 thread
{
  "fio version" : "fio-3.32-dirty",
  "timestamp" : 1666734102,
  "timestamp_ms" : 1666734102332,
  "time" : "Tue Oct 25 23:41:42 2022",
  "jobs" : [
    {
      "jobname" : "io_uring-reference",
      "groupid" : 0,
      "error" : 0,
      "eta" : 0,
      "elapsed" : 11,
      "job options" : {
        "name" : "io_uring-reference",
        "rw" : "randread",
        "size" : "12G",
        "iodepth" : "4",
        "bs" : "4K",
        "direct" : "1",
        "thread" : "1",
        "time_based" : "1",
        "runtime" : "7",
        "ramp_time" : "3",
        "norandommap" : "1",
        "allow_file_create" : "0",
        "ioengine" : "io_uring",
        "filename" : "/dev/nvme0n1"
      },
      "read" : {
        "io_bytes" : 4528324608,
        "io_kbytes" : 4422192,
        "bw_bytes" : 646811113,
        "bw" : 631651,
        "iops" : 157912.441080,
        "runtime" : 7001,
        "total_ios" : 1105545,
        "short_ios" : 0,
        "drop_ios" : 0,
        "slat_ns" : {
          "min" : 2275,
          "max" : 119033,
          "mean" : 2745.671780,
          "stddev" : 595.147245,
          "N" : 1105545
        },
        "clat_ns" : {
          "min" : 3747,
          "max" : 138570,
          "mean" : 22051.316446,
          "stddev" : 5281.925427,
          "N" : 1105548,
          "percentile" : {
            "1.000000" : 17792,
            "5.000000" : 19328,
            "10.000000" : 19328,
            "20.000000" : 19840,
            "30.000000" : 20864,
            "40.000000" : 20864,
            "50.000000" : 21120,
            "60.000000" : 21120,
            "70.000000" : 21376,
            "80.000000" : 21632,
            "90.000000" : 22400,
            "95.000000" : 33024,
            "99.000000" : 47360,
            "99.500000" : 50432,
            "99.900000" : 79360,
            "99.950000" : 93696,
            "99.990000" : 105984
          }
        },
        "lat_ns" : {
          "min" : 12774,
          "max" : 140935,
          "mean" : 24796.987255,
          "stddev" : 5227.303506,
          "N" : 1105548
        },
        "bw_min" : 630016,
        "bw_max" : 633688,
        "bw_agg" : 100.000000,
        "bw_mean" : 632033.142857,
        "bw_dev" : 1130.843651,
        "bw_samples" : 14,
        "iops_min" : 157504,
        "iops_max" : 158422,
        "iops_mean" : 158008.214286,
        "iops_stddev" : 282.708923,
        "iops_samples" : 14
      },
      "write" : {
        "io_bytes" : 0,
        "io_kbytes" : 0,
        "bw_bytes" : 0,
        "bw" : 0,
        "iops" : 0.000000,
        "runtime" : 0,
        "total_ios" : 0,
        "short_ios" : 0,
        "drop_ios" : 0,
        "slat_ns" : {
          "min" : 0,
          "max" : 0,
          "mean" : 0.000000,
          "stddev" : 0.000000,
          "N" : 0
        },
        "clat_ns" : {
          "min" : 0,
          "max" : 0,
          "mean" : 0.000000,
          "stddev" : 0.000000,
          "N" : 0
        },
        "lat_ns" : {
          "min" : 0,
          "max" : 0,
          "mean" : 0.000000,
          "stddev" : 0.000000,
          "N" : 0
        },
        "bw_min" : 0,
        "bw_max" : 0,
        "bw_agg" : 0.000000,
        "bw_mean" : 0.000000,
        "bw_dev" : 0.000000,
        "bw_samples" : 0,
        "iops_min" : 0,
        "iops_max" : 0,
        "iops_mean" : 0.000000,
        "iops_stddev" : 0.000000,
        "iops_samples" : 0
      },
      "trim" : {
        "io_bytes" : 0,
        "io_kbytes" : 0,
        "bw_bytes" : 0,
        "bw" : 0,
        "iops" : 0.000000,
        "runtime" : 0,
        "total_ios" : 0,
        "short_ios" : 0,
        "drop_ios" : 0,
        "slat_ns" : {
          "min" : 0,
          "max" : 0,
          "mean" : 0.000000,
          "stddev" : 0.000000,
          "N" : 0
        },
        "clat_ns" : {
          "min" : 0,
          "max" : 0,
          "mean" : 0.000000,
          "stddev" : 0.000000,
          "N" : 0
        },
        "lat_ns" : {
          "min" : 0,
          "max" : 0,
          "mean" : 0.000000,
          "stddev" : 0.000000,
          "N" : 0
        },
        "bw_min" : 0,
        "bw_max" : 0,
        "bw_agg" : 0.000000,
        "bw_mean" : 0.000000,
        "bw_dev" : 0.000000,
        "bw_samples" : 0,
        "iops_min" : 0,
        "iops_max" : 0,
        "iops_mean" : 0.000000,
        "iops_stddev" : 0.000000,
        "iops_samples" : 0
      },
      "sync" : {
        "total_ios" : 0,
        "lat_ns" : {
          "min" : 0,
          "max" : 0,
          "mean" : 0.000000,
          "stddev" : 0.000000,
          "N" : 0
        }
      },
      "job_runtime" : 7000,
      "usr_cpu" : 14.085714,
      "sys_cpu" : 57.100000,
      "ctx" : 284692,
      "majf" : 0,
      "minf" : 1,
      "iodepth_level" : {
        "1" : 0.000000,
        "2" : 0.000000,
        "4" : 100.000000,
        "8" : 0.000000,
        "16" : 0.000000,
        "32" : 0.000000,
        ">=64" : 0.000000
      },
      "iodepth_submit" : {
        "0" : 0.000000,
        "4" : 100.000000,
        "8" : 0.000000,
        "16" : 0.000000,
        "32" : 0.000000,
        "64" : 0.000000,
        ">=64" : 0.000000
      },
      "iodepth_complete" : {
        "0" : 0.000000,
        "4" : 100.000000,
        "8" : 0.000000,
        "16" : 0.000000,
        "32" : 0.000000,
        "64" : 0.000000,
        ">=64" : 0.000000
      },
      "latency_ns" : {
        "2" : 0.000000,
        "4" : 0.000000,
        "10" : 0.000000,
        "20" : 0.000000,
        "50" : 0.000000,
        "100" : 0.000000,
        "250" : 0.000000,
        "500" : 0.000000,
        "750" : 0.000000,
        "1000" : 0.000000
      },
      "latency_us" : {
        "2" : 0.000000,
        "4" : 0.010000,
        "10" : 0.010000,
        "20" : 21.244273,
        "50" : 78.183339,
        "100" : 0.536839,
        "250" : 0.034915,
        "500" : 0.000000,
        "750" : 0.000000,
        "1000" : 0.000000
      },
      "latency_ms" : {
        "2" : 0.000000,
        "4" : 0.000000,
        "10" : 0.000000,
        "20" : 0.000000,
        "50" : 0.000000,
        "100" : 0.000000,
        "250" : 0.000000,
        "500" : 0.000000,
        "750" : 0.000000,
        "1000" : 0.000000,
        "2000" : 0.000000,
        ">=2000" : 0.000000
      },
      "latency_depth" : 4,
      "latency_target" : 0,
      "latency_percentile" : 100.000000,
      "latency_window" : 0
    }
  ],
  "disk_util" : [
    {
      "name" : "nvme0n1",
      "read_ios" : 1564440,
      "write_ios" : 0,
      "read_merges" : 0,
      "write_merges" : 0,
      "read_ticks" : 23344,
      "write_ticks" : 0,
      "in_queue" : 23344,
      "util" : 99.108381
    }
  ]
}

io_uring-reference: (groupid=0, jobs=1): err= 0: pid=87740: Tue Oct 25 23:41:42 2022
  read: IOPS=158k, BW=617MiB/s (647MB/s)(4319MiB/7001msec)
    slat (nsec): min=2275, max=119033, avg=2745.67, stdev=595.15
    clat (usec): min=3, max=138, avg=22.05, stdev= 5.28
     lat (usec): min=12, max=140, avg=24.80, stdev= 5.23
    clat percentiles (usec):
     |  1.00th=[   18],  5.00th=[   20], 10.00th=[   20], 20.00th=[   20],
     | 30.00th=[   21], 40.00th=[   21], 50.00th=[   22], 60.00th=[   22],
     | 70.00th=[   22], 80.00th=[   22], 90.00th=[   23], 95.00th=[   34],
     | 99.00th=[   48], 99.50th=[   51], 99.90th=[   80], 99.95th=[   94],
     | 99.99th=[  106]
   bw (  KiB/s): min=630016, max=633688, per=100.00%, avg=632033.14, stdev=1130.84, samples=14
   iops        : min=157504, max=158422, avg=158008.21, stdev=282.71, samples=14
  lat (usec)   : 4=0.01%, 10=0.01%, 20=21.24%, 50=78.18%, 100=0.54%
  lat (usec)   : 250=0.03%
  cpu          : usr=14.09%, sys=57.10%, ctx=284692, majf=0, minf=1
  IO depths    : 1=0.0%, 2=0.0%, 4=100.0%, 8=0.0%, 16=0.0%, 32=0.0%, >=64=0.0%
     submit    : 0=0.0%, 4=100.0%, 8=0.0%, 16=0.0%, 32=0.0%, 64=0.0%, >=64=0.0%
     complete  : 0=0.0%, 4=100.0%, 8=0.0%, 16=0.0%, 32=0.0%, 64=0.0%, >=64=0.0%
     issued rwts: total=1105545,0,0,0 short=0,0,0,0 dropped=0,0,0,0
     latency   : target=0, window=0, percentile=100.00%, depth=4

Run status group 0 (all jobs):
   READ: bw=617MiB/s (647MB/s), 617MiB/s-617MiB/s (647MB/s-647MB/s), io=4319MiB (4528MB), run=7001-7001msec

Disk stats (read/write):
  nvme0n1: ios=1564440/0, merge=0/0, ticks=23344/0, in_queue=23344, util=99.11%
