libaio-bdev_xnvme: (g=0): rw=randread, bs=(R) 4096B-4096B, (W) 4096B-4096B, (T) 4096B-4096B, ioengine=spdk_bdev, iodepth=2
fio-3.32-dirty
Starting 1 thread
{
  "fio version" : "fio-3.32-dirty",
  "timestamp" : 1666733862,
  "timestamp_ms" : 1666733862396,
  "time" : "Tue Oct 25 23:37:42 2022",
  "jobs" : [
    {
      "jobname" : "libaio-bdev_xnvme",
      "groupid" : 0,
      "error" : 0,
      "eta" : 0,
      "elapsed" : 11,
      "job options" : {
        "name" : "libaio-bdev_xnvme",
        "rw" : "randread",
        "size" : "12G",
        "iodepth" : "2",
        "bs" : "4K",
        "direct" : "1",
        "thread" : "1",
        "time_based" : "1",
        "runtime" : "7",
        "ramp_time" : "3",
        "norandommap" : "1",
        "allow_file_create" : "0",
        "ioengine" : "spdk_bdev",
        "spdk_conf" : "/tmp/spdk_bdev_xnvme_libaio.conf",
        "filename" : "Nvme0n1"
      },
      "read" : {
        "io_bytes" : 3758456832,
        "io_kbytes" : 3670368,
        "bw_bytes" : 536845712,
        "bw" : 524263,
        "iops" : 131065.704899,
        "runtime" : 7001,
        "total_ios" : 917591,
        "short_ios" : 0,
        "drop_ios" : 0,
        "slat_ns" : {
          "min" : 1542,
          "max" : 1290761,
          "mean" : 1616.681889,
          "stddev" : 1355.420376,
          "N" : 917592
        },
        "clat_ns" : {
          "min" : 691,
          "max" : 1291843,
          "mean" : 12424.666600,
          "stddev" : 3999.828740,
          "N" : 917592,
          "percentile" : {
            "1.000000" : 10560,
            "5.000000" : 10560,
            "10.000000" : 10688,
            "20.000000" : 10816,
            "30.000000" : 10944,
            "40.000000" : 10944,
            "50.000000" : 12352,
            "60.000000" : 12480,
            "70.000000" : 12608,
            "80.000000" : 12736,
            "90.000000" : 12736,
            "95.000000" : 13376,
            "99.000000" : 29824,
            "99.500000" : 37120,
            "99.900000" : 50944,
            "99.950000" : 63744,
            "99.990000" : 75264
          }
        },
        "lat_ns" : {
          "min" : 9447,
          "max" : 1294137,
          "mean" : 14041.348489,
          "stddev" : 4225.469205,
          "N" : 917592
        },
        "bw_min" : 523344,
        "bw_max" : 524897,
        "bw_agg" : 100.000000,
        "bw_mean" : 524383.500000,
        "bw_dev" : 486.058995,
        "bw_samples" : 14,
        "iops_min" : 130836,
        "iops_max" : 131224,
        "iops_mean" : 131095.857143,
        "iops_stddev" : 121.494449,
        "iops_samples" : 14
      },
      "write" : {
        "io_bytes" : 0,
        "io_kbytes" : 0,
        "bw_bytes" : 0,
        "bw" : 0,
        "iops" : 0.000000,
        "runtime" : 0,
        "total_ios" : 0,
        "short_ios" : 0,
        "drop_ios" : 0,
        "slat_ns" : {
          "min" : 0,
          "max" : 0,
          "mean" : 0.000000,
          "stddev" : 0.000000,
          "N" : 0
        },
        "clat_ns" : {
          "min" : 0,
          "max" : 0,
          "mean" : 0.000000,
          "stddev" : 0.000000,
          "N" : 0
        },
        "lat_ns" : {
          "min" : 0,
          "max" : 0,
          "mean" : 0.000000,
          "stddev" : 0.000000,
          "N" : 0
        },
        "bw_min" : 0,
        "bw_max" : 0,
        "bw_agg" : 0.000000,
        "bw_mean" : 0.000000,
        "bw_dev" : 0.000000,
        "bw_samples" : 0,
        "iops_min" : 0,
        "iops_max" : 0,
        "iops_mean" : 0.000000,
        "iops_stddev" : 0.000000,
        "iops_samples" : 0
      },
      "trim" : {
        "io_bytes" : 0,
        "io_kbytes" : 0,
        "bw_bytes" : 0,
        "bw" : 0,
        "iops" : 0.000000,
        "runtime" : 0,
        "total_ios" : 0,
        "short_ios" : 0,
        "drop_ios" : 0,
        "slat_ns" : {
          "min" : 0,
          "max" : 0,
          "mean" : 0.000000,
          "stddev" : 0.000000,
          "N" : 0
        },
        "clat_ns" : {
          "min" : 0,
          "max" : 0,
          "mean" : 0.000000,
          "stddev" : 0.000000,
          "N" : 0
        },
        "lat_ns" : {
          "min" : 0,
          "max" : 0,
          "mean" : 0.000000,
          "stddev" : 0.000000,
          "N" : 0
        },
        "bw_min" : 0,
        "bw_max" : 0,
        "bw_agg" : 0.000000,
        "bw_mean" : 0.000000,
        "bw_dev" : 0.000000,
        "bw_samples" : 0,
        "iops_min" : 0,
        "iops_max" : 0,
        "iops_mean" : 0.000000,
        "iops_stddev" : 0.000000,
        "iops_samples" : 0
      },
      "sync" : {
        "total_ios" : 0,
        "lat_ns" : {
          "min" : 0,
          "max" : 0,
          "mean" : 0.000000,
          "stddev" : 0.000000,
          "N" : 0
        }
      },
      "job_runtime" : 7000,
      "usr_cpu" : 32.271429,
      "sys_cpu" : 67.685714,
      "ctx" : 43,
      "majf" : 0,
      "minf" : 0,
      "iodepth_level" : {
        "1" : 49.985451,
        "2" : 50.014549,
        "4" : 0.000000,
        "8" : 0.000000,
        "16" : 0.000000,
        "32" : 0.000000,
        ">=64" : 0.000000
      },
      "iodepth_submit" : {
        "0" : 0.000000,
        "4" : 100.000000,
        "8" : 0.000000,
        "16" : 0.000000,
        "32" : 0.000000,
        "64" : 0.000000,
        ">=64" : 0.000000
      },
      "iodepth_complete" : {
        "0" : 0.000000,
        "4" : 100.000000,
        "8" : 0.000000,
        "16" : 0.000000,
        "32" : 0.000000,
        "64" : 0.000000,
        ">=64" : 0.000000
      },
      "latency_ns" : {
        "2" : 0.000000,
        "4" : 0.000000,
        "10" : 0.000000,
        "20" : 0.000000,
        "50" : 0.000000,
        "100" : 0.000000,
        "250" : 0.000000,
        "500" : 0.000000,
        "750" : 0.010000,
        "1000" : 0.010000
      },
      "latency_us" : {
        "2" : 0.000000,
        "4" : 0.010000,
        "10" : 0.042394,
        "20" : 96.514896,
        "50" : 3.329261,
        "100" : 0.110616,
        "250" : 0.010000,
        "500" : 0.000000,
        "750" : 0.000000,
        "1000" : 0.000000
      },
      "latency_ms" : {
        "2" : 0.010000,
        "4" : 0.000000,
        "10" : 0.000000,
        "20" : 0.000000,
        "50" : 0.000000,
        "100" : 0.000000,
        "250" : 0.000000,
        "500" : 0.000000,
        "750" : 0.000000,
        "1000" : 0.000000,
        "2000" : 0.000000,
        ">=2000" : 0.000000
      },
      "latency_depth" : 2,
      "latency_target" : 0,
      "latency_percentile" : 100.000000,
      "latency_window" : 0
    }
  ]
}

libaio-bdev_xnvme: (groupid=0, jobs=1): err= 0: pid=87024: Tue Oct 25 23:37:42 2022
  read: IOPS=131k, BW=512MiB/s (537MB/s)(3584MiB/7001msec)
    slat (nsec): min=1542, max=1290.8k, avg=1616.68, stdev=1355.42
    clat (nsec): min=691, max=1291.8k, avg=12424.67, stdev=3999.83
     lat (usec): min=9, max=1294, avg=14.04, stdev= 4.23
    clat percentiles (nsec):
     |  1.00th=[10560],  5.00th=[10560], 10.00th=[10688], 20.00th=[10816],
     | 30.00th=[10944], 40.00th=[10944], 50.00th=[12352], 60.00th=[12480],
     | 70.00th=[12608], 80.00th=[12736], 90.00th=[12736], 95.00th=[13376],
     | 99.00th=[29824], 99.50th=[37120], 99.90th=[50944], 99.95th=[63744],
     | 99.99th=[75264]
   bw (  KiB/s): min=523344, max=524897, per=100.00%, avg=524383.50, stdev=486.06, samples=14
   iops        : min=130836, max=131224, avg=131095.86, stdev=121.49, samples=14
  lat (nsec)   : 750=0.01%, 1000=0.01%
  lat (usec)   : 4=0.01%, 10=0.04%, 20=96.51%, 50=3.33%, 100=0.11%
  lat (usec)   : 250=0.01%
  lat (msec)   : 2=0.01%
  cpu          : usr=32.27%, sys=67.69%, ctx=43, majf=0, minf=0
  IO depths    : 1=50.0%, 2=50.0%, 4=0.0%, 8=0.0%, 16=0.0%, 32=0.0%, >=64=0.0%
     submit    : 0=0.0%, 4=100.0%, 8=0.0%, 16=0.0%, 32=0.0%, 64=0.0%, >=64=0.0%
     complete  : 0=0.0%, 4=100.0%, 8=0.0%, 16=0.0%, 32=0.0%, 64=0.0%, >=64=0.0%
     issued rwts: total=917591,0,0,0 short=0,0,0,0 dropped=0,0,0,0
     latency   : target=0, window=0, percentile=100.00%, depth=2

Run status group 0 (all jobs):
   READ: bw=512MiB/s (537MB/s), 512MiB/s-512MiB/s (537MB/s-537MB/s), io=3584MiB (3758MB), run=7001-7001msec
