io_uring-bdev_xnvme: (g=0): rw=randread, bs=(R) 512B-512B, (W) 512B-512B, (T) 512B-512B, ioengine=spdk_bdev, iodepth=1
fio-3.32-75-gc470
Starting 1 thread
{
  "fio version" : "fio-3.32-75-gc470",
  "timestamp" : 1666802063,
  "timestamp_ms" : 1666802063466,
  "time" : "Wed Oct 26 18:34:23 2022",
  "jobs" : [
    {
      "jobname" : "io_uring-bdev_xnvme",
      "groupid" : 0,
      "error" : 0,
      "eta" : 0,
      "elapsed" : 11,
      "job options" : {
        "name" : "io_uring-bdev_xnvme",
        "rw" : "randread",
        "size" : "12G",
        "iodepth" : "1",
        "bs" : "512",
        "direct" : "1",
        "thread" : "1",
        "time_based" : "1",
        "runtime" : "7",
        "ramp_time" : "3",
        "norandommap" : "1",
        "allow_file_create" : "0",
        "ioengine" : "spdk_bdev",
        "spdk_conf" : "/tmp/spdk_bdev_xnvme_io_uring.conf",
        "filename" : "Nvme0n1",
        "cpus_allowed" : "1"
      },
      "read" : {
        "io_bytes" : 654644224,
        "io_kbytes" : 639301,
        "bw_bytes" : 93507245,
        "bw" : 91315,
        "iops" : 182631.338380,
        "runtime" : 7001,
        "total_ios" : 1278602,
        "short_ios" : 0,
        "drop_ios" : 0,
        "slat_ns" : {
          "min" : 1553,
          "max" : 26970,
          "mean" : 1611.163382,
          "stddev" : 122.598171,
          "N" : 1278602
        },
        "clat_ns" : {
          "min" : 271,
          "max" : 82956,
          "mean" : 3636.016766,
          "stddev" : 1049.134135,
          "N" : 1278602,
          "percentile" : {
            "1.000000" : 3440,
            "5.000000" : 3472,
            "10.000000" : 3472,
            "20.000000" : 3472,
            "30.000000" : 3472,
            "40.000000" : 3472,
            "50.000000" : 3504,
            "60.000000" : 3504,
            "70.000000" : 3536,
            "80.000000" : 3536,
            "90.000000" : 3568,
            "95.000000" : 3696,
            "99.000000" : 9536,
            "99.500000" : 10048,
            "99.900000" : 11456,
            "99.950000" : 11968,
            "99.990000" : 57088
          }
        },
        "lat_ns" : {
          "min" : 4999,
          "max" : 84579,
          "mean" : 5247.180148,
          "stddev" : 1056.273920,
          "N" : 1278602
        },
        "bw_min" : 91066,
        "bw_max" : 91596,
        "bw_agg" : 100.000000,
        "bw_mean" : 91338.357143,
        "bw_dev" : 139.388007,
        "bw_samples" : 14,
        "iops_min" : 182132,
        "iops_max" : 183192,
        "iops_mean" : 182676.714286,
        "iops_stddev" : 278.776014,
        "iops_samples" : 14
      },
      "write" : {
        "io_bytes" : 0,
        "io_kbytes" : 0,
        "bw_bytes" : 0,
        "bw" : 0,
        "iops" : 0.000000,
        "runtime" : 0,
        "total_ios" : 0,
        "short_ios" : 0,
        "drop_ios" : 0,
        "slat_ns" : {
          "min" : 0,
          "max" : 0,
          "mean" : 0.000000,
          "stddev" : 0.000000,
          "N" : 0
        },
        "clat_ns" : {
          "min" : 0,
          "max" : 0,
          "mean" : 0.000000,
          "stddev" : 0.000000,
          "N" : 0
        },
        "lat_ns" : {
          "min" : 0,
          "max" : 0,
          "mean" : 0.000000,
          "stddev" : 0.000000,
          "N" : 0
        },
        "bw_min" : 0,
        "bw_max" : 0,
        "bw_agg" : 0.000000,
        "bw_mean" : 0.000000,
        "bw_dev" : 0.000000,
        "bw_samples" : 0,
        "iops_min" : 0,
        "iops_max" : 0,
        "iops_mean" : 0.000000,
        "iops_stddev" : 0.000000,
        "iops_samples" : 0
      },
      "trim" : {
        "io_bytes" : 0,
        "io_kbytes" : 0,
        "bw_bytes" : 0,
        "bw" : 0,
        "iops" : 0.000000,
        "runtime" : 0,
        "total_ios" : 0,
        "short_ios" : 0,
        "drop_ios" : 0,
        "slat_ns" : {
          "min" : 0,
          "max" : 0,
          "mean" : 0.000000,
          "stddev" : 0.000000,
          "N" : 0
        },
        "clat_ns" : {
          "min" : 0,
          "max" : 0,
          "mean" : 0.000000,
          "stddev" : 0.000000,
          "N" : 0
        },
        "lat_ns" : {
          "min" : 0,
          "max" : 0,
          "mean" : 0.000000,
          "stddev" : 0.000000,
          "N" : 0
        },
        "bw_min" : 0,
        "bw_max" : 0,
        "bw_agg" : 0.000000,
        "bw_mean" : 0.000000,
        "bw_dev" : 0.000000,
        "bw_samples" : 0,
        "iops_min" : 0,
        "iops_max" : 0,
        "iops_mean" : 0.000000,
        "iops_stddev" : 0.000000,
        "iops_samples" : 0
      },
      "sync" : {
        "total_ios" : 0,
        "lat_ns" : {
          "min" : 0,
          "max" : 0,
          "mean" : 0.000000,
          "stddev" : 0.000000,
          "N" : 0
        }
      },
      "job_runtime" : 7000,
      "usr_cpu" : 16.328571,
      "sys_cpu" : 83.642857,
      "ctx" : 23,
      "majf" : 0,
      "minf" : 0,
      "iodepth_level" : {
        "1" : 100.000000,
        "2" : 0.000000,
        "4" : 0.000000,
        "8" : 0.000000,
        "16" : 0.000000,
        "32" : 0.000000,
        ">=64" : 0.000000
      },
      "iodepth_submit" : {
        "0" : 0.000000,
        "4" : 100.000000,
        "8" : 0.000000,
        "16" : 0.000000,
        "32" : 0.000000,
        "64" : 0.000000,
        ">=64" : 0.000000
      },
      "iodepth_complete" : {
        "0" : 0.000000,
        "4" : 100.000000,
        "8" : 0.000000,
        "16" : 0.000000,
        "32" : 0.000000,
        "64" : 0.000000,
        ">=64" : 0.000000
      },
      "latency_ns" : {
        "2" : 0.000000,
        "4" : 0.000000,
        "10" : 0.000000,
        "20" : 0.000000,
        "50" : 0.000000,
        "100" : 0.000000,
        "250" : 0.000000,
        "500" : 0.010000,
        "750" : 0.000000,
        "1000" : 0.000000
      },
      "latency_us" : {
        "2" : 0.013530,
        "4" : 97.422028,
        "10" : 1.907005,
        "20" : 0.638353,
        "50" : 0.010000,
        "100" : 0.012514,
        "250" : 0.000000,
        "500" : 0.000000,
        "750" : 0.000000,
        "1000" : 0.000000
      },
      "latency_ms" : {
        "2" : 0.000000,
        "4" : 0.000000,
        "10" : 0.000000,
        "20" : 0.000000,
        "50" : 0.000000,
        "100" : 0.000000,
        "250" : 0.000000,
        "500" : 0.000000,
        "750" : 0.000000,
        "1000" : 0.000000,
        "2000" : 0.000000,
        ">=2000" : 0.000000
      },
      "latency_depth" : 1,
      "latency_target" : 0,
      "latency_percentile" : 100.000000,
      "latency_window" : 0
    }
  ]
}

io_uring-bdev_xnvme: (groupid=0, jobs=1): err= 0: pid=45444: Wed Oct 26 18:34:23 2022
  read: IOPS=183k, BW=89.2MiB/s (93.5MB/s)(624MiB/7001msec)
    slat (nsec): min=1553, max=26970, avg=1611.16, stdev=122.60
    clat (nsec): min=271, max=82956, avg=3636.02, stdev=1049.13
     lat (nsec): min=4999, max=84579, avg=5247.18, stdev=1056.27
    clat percentiles (nsec):
     |  1.00th=[ 3440],  5.00th=[ 3472], 10.00th=[ 3472], 20.00th=[ 3472],
     | 30.00th=[ 3472], 40.00th=[ 3472], 50.00th=[ 3504], 60.00th=[ 3504],
     | 70.00th=[ 3536], 80.00th=[ 3536], 90.00th=[ 3568], 95.00th=[ 3696],
     | 99.00th=[ 9536], 99.50th=[10048], 99.90th=[11456], 99.95th=[11968],
     | 99.99th=[57088]
   bw (  KiB/s): min=91066, max=91596, per=100.00%, avg=91338.36, stdev=139.39, samples=14
   iops        : min=182132, max=183192, avg=182676.71, stdev=278.78, samples=14
  lat (nsec)   : 500=0.01%
  lat (usec)   : 2=0.01%, 4=97.42%, 10=1.91%, 20=0.64%, 50=0.01%
  lat (usec)   : 100=0.01%
  cpu          : usr=16.33%, sys=83.64%, ctx=23, majf=0, minf=0
  IO depths    : 1=100.0%, 2=0.0%, 4=0.0%, 8=0.0%, 16=0.0%, 32=0.0%, >=64=0.0%
     submit    : 0=0.0%, 4=100.0%, 8=0.0%, 16=0.0%, 32=0.0%, 64=0.0%, >=64=0.0%
     complete  : 0=0.0%, 4=100.0%, 8=0.0%, 16=0.0%, 32=0.0%, 64=0.0%, >=64=0.0%
     issued rwts: total=1278602,0,0,0 short=0,0,0,0 dropped=0,0,0,0
     latency   : target=0, window=0, percentile=100.00%, depth=1

Run status group 0 (all jobs):
   READ: bw=89.2MiB/s (93.5MB/s), 89.2MiB/s-89.2MiB/s (93.5MB/s-93.5MB/s), io=624MiB (655MB), run=7001-7001msec
