io_uring-xnvme: (g=0): rw=randread, bs=(R) 512B-512B, (W) 512B-512B, (T) 512B-512B, ioengine=xnvme, iodepth=1
fio-3.32-75-gc470
Starting 1 thread
{
  "fio version" : "fio-3.32-75-gc470",
  "timestamp" : 1666802077,
  "timestamp_ms" : 1666802077107,
  "time" : "Wed Oct 26 18:34:37 2022",
  "jobs" : [
    {
      "jobname" : "io_uring-xnvme",
      "groupid" : 0,
      "error" : 0,
      "eta" : 0,
      "elapsed" : 11,
      "job options" : {
        "name" : "io_uring-xnvme",
        "rw" : "randread",
        "size" : "12G",
        "iodepth" : "1",
        "bs" : "512",
        "direct" : "1",
        "thread" : "1",
        "time_based" : "1",
        "runtime" : "7",
        "ramp_time" : "3",
        "norandommap" : "1",
        "allow_file_create" : "0",
        "ioengine" : "external:/usr/local/lib/x86_64-linux-gnu/libxnvme-fio-engine.so",
        "xnvme_be" : "linux",
        "xnvme_async" : "io_uring",
        "xnvme_sync" : "nvme",
        "xnvme_admin" : "nvme",
        "xnvme_dev_nsid" : "1",
        "filename" : "/dev/nvme0n1",
        "cpus_allowed" : "1"
      },
      "read" : {
        "io_bytes" : 285710848,
        "io_kbytes" : 279014,
        "bw_bytes" : 40810005,
        "bw" : 39853,
        "iops" : 79707.041851,
        "runtime" : 7001,
        "total_ios" : 558029,
        "short_ios" : 0,
        "drop_ios" : 0,
        "slat_ns" : {
          "min" : 1954,
          "max" : 29775,
          "mean" : 2497.067419,
          "stddev" : 215.921213,
          "N" : 558029
        },
        "clat_ns" : {
          "min" : 161,
          "max" : 95820,
          "mean" : 9742.816307,
          "stddev" : 1141.996564,
          "N" : 558029,
          "percentile" : {
            "1.000000" : 9152,
            "5.000000" : 9280,
            "10.000000" : 9408,
            "20.000000" : 9408,
            "30.000000" : 9536,
            "40.000000" : 9536,
            "50.000000" : 9536,
            "60.000000" : 9664,
            "70.000000" : 9664,
            "80.000000" : 9792,
            "90.000000" : 9792,
            "95.000000" : 9920,
            "99.000000" : 15808,
            "99.500000" : 16320,
            "99.900000" : 17792,
            "99.950000" : 21120,
            "99.990000" : 57088
          }
        },
        "lat_ns" : {
          "min" : 9488,
          "max" : 98475,
          "mean" : 12239.883726,
          "stddev" : 1162.511171,
          "N" : 558029
        },
        "bw_min" : 39798,
        "bw_max" : 39967,
        "bw_agg" : 100.000000,
        "bw_mean" : 39860.928571,
        "bw_dev" : 55.678285,
        "bw_samples" : 14,
        "iops_min" : 79596,
        "iops_max" : 79934,
        "iops_mean" : 79721.928571,
        "iops_stddev" : 111.474360,
        "iops_samples" : 14
      },
      "write" : {
        "io_bytes" : 0,
        "io_kbytes" : 0,
        "bw_bytes" : 0,
        "bw" : 0,
        "iops" : 0.000000,
        "runtime" : 0,
        "total_ios" : 0,
        "short_ios" : 0,
        "drop_ios" : 0,
        "slat_ns" : {
          "min" : 0,
          "max" : 0,
          "mean" : 0.000000,
          "stddev" : 0.000000,
          "N" : 0
        },
        "clat_ns" : {
          "min" : 0,
          "max" : 0,
          "mean" : 0.000000,
          "stddev" : 0.000000,
          "N" : 0
        },
        "lat_ns" : {
          "min" : 0,
          "max" : 0,
          "mean" : 0.000000,
          "stddev" : 0.000000,
          "N" : 0
        },
        "bw_min" : 0,
        "bw_max" : 0,
        "bw_agg" : 0.000000,
        "bw_mean" : 0.000000,
        "bw_dev" : 0.000000,
        "bw_samples" : 0,
        "iops_min" : 0,
        "iops_max" : 0,
        "iops_mean" : 0.000000,
        "iops_stddev" : 0.000000,
        "iops_samples" : 0
      },
      "trim" : {
        "io_bytes" : 0,
        "io_kbytes" : 0,
        "bw_bytes" : 0,
        "bw" : 0,
        "iops" : 0.000000,
        "runtime" : 0,
        "total_ios" : 0,
        "short_ios" : 0,
        "drop_ios" : 0,
        "slat_ns" : {
          "min" : 0,
          "max" : 0,
          "mean" : 0.000000,
          "stddev" : 0.000000,
          "N" : 0
        },
        "clat_ns" : {
          "min" : 0,
          "max" : 0,
          "mean" : 0.000000,
          "stddev" : 0.000000,
          "N" : 0
        },
        "lat_ns" : {
          "min" : 0,
          "max" : 0,
          "mean" : 0.000000,
          "stddev" : 0.000000,
          "N" : 0
        },
        "bw_min" : 0,
        "bw_max" : 0,
        "bw_agg" : 0.000000,
        "bw_mean" : 0.000000,
        "bw_dev" : 0.000000,
        "bw_samples" : 0,
        "iops_min" : 0,
        "iops_max" : 0,
        "iops_mean" : 0.000000,
        "iops_stddev" : 0.000000,
        "iops_samples" : 0
      },
      "sync" : {
        "total_ios" : 0,
        "lat_ns" : {
          "min" : 0,
          "max" : 0,
          "mean" : 0.000000,
          "stddev" : 0.000000,
          "N" : 0
        }
      },
      "job_runtime" : 7000,
      "usr_cpu" : 6.185714,
      "sys_cpu" : 37.757143,
      "ctx" : 558003,
      "majf" : 0,
      "minf" : 0,
      "iodepth_level" : {
        "1" : 100.000000,
        "2" : 0.000000,
        "4" : 0.000000,
        "8" : 0.000000,
        "16" : 0.000000,
        "32" : 0.000000,
        ">=64" : 0.000000
      },
      "iodepth_submit" : {
        "0" : 0.000000,
        "4" : 100.000000,
        "8" : 0.000000,
        "16" : 0.000000,
        "32" : 0.000000,
        "64" : 0.000000,
        ">=64" : 0.000000
      },
      "iodepth_complete" : {
        "0" : 0.000000,
        "4" : 100.000000,
        "8" : 0.000000,
        "16" : 0.000000,
        "32" : 0.000000,
        "64" : 0.000000,
        ">=64" : 0.000000
      },
      "latency_ns" : {
        "2" : 0.000000,
        "4" : 0.000000,
        "10" : 0.000000,
        "20" : 0.000000,
        "50" : 0.000000,
        "100" : 0.000000,
        "250" : 0.010000,
        "500" : 0.010000,
        "750" : 0.000000,
        "1000" : 0.000000
      },
      "latency_us" : {
        "2" : 0.000000,
        "4" : 0.010000,
        "10" : 96.163103,
        "20" : 3.772385,
        "50" : 0.046593,
        "100" : 0.015411,
        "250" : 0.000000,
        "500" : 0.000000,
        "750" : 0.000000,
        "1000" : 0.000000
      },
      "latency_ms" : {
        "2" : 0.000000,
        "4" : 0.000000,
        "10" : 0.000000,
        "20" : 0.000000,
        "50" : 0.000000,
        "100" : 0.000000,
        "250" : 0.000000,
        "500" : 0.000000,
        "750" : 0.000000,
        "1000" : 0.000000,
        "2000" : 0.000000,
        ">=2000" : 0.000000
      },
      "latency_depth" : 1,
      "latency_target" : 0,
      "latency_percentile" : 100.000000,
      "latency_window" : 0
    }
  ]
}

io_uring-xnvme: (groupid=0, jobs=1): err= 0: pid=45491: Wed Oct 26 18:34:37 2022
  read: IOPS=79.7k, BW=38.9MiB/s (40.8MB/s)(272MiB/7001msec)
    slat (nsec): min=1954, max=29775, avg=2497.07, stdev=215.92
    clat (nsec): min=161, max=95820, avg=9742.82, stdev=1142.00
     lat (nsec): min=9488, max=98475, avg=12239.88, stdev=1162.51
    clat percentiles (nsec):
     |  1.00th=[ 9152],  5.00th=[ 9280], 10.00th=[ 9408], 20.00th=[ 9408],
     | 30.00th=[ 9536], 40.00th=[ 9536], 50.00th=[ 9536], 60.00th=[ 9664],
     | 70.00th=[ 9664], 80.00th=[ 9792], 90.00th=[ 9792], 95.00th=[ 9920],
     | 99.00th=[15808], 99.50th=[16320], 99.90th=[17792], 99.95th=[21120],
     | 99.99th=[57088]
   bw (  KiB/s): min=39798, max=39967, per=100.00%, avg=39860.93, stdev=55.68, samples=14
   iops        : min=79596, max=79934, avg=79721.93, stdev=111.47, samples=14
  lat (nsec)   : 250=0.01%, 500=0.01%
  lat (usec)   : 4=0.01%, 10=96.16%, 20=3.77%, 50=0.05%, 100=0.02%
  cpu          : usr=6.19%, sys=37.76%, ctx=558003, majf=0, minf=0
  IO depths    : 1=100.0%, 2=0.0%, 4=0.0%, 8=0.0%, 16=0.0%, 32=0.0%, >=64=0.0%
     submit    : 0=0.0%, 4=100.0%, 8=0.0%, 16=0.0%, 32=0.0%, 64=0.0%, >=64=0.0%
     complete  : 0=0.0%, 4=100.0%, 8=0.0%, 16=0.0%, 32=0.0%, 64=0.0%, >=64=0.0%
     issued rwts: total=558029,0,0,0 short=0,0,0,0 dropped=0,0,0,0
     latency   : target=0, window=0, percentile=100.00%, depth=1

Run status group 0 (all jobs):
   READ: bw=38.9MiB/s (40.8MB/s), 38.9MiB/s-38.9MiB/s (40.8MB/s-40.8MB/s), io=272MiB (286MB), run=7001-7001msec
