libaio-xnvme: (g=0): rw=randread, bs=(R) 512B-512B, (W) 512B-512B, (T) 512B-512B, ioengine=xnvme, iodepth=1
fio-3.32-75-gc470
Starting 1 thread
{
  "fio version" : "fio-3.32-75-gc470",
  "timestamp" : 1667184469,
  "timestamp_ms" : 1667184469058,
  "time" : "Sun Oct 30 21:47:49 2022",
  "jobs" : [
    {
      "jobname" : "libaio-xnvme",
      "groupid" : 0,
      "error" : 0,
      "eta" : 0,
      "elapsed" : 11,
      "job options" : {
        "name" : "libaio-xnvme",
        "rw" : "randread",
        "size" : "12G",
        "iodepth" : "1",
        "bs" : "512",
        "direct" : "1",
        "thread" : "1",
        "time_based" : "1",
        "runtime" : "7",
        "ramp_time" : "3",
        "norandommap" : "1",
        "allow_file_create" : "0",
        "ioengine" : "external:/usr/local/lib/x86_64-linux-gnu/libxnvme-fio-engine.so",
        "xnvme_be" : "linux",
        "xnvme_async" : "libaio",
        "xnvme_sync" : "nvme",
        "xnvme_admin" : "nvme",
        "xnvme_dev_nsid" : "1",
        "filename" : "/dev/nvme0n1",
        "cpus_allowed" : "1"
      },
      "read" : {
        "io_bytes" : 329747968,
        "io_kbytes" : 322019,
        "bw_bytes" : 47100123,
        "bw" : 45996,
        "iops" : 91992.429653,
        "runtime" : 7001,
        "total_ios" : 644039,
        "short_ios" : 0,
        "drop_ios" : 0,
        "slat_ns" : {
          "min" : 759,
          "max" : 3389,
          "mean" : 843.738452,
          "stddev" : 31.007935,
          "N" : 644039
        },
        "clat_ns" : {
          "min" : 7584,
          "max" : 12561,
          "mean" : 9833.032917,
          "stddev" : 141.407090,
          "N" : 644039,
          "percentile" : {
            "1.000000" : 9536,
            "5.000000" : 9536,
            "10.000000" : 9664,
            "20.000000" : 9664,
            "30.000000" : 9792,
            "40.000000" : 9792,
            "50.000000" : 9792,
            "60.000000" : 9920,
            "70.000000" : 9920,
            "80.000000" : 9920,
            "90.000000" : 10048,
            "95.000000" : 10048,
            "99.000000" : 10176,
            "99.500000" : 10176,
            "99.900000" : 10304,
            "99.950000" : 10816,
            "99.990000" : 11712
          }
        },
        "lat_ns" : {
          "min" : 10077,
          "max" : 13381,
          "mean" : 10676.771369,
          "stddev" : 142.436937,
          "N" : 644039
        },
        "bw_min" : 45952,
        "bw_max" : 46138,
        "bw_agg" : 100.000000,
        "bw_mean" : 46018.785714,
        "bw_dev" : 55.610152,
        "bw_samples" : 14,
        "iops_min" : 91905,
        "iops_max" : 92276,
        "iops_mean" : 92037.642857,
        "iops_stddev" : 111.128205,
        "iops_samples" : 14
      },
      "write" : {
        "io_bytes" : 0,
        "io_kbytes" : 0,
        "bw_bytes" : 0,
        "bw" : 0,
        "iops" : 0.000000,
        "runtime" : 0,
        "total_ios" : 0,
        "short_ios" : 0,
        "drop_ios" : 0,
        "slat_ns" : {
          "min" : 0,
          "max" : 0,
          "mean" : 0.000000,
          "stddev" : 0.000000,
          "N" : 0
        },
        "clat_ns" : {
          "min" : 0,
          "max" : 0,
          "mean" : 0.000000,
          "stddev" : 0.000000,
          "N" : 0
        },
        "lat_ns" : {
          "min" : 0,
          "max" : 0,
          "mean" : 0.000000,
          "stddev" : 0.000000,
          "N" : 0
        },
        "bw_min" : 0,
        "bw_max" : 0,
        "bw_agg" : 0.000000,
        "bw_mean" : 0.000000,
        "bw_dev" : 0.000000,
        "bw_samples" : 0,
        "iops_min" : 0,
        "iops_max" : 0,
        "iops_mean" : 0.000000,
        "iops_stddev" : 0.000000,
        "iops_samples" : 0
      },
      "trim" : {
        "io_bytes" : 0,
        "io_kbytes" : 0,
        "bw_bytes" : 0,
        "bw" : 0,
        "iops" : 0.000000,
        "runtime" : 0,
        "total_ios" : 0,
        "short_ios" : 0,
        "drop_ios" : 0,
        "slat_ns" : {
          "min" : 0,
          "max" : 0,
          "mean" : 0.000000,
          "stddev" : 0.000000,
          "N" : 0
        },
        "clat_ns" : {
          "min" : 0,
          "max" : 0,
          "mean" : 0.000000,
          "stddev" : 0.000000,
          "N" : 0
        },
        "lat_ns" : {
          "min" : 0,
          "max" : 0,
          "mean" : 0.000000,
          "stddev" : 0.000000,
          "N" : 0
        },
        "bw_min" : 0,
        "bw_max" : 0,
        "bw_agg" : 0.000000,
        "bw_mean" : 0.000000,
        "bw_dev" : 0.000000,
        "bw_samples" : 0,
        "iops_min" : 0,
        "iops_max" : 0,
        "iops_mean" : 0.000000,
        "iops_stddev" : 0.000000,
        "iops_samples" : 0
      },
      "sync" : {
        "total_ios" : 0,
        "lat_ns" : {
          "min" : 0,
          "max" : 0,
          "mean" : 0.000000,
          "stddev" : 0.000000,
          "N" : 0
        }
      },
      "job_runtime" : 7000,
      "usr_cpu" : 5.800000,
      "sys_cpu" : 17.828571,
      "ctx" : 644039,
      "majf" : 0,
      "minf" : 0,
      "iodepth_level" : {
        "1" : 100.000000,
        "2" : 0.000000,
        "4" : 0.000000,
        "8" : 0.000000,
        "16" : 0.000000,
        "32" : 0.000000,
        ">=64" : 0.000000
      },
      "iodepth_submit" : {
        "0" : 0.000000,
        "4" : 100.000000,
        "8" : 0.000000,
        "16" : 0.000000,
        "32" : 0.000000,
        "64" : 0.000000,
        ">=64" : 0.000000
      },
      "iodepth_complete" : {
        "0" : 0.000000,
        "4" : 100.000000,
        "8" : 0.000000,
        "16" : 0.000000,
        "32" : 0.000000,
        "64" : 0.000000,
        ">=64" : 0.000000
      },
      "latency_ns" : {
        "2" : 0.000000,
        "4" : 0.000000,
        "10" : 0.000000,
        "20" : 0.000000,
        "50" : 0.000000,
        "100" : 0.000000,
        "250" : 0.000000,
        "500" : 0.000000,
        "750" : 0.000000,
        "1000" : 0.000000
      },
      "latency_us" : {
        "2" : 0.000000,
        "4" : 0.000000,
        "10" : 91.107837,
        "20" : 8.892163,
        "50" : 0.000000,
        "100" : 0.000000,
        "250" : 0.000000,
        "500" : 0.000000,
        "750" : 0.000000,
        "1000" : 0.000000
      },
      "latency_ms" : {
        "2" : 0.000000,
        "4" : 0.000000,
        "10" : 0.000000,
        "20" : 0.000000,
        "50" : 0.000000,
        "100" : 0.000000,
        "250" : 0.000000,
        "500" : 0.000000,
        "750" : 0.000000,
        "1000" : 0.000000,
        "2000" : 0.000000,
        ">=2000" : 0.000000
      },
      "latency_depth" : 1,
      "latency_target" : 0,
      "latency_percentile" : 100.000000,
      "latency_window" : 0
    }
  ]
}

libaio-xnvme: (groupid=0, jobs=1): err= 0: pid=58754: Sun Oct 30 21:47:49 2022
  read: IOPS=92.0k, BW=44.9MiB/s (47.1MB/s)(314MiB/7001msec)
    slat (nsec): min=759, max=3389, avg=843.74, stdev=31.01
    clat (nsec): min=7584, max=12561, avg=9833.03, stdev=141.41
     lat (nsec): min=10077, max=13381, avg=10676.77, stdev=142.44
    clat percentiles (nsec):
     |  1.00th=[ 9536],  5.00th=[ 9536], 10.00th=[ 9664], 20.00th=[ 9664],
     | 30.00th=[ 9792], 40.00th=[ 9792], 50.00th=[ 9792], 60.00th=[ 9920],
     | 70.00th=[ 9920], 80.00th=[ 9920], 90.00th=[10048], 95.00th=[10048],
     | 99.00th=[10176], 99.50th=[10176], 99.90th=[10304], 99.95th=[10816],
     | 99.99th=[11712]
   bw (  KiB/s): min=45952, max=46138, per=100.00%, avg=46018.79, stdev=55.61, samples=14
   iops        : min=91905, max=92276, avg=92037.64, stdev=111.13, samples=14
  lat (usec)   : 10=91.11%, 20=8.89%
  cpu          : usr=5.80%, sys=17.83%, ctx=644039, majf=0, minf=0
  IO depths    : 1=100.0%, 2=0.0%, 4=0.0%, 8=0.0%, 16=0.0%, 32=0.0%, >=64=0.0%
     submit    : 0=0.0%, 4=100.0%, 8=0.0%, 16=0.0%, 32=0.0%, 64=0.0%, >=64=0.0%
     complete  : 0=0.0%, 4=100.0%, 8=0.0%, 16=0.0%, 32=0.0%, 64=0.0%, >=64=0.0%
     issued rwts: total=644039,0,0,0 short=0,0,0,0 dropped=0,0,0,0
     latency   : target=0, window=0, percentile=100.00%, depth=1

Run status group 0 (all jobs):
   READ: bw=44.9MiB/s (47.1MB/s), 44.9MiB/s-44.9MiB/s (47.1MB/s-47.1MB/s), io=314MiB (330MB), run=7001-7001msec
