libaio-reference: (g=0): rw=randread, bs=(R) 512B-512B, (W) 512B-512B, (T) 512B-512B, ioengine=libaio, iodepth=128
fio-3.32-75-gc470
Starting 1 thread
{
  "fio version" : "fio-3.32-75-gc470",
  "timestamp" : 1667184595,
  "timestamp_ms" : 1667184595315,
  "time" : "Sun Oct 30 21:49:55 2022",
  "jobs" : [
    {
      "jobname" : "libaio-reference",
      "groupid" : 0,
      "error" : 0,
      "eta" : 0,
      "elapsed" : 11,
      "job options" : {
        "name" : "libaio-reference",
        "rw" : "randread",
        "size" : "12G",
        "iodepth" : "128",
        "bs" : "512",
        "direct" : "1",
        "thread" : "1",
        "time_based" : "1",
        "runtime" : "7",
        "ramp_time" : "3",
        "norandommap" : "1",
        "allow_file_create" : "0",
        "ioengine" : "libaio",
        "filename" : "/dev/nvme0n1",
        "cpus_allowed" : "1"
      },
      "read" : {
        "io_bytes" : 1978356736,
        "io_kbytes" : 1931989,
        "bw_bytes" : 282582021,
        "bw" : 275959,
        "iops" : 551899.728610,
        "runtime" : 7001,
        "total_ios" : 3863850,
        "short_ios" : 0,
        "drop_ios" : 0,
        "slat_ns" : {
          "min" : 654,
          "max" : 11390,
          "mean" : 1172.195990,
          "stddev" : 391.497520,
          "N" : 3863851
        },
        "clat_ns" : {
          "min" : 9627,
          "max" : 360041,
          "mean" : 230467.726663,
          "stddev" : 1763.068264,
          "N" : 3863977,
          "percentile" : {
            "1.000000" : 226304,
            "5.000000" : 228352,
            "10.000000" : 228352,
            "20.000000" : 230400,
            "30.000000" : 230400,
            "40.000000" : 230400,
            "50.000000" : 230400,
            "60.000000" : 230400,
            "70.000000" : 230400,
            "80.000000" : 232448,
            "90.000000" : 232448,
            "95.000000" : 232448,
            "99.000000" : 234496,
            "99.500000" : 234496,
            "99.900000" : 234496,
            "99.950000" : 236544,
            "99.990000" : 240640
          }
        },
        "lat_ns" : {
          "min" : 11090,
          "max" : 361396,
          "mean" : 231639.922512,
          "stddev" : 1753.956666,
          "N" : 3863977
        },
        "bw_min" : 275423,
        "bw_max" : 277099,
        "bw_agg" : 100.000000,
        "bw_mean" : 276079.461538,
        "bw_dev" : 598.390844,
        "bw_samples" : 13,
        "iops_min" : 550846,
        "iops_max" : 554198,
        "iops_mean" : 552159.000000,
        "iops_stddev" : 1196.633820,
        "iops_samples" : 13
      },
      "write" : {
        "io_bytes" : 0,
        "io_kbytes" : 0,
        "bw_bytes" : 0,
        "bw" : 0,
        "iops" : 0.000000,
        "runtime" : 0,
        "total_ios" : 0,
        "short_ios" : 0,
        "drop_ios" : 0,
        "slat_ns" : {
          "min" : 0,
          "max" : 0,
          "mean" : 0.000000,
          "stddev" : 0.000000,
          "N" : 0
        },
        "clat_ns" : {
          "min" : 0,
          "max" : 0,
          "mean" : 0.000000,
          "stddev" : 0.000000,
          "N" : 0
        },
        "lat_ns" : {
          "min" : 0,
          "max" : 0,
          "mean" : 0.000000,
          "stddev" : 0.000000,
          "N" : 0
        },
        "bw_min" : 0,
        "bw_max" : 0,
        "bw_agg" : 0.000000,
        "bw_mean" : 0.000000,
        "bw_dev" : 0.000000,
        "bw_samples" : 0,
        "iops_min" : 0,
        "iops_max" : 0,
        "iops_mean" : 0.000000,
        "iops_stddev" : 0.000000,
        "iops_samples" : 0
      },
      "trim" : {
        "io_bytes" : 0,
        "io_kbytes" : 0,
        "bw_bytes" : 0,
        "bw" : 0,
        "iops" : 0.000000,
        "runtime" : 0,
        "total_ios" : 0,
        "short_ios" : 0,
        "drop_ios" : 0,
        "slat_ns" : {
          "min" : 0,
          "max" : 0,
          "mean" : 0.000000,
          "stddev" : 0.000000,
          "N" : 0
        },
        "clat_ns" : {
          "min" : 0,
          "max" : 0,
          "mean" : 0.000000,
          "stddev" : 0.000000,
          "N" : 0
        },
        "lat_ns" : {
          "min" : 0,
          "max" : 0,
          "mean" : 0.000000,
          "stddev" : 0.000000,
          "N" : 0
        },
        "bw_min" : 0,
        "bw_max" : 0,
        "bw_agg" : 0.000000,
        "bw_mean" : 0.000000,
        "bw_dev" : 0.000000,
        "bw_samples" : 0,
        "iops_min" : 0,
        "iops_max" : 0,
        "iops_mean" : 0.000000,
        "iops_stddev" : 0.000000,
        "iops_samples" : 0
      },
      "sync" : {
        "total_ios" : 0,
        "lat_ns" : {
          "min" : 0,
          "max" : 0,
          "mean" : 0.000000,
          "stddev" : 0.000000,
          "N" : 0
        }
      },
      "job_runtime" : 7000,
      "usr_cpu" : 32.628571,
      "sys_cpu" : 67.385714,
      "ctx" : 15,
      "majf" : 0,
      "minf" : 0,
      "iodepth_level" : {
        "1" : 0.000000,
        "2" : 0.000000,
        "4" : 0.000000,
        "8" : 0.000000,
        "16" : 0.000000,
        "32" : 0.000000,
        ">=64" : 100.000000
      },
      "iodepth_submit" : {
        "0" : 0.000000,
        "4" : 100.000000,
        "8" : 0.000000,
        "16" : 0.000000,
        "32" : 0.000000,
        "64" : 0.000000,
        ">=64" : 0.000000
      },
      "iodepth_complete" : {
        "0" : 0.000000,
        "4" : 99.999974,
        "8" : 0.000000,
        "16" : 0.000000,
        "32" : 0.000000,
        "64" : 0.000000,
        ">=64" : 0.100000
      },
      "latency_ns" : {
        "2" : 0.000000,
        "4" : 0.000000,
        "10" : 0.000000,
        "20" : 0.000000,
        "50" : 0.000000,
        "100" : 0.000000,
        "250" : 0.000000,
        "500" : 0.000000,
        "750" : 0.000000,
        "1000" : 0.000000
      },
      "latency_us" : {
        "2" : 0.000000,
        "4" : 0.000000,
        "10" : 0.010000,
        "20" : 0.010000,
        "50" : 0.010000,
        "100" : 0.010000,
        "250" : 99.994151,
        "500" : 0.010000,
        "750" : 0.000000,
        "1000" : 0.000000
      },
      "latency_ms" : {
        "2" : 0.000000,
        "4" : 0.000000,
        "10" : 0.000000,
        "20" : 0.000000,
        "50" : 0.000000,
        "100" : 0.000000,
        "250" : 0.000000,
        "500" : 0.000000,
        "750" : 0.000000,
        "1000" : 0.000000,
        "2000" : 0.000000,
        ">=2000" : 0.000000
      },
      "latency_depth" : 128,
      "latency_target" : 0,
      "latency_percentile" : 100.000000,
      "latency_window" : 0
    }
  ],
  "disk_util" : [
    {
      "name" : "nvme0n1",
      "read_ios" : 5412023,
      "write_ios" : 0,
      "read_merges" : 0,
      "write_merges" : 0,
      "read_ticks" : 52985,
      "write_ticks" : 0,
      "in_queue" : 52985,
      "util" : 99.085923
    }
  ]
}

libaio-reference: (groupid=0, jobs=1): err= 0: pid=59176: Sun Oct 30 21:49:55 2022
  read: IOPS=552k, BW=269MiB/s (283MB/s)(1887MiB/7001msec)
    slat (nsec): min=654, max=11390, avg=1172.20, stdev=391.50
    clat (usec): min=9, max=360, avg=230.47, stdev= 1.76
     lat (usec): min=11, max=361, avg=231.64, stdev= 1.75
    clat percentiles (usec):
     |  1.00th=[  227],  5.00th=[  229], 10.00th=[  229], 20.00th=[  231],
     | 30.00th=[  231], 40.00th=[  231], 50.00th=[  231], 60.00th=[  231],
     | 70.00th=[  231], 80.00th=[  233], 90.00th=[  233], 95.00th=[  233],
     | 99.00th=[  235], 99.50th=[  235], 99.90th=[  235], 99.95th=[  237],
     | 99.99th=[  241]
   bw (  KiB/s): min=275423, max=277099, per=100.00%, avg=276079.46, stdev=598.39, samples=13
   iops        : min=550846, max=554198, avg=552159.00, stdev=1196.63, samples=13
  lat (usec)   : 10=0.01%, 20=0.01%, 50=0.01%, 100=0.01%, 250=99.99%
  lat (usec)   : 500=0.01%
  cpu          : usr=32.63%, sys=67.39%, ctx=15, majf=0, minf=0
  IO depths    : 1=0.0%, 2=0.0%, 4=0.0%, 8=0.0%, 16=0.0%, 32=0.0%, >=64=100.0%
     submit    : 0=0.0%, 4=100.0%, 8=0.0%, 16=0.0%, 32=0.0%, 64=0.0%, >=64=0.0%
     complete  : 0=0.0%, 4=100.0%, 8=0.0%, 16=0.0%, 32=0.0%, 64=0.0%, >=64=0.1%
     issued rwts: total=3863850,0,0,0 short=0,0,0,0 dropped=0,0,0,0
     latency   : target=0, window=0, percentile=100.00%, depth=128

Run status group 0 (all jobs):
   READ: bw=269MiB/s (283MB/s), 269MiB/s-269MiB/s (283MB/s-283MB/s), io=1887MiB (1978MB), run=7001-7001msec

Disk stats (read/write):
  nvme0n1: ios=5412023/0, merge=0/0, ticks=52985/0, in_queue=52985, util=99.09%
