libaio-bdev_aio: (g=0): rw=randread, bs=(R) 512B-512B, (W) 512B-512B, (T) 512B-512B, ioengine=spdk_bdev, iodepth=128
fio-3.32-75-gc470
Starting 1 thread
{
  "fio version" : "fio-3.32-75-gc470",
  "timestamp" : 1667184610,
  "timestamp_ms" : 1667184610120,
  "time" : "Sun Oct 30 21:50:10 2022",
  "jobs" : [
    {
      "jobname" : "libaio-bdev_aio",
      "groupid" : 0,
      "error" : 0,
      "eta" : 0,
      "elapsed" : 11,
      "job options" : {
        "name" : "libaio-bdev_aio",
        "rw" : "randread",
        "size" : "12G",
        "iodepth" : "128",
        "bs" : "512",
        "direct" : "1",
        "thread" : "1",
        "time_based" : "1",
        "runtime" : "7",
        "ramp_time" : "3",
        "norandommap" : "1",
        "allow_file_create" : "0",
        "ioengine" : "spdk_bdev",
        "spdk_conf" : "/tmp/spdk_bdev_aio_foo.conf",
        "filename" : "Nvme0n1",
        "cpus_allowed" : "1"
      },
      "read" : {
        "io_bytes" : 2168540160,
        "io_kbytes" : 2117715,
        "bw_bytes" : 309747201,
        "bw" : 302487,
        "iops" : 604969.290101,
        "runtime" : 7001,
        "total_ios" : 4235390,
        "short_ios" : 0,
        "drop_ios" : 0,
        "slat_ns" : {
          "min" : 726,
          "max" : 11482,
          "mean" : 1387.679617,
          "stddev" : 471.171623,
          "N" : 4235391
        },
        "clat_ns" : {
          "min" : 8464,
          "max" : 220398,
          "mean" : 110145.470352,
          "stddev" : 56704.630138,
          "N" : 4235430,
          "percentile" : {
            "1.000000" : 14528,
            "5.000000" : 22144,
            "10.000000" : 32128,
            "20.000000" : 51456,
            "30.000000" : 71168,
            "40.000000" : 90624,
            "50.000000" : 110080,
            "60.000000" : 129536,
            "70.000000" : 148480,
            "80.000000" : 168960,
            "90.000000" : 187392,
            "95.000000" : 195584,
            "99.000000" : 211968,
            "99.500000" : 214016,
            "99.900000" : 214016,
            "99.950000" : 216064,
            "99.990000" : 216064
          }
        },
        "lat_ns" : {
          "min" : 10570,
          "max" : 221935,
          "mean" : 111533.149261,
          "stddev" : 56661.388890,
          "N" : 4235430
        },
        "bw_min" : 302363,
        "bw_max" : 302856,
        "bw_agg" : 100.000000,
        "bw_mean" : 302630.357143,
        "bw_dev" : 158.122935,
        "bw_samples" : 14,
        "iops_min" : 604726,
        "iops_max" : 605712,
        "iops_mean" : 605260.714286,
        "iops_stddev" : 316.245870,
        "iops_samples" : 14
      },
      "write" : {
        "io_bytes" : 0,
        "io_kbytes" : 0,
        "bw_bytes" : 0,
        "bw" : 0,
        "iops" : 0.000000,
        "runtime" : 0,
        "total_ios" : 0,
        "short_ios" : 0,
        "drop_ios" : 0,
        "slat_ns" : {
          "min" : 0,
          "max" : 0,
          "mean" : 0.000000,
          "stddev" : 0.000000,
          "N" : 0
        },
        "clat_ns" : {
          "min" : 0,
          "max" : 0,
          "mean" : 0.000000,
          "stddev" : 0.000000,
          "N" : 0
        },
        "lat_ns" : {
          "min" : 0,
          "max" : 0,
          "mean" : 0.000000,
          "stddev" : 0.000000,
          "N" : 0
        },
        "bw_min" : 0,
        "bw_max" : 0,
        "bw_agg" : 0.000000,
        "bw_mean" : 0.000000,
        "bw_dev" : 0.000000,
        "bw_samples" : 0,
        "iops_min" : 0,
        "iops_max" : 0,
        "iops_mean" : 0.000000,
        "iops_stddev" : 0.000000,
        "iops_samples" : 0
      },
      "trim" : {
        "io_bytes" : 0,
        "io_kbytes" : 0,
        "bw_bytes" : 0,
        "bw" : 0,
        "iops" : 0.000000,
        "runtime" : 0,
        "total_ios" : 0,
        "short_ios" : 0,
        "drop_ios" : 0,
        "slat_ns" : {
          "min" : 0,
          "max" : 0,
          "mean" : 0.000000,
          "stddev" : 0.000000,
          "N" : 0
        },
        "clat_ns" : {
          "min" : 0,
          "max" : 0,
          "mean" : 0.000000,
          "stddev" : 0.000000,
          "N" : 0
        },
        "lat_ns" : {
          "min" : 0,
          "max" : 0,
          "mean" : 0.000000,
          "stddev" : 0.000000,
          "N" : 0
        },
        "bw_min" : 0,
        "bw_max" : 0,
        "bw_agg" : 0.000000,
        "bw_mean" : 0.000000,
        "bw_dev" : 0.000000,
        "bw_samples" : 0,
        "iops_min" : 0,
        "iops_max" : 0,
        "iops_mean" : 0.000000,
        "iops_stddev" : 0.000000,
        "iops_samples" : 0
      },
      "sync" : {
        "total_ios" : 0,
        "lat_ns" : {
          "min" : 0,
          "max" : 0,
          "mean" : 0.000000,
          "stddev" : 0.000000,
          "N" : 0
        }
      },
      "job_runtime" : 7000,
      "usr_cpu" : 30.442857,
      "sys_cpu" : 69.528571,
      "ctx" : 14,
      "majf" : 0,
      "minf" : 0,
      "iodepth_level" : {
        "1" : 0.000000,
        "2" : 0.100000,
        "4" : 0.836499,
        "8" : 6.554343,
        "16" : 13.112748,
        "32" : 26.225826,
        ">=64" : 53.270537
      },
      "iodepth_submit" : {
        "0" : 0.000000,
        "4" : 100.000000,
        "8" : 0.000000,
        "16" : 0.000000,
        "32" : 0.000000,
        "64" : 0.000000,
        ">=64" : 0.000000
      },
      "iodepth_complete" : {
        "0" : 0.000000,
        "4" : 99.187092,
        "8" : 0.000000,
        "16" : 0.000000,
        "32" : 0.000000,
        "64" : 0.100000,
        ">=64" : 0.812885
      },
      "latency_ns" : {
        "2" : 0.000000,
        "4" : 0.000000,
        "10" : 0.000000,
        "20" : 0.000000,
        "50" : 0.000000,
        "100" : 0.000000,
        "250" : 0.000000,
        "500" : 0.000000,
        "750" : 0.000000,
        "1000" : 0.000000
      },
      "latency_us" : {
        "2" : 0.000000,
        "4" : 0.000000,
        "10" : 0.010000,
        "20" : 3.835703,
        "50" : 15.426844,
        "100" : 25.701081,
        "250" : 55.037033,
        "500" : 0.000000,
        "750" : 0.000000,
        "1000" : 0.000000
      },
      "latency_ms" : {
        "2" : 0.000000,
        "4" : 0.000000,
        "10" : 0.000000,
        "20" : 0.000000,
        "50" : 0.000000,
        "100" : 0.000000,
        "250" : 0.000000,
        "500" : 0.000000,
        "750" : 0.000000,
        "1000" : 0.000000,
        "2000" : 0.000000,
        ">=2000" : 0.000000
      },
      "latency_depth" : 128,
      "latency_target" : 0,
      "latency_percentile" : 100.000000,
      "latency_window" : 0
    }
  ]
}

libaio-bdev_aio: (groupid=0, jobs=1): err= 0: pid=59229: Sun Oct 30 21:50:10 2022
  read: IOPS=605k, BW=295MiB/s (310MB/s)(2068MiB/7001msec)
    slat (nsec): min=726, max=11482, avg=1387.68, stdev=471.17
    clat (usec): min=8, max=220, avg=110.15, stdev=56.70
     lat (usec): min=10, max=221, avg=111.53, stdev=56.66
    clat percentiles (usec):
     |  1.00th=[   15],  5.00th=[   23], 10.00th=[   33], 20.00th=[   52],
     | 30.00th=[   72], 40.00th=[   91], 50.00th=[  111], 60.00th=[  130],
     | 70.00th=[  149], 80.00th=[  169], 90.00th=[  188], 95.00th=[  196],
     | 99.00th=[  212], 99.50th=[  215], 99.90th=[  215], 99.95th=[  217],
     | 99.99th=[  217]
   bw (  KiB/s): min=302363, max=302856, per=100.00%, avg=302630.36, stdev=158.12, samples=14
   iops        : min=604726, max=605712, avg=605260.71, stdev=316.25, samples=14
  lat (usec)   : 10=0.01%, 20=3.84%, 50=15.43%, 100=25.70%, 250=55.04%
  cpu          : usr=30.44%, sys=69.53%, ctx=14, majf=0, minf=0
  IO depths    : 1=0.0%, 2=0.1%, 4=0.8%, 8=6.6%, 16=13.1%, 32=26.2%, >=64=53.3%
     submit    : 0=0.0%, 4=100.0%, 8=0.0%, 16=0.0%, 32=0.0%, 64=0.0%, >=64=0.0%
     complete  : 0=0.0%, 4=99.2%, 8=0.0%, 16=0.0%, 32=0.0%, 64=0.1%, >=64=0.8%
     issued rwts: total=4235390,0,0,0 short=0,0,0,0 dropped=0,0,0,0
     latency   : target=0, window=0, percentile=100.00%, depth=128

Run status group 0 (all jobs):
   READ: bw=295MiB/s (310MB/s), 295MiB/s-295MiB/s (310MB/s-310MB/s), io=2068MiB (2169MB), run=7001-7001msec
