ioctl-xnvme: (g=0): rw=randread, bs=(R) 512B-512B, (W) 512B-512B, (T) 512B-512B, ioengine=xnvme, iodepth=1
fio-3.32-75-gc470
Starting 1 thread
{
  "fio version" : "fio-3.32-75-gc470",
  "timestamp" : 1667184482,
  "timestamp_ms" : 1667184482742,
  "time" : "Sun Oct 30 21:48:02 2022",
  "jobs" : [
    {
      "jobname" : "ioctl-xnvme",
      "groupid" : 0,
      "error" : 0,
      "eta" : 0,
      "elapsed" : 11,
      "job options" : {
        "name" : "ioctl-xnvme",
        "rw" : "randread",
        "size" : "12G",
        "iodepth" : "1",
        "bs" : "512",
        "direct" : "0",
        "thread" : "1",
        "time_based" : "1",
        "runtime" : "7",
        "ramp_time" : "3",
        "norandommap" : "1",
        "allow_file_create" : "0",
        "ioengine" : "external:/usr/local/lib/x86_64-linux-gnu/libxnvme-fio-engine.so",
        "xnvme_be" : "linux",
        "xnvme_async" : "thrpool",
        "xnvme_sync" : "nvme",
        "xnvme_admin" : "nvme",
        "xnvme_dev_nsid" : "1",
        "filename" : "/dev/ng0n1",
        "cpus_allowed" : "1"
      },
      "read" : {
        "io_bytes" : 284207104,
        "io_kbytes" : 277546,
        "bw_bytes" : 40595215,
        "bw" : 39643,
        "iops" : 79287.530353,
        "runtime" : 7001,
        "total_ios" : 555092,
        "short_ios" : 0,
        "drop_ios" : 0,
        "slat_ns" : {
          "min" : 2078,
          "max" : 8507,
          "mean" : 2178.240308,
          "stddev" : 60.773567,
          "N" : 555092
        },
        "clat_ns" : {
          "min" : 5957,
          "max" : 200668,
          "mean" : 10259.927873,
          "stddev" : 806.319197,
          "N" : 555092,
          "percentile" : {
            "1.000000" : 9280,
            "5.000000" : 9408,
            "10.000000" : 9408,
            "20.000000" : 9536,
            "30.000000" : 9664,
            "40.000000" : 9664,
            "50.000000" : 9792,
            "60.000000" : 10816,
            "70.000000" : 10944,
            "80.000000" : 11072,
            "90.000000" : 11200,
            "95.000000" : 11328,
            "99.000000" : 11328,
            "99.500000" : 11456,
            "99.900000" : 11584,
            "99.950000" : 12096,
            "99.990000" : 14272
          }
        },
        "lat_ns" : {
          "min" : 11295,
          "max" : 202831,
          "mean" : 12438.168181,
          "stddev" : 807.551121,
          "N" : 555092
        },
        "bw_min" : 39636,
        "bw_max" : 39697,
        "bw_agg" : 100.000000,
        "bw_mean" : 39663.142857,
        "bw_dev" : 18.517589,
        "bw_samples" : 14,
        "iops_min" : 79272,
        "iops_max" : 79394,
        "iops_mean" : 79326.285714,
        "iops_stddev" : 37.035178,
        "iops_samples" : 14
      },
      "write" : {
        "io_bytes" : 0,
        "io_kbytes" : 0,
        "bw_bytes" : 0,
        "bw" : 0,
        "iops" : 0.000000,
        "runtime" : 0,
        "total_ios" : 0,
        "short_ios" : 0,
        "drop_ios" : 0,
        "slat_ns" : {
          "min" : 0,
          "max" : 0,
          "mean" : 0.000000,
          "stddev" : 0.000000,
          "N" : 0
        },
        "clat_ns" : {
          "min" : 0,
          "max" : 0,
          "mean" : 0.000000,
          "stddev" : 0.000000,
          "N" : 0
        },
        "lat_ns" : {
          "min" : 0,
          "max" : 0,
          "mean" : 0.000000,
          "stddev" : 0.000000,
          "N" : 0
        },
        "bw_min" : 0,
        "bw_max" : 0,
        "bw_agg" : 0.000000,
        "bw_mean" : 0.000000,
        "bw_dev" : 0.000000,
        "bw_samples" : 0,
        "iops_min" : 0,
        "iops_max" : 0,
        "iops_mean" : 0.000000,
        "iops_stddev" : 0.000000,
        "iops_samples" : 0
      },
      "trim" : {
        "io_bytes" : 0,
        "io_kbytes" : 0,
        "bw_bytes" : 0,
        "bw" : 0,
        "iops" : 0.000000,
        "runtime" : 0,
        "total_ios" : 0,
        "short_ios" : 0,
        "drop_ios" : 0,
        "slat_ns" : {
          "min" : 0,
          "max" : 0,
          "mean" : 0.000000,
          "stddev" : 0.000000,
          "N" : 0
        },
        "clat_ns" : {
          "min" : 0,
          "max" : 0,
          "mean" : 0.000000,
          "stddev" : 0.000000,
          "N" : 0
        },
        "lat_ns" : {
          "min" : 0,
          "max" : 0,
          "mean" : 0.000000,
          "stddev" : 0.000000,
          "N" : 0
        },
        "bw_min" : 0,
        "bw_max" : 0,
        "bw_agg" : 0.000000,
        "bw_mean" : 0.000000,
        "bw_dev" : 0.000000,
        "bw_samples" : 0,
        "iops_min" : 0,
        "iops_max" : 0,
        "iops_mean" : 0.000000,
        "iops_stddev" : 0.000000,
        "iops_samples" : 0
      },
      "sync" : {
        "total_ios" : 0,
        "lat_ns" : {
          "min" : 0,
          "max" : 0,
          "mean" : 0.000000,
          "stddev" : 0.000000,
          "N" : 0
        }
      },
      "job_runtime" : 7000,
      "usr_cpu" : 59.228571,
      "sys_cpu" : 18.014286,
      "ctx" : 1361468,
      "majf" : 0,
      "minf" : 1,
      "iodepth_level" : {
        "1" : 100.000000,
        "2" : 0.000000,
        "4" : 0.000000,
        "8" : 0.000000,
        "16" : 0.000000,
        "32" : 0.000000,
        ">=64" : 0.000000
      },
      "iodepth_submit" : {
        "0" : 0.000000,
        "4" : 100.000000,
        "8" : 0.000000,
        "16" : 0.000000,
        "32" : 0.000000,
        "64" : 0.000000,
        ">=64" : 0.000000
      },
      "iodepth_complete" : {
        "0" : 0.000000,
        "4" : 100.000000,
        "8" : 0.000000,
        "16" : 0.000000,
        "32" : 0.000000,
        "64" : 0.000000,
        ">=64" : 0.000000
      },
      "latency_ns" : {
        "2" : 0.000000,
        "4" : 0.000000,
        "10" : 0.000000,
        "20" : 0.000000,
        "50" : 0.000000,
        "100" : 0.000000,
        "250" : 0.000000,
        "500" : 0.000000,
        "750" : 0.000000,
        "1000" : 0.000000
      },
      "latency_us" : {
        "2" : 0.000000,
        "4" : 0.000000,
        "10" : 54.519431,
        "20" : 45.480389,
        "50" : 0.000000,
        "100" : 0.000000,
        "250" : 0.010000,
        "500" : 0.000000,
        "750" : 0.000000,
        "1000" : 0.000000
      },
      "latency_ms" : {
        "2" : 0.000000,
        "4" : 0.000000,
        "10" : 0.000000,
        "20" : 0.000000,
        "50" : 0.000000,
        "100" : 0.000000,
        "250" : 0.000000,
        "500" : 0.000000,
        "750" : 0.000000,
        "1000" : 0.000000,
        "2000" : 0.000000,
        ">=2000" : 0.000000
      },
      "latency_depth" : 1,
      "latency_target" : 0,
      "latency_percentile" : 100.000000,
      "latency_window" : 0
    }
  ]
}

ioctl-xnvme: (groupid=0, jobs=1): err= 0: pid=58797: Sun Oct 30 21:48:02 2022
  read: IOPS=79.3k, BW=38.7MiB/s (40.6MB/s)(271MiB/7001msec)
    slat (nsec): min=2078, max=8507, avg=2178.24, stdev=60.77
    clat (nsec): min=5957, max=200668, avg=10259.93, stdev=806.32
     lat (nsec): min=11295, max=202831, avg=12438.17, stdev=807.55
    clat percentiles (nsec):
     |  1.00th=[ 9280],  5.00th=[ 9408], 10.00th=[ 9408], 20.00th=[ 9536],
     | 30.00th=[ 9664], 40.00th=[ 9664], 50.00th=[ 9792], 60.00th=[10816],
     | 70.00th=[10944], 80.00th=[11072], 90.00th=[11200], 95.00th=[11328],
     | 99.00th=[11328], 99.50th=[11456], 99.90th=[11584], 99.95th=[12096],
     | 99.99th=[14272]
   bw (  KiB/s): min=39636, max=39697, per=100.00%, avg=39663.14, stdev=18.52, samples=14
   iops        : min=79272, max=79394, avg=79326.29, stdev=37.04, samples=14
  lat (usec)   : 10=54.52%, 20=45.48%, 250=0.01%
  cpu          : usr=59.23%, sys=18.01%, ctx=1361468, majf=0, minf=1
  IO depths    : 1=100.0%, 2=0.0%, 4=0.0%, 8=0.0%, 16=0.0%, 32=0.0%, >=64=0.0%
     submit    : 0=0.0%, 4=100.0%, 8=0.0%, 16=0.0%, 32=0.0%, 64=0.0%, >=64=0.0%
     complete  : 0=0.0%, 4=100.0%, 8=0.0%, 16=0.0%, 32=0.0%, 64=0.0%, >=64=0.0%
     issued rwts: total=555092,0,0,0 short=0,0,0,0 dropped=0,0,0,0
     latency   : target=0, window=0, percentile=100.00%, depth=1

Run status group 0 (all jobs):
   READ: bw=38.7MiB/s (40.6MB/s), 38.7MiB/s-38.7MiB/s (40.6MB/s-40.6MB/s), io=271MiB (284MB), run=7001-7001msec
