io_uring-bdev_xnvme: (g=0): rw=randread, bs=(R) 512B-512B, (W) 512B-512B, (T) 512B-512B, ioengine=spdk_bdev, iodepth=128
fio-3.32-75-gc470
Starting 1 thread
{
  "fio version" : "fio-3.32-75-gc470",
  "timestamp" : 1667184568,
  "timestamp_ms" : 1667184568113,
  "time" : "Sun Oct 30 21:49:28 2022",
  "jobs" : [
    {
      "jobname" : "io_uring-bdev_xnvme",
      "groupid" : 0,
      "error" : 0,
      "eta" : 0,
      "elapsed" : 11,
      "job options" : {
        "name" : "io_uring-bdev_xnvme",
        "rw" : "randread",
        "size" : "12G",
        "iodepth" : "128",
        "bs" : "512",
        "direct" : "1",
        "thread" : "1",
        "time_based" : "1",
        "runtime" : "7",
        "ramp_time" : "3",
        "norandommap" : "1",
        "allow_file_create" : "0",
        "ioengine" : "spdk_bdev",
        "spdk_conf" : "/tmp/spdk_bdev_xnvme_io_uring.conf",
        "filename" : "Nvme0n1",
        "cpus_allowed" : "1"
      },
      "read" : {
        "io_bytes" : 2137603072,
        "io_kbytes" : 2087503,
        "bw_bytes" : 305328249,
        "bw" : 298172,
        "iops" : 596326.096272,
        "runtime" : 7001,
        "total_ios" : 4174879,
        "short_ios" : 0,
        "drop_ios" : 0,
        "slat_ns" : {
          "min" : 698,
          "max" : 12576,
          "mean" : 1262.553045,
          "stddev" : 436.763194,
          "N" : 4174879
        },
        "clat_ns" : {
          "min" : 12354,
          "max" : 378014,
          "mean" : 213103.368877,
          "stddev" : 1742.712128,
          "N" : 4175006,
          "percentile" : {
            "1.000000" : 207872,
            "5.000000" : 211968,
            "10.000000" : 211968,
            "20.000000" : 211968,
            "30.000000" : 211968,
            "40.000000" : 211968,
            "50.000000" : 214016,
            "60.000000" : 214016,
            "70.000000" : 214016,
            "80.000000" : 214016,
            "90.000000" : 214016,
            "95.000000" : 216064,
            "99.000000" : 216064,
            "99.500000" : 216064,
            "99.900000" : 218112,
            "99.950000" : 218112,
            "99.990000" : 224256
          }
        },
        "lat_ns" : {
          "min" : 14541,
          "max" : 379519,
          "mean" : 214365.921461,
          "stddev" : 1767.061551,
          "N" : 4175006
        },
        "bw_min" : 297951,
        "bw_max" : 298475,
        "bw_agg" : 100.000000,
        "bw_mean" : 298310.571429,
        "bw_dev" : 133.015739,
        "bw_samples" : 14,
        "iops_min" : 595903,
        "iops_max" : 596950,
        "iops_mean" : 596621.214286,
        "iops_stddev" : 265.778155,
        "iops_samples" : 14
      },
      "write" : {
        "io_bytes" : 0,
        "io_kbytes" : 0,
        "bw_bytes" : 0,
        "bw" : 0,
        "iops" : 0.000000,
        "runtime" : 0,
        "total_ios" : 0,
        "short_ios" : 0,
        "drop_ios" : 0,
        "slat_ns" : {
          "min" : 0,
          "max" : 0,
          "mean" : 0.000000,
          "stddev" : 0.000000,
          "N" : 0
        },
        "clat_ns" : {
          "min" : 0,
          "max" : 0,
          "mean" : 0.000000,
          "stddev" : 0.000000,
          "N" : 0
        },
        "lat_ns" : {
          "min" : 0,
          "max" : 0,
          "mean" : 0.000000,
          "stddev" : 0.000000,
          "N" : 0
        },
        "bw_min" : 0,
        "bw_max" : 0,
        "bw_agg" : 0.000000,
        "bw_mean" : 0.000000,
        "bw_dev" : 0.000000,
        "bw_samples" : 0,
        "iops_min" : 0,
        "iops_max" : 0,
        "iops_mean" : 0.000000,
        "iops_stddev" : 0.000000,
        "iops_samples" : 0
      },
      "trim" : {
        "io_bytes" : 0,
        "io_kbytes" : 0,
        "bw_bytes" : 0,
        "bw" : 0,
        "iops" : 0.000000,
        "runtime" : 0,
        "total_ios" : 0,
        "short_ios" : 0,
        "drop_ios" : 0,
        "slat_ns" : {
          "min" : 0,
          "max" : 0,
          "mean" : 0.000000,
          "stddev" : 0.000000,
          "N" : 0
        },
        "clat_ns" : {
          "min" : 0,
          "max" : 0,
          "mean" : 0.000000,
          "stddev" : 0.000000,
          "N" : 0
        },
        "lat_ns" : {
          "min" : 0,
          "max" : 0,
          "mean" : 0.000000,
          "stddev" : 0.000000,
          "N" : 0
        },
        "bw_min" : 0,
        "bw_max" : 0,
        "bw_agg" : 0.000000,
        "bw_mean" : 0.000000,
        "bw_dev" : 0.000000,
        "bw_samples" : 0,
        "iops_min" : 0,
        "iops_max" : 0,
        "iops_mean" : 0.000000,
        "iops_stddev" : 0.000000,
        "iops_samples" : 0
      },
      "sync" : {
        "total_ios" : 0,
        "lat_ns" : {
          "min" : 0,
          "max" : 0,
          "mean" : 0.000000,
          "stddev" : 0.000000,
          "N" : 0
        }
      },
      "job_runtime" : 7000,
      "usr_cpu" : 40.157143,
      "sys_cpu" : 59.828571,
      "ctx" : 11,
      "majf" : 0,
      "minf" : 0,
      "iodepth_level" : {
        "1" : 0.000000,
        "2" : 0.000000,
        "4" : 0.000000,
        "8" : 0.000000,
        "16" : 0.000000,
        "32" : 0.000000,
        ">=64" : 100.000000
      },
      "iodepth_submit" : {
        "0" : 0.000000,
        "4" : 100.000000,
        "8" : 0.000000,
        "16" : 0.000000,
        "32" : 0.000000,
        "64" : 0.000000,
        ">=64" : 0.000000
      },
      "iodepth_complete" : {
        "0" : 0.000000,
        "4" : 99.999988,
        "8" : 0.000000,
        "16" : 0.000000,
        "32" : 0.000000,
        "64" : 0.000000,
        ">=64" : 0.100000
      },
      "latency_ns" : {
        "2" : 0.000000,
        "4" : 0.000000,
        "10" : 0.000000,
        "20" : 0.000000,
        "50" : 0.000000,
        "100" : 0.000000,
        "250" : 0.000000,
        "500" : 0.000000,
        "750" : 0.000000,
        "1000" : 0.000000
      },
      "latency_us" : {
        "2" : 0.000000,
        "4" : 0.000000,
        "10" : 0.000000,
        "20" : 0.010000,
        "50" : 0.010000,
        "100" : 0.010000,
        "250" : 99.995712,
        "500" : 0.010000,
        "750" : 0.000000,
        "1000" : 0.000000
      },
      "latency_ms" : {
        "2" : 0.000000,
        "4" : 0.000000,
        "10" : 0.000000,
        "20" : 0.000000,
        "50" : 0.000000,
        "100" : 0.000000,
        "250" : 0.000000,
        "500" : 0.000000,
        "750" : 0.000000,
        "1000" : 0.000000,
        "2000" : 0.000000,
        ">=2000" : 0.000000
      },
      "latency_depth" : 128,
      "latency_target" : 0,
      "latency_percentile" : 100.000000,
      "latency_window" : 0
    }
  ]
}

io_uring-bdev_xnvme: (groupid=0, jobs=1): err= 0: pid=59088: Sun Oct 30 21:49:28 2022
  read: IOPS=596k, BW=291MiB/s (305MB/s)(2039MiB/7001msec)
    slat (nsec): min=698, max=12576, avg=1262.55, stdev=436.76
    clat (usec): min=12, max=378, avg=213.10, stdev= 1.74
     lat (usec): min=14, max=379, avg=214.37, stdev= 1.77
    clat percentiles (usec):
     |  1.00th=[  208],  5.00th=[  212], 10.00th=[  212], 20.00th=[  212],
     | 30.00th=[  212], 40.00th=[  212], 50.00th=[  215], 60.00th=[  215],
     | 70.00th=[  215], 80.00th=[  215], 90.00th=[  215], 95.00th=[  217],
     | 99.00th=[  217], 99.50th=[  217], 99.90th=[  219], 99.95th=[  219],
     | 99.99th=[  225]
   bw (  KiB/s): min=297951, max=298475, per=100.00%, avg=298310.57, stdev=133.02, samples=14
   iops        : min=595903, max=596950, avg=596621.21, stdev=265.78, samples=14
  lat (usec)   : 20=0.01%, 50=0.01%, 100=0.01%, 250=100.00%, 500=0.01%
  cpu          : usr=40.16%, sys=59.83%, ctx=11, majf=0, minf=0
  IO depths    : 1=0.0%, 2=0.0%, 4=0.0%, 8=0.0%, 16=0.0%, 32=0.0%, >=64=100.0%
     submit    : 0=0.0%, 4=100.0%, 8=0.0%, 16=0.0%, 32=0.0%, 64=0.0%, >=64=0.0%
     complete  : 0=0.0%, 4=100.0%, 8=0.0%, 16=0.0%, 32=0.0%, 64=0.0%, >=64=0.1%
     issued rwts: total=4174879,0,0,0 short=0,0,0,0 dropped=0,0,0,0
     latency   : target=0, window=0, percentile=100.00%, depth=128

Run status group 0 (all jobs):
   READ: bw=291MiB/s (305MB/s), 291MiB/s-291MiB/s (305MB/s-305MB/s), io=2039MiB (2138MB), run=7001-7001msec
