ioctl-xnvme: (g=0): rw=randread, bs=(R) 512B-512B, (W) 512B-512B, (T) 512B-512B, ioengine=xnvme, iodepth=128
fio-3.32-75-gc470
Starting 1 thread
{
  "fio version" : "fio-3.32-75-gc470",
  "timestamp" : 1667184652,
  "timestamp_ms" : 1667184652380,
  "time" : "Sun Oct 30 21:50:52 2022",
  "jobs" : [
    {
      "jobname" : "ioctl-xnvme",
      "groupid" : 0,
      "error" : 0,
      "eta" : 0,
      "elapsed" : 11,
      "job options" : {
        "name" : "ioctl-xnvme",
        "rw" : "randread",
        "size" : "12G",
        "iodepth" : "128",
        "bs" : "512",
        "direct" : "0",
        "thread" : "1",
        "time_based" : "1",
        "runtime" : "7",
        "ramp_time" : "3",
        "norandommap" : "1",
        "allow_file_create" : "0",
        "ioengine" : "external:/usr/local/lib/x86_64-linux-gnu/libxnvme-fio-engine.so",
        "xnvme_be" : "linux",
        "xnvme_async" : "thrpool",
        "xnvme_sync" : "nvme",
        "xnvme_admin" : "nvme",
        "xnvme_dev_nsid" : "1",
        "filename" : "/dev/ng0n1",
        "cpus_allowed" : "1"
      },
      "read" : {
        "io_bytes" : 828075520,
        "io_kbytes" : 808667,
        "bw_bytes" : 118279605,
        "bw" : 115507,
        "iops" : 230996.714755,
        "runtime" : 7001,
        "total_ios" : 1617208,
        "short_ios" : 0,
        "drop_ios" : 0,
        "slat_ns" : {
          "min" : 60,
          "max" : 17599,
          "mean" : 3898.447323,
          "stddev" : 670.543339,
          "N" : 1617208
        },
        "clat_ns" : {
          "min" : 8727,
          "max" : 690933,
          "mean" : 549869.150311,
          "stddev" : 4015.748417,
          "N" : 1617335,
          "percentile" : {
            "1.000000" : 544768,
            "5.000000" : 544768,
            "10.000000" : 544768,
            "20.000000" : 544768,
            "30.000000" : 544768,
            "40.000000" : 552960,
            "50.000000" : 552960,
            "60.000000" : 552960,
            "70.000000" : 552960,
            "80.000000" : 552960,
            "90.000000" : 552960,
            "95.000000" : 552960,
            "99.000000" : 561152,
            "99.500000" : 561152,
            "99.900000" : 561152,
            "99.950000" : 561152,
            "99.990000" : 651264
          }
        },
        "lat_ns" : {
          "min" : 12620,
          "max" : 693124,
          "mean" : 553767.592067,
          "stddev" : 3991.224293,
          "N" : 1617335
        },
        "bw_min" : 115498,
        "bw_max" : 115595,
        "bw_agg" : 100.000000,
        "bw_mean" : 115554.357143,
        "bw_dev" : 26.638916,
        "bw_samples" : 14,
        "iops_min" : 230996,
        "iops_max" : 231190,
        "iops_mean" : 231108.714286,
        "iops_stddev" : 53.277833,
        "iops_samples" : 14
      },
      "write" : {
        "io_bytes" : 0,
        "io_kbytes" : 0,
        "bw_bytes" : 0,
        "bw" : 0,
        "iops" : 0.000000,
        "runtime" : 0,
        "total_ios" : 0,
        "short_ios" : 0,
        "drop_ios" : 0,
        "slat_ns" : {
          "min" : 0,
          "max" : 0,
          "mean" : 0.000000,
          "stddev" : 0.000000,
          "N" : 0
        },
        "clat_ns" : {
          "min" : 0,
          "max" : 0,
          "mean" : 0.000000,
          "stddev" : 0.000000,
          "N" : 0
        },
        "lat_ns" : {
          "min" : 0,
          "max" : 0,
          "mean" : 0.000000,
          "stddev" : 0.000000,
          "N" : 0
        },
        "bw_min" : 0,
        "bw_max" : 0,
        "bw_agg" : 0.000000,
        "bw_mean" : 0.000000,
        "bw_dev" : 0.000000,
        "bw_samples" : 0,
        "iops_min" : 0,
        "iops_max" : 0,
        "iops_mean" : 0.000000,
        "iops_stddev" : 0.000000,
        "iops_samples" : 0
      },
      "trim" : {
        "io_bytes" : 0,
        "io_kbytes" : 0,
        "bw_bytes" : 0,
        "bw" : 0,
        "iops" : 0.000000,
        "runtime" : 0,
        "total_ios" : 0,
        "short_ios" : 0,
        "drop_ios" : 0,
        "slat_ns" : {
          "min" : 0,
          "max" : 0,
          "mean" : 0.000000,
          "stddev" : 0.000000,
          "N" : 0
        },
        "clat_ns" : {
          "min" : 0,
          "max" : 0,
          "mean" : 0.000000,
          "stddev" : 0.000000,
          "N" : 0
        },
        "lat_ns" : {
          "min" : 0,
          "max" : 0,
          "mean" : 0.000000,
          "stddev" : 0.000000,
          "N" : 0
        },
        "bw_min" : 0,
        "bw_max" : 0,
        "bw_agg" : 0.000000,
        "bw_mean" : 0.000000,
        "bw_dev" : 0.000000,
        "bw_samples" : 0,
        "iops_min" : 0,
        "iops_max" : 0,
        "iops_mean" : 0.000000,
        "iops_stddev" : 0.000000,
        "iops_samples" : 0
      },
      "sync" : {
        "total_ios" : 0,
        "lat_ns" : {
          "min" : 0,
          "max" : 0,
          "mean" : 0.000000,
          "stddev" : 0.000000,
          "N" : 0
        }
      },
      "job_runtime" : 7000,
      "usr_cpu" : 8.628571,
      "sys_cpu" : 24.728571,
      "ctx" : 2325915,
      "majf" : 0,
      "minf" : 0,
      "iodepth_level" : {
        "1" : 0.000000,
        "2" : 0.000000,
        "4" : 0.000000,
        "8" : 0.000000,
        "16" : 0.000000,
        "32" : 0.000000,
        ">=64" : 100.000000
      },
      "iodepth_submit" : {
        "0" : 0.000000,
        "4" : 100.000000,
        "8" : 0.000000,
        "16" : 0.000000,
        "32" : 0.000000,
        "64" : 0.000000,
        ">=64" : 0.000000
      },
      "iodepth_complete" : {
        "0" : 0.000000,
        "4" : 99.999969,
        "8" : 0.000000,
        "16" : 0.000000,
        "32" : 0.000000,
        "64" : 0.000000,
        ">=64" : 0.100000
      },
      "latency_ns" : {
        "2" : 0.000000,
        "4" : 0.000000,
        "10" : 0.000000,
        "20" : 0.000000,
        "50" : 0.000000,
        "100" : 0.000000,
        "250" : 0.000000,
        "500" : 0.000000,
        "750" : 0.000000,
        "1000" : 0.000000
      },
      "latency_us" : {
        "2" : 0.000000,
        "4" : 0.000000,
        "10" : 0.010000,
        "20" : 0.010000,
        "50" : 0.010000,
        "100" : 0.010000,
        "250" : 0.010000,
        "500" : 0.010000,
        "750" : 100.000866,
        "1000" : 0.000000
      },
      "latency_ms" : {
        "2" : 0.000000,
        "4" : 0.000000,
        "10" : 0.000000,
        "20" : 0.000000,
        "50" : 0.000000,
        "100" : 0.000000,
        "250" : 0.000000,
        "500" : 0.000000,
        "750" : 0.000000,
        "1000" : 0.000000,
        "2000" : 0.000000,
        ">=2000" : 0.000000
      },
      "latency_depth" : 128,
      "latency_target" : 0,
      "latency_percentile" : 100.000000,
      "latency_window" : 0
    }
  ]
}

ioctl-xnvme: (groupid=0, jobs=1): err= 0: pid=59369: Sun Oct 30 21:50:52 2022
  read: IOPS=231k, BW=113MiB/s (118MB/s)(790MiB/7001msec)
    slat (nsec): min=60, max=17599, avg=3898.45, stdev=670.54
    clat (usec): min=8, max=690, avg=549.87, stdev= 4.02
     lat (usec): min=12, max=693, avg=553.77, stdev= 3.99
    clat percentiles (usec):
     |  1.00th=[  545],  5.00th=[  545], 10.00th=[  545], 20.00th=[  545],
     | 30.00th=[  545], 40.00th=[  553], 50.00th=[  553], 60.00th=[  553],
     | 70.00th=[  553], 80.00th=[  553], 90.00th=[  553], 95.00th=[  553],
     | 99.00th=[  562], 99.50th=[  562], 99.90th=[  562], 99.95th=[  562],
     | 99.99th=[  652]
   bw (  KiB/s): min=115498, max=115595, per=100.00%, avg=115554.36, stdev=26.64, samples=14
   iops        : min=230996, max=231190, avg=231108.71, stdev=53.28, samples=14
  lat (usec)   : 10=0.01%, 20=0.01%, 50=0.01%, 100=0.01%, 250=0.01%
  lat (usec)   : 500=0.01%, 750=100.00%
  cpu          : usr=8.63%, sys=24.73%, ctx=2325915, majf=0, minf=0
  IO depths    : 1=0.0%, 2=0.0%, 4=0.0%, 8=0.0%, 16=0.0%, 32=0.0%, >=64=100.0%
     submit    : 0=0.0%, 4=100.0%, 8=0.0%, 16=0.0%, 32=0.0%, 64=0.0%, >=64=0.0%
     complete  : 0=0.0%, 4=100.0%, 8=0.0%, 16=0.0%, 32=0.0%, 64=0.0%, >=64=0.1%
     issued rwts: total=1617208,0,0,0 short=0,0,0,0 dropped=0,0,0,0
     latency   : target=0, window=0, percentile=100.00%, depth=128

Run status group 0 (all jobs):
   READ: bw=113MiB/s (118MB/s), 113MiB/s-113MiB/s (118MB/s-118MB/s), io=790MiB (828MB), run=7001-7001msec
