io_uring-reference: (g=0): rw=randread, bs=(R) 512B-512B, (W) 512B-512B, (T) 512B-512B, ioengine=io_uring, iodepth=1
fio-3.32-75-gc470
Starting 1 thread
{
  "fio version" : "fio-3.32-75-gc470",
  "timestamp" : 1667143073,
  "timestamp_ms" : 1667143073007,
  "time" : "Sun Oct 30 10:17:53 2022",
  "jobs" : [
    {
      "jobname" : "io_uring-reference",
      "groupid" : 0,
      "error" : 0,
      "eta" : 0,
      "elapsed" : 11,
      "job options" : {
        "name" : "io_uring-reference",
        "rw" : "randread",
        "size" : "12G",
        "iodepth" : "1",
        "bs" : "512",
        "direct" : "1",
        "thread" : "1",
        "time_based" : "1",
        "runtime" : "7",
        "ramp_time" : "3",
        "norandommap" : "1",
        "allow_file_create" : "0",
        "ioengine" : "io_uring",
        "filename" : "/dev/nvme0n1",
        "cpus_allowed" : "1"
      },
      "read" : {
        "io_bytes" : 335758336,
        "io_kbytes" : 327889,
        "bw_bytes" : 47958625,
        "bw" : 46834,
        "iops" : 93669.190116,
        "runtime" : 7001,
        "total_ios" : 655778,
        "short_ios" : 0,
        "drop_ios" : 0,
        "slat_ns" : {
          "min" : 657,
          "max" : 6066,
          "mean" : 727.770736,
          "stddev" : 30.279274,
          "N" : 655778
        },
        "clat_ns" : {
          "min" : 4860,
          "max" : 17649,
          "mean" : 9740.681016,
          "stddev" : 146.094489,
          "N" : 655778,
          "percentile" : {
            "1.000000" : 9408,
            "5.000000" : 9536,
            "10.000000" : 9536,
            "20.000000" : 9664,
            "30.000000" : 9664,
            "40.000000" : 9664,
            "50.000000" : 9792,
            "60.000000" : 9792,
            "70.000000" : 9792,
            "80.000000" : 9920,
            "90.000000" : 9920,
            "95.000000" : 9920,
            "99.000000" : 10048,
            "99.500000" : 10176,
            "99.900000" : 10304,
            "99.950000" : 10816,
            "99.990000" : 11584
          }
        },
        "lat_ns" : {
          "min" : 9977,
          "max" : 18360,
          "mean" : 10468.451752,
          "stddev" : 147.334260,
          "N" : 655778
        },
        "bw_min" : 46795,
        "bw_max" : 46945,
        "bw_agg" : 100.000000,
        "bw_mean" : 46853.384615,
        "bw_dev" : 44.131505,
        "bw_samples" : 13,
        "iops_min" : 93591,
        "iops_max" : 93890,
        "iops_mean" : 93707.000000,
        "iops_stddev" : 88.361945,
        "iops_samples" : 13
      },
      "write" : {
        "io_bytes" : 0,
        "io_kbytes" : 0,
        "bw_bytes" : 0,
        "bw" : 0,
        "iops" : 0.000000,
        "runtime" : 0,
        "total_ios" : 0,
        "short_ios" : 0,
        "drop_ios" : 0,
        "slat_ns" : {
          "min" : 0,
          "max" : 0,
          "mean" : 0.000000,
          "stddev" : 0.000000,
          "N" : 0
        },
        "clat_ns" : {
          "min" : 0,
          "max" : 0,
          "mean" : 0.000000,
          "stddev" : 0.000000,
          "N" : 0
        },
        "lat_ns" : {
          "min" : 0,
          "max" : 0,
          "mean" : 0.000000,
          "stddev" : 0.000000,
          "N" : 0
        },
        "bw_min" : 0,
        "bw_max" : 0,
        "bw_agg" : 0.000000,
        "bw_mean" : 0.000000,
        "bw_dev" : 0.000000,
        "bw_samples" : 0,
        "iops_min" : 0,
        "iops_max" : 0,
        "iops_mean" : 0.000000,
        "iops_stddev" : 0.000000,
        "iops_samples" : 0
      },
      "trim" : {
        "io_bytes" : 0,
        "io_kbytes" : 0,
        "bw_bytes" : 0,
        "bw" : 0,
        "iops" : 0.000000,
        "runtime" : 0,
        "total_ios" : 0,
        "short_ios" : 0,
        "drop_ios" : 0,
        "slat_ns" : {
          "min" : 0,
          "max" : 0,
          "mean" : 0.000000,
          "stddev" : 0.000000,
          "N" : 0
        },
        "clat_ns" : {
          "min" : 0,
          "max" : 0,
          "mean" : 0.000000,
          "stddev" : 0.000000,
          "N" : 0
        },
        "lat_ns" : {
          "min" : 0,
          "max" : 0,
          "mean" : 0.000000,
          "stddev" : 0.000000,
          "N" : 0
        },
        "bw_min" : 0,
        "bw_max" : 0,
        "bw_agg" : 0.000000,
        "bw_mean" : 0.000000,
        "bw_dev" : 0.000000,
        "bw_samples" : 0,
        "iops_min" : 0,
        "iops_max" : 0,
        "iops_mean" : 0.000000,
        "iops_stddev" : 0.000000,
        "iops_samples" : 0
      },
      "sync" : {
        "total_ios" : 0,
        "lat_ns" : {
          "min" : 0,
          "max" : 0,
          "mean" : 0.000000,
          "stddev" : 0.000000,
          "N" : 0
        }
      },
      "job_runtime" : 7000,
      "usr_cpu" : 4.328571,
      "sys_cpu" : 16.542857,
      "ctx" : 655781,
      "majf" : 0,
      "minf" : 0,
      "iodepth_level" : {
        "1" : 100.000000,
        "2" : 0.000000,
        "4" : 0.000000,
        "8" : 0.000000,
        "16" : 0.000000,
        "32" : 0.000000,
        ">=64" : 0.000000
      },
      "iodepth_submit" : {
        "0" : 0.000000,
        "4" : 100.000000,
        "8" : 0.000000,
        "16" : 0.000000,
        "32" : 0.000000,
        "64" : 0.000000,
        ">=64" : 0.000000
      },
      "iodepth_complete" : {
        "0" : 0.000000,
        "4" : 100.000000,
        "8" : 0.000000,
        "16" : 0.000000,
        "32" : 0.000000,
        "64" : 0.000000,
        ">=64" : 0.000000
      },
      "latency_ns" : {
        "2" : 0.000000,
        "4" : 0.000000,
        "10" : 0.000000,
        "20" : 0.000000,
        "50" : 0.000000,
        "100" : 0.000000,
        "250" : 0.000000,
        "500" : 0.000000,
        "750" : 0.000000,
        "1000" : 0.000000
      },
      "latency_us" : {
        "2" : 0.000000,
        "4" : 0.000000,
        "10" : 98.008167,
        "20" : 1.991833,
        "50" : 0.000000,
        "100" : 0.000000,
        "250" : 0.000000,
        "500" : 0.000000,
        "750" : 0.000000,
        "1000" : 0.000000
      },
      "latency_ms" : {
        "2" : 0.000000,
        "4" : 0.000000,
        "10" : 0.000000,
        "20" : 0.000000,
        "50" : 0.000000,
        "100" : 0.000000,
        "250" : 0.000000,
        "500" : 0.000000,
        "750" : 0.000000,
        "1000" : 0.000000,
        "2000" : 0.000000,
        ">=2000" : 0.000000
      },
      "latency_depth" : 1,
      "latency_target" : 0,
      "latency_percentile" : 100.000000,
      "latency_window" : 0
    }
  ],
  "disk_util" : [
    {
      "name" : "nvme0n1",
      "read_ios" : 936798,
      "write_ios" : 0,
      "read_merges" : 0,
      "write_merges" : 0,
      "read_ticks" : 8225,
      "write_ticks" : 0,
      "in_queue" : 8225,
      "util" : 99.088748
    }
  ]
}

io_uring-reference: (groupid=0, jobs=1): err= 0: pid=18073: Sun Oct 30 10:17:52 2022
  read: IOPS=93.7k, BW=45.7MiB/s (48.0MB/s)(320MiB/7001msec)
    slat (nsec): min=657, max=6066, avg=727.77, stdev=30.28
    clat (nsec): min=4860, max=17649, avg=9740.68, stdev=146.09
     lat (nsec): min=9977, max=18360, avg=10468.45, stdev=147.33
    clat percentiles (nsec):
     |  1.00th=[ 9408],  5.00th=[ 9536], 10.00th=[ 9536], 20.00th=[ 9664],
     | 30.00th=[ 9664], 40.00th=[ 9664], 50.00th=[ 9792], 60.00th=[ 9792],
     | 70.00th=[ 9792], 80.00th=[ 9920], 90.00th=[ 9920], 95.00th=[ 9920],
     | 99.00th=[10048], 99.50th=[10176], 99.90th=[10304], 99.95th=[10816],
     | 99.99th=[11584]
   bw (  KiB/s): min=46795, max=46945, per=100.00%, avg=46853.38, stdev=44.13, samples=13
   iops        : min=93591, max=93890, avg=93707.00, stdev=88.36, samples=13
  lat (usec)   : 10=98.01%, 20=1.99%
  cpu          : usr=4.33%, sys=16.54%, ctx=655781, majf=0, minf=0
  IO depths    : 1=100.0%, 2=0.0%, 4=0.0%, 8=0.0%, 16=0.0%, 32=0.0%, >=64=0.0%
     submit    : 0=0.0%, 4=100.0%, 8=0.0%, 16=0.0%, 32=0.0%, 64=0.0%, >=64=0.0%
     complete  : 0=0.0%, 4=100.0%, 8=0.0%, 16=0.0%, 32=0.0%, 64=0.0%, >=64=0.0%
     issued rwts: total=655778,0,0,0 short=0,0,0,0 dropped=0,0,0,0
     latency   : target=0, window=0, percentile=100.00%, depth=1

Run status group 0 (all jobs):
   READ: bw=45.7MiB/s (48.0MB/s), 45.7MiB/s-45.7MiB/s (48.0MB/s-48.0MB/s), io=320MiB (336MB), run=7001-7001msec

Disk stats (read/write):
  nvme0n1: ios=936798/0, merge=0/0, ticks=8225/0, in_queue=8225, util=99.09%
