libaio-bdev_xnvme: (g=0): rw=randread, bs=(R) 512B-512B, (W) 512B-512B, (T) 512B-512B, ioengine=spdk_bdev, iodepth=128
fio-3.32-75-gc470
Starting 1 thread
{
  "fio version" : "fio-3.32-75-gc470",
  "timestamp" : 1667143335,
  "timestamp_ms" : 1667143335920,
  "time" : "Sun Oct 30 10:22:15 2022",
  "jobs" : [
    {
      "jobname" : "libaio-bdev_xnvme",
      "groupid" : 0,
      "error" : 0,
      "eta" : 0,
      "elapsed" : 11,
      "job options" : {
        "name" : "libaio-bdev_xnvme",
        "rw" : "randread",
        "size" : "12G",
        "iodepth" : "128",
        "bs" : "512",
        "direct" : "1",
        "thread" : "1",
        "time_based" : "1",
        "runtime" : "7",
        "ramp_time" : "3",
        "norandommap" : "1",
        "allow_file_create" : "0",
        "ioengine" : "spdk_bdev",
        "spdk_conf" : "/tmp/spdk_bdev_xnvme_libaio.conf",
        "filename" : "Nvme0n1",
        "cpus_allowed" : "1"
      },
      "read" : {
        "io_bytes" : 2150590976,
        "io_kbytes" : 2100186,
        "bw_bytes" : 307183398,
        "bw" : 299983,
        "iops" : 599964.862163,
        "runtime" : 7001,
        "total_ios" : 4200354,
        "short_ios" : 0,
        "drop_ios" : 0,
        "slat_ns" : {
          "min" : 738,
          "max" : 12344,
          "mean" : 1394.755454,
          "stddev" : 470.998900,
          "N" : 4200355
        },
        "clat_ns" : {
          "min" : 8655,
          "max" : 249304,
          "mean" : 111841.896801,
          "stddev" : 57065.010911,
          "N" : 4200373,
          "percentile" : {
            "1.000000" : 15680,
            "5.000000" : 23424,
            "10.000000" : 33536,
            "20.000000" : 52992,
            "30.000000" : 72192,
            "40.000000" : 91648,
            "50.000000" : 111104,
            "60.000000" : 130560,
            "70.000000" : 150528,
            "80.000000" : 168960,
            "90.000000" : 189440,
            "95.000000" : 197632,
            "99.000000" : 216064,
            "99.500000" : 216064,
            "99.900000" : 218112,
            "99.950000" : 218112,
            "99.990000" : 220160
          }
        },
        "lat_ns" : {
          "min" : 10183,
          "max" : 250521,
          "mean" : 113236.651554,
          "stddev" : 57021.497439,
          "N" : 4200373
        },
        "bw_min" : 299973,
        "bw_max" : 300264,
        "bw_agg" : 100.000000,
        "bw_mean" : 300124.357143,
        "bw_dev" : 106.533207,
        "bw_samples" : 14,
        "iops_min" : 599946,
        "iops_max" : 600529,
        "iops_mean" : 600248.785714,
        "iops_stddev" : 213.167388,
        "iops_samples" : 14
      },
      "write" : {
        "io_bytes" : 0,
        "io_kbytes" : 0,
        "bw_bytes" : 0,
        "bw" : 0,
        "iops" : 0.000000,
        "runtime" : 0,
        "total_ios" : 0,
        "short_ios" : 0,
        "drop_ios" : 0,
        "slat_ns" : {
          "min" : 0,
          "max" : 0,
          "mean" : 0.000000,
          "stddev" : 0.000000,
          "N" : 0
        },
        "clat_ns" : {
          "min" : 0,
          "max" : 0,
          "mean" : 0.000000,
          "stddev" : 0.000000,
          "N" : 0
        },
        "lat_ns" : {
          "min" : 0,
          "max" : 0,
          "mean" : 0.000000,
          "stddev" : 0.000000,
          "N" : 0
        },
        "bw_min" : 0,
        "bw_max" : 0,
        "bw_agg" : 0.000000,
        "bw_mean" : 0.000000,
        "bw_dev" : 0.000000,
        "bw_samples" : 0,
        "iops_min" : 0,
        "iops_max" : 0,
        "iops_mean" : 0.000000,
        "iops_stddev" : 0.000000,
        "iops_samples" : 0
      },
      "trim" : {
        "io_bytes" : 0,
        "io_kbytes" : 0,
        "bw_bytes" : 0,
        "bw" : 0,
        "iops" : 0.000000,
        "runtime" : 0,
        "total_ios" : 0,
        "short_ios" : 0,
        "drop_ios" : 0,
        "slat_ns" : {
          "min" : 0,
          "max" : 0,
          "mean" : 0.000000,
          "stddev" : 0.000000,
          "N" : 0
        },
        "clat_ns" : {
          "min" : 0,
          "max" : 0,
          "mean" : 0.000000,
          "stddev" : 0.000000,
          "N" : 0
        },
        "lat_ns" : {
          "min" : 0,
          "max" : 0,
          "mean" : 0.000000,
          "stddev" : 0.000000,
          "N" : 0
        },
        "bw_min" : 0,
        "bw_max" : 0,
        "bw_agg" : 0.000000,
        "bw_mean" : 0.000000,
        "bw_dev" : 0.000000,
        "bw_samples" : 0,
        "iops_min" : 0,
        "iops_max" : 0,
        "iops_mean" : 0.000000,
        "iops_stddev" : 0.000000,
        "iops_samples" : 0
      },
      "sync" : {
        "total_ios" : 0,
        "lat_ns" : {
          "min" : 0,
          "max" : 0,
          "mean" : 0.000000,
          "stddev" : 0.000000,
          "N" : 0
        }
      },
      "job_runtime" : 7000,
      "usr_cpu" : 33.185714,
      "sys_cpu" : 66.785714,
      "ctx" : 14,
      "majf" : 0,
      "minf" : 0,
      "iodepth_level" : {
        "1" : 0.000000,
        "2" : 0.100000,
        "4" : 0.934588,
        "8" : 6.549210,
        "16" : 13.099753,
        "32" : 26.199697,
        ">=64" : 53.216681
      },
      "iodepth_submit" : {
        "0" : 0.000000,
        "4" : 100.000000,
        "8" : 0.000000,
        "16" : 0.000000,
        "32" : 0.000000,
        "64" : 0.000000,
        ">=64" : 0.000000
      },
      "iodepth_complete" : {
        "0" : 0.000000,
        "4" : 99.187908,
        "8" : 0.000000,
        "16" : 0.000000,
        "32" : 0.000000,
        "64" : 0.000000,
        ">=64" : 0.812092
      },
      "latency_ns" : {
        "2" : 0.000000,
        "4" : 0.000000,
        "10" : 0.000000,
        "20" : 0.000000,
        "50" : 0.000000,
        "100" : 0.000000,
        "250" : 0.000000,
        "500" : 0.000000,
        "750" : 0.000000,
        "1000" : 0.000000
      },
      "latency_us" : {
        "2" : 0.000000,
        "4" : 0.000000,
        "10" : 0.010000,
        "20" : 3.248750,
        "50" : 15.330184,
        "100" : 25.548728,
        "250" : 55.872672,
        "500" : 0.000000,
        "750" : 0.000000,
        "1000" : 0.000000
      },
      "latency_ms" : {
        "2" : 0.000000,
        "4" : 0.000000,
        "10" : 0.000000,
        "20" : 0.000000,
        "50" : 0.000000,
        "100" : 0.000000,
        "250" : 0.000000,
        "500" : 0.000000,
        "750" : 0.000000,
        "1000" : 0.000000,
        "2000" : 0.000000,
        ">=2000" : 0.000000
      },
      "latency_depth" : 128,
      "latency_target" : 0,
      "latency_percentile" : 100.000000,
      "latency_window" : 0
    }
  ]
}

libaio-bdev_xnvme: (groupid=0, jobs=1): err= 0: pid=18941: Sun Oct 30 10:22:15 2022
  read: IOPS=600k, BW=293MiB/s (307MB/s)(2051MiB/7001msec)
    slat (nsec): min=738, max=12344, avg=1394.76, stdev=471.00
    clat (usec): min=8, max=249, avg=111.84, stdev=57.07
     lat (usec): min=10, max=250, avg=113.24, stdev=57.02
    clat percentiles (usec):
     |  1.00th=[   16],  5.00th=[   24], 10.00th=[   34], 20.00th=[   53],
     | 30.00th=[   73], 40.00th=[   92], 50.00th=[  112], 60.00th=[  131],
     | 70.00th=[  151], 80.00th=[  169], 90.00th=[  190], 95.00th=[  198],
     | 99.00th=[  217], 99.50th=[  217], 99.90th=[  219], 99.95th=[  219],
     | 99.99th=[  221]
   bw (  KiB/s): min=299973, max=300264, per=100.00%, avg=300124.36, stdev=106.53, samples=14
   iops        : min=599946, max=600529, avg=600248.79, stdev=213.17, samples=14
  lat (usec)   : 10=0.01%, 20=3.25%, 50=15.33%, 100=25.55%, 250=55.87%
  cpu          : usr=33.19%, sys=66.79%, ctx=14, majf=0, minf=0
  IO depths    : 1=0.0%, 2=0.1%, 4=0.9%, 8=6.5%, 16=13.1%, 32=26.2%, >=64=53.2%
     submit    : 0=0.0%, 4=100.0%, 8=0.0%, 16=0.0%, 32=0.0%, 64=0.0%, >=64=0.0%
     complete  : 0=0.0%, 4=99.2%, 8=0.0%, 16=0.0%, 32=0.0%, 64=0.0%, >=64=0.8%
     issued rwts: total=4200354,0,0,0 short=0,0,0,0 dropped=0,0,0,0
     latency   : target=0, window=0, percentile=100.00%, depth=128

Run status group 0 (all jobs):
   READ: bw=293MiB/s (307MB/s), 293MiB/s-293MiB/s (307MB/s-307MB/s), io=2051MiB (2151MB), run=7001-7001msec
