io_uring-reference: (g=0): rw=randread, bs=(R) 512B-512B, (W) 512B-512B, (T) 512B-512B, ioengine=io_uring, iodepth=128
fio-3.32-75-gc470
Starting 1 thread
{
  "fio version" : "fio-3.32-75-gc470",
  "timestamp" : 1667143247,
  "timestamp_ms" : 1667143247395,
  "time" : "Sun Oct 30 10:20:47 2022",
  "jobs" : [
    {
      "jobname" : "io_uring-reference",
      "groupid" : 0,
      "error" : 0,
      "eta" : 0,
      "elapsed" : 11,
      "job options" : {
        "name" : "io_uring-reference",
        "rw" : "randread",
        "size" : "12G",
        "iodepth" : "128",
        "bs" : "512",
        "direct" : "1",
        "thread" : "1",
        "time_based" : "1",
        "runtime" : "7",
        "ramp_time" : "3",
        "norandommap" : "1",
        "allow_file_create" : "0",
        "ioengine" : "io_uring",
        "filename" : "/dev/nvme0n1",
        "cpus_allowed" : "1"
      },
      "read" : {
        "io_bytes" : 2392001024,
        "io_kbytes" : 2335938,
        "bw_bytes" : 341665622,
        "bw" : 333657,
        "iops" : 667297.386088,
        "runtime" : 7001,
        "total_ios" : 4671749,
        "short_ios" : 0,
        "drop_ios" : 0,
        "slat_ns" : {
          "min" : 572,
          "max" : 137374,
          "mean" : 1182.249075,
          "stddev" : 464.442123,
          "N" : 4671750
        },
        "clat_ns" : {
          "min" : 11133,
          "max" : 418399,
          "mean" : 190368.015487,
          "stddev" : 1884.860237,
          "N" : 4671876,
          "percentile" : {
            "1.000000" : 185344,
            "5.000000" : 187392,
            "10.000000" : 189440,
            "20.000000" : 189440,
            "30.000000" : 189440,
            "40.000000" : 189440,
            "50.000000" : 189440,
            "60.000000" : 191488,
            "70.000000" : 191488,
            "80.000000" : 191488,
            "90.000000" : 191488,
            "95.000000" : 193536,
            "99.000000" : 193536,
            "99.500000" : 193536,
            "99.900000" : 195584,
            "99.950000" : 195584,
            "99.990000" : 199680
          }
        },
        "lat_ns" : {
          "min" : 12526,
          "max" : 420294,
          "mean" : 191550.264500,
          "stddev" : 1891.915081,
          "N" : 4671876
        },
        "bw_min" : 332671,
        "bw_max" : 334709,
        "bw_agg" : 100.000000,
        "bw_mean" : 333785.769231,
        "bw_dev" : 920.864191,
        "bw_samples" : 13,
        "iops_min" : 665342,
        "iops_max" : 669418,
        "iops_mean" : 667571.692308,
        "iops_stddev" : 1841.579322,
        "iops_samples" : 13
      },
      "write" : {
        "io_bytes" : 0,
        "io_kbytes" : 0,
        "bw_bytes" : 0,
        "bw" : 0,
        "iops" : 0.000000,
        "runtime" : 0,
        "total_ios" : 0,
        "short_ios" : 0,
        "drop_ios" : 0,
        "slat_ns" : {
          "min" : 0,
          "max" : 0,
          "mean" : 0.000000,
          "stddev" : 0.000000,
          "N" : 0
        },
        "clat_ns" : {
          "min" : 0,
          "max" : 0,
          "mean" : 0.000000,
          "stddev" : 0.000000,
          "N" : 0
        },
        "lat_ns" : {
          "min" : 0,
          "max" : 0,
          "mean" : 0.000000,
          "stddev" : 0.000000,
          "N" : 0
        },
        "bw_min" : 0,
        "bw_max" : 0,
        "bw_agg" : 0.000000,
        "bw_mean" : 0.000000,
        "bw_dev" : 0.000000,
        "bw_samples" : 0,
        "iops_min" : 0,
        "iops_max" : 0,
        "iops_mean" : 0.000000,
        "iops_stddev" : 0.000000,
        "iops_samples" : 0
      },
      "trim" : {
        "io_bytes" : 0,
        "io_kbytes" : 0,
        "bw_bytes" : 0,
        "bw" : 0,
        "iops" : 0.000000,
        "runtime" : 0,
        "total_ios" : 0,
        "short_ios" : 0,
        "drop_ios" : 0,
        "slat_ns" : {
          "min" : 0,
          "max" : 0,
          "mean" : 0.000000,
          "stddev" : 0.000000,
          "N" : 0
        },
        "clat_ns" : {
          "min" : 0,
          "max" : 0,
          "mean" : 0.000000,
          "stddev" : 0.000000,
          "N" : 0
        },
        "lat_ns" : {
          "min" : 0,
          "max" : 0,
          "mean" : 0.000000,
          "stddev" : 0.000000,
          "N" : 0
        },
        "bw_min" : 0,
        "bw_max" : 0,
        "bw_agg" : 0.000000,
        "bw_mean" : 0.000000,
        "bw_dev" : 0.000000,
        "bw_samples" : 0,
        "iops_min" : 0,
        "iops_max" : 0,
        "iops_mean" : 0.000000,
        "iops_stddev" : 0.000000,
        "iops_samples" : 0
      },
      "sync" : {
        "total_ios" : 0,
        "lat_ns" : {
          "min" : 0,
          "max" : 0,
          "mean" : 0.000000,
          "stddev" : 0.000000,
          "N" : 0
        }
      },
      "job_runtime" : 7000,
      "usr_cpu" : 30.471429,
      "sys_cpu" : 69.571429,
      "ctx" : 20,
      "majf" : 0,
      "minf" : 1,
      "iodepth_level" : {
        "1" : 0.000000,
        "2" : 0.000000,
        "4" : 0.000000,
        "8" : 0.000000,
        "16" : 0.000000,
        "32" : 0.000000,
        ">=64" : 100.000000
      },
      "iodepth_submit" : {
        "0" : 0.000000,
        "4" : 100.000000,
        "8" : 0.000000,
        "16" : 0.000000,
        "32" : 0.000000,
        "64" : 0.000000,
        ">=64" : 0.000000
      },
      "iodepth_complete" : {
        "0" : 0.000000,
        "4" : 99.999979,
        "8" : 0.000000,
        "16" : 0.000000,
        "32" : 0.000000,
        "64" : 0.000000,
        ">=64" : 0.100000
      },
      "latency_ns" : {
        "2" : 0.000000,
        "4" : 0.000000,
        "10" : 0.000000,
        "20" : 0.000000,
        "50" : 0.000000,
        "100" : 0.000000,
        "250" : 0.000000,
        "500" : 0.000000,
        "750" : 0.000000,
        "1000" : 0.000000
      },
      "latency_us" : {
        "2" : 0.000000,
        "4" : 0.000000,
        "10" : 0.000000,
        "20" : 0.010000,
        "50" : 0.010000,
        "100" : 0.010000,
        "250" : 99.997859,
        "500" : 0.010000,
        "750" : 0.000000,
        "1000" : 0.000000
      },
      "latency_ms" : {
        "2" : 0.000000,
        "4" : 0.000000,
        "10" : 0.000000,
        "20" : 0.000000,
        "50" : 0.000000,
        "100" : 0.000000,
        "250" : 0.000000,
        "500" : 0.000000,
        "750" : 0.000000,
        "1000" : 0.000000,
        "2000" : 0.000000,
        ">=2000" : 0.000000
      },
      "latency_depth" : 128,
      "latency_target" : 0,
      "latency_percentile" : 100.000000,
      "latency_window" : 0
    }
  ],
  "disk_util" : [
    {
      "name" : "nvme0n1",
      "read_ios" : 6544352,
      "write_ios" : 0,
      "read_merges" : 0,
      "write_merges" : 0,
      "read_ticks" : 62611,
      "write_ticks" : 0,
      "in_queue" : 62611,
      "util" : 99.085923
    }
  ]
}

io_uring-reference: (groupid=0, jobs=1): err= 0: pid=18644: Sun Oct 30 10:20:47 2022
  read: IOPS=667k, BW=326MiB/s (342MB/s)(2281MiB/7001msec)
    slat (nsec): min=572, max=137374, avg=1182.25, stdev=464.44
    clat (usec): min=11, max=418, avg=190.37, stdev= 1.88
     lat (usec): min=12, max=420, avg=191.55, stdev= 1.89
    clat percentiles (usec):
     |  1.00th=[  186],  5.00th=[  188], 10.00th=[  190], 20.00th=[  190],
     | 30.00th=[  190], 40.00th=[  190], 50.00th=[  190], 60.00th=[  192],
     | 70.00th=[  192], 80.00th=[  192], 90.00th=[  192], 95.00th=[  194],
     | 99.00th=[  194], 99.50th=[  194], 99.90th=[  196], 99.95th=[  196],
     | 99.99th=[  200]
   bw (  KiB/s): min=332671, max=334709, per=100.00%, avg=333785.77, stdev=920.86, samples=13
   iops        : min=665342, max=669418, avg=667571.69, stdev=1841.58, samples=13
  lat (usec)   : 20=0.01%, 50=0.01%, 100=0.01%, 250=100.00%, 500=0.01%
  cpu          : usr=30.47%, sys=69.57%, ctx=20, majf=0, minf=1
  IO depths    : 1=0.0%, 2=0.0%, 4=0.0%, 8=0.0%, 16=0.0%, 32=0.0%, >=64=100.0%
     submit    : 0=0.0%, 4=100.0%, 8=0.0%, 16=0.0%, 32=0.0%, 64=0.0%, >=64=0.0%
     complete  : 0=0.0%, 4=100.0%, 8=0.0%, 16=0.0%, 32=0.0%, 64=0.0%, >=64=0.1%
     issued rwts: total=4671749,0,0,0 short=0,0,0,0 dropped=0,0,0,0
     latency   : target=0, window=0, percentile=100.00%, depth=128

Run status group 0 (all jobs):
   READ: bw=326MiB/s (342MB/s), 326MiB/s-326MiB/s (342MB/s-342MB/s), io=2281MiB (2392MB), run=7001-7001msec

Disk stats (read/write):
  nvme0n1: ios=6544352/0, merge=0/0, ticks=62611/0, in_queue=62611, util=99.09%
