io_uring_cmd-xnvme: (g=0): rw=randread, bs=(R) 512B-512B, (W) 512B-512B, (T) 512B-512B, ioengine=xnvme, iodepth=128
fio-3.32-75-gc470
Starting 1 thread
{
  "fio version" : "fio-3.32-75-gc470",
  "timestamp" : 1667166435,
  "timestamp_ms" : 1667166435357,
  "time" : "Sun Oct 30 16:47:15 2022",
  "jobs" : [
    {
      "jobname" : "io_uring_cmd-xnvme",
      "groupid" : 0,
      "error" : 0,
      "eta" : 0,
      "elapsed" : 11,
      "job options" : {
        "name" : "io_uring_cmd-xnvme",
        "rw" : "randread",
        "size" : "12G",
        "iodepth" : "128",
        "bs" : "512",
        "direct" : "0",
        "thread" : "1",
        "time_based" : "1",
        "runtime" : "7",
        "ramp_time" : "3",
        "norandommap" : "1",
        "allow_file_create" : "0",
        "ioengine" : "external:/usr/local/lib/x86_64-linux-gnu/libxnvme-fio-engine.so",
        "xnvme_be" : "linux",
        "xnvme_async" : "io_uring_cmd",
        "xnvme_sync" : "nvme",
        "xnvme_admin" : "nvme",
        "xnvme_dev_nsid" : "1",
        "filename" : "/dev/ng0n1",
        "cpus_allowed" : "1"
      },
      "read" : {
        "io_bytes" : 2205920256,
        "io_kbytes" : 2154219,
        "bw_bytes" : 315086452,
        "bw" : 307701,
        "iops" : 615384.945008,
        "runtime" : 7001,
        "total_ios" : 4308310,
        "short_ios" : 0,
        "drop_ios" : 0,
        "slat_ns" : {
          "min" : 584,
          "max" : 13859,
          "mean" : 1252.889576,
          "stddev" : 466.192506,
          "N" : 4308311
        },
        "clat_ns" : {
          "min" : 12893,
          "max" : 218176,
          "mean" : 206465.289016,
          "stddev" : 1663.647917,
          "N" : 4308437,
          "percentile" : {
            "1.000000" : 201728,
            "5.000000" : 203776,
            "10.000000" : 203776,
            "20.000000" : 205824,
            "30.000000" : 205824,
            "40.000000" : 205824,
            "50.000000" : 205824,
            "60.000000" : 205824,
            "70.000000" : 207872,
            "80.000000" : 207872,
            "90.000000" : 207872,
            "95.000000" : 209920,
            "99.000000" : 209920,
            "99.500000" : 209920,
            "99.900000" : 211968,
            "99.950000" : 211968,
            "99.990000" : 214016
          }
        },
        "lat_ns" : {
          "min" : 13592,
          "max" : 219624,
          "mean" : 207718.176864,
          "stddev" : 1669.475041,
          "N" : 4308437
        },
        "bw_min" : 307619,
        "bw_max" : 307969,
        "bw_agg" : 100.000000,
        "bw_mean" : 307743.642857,
        "bw_dev" : 95.619122,
        "bw_samples" : 14,
        "iops_min" : 615238,
        "iops_max" : 615939,
        "iops_mean" : 615487.357143,
        "iops_stddev" : 191.419639,
        "iops_samples" : 14
      },
      "write" : {
        "io_bytes" : 0,
        "io_kbytes" : 0,
        "bw_bytes" : 0,
        "bw" : 0,
        "iops" : 0.000000,
        "runtime" : 0,
        "total_ios" : 0,
        "short_ios" : 0,
        "drop_ios" : 0,
        "slat_ns" : {
          "min" : 0,
          "max" : 0,
          "mean" : 0.000000,
          "stddev" : 0.000000,
          "N" : 0
        },
        "clat_ns" : {
          "min" : 0,
          "max" : 0,
          "mean" : 0.000000,
          "stddev" : 0.000000,
          "N" : 0
        },
        "lat_ns" : {
          "min" : 0,
          "max" : 0,
          "mean" : 0.000000,
          "stddev" : 0.000000,
          "N" : 0
        },
        "bw_min" : 0,
        "bw_max" : 0,
        "bw_agg" : 0.000000,
        "bw_mean" : 0.000000,
        "bw_dev" : 0.000000,
        "bw_samples" : 0,
        "iops_min" : 0,
        "iops_max" : 0,
        "iops_mean" : 0.000000,
        "iops_stddev" : 0.000000,
        "iops_samples" : 0
      },
      "trim" : {
        "io_bytes" : 0,
        "io_kbytes" : 0,
        "bw_bytes" : 0,
        "bw" : 0,
        "iops" : 0.000000,
        "runtime" : 0,
        "total_ios" : 0,
        "short_ios" : 0,
        "drop_ios" : 0,
        "slat_ns" : {
          "min" : 0,
          "max" : 0,
          "mean" : 0.000000,
          "stddev" : 0.000000,
          "N" : 0
        },
        "clat_ns" : {
          "min" : 0,
          "max" : 0,
          "mean" : 0.000000,
          "stddev" : 0.000000,
          "N" : 0
        },
        "lat_ns" : {
          "min" : 0,
          "max" : 0,
          "mean" : 0.000000,
          "stddev" : 0.000000,
          "N" : 0
        },
        "bw_min" : 0,
        "bw_max" : 0,
        "bw_agg" : 0.000000,
        "bw_mean" : 0.000000,
        "bw_dev" : 0.000000,
        "bw_samples" : 0,
        "iops_min" : 0,
        "iops_max" : 0,
        "iops_mean" : 0.000000,
        "iops_stddev" : 0.000000,
        "iops_samples" : 0
      },
      "sync" : {
        "total_ios" : 0,
        "lat_ns" : {
          "min" : 0,
          "max" : 0,
          "mean" : 0.000000,
          "stddev" : 0.000000,
          "N" : 0
        }
      },
      "job_runtime" : 7000,
      "usr_cpu" : 24.285714,
      "sys_cpu" : 75.742857,
      "ctx" : 18,
      "majf" : 0,
      "minf" : 0,
      "iodepth_level" : {
        "1" : 0.000000,
        "2" : 0.000000,
        "4" : 0.000000,
        "8" : 0.000000,
        "16" : 0.000000,
        "32" : 0.000000,
        ">=64" : 100.000000
      },
      "iodepth_submit" : {
        "0" : 0.000000,
        "4" : 100.000000,
        "8" : 0.000000,
        "16" : 0.000000,
        "32" : 0.000000,
        "64" : 0.000000,
        ">=64" : 0.000000
      },
      "iodepth_complete" : {
        "0" : 0.000000,
        "4" : 99.999988,
        "8" : 0.000000,
        "16" : 0.000000,
        "32" : 0.000000,
        "64" : 0.000000,
        ">=64" : 0.100000
      },
      "latency_ns" : {
        "2" : 0.000000,
        "4" : 0.000000,
        "10" : 0.000000,
        "20" : 0.000000,
        "50" : 0.000000,
        "100" : 0.000000,
        "250" : 0.000000,
        "500" : 0.000000,
        "750" : 0.000000,
        "1000" : 0.000000
      },
      "latency_us" : {
        "2" : 0.000000,
        "4" : 0.000000,
        "10" : 0.000000,
        "20" : 0.010000,
        "50" : 0.010000,
        "100" : 0.010000,
        "250" : 100.001694,
        "500" : 0.000000,
        "750" : 0.000000,
        "1000" : 0.000000
      },
      "latency_ms" : {
        "2" : 0.000000,
        "4" : 0.000000,
        "10" : 0.000000,
        "20" : 0.000000,
        "50" : 0.000000,
        "100" : 0.000000,
        "250" : 0.000000,
        "500" : 0.000000,
        "750" : 0.000000,
        "1000" : 0.000000,
        "2000" : 0.000000,
        ">=2000" : 0.000000
      },
      "latency_depth" : 128,
      "latency_target" : 0,
      "latency_percentile" : 100.000000,
      "latency_window" : 0
    }
  ]
}

io_uring_cmd-xnvme: (groupid=0, jobs=1): err= 0: pid=38623: Sun Oct 30 16:47:15 2022
  read: IOPS=615k, BW=300MiB/s (315MB/s)(2104MiB/7001msec)
    slat (nsec): min=584, max=13859, avg=1252.89, stdev=466.19
    clat (usec): min=12, max=218, avg=206.47, stdev= 1.66
     lat (usec): min=13, max=219, avg=207.72, stdev= 1.67
    clat percentiles (usec):
     |  1.00th=[  202],  5.00th=[  204], 10.00th=[  204], 20.00th=[  206],
     | 30.00th=[  206], 40.00th=[  206], 50.00th=[  206], 60.00th=[  206],
     | 70.00th=[  208], 80.00th=[  208], 90.00th=[  208], 95.00th=[  210],
     | 99.00th=[  210], 99.50th=[  210], 99.90th=[  212], 99.95th=[  212],
     | 99.99th=[  215]
   bw (  KiB/s): min=307619, max=307969, per=100.00%, avg=307743.64, stdev=95.62, samples=14
   iops        : min=615238, max=615939, avg=615487.36, stdev=191.42, samples=14
  lat (usec)   : 20=0.01%, 50=0.01%, 100=0.01%, 250=100.00%
  cpu          : usr=24.29%, sys=75.74%, ctx=18, majf=0, minf=0
  IO depths    : 1=0.0%, 2=0.0%, 4=0.0%, 8=0.0%, 16=0.0%, 32=0.0%, >=64=100.0%
     submit    : 0=0.0%, 4=100.0%, 8=0.0%, 16=0.0%, 32=0.0%, 64=0.0%, >=64=0.0%
     complete  : 0=0.0%, 4=100.0%, 8=0.0%, 16=0.0%, 32=0.0%, 64=0.0%, >=64=0.1%
     issued rwts: total=4308310,0,0,0 short=0,0,0,0 dropped=0,0,0,0
     latency   : target=0, window=0, percentile=100.00%, depth=128

Run status group 0 (all jobs):
   READ: bw=300MiB/s (315MB/s), 300MiB/s-300MiB/s (315MB/s-315MB/s), io=2104MiB (2206MB), run=7001-7001msec
