io_uring-bdev_xnvme: (g=0): rw=randread, bs=(R) 512B-512B, (W) 512B-512B, (T) 512B-512B, ioengine=spdk_bdev, iodepth=128
fio-3.32-75-gc470
Starting 1 thread
{
  "fio version" : "fio-3.32-75-gc470",
  "timestamp" : 1667166493,
  "timestamp_ms" : 1667166493355,
  "time" : "Sun Oct 30 16:48:13 2022",
  "jobs" : [
    {
      "jobname" : "io_uring-bdev_xnvme",
      "groupid" : 0,
      "error" : 0,
      "eta" : 0,
      "elapsed" : 11,
      "job options" : {
        "name" : "io_uring-bdev_xnvme",
        "rw" : "randread",
        "size" : "12G",
        "iodepth" : "128",
        "bs" : "512",
        "direct" : "1",
        "thread" : "1",
        "time_based" : "1",
        "runtime" : "7",
        "ramp_time" : "3",
        "norandommap" : "1",
        "allow_file_create" : "0",
        "ioengine" : "spdk_bdev",
        "spdk_conf" : "/tmp/spdk_bdev_xnvme_io_uring.conf",
        "filename" : "Nvme0n1",
        "cpus_allowed" : "1"
      },
      "read" : {
        "io_bytes" : 3327152640,
        "io_kbytes" : 3249172,
        "bw_bytes" : 475239628,
        "bw" : 464101,
        "iops" : 928184.116555,
        "runtime" : 7001,
        "total_ios" : 6498217,
        "short_ios" : 0,
        "drop_ios" : 0,
        "slat_ns" : {
          "min" : 679,
          "max" : 16946,
          "mean" : 831.212863,
          "stddev" : 876.070564,
          "N" : 6498218
        },
        "clat_ns" : {
          "min" : 13559,
          "max" : 158906,
          "mean" : 136903.924957,
          "stddev" : 2998.232772,
          "N" : 6498344,
          "percentile" : {
            "1.000000" : 134144,
            "5.000000" : 134144,
            "10.000000" : 134144,
            "20.000000" : 134144,
            "30.000000" : 134144,
            "40.000000" : 136192,
            "50.000000" : 136192,
            "60.000000" : 138240,
            "70.000000" : 138240,
            "80.000000" : 138240,
            "90.000000" : 138240,
            "95.000000" : 144384,
            "99.000000" : 148480,
            "99.500000" : 148480,
            "99.900000" : 148480,
            "99.950000" : 148480,
            "99.990000" : 150528
          }
        },
        "lat_ns" : {
          "min" : 14285,
          "max" : 159684,
          "mean" : 137735.137696,
          "stddev" : 3118.068377,
          "N" : 6498344
        },
        "bw_min" : 464036,
        "bw_max" : 464577,
        "bw_agg" : 100.000000,
        "bw_mean" : 464316.071429,
        "bw_dev" : 170.783022,
        "bw_samples" : 14,
        "iops_min" : 928072,
        "iops_max" : 929154,
        "iops_mean" : 928632.500000,
        "iops_stddev" : 342.005567,
        "iops_samples" : 14
      },
      "write" : {
        "io_bytes" : 0,
        "io_kbytes" : 0,
        "bw_bytes" : 0,
        "bw" : 0,
        "iops" : 0.000000,
        "runtime" : 0,
        "total_ios" : 0,
        "short_ios" : 0,
        "drop_ios" : 0,
        "slat_ns" : {
          "min" : 0,
          "max" : 0,
          "mean" : 0.000000,
          "stddev" : 0.000000,
          "N" : 0
        },
        "clat_ns" : {
          "min" : 0,
          "max" : 0,
          "mean" : 0.000000,
          "stddev" : 0.000000,
          "N" : 0
        },
        "lat_ns" : {
          "min" : 0,
          "max" : 0,
          "mean" : 0.000000,
          "stddev" : 0.000000,
          "N" : 0
        },
        "bw_min" : 0,
        "bw_max" : 0,
        "bw_agg" : 0.000000,
        "bw_mean" : 0.000000,
        "bw_dev" : 0.000000,
        "bw_samples" : 0,
        "iops_min" : 0,
        "iops_max" : 0,
        "iops_mean" : 0.000000,
        "iops_stddev" : 0.000000,
        "iops_samples" : 0
      },
      "trim" : {
        "io_bytes" : 0,
        "io_kbytes" : 0,
        "bw_bytes" : 0,
        "bw" : 0,
        "iops" : 0.000000,
        "runtime" : 0,
        "total_ios" : 0,
        "short_ios" : 0,
        "drop_ios" : 0,
        "slat_ns" : {
          "min" : 0,
          "max" : 0,
          "mean" : 0.000000,
          "stddev" : 0.000000,
          "N" : 0
        },
        "clat_ns" : {
          "min" : 0,
          "max" : 0,
          "mean" : 0.000000,
          "stddev" : 0.000000,
          "N" : 0
        },
        "lat_ns" : {
          "min" : 0,
          "max" : 0,
          "mean" : 0.000000,
          "stddev" : 0.000000,
          "N" : 0
        },
        "bw_min" : 0,
        "bw_max" : 0,
        "bw_agg" : 0.000000,
        "bw_mean" : 0.000000,
        "bw_dev" : 0.000000,
        "bw_samples" : 0,
        "iops_min" : 0,
        "iops_max" : 0,
        "iops_mean" : 0.000000,
        "iops_stddev" : 0.000000,
        "iops_samples" : 0
      },
      "sync" : {
        "total_ios" : 0,
        "lat_ns" : {
          "min" : 0,
          "max" : 0,
          "mean" : 0.000000,
          "stddev" : 0.000000,
          "N" : 0
        }
      },
      "job_runtime" : 7000,
      "usr_cpu" : 38.900000,
      "sys_cpu" : 61.071429,
      "ctx" : 13,
      "majf" : 0,
      "minf" : 0,
      "iodepth_level" : {
        "1" : 0.000000,
        "2" : 0.000000,
        "4" : 0.000000,
        "8" : 0.000000,
        "16" : 0.000000,
        "32" : 0.000000,
        ">=64" : 100.000000
      },
      "iodepth_submit" : {
        "0" : 0.000000,
        "4" : 100.000000,
        "8" : 0.000000,
        "16" : 0.000000,
        "32" : 0.000000,
        "64" : 0.000000,
        ">=64" : 0.000000
      },
      "iodepth_complete" : {
        "0" : 0.000000,
        "4" : 99.999992,
        "8" : 0.000000,
        "16" : 0.000000,
        "32" : 0.000000,
        "64" : 0.000000,
        ">=64" : 0.100000
      },
      "latency_ns" : {
        "2" : 0.000000,
        "4" : 0.000000,
        "10" : 0.000000,
        "20" : 0.000000,
        "50" : 0.000000,
        "100" : 0.000000,
        "250" : 0.000000,
        "500" : 0.000000,
        "750" : 0.000000,
        "1000" : 0.000000
      },
      "latency_us" : {
        "2" : 0.000000,
        "4" : 0.000000,
        "10" : 0.000000,
        "20" : 0.010000,
        "50" : 0.010000,
        "100" : 0.010000,
        "250" : 100.000739,
        "500" : 0.000000,
        "750" : 0.000000,
        "1000" : 0.000000
      },
      "latency_ms" : {
        "2" : 0.000000,
        "4" : 0.000000,
        "10" : 0.000000,
        "20" : 0.000000,
        "50" : 0.000000,
        "100" : 0.000000,
        "250" : 0.000000,
        "500" : 0.000000,
        "750" : 0.000000,
        "1000" : 0.000000,
        "2000" : 0.000000,
        ">=2000" : 0.000000
      },
      "latency_depth" : 128,
      "latency_target" : 0,
      "latency_percentile" : 100.000000,
      "latency_window" : 0
    }
  ]
}

io_uring-bdev_xnvme: (groupid=0, jobs=1): err= 0: pid=38826: Sun Oct 30 16:48:13 2022
  read: IOPS=928k, BW=453MiB/s (475MB/s)(3173MiB/7001msec)
    slat (nsec): min=679, max=16946, avg=831.21, stdev=876.07
    clat (usec): min=13, max=158, avg=136.90, stdev= 3.00
     lat (usec): min=14, max=159, avg=137.74, stdev= 3.12
    clat percentiles (usec):
     |  1.00th=[  135],  5.00th=[  135], 10.00th=[  135], 20.00th=[  135],
     | 30.00th=[  135], 40.00th=[  137], 50.00th=[  137], 60.00th=[  139],
     | 70.00th=[  139], 80.00th=[  139], 90.00th=[  139], 95.00th=[  145],
     | 99.00th=[  149], 99.50th=[  149], 99.90th=[  149], 99.95th=[  149],
     | 99.99th=[  151]
   bw (  KiB/s): min=464036, max=464577, per=100.00%, avg=464316.07, stdev=170.78, samples=14
   iops        : min=928072, max=929154, avg=928632.50, stdev=342.01, samples=14
  lat (usec)   : 20=0.01%, 50=0.01%, 100=0.01%, 250=100.00%
  cpu          : usr=38.90%, sys=61.07%, ctx=13, majf=0, minf=0
  IO depths    : 1=0.0%, 2=0.0%, 4=0.0%, 8=0.0%, 16=0.0%, 32=0.0%, >=64=100.0%
     submit    : 0=0.0%, 4=100.0%, 8=0.0%, 16=0.0%, 32=0.0%, 64=0.0%, >=64=0.0%
     complete  : 0=0.0%, 4=100.0%, 8=0.0%, 16=0.0%, 32=0.0%, 64=0.0%, >=64=0.1%
     issued rwts: total=6498217,0,0,0 short=0,0,0,0 dropped=0,0,0,0
     latency   : target=0, window=0, percentile=100.00%, depth=128

Run status group 0 (all jobs):
   READ: bw=453MiB/s (475MB/s), 453MiB/s-453MiB/s (475MB/s-475MB/s), io=3173MiB (3327MB), run=7001-7001msec
