io_uring_cmd-bdev_xnvme: (g=0): rw=randread, bs=(R) 512B-512B, (W) 512B-512B, (T) 512B-512B, ioengine=spdk_bdev, iodepth=128
fio-3.32-75-gc470
Starting 1 thread
{
  "fio version" : "fio-3.32-75-gc470",
  "timestamp" : 1667166450,
  "timestamp_ms" : 1667166450132,
  "time" : "Sun Oct 30 16:47:30 2022",
  "jobs" : [
    {
      "jobname" : "io_uring_cmd-bdev_xnvme",
      "groupid" : 0,
      "error" : 0,
      "eta" : 0,
      "elapsed" : 11,
      "job options" : {
        "name" : "io_uring_cmd-bdev_xnvme",
        "rw" : "randread",
        "size" : "12G",
        "iodepth" : "128",
        "bs" : "512",
        "direct" : "0",
        "thread" : "1",
        "time_based" : "1",
        "runtime" : "7",
        "ramp_time" : "3",
        "norandommap" : "1",
        "allow_file_create" : "0",
        "ioengine" : "spdk_bdev",
        "spdk_conf" : "/tmp/spdk_bdev_xnvme_io_uring_cmd.conf",
        "filename" : "Nvme0n1",
        "cpus_allowed" : "1"
      },
      "read" : {
        "io_bytes" : 4045367296,
        "io_kbytes" : 3950554,
        "bw_bytes" : 577827066,
        "bw" : 564284,
        "iops" : 1128550.349950,
        "runtime" : 7001,
        "total_ios" : 7900981,
        "short_ios" : 0,
        "drop_ios" : 0,
        "slat_ns" : {
          "min" : 95,
          "max" : 5375,
          "mean" : 161.249975,
          "stddev" : 34.831419,
          "N" : 7900981
        },
        "clat_ns" : {
          "min" : 95663,
          "max" : 221014,
          "mean" : 112486.763433,
          "stddev" : 3417.341181,
          "N" : 7901108,
          "percentile" : {
            "1.000000" : 103936,
            "5.000000" : 107008,
            "10.000000" : 108032,
            "20.000000" : 110080,
            "30.000000" : 111104,
            "40.000000" : 112128,
            "50.000000" : 112128,
            "60.000000" : 113152,
            "70.000000" : 113152,
            "80.000000" : 114176,
            "90.000000" : 116224,
            "95.000000" : 119296,
            "99.000000" : 122368,
            "99.500000" : 123392,
            "99.900000" : 125440,
            "99.950000" : 126464,
            "99.990000" : 128512
          }
        },
        "lat_ns" : {
          "min" : 95807,
          "max" : 221177,
          "mean" : 112648.013430,
          "stddev" : 3419.482032,
          "N" : 7901108
        },
        "bw_min" : 562949,
        "bw_max" : 565412,
        "bw_agg" : 100.000000,
        "bw_mean" : 564554.214286,
        "bw_dev" : 682.244844,
        "bw_samples" : 14,
        "iops_min" : 1125898,
        "iops_max" : 1130824,
        "iops_mean" : 1129108.642857,
        "iops_stddev" : 1364.461720,
        "iops_samples" : 14
      },
      "write" : {
        "io_bytes" : 0,
        "io_kbytes" : 0,
        "bw_bytes" : 0,
        "bw" : 0,
        "iops" : 0.000000,
        "runtime" : 0,
        "total_ios" : 0,
        "short_ios" : 0,
        "drop_ios" : 0,
        "slat_ns" : {
          "min" : 0,
          "max" : 0,
          "mean" : 0.000000,
          "stddev" : 0.000000,
          "N" : 0
        },
        "clat_ns" : {
          "min" : 0,
          "max" : 0,
          "mean" : 0.000000,
          "stddev" : 0.000000,
          "N" : 0
        },
        "lat_ns" : {
          "min" : 0,
          "max" : 0,
          "mean" : 0.000000,
          "stddev" : 0.000000,
          "N" : 0
        },
        "bw_min" : 0,
        "bw_max" : 0,
        "bw_agg" : 0.000000,
        "bw_mean" : 0.000000,
        "bw_dev" : 0.000000,
        "bw_samples" : 0,
        "iops_min" : 0,
        "iops_max" : 0,
        "iops_mean" : 0.000000,
        "iops_stddev" : 0.000000,
        "iops_samples" : 0
      },
      "trim" : {
        "io_bytes" : 0,
        "io_kbytes" : 0,
        "bw_bytes" : 0,
        "bw" : 0,
        "iops" : 0.000000,
        "runtime" : 0,
        "total_ios" : 0,
        "short_ios" : 0,
        "drop_ios" : 0,
        "slat_ns" : {
          "min" : 0,
          "max" : 0,
          "mean" : 0.000000,
          "stddev" : 0.000000,
          "N" : 0
        },
        "clat_ns" : {
          "min" : 0,
          "max" : 0,
          "mean" : 0.000000,
          "stddev" : 0.000000,
          "N" : 0
        },
        "lat_ns" : {
          "min" : 0,
          "max" : 0,
          "mean" : 0.000000,
          "stddev" : 0.000000,
          "N" : 0
        },
        "bw_min" : 0,
        "bw_max" : 0,
        "bw_agg" : 0.000000,
        "bw_mean" : 0.000000,
        "bw_dev" : 0.000000,
        "bw_samples" : 0,
        "iops_min" : 0,
        "iops_max" : 0,
        "iops_mean" : 0.000000,
        "iops_stddev" : 0.000000,
        "iops_samples" : 0
      },
      "sync" : {
        "total_ios" : 0,
        "lat_ns" : {
          "min" : 0,
          "max" : 0,
          "mean" : 0.000000,
          "stddev" : 0.000000,
          "N" : 0
        }
      },
      "job_runtime" : 7000,
      "usr_cpu" : 99.985714,
      "sys_cpu" : 0.000000,
      "ctx" : 17,
      "majf" : 0,
      "minf" : 0,
      "iodepth_level" : {
        "1" : 0.000000,
        "2" : 0.000000,
        "4" : 0.000000,
        "8" : 0.000000,
        "16" : 0.000000,
        "32" : 0.000000,
        ">=64" : 100.000000
      },
      "iodepth_submit" : {
        "0" : 0.000000,
        "4" : 100.000000,
        "8" : 0.000000,
        "16" : 0.000000,
        "32" : 0.000000,
        "64" : 0.000000,
        ">=64" : 0.000000
      },
      "iodepth_complete" : {
        "0" : 0.000000,
        "4" : 93.183969,
        "8" : 6.816022,
        "16" : 0.000000,
        "32" : 0.000000,
        "64" : 0.000000,
        ">=64" : 0.100000
      },
      "latency_ns" : {
        "2" : 0.000000,
        "4" : 0.000000,
        "10" : 0.000000,
        "20" : 0.000000,
        "50" : 0.000000,
        "100" : 0.000000,
        "250" : 0.000000,
        "500" : 0.000000,
        "750" : 0.000000,
        "1000" : 0.000000
      },
      "latency_us" : {
        "2" : 0.000000,
        "4" : 0.000000,
        "10" : 0.000000,
        "20" : 0.000000,
        "50" : 0.000000,
        "100" : 0.050601,
        "250" : 99.951006,
        "500" : 0.000000,
        "750" : 0.000000,
        "1000" : 0.000000
      },
      "latency_ms" : {
        "2" : 0.000000,
        "4" : 0.000000,
        "10" : 0.000000,
        "20" : 0.000000,
        "50" : 0.000000,
        "100" : 0.000000,
        "250" : 0.000000,
        "500" : 0.000000,
        "750" : 0.000000,
        "1000" : 0.000000,
        "2000" : 0.000000,
        ">=2000" : 0.000000
      },
      "latency_depth" : 128,
      "latency_target" : 0,
      "latency_percentile" : 100.000000,
      "latency_window" : 0
    }
  ]
}

io_uring_cmd-bdev_xnvme: (groupid=0, jobs=1): err= 0: pid=38677: Sun Oct 30 16:47:30 2022
  read: IOPS=1129k, BW=551MiB/s (578MB/s)(3858MiB/7001msec)
    slat (nsec): min=95, max=5375, avg=161.25, stdev=34.83
    clat (usec): min=95, max=221, avg=112.49, stdev= 3.42
     lat (usec): min=95, max=221, avg=112.65, stdev= 3.42
    clat percentiles (usec):
     |  1.00th=[  104],  5.00th=[  108], 10.00th=[  109], 20.00th=[  111],
     | 30.00th=[  112], 40.00th=[  113], 50.00th=[  113], 60.00th=[  114],
     | 70.00th=[  114], 80.00th=[  115], 90.00th=[  117], 95.00th=[  120],
     | 99.00th=[  123], 99.50th=[  124], 99.90th=[  126], 99.95th=[  127],
     | 99.99th=[  129]
   bw (  KiB/s): min=562949, max=565412, per=100.00%, avg=564554.21, stdev=682.24, samples=14
   iops        : min=1125898, max=1130824, avg=1129108.64, stdev=1364.46, samples=14
  lat (usec)   : 100=0.05%, 250=99.95%
  cpu          : usr=99.99%, sys=0.00%, ctx=17, majf=0, minf=0
  IO depths    : 1=0.0%, 2=0.0%, 4=0.0%, 8=0.0%, 16=0.0%, 32=0.0%, >=64=100.0%
     submit    : 0=0.0%, 4=100.0%, 8=0.0%, 16=0.0%, 32=0.0%, 64=0.0%, >=64=0.0%
     complete  : 0=0.0%, 4=93.2%, 8=6.8%, 16=0.0%, 32=0.0%, 64=0.0%, >=64=0.1%
     issued rwts: total=7900981,0,0,0 short=0,0,0,0 dropped=0,0,0,0
     latency   : target=0, window=0, percentile=100.00%, depth=128

Run status group 0 (all jobs):
   READ: bw=551MiB/s (578MB/s), 551MiB/s-551MiB/s (578MB/s-578MB/s), io=3858MiB (4045MB), run=7001-7001msec
