io_uring-bdev_xnvme: (g=0): rw=randread, bs=(R) 512B-512B, (W) 512B-512B, (T) 512B-512B, ioengine=spdk_bdev, iodepth=1
fio-3.32-75-gc470
Starting 1 thread
{
  "fio version" : "fio-3.32-75-gc470",
  "timestamp" : 1667176110,
  "timestamp_ms" : 1667176110181,
  "time" : "Sun Oct 30 19:28:30 2022",
  "jobs" : [
    {
      "jobname" : "io_uring-bdev_xnvme",
      "groupid" : 0,
      "error" : 0,
      "eta" : 0,
      "elapsed" : 11,
      "job options" : {
        "name" : "io_uring-bdev_xnvme",
        "rw" : "randread",
        "size" : "12G",
        "iodepth" : "1",
        "bs" : "512",
        "direct" : "1",
        "thread" : "1",
        "time_based" : "1",
        "runtime" : "7",
        "ramp_time" : "3",
        "norandommap" : "1",
        "allow_file_create" : "0",
        "ioengine" : "spdk_bdev",
        "spdk_conf" : "/tmp/spdk_bdev_xnvme_io_uring.conf",
        "filename" : "Nvme0n1",
        "cpus_allowed" : "1"
      },
      "read" : {
        "io_bytes" : 406945280,
        "io_kbytes" : 397407,
        "bw_bytes" : 58126736,
        "bw" : 56764,
        "iops" : 113528.781603,
        "runtime" : 7001,
        "total_ios" : 794815,
        "short_ios" : 0,
        "drop_ios" : 0,
        "slat_ns" : {
          "min" : 735,
          "max" : 5386,
          "mean" : 805.516213,
          "stddev" : 22.516927,
          "N" : 794815
        },
        "clat_ns" : {
          "min" : 3594,
          "max" : 12526,
          "mean" : 7848.669348,
          "stddev" : 169.172642,
          "N" : 794815,
          "percentile" : {
            "1.000000" : 7456,
            "5.000000" : 7520,
            "10.000000" : 7648,
            "20.000000" : 7712,
            "30.000000" : 7776,
            "40.000000" : 7840,
            "50.000000" : 7840,
            "60.000000" : 7904,
            "70.000000" : 7904,
            "80.000000" : 7968,
            "90.000000" : 8096,
            "95.000000" : 8096,
            "99.000000" : 8160,
            "99.500000" : 8256,
            "99.900000" : 8384,
            "99.950000" : 8384,
            "99.990000" : 8896
          }
        },
        "lat_ns" : {
          "min" : 8087,
          "max" : 13313,
          "mean" : 8654.185561,
          "stddev" : 169.705847,
          "N" : 794815
        },
        "bw_min" : 56602,
        "bw_max" : 57020,
        "bw_agg" : 100.000000,
        "bw_mean" : 56792.428571,
        "bw_dev" : 116.361317,
        "bw_samples" : 14,
        "iops_min" : 113204,
        "iops_max" : 114040,
        "iops_mean" : 113585.000000,
        "iops_stddev" : 232.649621,
        "iops_samples" : 14
      },
      "write" : {
        "io_bytes" : 0,
        "io_kbytes" : 0,
        "bw_bytes" : 0,
        "bw" : 0,
        "iops" : 0.000000,
        "runtime" : 0,
        "total_ios" : 0,
        "short_ios" : 0,
        "drop_ios" : 0,
        "slat_ns" : {
          "min" : 0,
          "max" : 0,
          "mean" : 0.000000,
          "stddev" : 0.000000,
          "N" : 0
        },
        "clat_ns" : {
          "min" : 0,
          "max" : 0,
          "mean" : 0.000000,
          "stddev" : 0.000000,
          "N" : 0
        },
        "lat_ns" : {
          "min" : 0,
          "max" : 0,
          "mean" : 0.000000,
          "stddev" : 0.000000,
          "N" : 0
        },
        "bw_min" : 0,
        "bw_max" : 0,
        "bw_agg" : 0.000000,
        "bw_mean" : 0.000000,
        "bw_dev" : 0.000000,
        "bw_samples" : 0,
        "iops_min" : 0,
        "iops_max" : 0,
        "iops_mean" : 0.000000,
        "iops_stddev" : 0.000000,
        "iops_samples" : 0
      },
      "trim" : {
        "io_bytes" : 0,
        "io_kbytes" : 0,
        "bw_bytes" : 0,
        "bw" : 0,
        "iops" : 0.000000,
        "runtime" : 0,
        "total_ios" : 0,
        "short_ios" : 0,
        "drop_ios" : 0,
        "slat_ns" : {
          "min" : 0,
          "max" : 0,
          "mean" : 0.000000,
          "stddev" : 0.000000,
          "N" : 0
        },
        "clat_ns" : {
          "min" : 0,
          "max" : 0,
          "mean" : 0.000000,
          "stddev" : 0.000000,
          "N" : 0
        },
        "lat_ns" : {
          "min" : 0,
          "max" : 0,
          "mean" : 0.000000,
          "stddev" : 0.000000,
          "N" : 0
        },
        "bw_min" : 0,
        "bw_max" : 0,
        "bw_agg" : 0.000000,
        "bw_mean" : 0.000000,
        "bw_dev" : 0.000000,
        "bw_samples" : 0,
        "iops_min" : 0,
        "iops_max" : 0,
        "iops_mean" : 0.000000,
        "iops_stddev" : 0.000000,
        "iops_samples" : 0
      },
      "sync" : {
        "total_ios" : 0,
        "lat_ns" : {
          "min" : 0,
          "max" : 0,
          "mean" : 0.000000,
          "stddev" : 0.000000,
          "N" : 0
        }
      },
      "job_runtime" : 7000,
      "usr_cpu" : 5.642857,
      "sys_cpu" : 94.328571,
      "ctx" : 18,
      "majf" : 0,
      "minf" : 0,
      "iodepth_level" : {
        "1" : 100.000000,
        "2" : 0.000000,
        "4" : 0.000000,
        "8" : 0.000000,
        "16" : 0.000000,
        "32" : 0.000000,
        ">=64" : 0.000000
      },
      "iodepth_submit" : {
        "0" : 0.000000,
        "4" : 100.000000,
        "8" : 0.000000,
        "16" : 0.000000,
        "32" : 0.000000,
        "64" : 0.000000,
        ">=64" : 0.000000
      },
      "iodepth_complete" : {
        "0" : 0.000000,
        "4" : 100.000000,
        "8" : 0.000000,
        "16" : 0.000000,
        "32" : 0.000000,
        "64" : 0.000000,
        ">=64" : 0.000000
      },
      "latency_ns" : {
        "2" : 0.000000,
        "4" : 0.000000,
        "10" : 0.000000,
        "20" : 0.000000,
        "50" : 0.000000,
        "100" : 0.000000,
        "250" : 0.000000,
        "500" : 0.000000,
        "750" : 0.000000,
        "1000" : 0.000000
      },
      "latency_us" : {
        "2" : 0.000000,
        "4" : 0.010000,
        "10" : 99.999245,
        "20" : 0.010000,
        "50" : 0.000000,
        "100" : 0.000000,
        "250" : 0.000000,
        "500" : 0.000000,
        "750" : 0.000000,
        "1000" : 0.000000
      },
      "latency_ms" : {
        "2" : 0.000000,
        "4" : 0.000000,
        "10" : 0.000000,
        "20" : 0.000000,
        "50" : 0.000000,
        "100" : 0.000000,
        "250" : 0.000000,
        "500" : 0.000000,
        "750" : 0.000000,
        "1000" : 0.000000,
        "2000" : 0.000000,
        ">=2000" : 0.000000
      },
      "latency_depth" : 1,
      "latency_target" : 0,
      "latency_percentile" : 100.000000,
      "latency_window" : 0
    }
  ]
}

io_uring-bdev_xnvme: (groupid=0, jobs=1): err= 0: pid=50616: Sun Oct 30 19:28:30 2022
  read: IOPS=114k, BW=55.4MiB/s (58.1MB/s)(388MiB/7001msec)
    slat (nsec): min=735, max=5386, avg=805.52, stdev=22.52
    clat (nsec): min=3594, max=12526, avg=7848.67, stdev=169.17
     lat (nsec): min=8087, max=13313, avg=8654.19, stdev=169.71
    clat percentiles (nsec):
     |  1.00th=[ 7456],  5.00th=[ 7520], 10.00th=[ 7648], 20.00th=[ 7712],
     | 30.00th=[ 7776], 40.00th=[ 7840], 50.00th=[ 7840], 60.00th=[ 7904],
     | 70.00th=[ 7904], 80.00th=[ 7968], 90.00th=[ 8096], 95.00th=[ 8096],
     | 99.00th=[ 8160], 99.50th=[ 8256], 99.90th=[ 8384], 99.95th=[ 8384],
     | 99.99th=[ 8896]
   bw (  KiB/s): min=56602, max=57020, per=100.00%, avg=56792.43, stdev=116.36, samples=14
   iops        : min=113204, max=114040, avg=113585.00, stdev=232.65, samples=14
  lat (usec)   : 4=0.01%, 10=100.00%, 20=0.01%
  cpu          : usr=5.64%, sys=94.33%, ctx=18, majf=0, minf=0
  IO depths    : 1=100.0%, 2=0.0%, 4=0.0%, 8=0.0%, 16=0.0%, 32=0.0%, >=64=0.0%
     submit    : 0=0.0%, 4=100.0%, 8=0.0%, 16=0.0%, 32=0.0%, 64=0.0%, >=64=0.0%
     complete  : 0=0.0%, 4=100.0%, 8=0.0%, 16=0.0%, 32=0.0%, 64=0.0%, >=64=0.0%
     issued rwts: total=794815,0,0,0 short=0,0,0,0 dropped=0,0,0,0
     latency   : target=0, window=0, percentile=100.00%, depth=1

Run status group 0 (all jobs):
   READ: bw=55.4MiB/s (58.1MB/s), 55.4MiB/s-55.4MiB/s (58.1MB/s-58.1MB/s), io=388MiB (407MB), run=7001-7001msec
