libaio-xnvme: (g=0): rw=randread, bs=(R) 512B-512B, (W) 512B-512B, (T) 512B-512B, ioengine=xnvme, iodepth=1
fio-3.32-75-gc470
Starting 1 thread
{
  "fio version" : "fio-3.32-75-gc470",
  "timestamp" : 1667176181,
  "timestamp_ms" : 1667176181042,
  "time" : "Sun Oct 30 19:29:41 2022",
  "jobs" : [
    {
      "jobname" : "libaio-xnvme",
      "groupid" : 0,
      "error" : 0,
      "eta" : 0,
      "elapsed" : 11,
      "job options" : {
        "name" : "libaio-xnvme",
        "rw" : "randread",
        "size" : "12G",
        "iodepth" : "1",
        "bs" : "512",
        "direct" : "1",
        "thread" : "1",
        "time_based" : "1",
        "runtime" : "7",
        "ramp_time" : "3",
        "norandommap" : "1",
        "allow_file_create" : "0",
        "ioengine" : "external:/usr/local/lib/x86_64-linux-gnu/libxnvme-fio-engine.so",
        "xnvme_be" : "linux",
        "xnvme_async" : "libaio",
        "xnvme_sync" : "nvme",
        "xnvme_admin" : "nvme",
        "xnvme_dev_nsid" : "1",
        "filename" : "/dev/nvme0n1",
        "cpus_allowed" : "1"
      },
      "read" : {
        "io_bytes" : 329665024,
        "io_kbytes" : 321938,
        "bw_bytes" : 47088276,
        "bw" : 45984,
        "iops" : 91969.290101,
        "runtime" : 7001,
        "total_ios" : 643877,
        "short_ios" : 0,
        "drop_ios" : 0,
        "slat_ns" : {
          "min" : 750,
          "max" : 5418,
          "mean" : 829.643402,
          "stddev" : 34.306325,
          "N" : 643877
        },
        "clat_ns" : {
          "min" : 7874,
          "max" : 142054,
          "mean" : 9852.439269,
          "stddev" : 217.771348,
          "N" : 643877,
          "percentile" : {
            "1.000000" : 9536,
            "5.000000" : 9536,
            "10.000000" : 9664,
            "20.000000" : 9792,
            "30.000000" : 9792,
            "40.000000" : 9792,
            "50.000000" : 9920,
            "60.000000" : 9920,
            "70.000000" : 9920,
            "80.000000" : 9920,
            "90.000000" : 10048,
            "95.000000" : 10048,
            "99.000000" : 10176,
            "99.500000" : 10176,
            "99.900000" : 10304,
            "99.950000" : 10816,
            "99.990000" : 11712
          }
        },
        "lat_ns" : {
          "min" : 10108,
          "max" : 142878,
          "mean" : 10682.082671,
          "stddev" : 218.747376,
          "N" : 643877
        },
        "bw_min" : 45950,
        "bw_max" : 46141,
        "bw_agg" : 100.000000,
        "bw_mean" : 46006.928571,
        "bw_dev" : 57.893090,
        "bw_samples" : 14,
        "iops_min" : 91900,
        "iops_max" : 92282,
        "iops_mean" : 92014.000000,
        "iops_stddev" : 115.657984,
        "iops_samples" : 14
      },
      "write" : {
        "io_bytes" : 0,
        "io_kbytes" : 0,
        "bw_bytes" : 0,
        "bw" : 0,
        "iops" : 0.000000,
        "runtime" : 0,
        "total_ios" : 0,
        "short_ios" : 0,
        "drop_ios" : 0,
        "slat_ns" : {
          "min" : 0,
          "max" : 0,
          "mean" : 0.000000,
          "stddev" : 0.000000,
          "N" : 0
        },
        "clat_ns" : {
          "min" : 0,
          "max" : 0,
          "mean" : 0.000000,
          "stddev" : 0.000000,
          "N" : 0
        },
        "lat_ns" : {
          "min" : 0,
          "max" : 0,
          "mean" : 0.000000,
          "stddev" : 0.000000,
          "N" : 0
        },
        "bw_min" : 0,
        "bw_max" : 0,
        "bw_agg" : 0.000000,
        "bw_mean" : 0.000000,
        "bw_dev" : 0.000000,
        "bw_samples" : 0,
        "iops_min" : 0,
        "iops_max" : 0,
        "iops_mean" : 0.000000,
        "iops_stddev" : 0.000000,
        "iops_samples" : 0
      },
      "trim" : {
        "io_bytes" : 0,
        "io_kbytes" : 0,
        "bw_bytes" : 0,
        "bw" : 0,
        "iops" : 0.000000,
        "runtime" : 0,
        "total_ios" : 0,
        "short_ios" : 0,
        "drop_ios" : 0,
        "slat_ns" : {
          "min" : 0,
          "max" : 0,
          "mean" : 0.000000,
          "stddev" : 0.000000,
          "N" : 0
        },
        "clat_ns" : {
          "min" : 0,
          "max" : 0,
          "mean" : 0.000000,
          "stddev" : 0.000000,
          "N" : 0
        },
        "lat_ns" : {
          "min" : 0,
          "max" : 0,
          "mean" : 0.000000,
          "stddev" : 0.000000,
          "N" : 0
        },
        "bw_min" : 0,
        "bw_max" : 0,
        "bw_agg" : 0.000000,
        "bw_mean" : 0.000000,
        "bw_dev" : 0.000000,
        "bw_samples" : 0,
        "iops_min" : 0,
        "iops_max" : 0,
        "iops_mean" : 0.000000,
        "iops_stddev" : 0.000000,
        "iops_samples" : 0
      },
      "sync" : {
        "total_ios" : 0,
        "lat_ns" : {
          "min" : 0,
          "max" : 0,
          "mean" : 0.000000,
          "stddev" : 0.000000,
          "N" : 0
        }
      },
      "job_runtime" : 7000,
      "usr_cpu" : 5.871429,
      "sys_cpu" : 17.700000,
      "ctx" : 643879,
      "majf" : 0,
      "minf" : 1,
      "iodepth_level" : {
        "1" : 100.000000,
        "2" : 0.000000,
        "4" : 0.000000,
        "8" : 0.000000,
        "16" : 0.000000,
        "32" : 0.000000,
        ">=64" : 0.000000
      },
      "iodepth_submit" : {
        "0" : 0.000000,
        "4" : 100.000000,
        "8" : 0.000000,
        "16" : 0.000000,
        "32" : 0.000000,
        "64" : 0.000000,
        ">=64" : 0.000000
      },
      "iodepth_complete" : {
        "0" : 0.000000,
        "4" : 100.000000,
        "8" : 0.000000,
        "16" : 0.000000,
        "32" : 0.000000,
        "64" : 0.000000,
        ">=64" : 0.000000
      },
      "latency_ns" : {
        "2" : 0.000000,
        "4" : 0.000000,
        "10" : 0.000000,
        "20" : 0.000000,
        "50" : 0.000000,
        "100" : 0.000000,
        "250" : 0.000000,
        "500" : 0.000000,
        "750" : 0.000000,
        "1000" : 0.000000
      },
      "latency_us" : {
        "2" : 0.000000,
        "4" : 0.000000,
        "10" : 89.273417,
        "20" : 10.726428,
        "50" : 0.000000,
        "100" : 0.000000,
        "250" : 0.010000,
        "500" : 0.000000,
        "750" : 0.000000,
        "1000" : 0.000000
      },
      "latency_ms" : {
        "2" : 0.000000,
        "4" : 0.000000,
        "10" : 0.000000,
        "20" : 0.000000,
        "50" : 0.000000,
        "100" : 0.000000,
        "250" : 0.000000,
        "500" : 0.000000,
        "750" : 0.000000,
        "1000" : 0.000000,
        "2000" : 0.000000,
        ">=2000" : 0.000000
      },
      "latency_depth" : 1,
      "latency_target" : 0,
      "latency_percentile" : 100.000000,
      "latency_window" : 0
    }
  ]
}

libaio-xnvme: (groupid=0, jobs=1): err= 0: pid=50850: Sun Oct 30 19:29:41 2022
  read: IOPS=92.0k, BW=44.9MiB/s (47.1MB/s)(314MiB/7001msec)
    slat (nsec): min=750, max=5418, avg=829.64, stdev=34.31
    clat (nsec): min=7874, max=142054, avg=9852.44, stdev=217.77
     lat (nsec): min=10108, max=142878, avg=10682.08, stdev=218.75
    clat percentiles (nsec):
     |  1.00th=[ 9536],  5.00th=[ 9536], 10.00th=[ 9664], 20.00th=[ 9792],
     | 30.00th=[ 9792], 40.00th=[ 9792], 50.00th=[ 9920], 60.00th=[ 9920],
     | 70.00th=[ 9920], 80.00th=[ 9920], 90.00th=[10048], 95.00th=[10048],
     | 99.00th=[10176], 99.50th=[10176], 99.90th=[10304], 99.95th=[10816],
     | 99.99th=[11712]
   bw (  KiB/s): min=45950, max=46141, per=100.00%, avg=46006.93, stdev=57.89, samples=14
   iops        : min=91900, max=92282, avg=92014.00, stdev=115.66, samples=14
  lat (usec)   : 10=89.27%, 20=10.73%, 250=0.01%
  cpu          : usr=5.87%, sys=17.70%, ctx=643879, majf=0, minf=1
  IO depths    : 1=100.0%, 2=0.0%, 4=0.0%, 8=0.0%, 16=0.0%, 32=0.0%, >=64=0.0%
     submit    : 0=0.0%, 4=100.0%, 8=0.0%, 16=0.0%, 32=0.0%, 64=0.0%, >=64=0.0%
     complete  : 0=0.0%, 4=100.0%, 8=0.0%, 16=0.0%, 32=0.0%, 64=0.0%, >=64=0.0%
     issued rwts: total=643877,0,0,0 short=0,0,0,0 dropped=0,0,0,0
     latency   : target=0, window=0, percentile=100.00%, depth=1

Run status group 0 (all jobs):
   READ: bw=44.9MiB/s (47.1MB/s), 44.9MiB/s-44.9MiB/s (47.1MB/s-47.1MB/s), io=314MiB (330MB), run=7001-7001msec
