libaio-reference: (g=0): rw=randread, bs=(R) 512B-512B, (W) 512B-512B, (T) 512B-512B, ioengine=libaio, iodepth=1
fio-3.32-75-gc470
Starting 1 thread
{
  "fio version" : "fio-3.32-75-gc470",
  "timestamp" : 1667176137,
  "timestamp_ms" : 1667176137562,
  "time" : "Sun Oct 30 19:28:57 2022",
  "jobs" : [
    {
      "jobname" : "libaio-reference",
      "groupid" : 0,
      "error" : 0,
      "eta" : 0,
      "elapsed" : 11,
      "job options" : {
        "name" : "libaio-reference",
        "rw" : "randread",
        "size" : "12G",
        "iodepth" : "1",
        "bs" : "512",
        "direct" : "1",
        "thread" : "1",
        "time_based" : "1",
        "runtime" : "7",
        "ramp_time" : "3",
        "norandommap" : "1",
        "allow_file_create" : "0",
        "ioengine" : "libaio",
        "filename" : "/dev/nvme0n1",
        "cpus_allowed" : "1"
      },
      "read" : {
        "io_bytes" : 335634944,
        "io_kbytes" : 327768,
        "bw_bytes" : 47941000,
        "bw" : 46817,
        "iops" : 93634.766462,
        "runtime" : 7001,
        "total_ios" : 655537,
        "short_ios" : 0,
        "drop_ios" : 0,
        "slat_ns" : {
          "min" : 719,
          "max" : 5110,
          "mean" : 797.358352,
          "stddev" : 31.995204,
          "N" : 655537
        },
        "clat_ns" : {
          "min" : 5386,
          "max" : 14152,
          "mean" : 9689.610233,
          "stddev" : 151.487085,
          "N" : 655537,
          "percentile" : {
            "1.000000" : 9408,
            "5.000000" : 9408,
            "10.000000" : 9536,
            "20.000000" : 9536,
            "30.000000" : 9664,
            "40.000000" : 9664,
            "50.000000" : 9664,
            "60.000000" : 9792,
            "70.000000" : 9792,
            "80.000000" : 9792,
            "90.000000" : 9920,
            "95.000000" : 9920,
            "99.000000" : 10048,
            "99.500000" : 10048,
            "99.900000" : 10176,
            "99.950000" : 10688,
            "99.990000" : 11456
          }
        },
        "lat_ns" : {
          "min" : 10033,
          "max" : 14949,
          "mean" : 10486.968585,
          "stddev" : 152.129554,
          "N" : 655537
        },
        "bw_min" : 46785,
        "bw_max" : 46930,
        "bw_agg" : 100.000000,
        "bw_mean" : 46844.230769,
        "bw_dev" : 42.263368,
        "bw_samples" : 13,
        "iops_min" : 93570,
        "iops_max" : 93860,
        "iops_mean" : 93688.692308,
        "iops_stddev" : 84.350839,
        "iops_samples" : 13
      },
      "write" : {
        "io_bytes" : 0,
        "io_kbytes" : 0,
        "bw_bytes" : 0,
        "bw" : 0,
        "iops" : 0.000000,
        "runtime" : 0,
        "total_ios" : 0,
        "short_ios" : 0,
        "drop_ios" : 0,
        "slat_ns" : {
          "min" : 0,
          "max" : 0,
          "mean" : 0.000000,
          "stddev" : 0.000000,
          "N" : 0
        },
        "clat_ns" : {
          "min" : 0,
          "max" : 0,
          "mean" : 0.000000,
          "stddev" : 0.000000,
          "N" : 0
        },
        "lat_ns" : {
          "min" : 0,
          "max" : 0,
          "mean" : 0.000000,
          "stddev" : 0.000000,
          "N" : 0
        },
        "bw_min" : 0,
        "bw_max" : 0,
        "bw_agg" : 0.000000,
        "bw_mean" : 0.000000,
        "bw_dev" : 0.000000,
        "bw_samples" : 0,
        "iops_min" : 0,
        "iops_max" : 0,
        "iops_mean" : 0.000000,
        "iops_stddev" : 0.000000,
        "iops_samples" : 0
      },
      "trim" : {
        "io_bytes" : 0,
        "io_kbytes" : 0,
        "bw_bytes" : 0,
        "bw" : 0,
        "iops" : 0.000000,
        "runtime" : 0,
        "total_ios" : 0,
        "short_ios" : 0,
        "drop_ios" : 0,
        "slat_ns" : {
          "min" : 0,
          "max" : 0,
          "mean" : 0.000000,
          "stddev" : 0.000000,
          "N" : 0
        },
        "clat_ns" : {
          "min" : 0,
          "max" : 0,
          "mean" : 0.000000,
          "stddev" : 0.000000,
          "N" : 0
        },
        "lat_ns" : {
          "min" : 0,
          "max" : 0,
          "mean" : 0.000000,
          "stddev" : 0.000000,
          "N" : 0
        },
        "bw_min" : 0,
        "bw_max" : 0,
        "bw_agg" : 0.000000,
        "bw_mean" : 0.000000,
        "bw_dev" : 0.000000,
        "bw_samples" : 0,
        "iops_min" : 0,
        "iops_max" : 0,
        "iops_mean" : 0.000000,
        "iops_stddev" : 0.000000,
        "iops_samples" : 0
      },
      "sync" : {
        "total_ios" : 0,
        "lat_ns" : {
          "min" : 0,
          "max" : 0,
          "mean" : 0.000000,
          "stddev" : 0.000000,
          "N" : 0
        }
      },
      "job_runtime" : 7000,
      "usr_cpu" : 5.314286,
      "sys_cpu" : 15.457143,
      "ctx" : 655542,
      "majf" : 0,
      "minf" : 0,
      "iodepth_level" : {
        "1" : 100.000000,
        "2" : 0.000000,
        "4" : 0.000000,
        "8" : 0.000000,
        "16" : 0.000000,
        "32" : 0.000000,
        ">=64" : 0.000000
      },
      "iodepth_submit" : {
        "0" : 0.000000,
        "4" : 100.000000,
        "8" : 0.000000,
        "16" : 0.000000,
        "32" : 0.000000,
        "64" : 0.000000,
        ">=64" : 0.000000
      },
      "iodepth_complete" : {
        "0" : 0.000000,
        "4" : 100.000000,
        "8" : 0.000000,
        "16" : 0.000000,
        "32" : 0.000000,
        "64" : 0.000000,
        ">=64" : 0.000000
      },
      "latency_ns" : {
        "2" : 0.000000,
        "4" : 0.000000,
        "10" : 0.000000,
        "20" : 0.000000,
        "50" : 0.000000,
        "100" : 0.000000,
        "250" : 0.000000,
        "500" : 0.000000,
        "750" : 0.000000,
        "1000" : 0.000000
      },
      "latency_us" : {
        "2" : 0.000000,
        "4" : 0.000000,
        "10" : 99.010582,
        "20" : 0.989418,
        "50" : 0.000000,
        "100" : 0.000000,
        "250" : 0.000000,
        "500" : 0.000000,
        "750" : 0.000000,
        "1000" : 0.000000
      },
      "latency_ms" : {
        "2" : 0.000000,
        "4" : 0.000000,
        "10" : 0.000000,
        "20" : 0.000000,
        "50" : 0.000000,
        "100" : 0.000000,
        "250" : 0.000000,
        "500" : 0.000000,
        "750" : 0.000000,
        "1000" : 0.000000,
        "2000" : 0.000000,
        ">=2000" : 0.000000
      },
      "latency_depth" : 1,
      "latency_target" : 0,
      "latency_percentile" : 100.000000,
      "latency_window" : 0
    }
  ],
  "disk_util" : [
    {
      "name" : "nvme0n1",
      "read_ios" : 0,
      "write_ios" : 0,
      "read_merges" : 0,
      "write_merges" : 0,
      "read_ticks" : 0,
      "write_ticks" : 0,
      "in_queue" : 0,
      "util" : 0.000000
    }
  ]
}

libaio-reference: (groupid=0, jobs=1): err= 0: pid=50702: Sun Oct 30 19:28:57 2022
  read: IOPS=93.6k, BW=45.7MiB/s (47.9MB/s)(320MiB/7001msec)
    slat (nsec): min=719, max=5110, avg=797.36, stdev=32.00
    clat (nsec): min=5386, max=14152, avg=9689.61, stdev=151.49
     lat (nsec): min=10033, max=14949, avg=10486.97, stdev=152.13
    clat percentiles (nsec):
     |  1.00th=[ 9408],  5.00th=[ 9408], 10.00th=[ 9536], 20.00th=[ 9536],
     | 30.00th=[ 9664], 40.00th=[ 9664], 50.00th=[ 9664], 60.00th=[ 9792],
     | 70.00th=[ 9792], 80.00th=[ 9792], 90.00th=[ 9920], 95.00th=[ 9920],
     | 99.00th=[10048], 99.50th=[10048], 99.90th=[10176], 99.95th=[10688],
     | 99.99th=[11456]
   bw (  KiB/s): min=46785, max=46930, per=100.00%, avg=46844.23, stdev=42.26, samples=13
   iops        : min=93570, max=93860, avg=93688.69, stdev=84.35, samples=13
  lat (usec)   : 10=99.01%, 20=0.99%
  cpu          : usr=5.31%, sys=15.46%, ctx=655542, majf=0, minf=0
  IO depths    : 1=100.0%, 2=0.0%, 4=0.0%, 8=0.0%, 16=0.0%, 32=0.0%, >=64=0.0%
     submit    : 0=0.0%, 4=100.0%, 8=0.0%, 16=0.0%, 32=0.0%, 64=0.0%, >=64=0.0%
     complete  : 0=0.0%, 4=100.0%, 8=0.0%, 16=0.0%, 32=0.0%, 64=0.0%, >=64=0.0%
     issued rwts: total=655537,0,0,0 short=0,0,0,0 dropped=0,0,0,0
     latency   : target=0, window=0, percentile=100.00%, depth=1

Run status group 0 (all jobs):
   READ: bw=45.7MiB/s (47.9MB/s), 45.7MiB/s-45.7MiB/s (47.9MB/s-47.9MB/s), io=320MiB (336MB), run=7001-7001msec

Disk stats (read/write):
  nvme0n1: ios=0/0, merge=0/0, ticks=0/0, in_queue=0, util=0.00%
