io_uring_cmd-bdev_xnvme: (g=0): rw=randread, bs=(R) 512B-512B, (W) 512B-512B, (T) 512B-512B, ioengine=spdk_bdev, iodepth=128
fio-3.32-75-gc470
Starting 1 thread
{
  "fio version" : "fio-3.32-75-gc470",
  "timestamp" : 1667176236,
  "timestamp_ms" : 1667176236839,
  "time" : "Sun Oct 30 19:30:36 2022",
  "jobs" : [
    {
      "jobname" : "io_uring_cmd-bdev_xnvme",
      "groupid" : 0,
      "error" : 0,
      "eta" : 0,
      "elapsed" : 11,
      "job options" : {
        "name" : "io_uring_cmd-bdev_xnvme",
        "rw" : "randread",
        "size" : "12G",
        "iodepth" : "128",
        "bs" : "512",
        "direct" : "0",
        "thread" : "1",
        "time_based" : "1",
        "runtime" : "7",
        "ramp_time" : "3",
        "norandommap" : "1",
        "allow_file_create" : "0",
        "ioengine" : "spdk_bdev",
        "spdk_conf" : "/tmp/spdk_bdev_xnvme_io_uring_cmd.conf",
        "filename" : "Nvme0n1",
        "cpus_allowed" : "1"
      },
      "read" : {
        "io_bytes" : 4025207296,
        "io_kbytes" : 3930866,
        "bw_bytes" : 574947478,
        "bw" : 561472,
        "iops" : 1122926.153407,
        "runtime" : 7001,
        "total_ios" : 7861606,
        "short_ios" : 0,
        "drop_ios" : 0,
        "slat_ns" : {
          "min" : 96,
          "max" : 4910,
          "mean" : 164.478934,
          "stddev" : 37.387293,
          "N" : 7861606
        },
        "clat_ns" : {
          "min" : 96080,
          "max" : 220308,
          "mean" : 113045.285986,
          "stddev" : 3388.185140,
          "N" : 7861733,
          "percentile" : {
            "1.000000" : 104960,
            "5.000000" : 108032,
            "10.000000" : 109056,
            "20.000000" : 111104,
            "30.000000" : 112128,
            "40.000000" : 112128,
            "50.000000" : 113152,
            "60.000000" : 113152,
            "70.000000" : 114176,
            "80.000000" : 115200,
            "90.000000" : 117248,
            "95.000000" : 119296,
            "99.000000" : 123392,
            "99.500000" : 124416,
            "99.900000" : 126464,
            "99.950000" : 126464,
            "99.990000" : 128512
          }
        },
        "lat_ns" : {
          "min" : 96216,
          "max" : 220462,
          "mean" : 113209.764887,
          "stddev" : 3390.565286,
          "N" : 7861733
        },
        "bw_min" : 560722,
        "bw_max" : 562414,
        "bw_agg" : 100.000000,
        "bw_mean" : 561743.285714,
        "bw_dev" : 454.702680,
        "bw_samples" : 14,
        "iops_min" : 1121444,
        "iops_max" : 1124828,
        "iops_mean" : 1123486.714286,
        "iops_stddev" : 909.231411,
        "iops_samples" : 14
      },
      "write" : {
        "io_bytes" : 0,
        "io_kbytes" : 0,
        "bw_bytes" : 0,
        "bw" : 0,
        "iops" : 0.000000,
        "runtime" : 0,
        "total_ios" : 0,
        "short_ios" : 0,
        "drop_ios" : 0,
        "slat_ns" : {
          "min" : 0,
          "max" : 0,
          "mean" : 0.000000,
          "stddev" : 0.000000,
          "N" : 0
        },
        "clat_ns" : {
          "min" : 0,
          "max" : 0,
          "mean" : 0.000000,
          "stddev" : 0.000000,
          "N" : 0
        },
        "lat_ns" : {
          "min" : 0,
          "max" : 0,
          "mean" : 0.000000,
          "stddev" : 0.000000,
          "N" : 0
        },
        "bw_min" : 0,
        "bw_max" : 0,
        "bw_agg" : 0.000000,
        "bw_mean" : 0.000000,
        "bw_dev" : 0.000000,
        "bw_samples" : 0,
        "iops_min" : 0,
        "iops_max" : 0,
        "iops_mean" : 0.000000,
        "iops_stddev" : 0.000000,
        "iops_samples" : 0
      },
      "trim" : {
        "io_bytes" : 0,
        "io_kbytes" : 0,
        "bw_bytes" : 0,
        "bw" : 0,
        "iops" : 0.000000,
        "runtime" : 0,
        "total_ios" : 0,
        "short_ios" : 0,
        "drop_ios" : 0,
        "slat_ns" : {
          "min" : 0,
          "max" : 0,
          "mean" : 0.000000,
          "stddev" : 0.000000,
          "N" : 0
        },
        "clat_ns" : {
          "min" : 0,
          "max" : 0,
          "mean" : 0.000000,
          "stddev" : 0.000000,
          "N" : 0
        },
        "lat_ns" : {
          "min" : 0,
          "max" : 0,
          "mean" : 0.000000,
          "stddev" : 0.000000,
          "N" : 0
        },
        "bw_min" : 0,
        "bw_max" : 0,
        "bw_agg" : 0.000000,
        "bw_mean" : 0.000000,
        "bw_dev" : 0.000000,
        "bw_samples" : 0,
        "iops_min" : 0,
        "iops_max" : 0,
        "iops_mean" : 0.000000,
        "iops_stddev" : 0.000000,
        "iops_samples" : 0
      },
      "sync" : {
        "total_ios" : 0,
        "lat_ns" : {
          "min" : 0,
          "max" : 0,
          "mean" : 0.000000,
          "stddev" : 0.000000,
          "N" : 0
        }
      },
      "job_runtime" : 7000,
      "usr_cpu" : 99.985714,
      "sys_cpu" : 0.000000,
      "ctx" : 17,
      "majf" : 0,
      "minf" : 0,
      "iodepth_level" : {
        "1" : 0.000000,
        "2" : 0.000000,
        "4" : 0.000000,
        "8" : 0.000000,
        "16" : 0.000000,
        "32" : 0.000000,
        ">=64" : 100.000000
      },
      "iodepth_submit" : {
        "0" : 0.000000,
        "4" : 100.000000,
        "8" : 0.000000,
        "16" : 0.000000,
        "32" : 0.000000,
        "64" : 0.000000,
        ">=64" : 0.000000
      },
      "iodepth_complete" : {
        "0" : 0.000000,
        "4" : 93.150966,
        "8" : 6.849024,
        "16" : 0.000000,
        "32" : 0.000000,
        "64" : 0.000000,
        ">=64" : 0.100000
      },
      "latency_ns" : {
        "2" : 0.000000,
        "4" : 0.000000,
        "10" : 0.000000,
        "20" : 0.000000,
        "50" : 0.000000,
        "100" : 0.000000,
        "250" : 0.000000,
        "500" : 0.000000,
        "750" : 0.000000,
        "1000" : 0.000000
      },
      "latency_us" : {
        "2" : 0.000000,
        "4" : 0.000000,
        "10" : 0.000000,
        "20" : 0.000000,
        "50" : 0.000000,
        "100" : 0.025720,
        "250" : 99.975896,
        "500" : 0.000000,
        "750" : 0.000000,
        "1000" : 0.000000
      },
      "latency_ms" : {
        "2" : 0.000000,
        "4" : 0.000000,
        "10" : 0.000000,
        "20" : 0.000000,
        "50" : 0.000000,
        "100" : 0.000000,
        "250" : 0.000000,
        "500" : 0.000000,
        "750" : 0.000000,
        "1000" : 0.000000,
        "2000" : 0.000000,
        ">=2000" : 0.000000
      },
      "latency_depth" : 128,
      "latency_target" : 0,
      "latency_percentile" : 100.000000,
      "latency_window" : 0
    }
  ]
}

io_uring_cmd-bdev_xnvme: (groupid=0, jobs=1): err= 0: pid=51037: Sun Oct 30 19:30:36 2022
  read: IOPS=1123k, BW=548MiB/s (575MB/s)(3839MiB/7001msec)
    slat (nsec): min=96, max=4910, avg=164.48, stdev=37.39
    clat (usec): min=96, max=220, avg=113.05, stdev= 3.39
     lat (usec): min=96, max=220, avg=113.21, stdev= 3.39
    clat percentiles (usec):
     |  1.00th=[  105],  5.00th=[  109], 10.00th=[  110], 20.00th=[  112],
     | 30.00th=[  113], 40.00th=[  113], 50.00th=[  114], 60.00th=[  114],
     | 70.00th=[  115], 80.00th=[  116], 90.00th=[  118], 95.00th=[  120],
     | 99.00th=[  124], 99.50th=[  125], 99.90th=[  127], 99.95th=[  127],
     | 99.99th=[  129]
   bw (  KiB/s): min=560722, max=562414, per=100.00%, avg=561743.29, stdev=454.70, samples=14
   iops        : min=1121444, max=1124828, avg=1123486.71, stdev=909.23, samples=14
  lat (usec)   : 100=0.03%, 250=99.98%
  cpu          : usr=99.99%, sys=0.00%, ctx=17, majf=0, minf=0
  IO depths    : 1=0.0%, 2=0.0%, 4=0.0%, 8=0.0%, 16=0.0%, 32=0.0%, >=64=100.0%
     submit    : 0=0.0%, 4=100.0%, 8=0.0%, 16=0.0%, 32=0.0%, 64=0.0%, >=64=0.0%
     complete  : 0=0.0%, 4=93.2%, 8=6.8%, 16=0.0%, 32=0.0%, 64=0.0%, >=64=0.1%
     issued rwts: total=7861606,0,0,0 short=0,0,0,0 dropped=0,0,0,0
     latency   : target=0, window=0, percentile=100.00%, depth=128

Run status group 0 (all jobs):
   READ: bw=548MiB/s (575MB/s), 548MiB/s-548MiB/s (575MB/s-575MB/s), io=3839MiB (4025MB), run=7001-7001msec
