io_uring-bdev_uring: (g=0): rw=randread, bs=(R) 512B-512B, (W) 512B-512B, (T) 512B-512B, ioengine=spdk_bdev, iodepth=128
fio-3.32-75-gc470
Starting 1 thread
{
  "fio version" : "fio-3.32-75-gc470",
  "timestamp" : 1667176265,
  "timestamp_ms" : 1667176265208,
  "time" : "Sun Oct 30 19:31:05 2022",
  "jobs" : [
    {
      "jobname" : "io_uring-bdev_uring",
      "groupid" : 0,
      "error" : 0,
      "eta" : 0,
      "elapsed" : 11,
      "job options" : {
        "name" : "io_uring-bdev_uring",
        "rw" : "randread",
        "size" : "12G",
        "iodepth" : "128",
        "bs" : "512",
        "direct" : "1",
        "thread" : "1",
        "time_based" : "1",
        "runtime" : "7",
        "ramp_time" : "3",
        "norandommap" : "1",
        "allow_file_create" : "0",
        "ioengine" : "spdk_bdev",
        "spdk_conf" : "/tmp/spdk_bdev_uring_foo.conf",
        "filename" : "Nvme0n1",
        "cpus_allowed" : "1"
      },
      "read" : {
        "io_bytes" : 2989046784,
        "io_kbytes" : 2918991,
        "bw_bytes" : 426945691,
        "bw" : 416939,
        "iops" : 833860.162834,
        "runtime" : 7001,
        "total_ios" : 5837855,
        "short_ios" : 0,
        "drop_ios" : 0,
        "slat_ns" : {
          "min" : 60,
          "max" : 10043,
          "mean" : 125.818178,
          "stddev" : 338.322882,
          "N" : 5837855
        },
        "clat_ns" : {
          "min" : 50694,
          "max" : 248125,
          "mean" : 120323.784459,
          "stddev" : 50202.276412,
          "N" : 5837885,
          "percentile" : {
            "1.000000" : 66048,
            "5.000000" : 71168,
            "10.000000" : 74240,
            "20.000000" : 79360,
            "30.000000" : 82432,
            "40.000000" : 86528,
            "50.000000" : 90624,
            "60.000000" : 96768,
            "70.000000" : 175104,
            "80.000000" : 183296,
            "90.000000" : 191488,
            "95.000000" : 197632,
            "99.000000" : 207872,
            "99.500000" : 211968,
            "99.900000" : 220160,
            "99.950000" : 222208,
            "99.990000" : 228352
          }
        },
        "lat_ns" : {
          "min" : 50766,
          "max" : 248196,
          "mean" : 120449.602373,
          "stddev" : 50169.772335,
          "N" : 5837885
        },
        "bw_min" : 416947,
        "bw_max" : 417594,
        "bw_agg" : 100.000000,
        "bw_mean" : 417136.071429,
        "bw_dev" : 203.207156,
        "bw_samples" : 14,
        "iops_min" : 833895,
        "iops_max" : 835188,
        "iops_mean" : 834272.285714,
        "iops_stddev" : 406.296297,
        "iops_samples" : 14
      },
      "write" : {
        "io_bytes" : 0,
        "io_kbytes" : 0,
        "bw_bytes" : 0,
        "bw" : 0,
        "iops" : 0.000000,
        "runtime" : 0,
        "total_ios" : 0,
        "short_ios" : 0,
        "drop_ios" : 0,
        "slat_ns" : {
          "min" : 0,
          "max" : 0,
          "mean" : 0.000000,
          "stddev" : 0.000000,
          "N" : 0
        },
        "clat_ns" : {
          "min" : 0,
          "max" : 0,
          "mean" : 0.000000,
          "stddev" : 0.000000,
          "N" : 0
        },
        "lat_ns" : {
          "min" : 0,
          "max" : 0,
          "mean" : 0.000000,
          "stddev" : 0.000000,
          "N" : 0
        },
        "bw_min" : 0,
        "bw_max" : 0,
        "bw_agg" : 0.000000,
        "bw_mean" : 0.000000,
        "bw_dev" : 0.000000,
        "bw_samples" : 0,
        "iops_min" : 0,
        "iops_max" : 0,
        "iops_mean" : 0.000000,
        "iops_stddev" : 0.000000,
        "iops_samples" : 0
      },
      "trim" : {
        "io_bytes" : 0,
        "io_kbytes" : 0,
        "bw_bytes" : 0,
        "bw" : 0,
        "iops" : 0.000000,
        "runtime" : 0,
        "total_ios" : 0,
        "short_ios" : 0,
        "drop_ios" : 0,
        "slat_ns" : {
          "min" : 0,
          "max" : 0,
          "mean" : 0.000000,
          "stddev" : 0.000000,
          "N" : 0
        },
        "clat_ns" : {
          "min" : 0,
          "max" : 0,
          "mean" : 0.000000,
          "stddev" : 0.000000,
          "N" : 0
        },
        "lat_ns" : {
          "min" : 0,
          "max" : 0,
          "mean" : 0.000000,
          "stddev" : 0.000000,
          "N" : 0
        },
        "bw_min" : 0,
        "bw_max" : 0,
        "bw_agg" : 0.000000,
        "bw_mean" : 0.000000,
        "bw_dev" : 0.000000,
        "bw_samples" : 0,
        "iops_min" : 0,
        "iops_max" : 0,
        "iops_mean" : 0.000000,
        "iops_stddev" : 0.000000,
        "iops_samples" : 0
      },
      "sync" : {
        "total_ios" : 0,
        "lat_ns" : {
          "min" : 0,
          "max" : 0,
          "mean" : 0.000000,
          "stddev" : 0.000000,
          "N" : 0
        }
      },
      "job_runtime" : 7000,
      "usr_cpu" : 20.500000,
      "sys_cpu" : 79.471429,
      "ctx" : 16,
      "majf" : 0,
      "minf" : 0,
      "iodepth_level" : {
        "1" : 0.000000,
        "2" : 0.000000,
        "4" : 0.100000,
        "8" : 0.100000,
        "16" : 1.052801,
        "32" : 29.948311,
        ">=64" : 68.997688
      },
      "iodepth_submit" : {
        "0" : 0.000000,
        "4" : 100.000000,
        "8" : 0.000000,
        "16" : 0.000000,
        "32" : 0.000000,
        "64" : 0.000000,
        ">=64" : 0.000000
      },
      "iodepth_complete" : {
        "0" : 0.000000,
        "4" : 98.949630,
        "8" : 0.000000,
        "16" : 0.000000,
        "32" : 0.000000,
        "64" : 0.100000,
        ">=64" : 1.050353
      },
      "latency_ns" : {
        "2" : 0.000000,
        "4" : 0.000000,
        "10" : 0.000000,
        "20" : 0.000000,
        "50" : 0.000000,
        "100" : 0.000000,
        "250" : 0.000000,
        "500" : 0.000000,
        "750" : 0.000000,
        "1000" : 0.000000
      },
      "latency_us" : {
        "2" : 0.000000,
        "4" : 0.000000,
        "10" : 0.000000,
        "20" : 0.000000,
        "50" : 0.000000,
        "100" : 62.393499,
        "250" : 37.607015,
        "500" : 0.000000,
        "750" : 0.000000,
        "1000" : 0.000000
      },
      "latency_ms" : {
        "2" : 0.000000,
        "4" : 0.000000,
        "10" : 0.000000,
        "20" : 0.000000,
        "50" : 0.000000,
        "100" : 0.000000,
        "250" : 0.000000,
        "500" : 0.000000,
        "750" : 0.000000,
        "1000" : 0.000000,
        "2000" : 0.000000,
        ">=2000" : 0.000000
      },
      "latency_depth" : 128,
      "latency_target" : 0,
      "latency_percentile" : 100.000000,
      "latency_window" : 0
    }
  ]
}

io_uring-bdev_uring: (groupid=0, jobs=1): err= 0: pid=51133: Sun Oct 30 19:31:05 2022
  read: IOPS=834k, BW=407MiB/s (427MB/s)(2851MiB/7001msec)
    slat (nsec): min=60, max=10043, avg=125.82, stdev=338.32
    clat (usec): min=50, max=248, avg=120.32, stdev=50.20
     lat (usec): min=50, max=248, avg=120.45, stdev=50.17
    clat percentiles (usec):
     |  1.00th=[   67],  5.00th=[   72], 10.00th=[   75], 20.00th=[   80],
     | 30.00th=[   83], 40.00th=[   87], 50.00th=[   91], 60.00th=[   97],
     | 70.00th=[  176], 80.00th=[  184], 90.00th=[  192], 95.00th=[  198],
     | 99.00th=[  208], 99.50th=[  212], 99.90th=[  221], 99.95th=[  223],
     | 99.99th=[  229]
   bw (  KiB/s): min=416947, max=417594, per=100.00%, avg=417136.07, stdev=203.21, samples=14
   iops        : min=833895, max=835188, avg=834272.29, stdev=406.30, samples=14
  lat (usec)   : 100=62.39%, 250=37.61%
  cpu          : usr=20.50%, sys=79.47%, ctx=16, majf=0, minf=0
  IO depths    : 1=0.0%, 2=0.0%, 4=0.1%, 8=0.1%, 16=1.1%, 32=29.9%, >=64=69.0%
     submit    : 0=0.0%, 4=100.0%, 8=0.0%, 16=0.0%, 32=0.0%, 64=0.0%, >=64=0.0%
     complete  : 0=0.0%, 4=98.9%, 8=0.0%, 16=0.0%, 32=0.0%, 64=0.1%, >=64=1.1%
     issued rwts: total=5837855,0,0,0 short=0,0,0,0 dropped=0,0,0,0
     latency   : target=0, window=0, percentile=100.00%, depth=128

Run status group 0 (all jobs):
   READ: bw=407MiB/s (427MB/s), 407MiB/s-407MiB/s (427MB/s-427MB/s), io=2851MiB (2989MB), run=7001-7001msec
