libaio-bdev_xnvme: (g=0): rw=randread, bs=(R) 512B-512B, (W) 512B-512B, (T) 512B-512B, ioengine=spdk_bdev, iodepth=1
fio-3.32-75-gc470
Starting 1 thread
{
  "fio version" : "fio-3.32-75-gc470",
  "timestamp" : 1667176167,
  "timestamp_ms" : 1667176167384,
  "time" : "Sun Oct 30 19:29:27 2022",
  "jobs" : [
    {
      "jobname" : "libaio-bdev_xnvme",
      "groupid" : 0,
      "error" : 0,
      "eta" : 0,
      "elapsed" : 11,
      "job options" : {
        "name" : "libaio-bdev_xnvme",
        "rw" : "randread",
        "size" : "12G",
        "iodepth" : "1",
        "bs" : "512",
        "direct" : "1",
        "thread" : "1",
        "time_based" : "1",
        "runtime" : "7",
        "ramp_time" : "3",
        "norandommap" : "1",
        "allow_file_create" : "0",
        "ioengine" : "spdk_bdev",
        "spdk_conf" : "/tmp/spdk_bdev_xnvme_libaio.conf",
        "filename" : "Nvme0n1",
        "cpus_allowed" : "1"
      },
      "read" : {
        "io_bytes" : 361135104,
        "io_kbytes" : 352671,
        "bw_bytes" : 51583360,
        "bw" : 50374,
        "iops" : 100748.750179,
        "runtime" : 7001,
        "total_ios" : 705342,
        "short_ios" : 0,
        "drop_ios" : 0,
        "slat_ns" : {
          "min" : 792,
          "max" : 4299,
          "mean" : 864.006357,
          "stddev" : 24.422656,
          "N" : 705342
        },
        "clat_ns" : {
          "min" : 6837,
          "max" : 15071,
          "mean" : 8902.464188,
          "stddev" : 180.651591,
          "N" : 705342,
          "percentile" : {
            "1.000000" : 8512,
            "5.000000" : 8512,
            "10.000000" : 8640,
            "20.000000" : 8768,
            "30.000000" : 8768,
            "40.000000" : 8896,
            "50.000000" : 8896,
            "60.000000" : 8896,
            "70.000000" : 9024,
            "80.000000" : 9024,
            "90.000000" : 9152,
            "95.000000" : 9152,
            "99.000000" : 9280,
            "99.500000" : 9280,
            "99.900000" : 9408,
            "99.950000" : 9536,
            "99.990000" : 10048
          }
        },
        "lat_ns" : {
          "min" : 9223,
          "max" : 15946,
          "mean" : 9766.470545,
          "stddev" : 181.565421,
          "N" : 705342
        },
        "bw_min" : 50276,
        "bw_max" : 50530,
        "bw_agg" : 100.000000,
        "bw_mean" : 50382.500000,
        "bw_dev" : 81.357473,
        "bw_samples" : 14,
        "iops_min" : 100552,
        "iops_max" : 101060,
        "iops_mean" : 100765.071429,
        "iops_stddev" : 162.724148,
        "iops_samples" : 14
      },
      "write" : {
        "io_bytes" : 0,
        "io_kbytes" : 0,
        "bw_bytes" : 0,
        "bw" : 0,
        "iops" : 0.000000,
        "runtime" : 0,
        "total_ios" : 0,
        "short_ios" : 0,
        "drop_ios" : 0,
        "slat_ns" : {
          "min" : 0,
          "max" : 0,
          "mean" : 0.000000,
          "stddev" : 0.000000,
          "N" : 0
        },
        "clat_ns" : {
          "min" : 0,
          "max" : 0,
          "mean" : 0.000000,
          "stddev" : 0.000000,
          "N" : 0
        },
        "lat_ns" : {
          "min" : 0,
          "max" : 0,
          "mean" : 0.000000,
          "stddev" : 0.000000,
          "N" : 0
        },
        "bw_min" : 0,
        "bw_max" : 0,
        "bw_agg" : 0.000000,
        "bw_mean" : 0.000000,
        "bw_dev" : 0.000000,
        "bw_samples" : 0,
        "iops_min" : 0,
        "iops_max" : 0,
        "iops_mean" : 0.000000,
        "iops_stddev" : 0.000000,
        "iops_samples" : 0
      },
      "trim" : {
        "io_bytes" : 0,
        "io_kbytes" : 0,
        "bw_bytes" : 0,
        "bw" : 0,
        "iops" : 0.000000,
        "runtime" : 0,
        "total_ios" : 0,
        "short_ios" : 0,
        "drop_ios" : 0,
        "slat_ns" : {
          "min" : 0,
          "max" : 0,
          "mean" : 0.000000,
          "stddev" : 0.000000,
          "N" : 0
        },
        "clat_ns" : {
          "min" : 0,
          "max" : 0,
          "mean" : 0.000000,
          "stddev" : 0.000000,
          "N" : 0
        },
        "lat_ns" : {
          "min" : 0,
          "max" : 0,
          "mean" : 0.000000,
          "stddev" : 0.000000,
          "N" : 0
        },
        "bw_min" : 0,
        "bw_max" : 0,
        "bw_agg" : 0.000000,
        "bw_mean" : 0.000000,
        "bw_dev" : 0.000000,
        "bw_samples" : 0,
        "iops_min" : 0,
        "iops_max" : 0,
        "iops_mean" : 0.000000,
        "iops_stddev" : 0.000000,
        "iops_samples" : 0
      },
      "sync" : {
        "total_ios" : 0,
        "lat_ns" : {
          "min" : 0,
          "max" : 0,
          "mean" : 0.000000,
          "stddev" : 0.000000,
          "N" : 0
        }
      },
      "job_runtime" : 7000,
      "usr_cpu" : 43.300000,
      "sys_cpu" : 56.671429,
      "ctx" : 10,
      "majf" : 0,
      "minf" : 0,
      "iodepth_level" : {
        "1" : 100.000000,
        "2" : 0.000000,
        "4" : 0.000000,
        "8" : 0.000000,
        "16" : 0.000000,
        "32" : 0.000000,
        ">=64" : 0.000000
      },
      "iodepth_submit" : {
        "0" : 0.000000,
        "4" : 100.000000,
        "8" : 0.000000,
        "16" : 0.000000,
        "32" : 0.000000,
        "64" : 0.000000,
        ">=64" : 0.000000
      },
      "iodepth_complete" : {
        "0" : 0.000000,
        "4" : 100.000000,
        "8" : 0.000000,
        "16" : 0.000000,
        "32" : 0.000000,
        "64" : 0.000000,
        ">=64" : 0.000000
      },
      "latency_ns" : {
        "2" : 0.000000,
        "4" : 0.000000,
        "10" : 0.000000,
        "20" : 0.000000,
        "50" : 0.000000,
        "100" : 0.000000,
        "250" : 0.000000,
        "500" : 0.000000,
        "750" : 0.000000,
        "1000" : 0.000000
      },
      "latency_us" : {
        "2" : 0.000000,
        "4" : 0.000000,
        "10" : 99.985397,
        "20" : 0.014603,
        "50" : 0.000000,
        "100" : 0.000000,
        "250" : 0.000000,
        "500" : 0.000000,
        "750" : 0.000000,
        "1000" : 0.000000
      },
      "latency_ms" : {
        "2" : 0.000000,
        "4" : 0.000000,
        "10" : 0.000000,
        "20" : 0.000000,
        "50" : 0.000000,
        "100" : 0.000000,
        "250" : 0.000000,
        "500" : 0.000000,
        "750" : 0.000000,
        "1000" : 0.000000,
        "2000" : 0.000000,
        ">=2000" : 0.000000
      },
      "latency_depth" : 1,
      "latency_target" : 0,
      "latency_percentile" : 100.000000,
      "latency_window" : 0
    }
  ]
}

libaio-bdev_xnvme: (groupid=0, jobs=1): err= 0: pid=50807: Sun Oct 30 19:29:27 2022
  read: IOPS=101k, BW=49.2MiB/s (51.6MB/s)(344MiB/7001msec)
    slat (nsec): min=792, max=4299, avg=864.01, stdev=24.42
    clat (nsec): min=6837, max=15071, avg=8902.46, stdev=180.65
     lat (nsec): min=9223, max=15946, avg=9766.47, stdev=181.57
    clat percentiles (nsec):
     |  1.00th=[ 8512],  5.00th=[ 8512], 10.00th=[ 8640], 20.00th=[ 8768],
     | 30.00th=[ 8768], 40.00th=[ 8896], 50.00th=[ 8896], 60.00th=[ 8896],
     | 70.00th=[ 9024], 80.00th=[ 9024], 90.00th=[ 9152], 95.00th=[ 9152],
     | 99.00th=[ 9280], 99.50th=[ 9280], 99.90th=[ 9408], 99.95th=[ 9536],
     | 99.99th=[10048]
   bw (  KiB/s): min=50276, max=50530, per=100.00%, avg=50382.50, stdev=81.36, samples=14
   iops        : min=100552, max=101060, avg=100765.07, stdev=162.72, samples=14
  lat (usec)   : 10=99.99%, 20=0.01%
  cpu          : usr=43.30%, sys=56.67%, ctx=10, majf=0, minf=0
  IO depths    : 1=100.0%, 2=0.0%, 4=0.0%, 8=0.0%, 16=0.0%, 32=0.0%, >=64=0.0%
     submit    : 0=0.0%, 4=100.0%, 8=0.0%, 16=0.0%, 32=0.0%, 64=0.0%, >=64=0.0%
     complete  : 0=0.0%, 4=100.0%, 8=0.0%, 16=0.0%, 32=0.0%, 64=0.0%, >=64=0.0%
     issued rwts: total=705342,0,0,0 short=0,0,0,0 dropped=0,0,0,0
     latency   : target=0, window=0, percentile=100.00%, depth=1

Run status group 0 (all jobs):
   READ: bw=49.2MiB/s (51.6MB/s), 49.2MiB/s-49.2MiB/s (51.6MB/s-51.6MB/s), io=344MiB (361MB), run=7001-7001msec
