io_uring_cmd-reference: (g=0): rw=randread, bs=(R) 512B-512B, (W) 512B-512B, (T) 512B-512B, ioengine=io_uring_cmd, iodepth=128
fio-3.32-75-gc470
Starting 1 thread
{
  "fio version" : "fio-3.32-75-gc470",
  "timestamp" : 1667176208,
  "timestamp_ms" : 1667176208363,
  "time" : "Sun Oct 30 19:30:08 2022",
  "jobs" : [
    {
      "jobname" : "io_uring_cmd-reference",
      "groupid" : 0,
      "error" : 0,
      "eta" : 0,
      "elapsed" : 11,
      "job options" : {
        "name" : "io_uring_cmd-reference",
        "rw" : "randread",
        "size" : "12G",
        "iodepth" : "128",
        "bs" : "512",
        "direct" : "0",
        "thread" : "1",
        "time_based" : "1",
        "runtime" : "7",
        "ramp_time" : "3",
        "norandommap" : "1",
        "allow_file_create" : "0",
        "ioengine" : "io_uring_cmd",
        "filename" : "/dev/ng0n1",
        "cpus_allowed" : "1"
      },
      "read" : {
        "io_bytes" : 2415777792,
        "io_kbytes" : 2359158,
        "bw_bytes" : 345061818,
        "bw" : 336974,
        "iops" : 673930.581346,
        "runtime" : 7001,
        "total_ios" : 4718188,
        "short_ios" : 0,
        "drop_ios" : 0,
        "slat_ns" : {
          "min" : 552,
          "max" : 14555,
          "mean" : 1152.122824,
          "stddev" : 447.770529,
          "N" : 4718189
        },
        "clat_ns" : {
          "min" : 15022,
          "max" : 206528,
          "mean" : 188494.091639,
          "stddev" : 1528.620710,
          "N" : 4718315,
          "percentile" : {
            "1.000000" : 183296,
            "5.000000" : 187392,
            "10.000000" : 187392,
            "20.000000" : 187392,
            "30.000000" : 187392,
            "40.000000" : 187392,
            "50.000000" : 189440,
            "60.000000" : 189440,
            "70.000000" : 189440,
            "80.000000" : 189440,
            "90.000000" : 189440,
            "95.000000" : 191488,
            "99.000000" : 191488,
            "99.500000" : 191488,
            "99.900000" : 193536,
            "99.950000" : 193536,
            "99.990000" : 195584
          }
        },
        "lat_ns" : {
          "min" : 16451,
          "max" : 207203,
          "mean" : 189646.214465,
          "stddev" : 1529.520165,
          "N" : 4718315
        },
        "bw_min" : 336635,
        "bw_max" : 337884,
        "bw_agg" : 100.000000,
        "bw_mean" : 337130.285714,
        "bw_dev" : 548.547513,
        "bw_samples" : 14,
        "iops_min" : 673270,
        "iops_max" : 675768,
        "iops_mean" : 674260.714286,
        "iops_stddev" : 1097.182506,
        "iops_samples" : 14
      },
      "write" : {
        "io_bytes" : 0,
        "io_kbytes" : 0,
        "bw_bytes" : 0,
        "bw" : 0,
        "iops" : 0.000000,
        "runtime" : 0,
        "total_ios" : 0,
        "short_ios" : 0,
        "drop_ios" : 0,
        "slat_ns" : {
          "min" : 0,
          "max" : 0,
          "mean" : 0.000000,
          "stddev" : 0.000000,
          "N" : 0
        },
        "clat_ns" : {
          "min" : 0,
          "max" : 0,
          "mean" : 0.000000,
          "stddev" : 0.000000,
          "N" : 0
        },
        "lat_ns" : {
          "min" : 0,
          "max" : 0,
          "mean" : 0.000000,
          "stddev" : 0.000000,
          "N" : 0
        },
        "bw_min" : 0,
        "bw_max" : 0,
        "bw_agg" : 0.000000,
        "bw_mean" : 0.000000,
        "bw_dev" : 0.000000,
        "bw_samples" : 0,
        "iops_min" : 0,
        "iops_max" : 0,
        "iops_mean" : 0.000000,
        "iops_stddev" : 0.000000,
        "iops_samples" : 0
      },
      "trim" : {
        "io_bytes" : 0,
        "io_kbytes" : 0,
        "bw_bytes" : 0,
        "bw" : 0,
        "iops" : 0.000000,
        "runtime" : 0,
        "total_ios" : 0,
        "short_ios" : 0,
        "drop_ios" : 0,
        "slat_ns" : {
          "min" : 0,
          "max" : 0,
          "mean" : 0.000000,
          "stddev" : 0.000000,
          "N" : 0
        },
        "clat_ns" : {
          "min" : 0,
          "max" : 0,
          "mean" : 0.000000,
          "stddev" : 0.000000,
          "N" : 0
        },
        "lat_ns" : {
          "min" : 0,
          "max" : 0,
          "mean" : 0.000000,
          "stddev" : 0.000000,
          "N" : 0
        },
        "bw_min" : 0,
        "bw_max" : 0,
        "bw_agg" : 0.000000,
        "bw_mean" : 0.000000,
        "bw_dev" : 0.000000,
        "bw_samples" : 0,
        "iops_min" : 0,
        "iops_max" : 0,
        "iops_mean" : 0.000000,
        "iops_stddev" : 0.000000,
        "iops_samples" : 0
      },
      "sync" : {
        "total_ios" : 0,
        "lat_ns" : {
          "min" : 0,
          "max" : 0,
          "mean" : 0.000000,
          "stddev" : 0.000000,
          "N" : 0
        }
      },
      "job_runtime" : 7000,
      "usr_cpu" : 30.000000,
      "sys_cpu" : 70.000000,
      "ctx" : 21,
      "majf" : 0,
      "minf" : 0,
      "iodepth_level" : {
        "1" : 0.000000,
        "2" : 0.000000,
        "4" : 0.000000,
        "8" : 0.000000,
        "16" : 0.000000,
        "32" : 0.000000,
        ">=64" : 100.000000
      },
      "iodepth_submit" : {
        "0" : 0.000000,
        "4" : 100.000000,
        "8" : 0.000000,
        "16" : 0.000000,
        "32" : 0.000000,
        "64" : 0.000000,
        ">=64" : 0.000000
      },
      "iodepth_complete" : {
        "0" : 0.000000,
        "4" : 99.999979,
        "8" : 0.000000,
        "16" : 0.000000,
        "32" : 0.000000,
        "64" : 0.000000,
        ">=64" : 0.100000
      },
      "latency_ns" : {
        "2" : 0.000000,
        "4" : 0.000000,
        "10" : 0.000000,
        "20" : 0.000000,
        "50" : 0.000000,
        "100" : 0.000000,
        "250" : 0.000000,
        "500" : 0.000000,
        "750" : 0.000000,
        "1000" : 0.000000
      },
      "latency_us" : {
        "2" : 0.000000,
        "4" : 0.000000,
        "10" : 0.000000,
        "20" : 0.010000,
        "50" : 0.010000,
        "100" : 0.010000,
        "250" : 100.001462,
        "500" : 0.000000,
        "750" : 0.000000,
        "1000" : 0.000000
      },
      "latency_ms" : {
        "2" : 0.000000,
        "4" : 0.000000,
        "10" : 0.000000,
        "20" : 0.000000,
        "50" : 0.000000,
        "100" : 0.000000,
        "250" : 0.000000,
        "500" : 0.000000,
        "750" : 0.000000,
        "1000" : 0.000000,
        "2000" : 0.000000,
        ">=2000" : 0.000000
      },
      "latency_depth" : 128,
      "latency_target" : 0,
      "latency_percentile" : 100.000000,
      "latency_window" : 0
    }
  ]
}

io_uring_cmd-reference: (groupid=0, jobs=1): err= 0: pid=50940: Sun Oct 30 19:30:08 2022
  read: IOPS=674k, BW=329MiB/s (345MB/s)(2304MiB/7001msec)
    slat (nsec): min=552, max=14555, avg=1152.12, stdev=447.77
    clat (usec): min=15, max=206, avg=188.49, stdev= 1.53
     lat (usec): min=16, max=207, avg=189.65, stdev= 1.53
    clat percentiles (usec):
     |  1.00th=[  184],  5.00th=[  188], 10.00th=[  188], 20.00th=[  188],
     | 30.00th=[  188], 40.00th=[  188], 50.00th=[  190], 60.00th=[  190],
     | 70.00th=[  190], 80.00th=[  190], 90.00th=[  190], 95.00th=[  192],
     | 99.00th=[  192], 99.50th=[  192], 99.90th=[  194], 99.95th=[  194],
     | 99.99th=[  196]
   bw (  KiB/s): min=336635, max=337884, per=100.00%, avg=337130.29, stdev=548.55, samples=14
   iops        : min=673270, max=675768, avg=674260.71, stdev=1097.18, samples=14
  lat (usec)   : 20=0.01%, 50=0.01%, 100=0.01%, 250=100.00%
  cpu          : usr=30.00%, sys=70.00%, ctx=21, majf=0, minf=0
  IO depths    : 1=0.0%, 2=0.0%, 4=0.0%, 8=0.0%, 16=0.0%, 32=0.0%, >=64=100.0%
     submit    : 0=0.0%, 4=100.0%, 8=0.0%, 16=0.0%, 32=0.0%, 64=0.0%, >=64=0.0%
     complete  : 0=0.0%, 4=100.0%, 8=0.0%, 16=0.0%, 32=0.0%, 64=0.0%, >=64=0.1%
     issued rwts: total=4718188,0,0,0 short=0,0,0,0 dropped=0,0,0,0
     latency   : target=0, window=0, percentile=100.00%, depth=128

Run status group 0 (all jobs):
   READ: bw=329MiB/s (345MB/s), 329MiB/s-329MiB/s (345MB/s-345MB/s), io=2304MiB (2416MB), run=7001-7001msec
