libaio-reference: (g=0): rw=randread, bs=(R) 512B-512B, (W) 512B-512B, (T) 512B-512B, ioengine=libaio, iodepth=128
fio-3.32-75-gc470
Starting 1 thread
{
  "fio version" : "fio-3.32-75-gc470",
  "timestamp" : 1667197082,
  "timestamp_ms" : 1667197082436,
  "time" : "Mon Oct 31 01:18:02 2022",
  "jobs" : [
    {
      "jobname" : "libaio-reference",
      "groupid" : 0,
      "error" : 0,
      "eta" : 0,
      "elapsed" : 11,
      "job options" : {
        "name" : "libaio-reference",
        "rw" : "randread",
        "size" : "12G",
        "iodepth" : "128",
        "bs" : "512",
        "direct" : "1",
        "thread" : "1",
        "time_based" : "1",
        "runtime" : "7",
        "ramp_time" : "3",
        "norandommap" : "1",
        "allow_file_create" : "0",
        "ioengine" : "libaio",
        "filename" : "/dev/nvme0n1",
        "cpus_allowed" : "1"
      },
      "read" : {
        "io_bytes" : 1986816512,
        "io_kbytes" : 1940250,
        "bw_bytes" : 283790388,
        "bw" : 277139,
        "iops" : 554259.820026,
        "runtime" : 7001,
        "total_ios" : 3880373,
        "short_ios" : 0,
        "drop_ios" : 0,
        "slat_ns" : {
          "min" : 634,
          "max" : 12765,
          "mean" : 1159.978003,
          "stddev" : 396.911790,
          "N" : 3880374
        },
        "clat_ns" : {
          "min" : 9715,
          "max" : 241303,
          "mean" : 229488.117652,
          "stddev" : 1770.513050,
          "N" : 3880500,
          "percentile" : {
            "1.000000" : 224256,
            "5.000000" : 226304,
            "10.000000" : 228352,
            "20.000000" : 228352,
            "30.000000" : 228352,
            "40.000000" : 228352,
            "50.000000" : 230400,
            "60.000000" : 230400,
            "70.000000" : 230400,
            "80.000000" : 230400,
            "90.000000" : 230400,
            "95.000000" : 232448,
            "99.000000" : 232448,
            "99.500000" : 234496,
            "99.900000" : 234496,
            "99.950000" : 236544,
            "99.990000" : 236544
          }
        },
        "lat_ns" : {
          "min" : 11174,
          "max" : 242262,
          "mean" : 230648.093058,
          "stddev" : 1765.474764,
          "N" : 3880500
        },
        "bw_min" : 277102,
        "bw_max" : 277498,
        "bw_agg" : 100.000000,
        "bw_mean" : 277287.857143,
        "bw_dev" : 131.634609,
        "bw_samples" : 14,
        "iops_min" : 554204,
        "iops_max" : 554996,
        "iops_mean" : 554575.928571,
        "iops_stddev" : 263.249067,
        "iops_samples" : 14
      },
      "write" : {
        "io_bytes" : 0,
        "io_kbytes" : 0,
        "bw_bytes" : 0,
        "bw" : 0,
        "iops" : 0.000000,
        "runtime" : 0,
        "total_ios" : 0,
        "short_ios" : 0,
        "drop_ios" : 0,
        "slat_ns" : {
          "min" : 0,
          "max" : 0,
          "mean" : 0.000000,
          "stddev" : 0.000000,
          "N" : 0
        },
        "clat_ns" : {
          "min" : 0,
          "max" : 0,
          "mean" : 0.000000,
          "stddev" : 0.000000,
          "N" : 0
        },
        "lat_ns" : {
          "min" : 0,
          "max" : 0,
          "mean" : 0.000000,
          "stddev" : 0.000000,
          "N" : 0
        },
        "bw_min" : 0,
        "bw_max" : 0,
        "bw_agg" : 0.000000,
        "bw_mean" : 0.000000,
        "bw_dev" : 0.000000,
        "bw_samples" : 0,
        "iops_min" : 0,
        "iops_max" : 0,
        "iops_mean" : 0.000000,
        "iops_stddev" : 0.000000,
        "iops_samples" : 0
      },
      "trim" : {
        "io_bytes" : 0,
        "io_kbytes" : 0,
        "bw_bytes" : 0,
        "bw" : 0,
        "iops" : 0.000000,
        "runtime" : 0,
        "total_ios" : 0,
        "short_ios" : 0,
        "drop_ios" : 0,
        "slat_ns" : {
          "min" : 0,
          "max" : 0,
          "mean" : 0.000000,
          "stddev" : 0.000000,
          "N" : 0
        },
        "clat_ns" : {
          "min" : 0,
          "max" : 0,
          "mean" : 0.000000,
          "stddev" : 0.000000,
          "N" : 0
        },
        "lat_ns" : {
          "min" : 0,
          "max" : 0,
          "mean" : 0.000000,
          "stddev" : 0.000000,
          "N" : 0
        },
        "bw_min" : 0,
        "bw_max" : 0,
        "bw_agg" : 0.000000,
        "bw_mean" : 0.000000,
        "bw_dev" : 0.000000,
        "bw_samples" : 0,
        "iops_min" : 0,
        "iops_max" : 0,
        "iops_mean" : 0.000000,
        "iops_stddev" : 0.000000,
        "iops_samples" : 0
      },
      "sync" : {
        "total_ios" : 0,
        "lat_ns" : {
          "min" : 0,
          "max" : 0,
          "mean" : 0.000000,
          "stddev" : 0.000000,
          "N" : 0
        }
      },
      "job_runtime" : 7000,
      "usr_cpu" : 33.485714,
      "sys_cpu" : 66.514286,
      "ctx" : 17,
      "majf" : 0,
      "minf" : 0,
      "iodepth_level" : {
        "1" : 0.000000,
        "2" : 0.000000,
        "4" : 0.000000,
        "8" : 0.000000,
        "16" : 0.000000,
        "32" : 0.000000,
        ">=64" : 100.000000
      },
      "iodepth_submit" : {
        "0" : 0.000000,
        "4" : 100.000000,
        "8" : 0.000000,
        "16" : 0.000000,
        "32" : 0.000000,
        "64" : 0.000000,
        ">=64" : 0.000000
      },
      "iodepth_complete" : {
        "0" : 0.000000,
        "4" : 99.999974,
        "8" : 0.000000,
        "16" : 0.000000,
        "32" : 0.000000,
        "64" : 0.000000,
        ">=64" : 0.100000
      },
      "latency_ns" : {
        "2" : 0.000000,
        "4" : 0.000000,
        "10" : 0.000000,
        "20" : 0.000000,
        "50" : 0.000000,
        "100" : 0.000000,
        "250" : 0.000000,
        "500" : 0.000000,
        "750" : 0.000000,
        "1000" : 0.000000
      },
      "latency_us" : {
        "2" : 0.000000,
        "4" : 0.000000,
        "10" : 0.010000,
        "20" : 0.010000,
        "50" : 0.010000,
        "100" : 0.010000,
        "250" : 100.001984,
        "500" : 0.000000,
        "750" : 0.000000,
        "1000" : 0.000000
      },
      "latency_ms" : {
        "2" : 0.000000,
        "4" : 0.000000,
        "10" : 0.000000,
        "20" : 0.000000,
        "50" : 0.000000,
        "100" : 0.000000,
        "250" : 0.000000,
        "500" : 0.000000,
        "750" : 0.000000,
        "1000" : 0.000000,
        "2000" : 0.000000,
        ">=2000" : 0.000000
      },
      "latency_depth" : 128,
      "latency_target" : 0,
      "latency_percentile" : 100.000000,
      "latency_window" : 0
    }
  ],
  "disk_util" : [
    {
      "name" : "nvme0n1",
      "read_ios" : 0,
      "write_ios" : 0,
      "read_merges" : 0,
      "write_merges" : 0,
      "read_ticks" : 0,
      "write_ticks" : 0,
      "in_queue" : 0,
      "util" : 0.000000
    }
  ]
}

libaio-reference: (groupid=0, jobs=1): err= 0: pid=62858: Mon Oct 31 01:18:02 2022
  read: IOPS=554k, BW=271MiB/s (284MB/s)(1895MiB/7001msec)
    slat (nsec): min=634, max=12765, avg=1159.98, stdev=396.91
    clat (usec): min=9, max=241, avg=229.49, stdev= 1.77
     lat (usec): min=11, max=242, avg=230.65, stdev= 1.77
    clat percentiles (usec):
     |  1.00th=[  225],  5.00th=[  227], 10.00th=[  229], 20.00th=[  229],
     | 30.00th=[  229], 40.00th=[  229], 50.00th=[  231], 60.00th=[  231],
     | 70.00th=[  231], 80.00th=[  231], 90.00th=[  231], 95.00th=[  233],
     | 99.00th=[  233], 99.50th=[  235], 99.90th=[  235], 99.95th=[  237],
     | 99.99th=[  237]
   bw (  KiB/s): min=277102, max=277498, per=100.00%, avg=277287.86, stdev=131.63, samples=14
   iops        : min=554204, max=554996, avg=554575.93, stdev=263.25, samples=14
  lat (usec)   : 10=0.01%, 20=0.01%, 50=0.01%, 100=0.01%, 250=100.00%
  cpu          : usr=33.49%, sys=66.51%, ctx=17, majf=0, minf=0
  IO depths    : 1=0.0%, 2=0.0%, 4=0.0%, 8=0.0%, 16=0.0%, 32=0.0%, >=64=100.0%
     submit    : 0=0.0%, 4=100.0%, 8=0.0%, 16=0.0%, 32=0.0%, 64=0.0%, >=64=0.0%
     complete  : 0=0.0%, 4=100.0%, 8=0.0%, 16=0.0%, 32=0.0%, 64=0.0%, >=64=0.1%
     issued rwts: total=3880373,0,0,0 short=0,0,0,0 dropped=0,0,0,0
     latency   : target=0, window=0, percentile=100.00%, depth=128

Run status group 0 (all jobs):
   READ: bw=271MiB/s (284MB/s), 271MiB/s-271MiB/s (284MB/s-284MB/s), io=1895MiB (1987MB), run=7001-7001msec

Disk stats (read/write):
  nvme0n1: ios=0/0, merge=0/0, ticks=0/0, in_queue=0, util=0.00%
