io_uring_cmd-reference: (g=0): rw=randread, bs=(R) 512B-512B, (W) 512B-512B, (T) 512B-512B, ioengine=io_uring_cmd, iodepth=128
fio-3.32-75-gc470
Starting 1 thread
{
  "fio version" : "fio-3.32-75-gc470",
  "timestamp" : 1667196983,
  "timestamp_ms" : 1667196983732,
  "time" : "Mon Oct 31 01:16:23 2022",
  "jobs" : [
    {
      "jobname" : "io_uring_cmd-reference",
      "groupid" : 0,
      "error" : 0,
      "eta" : 0,
      "elapsed" : 11,
      "job options" : {
        "name" : "io_uring_cmd-reference",
        "rw" : "randread",
        "size" : "12G",
        "iodepth" : "128",
        "bs" : "512",
        "direct" : "0",
        "thread" : "1",
        "time_based" : "1",
        "runtime" : "7",
        "ramp_time" : "3",
        "norandommap" : "1",
        "allow_file_create" : "0",
        "ioengine" : "io_uring_cmd",
        "filename" : "/dev/ng0n1",
        "cpus_allowed" : "1"
      },
      "read" : {
        "io_bytes" : 2407401472,
        "io_kbytes" : 2350978,
        "bw_bytes" : 343865372,
        "bw" : 335806,
        "iops" : 671593.772318,
        "runtime" : 7001,
        "total_ios" : 4701828,
        "short_ios" : 0,
        "drop_ios" : 0,
        "slat_ns" : {
          "min" : 551,
          "max" : 14275,
          "mean" : 1154.717667,
          "stddev" : 449.078019,
          "N" : 4701829
        },
        "clat_ns" : {
          "min" : 10781,
          "max" : 214207,
          "mean" : 189150.564619,
          "stddev" : 1796.792498,
          "N" : 4701955,
          "percentile" : {
            "1.000000" : 183296,
            "5.000000" : 187392,
            "10.000000" : 187392,
            "20.000000" : 187392,
            "30.000000" : 189440,
            "40.000000" : 189440,
            "50.000000" : 189440,
            "60.000000" : 189440,
            "70.000000" : 189440,
            "80.000000" : 189440,
            "90.000000" : 191488,
            "95.000000" : 191488,
            "99.000000" : 193536,
            "99.500000" : 193536,
            "99.900000" : 195584,
            "99.950000" : 197632,
            "99.990000" : 199680
          }
        },
        "lat_ns" : {
          "min" : 11393,
          "max" : 216244,
          "mean" : 190305.282437,
          "stddev" : 1801.344609,
          "N" : 4701955
        },
        "bw_min" : 335613,
        "bw_max" : 336925,
        "bw_agg" : 100.000000,
        "bw_mean" : 335949.642857,
        "bw_dev" : 364.262502,
        "bw_samples" : 14,
        "iops_min" : 671226,
        "iops_max" : 673851,
        "iops_mean" : 671899.428571,
        "iops_stddev" : 728.714011,
        "iops_samples" : 14
      },
      "write" : {
        "io_bytes" : 0,
        "io_kbytes" : 0,
        "bw_bytes" : 0,
        "bw" : 0,
        "iops" : 0.000000,
        "runtime" : 0,
        "total_ios" : 0,
        "short_ios" : 0,
        "drop_ios" : 0,
        "slat_ns" : {
          "min" : 0,
          "max" : 0,
          "mean" : 0.000000,
          "stddev" : 0.000000,
          "N" : 0
        },
        "clat_ns" : {
          "min" : 0,
          "max" : 0,
          "mean" : 0.000000,
          "stddev" : 0.000000,
          "N" : 0
        },
        "lat_ns" : {
          "min" : 0,
          "max" : 0,
          "mean" : 0.000000,
          "stddev" : 0.000000,
          "N" : 0
        },
        "bw_min" : 0,
        "bw_max" : 0,
        "bw_agg" : 0.000000,
        "bw_mean" : 0.000000,
        "bw_dev" : 0.000000,
        "bw_samples" : 0,
        "iops_min" : 0,
        "iops_max" : 0,
        "iops_mean" : 0.000000,
        "iops_stddev" : 0.000000,
        "iops_samples" : 0
      },
      "trim" : {
        "io_bytes" : 0,
        "io_kbytes" : 0,
        "bw_bytes" : 0,
        "bw" : 0,
        "iops" : 0.000000,
        "runtime" : 0,
        "total_ios" : 0,
        "short_ios" : 0,
        "drop_ios" : 0,
        "slat_ns" : {
          "min" : 0,
          "max" : 0,
          "mean" : 0.000000,
          "stddev" : 0.000000,
          "N" : 0
        },
        "clat_ns" : {
          "min" : 0,
          "max" : 0,
          "mean" : 0.000000,
          "stddev" : 0.000000,
          "N" : 0
        },
        "lat_ns" : {
          "min" : 0,
          "max" : 0,
          "mean" : 0.000000,
          "stddev" : 0.000000,
          "N" : 0
        },
        "bw_min" : 0,
        "bw_max" : 0,
        "bw_agg" : 0.000000,
        "bw_mean" : 0.000000,
        "bw_dev" : 0.000000,
        "bw_samples" : 0,
        "iops_min" : 0,
        "iops_max" : 0,
        "iops_mean" : 0.000000,
        "iops_stddev" : 0.000000,
        "iops_samples" : 0
      },
      "sync" : {
        "total_ios" : 0,
        "lat_ns" : {
          "min" : 0,
          "max" : 0,
          "mean" : 0.000000,
          "stddev" : 0.000000,
          "N" : 0
        }
      },
      "job_runtime" : 7000,
      "usr_cpu" : 32.757143,
      "sys_cpu" : 67.285714,
      "ctx" : 29,
      "majf" : 0,
      "minf" : 0,
      "iodepth_level" : {
        "1" : 0.000000,
        "2" : 0.000000,
        "4" : 0.000000,
        "8" : 0.000000,
        "16" : 0.000000,
        "32" : 0.000000,
        ">=64" : 100.000000
      },
      "iodepth_submit" : {
        "0" : 0.000000,
        "4" : 100.000000,
        "8" : 0.000000,
        "16" : 0.000000,
        "32" : 0.000000,
        "64" : 0.000000,
        ">=64" : 0.000000
      },
      "iodepth_complete" : {
        "0" : 0.000000,
        "4" : 99.999979,
        "8" : 0.000000,
        "16" : 0.000000,
        "32" : 0.000000,
        "64" : 0.000000,
        ">=64" : 0.100000
      },
      "latency_ns" : {
        "2" : 0.000000,
        "4" : 0.000000,
        "10" : 0.000000,
        "20" : 0.000000,
        "50" : 0.000000,
        "100" : 0.000000,
        "250" : 0.000000,
        "500" : 0.000000,
        "750" : 0.000000,
        "1000" : 0.000000
      },
      "latency_us" : {
        "2" : 0.000000,
        "4" : 0.000000,
        "10" : 0.000000,
        "20" : 0.010000,
        "50" : 0.010000,
        "100" : 0.010000,
        "250" : 100.001425,
        "500" : 0.000000,
        "750" : 0.000000,
        "1000" : 0.000000
      },
      "latency_ms" : {
        "2" : 0.000000,
        "4" : 0.000000,
        "10" : 0.000000,
        "20" : 0.000000,
        "50" : 0.000000,
        "100" : 0.000000,
        "250" : 0.000000,
        "500" : 0.000000,
        "750" : 0.000000,
        "1000" : 0.000000,
        "2000" : 0.000000,
        ">=2000" : 0.000000
      },
      "latency_depth" : 128,
      "latency_target" : 0,
      "latency_percentile" : 100.000000,
      "latency_window" : 0
    }
  ]
}

io_uring_cmd-reference: (groupid=0, jobs=1): err= 0: pid=62524: Mon Oct 31 01:16:23 2022
  read: IOPS=672k, BW=328MiB/s (344MB/s)(2296MiB/7001msec)
    slat (nsec): min=551, max=14275, avg=1154.72, stdev=449.08
    clat (usec): min=10, max=214, avg=189.15, stdev= 1.80
     lat (usec): min=11, max=216, avg=190.31, stdev= 1.80
    clat percentiles (usec):
     |  1.00th=[  184],  5.00th=[  188], 10.00th=[  188], 20.00th=[  188],
     | 30.00th=[  190], 40.00th=[  190], 50.00th=[  190], 60.00th=[  190],
     | 70.00th=[  190], 80.00th=[  190], 90.00th=[  192], 95.00th=[  192],
     | 99.00th=[  194], 99.50th=[  194], 99.90th=[  196], 99.95th=[  198],
     | 99.99th=[  200]
   bw (  KiB/s): min=335613, max=336925, per=100.00%, avg=335949.64, stdev=364.26, samples=14
   iops        : min=671226, max=673851, avg=671899.43, stdev=728.71, samples=14
  lat (usec)   : 20=0.01%, 50=0.01%, 100=0.01%, 250=100.00%
  cpu          : usr=32.76%, sys=67.29%, ctx=29, majf=0, minf=0
  IO depths    : 1=0.0%, 2=0.0%, 4=0.0%, 8=0.0%, 16=0.0%, 32=0.0%, >=64=100.0%
     submit    : 0=0.0%, 4=100.0%, 8=0.0%, 16=0.0%, 32=0.0%, 64=0.0%, >=64=0.0%
     complete  : 0=0.0%, 4=100.0%, 8=0.0%, 16=0.0%, 32=0.0%, 64=0.0%, >=64=0.1%
     issued rwts: total=4701828,0,0,0 short=0,0,0,0 dropped=0,0,0,0
     latency   : target=0, window=0, percentile=100.00%, depth=128

Run status group 0 (all jobs):
   READ: bw=328MiB/s (344MB/s), 328MiB/s-328MiB/s (344MB/s-344MB/s), io=2296MiB (2407MB), run=7001-7001msec
