libaio-bdev_xnvme: (g=0): rw=randread, bs=(R) 512B-512B, (W) 512B-512B, (T) 512B-512B, ioengine=spdk_bdev, iodepth=128
fio-3.32-75-gc470
Starting 1 thread
{
  "fio version" : "fio-3.32-75-gc470",
  "timestamp" : 1667197112,
  "timestamp_ms" : 1667197112124,
  "time" : "Mon Oct 31 01:18:32 2022",
  "jobs" : [
    {
      "jobname" : "libaio-bdev_xnvme",
      "groupid" : 0,
      "error" : 0,
      "eta" : 0,
      "elapsed" : 11,
      "job options" : {
        "name" : "libaio-bdev_xnvme",
        "rw" : "randread",
        "size" : "12G",
        "iodepth" : "128",
        "bs" : "512",
        "direct" : "1",
        "thread" : "1",
        "time_based" : "1",
        "runtime" : "7",
        "ramp_time" : "3",
        "norandommap" : "1",
        "allow_file_create" : "0",
        "ioengine" : "spdk_bdev",
        "spdk_conf" : "/tmp/spdk_bdev_xnvme_libaio.conf",
        "filename" : "Nvme0n1",
        "cpus_allowed" : "1"
      },
      "read" : {
        "io_bytes" : 2158875136,
        "io_kbytes" : 2108276,
        "bw_bytes" : 308366681,
        "bw" : 301139,
        "iops" : 602273.818026,
        "runtime" : 7001,
        "total_ios" : 4216519,
        "short_ios" : 0,
        "drop_ios" : 0,
        "slat_ns" : {
          "min" : 733,
          "max" : 11756,
          "mean" : 1389.507430,
          "stddev" : 469.650907,
          "N" : 4216520
        },
        "clat_ns" : {
          "min" : 9162,
          "max" : 223953,
          "mean" : 111389.777151,
          "stddev" : 56843.234445,
          "N" : 4216553,
          "percentile" : {
            "1.000000" : 15552,
            "5.000000" : 23424,
            "10.000000" : 33024,
            "20.000000" : 52480,
            "30.000000" : 72192,
            "40.000000" : 91648,
            "50.000000" : 111104,
            "60.000000" : 130560,
            "70.000000" : 150528,
            "80.000000" : 168960,
            "90.000000" : 189440,
            "95.000000" : 195584,
            "99.000000" : 214016,
            "99.500000" : 216064,
            "99.900000" : 218112,
            "99.950000" : 218112,
            "99.990000" : 220160
          }
        },
        "lat_ns" : {
          "min" : 10812,
          "max" : 224962,
          "mean" : 112779.283720,
          "stddev" : 56799.441831,
          "N" : 4216553
        },
        "bw_min" : 301026,
        "bw_max" : 301639,
        "bw_agg" : 100.000000,
        "bw_mean" : 301279.857143,
        "bw_dev" : 168.703589,
        "bw_samples" : 14,
        "iops_min" : 602052,
        "iops_max" : 603278,
        "iops_mean" : 602559.928571,
        "iops_stddev" : 337.539619,
        "iops_samples" : 14
      },
      "write" : {
        "io_bytes" : 0,
        "io_kbytes" : 0,
        "bw_bytes" : 0,
        "bw" : 0,
        "iops" : 0.000000,
        "runtime" : 0,
        "total_ios" : 0,
        "short_ios" : 0,
        "drop_ios" : 0,
        "slat_ns" : {
          "min" : 0,
          "max" : 0,
          "mean" : 0.000000,
          "stddev" : 0.000000,
          "N" : 0
        },
        "clat_ns" : {
          "min" : 0,
          "max" : 0,
          "mean" : 0.000000,
          "stddev" : 0.000000,
          "N" : 0
        },
        "lat_ns" : {
          "min" : 0,
          "max" : 0,
          "mean" : 0.000000,
          "stddev" : 0.000000,
          "N" : 0
        },
        "bw_min" : 0,
        "bw_max" : 0,
        "bw_agg" : 0.000000,
        "bw_mean" : 0.000000,
        "bw_dev" : 0.000000,
        "bw_samples" : 0,
        "iops_min" : 0,
        "iops_max" : 0,
        "iops_mean" : 0.000000,
        "iops_stddev" : 0.000000,
        "iops_samples" : 0
      },
      "trim" : {
        "io_bytes" : 0,
        "io_kbytes" : 0,
        "bw_bytes" : 0,
        "bw" : 0,
        "iops" : 0.000000,
        "runtime" : 0,
        "total_ios" : 0,
        "short_ios" : 0,
        "drop_ios" : 0,
        "slat_ns" : {
          "min" : 0,
          "max" : 0,
          "mean" : 0.000000,
          "stddev" : 0.000000,
          "N" : 0
        },
        "clat_ns" : {
          "min" : 0,
          "max" : 0,
          "mean" : 0.000000,
          "stddev" : 0.000000,
          "N" : 0
        },
        "lat_ns" : {
          "min" : 0,
          "max" : 0,
          "mean" : 0.000000,
          "stddev" : 0.000000,
          "N" : 0
        },
        "bw_min" : 0,
        "bw_max" : 0,
        "bw_agg" : 0.000000,
        "bw_mean" : 0.000000,
        "bw_dev" : 0.000000,
        "bw_samples" : 0,
        "iops_min" : 0,
        "iops_max" : 0,
        "iops_mean" : 0.000000,
        "iops_stddev" : 0.000000,
        "iops_samples" : 0
      },
      "sync" : {
        "total_ios" : 0,
        "lat_ns" : {
          "min" : 0,
          "max" : 0,
          "mean" : 0.000000,
          "stddev" : 0.000000,
          "N" : 0
        }
      },
      "job_runtime" : 7000,
      "usr_cpu" : 35.357143,
      "sys_cpu" : 64.614286,
      "ctx" : 18,
      "majf" : 0,
      "minf" : 0,
      "iodepth_level" : {
        "1" : 0.000000,
        "2" : 0.100000,
        "4" : 0.921684,
        "8" : 6.549810,
        "16" : 13.101234,
        "32" : 26.203155,
        ">=64" : 53.224046
      },
      "iodepth_submit" : {
        "0" : 0.000000,
        "4" : 100.000000,
        "8" : 0.000000,
        "16" : 0.000000,
        "32" : 0.000000,
        "64" : 0.000000,
        ">=64" : 0.000000
      },
      "iodepth_complete" : {
        "0" : 0.000000,
        "4" : 99.187800,
        "8" : 0.000000,
        "16" : 0.000000,
        "32" : 0.000000,
        "64" : 0.000000,
        ">=64" : 0.812200
      },
      "latency_ns" : {
        "2" : 0.000000,
        "4" : 0.000000,
        "10" : 0.000000,
        "20" : 0.000000,
        "50" : 0.000000,
        "100" : 0.000000,
        "250" : 0.000000,
        "500" : 0.000000,
        "750" : 0.000000,
        "1000" : 0.000000
      },
      "latency_us" : {
        "2" : 0.000000,
        "4" : 0.000000,
        "10" : 0.010000,
        "20" : 3.291151,
        "50" : 15.395709,
        "100" : 25.647625,
        "250" : 55.666250,
        "500" : 0.000000,
        "750" : 0.000000,
        "1000" : 0.000000
      },
      "latency_ms" : {
        "2" : 0.000000,
        "4" : 0.000000,
        "10" : 0.000000,
        "20" : 0.000000,
        "50" : 0.000000,
        "100" : 0.000000,
        "250" : 0.000000,
        "500" : 0.000000,
        "750" : 0.000000,
        "1000" : 0.000000,
        "2000" : 0.000000,
        ">=2000" : 0.000000
      },
      "latency_depth" : 128,
      "latency_target" : 0,
      "latency_percentile" : 100.000000,
      "latency_window" : 0
    }
  ]
}

libaio-bdev_xnvme: (groupid=0, jobs=1): err= 0: pid=62964: Mon Oct 31 01:18:32 2022
  read: IOPS=602k, BW=294MiB/s (308MB/s)(2059MiB/7001msec)
    slat (nsec): min=733, max=11756, avg=1389.51, stdev=469.65
    clat (usec): min=9, max=223, avg=111.39, stdev=56.84
     lat (usec): min=10, max=224, avg=112.78, stdev=56.80
    clat percentiles (usec):
     |  1.00th=[   16],  5.00th=[   24], 10.00th=[   34], 20.00th=[   53],
     | 30.00th=[   73], 40.00th=[   92], 50.00th=[  112], 60.00th=[  131],
     | 70.00th=[  151], 80.00th=[  169], 90.00th=[  190], 95.00th=[  196],
     | 99.00th=[  215], 99.50th=[  217], 99.90th=[  219], 99.95th=[  219],
     | 99.99th=[  221]
   bw (  KiB/s): min=301026, max=301639, per=100.00%, avg=301279.86, stdev=168.70, samples=14
   iops        : min=602052, max=603278, avg=602559.93, stdev=337.54, samples=14
  lat (usec)   : 10=0.01%, 20=3.29%, 50=15.40%, 100=25.65%, 250=55.67%
  cpu          : usr=35.36%, sys=64.61%, ctx=18, majf=0, minf=0
  IO depths    : 1=0.0%, 2=0.1%, 4=0.9%, 8=6.5%, 16=13.1%, 32=26.2%, >=64=53.2%
     submit    : 0=0.0%, 4=100.0%, 8=0.0%, 16=0.0%, 32=0.0%, 64=0.0%, >=64=0.0%
     complete  : 0=0.0%, 4=99.2%, 8=0.0%, 16=0.0%, 32=0.0%, 64=0.0%, >=64=0.8%
     issued rwts: total=4216519,0,0,0 short=0,0,0,0 dropped=0,0,0,0
     latency   : target=0, window=0, percentile=100.00%, depth=128

Run status group 0 (all jobs):
   READ: bw=294MiB/s (308MB/s), 294MiB/s-294MiB/s (308MB/s-308MB/s), io=2059MiB (2159MB), run=7001-7001msec
