io_uring-bdev_uring: (g=0): rw=randread, bs=(R) 512B-512B, (W) 512B-512B, (T) 512B-512B, ioengine=spdk_bdev, iodepth=128
fio-3.32-75-gc470
Starting 1 thread
{
  "fio version" : "fio-3.32-75-gc470",
  "timestamp" : 1667197040,
  "timestamp_ms" : 1667197040350,
  "time" : "Mon Oct 31 01:17:20 2022",
  "jobs" : [
    {
      "jobname" : "io_uring-bdev_uring",
      "groupid" : 0,
      "error" : 0,
      "eta" : 0,
      "elapsed" : 11,
      "job options" : {
        "name" : "io_uring-bdev_uring",
        "rw" : "randread",
        "size" : "12G",
        "iodepth" : "128",
        "bs" : "512",
        "direct" : "1",
        "thread" : "1",
        "time_based" : "1",
        "runtime" : "7",
        "ramp_time" : "3",
        "norandommap" : "1",
        "allow_file_create" : "0",
        "ioengine" : "spdk_bdev",
        "spdk_conf" : "/tmp/spdk_bdev_uring_foo.conf",
        "filename" : "Nvme0n1",
        "cpus_allowed" : "1"
      },
      "read" : {
        "io_bytes" : 2983515648,
        "io_kbytes" : 2913589,
        "bw_bytes" : 426155641,
        "bw" : 416167,
        "iops" : 832317.097557,
        "runtime" : 7001,
        "total_ios" : 5827052,
        "short_ios" : 0,
        "drop_ios" : 0,
        "slat_ns" : {
          "min" : 61,
          "max" : 13922,
          "mean" : 121.962294,
          "stddev" : 321.700736,
          "N" : 5827052
        },
        "clat_ns" : {
          "min" : 51645,
          "max" : 248747,
          "mean" : 121020.600610,
          "stddev" : 50396.063224,
          "N" : 5827092,
          "percentile" : {
            "1.000000" : 67072,
            "5.000000" : 73216,
            "10.000000" : 76288,
            "20.000000" : 80384,
            "30.000000" : 84480,
            "40.000000" : 87552,
            "50.000000" : 91648,
            "60.000000" : 97792,
            "70.000000" : 177152,
            "80.000000" : 187392,
            "90.000000" : 195584,
            "95.000000" : 201728,
            "99.000000" : 211968,
            "99.500000" : 216064,
            "99.900000" : 224256,
            "99.950000" : 228352,
            "99.990000" : 234496
          }
        },
        "lat_ns" : {
          "min" : 51719,
          "max" : 248823,
          "mean" : 121142.562581,
          "stddev" : 50367.845957,
          "N" : 5827092
        },
        "bw_min" : 416151,
        "bw_max" : 416895,
        "bw_agg" : 100.000000,
        "bw_mean" : 416361.785714,
        "bw_dev" : 200.721460,
        "bw_samples" : 14,
        "iops_min" : 832302,
        "iops_max" : 833791,
        "iops_mean" : 832724.000000,
        "iops_stddev" : 401.621521,
        "iops_samples" : 14
      },
      "write" : {
        "io_bytes" : 0,
        "io_kbytes" : 0,
        "bw_bytes" : 0,
        "bw" : 0,
        "iops" : 0.000000,
        "runtime" : 0,
        "total_ios" : 0,
        "short_ios" : 0,
        "drop_ios" : 0,
        "slat_ns" : {
          "min" : 0,
          "max" : 0,
          "mean" : 0.000000,
          "stddev" : 0.000000,
          "N" : 0
        },
        "clat_ns" : {
          "min" : 0,
          "max" : 0,
          "mean" : 0.000000,
          "stddev" : 0.000000,
          "N" : 0
        },
        "lat_ns" : {
          "min" : 0,
          "max" : 0,
          "mean" : 0.000000,
          "stddev" : 0.000000,
          "N" : 0
        },
        "bw_min" : 0,
        "bw_max" : 0,
        "bw_agg" : 0.000000,
        "bw_mean" : 0.000000,
        "bw_dev" : 0.000000,
        "bw_samples" : 0,
        "iops_min" : 0,
        "iops_max" : 0,
        "iops_mean" : 0.000000,
        "iops_stddev" : 0.000000,
        "iops_samples" : 0
      },
      "trim" : {
        "io_bytes" : 0,
        "io_kbytes" : 0,
        "bw_bytes" : 0,
        "bw" : 0,
        "iops" : 0.000000,
        "runtime" : 0,
        "total_ios" : 0,
        "short_ios" : 0,
        "drop_ios" : 0,
        "slat_ns" : {
          "min" : 0,
          "max" : 0,
          "mean" : 0.000000,
          "stddev" : 0.000000,
          "N" : 0
        },
        "clat_ns" : {
          "min" : 0,
          "max" : 0,
          "mean" : 0.000000,
          "stddev" : 0.000000,
          "N" : 0
        },
        "lat_ns" : {
          "min" : 0,
          "max" : 0,
          "mean" : 0.000000,
          "stddev" : 0.000000,
          "N" : 0
        },
        "bw_min" : 0,
        "bw_max" : 0,
        "bw_agg" : 0.000000,
        "bw_mean" : 0.000000,
        "bw_dev" : 0.000000,
        "bw_samples" : 0,
        "iops_min" : 0,
        "iops_max" : 0,
        "iops_mean" : 0.000000,
        "iops_stddev" : 0.000000,
        "iops_samples" : 0
      },
      "sync" : {
        "total_ios" : 0,
        "lat_ns" : {
          "min" : 0,
          "max" : 0,
          "mean" : 0.000000,
          "stddev" : 0.000000,
          "N" : 0
        }
      },
      "job_runtime" : 7000,
      "usr_cpu" : 21.928571,
      "sys_cpu" : 78.042857,
      "ctx" : 15,
      "majf" : 0,
      "minf" : 0,
      "iodepth_level" : {
        "1" : 0.100000,
        "2" : 0.100000,
        "4" : 0.100000,
        "8" : 0.100000,
        "16" : 1.435769,
        "32" : 30.313785,
        ">=64" : 68.245487
      },
      "iodepth_submit" : {
        "0" : 0.000000,
        "4" : 100.000000,
        "8" : 0.000000,
        "16" : 0.000000,
        "32" : 0.000000,
        "64" : 0.000000,
        ">=64" : 0.000000
      },
      "iodepth_complete" : {
        "0" : 0.000000,
        "4" : 98.960962,
        "8" : 0.000000,
        "16" : 0.000000,
        "32" : 0.100000,
        "64" : 0.000000,
        ">=64" : 1.039021
      },
      "latency_ns" : {
        "2" : 0.000000,
        "4" : 0.000000,
        "10" : 0.000000,
        "20" : 0.000000,
        "50" : 0.000000,
        "100" : 0.000000,
        "250" : 0.000000,
        "500" : 0.000000,
        "750" : 0.000000,
        "1000" : 0.000000
      },
      "latency_us" : {
        "2" : 0.000000,
        "4" : 0.000000,
        "10" : 0.000000,
        "20" : 0.000000,
        "50" : 0.000000,
        "100" : 62.464965,
        "250" : 37.535721,
        "500" : 0.000000,
        "750" : 0.000000,
        "1000" : 0.000000
      },
      "latency_ms" : {
        "2" : 0.000000,
        "4" : 0.000000,
        "10" : 0.000000,
        "20" : 0.000000,
        "50" : 0.000000,
        "100" : 0.000000,
        "250" : 0.000000,
        "500" : 0.000000,
        "750" : 0.000000,
        "1000" : 0.000000,
        "2000" : 0.000000,
        ">=2000" : 0.000000
      },
      "latency_depth" : 128,
      "latency_target" : 0,
      "latency_percentile" : 100.000000,
      "latency_window" : 0
    }
  ]
}

io_uring-bdev_uring: (groupid=0, jobs=1): err= 0: pid=62718: Mon Oct 31 01:17:20 2022
  read: IOPS=832k, BW=406MiB/s (426MB/s)(2845MiB/7001msec)
    slat (nsec): min=61, max=13922, avg=121.96, stdev=321.70
    clat (usec): min=51, max=248, avg=121.02, stdev=50.40
     lat (usec): min=51, max=248, avg=121.14, stdev=50.37
    clat percentiles (usec):
     |  1.00th=[   68],  5.00th=[   74], 10.00th=[   77], 20.00th=[   81],
     | 30.00th=[   85], 40.00th=[   88], 50.00th=[   92], 60.00th=[   98],
     | 70.00th=[  178], 80.00th=[  188], 90.00th=[  196], 95.00th=[  202],
     | 99.00th=[  212], 99.50th=[  217], 99.90th=[  225], 99.95th=[  229],
     | 99.99th=[  235]
   bw (  KiB/s): min=416151, max=416895, per=100.00%, avg=416361.79, stdev=200.72, samples=14
   iops        : min=832302, max=833791, avg=832724.00, stdev=401.62, samples=14
  lat (usec)   : 100=62.46%, 250=37.54%
  cpu          : usr=21.93%, sys=78.04%, ctx=15, majf=0, minf=0
  IO depths    : 1=0.1%, 2=0.1%, 4=0.1%, 8=0.1%, 16=1.4%, 32=30.3%, >=64=68.2%
     submit    : 0=0.0%, 4=100.0%, 8=0.0%, 16=0.0%, 32=0.0%, 64=0.0%, >=64=0.0%
     complete  : 0=0.0%, 4=99.0%, 8=0.0%, 16=0.0%, 32=0.1%, 64=0.0%, >=64=1.0%
     issued rwts: total=5827052,0,0,0 short=0,0,0,0 dropped=0,0,0,0
     latency   : target=0, window=0, percentile=100.00%, depth=128

Run status group 0 (all jobs):
   READ: bw=406MiB/s (426MB/s), 406MiB/s-406MiB/s (426MB/s-426MB/s), io=2845MiB (2984MB), run=7001-7001msec
