io_uring-reference: (g=0): rw=randread, bs=(R) 512B-512B, (W) 512B-512B, (T) 512B-512B, ioengine=io_uring, iodepth=128
fio-3.32-75-gc470
Starting 1 thread
{
  "fio version" : "fio-3.32-75-gc470",
  "timestamp" : 1667197025,
  "timestamp_ms" : 1667197025747,
  "time" : "Mon Oct 31 01:17:05 2022",
  "jobs" : [
    {
      "jobname" : "io_uring-reference",
      "groupid" : 0,
      "error" : 0,
      "eta" : 0,
      "elapsed" : 11,
      "job options" : {
        "name" : "io_uring-reference",
        "rw" : "randread",
        "size" : "12G",
        "iodepth" : "128",
        "bs" : "512",
        "direct" : "1",
        "thread" : "1",
        "time_based" : "1",
        "runtime" : "7",
        "ramp_time" : "3",
        "norandommap" : "1",
        "allow_file_create" : "0",
        "ioengine" : "io_uring",
        "filename" : "/dev/nvme0n1",
        "cpus_allowed" : "1"
      },
      "read" : {
        "io_bytes" : 2367901696,
        "io_kbytes" : 2312404,
        "bw_bytes" : 338223353,
        "bw" : 330296,
        "iops" : 660574.203685,
        "runtime" : 7001,
        "total_ios" : 4624680,
        "short_ios" : 0,
        "drop_ios" : 0,
        "slat_ns" : {
          "min" : 562,
          "max" : 12339,
          "mean" : 1181.318777,
          "stddev" : 454.206502,
          "N" : 4624681
        },
        "clat_ns" : {
          "min" : 9188,
          "max" : 396169,
          "mean" : 192314.266164,
          "stddev" : 2157.819819,
          "N" : 4624807,
          "percentile" : {
            "1.000000" : 187392,
            "5.000000" : 189440,
            "10.000000" : 189440,
            "20.000000" : 191488,
            "30.000000" : 191488,
            "40.000000" : 191488,
            "50.000000" : 191488,
            "60.000000" : 193536,
            "70.000000" : 193536,
            "80.000000" : 193536,
            "90.000000" : 193536,
            "95.000000" : 195584,
            "99.000000" : 195584,
            "99.500000" : 197632,
            "99.900000" : 199680,
            "99.950000" : 199680,
            "99.990000" : 203776
          }
        },
        "lat_ns" : {
          "min" : 11684,
          "max" : 396890,
          "mean" : 193495.584488,
          "stddev" : 2166.694684,
          "N" : 4624807
        },
        "bw_min" : 330115,
        "bw_max" : 330706,
        "bw_agg" : 100.000000,
        "bw_mean" : 330359.928571,
        "bw_dev" : 206.951300,
        "bw_samples" : 14,
        "iops_min" : 660230,
        "iops_max" : 661412,
        "iops_mean" : 660719.928571,
        "iops_stddev" : 413.872605,
        "iops_samples" : 14
      },
      "write" : {
        "io_bytes" : 0,
        "io_kbytes" : 0,
        "bw_bytes" : 0,
        "bw" : 0,
        "iops" : 0.000000,
        "runtime" : 0,
        "total_ios" : 0,
        "short_ios" : 0,
        "drop_ios" : 0,
        "slat_ns" : {
          "min" : 0,
          "max" : 0,
          "mean" : 0.000000,
          "stddev" : 0.000000,
          "N" : 0
        },
        "clat_ns" : {
          "min" : 0,
          "max" : 0,
          "mean" : 0.000000,
          "stddev" : 0.000000,
          "N" : 0
        },
        "lat_ns" : {
          "min" : 0,
          "max" : 0,
          "mean" : 0.000000,
          "stddev" : 0.000000,
          "N" : 0
        },
        "bw_min" : 0,
        "bw_max" : 0,
        "bw_agg" : 0.000000,
        "bw_mean" : 0.000000,
        "bw_dev" : 0.000000,
        "bw_samples" : 0,
        "iops_min" : 0,
        "iops_max" : 0,
        "iops_mean" : 0.000000,
        "iops_stddev" : 0.000000,
        "iops_samples" : 0
      },
      "trim" : {
        "io_bytes" : 0,
        "io_kbytes" : 0,
        "bw_bytes" : 0,
        "bw" : 0,
        "iops" : 0.000000,
        "runtime" : 0,
        "total_ios" : 0,
        "short_ios" : 0,
        "drop_ios" : 0,
        "slat_ns" : {
          "min" : 0,
          "max" : 0,
          "mean" : 0.000000,
          "stddev" : 0.000000,
          "N" : 0
        },
        "clat_ns" : {
          "min" : 0,
          "max" : 0,
          "mean" : 0.000000,
          "stddev" : 0.000000,
          "N" : 0
        },
        "lat_ns" : {
          "min" : 0,
          "max" : 0,
          "mean" : 0.000000,
          "stddev" : 0.000000,
          "N" : 0
        },
        "bw_min" : 0,
        "bw_max" : 0,
        "bw_agg" : 0.000000,
        "bw_mean" : 0.000000,
        "bw_dev" : 0.000000,
        "bw_samples" : 0,
        "iops_min" : 0,
        "iops_max" : 0,
        "iops_mean" : 0.000000,
        "iops_stddev" : 0.000000,
        "iops_samples" : 0
      },
      "sync" : {
        "total_ios" : 0,
        "lat_ns" : {
          "min" : 0,
          "max" : 0,
          "mean" : 0.000000,
          "stddev" : 0.000000,
          "N" : 0
        }
      },
      "job_runtime" : 7000,
      "usr_cpu" : 32.228571,
      "sys_cpu" : 67.771429,
      "ctx" : 25,
      "majf" : 0,
      "minf" : 1,
      "iodepth_level" : {
        "1" : 0.000000,
        "2" : 0.000000,
        "4" : 0.000000,
        "8" : 0.000000,
        "16" : 0.000000,
        "32" : 0.000000,
        ">=64" : 100.000000
      },
      "iodepth_submit" : {
        "0" : 0.000000,
        "4" : 100.000000,
        "8" : 0.000000,
        "16" : 0.000000,
        "32" : 0.000000,
        "64" : 0.000000,
        ">=64" : 0.000000
      },
      "iodepth_complete" : {
        "0" : 0.000000,
        "4" : 99.999978,
        "8" : 0.000000,
        "16" : 0.000000,
        "32" : 0.000000,
        "64" : 0.000000,
        ">=64" : 0.100000
      },
      "latency_ns" : {
        "2" : 0.000000,
        "4" : 0.000000,
        "10" : 0.000000,
        "20" : 0.000000,
        "50" : 0.000000,
        "100" : 0.000000,
        "250" : 0.000000,
        "500" : 0.000000,
        "750" : 0.000000,
        "1000" : 0.000000
      },
      "latency_us" : {
        "2" : 0.000000,
        "4" : 0.000000,
        "10" : 0.010000,
        "20" : 0.010000,
        "50" : 0.010000,
        "100" : 0.010000,
        "250" : 99.998659,
        "500" : 0.010000,
        "750" : 0.000000,
        "1000" : 0.000000
      },
      "latency_ms" : {
        "2" : 0.000000,
        "4" : 0.000000,
        "10" : 0.000000,
        "20" : 0.000000,
        "50" : 0.000000,
        "100" : 0.000000,
        "250" : 0.000000,
        "500" : 0.000000,
        "750" : 0.000000,
        "1000" : 0.000000,
        "2000" : 0.000000,
        ">=2000" : 0.000000
      },
      "latency_depth" : 128,
      "latency_target" : 0,
      "latency_percentile" : 100.000000,
      "latency_window" : 0
    }
  ],
  "disk_util" : [
    {
      "name" : "nvme0n1",
      "read_ios" : 0,
      "write_ios" : 0,
      "read_merges" : 0,
      "write_merges" : 0,
      "read_ticks" : 0,
      "write_ticks" : 0,
      "in_queue" : 0,
      "util" : 0.000000
    }
  ]
}

io_uring-reference: (groupid=0, jobs=1): err= 0: pid=62663: Mon Oct 31 01:17:05 2022
  read: IOPS=661k, BW=323MiB/s (338MB/s)(2258MiB/7001msec)
    slat (nsec): min=562, max=12339, avg=1181.32, stdev=454.21
    clat (usec): min=9, max=396, avg=192.31, stdev= 2.16
     lat (usec): min=11, max=396, avg=193.50, stdev= 2.17
    clat percentiles (usec):
     |  1.00th=[  188],  5.00th=[  190], 10.00th=[  190], 20.00th=[  192],
     | 30.00th=[  192], 40.00th=[  192], 50.00th=[  192], 60.00th=[  194],
     | 70.00th=[  194], 80.00th=[  194], 90.00th=[  194], 95.00th=[  196],
     | 99.00th=[  196], 99.50th=[  198], 99.90th=[  200], 99.95th=[  200],
     | 99.99th=[  204]
   bw (  KiB/s): min=330115, max=330706, per=100.00%, avg=330359.93, stdev=206.95, samples=14
   iops        : min=660230, max=661412, avg=660719.93, stdev=413.87, samples=14
  lat (usec)   : 10=0.01%, 20=0.01%, 50=0.01%, 100=0.01%, 250=100.00%
  lat (usec)   : 500=0.01%
  cpu          : usr=32.23%, sys=67.77%, ctx=25, majf=0, minf=1
  IO depths    : 1=0.0%, 2=0.0%, 4=0.0%, 8=0.0%, 16=0.0%, 32=0.0%, >=64=100.0%
     submit    : 0=0.0%, 4=100.0%, 8=0.0%, 16=0.0%, 32=0.0%, 64=0.0%, >=64=0.0%
     complete  : 0=0.0%, 4=100.0%, 8=0.0%, 16=0.0%, 32=0.0%, 64=0.0%, >=64=0.1%
     issued rwts: total=4624680,0,0,0 short=0,0,0,0 dropped=0,0,0,0
     latency   : target=0, window=0, percentile=100.00%, depth=128

Run status group 0 (all jobs):
   READ: bw=323MiB/s (338MB/s), 323MiB/s-323MiB/s (338MB/s-338MB/s), io=2258MiB (2368MB), run=7001-7001msec

Disk stats (read/write):
  nvme0n1: ios=0/0, merge=0/0, ticks=0/0, in_queue=0, util=0.00%
