io_uring-bdev_uring: (g=0): rw=randread, bs=(R) 512B-512B, (W) 512B-512B, (T) 512B-512B, ioengine=spdk_bdev, iodepth=1
fio-3.32-75-gc470
Starting 1 thread
{
  "fio version" : "fio-3.32-75-gc470",
  "timestamp" : 1667182561,
  "timestamp_ms" : 1667182561081,
  "time" : "Sun Oct 30 21:16:01 2022",
  "jobs" : [
    {
      "jobname" : "io_uring-bdev_uring",
      "groupid" : 0,
      "error" : 0,
      "eta" : 0,
      "elapsed" : 11,
      "job options" : {
        "name" : "io_uring-bdev_uring",
        "rw" : "randread",
        "size" : "12G",
        "iodepth" : "1",
        "bs" : "512",
        "direct" : "1",
        "thread" : "1",
        "time_based" : "1",
        "runtime" : "7",
        "ramp_time" : "3",
        "norandommap" : "1",
        "allow_file_create" : "0",
        "ioengine" : "spdk_bdev",
        "spdk_conf" : "/tmp/spdk_bdev_uring_foo.conf",
        "filename" : "Nvme0n1",
        "cpus_allowed" : "1"
      },
      "read" : {
        "io_bytes" : 364535296,
        "io_kbytes" : 355991,
        "bw_bytes" : 52069032,
        "bw" : 50848,
        "iops" : 101697.328953,
        "runtime" : 7001,
        "total_ios" : 711983,
        "short_ios" : 0,
        "drop_ios" : 0,
        "slat_ns" : {
          "min" : 85,
          "max" : 1696,
          "mean" : 115.357914,
          "stddev" : 6.842257,
          "N" : 711983
        },
        "clat_ns" : {
          "min" : 9112,
          "max" : 13286,
          "mean" : 9554.022954,
          "stddev" : 142.558425,
          "N" : 711983,
          "percentile" : {
            "1.000000" : 9280,
            "5.000000" : 9280,
            "10.000000" : 9408,
            "20.000000" : 9408,
            "30.000000" : 9536,
            "40.000000" : 9536,
            "50.000000" : 9536,
            "60.000000" : 9536,
            "70.000000" : 9664,
            "80.000000" : 9664,
            "90.000000" : 9792,
            "95.000000" : 9792,
            "99.000000" : 9920,
            "99.500000" : 9920,
            "99.900000" : 10048,
            "99.950000" : 10304,
            "99.990000" : 10816
          }
        },
        "lat_ns" : {
          "min" : 9225,
          "max" : 13403,
          "mean" : 9669.380869,
          "stddev" : 142.749578,
          "N" : 711983
        },
        "bw_min" : 50782,
        "bw_max" : 51009,
        "bw_agg" : 100.000000,
        "bw_mean" : 50873.071429,
        "bw_dev" : 65.681591,
        "bw_samples" : 14,
        "iops_min" : 101564,
        "iops_max" : 102018,
        "iops_mean" : 101746.357143,
        "iops_stddev" : 131.361279,
        "iops_samples" : 14
      },
      "write" : {
        "io_bytes" : 0,
        "io_kbytes" : 0,
        "bw_bytes" : 0,
        "bw" : 0,
        "iops" : 0.000000,
        "runtime" : 0,
        "total_ios" : 0,
        "short_ios" : 0,
        "drop_ios" : 0,
        "slat_ns" : {
          "min" : 0,
          "max" : 0,
          "mean" : 0.000000,
          "stddev" : 0.000000,
          "N" : 0
        },
        "clat_ns" : {
          "min" : 0,
          "max" : 0,
          "mean" : 0.000000,
          "stddev" : 0.000000,
          "N" : 0
        },
        "lat_ns" : {
          "min" : 0,
          "max" : 0,
          "mean" : 0.000000,
          "stddev" : 0.000000,
          "N" : 0
        },
        "bw_min" : 0,
        "bw_max" : 0,
        "bw_agg" : 0.000000,
        "bw_mean" : 0.000000,
        "bw_dev" : 0.000000,
        "bw_samples" : 0,
        "iops_min" : 0,
        "iops_max" : 0,
        "iops_mean" : 0.000000,
        "iops_stddev" : 0.000000,
        "iops_samples" : 0
      },
      "trim" : {
        "io_bytes" : 0,
        "io_kbytes" : 0,
        "bw_bytes" : 0,
        "bw" : 0,
        "iops" : 0.000000,
        "runtime" : 0,
        "total_ios" : 0,
        "short_ios" : 0,
        "drop_ios" : 0,
        "slat_ns" : {
          "min" : 0,
          "max" : 0,
          "mean" : 0.000000,
          "stddev" : 0.000000,
          "N" : 0
        },
        "clat_ns" : {
          "min" : 0,
          "max" : 0,
          "mean" : 0.000000,
          "stddev" : 0.000000,
          "N" : 0
        },
        "lat_ns" : {
          "min" : 0,
          "max" : 0,
          "mean" : 0.000000,
          "stddev" : 0.000000,
          "N" : 0
        },
        "bw_min" : 0,
        "bw_max" : 0,
        "bw_agg" : 0.000000,
        "bw_mean" : 0.000000,
        "bw_dev" : 0.000000,
        "bw_samples" : 0,
        "iops_min" : 0,
        "iops_max" : 0,
        "iops_mean" : 0.000000,
        "iops_stddev" : 0.000000,
        "iops_samples" : 0
      },
      "sync" : {
        "total_ios" : 0,
        "lat_ns" : {
          "min" : 0,
          "max" : 0,
          "mean" : 0.000000,
          "stddev" : 0.000000,
          "N" : 0
        }
      },
      "job_runtime" : 7000,
      "usr_cpu" : 88.442857,
      "sys_cpu" : 11.528571,
      "ctx" : 12,
      "majf" : 0,
      "minf" : 0,
      "iodepth_level" : {
        "1" : 100.000000,
        "2" : 0.000000,
        "4" : 0.000000,
        "8" : 0.000000,
        "16" : 0.000000,
        "32" : 0.000000,
        ">=64" : 0.000000
      },
      "iodepth_submit" : {
        "0" : 0.000000,
        "4" : 100.000000,
        "8" : 0.000000,
        "16" : 0.000000,
        "32" : 0.000000,
        "64" : 0.000000,
        ">=64" : 0.000000
      },
      "iodepth_complete" : {
        "0" : 0.000000,
        "4" : 100.000000,
        "8" : 0.000000,
        "16" : 0.000000,
        "32" : 0.000000,
        "64" : 0.000000,
        ">=64" : 0.000000
      },
      "latency_ns" : {
        "2" : 0.000000,
        "4" : 0.000000,
        "10" : 0.000000,
        "20" : 0.000000,
        "50" : 0.000000,
        "100" : 0.000000,
        "250" : 0.000000,
        "500" : 0.000000,
        "750" : 0.000000,
        "1000" : 0.000000
      },
      "latency_us" : {
        "2" : 0.000000,
        "4" : 0.000000,
        "10" : 99.849716,
        "20" : 0.150284,
        "50" : 0.000000,
        "100" : 0.000000,
        "250" : 0.000000,
        "500" : 0.000000,
        "750" : 0.000000,
        "1000" : 0.000000
      },
      "latency_ms" : {
        "2" : 0.000000,
        "4" : 0.000000,
        "10" : 0.000000,
        "20" : 0.000000,
        "50" : 0.000000,
        "100" : 0.000000,
        "250" : 0.000000,
        "500" : 0.000000,
        "750" : 0.000000,
        "1000" : 0.000000,
        "2000" : 0.000000,
        ">=2000" : 0.000000
      },
      "latency_depth" : 1,
      "latency_target" : 0,
      "latency_percentile" : 100.000000,
      "latency_window" : 0
    }
  ]
}

io_uring-bdev_uring: (groupid=0, jobs=1): err= 0: pid=54575: Sun Oct 30 21:16:01 2022
  read: IOPS=102k, BW=49.7MiB/s (52.1MB/s)(348MiB/7001msec)
    slat (nsec): min=85, max=1696, avg=115.36, stdev= 6.84
    clat (nsec): min=9112, max=13286, avg=9554.02, stdev=142.56
     lat (nsec): min=9225, max=13403, avg=9669.38, stdev=142.75
    clat percentiles (nsec):
     |  1.00th=[ 9280],  5.00th=[ 9280], 10.00th=[ 9408], 20.00th=[ 9408],
     | 30.00th=[ 9536], 40.00th=[ 9536], 50.00th=[ 9536], 60.00th=[ 9536],
     | 70.00th=[ 9664], 80.00th=[ 9664], 90.00th=[ 9792], 95.00th=[ 9792],
     | 99.00th=[ 9920], 99.50th=[ 9920], 99.90th=[10048], 99.95th=[10304],
     | 99.99th=[10816]
   bw (  KiB/s): min=50782, max=51009, per=100.00%, avg=50873.07, stdev=65.68, samples=14
   iops        : min=101564, max=102018, avg=101746.36, stdev=131.36, samples=14
  lat (usec)   : 10=99.85%, 20=0.15%
  cpu          : usr=88.44%, sys=11.53%, ctx=12, majf=0, minf=0
  IO depths    : 1=100.0%, 2=0.0%, 4=0.0%, 8=0.0%, 16=0.0%, 32=0.0%, >=64=0.0%
     submit    : 0=0.0%, 4=100.0%, 8=0.0%, 16=0.0%, 32=0.0%, 64=0.0%, >=64=0.0%
     complete  : 0=0.0%, 4=100.0%, 8=0.0%, 16=0.0%, 32=0.0%, 64=0.0%, >=64=0.0%
     issued rwts: total=711983,0,0,0 short=0,0,0,0 dropped=0,0,0,0
     latency   : target=0, window=0, percentile=100.00%, depth=1

Run status group 0 (all jobs):
   READ: bw=49.7MiB/s (52.1MB/s), 49.7MiB/s-49.7MiB/s (52.1MB/s-52.1MB/s), io=348MiB (365MB), run=7001-7001msec
